Internal Error (overlap) in Egrave: monotonic is both needed and unneeded (850,5321)->(691,5533). x=771.5 (prev=615.5)
Internal Error (overlap) in Egrave: monotonic is both needed and unneeded (731,5539)->(890,5327). x=771.5 (prev=615.5)
Internal Error (overlap) in Egrave: monotonic is both needed and unneeded (892,6613)->(731,6421). x=771.5 (prev=615.5)
Internal Error (overlap) in Egrave: monotonic is both needed and unneeded (691,6427)->(852,6619). x=771.5 (prev=857.411)
Internal Error (overlap) in Egrave: monotonic is both needed and unneeded (774,10741)->(672,10597). x=771.5 (prev=615.5)
Internal Error (overlap) in Egrave: monotonic is both needed and unneeded (734,10747)->(774,10747). x=771.5 (prev=615.5)
Internal Error (overlap) in Egrave: monotonic is both needed and unneeded (1330,11629)->(71,11629). x=771.5 (prev=615.5)
Internal Error (overlap) in Egrave: monotonic is both needed and unneeded (71,11635)->(1370,11635). x=771.5 (prev=615.5)
Internal Error (overlap) in Egrave: monotonic is both needed and unneeded (955,12005)->(474,12709). x=771.5 (prev=13526.7)
Internal Error (overlap) in Egrave: monotonic is both needed and unneeded (514.389,12714.4)->(959.369,12063.2). x=771.5 (prev=615.5)
Internal Error (overlap) in Egrave: monotonic is both needed and unneeded (1017.62,12758.5)->(627.227,14290.5). x=771.5 (prev=13526.7)
Internal Error (overlap) in Egrave: monotonic is both needed and unneeded (636,14419)->(1058,12763). x=771.5 (prev=13526.7)
Internal Error (overlap) in Egrave: Winding number did not return to 0 when x=771.5
Internal Error (overlap) in Egrave: monotonic is both needed and unneeded (850,5321)->(691,5533). x=771.5 (prev=615.5)
Internal Error (overlap) in Egrave: monotonic is both needed and unneeded (731,5539)->(890,5327). x=771.5 (prev=615.5)
Internal Error (overlap) in Egrave: monotonic is both needed and unneeded (892,6613)->(731,6421). x=771.5 (prev=615.5)
Internal Error (overlap) in Egrave: monotonic is both needed and unneeded (691,6427)->(852,6619). x=771.5 (prev=857.411)
Internal Error (overlap) in Egrave: monotonic is both needed and unneeded (774,10741)->(672,10597). x=771.5 (prev=615.5)
Internal Error (overlap) in Egrave: monotonic is both needed and unneeded (734,10747)->(774,10747). x=771.5 (prev=615.5)
Internal Error (overlap) in Egrave: monotonic is both needed and unneeded (1330,11629)->(71,11629). x=771.5 (prev=615.5)
Internal Error (overlap) in Egrave: monotonic is both needed and unneeded (71,11635)->(1370,11635). x=771.5 (prev=615.5)
Internal Error (overlap) in Egrave: monotonic is both needed and unneeded (955,12005)->(474,12709). x=771.5 (prev=13526.7)
Internal Error (overlap) in Egrave: monotonic is both needed and unneeded (514.389,12714.4)->(959.369,12063.2). x=771.5 (prev=615.5)
Internal Error (overlap) in Egrave: monotonic is both needed and unneeded (1017.62,12758.5)->(627.227,14290.5). x=771.5 (prev=13526.7)
Internal Error (overlap) in Egrave: monotonic is both needed and unneeded (636,14419)->(1058,12763). x=771.5 (prev=13526.7)
Internal Error (overlap) in Egrave: Winding number did not return to 0 when x=771.5
Internal Error (overlap) in Egrave: monotonic is both needed and unneeded (850,5321)->(691,5533). x=771.5 (prev=615.5)
Internal Error (overlap) in Egrave: monotonic is both needed and unneeded (731,5539)->(890,5327). x=771.5 (prev=615.5)
Internal Error (overlap) in Egrave: monotonic is both needed and unneeded (892,6613)->(731,6421). x=771.5 (prev=615.5)
Internal Error (overlap) in Egrave: monotonic is both needed and unneeded (691,6427)->(852,6619). x=771.5 (prev=857.411)
Internal Error (overlap) in Egrave: monotonic is both needed and unneeded (774,10741)->(672,10597). x=771.5 (prev=615.5)
Internal Error (overlap) in Egrave: monotonic is both needed and unneeded (734,10747)->(774,10747). x=771.5 (prev=615.5)
Internal Error (overlap) in Egrave: monotonic is both needed and unneeded (1330,11629)->(71,11629). x=771.5 (prev=615.5)
Internal Error (overlap) in Egrave: monotonic is both needed and unneeded (71,11635)->(1370,11635). x=771.5 (prev=615.5)
Internal Error (overlap) in Egrave: monotonic is both needed and unneeded (955,12005)->(474,12709). x=771.5 (prev=13526.7)
Internal Error (overlap) in Egrave: monotonic is both needed and unneeded (514.389,12714.4)->(959.369,12063.2). x=771.5 (prev=615.5)
Internal Error (overlap) in Egrave: monotonic is both needed and unneeded (1017.62,12758.5)->(627.227,14290.5). x=771.5 (prev=13526.7)
Internal Error (overlap) in Egrave: monotonic is both needed and unneeded (636,14419)->(1058,12763). x=771.5 (prev=13526.7)
Internal Error (overlap) in Egrave: Winding number did not return to 0 when x=771.5
Internal Error (overlap) in Egrave: monotonic is both needed and unneeded (850,5321)->(691,5533). x=771.5 (prev=615.5)
Internal Error (overlap) in Egrave: monotonic is both needed and unneeded (731,5539)->(890,5327). x=771.5 (prev=615.5)
Internal Error (overlap) in Egrave: monotonic is both needed and unneeded (892,6613)->(731,6421). x=771.5 (prev=615.5)
Internal Error (overlap) in Egrave: monotonic is both needed and unneeded (691,6427)->(852,6619). x=771.5 (prev=857.411)
Internal Error (overlap) in Egrave: monotonic is both needed and unneeded (774,10741)->(672,10597). x=771.5 (prev=615.5)
Internal Error (overlap) in Egrave: monotonic is both needed and unneeded (734,10747)->(774,10747). x=771.5 (prev=615.5)
Internal Error (overlap) in Egrave: monotonic is both needed and unneeded (1330,11629)->(71,11629). x=771.5 (prev=615.5)
Internal Error (overlap) in Egrave: monotonic is both needed and unneeded (71,11635)->(1370,11635). x=771.5 (prev=615.5)
Internal Error (overlap) in Egrave: monotonic is both needed and unneeded (955,12005)->(474,12709). x=771.5 (prev=13526.7)
Internal Error (overlap) in Egrave: monotonic is both needed and unneeded (514.389,12714.4)->(959.369,12063.2). x=771.5 (prev=615.5)
Internal Error (overlap) in Egrave: monotonic is both needed and unneeded (1017.62,12758.5)->(627.227,14290.5). x=771.5 (prev=13526.7)
Internal Error (overlap) in Egrave: monotonic is both needed and unneeded (636,14419)->(1058,12763). x=771.5 (prev=13526.7)
Internal Error (overlap) in Egrave: Winding number did not return to 0 when x=771.5
Internal Error (overlap) in Egrave: monotonic is both needed and unneeded (850,5321)->(691,5533). x=771.5 (prev=615.5)
Internal Error (overlap) in Egrave: monotonic is both needed and unneeded (731,5539)->(890,5327). x=771.5 (prev=615.5)
Internal Error (overlap) in Egrave: monotonic is both needed and unneeded (892,6613)->(731,6421). x=771.5 (prev=615.5)
Internal Error (overlap) in Egrave: monotonic is both needed and unneeded (691,6427)->(852,6619). x=771.5 (prev=857.411)
Internal Error (overlap) in Egrave: monotonic is both needed and unneeded (774,10741)->(672,10597). x=771.5 (prev=615.5)
Internal Error (overlap) in Egrave: monotonic is both needed and unneeded (734,10747)->(774,10747). x=771.5 (prev=615.5)
Internal Error (overlap) in Egrave: monotonic is both needed and unneeded (1330,11629)->(71,11629). x=771.5 (prev=615.5)
Internal Error (overlap) in Egrave: monotonic is both needed and unneeded (71,11635)->(1370,11635). x=771.5 (prev=615.5)
Internal Error (overlap) in Egrave: monotonic is both needed and unneeded (955,12005)->(474,12709). x=771.5 (prev=13526.7)
Internal Error (overlap) in Egrave: monotonic is both needed and unneeded (514.389,12714.4)->(959.369,12063.2). x=771.5 (prev=615.5)
Internal Error (overlap) in Egrave: monotonic is both needed and unneeded (1017.62,12758.5)->(627.227,14290.5). x=771.5 (prev=13526.7)
Internal Error (overlap) in Egrave: monotonic is both needed and unneeded (636,14419)->(1058,12763). x=771.5 (prev=13526.7)
Internal Error (overlap) in Egrave: Winding number did not return to 0 when x=771.5
Internal Error (overlap) in Egrave: monotonic is both needed and unneeded (850,5321)->(691,5533). x=771.5 (prev=615.5)
Internal Error (overlap) in Egrave: monotonic is both needed and unneeded (731,5539)->(890,5327). x=771.5 (prev=615.5)
Internal Error (overlap) in Egrave: monotonic is both needed and unneeded (892,6613)->(731,6421). x=771.5 (prev=615.5)
Internal Error (overlap) in Egrave: monotonic is both needed and unneeded (691,6427)->(852,6619). x=771.5 (prev=857.411)
Internal Error (overlap) in Egrave: monotonic is both needed and unneeded (774,10741)->(672,10597). x=771.5 (prev=615.5)
Internal Error (overlap) in Egrave: monotonic is both needed and unneeded (734,10747)->(774,10747). x=771.5 (prev=615.5)
Internal Error (overlap) in Egrave: monotonic is both needed and unneeded (1330,11629)->(71,11629). x=771.5 (prev=615.5)
Internal Error (overlap) in Egrave: monotonic is both needed and unneeded (71,11635)->(1370,11635). x=771.5 (prev=615.5)
Internal Error (overlap) in Egrave: monotonic is both needed and unneeded (955,12005)->(474,12709). x=771.5 (prev=13526.7)
Internal Error (overlap) in Egrave: monotonic is both needed and unneeded (514.389,12714.4)->(959.369,12063.2). x=771.5 (prev=615.5)
Internal Error (overlap) in Egrave: monotonic is both needed and unneeded (1017.62,12758.5)->(627.227,14290.5). x=771.5 (prev=13526.7)
Internal Error (overlap) in Egrave: monotonic is both needed and unneeded (636,14419)->(1058,12763). x=771.5 (prev=13526.7)
Internal Error (overlap) in Egrave: Winding number did not return to 0 when x=771.5
Internal Error (overlap) in Egrave: couldn't find a needed exit from an intersection
Internal Error (overlap) in Egrave: couldn't find a needed exit from an intersection
Internal Error (overlap) in Eacute: monotonic is both needed and unneeded (850,5321)->(691,5533). x=771.5 (prev=919.423)
Internal Error (overlap) in Eacute: monotonic is both needed and unneeded (731,5539)->(890,5327). x=771.5 (prev=919.423)
Internal Error (overlap) in Eacute: monotonic is both needed and unneeded (892,6613)->(731,6421). x=771.5 (prev=919.423)
Internal Error (overlap) in Eacute: monotonic is both needed and unneeded (691,6427)->(852,6619). x=771.5 (prev=919.423)
Internal Error (overlap) in Eacute: monotonic is both needed and unneeded (774,10741)->(672,10597). x=771.5 (prev=10672)
Internal Error (overlap) in Eacute: monotonic is both needed and unneeded (734,10747)->(774,10747). x=771.5 (prev=10672)
Internal Error (overlap) in Eacute: monotonic is both needed and unneeded (1330,11629)->(71,11629). x=771.5 (prev=919.423)
Internal Error (overlap) in Eacute: monotonic is both needed and unneeded (71,11635)->(1370,11635). x=771.5 (prev=919.423)
Internal Error (overlap) in Eacute: monotonic is both needed and unneeded (1058,12709)->(577,12005). x=771.5 (prev=13526.7)
Internal Error (overlap) in Eacute: monotonic is both needed and unneeded (572.631,12063.2)->(1017.61,12714.4). x=771.5 (prev=919.423)
Internal Error (overlap) in Eacute: monotonic is both needed and unneeded (903.846,14290.5)->(514.378,12758.5). x=771.5 (prev=13526.7)
Internal Error (overlap) in Eacute: monotonic is both needed and unneeded (474,12763)->(895,14419). x=771.5 (prev=13526.7)
Internal Error (overlap) in Eacute: Winding number did not return to 0 when x=771.5
Internal Error (overlap) in Eacute: monotonic is both needed and unneeded (850,5321)->(691,5533). x=771.5 (prev=919.423)
Internal Error (overlap) in Eacute: monotonic is both needed and unneeded (731,5539)->(890,5327). x=771.5 (prev=919.423)
Internal Error (overlap) in Eacute: monotonic is both needed and unneeded (892,6613)->(731,6421). x=771.5 (prev=919.423)
Internal Error (overlap) in Eacute: monotonic is both needed and unneeded (691,6427)->(852,6619). x=771.5 (prev=919.423)
Internal Error (overlap) in Eacute: monotonic is both needed and unneeded (774,10741)->(672,10597). x=771.5 (prev=10672)
Internal Error (overlap) in Eacute: monotonic is both needed and unneeded (734,10747)->(774,10747). x=771.5 (prev=10672)
Internal Error (overlap) in Eacute: monotonic is both needed and unneeded (1330,11629)->(71,11629). x=771.5 (prev=919.423)
Internal Error (overlap) in Eacute: monotonic is both needed and unneeded (71,11635)->(1370,11635). x=771.5 (prev=919.423)
Internal Error (overlap) in Eacute: monotonic is both needed and unneeded (1058,12709)->(577,12005). x=771.5 (prev=13526.7)
Internal Error (overlap) in Eacute: monotonic is both needed and unneeded (572.631,12063.2)->(1017.61,12714.4). x=771.5 (prev=919.423)
Internal Error (overlap) in Eacute: monotonic is both needed and unneeded (903.846,14290.5)->(514.378,12758.5). x=771.5 (prev=13526.7)
Internal Error (overlap) in Eacute: monotonic is both needed and unneeded (474,12763)->(895,14419). x=771.5 (prev=13526.7)
Internal Error (overlap) in Eacute: Winding number did not return to 0 when x=771.5
Internal Error (overlap) in Eacute: monotonic is both needed and unneeded (850,5321)->(691,5533). x=771.5 (prev=919.423)
Internal Error (overlap) in Eacute: monotonic is both needed and unneeded (731,5539)->(890,5327). x=771.5 (prev=919.423)
Internal Error (overlap) in Eacute: monotonic is both needed and unneeded (892,6613)->(731,6421). x=771.5 (prev=919.423)
Internal Error (overlap) in Eacute: monotonic is both needed and unneeded (691,6427)->(852,6619). x=771.5 (prev=919.423)
Internal Error (overlap) in Eacute: monotonic is both needed and unneeded (774,10741)->(672,10597). x=771.5 (prev=10672)
Internal Error (overlap) in Eacute: monotonic is both needed and unneeded (734,10747)->(774,10747). x=771.5 (prev=10672)
Internal Error (overlap) in Eacute: monotonic is both needed and unneeded (1330,11629)->(71,11629). x=771.5 (prev=919.423)
Internal Error (overlap) in Eacute: monotonic is both needed and unneeded (71,11635)->(1370,11635). x=771.5 (prev=919.423)
Internal Error (overlap) in Eacute: monotonic is both needed and unneeded (1058,12709)->(577,12005). x=771.5 (prev=13526.7)
Internal Error (overlap) in Eacute: monotonic is both needed and unneeded (572.631,12063.2)->(1017.61,12714.4). x=771.5 (prev=919.423)
Internal Error (overlap) in Eacute: monotonic is both needed and unneeded (903.846,14290.5)->(514.378,12758.5). x=771.5 (prev=13526.7)
Internal Error (overlap) in Eacute: monotonic is both needed and unneeded (474,12763)->(895,14419). x=771.5 (prev=13526.7)
Internal Error (overlap) in Eacute: Winding number did not return to 0 when x=771.5
Internal Error (overlap) in Eacute: monotonic is both needed and unneeded (850,5321)->(691,5533). x=771.5 (prev=919.423)
Internal Error (overlap) in Eacute: monotonic is both needed and unneeded (731,5539)->(890,5327). x=771.5 (prev=919.423)
Internal Error (overlap) in Eacute: monotonic is both needed and unneeded (892,6613)->(731,6421). x=771.5 (prev=919.423)
Internal Error (overlap) in Eacute: monotonic is both needed and unneeded (691,6427)->(852,6619). x=771.5 (prev=919.423)
Internal Error (overlap) in Eacute: monotonic is both needed and unneeded (774,10741)->(672,10597). x=771.5 (prev=10672)
Internal Error (overlap) in Eacute: monotonic is both needed and unneeded (734,10747)->(774,10747). x=771.5 (prev=10672)
Internal Error (overlap) in Eacute: monotonic is both needed and unneeded (1330,11629)->(71,11629). x=771.5 (prev=919.423)
Internal Error (overlap) in Eacute: monotonic is both needed and unneeded (71,11635)->(1370,11635). x=771.5 (prev=919.423)
Internal Error (overlap) in Eacute: monotonic is both needed and unneeded (1058,12709)->(577,12005). x=771.5 (prev=13526.7)
Internal Error (overlap) in Eacute: monotonic is both needed and unneeded (572.631,12063.2)->(1017.61,12714.4). x=771.5 (prev=919.423)
Internal Error (overlap) in Eacute: monotonic is both needed and unneeded (903.846,14290.5)->(514.378,12758.5). x=771.5 (prev=13526.7)
Internal Error (overlap) in Eacute: monotonic is both needed and unneeded (474,12763)->(895,14419). x=771.5 (prev=13526.7)
Internal Error (overlap) in Eacute: Winding number did not return to 0 when x=771.5
Internal Error (overlap) in Eacute: monotonic is both needed and unneeded (850,5321)->(691,5533). x=771.5 (prev=919.423)
Internal Error (overlap) in Eacute: monotonic is both needed and unneeded (731,5539)->(890,5327). x=771.5 (prev=919.423)
Internal Error (overlap) in Eacute: monotonic is both needed and unneeded (892,6613)->(731,6421). x=771.5 (prev=919.423)
Internal Error (overlap) in Eacute: monotonic is both needed and unneeded (691,6427)->(852,6619). x=771.5 (prev=919.423)
Internal Error (overlap) in Eacute: monotonic is both needed and unneeded (774,10741)->(672,10597). x=771.5 (prev=10672)
Internal Error (overlap) in Eacute: monotonic is both needed and unneeded (734,10747)->(774,10747). x=771.5 (prev=10672)
Internal Error (overlap) in Eacute: monotonic is both needed and unneeded (1330,11629)->(71,11629). x=771.5 (prev=919.423)
Internal Error (overlap) in Eacute: monotonic is both needed and unneeded (71,11635)->(1370,11635). x=771.5 (prev=919.423)
Internal Error (overlap) in Eacute: monotonic is both needed and unneeded (1058,12709)->(577,12005). x=771.5 (prev=13526.7)
Internal Error (overlap) in Eacute: monotonic is both needed and unneeded (572.631,12063.2)->(1017.61,12714.4). x=771.5 (prev=919.423)
Internal Error (overlap) in Eacute: monotonic is both needed and unneeded (903.846,14290.5)->(514.378,12758.5). x=771.5 (prev=13526.7)
Internal Error (overlap) in Eacute: monotonic is both needed and unneeded (474,12763)->(895,14419). x=771.5 (prev=13526.7)
Internal Error (overlap) in Eacute: Winding number did not return to 0 when x=771.5
Internal Error (overlap) in Eacute: monotonic is both needed and unneeded (850,5321)->(691,5533). x=771.5 (prev=919.423)
Internal Error (overlap) in Eacute: monotonic is both needed and unneeded (731,5539)->(890,5327). x=771.5 (prev=919.423)
Internal Error (overlap) in Eacute: monotonic is both needed and unneeded (892,6613)->(731,6421). x=771.5 (prev=919.423)
Internal Error (overlap) in Eacute: monotonic is both needed and unneeded (691,6427)->(852,6619). x=771.5 (prev=919.423)
Internal Error (overlap) in Eacute: monotonic is both needed and unneeded (774,10741)->(672,10597). x=771.5 (prev=10672)
Internal Error (overlap) in Eacute: monotonic is both needed and unneeded (734,10747)->(774,10747). x=771.5 (prev=10672)
Internal Error (overlap) in Eacute: monotonic is both needed and unneeded (1330,11629)->(71,11629). x=771.5 (prev=919.423)
Internal Error (overlap) in Eacute: monotonic is both needed and unneeded (71,11635)->(1370,11635). x=771.5 (prev=919.423)
Internal Error (overlap) in Eacute: monotonic is both needed and unneeded (1058,12709)->(577,12005). x=771.5 (prev=13526.7)
Internal Error (overlap) in Eacute: monotonic is both needed and unneeded (572.631,12063.2)->(1017.61,12714.4). x=771.5 (prev=919.423)
Internal Error (overlap) in Eacute: monotonic is both needed and unneeded (903.846,14290.5)->(514.378,12758.5). x=771.5 (prev=13526.7)
Internal Error (overlap) in Eacute: monotonic is both needed and unneeded (474,12763)->(895,14419). x=771.5 (prev=13526.7)
Internal Error (overlap) in Eacute: Winding number did not return to 0 when x=771.5
Internal Error (overlap) in Eacute: couldn't find a needed exit from an intersection
Internal Error (overlap) in Eacute: couldn't find a needed exit from an intersection
Internal Error (overlap) in Ecircumflex: monotonic is both needed and unneeded (850,5321)->(691,5533). x=771.5 (prev=710.5)
Internal Error (overlap) in Ecircumflex: monotonic is both needed and unneeded (731,5539)->(890,5327). x=771.5 (prev=710.5)
Internal Error (overlap) in Ecircumflex: monotonic is both needed and unneeded (892,6613)->(731,6421). x=771.5 (prev=710.5)
Internal Error (overlap) in Ecircumflex: monotonic is both needed and unneeded (691,6427)->(852,6619). x=771.5 (prev=710.5)
Internal Error (overlap) in Ecircumflex: monotonic is both needed and unneeded (774,10741)->(672,10597). x=771.5 (prev=710.5)
Internal Error (overlap) in Ecircumflex: monotonic is both needed and unneeded (734,10747)->(774,10747). x=771.5 (prev=710.5)
Internal Error (overlap) in Ecircumflex: monotonic is both needed and unneeded (1330,11629)->(71,11629). x=771.5 (prev=710.5)
Internal Error (overlap) in Ecircumflex: monotonic is both needed and unneeded (71,11635)->(1370,11635). x=771.5 (prev=710.5)
Internal Error (overlap) in Ecircumflex: monotonic is both needed and unneeded (776,13233.3)->(589,12301). x=771.5 (prev=710.5)
Internal Error (overlap) in Ecircumflex: monotonic is both needed and unneeded (756,13339)->(796,13339). x=771.5 (prev=710.5)
Internal Error (overlap) in Ecircumflex: monotonic is both needed and unneeded (861,14397)->(692,14397). x=771.5 (prev=710.5)
Internal Error (overlap) in Ecircumflex: monotonic is both needed and unneeded (692,14403)->(901,14403). x=771.5 (prev=710.5)
Internal Error (overlap) in Ecircumflex: Winding number did not return to 0 when x=771.5
Internal Error (overlap) in Ecircumflex: monotonic is both needed and unneeded (850,5321)->(691,5533). x=771.5 (prev=710.5)
Internal Error (overlap) in Ecircumflex: monotonic is both needed and unneeded (731,5539)->(890,5327). x=771.5 (prev=710.5)
Internal Error (overlap) in Ecircumflex: monotonic is both needed and unneeded (892,6613)->(731,6421). x=771.5 (prev=710.5)
Internal Error (overlap) in Ecircumflex: monotonic is both needed and unneeded (691,6427)->(852,6619). x=771.5 (prev=710.5)
Internal Error (overlap) in Ecircumflex: monotonic is both needed and unneeded (774,10741)->(672,10597). x=771.5 (prev=710.5)
Internal Error (overlap) in Ecircumflex: monotonic is both needed and unneeded (734,10747)->(774,10747). x=771.5 (prev=710.5)
Internal Error (overlap) in Ecircumflex: monotonic is both needed and unneeded (1330,11629)->(71,11629). x=771.5 (prev=710.5)
Internal Error (overlap) in Ecircumflex: monotonic is both needed and unneeded (71,11635)->(1370,11635). x=771.5 (prev=710.5)
Internal Error (overlap) in Ecircumflex: monotonic is both needed and unneeded (776,13233.3)->(589,12301). x=771.5 (prev=710.5)
Internal Error (overlap) in Ecircumflex: monotonic is both needed and unneeded (756,13339)->(796,13339). x=771.5 (prev=710.5)
Internal Error (overlap) in Ecircumflex: monotonic is both needed and unneeded (861,14397)->(692,14397). x=771.5 (prev=710.5)
Internal Error (overlap) in Ecircumflex: monotonic is both needed and unneeded (692,14403)->(901,14403). x=771.5 (prev=710.5)
Internal Error (overlap) in Ecircumflex: Winding number did not return to 0 when x=771.5
Internal Error (overlap) in Ecircumflex: monotonic is both needed and unneeded (850,5321)->(691,5533). x=771.5 (prev=710.5)
Internal Error (overlap) in Ecircumflex: monotonic is both needed and unneeded (731,5539)->(890,5327). x=771.5 (prev=710.5)
Internal Error (overlap) in Ecircumflex: monotonic is both needed and unneeded (892,6613)->(731,6421). x=771.5 (prev=710.5)
Internal Error (overlap) in Ecircumflex: monotonic is both needed and unneeded (691,6427)->(852,6619). x=771.5 (prev=710.5)
Internal Error (overlap) in Ecircumflex: monotonic is both needed and unneeded (774,10741)->(672,10597). x=771.5 (prev=710.5)
Internal Error (overlap) in Ecircumflex: monotonic is both needed and unneeded (734,10747)->(774,10747). x=771.5 (prev=710.5)
Internal Error (overlap) in Ecircumflex: monotonic is both needed and unneeded (1330,11629)->(71,11629). x=771.5 (prev=710.5)
Internal Error (overlap) in Ecircumflex: monotonic is both needed and unneeded (71,11635)->(1370,11635). x=771.5 (prev=710.5)
Internal Error (overlap) in Ecircumflex: monotonic is both needed and unneeded (776,13233.3)->(589,12301). x=771.5 (prev=710.5)
Internal Error (overlap) in Ecircumflex: monotonic is both needed and unneeded (756,13339)->(796,13339). x=771.5 (prev=710.5)
Internal Error (overlap) in Ecircumflex: monotonic is both needed and unneeded (861,14397)->(692,14397). x=771.5 (prev=710.5)
Internal Error (overlap) in Ecircumflex: monotonic is both needed and unneeded (692,14403)->(901,14403). x=771.5 (prev=710.5)
Internal Error (overlap) in Ecircumflex: Winding number did not return to 0 when x=771.5
Internal Error (overlap) in Ecircumflex: monotonic is both needed and unneeded (850,5321)->(691,5533). x=771.5 (prev=710.5)
Internal Error (overlap) in Ecircumflex: monotonic is both needed and unneeded (731,5539)->(890,5327). x=771.5 (prev=710.5)
Internal Error (overlap) in Ecircumflex: monotonic is both needed and unneeded (892,6613)->(731,6421). x=771.5 (prev=710.5)
Internal Error (overlap) in Ecircumflex: monotonic is both needed and unneeded (691,6427)->(852,6619). x=771.5 (prev=710.5)
Internal Error (overlap) in Ecircumflex: monotonic is both needed and unneeded (774,10741)->(672,10597). x=771.5 (prev=710.5)
Internal Error (overlap) in Ecircumflex: monotonic is both needed and unneeded (734,10747)->(774,10747). x=771.5 (prev=710.5)
Internal Error (overlap) in Ecircumflex: monotonic is both needed and unneeded (1330,11629)->(71,11629). x=771.5 (prev=710.5)
Internal Error (overlap) in Ecircumflex: monotonic is both needed and unneeded (71,11635)->(1370,11635). x=771.5 (prev=710.5)
Internal Error (overlap) in Ecircumflex: monotonic is both needed and unneeded (776,13233.3)->(589,12301). x=771.5 (prev=710.5)
Internal Error (overlap) in Ecircumflex: monotonic is both needed and unneeded (756,13339)->(796,13339). x=771.5 (prev=710.5)
Internal Error (overlap) in Ecircumflex: monotonic is both needed and unneeded (861,14397)->(692,14397). x=771.5 (prev=710.5)
Internal Error (overlap) in Ecircumflex: monotonic is both needed and unneeded (692,14403)->(901,14403). x=771.5 (prev=710.5)
Internal Error (overlap) in Ecircumflex: Winding number did not return to 0 when x=771.5
Internal Error (overlap) in Ecircumflex: monotonic is both needed and unneeded (850,5321)->(691,5533). x=771.5 (prev=710.5)
Internal Error (overlap) in Ecircumflex: monotonic is both needed and unneeded (731,5539)->(890,5327). x=771.5 (prev=710.5)
Internal Error (overlap) in Ecircumflex: monotonic is both needed and unneeded (892,6613)->(731,6421). x=771.5 (prev=710.5)
Internal Error (overlap) in Ecircumflex: monotonic is both needed and unneeded (691,6427)->(852,6619). x=771.5 (prev=710.5)
Internal Error (overlap) in Ecircumflex: monotonic is both needed and unneeded (774,10741)->(672,10597). x=771.5 (prev=710.5)
Internal Error (overlap) in Ecircumflex: monotonic is both needed and unneeded (734,10747)->(774,10747). x=771.5 (prev=710.5)
Internal Error (overlap) in Ecircumflex: monotonic is both needed and unneeded (1330,11629)->(71,11629). x=771.5 (prev=710.5)
Internal Error (overlap) in Ecircumflex: monotonic is both needed and unneeded (71,11635)->(1370,11635). x=771.5 (prev=710.5)
Internal Error (overlap) in Ecircumflex: monotonic is both needed and unneeded (776,13233.3)->(589,12301). x=771.5 (prev=710.5)
Internal Error (overlap) in Ecircumflex: monotonic is both needed and unneeded (756,13339)->(796,13339). x=771.5 (prev=710.5)
Internal Error (overlap) in Ecircumflex: monotonic is both needed and unneeded (861,14397)->(692,14397). x=771.5 (prev=710.5)
Internal Error (overlap) in Ecircumflex: monotonic is both needed and unneeded (692,14403)->(901,14403). x=771.5 (prev=710.5)
Internal Error (overlap) in Ecircumflex: Winding number did not return to 0 when x=771.5
Internal Error (overlap) in Ecircumflex: monotonic is both needed and unneeded (850,5321)->(691,5533). x=771.5 (prev=710.5)
Internal Error (overlap) in Ecircumflex: monotonic is both needed and unneeded (731,5539)->(890,5327). x=771.5 (prev=710.5)
Internal Error (overlap) in Ecircumflex: monotonic is both needed and unneeded (892,6613)->(731,6421). x=771.5 (prev=710.5)
Internal Error (overlap) in Ecircumflex: monotonic is both needed and unneeded (691,6427)->(852,6619). x=771.5 (prev=710.5)
Internal Error (overlap) in Ecircumflex: monotonic is both needed and unneeded (774,10741)->(672,10597). x=771.5 (prev=710.5)
Internal Error (overlap) in Ecircumflex: monotonic is both needed and unneeded (734,10747)->(774,10747). x=771.5 (prev=710.5)
Internal Error (overlap) in Ecircumflex: monotonic is both needed and unneeded (1330,11629)->(71,11629). x=771.5 (prev=710.5)
Internal Error (overlap) in Ecircumflex: monotonic is both needed and unneeded (71,11635)->(1370,11635). x=771.5 (prev=710.5)
Internal Error (overlap) in Ecircumflex: monotonic is both needed and unneeded (776,13233.3)->(589,12301). x=771.5 (prev=710.5)
Internal Error (overlap) in Ecircumflex: monotonic is both needed and unneeded (756,13339)->(796,13339). x=771.5 (prev=710.5)
Internal Error (overlap) in Ecircumflex: monotonic is both needed and unneeded (861,14397)->(692,14397). x=771.5 (prev=710.5)
Internal Error (overlap) in Ecircumflex: monotonic is both needed and unneeded (692,14403)->(901,14403). x=771.5 (prev=710.5)
Internal Error (overlap) in Ecircumflex: Winding number did not return to 0 when x=771.5
Internal Error (overlap) in Ecircumflex: couldn't find a needed exit from an intersection
Internal Error (overlap) in Ecircumflex: couldn't find a needed exit from an intersection
Internal Error (overlap) in Edieresis: monotonic is both needed and unneeded (850,5321)->(691,5533). x=771.5 (prev=1004)
Internal Error (overlap) in Edieresis: monotonic is both needed and unneeded (731,5539)->(890,5327). x=771.5 (prev=1004)
Internal Error (overlap) in Edieresis: monotonic is both needed and unneeded (892,6613)->(731,6421). x=771.5 (prev=1004)
Internal Error (overlap) in Edieresis: monotonic is both needed and unneeded (691,6427)->(852,6619). x=771.5 (prev=1004)
Internal Error (overlap) in Edieresis: monotonic is both needed and unneeded (774,10741)->(672,10597). x=771.5 (prev=10672)
Internal Error (overlap) in Edieresis: monotonic is both needed and unneeded (734,10747)->(774,10747). x=771.5 (prev=10672)
Internal Error (overlap) in Edieresis: monotonic is both needed and unneeded (1330,11629)->(71,11629). x=771.5 (prev=533)
Internal Error (overlap) in Edieresis: monotonic is both needed and unneeded (71,11635)->(1370,11635). x=771.5 (prev=533)
Internal Error (overlap) in Edieresis: Winding number did not return to 0 when x=771.5
Internal Error (overlap) in Edieresis: monotonic is both needed and unneeded (850,5321)->(691,5533). x=771.5 (prev=1004)
Internal Error (overlap) in Edieresis: monotonic is both needed and unneeded (731,5539)->(890,5327). x=771.5 (prev=1004)
Internal Error (overlap) in Edieresis: monotonic is both needed and unneeded (892,6613)->(731,6421). x=771.5 (prev=1004)
Internal Error (overlap) in Edieresis: monotonic is both needed and unneeded (691,6427)->(852,6619). x=771.5 (prev=1004)
Internal Error (overlap) in Edieresis: monotonic is both needed and unneeded (774,10741)->(672,10597). x=771.5 (prev=10672)
Internal Error (overlap) in Edieresis: monotonic is both needed and unneeded (734,10747)->(774,10747). x=771.5 (prev=10672)
Internal Error (overlap) in Edieresis: monotonic is both needed and unneeded (1330,11629)->(71,11629). x=771.5 (prev=533)
Internal Error (overlap) in Edieresis: monotonic is both needed and unneeded (71,11635)->(1370,11635). x=771.5 (prev=533)
Internal Error (overlap) in Edieresis: Winding number did not return to 0 when x=771.5
Internal Error (overlap) in Edieresis: monotonic is both needed and unneeded (850,5321)->(691,5533). x=771.5 (prev=1004)
Internal Error (overlap) in Edieresis: monotonic is both needed and unneeded (731,5539)->(890,5327). x=771.5 (prev=1004)
Internal Error (overlap) in Edieresis: monotonic is both needed and unneeded (892,6613)->(731,6421). x=771.5 (prev=1004)
Internal Error (overlap) in Edieresis: monotonic is both needed and unneeded (691,6427)->(852,6619). x=771.5 (prev=1004)
Internal Error (overlap) in Edieresis: monotonic is both needed and unneeded (774,10741)->(672,10597). x=771.5 (prev=10672)
Internal Error (overlap) in Edieresis: monotonic is both needed and unneeded (734,10747)->(774,10747). x=771.5 (prev=10672)
Internal Error (overlap) in Edieresis: monotonic is both needed and unneeded (1330,11629)->(71,11629). x=771.5 (prev=533)
Internal Error (overlap) in Edieresis: monotonic is both needed and unneeded (71,11635)->(1370,11635). x=771.5 (prev=533)
Internal Error (overlap) in Edieresis: Winding number did not return to 0 when x=771.5
Internal Error (overlap) in Edieresis: monotonic is both needed and unneeded (850,5321)->(691,5533). x=771.5 (prev=1004)
Internal Error (overlap) in Edieresis: monotonic is both needed and unneeded (731,5539)->(890,5327). x=771.5 (prev=1004)
Internal Error (overlap) in Edieresis: monotonic is both needed and unneeded (892,6613)->(731,6421). x=771.5 (prev=1004)
Internal Error (overlap) in Edieresis: monotonic is both needed and unneeded (691,6427)->(852,6619). x=771.5 (prev=1004)
Internal Error (overlap) in Edieresis: monotonic is both needed and unneeded (774,10741)->(672,10597). x=771.5 (prev=10672)
Internal Error (overlap) in Edieresis: monotonic is both needed and unneeded (734,10747)->(774,10747). x=771.5 (prev=10672)
Internal Error (overlap) in Edieresis: monotonic is both needed and unneeded (1330,11629)->(71,11629). x=771.5 (prev=533)
Internal Error (overlap) in Edieresis: monotonic is both needed and unneeded (71,11635)->(1370,11635). x=771.5 (prev=533)
Internal Error (overlap) in Edieresis: Winding number did not return to 0 when x=771.5
Internal Error (overlap) in Edieresis: monotonic is both needed and unneeded (850,5321)->(691,5533). x=771.5 (prev=1004)
Internal Error (overlap) in Edieresis: monotonic is both needed and unneeded (731,5539)->(890,5327). x=771.5 (prev=1004)
Internal Error (overlap) in Edieresis: monotonic is both needed and unneeded (892,6613)->(731,6421). x=771.5 (prev=1004)
Internal Error (overlap) in Edieresis: monotonic is both needed and unneeded (691,6427)->(852,6619). x=771.5 (prev=1004)
Internal Error (overlap) in Edieresis: monotonic is both needed and unneeded (774,10741)->(672,10597). x=771.5 (prev=10672)
Internal Error (overlap) in Edieresis: monotonic is both needed and unneeded (734,10747)->(774,10747). x=771.5 (prev=10672)
Internal Error (overlap) in Edieresis: monotonic is both needed and unneeded (1330,11629)->(71,11629). x=771.5 (prev=533)
Internal Error (overlap) in Edieresis: monotonic is both needed and unneeded (71,11635)->(1370,11635). x=771.5 (prev=533)
Internal Error (overlap) in Edieresis: Winding number did not return to 0 when x=771.5
Internal Error (overlap) in Edieresis: monotonic is both needed and unneeded (850,5321)->(691,5533). x=771.5 (prev=1004)
Internal Error (overlap) in Edieresis: monotonic is both needed and unneeded (731,5539)->(890,5327). x=771.5 (prev=1004)
Internal Error (overlap) in Edieresis: monotonic is both needed and unneeded (892,6613)->(731,6421). x=771.5 (prev=1004)
Internal Error (overlap) in Edieresis: monotonic is both needed and unneeded (691,6427)->(852,6619). x=771.5 (prev=1004)
Internal Error (overlap) in Edieresis: monotonic is both needed and unneeded (774,10741)->(672,10597). x=771.5 (prev=10672)
Internal Error (overlap) in Edieresis: monotonic is both needed and unneeded (734,10747)->(774,10747). x=771.5 (prev=10672)
Internal Error (overlap) in Edieresis: monotonic is both needed and unneeded (1330,11629)->(71,11629). x=771.5 (prev=533)
Internal Error (overlap) in Edieresis: monotonic is both needed and unneeded (71,11635)->(1370,11635). x=771.5 (prev=533)
Internal Error (overlap) in Edieresis: Winding number did not return to 0 when x=771.5
Internal Error (overlap) in Edieresis: couldn't find a needed exit from an intersection
Internal Error (overlap) in Edieresis: couldn't find a needed exit from an intersection
Internal Error (overlap) in Emacron: monotonic is both needed and unneeded (642,1195)->(769,891). x=751.5 (prev=657)
Internal Error (overlap) in Emacron: monotonic is both needed and unneeded (850,5321)->(691,5533). x=751.5 (prev=857.411)
Internal Error (overlap) in Emacron: monotonic is both needed and unneeded (731,5539)->(890,5327). x=751.5 (prev=857.411)
Internal Error (overlap) in Emacron: monotonic is both needed and unneeded (892,6613)->(731,6421). x=751.5 (prev=857.411)
Internal Error (overlap) in Emacron: monotonic is both needed and unneeded (691,6427)->(852,6619). x=751.5 (prev=857.411)
Internal Error (overlap) in Emacron: monotonic is both needed and unneeded (774,10741)->(672,10597). x=751.5 (prev=10672)
Internal Error (overlap) in Emacron: monotonic is both needed and unneeded (734,10747)->(774,10747). x=751.5 (prev=10672)
Internal Error (overlap) in Emacron: monotonic is both needed and unneeded (1330,11629)->(71,11629). x=751.5 (prev=483)
Internal Error (overlap) in Emacron: monotonic is both needed and unneeded (71,11635)->(1370,11635). x=751.5 (prev=483)
Internal Error (overlap) in Emacron: monotonic is both needed and unneeded (1151,13101)->(397,13101). x=751.5 (prev=483)
Internal Error (overlap) in Emacron: monotonic is both needed and unneeded (397,13107)->(1151,13107). x=751.5 (prev=483)
Internal Error (overlap) in Emacron: monotonic is both needed and unneeded (1151,14149)->(397,14149). x=751.5 (prev=483)
Internal Error (overlap) in Emacron: monotonic is both needed and unneeded (397,14155)->(1151,14155). x=751.5 (prev=483)
Internal Error (overlap) in Emacron: Winding number did not return to 0 when x=751.5
Internal Error (overlap) in Emacron: monotonic is both needed and unneeded (642,1195)->(769,891). x=751.5 (prev=657)
Internal Error (overlap) in Emacron: monotonic is both needed and unneeded (850,5321)->(691,5533). x=751.5 (prev=857.411)
Internal Error (overlap) in Emacron: monotonic is both needed and unneeded (731,5539)->(890,5327). x=751.5 (prev=857.411)
Internal Error (overlap) in Emacron: monotonic is both needed and unneeded (892,6613)->(731,6421). x=751.5 (prev=857.411)
Internal Error (overlap) in Emacron: monotonic is both needed and unneeded (691,6427)->(852,6619). x=751.5 (prev=857.411)
Internal Error (overlap) in Emacron: monotonic is both needed and unneeded (774,10741)->(672,10597). x=751.5 (prev=10672)
Internal Error (overlap) in Emacron: monotonic is both needed and unneeded (734,10747)->(774,10747). x=751.5 (prev=10672)
Internal Error (overlap) in Emacron: monotonic is both needed and unneeded (1330,11629)->(71,11629). x=751.5 (prev=483)
Internal Error (overlap) in Emacron: monotonic is both needed and unneeded (71,11635)->(1370,11635). x=751.5 (prev=483)
Internal Error (overlap) in Emacron: monotonic is both needed and unneeded (1151,13101)->(397,13101). x=751.5 (prev=483)
Internal Error (overlap) in Emacron: monotonic is both needed and unneeded (397,13107)->(1151,13107). x=751.5 (prev=483)
Internal Error (overlap) in Emacron: monotonic is both needed and unneeded (1151,14149)->(397,14149). x=751.5 (prev=483)
Internal Error (overlap) in Emacron: monotonic is both needed and unneeded (397,14155)->(1151,14155). x=751.5 (prev=483)
Internal Error (overlap) in Emacron: Winding number did not return to 0 when x=751.5
Internal Error (overlap) in Emacron: monotonic is both needed and unneeded (642,1195)->(769,891). x=751.5 (prev=657)
Internal Error (overlap) in Emacron: monotonic is both needed and unneeded (850,5321)->(691,5533). x=751.5 (prev=857.411)
Internal Error (overlap) in Emacron: monotonic is both needed and unneeded (731,5539)->(890,5327). x=751.5 (prev=857.411)
Internal Error (overlap) in Emacron: monotonic is both needed and unneeded (892,6613)->(731,6421). x=751.5 (prev=857.411)
Internal Error (overlap) in Emacron: monotonic is both needed and unneeded (691,6427)->(852,6619). x=751.5 (prev=857.411)
Internal Error (overlap) in Emacron: monotonic is both needed and unneeded (774,10741)->(672,10597). x=751.5 (prev=10672)
Internal Error (overlap) in Emacron: monotonic is both needed and unneeded (734,10747)->(774,10747). x=751.5 (prev=10672)
Internal Error (overlap) in Emacron: monotonic is both needed and unneeded (1330,11629)->(71,11629). x=751.5 (prev=483)
Internal Error (overlap) in Emacron: monotonic is both needed and unneeded (71,11635)->(1370,11635). x=751.5 (prev=483)
Internal Error (overlap) in Emacron: monotonic is both needed and unneeded (1151,13101)->(397,13101). x=751.5 (prev=483)
Internal Error (overlap) in Emacron: monotonic is both needed and unneeded (397,13107)->(1151,13107). x=751.5 (prev=483)
Internal Error (overlap) in Emacron: monotonic is both needed and unneeded (1151,14149)->(397,14149). x=751.5 (prev=483)
Internal Error (overlap) in Emacron: monotonic is both needed and unneeded (397,14155)->(1151,14155). x=751.5 (prev=483)
Internal Error (overlap) in Emacron: Winding number did not return to 0 when x=751.5
Internal Error (overlap) in Emacron: monotonic is both needed and unneeded (642,1195)->(769,891). x=751.5 (prev=657)
Internal Error (overlap) in Emacron: monotonic is both needed and unneeded (850,5321)->(691,5533). x=751.5 (prev=857.411)
Internal Error (overlap) in Emacron: monotonic is both needed and unneeded (731,5539)->(890,5327). x=751.5 (prev=857.411)
Internal Error (overlap) in Emacron: monotonic is both needed and unneeded (892,6613)->(731,6421). x=751.5 (prev=857.411)
Internal Error (overlap) in Emacron: monotonic is both needed and unneeded (691,6427)->(852,6619). x=751.5 (prev=857.411)
Internal Error (overlap) in Emacron: monotonic is both needed and unneeded (774,10741)->(672,10597). x=751.5 (prev=10672)
Internal Error (overlap) in Emacron: monotonic is both needed and unneeded (734,10747)->(774,10747). x=751.5 (prev=10672)
Internal Error (overlap) in Emacron: monotonic is both needed and unneeded (1330,11629)->(71,11629). x=751.5 (prev=483)
Internal Error (overlap) in Emacron: monotonic is both needed and unneeded (71,11635)->(1370,11635). x=751.5 (prev=483)
Internal Error (overlap) in Emacron: monotonic is both needed and unneeded (1151,13101)->(397,13101). x=751.5 (prev=483)
Internal Error (overlap) in Emacron: monotonic is both needed and unneeded (397,13107)->(1151,13107). x=751.5 (prev=483)
Internal Error (overlap) in Emacron: monotonic is both needed and unneeded (1151,14149)->(397,14149). x=751.5 (prev=483)
Internal Error (overlap) in Emacron: monotonic is both needed and unneeded (397,14155)->(1151,14155). x=751.5 (prev=483)
Internal Error (overlap) in Emacron: Winding number did not return to 0 when x=751.5
Internal Error (overlap) in Emacron: monotonic is both needed and unneeded (642,1195)->(769,891). x=751.5 (prev=657)
Internal Error (overlap) in Emacron: monotonic is both needed and unneeded (850,5321)->(691,5533). x=751.5 (prev=857.411)
Internal Error (overlap) in Emacron: monotonic is both needed and unneeded (731,5539)->(890,5327). x=751.5 (prev=857.411)
Internal Error (overlap) in Emacron: monotonic is both needed and unneeded (892,6613)->(731,6421). x=751.5 (prev=857.411)
Internal Error (overlap) in Emacron: monotonic is both needed and unneeded (691,6427)->(852,6619). x=751.5 (prev=857.411)
Internal Error (overlap) in Emacron: monotonic is both needed and unneeded (774,10741)->(672,10597). x=751.5 (prev=10672)
Internal Error (overlap) in Emacron: monotonic is both needed and unneeded (734,10747)->(774,10747). x=751.5 (prev=10672)
Internal Error (overlap) in Emacron: monotonic is both needed and unneeded (1330,11629)->(71,11629). x=751.5 (prev=483)
Internal Error (overlap) in Emacron: monotonic is both needed and unneeded (71,11635)->(1370,11635). x=751.5 (prev=483)
Internal Error (overlap) in Emacron: monotonic is both needed and unneeded (1151,13101)->(397,13101). x=751.5 (prev=483)
Internal Error (overlap) in Emacron: monotonic is both needed and unneeded (397,13107)->(1151,13107). x=751.5 (prev=483)
Internal Error (overlap) in Emacron: monotonic is both needed and unneeded (1151,14149)->(397,14149). x=751.5 (prev=483)
Internal Error (overlap) in Emacron: monotonic is both needed and unneeded (397,14155)->(1151,14155). x=751.5 (prev=483)
Internal Error (overlap) in Emacron: Winding number did not return to 0 when x=751.5
Internal Error (overlap) in Ecaron: monotonic is both needed and unneeded (850,5321)->(691,5533). x=771.5 (prev=1044.5)
Internal Error (overlap) in Ecaron: monotonic is both needed and unneeded (731,5539)->(890,5327). x=771.5 (prev=1044.5)
Internal Error (overlap) in Ecaron: monotonic is both needed and unneeded (892,6613)->(731,6421). x=771.5 (prev=856.5)
Internal Error (overlap) in Ecaron: monotonic is both needed and unneeded (691,6427)->(852,6619). x=771.5 (prev=1044.5)
Internal Error (overlap) in Ecaron: monotonic is both needed and unneeded (774,10741)->(672,10597). x=771.5 (prev=10672)
Internal Error (overlap) in Ecaron: monotonic is both needed and unneeded (734,10747)->(774,10747). x=771.5 (prev=10672)
Internal Error (overlap) in Ecaron: monotonic is both needed and unneeded (1330,11629)->(71,11629). x=771.5 (prev=412)
Internal Error (overlap) in Ecaron: monotonic is both needed and unneeded (71,11635)->(1370,11635). x=771.5 (prev=412)
Internal Error (overlap) in Ecaron: monotonic is both needed and unneeded (861,12301)->(652,12301). x=771.5 (prev=12836)
Internal Error (overlap) in Ecaron: monotonic is both needed and unneeded (692,12307)->(861,12307). x=771.5 (prev=12836)
Internal Error (overlap) in Ecaron: monotonic is both needed and unneeded (796,13365)->(756,13365). x=771.5 (prev=490.872)
Internal Error (overlap) in Ecaron: monotonic is both needed and unneeded (589,14403)->(776,13470.7). x=771.5 (prev=490.872)
Internal Error (overlap) in Ecaron: Winding number did not return to 0 when x=771.5
Internal Error (overlap) in Ecaron: monotonic is both needed and unneeded (850,5321)->(691,5533). x=771.5 (prev=1044.5)
Internal Error (overlap) in Ecaron: monotonic is both needed and unneeded (731,5539)->(890,5327). x=771.5 (prev=1044.5)
Internal Error (overlap) in Ecaron: monotonic is both needed and unneeded (892,6613)->(731,6421). x=771.5 (prev=856.5)
Internal Error (overlap) in Ecaron: monotonic is both needed and unneeded (691,6427)->(852,6619). x=771.5 (prev=1044.5)
Internal Error (overlap) in Ecaron: monotonic is both needed and unneeded (774,10741)->(672,10597). x=771.5 (prev=10672)
Internal Error (overlap) in Ecaron: monotonic is both needed and unneeded (734,10747)->(774,10747). x=771.5 (prev=10672)
Internal Error (overlap) in Ecaron: monotonic is both needed and unneeded (1330,11629)->(71,11629). x=771.5 (prev=412)
Internal Error (overlap) in Ecaron: monotonic is both needed and unneeded (71,11635)->(1370,11635). x=771.5 (prev=412)
Internal Error (overlap) in Ecaron: monotonic is both needed and unneeded (861,12301)->(652,12301). x=771.5 (prev=12836)
Internal Error (overlap) in Ecaron: monotonic is both needed and unneeded (692,12307)->(861,12307). x=771.5 (prev=12836)
Internal Error (overlap) in Ecaron: monotonic is both needed and unneeded (796,13365)->(756,13365). x=771.5 (prev=490.872)
Internal Error (overlap) in Ecaron: monotonic is both needed and unneeded (589,14403)->(776,13470.7). x=771.5 (prev=490.872)
Internal Error (overlap) in Ecaron: Winding number did not return to 0 when x=771.5
Internal Error (overlap) in Ecaron: monotonic is both needed and unneeded (850,5321)->(691,5533). x=771.5 (prev=1044.5)
Internal Error (overlap) in Ecaron: monotonic is both needed and unneeded (731,5539)->(890,5327). x=771.5 (prev=1044.5)
Internal Error (overlap) in Ecaron: monotonic is both needed and unneeded (892,6613)->(731,6421). x=771.5 (prev=856.5)
Internal Error (overlap) in Ecaron: monotonic is both needed and unneeded (691,6427)->(852,6619). x=771.5 (prev=1044.5)
Internal Error (overlap) in Ecaron: monotonic is both needed and unneeded (774,10741)->(672,10597). x=771.5 (prev=10672)
Internal Error (overlap) in Ecaron: monotonic is both needed and unneeded (734,10747)->(774,10747). x=771.5 (prev=10672)
Internal Error (overlap) in Ecaron: monotonic is both needed and unneeded (1330,11629)->(71,11629). x=771.5 (prev=412)
Internal Error (overlap) in Ecaron: monotonic is both needed and unneeded (71,11635)->(1370,11635). x=771.5 (prev=412)
Internal Error (overlap) in Ecaron: monotonic is both needed and unneeded (861,12301)->(652,12301). x=771.5 (prev=12836)
Internal Error (overlap) in Ecaron: monotonic is both needed and unneeded (692,12307)->(861,12307). x=771.5 (prev=12836)
Internal Error (overlap) in Ecaron: monotonic is both needed and unneeded (796,13365)->(756,13365). x=771.5 (prev=490.872)
Internal Error (overlap) in Ecaron: monotonic is both needed and unneeded (589,14403)->(776,13470.7). x=771.5 (prev=490.872)
Internal Error (overlap) in Ecaron: Winding number did not return to 0 when x=771.5
Internal Error (overlap) in Ecaron: monotonic is both needed and unneeded (850,5321)->(691,5533). x=771.5 (prev=1044.5)
Internal Error (overlap) in Ecaron: monotonic is both needed and unneeded (731,5539)->(890,5327). x=771.5 (prev=1044.5)
Internal Error (overlap) in Ecaron: monotonic is both needed and unneeded (892,6613)->(731,6421). x=771.5 (prev=856.5)
Internal Error (overlap) in Ecaron: monotonic is both needed and unneeded (691,6427)->(852,6619). x=771.5 (prev=1044.5)
Internal Error (overlap) in Ecaron: monotonic is both needed and unneeded (774,10741)->(672,10597). x=771.5 (prev=10672)
Internal Error (overlap) in Ecaron: monotonic is both needed and unneeded (734,10747)->(774,10747). x=771.5 (prev=10672)
Internal Error (overlap) in Ecaron: monotonic is both needed and unneeded (1330,11629)->(71,11629). x=771.5 (prev=412)
Internal Error (overlap) in Ecaron: monotonic is both needed and unneeded (71,11635)->(1370,11635). x=771.5 (prev=412)
Internal Error (overlap) in Ecaron: monotonic is both needed and unneeded (861,12301)->(652,12301). x=771.5 (prev=12836)
Internal Error (overlap) in Ecaron: monotonic is both needed and unneeded (692,12307)->(861,12307). x=771.5 (prev=12836)
Internal Error (overlap) in Ecaron: monotonic is both needed and unneeded (796,13365)->(756,13365). x=771.5 (prev=490.872)
Internal Error (overlap) in Ecaron: monotonic is both needed and unneeded (589,14403)->(776,13470.7). x=771.5 (prev=490.872)
Internal Error (overlap) in Ecaron: Winding number did not return to 0 when x=771.5
Internal Error (overlap) in Ecaron: monotonic is both needed and unneeded (850,5321)->(691,5533). x=771.5 (prev=1044.5)
Internal Error (overlap) in Ecaron: monotonic is both needed and unneeded (731,5539)->(890,5327). x=771.5 (prev=1044.5)
Internal Error (overlap) in Ecaron: monotonic is both needed and unneeded (892,6613)->(731,6421). x=771.5 (prev=856.5)
Internal Error (overlap) in Ecaron: monotonic is both needed and unneeded (691,6427)->(852,6619). x=771.5 (prev=1044.5)
Internal Error (overlap) in Ecaron: monotonic is both needed and unneeded (774,10741)->(672,10597). x=771.5 (prev=10672)
Internal Error (overlap) in Ecaron: monotonic is both needed and unneeded (734,10747)->(774,10747). x=771.5 (prev=10672)
Internal Error (overlap) in Ecaron: monotonic is both needed and unneeded (1330,11629)->(71,11629). x=771.5 (prev=412)
Internal Error (overlap) in Ecaron: monotonic is both needed and unneeded (71,11635)->(1370,11635). x=771.5 (prev=412)
Internal Error (overlap) in Ecaron: monotonic is both needed and unneeded (861,12301)->(652,12301). x=771.5 (prev=12836)
Internal Error (overlap) in Ecaron: monotonic is both needed and unneeded (692,12307)->(861,12307). x=771.5 (prev=12836)
Internal Error (overlap) in Ecaron: monotonic is both needed and unneeded (796,13365)->(756,13365). x=771.5 (prev=490.872)
Internal Error (overlap) in Ecaron: monotonic is both needed and unneeded (589,14403)->(776,13470.7). x=771.5 (prev=490.872)
Internal Error (overlap) in Ecaron: Winding number did not return to 0 when x=771.5
Internal Error (overlap) in Ecaron: monotonic is both needed and unneeded (850,5321)->(691,5533). x=771.5 (prev=1044.5)
Internal Error (overlap) in Ecaron: monotonic is both needed and unneeded (731,5539)->(890,5327). x=771.5 (prev=1044.5)
Internal Error (overlap) in Ecaron: monotonic is both needed and unneeded (892,6613)->(731,6421). x=771.5 (prev=856.5)
Internal Error (overlap) in Ecaron: monotonic is both needed and unneeded (691,6427)->(852,6619). x=771.5 (prev=1044.5)
Internal Error (overlap) in Ecaron: monotonic is both needed and unneeded (774,10741)->(672,10597). x=771.5 (prev=10672)
Internal Error (overlap) in Ecaron: monotonic is both needed and unneeded (734,10747)->(774,10747). x=771.5 (prev=10672)
Internal Error (overlap) in Ecaron: monotonic is both needed and unneeded (1330,11629)->(71,11629). x=771.5 (prev=412)
Internal Error (overlap) in Ecaron: monotonic is both needed and unneeded (71,11635)->(1370,11635). x=771.5 (prev=412)
Internal Error (overlap) in Ecaron: monotonic is both needed and unneeded (861,12301)->(652,12301). x=771.5 (prev=12836)
Internal Error (overlap) in Ecaron: monotonic is both needed and unneeded (692,12307)->(861,12307). x=771.5 (prev=12836)
Internal Error (overlap) in Ecaron: monotonic is both needed and unneeded (796,13365)->(756,13365). x=771.5 (prev=490.872)
Internal Error (overlap) in Ecaron: monotonic is both needed and unneeded (589,14403)->(776,13470.7). x=771.5 (prev=490.872)
Internal Error (overlap) in Ecaron: Winding number did not return to 0 when x=771.5
Internal Error (overlap) in Ecaron: couldn't find a needed exit from an intersection
Internal Error (overlap) in Ecaron: couldn't find a needed exit from an intersection
Warning: Mac string is a subset of the Windows string in the 'name' table
 for the UniqueID string in the English (US) language.
Warning: Mac WARNING:I`FbNOt 'uni3293' 
WARNING:I`FbNOt 'uni69AD' 
WARNING:I`FbNOt 'uni6A89' 
WARNING:I`FbNOt 'uni6F5E' 
WARNING:I`FbNOt 'uni744D' 
WARNING:I`FbNOt 'uni9404' 
WARNING:I`FbNOt 'u20B9F' 
WARNING:I`FbNOt 'u296F0' 
WARNING:I`FbNOt 'uni3089.aalt' 
WARNING:I`FbNOt 'uni30E4.vert' 
string is a subset of the Windows string in the 'name' table
 for the Fullname string in the English (US) language.
