Warning: SplinePointListIsClockwise found no usable line even at 36x magnification.
Warning: SplinePointListIsClockwise found no usable line even at 36x magnification.
Warning: SplinePointListIsClockwise found no usable line even at 36x magnification.
Warning: SplinePointListIsClockwise found no usable line even at 36x magnification.
Internal Error: Invalid 2nd order spline in SplineRefigure2
Internal Error: Invalid 2nd order spline in SplineRefigure2
Internal Error: Invalid 2nd order spline in SplineRefigure2
Internal Error: Invalid 2nd order spline in SplineRefigure2
Internal Error: Invalid 2nd order spline in SplineRefigure2
Internal Error: Invalid 2nd order spline in SplineRefigure2
Internal Error: Invalid 2nd order spline in SplineRefigure2
Internal Error: Invalid 2nd order spline in SplineRefigure2
Warning: SplinePointListIsClockwise found no usable line even at 45x magnification.
Warning: SplinePointListIsClockwise found no usable line even at 45x magnification.
Warning: SplinePointListIsClockwise found no usable line even at 45x magnification.
Warning: SplinePointListIsClockwise found no usable line even at 45x magnification.
Warning: SplinePointListIsClockwise found no usable line even at 45x magnification.
Warning: SplinePointListIsClockwise found no usable line even at 45x magnification.
Warning: SplinePointListIsClockwise found no usable line even at 45x magnification.
Warning: SplinePointListIsClockwise found no usable line even at 45x magnification.
Warning: SplinePointListIsClockwise found no usable line even at 45x magnification.
Warning: SplinePointListIsClockwise found no usable line even at 45x magnification.
Warning: SplinePointListIsClockwise found no usable line even at 45x magnification.
Warning: SplinePointListIsClockwise found no usable line even at 45x magnification.
Warning: SplinePointListIsClockwise found no usable line even at 36x magnification.
Internal Error: Invalid 2nd order spline in SplineRefigure2
Internal Error: Invalid 2nd order spline in SplineRefigure2
Internal Error: Invalid 2nd order spline in SplineRefigure2
Warning: SplinePointListIsClockwise found no usable line even at 45x magnification.
Warning: SplinePointListIsClockwise found no usable line even at 45x magnification.
Warning: SplinePointListIsClockwise found no usable line even at 45x magnification.
Warning: SplinePointListIsClockwise found no usable line even at 45x magnification.
Warning: SplinePointListIsClockwise found no usable line even at 45x magnification.
Warning: SplinePointListIsClockwise found no usable line even at 45x magnification.
Warning: SplinePointListIsClockwise found no usable line even at 45x magnification.
Warning: SplinePointListIsClockwise found no usable line even at 45x magnification.
Warning: SplinePointListIsClockwise found no usable line even at 45x magnification.
Warning: SplinePointListIsClockwise found no usable line even at 45x magnification.
Warning: SplinePointListIsClockwise found no usable line even at 36x magnification.
Warning: SplinePointListIsClockwise found no usable line even at 36x magnification.
Warning: SplinePointListIsClockwise found no usable line even at 45x magnification.
Warning: SplinePointListIsClockwise found no usable line even at 36x magnification.
Warning: SplinePointListIsClockwise found no usable line even at 45x magnification.
Warning: SplinePointListIsClockwise found no usable line even at 36x magnification.
Warning: SplinePointListIsClockwise found no usable line even at 45x magnification.
Warning: SplinePointListIsClockwise found no usable line even at 36x magnification.
Warning: SplinePointListIsClockwise found no usable line even at 45x magnification.
Warning: SplinePointListIsClockwise found no usable line even at 36x magnification.
Warning: SplinePointListIsClockwise found no usable line even at 45x magnification.
Warning: SplinePointListIsClockwise found no usable line even at 36x magnification.
Warning: SplinePointListIsClockwise found no usable line even at 45x magnification.
Warning: SplinePointListIsClockwise found no usable line even at 36x magnification.
Warning: SplinePointListIsClockwise found no usable line even at 45x magnification.
Warning: SplinePointListIsClockwise found no usable line even at 36x magnification.
Warning: SplinePointListIsClockwise found no usable line even at 45x magnification.
Warning: SplinePointListIsClockwise found no usable line even at 36x magnification.
Warning: SplinePointListIsClockwise found no usable line even at 45x magnification.
Warning: SplinePointListIsClockwise found no usable line even at 36x magnification.
Warning: SplinePointListIsClockwise found no usable line even at 45x magnification.
Warning: SplinePointListIsClockwise found no usable line even at 36x magnification.
Warning: SplinePointListIsClockwise found no usable line even at 45x magnification.
Warning: SplinePointListIsClockwise found no usable line even at 36x magnification.
Warning: SplinePointListIsClockwise found no usable line even at 45x magnification.
Warning: SplinePointListIsClockwise found no usable line even at 36x magnification.
Warning: SplinePointListIsClockwise found no usable line even at 45x magnification.
Warning: SplinePointListIsClockwise found no usable line even at 36x magnification.
Warning: SplinePointListIsClockwise found no usable line even at 36x magnification.
Warning: SplinePointListIsClockwise found no usable line even at 45x magnification.
Warning: SplinePointListIsClockwise found no usable line even at 36x magnification.
Internal Error: Invalid 2nd order spline in SplineRefigure2
Warning: Mac string is a subset of the Windows string in the 'name' table
 for the UniqueID string in the English (US) language.
Warning: Mac string is a subset of the Windows string in the 'name' table
 for the Fullname string in the English (US) language.
