Internal Error (overlap) in uni51DD: monotonic is both needed and unneeded (1907,789)->(1792,749). x=1850.5 (prev=2934.73)
Internal Error (overlap) in uni51DD: monotonic is both needed and unneeded (1784.04,755.176)->(1891,795). x=1850.5 (prev=1788)
Internal Error (overlap) in uni51DD: monotonic is both needed and unneeded (1919,3357)->(1665,3357). x=1850.5 (prev=4678)
Internal Error (overlap) in uni51DD: monotonic is both needed and unneeded (1665,3363)->(1919,3363). x=1850.5 (prev=1728.96)
Internal Error (overlap) in uni51DD: monotonic is both needed and unneeded (1855.6,5264.91)->(1786,4549). x=1850.5 (prev=4678)
Internal Error (overlap) in uni51DD: monotonic is both needed and unneeded (1847,5347)->(1863,5347). x=1850.5 (prev=4678)
Internal Error (overlap) in uni51DD: monotonic is both needed and unneeded (1880,5893)->(1818,5293). x=1850.5 (prev=5722.46)
Internal Error (overlap) in uni51DD: monotonic is both needed and unneeded (1806.39,5333.12)->(1864,5899). x=1850.5 (prev=5722.46)
Internal Error (overlap) in uni51DD: monotonic is both needed and unneeded (1833,8931)->(1950,8119). x=1850.5 (prev=5722.46)
Internal Error (overlap) in uni51DD: monotonic is both needed and unneeded (1884,11485)->(1792,10833). x=1850.5 (prev=1728.96)
Internal Error (overlap) in uni51DD: monotonic is both needed and unneeded (1776,10839)->(1868,11491). x=1850.5 (prev=1728.96)
Internal Error (overlap) in uni51DD: monotonic is both needed and unneeded (1906,12953)->(1782.04,13882.8). x=1850.5 (prev=1788)
Internal Error (overlap) in uni51DD: monotonic is both needed and unneeded (1790,13947)->(1922,12959). x=1850.5 (prev=1728.96)
Internal Error (overlap) in uni51DD: Winding number did not return to 0 when x=1850.5
Internal Error (overlap) in uni51DD: monotonic is both needed and unneeded (1907,789)->(1792,749). x=1850.5 (prev=2934.73)
Internal Error (overlap) in uni51DD: monotonic is both needed and unneeded (1784.04,755.176)->(1891,795). x=1850.5 (prev=1788)
Internal Error (overlap) in uni51DD: monotonic is both needed and unneeded (1919,3357)->(1665,3357). x=1850.5 (prev=4678)
Internal Error (overlap) in uni51DD: monotonic is both needed and unneeded (1665,3363)->(1919,3363). x=1850.5 (prev=1728.96)
Internal Error (overlap) in uni51DD: monotonic is both needed and unneeded (1855.6,5264.91)->(1786,4549). x=1850.5 (prev=4678)
Internal Error (overlap) in uni51DD: monotonic is both needed and unneeded (1847,5347)->(1863,5347). x=1850.5 (prev=4678)
Internal Error (overlap) in uni51DD: monotonic is both needed and unneeded (1880,5893)->(1818,5293). x=1850.5 (prev=5722.46)
Internal Error (overlap) in uni51DD: monotonic is both needed and unneeded (1806.39,5333.12)->(1864,5899). x=1850.5 (prev=5722.46)
Internal Error (overlap) in uni51DD: monotonic is both needed and unneeded (1833,8931)->(1950,8119). x=1850.5 (prev=5722.46)
Internal Error (overlap) in uni51DD: monotonic is both needed and unneeded (1884,11485)->(1792,10833). x=1850.5 (prev=1728.96)
Internal Error (overlap) in uni51DD: monotonic is both needed and unneeded (1776,10839)->(1868,11491). x=1850.5 (prev=1728.96)
Internal Error (overlap) in uni51DD: monotonic is both needed and unneeded (1906,12953)->(1782.04,13882.8). x=1850.5 (prev=1788)
Internal Error (overlap) in uni51DD: monotonic is both needed and unneeded (1790,13947)->(1922,12959). x=1850.5 (prev=1728.96)
Internal Error (overlap) in uni51DD: Winding number did not return to 0 when x=1850.5
Internal Error (overlap) in uni51DD: monotonic is both needed and unneeded (1934,8113)->(1825.86,8866.12). x=1842 (prev=1850.5)
Internal Error (overlap) in uni51DD: monotonic is both needed and unneeded (1996,7581)->(1934,8113). y=7970.6 (prev=1850.5)
Internal Error (overlap) in uni51DD: monotonic is both needed and unneeded (1996,7581)->(1934,8113). y=7865.56 (prev=1850.5)
Internal Error (overlap) in uni51DD: monotonic is both needed and unneeded (1996,7581)->(1934,8113). y=7862.56 (prev=1850.5)
Internal Error (overlap) in uni51DD: monotonic is both needed and unneeded (1996,7581)->(1934,8113). y=7862.56 (prev=1850.5)
Internal Error (overlap) in uni51DD: monotonic is both needed and unneeded (1934,8113)->(1825.86,8866.12). y=8569.2 (prev=1850.5)
Internal Error (overlap) in uni51DD: monotonic is both needed and unneeded (1996,7581)->(1934,8113). y=8111 (prev=1850.5)
Internal Error (overlap) in uni51DD: monotonic is both needed and unneeded (1907,789)->(1792,749). x=1850.5 (prev=2934.73)
Internal Error (overlap) in uni51DD: monotonic is both needed and unneeded (1784.04,755.176)->(1891,795). x=1850.5 (prev=1788)
Internal Error (overlap) in uni51DD: monotonic is both needed and unneeded (1919,3357)->(1665,3357). x=1850.5 (prev=4678)
Internal Error (overlap) in uni51DD: monotonic is both needed and unneeded (1665,3363)->(1919,3363). x=1850.5 (prev=1728.96)
Internal Error (overlap) in uni51DD: monotonic is both needed and unneeded (1855.6,5264.91)->(1786,4549). x=1850.5 (prev=4678)
Internal Error (overlap) in uni51DD: monotonic is both needed and unneeded (1847,5347)->(1863,5347). x=1850.5 (prev=4678)
Internal Error (overlap) in uni51DD: monotonic is both needed and unneeded (1880,5893)->(1818,5293). x=1850.5 (prev=5722.46)
Internal Error (overlap) in uni51DD: monotonic is both needed and unneeded (1806.39,5333.12)->(1864,5899). x=1850.5 (prev=5722.46)
Internal Error (overlap) in uni51DD: monotonic is both needed and unneeded (1833,8931)->(1950,8119). x=1850.5 (prev=5722.46)
Internal Error (overlap) in uni51DD: monotonic is both needed and unneeded (1884,11485)->(1792,10833). x=1850.5 (prev=1728.96)
Internal Error (overlap) in uni51DD: monotonic is both needed and unneeded (1776,10839)->(1868,11491). x=1850.5 (prev=1728.96)
Internal Error (overlap) in uni51DD: monotonic is both needed and unneeded (1906,12953)->(1782.04,13882.8). x=1850.5 (prev=1788)
Internal Error (overlap) in uni51DD: monotonic is both needed and unneeded (1790,13947)->(1922,12959). x=1850.5 (prev=1728.96)
Internal Error (overlap) in uni51DD: Winding number did not return to 0 when x=1850.5
Internal Error (overlap) in uni51DD: monotonic is both needed and unneeded (1907,789)->(1792,749). x=1850.5 (prev=2934.73)
Internal Error (overlap) in uni51DD: monotonic is both needed and unneeded (1784.04,755.176)->(1891,795). x=1850.5 (prev=1788)
Internal Error (overlap) in uni51DD: monotonic is both needed and unneeded (1919,3357)->(1665,3357). x=1850.5 (prev=4678)
Internal Error (overlap) in uni51DD: monotonic is both needed and unneeded (1665,3363)->(1919,3363). x=1850.5 (prev=1728.96)
Internal Error (overlap) in uni51DD: monotonic is both needed and unneeded (1855.6,5264.91)->(1786,4549). x=1850.5 (prev=4678)
Internal Error (overlap) in uni51DD: monotonic is both needed and unneeded (1847,5347)->(1863,5347). x=1850.5 (prev=4678)
Internal Error (overlap) in uni51DD: monotonic is both needed and unneeded (1880,5893)->(1818,5293). x=1850.5 (prev=5722.46)
Internal Error (overlap) in uni51DD: monotonic is both needed and unneeded (1806.39,5333.12)->(1864,5899). x=1850.5 (prev=5722.46)
Internal Error (overlap) in uni51DD: monotonic is both needed and unneeded (1833,8931)->(1950,8119). x=1850.5 (prev=5722.46)
Internal Error (overlap) in uni51DD: monotonic is both needed and unneeded (1884,11485)->(1792,10833). x=1850.5 (prev=1728.96)
Internal Error (overlap) in uni51DD: monotonic is both needed and unneeded (1776,10839)->(1868,11491). x=1850.5 (prev=1728.96)
Internal Error (overlap) in uni51DD: monotonic is both needed and unneeded (1906,12953)->(1782.04,13882.8). x=1850.5 (prev=1788)
Internal Error (overlap) in uni51DD: monotonic is both needed and unneeded (1790,13947)->(1922,12959). x=1850.5 (prev=1728.96)
Internal Error (overlap) in uni51DD: Winding number did not return to 0 when x=1850.5
Internal Error (overlap) in uni51DD: monotonic is both needed and unneeded (1996,7581)->(1934,8113). y=7865.56 (prev=1850.5)
Internal Error (overlap) in uni51DD: monotonic is both needed and unneeded (1996,7581)->(1934,8113). y=7862.56 (prev=1850.5)
Internal Error (overlap) in uni51DD: monotonic is both needed and unneeded (1996,7581)->(1934,8113). y=7862.56 (prev=1850.5)
Internal Error (overlap) in uni51DD: monotonic is both needed and unneeded (1907,789)->(1792,749). x=1850.5 (prev=2934.73)
Internal Error (overlap) in uni51DD: monotonic is both needed and unneeded (1784.04,755.176)->(1891,795). x=1850.5 (prev=1788)
Internal Error (overlap) in uni51DD: monotonic is both needed and unneeded (1919,3357)->(1665,3357). x=1850.5 (prev=4678)
Internal Error (overlap) in uni51DD: monotonic is both needed and unneeded (1665,3363)->(1919,3363). x=1850.5 (prev=1728.96)
Internal Error (overlap) in uni51DD: monotonic is both needed and unneeded (1855.6,5264.91)->(1786,4549). x=1850.5 (prev=4678)
Internal Error (overlap) in uni51DD: monotonic is both needed and unneeded (1847,5347)->(1863,5347). x=1850.5 (prev=4678)
Internal Error (overlap) in uni51DD: monotonic is both needed and unneeded (1880,5893)->(1818,5293). x=1850.5 (prev=5722.46)
Internal Error (overlap) in uni51DD: monotonic is both needed and unneeded (1806.39,5333.12)->(1864,5899). x=1850.5 (prev=5722.46)
Internal Error (overlap) in uni51DD: monotonic is both needed and unneeded (1833,8931)->(1950,8119). x=1850.5 (prev=5722.46)
Internal Error (overlap) in uni51DD: monotonic is both needed and unneeded (1884,11485)->(1792,10833). x=1850.5 (prev=1728.96)
Internal Error (overlap) in uni51DD: monotonic is both needed and unneeded (1776,10839)->(1868,11491). x=1850.5 (prev=1728.96)
Internal Error (overlap) in uni51DD: monotonic is both needed and unneeded (1906,12953)->(1782.04,13882.8). x=1850.5 (prev=1788)
Internal Error (overlap) in uni51DD: monotonic is both needed and unneeded (1790,13947)->(1922,12959). x=1850.5 (prev=1728.96)
Internal Error (overlap) in uni51DD: Winding number did not return to 0 when x=1850.5
Internal Error (overlap) in uni51DD: monotonic is both needed and unneeded (1996,7581)->(1934,8113). y=7865.56 (prev=1850.5)
Internal Error (overlap) in uni51DD: monotonic is both needed and unneeded (2015,7227)->(2015,7221). y=7225.52 (prev=7225.52)
Internal Error (overlap) in uni51DD: couldn't find a needed exit from an intersection
Internal Error (overlap) in uni51DD: couldn't find a needed exit from an intersection
Internal Error (overlap) in uni51DD: couldn't find a needed exit from an intersection
Internal Error (overlap) in uni5F93: monotonic is both needed and unneeded (1796,981)->(1702,965). x=1711 (prev=1496.5)
Internal Error (overlap) in uni5F93: monotonic is both needed and unneeded (1694.46,971.125)->(1780,987). x=1711 (prev=1697.23)
Internal Error (overlap) in uni5F93: monotonic is both needed and unneeded (1850,4469)->(1483,4469). x=1711 (prev=1496.5)
Internal Error (overlap) in uni5F93: monotonic is both needed and unneeded (1483,4475)->(1850,4475). x=1711 (prev=1496.5)
Internal Error (overlap) in uni5F93: monotonic is both needed and unneeded (1723.41,6875.57)->(1610,5749). x=1711 (prev=1496.5)
Internal Error (overlap) in uni5F93: monotonic is both needed and unneeded (1594,5755)->(1714,6947). x=1711 (prev=1496.5)
Internal Error (overlap) in uni5F93: monotonic is both needed and unneeded (1925,8469)->(1483,8469). x=1711 (prev=8709.88)
Internal Error (overlap) in uni5F93: monotonic is both needed and unneeded (1483,8475)->(1925,8475). x=1711 (prev=1496.5)
Internal Error (overlap) in uni5F93: monotonic is both needed and unneeded (1799.73,10859.2)->(1694,9749). x=1711 (prev=10584)
Internal Error (overlap) in uni5F93: monotonic is both needed and unneeded (1678,9755)->(1790,10931). x=1711 (prev=8709.88)
Internal Error (overlap) in uni5F93: monotonic is both needed and unneeded (1773,12101)->(1686,11001). x=1711 (prev=10584)
Internal Error (overlap) in uni5F93: monotonic is both needed and unneeded (1670,11007)->(1757,12107). x=1711 (prev=10584)
Internal Error (overlap) in uni5F93: monotonic is both needed and unneeded (1780,13161)->(1525.2,13843.1). x=1711 (prev=12710)
Internal Error (overlap) in uni5F93: monotonic is both needed and unneeded (1526,13883)->(1796,13167). x=1711 (prev=10584)
Internal Error (overlap) in uni5F93: Winding number did not return to 0 when x=1711
Internal Error (overlap) in uni5F93: monotonic is both needed and unneeded (1796,981)->(1702,965). x=1711 (prev=1496.5)
Internal Error (overlap) in uni5F93: monotonic is both needed and unneeded (1694.46,971.125)->(1780,987). x=1711 (prev=1697.23)
Internal Error (overlap) in uni5F93: monotonic is both needed and unneeded (1850,4469)->(1483,4469). x=1711 (prev=1496.5)
Internal Error (overlap) in uni5F93: monotonic is both needed and unneeded (1483,4475)->(1850,4475). x=1711 (prev=1496.5)
Internal Error (overlap) in uni5F93: monotonic is both needed and unneeded (1723.41,6875.57)->(1610,5749). x=1711 (prev=1496.5)
Internal Error (overlap) in uni5F93: monotonic is both needed and unneeded (1594,5755)->(1714,6947). x=1711 (prev=1496.5)
Internal Error (overlap) in uni5F93: monotonic is both needed and unneeded (1925,8469)->(1483,8469). x=1711 (prev=8709.88)
Internal Error (overlap) in uni5F93: monotonic is both needed and unneeded (1483,8475)->(1925,8475). x=1711 (prev=1496.5)
Internal Error (overlap) in uni5F93: monotonic is both needed and unneeded (1799.73,10859.2)->(1694,9749). x=1711 (prev=10584)
Internal Error (overlap) in uni5F93: monotonic is both needed and unneeded (1678,9755)->(1790,10931). x=1711 (prev=8709.88)
Internal Error (overlap) in uni5F93: monotonic is both needed and unneeded (1773,12101)->(1686,11001). x=1711 (prev=10584)
Internal Error (overlap) in uni5F93: monotonic is both needed and unneeded (1670,11007)->(1757,12107). x=1711 (prev=10584)
Internal Error (overlap) in uni5F93: monotonic is both needed and unneeded (1780,13161)->(1525.2,13843.1). x=1711 (prev=12710)
Internal Error (overlap) in uni5F93: monotonic is both needed and unneeded (1526,13883)->(1796,13167). x=1711 (prev=10584)
Internal Error (overlap) in uni5F93: Winding number did not return to 0 when x=1711
Internal Error (overlap) in uni5F93: monotonic is both needed and unneeded (989,2099)->(1716,-1125). x=1711 (prev=1496.5)
Internal Error (overlap) in uni5F93: monotonic is both needed and unneeded (1796,981)->(1702,965). x=1711 (prev=1496.5)
Internal Error (overlap) in uni5F93: monotonic is both needed and unneeded (1694.46,971.125)->(1780,987). x=1711 (prev=1697.23)
Internal Error (overlap) in uni5F93: monotonic is both needed and unneeded (1850,4469)->(1483,4469). x=1711 (prev=1496.5)
Internal Error (overlap) in uni5F93: monotonic is both needed and unneeded (1483,4475)->(1850,4475). x=1711 (prev=1496.5)
Internal Error (overlap) in uni5F93: monotonic is both needed and unneeded (1723.41,6875.57)->(1610,5749). x=1711 (prev=1496.5)
Internal Error (overlap) in uni5F93: monotonic is both needed and unneeded (1594,5755)->(1714,6947). x=1711 (prev=1496.5)
Internal Error (overlap) in uni5F93: monotonic is both needed and unneeded (1925,8469)->(1483,8469). x=1711 (prev=8709.88)
Internal Error (overlap) in uni5F93: monotonic is both needed and unneeded (1483,8475)->(1925,8475). x=1711 (prev=1496.5)
Internal Error (overlap) in uni5F93: monotonic is both needed and unneeded (1799.73,10859.2)->(1694,9749). x=1711 (prev=10584)
Internal Error (overlap) in uni5F93: monotonic is both needed and unneeded (1678,9755)->(1790,10931). x=1711 (prev=8709.88)
Internal Error (overlap) in uni5F93: monotonic is both needed and unneeded (1773,12101)->(1686,11001). x=1711 (prev=10584)
Internal Error (overlap) in uni5F93: monotonic is both needed and unneeded (1670,11007)->(1757,12107). x=1711 (prev=10584)
Internal Error (overlap) in uni5F93: monotonic is both needed and unneeded (1780,13161)->(1525.2,13843.1). x=1711 (prev=12710)
Internal Error (overlap) in uni5F93: monotonic is both needed and unneeded (1526,13883)->(1796,13167). x=1711 (prev=10584)
Internal Error (overlap) in uni5F93: Winding number did not return to 0 when x=1711
Internal Error (overlap) in uni5F93: monotonic is both needed and unneeded (989,2099)->(1716,-1125). x=1711 (prev=1496.5)
Internal Error (overlap) in uni5F93: monotonic is both needed and unneeded (1796,981)->(1702,965). x=1711 (prev=1496.5)
Internal Error (overlap) in uni5F93: monotonic is both needed and unneeded (1694.46,971.125)->(1780,987). x=1711 (prev=1697.23)
Internal Error (overlap) in uni5F93: monotonic is both needed and unneeded (1850,4469)->(1483,4469). x=1711 (prev=1496.5)
Internal Error (overlap) in uni5F93: monotonic is both needed and unneeded (1483,4475)->(1850,4475). x=1711 (prev=1496.5)
Internal Error (overlap) in uni5F93: monotonic is both needed and unneeded (1723.41,6875.57)->(1610,5749). x=1711 (prev=1496.5)
Internal Error (overlap) in uni5F93: monotonic is both needed and unneeded (1594,5755)->(1714,6947). x=1711 (prev=1496.5)
Internal Error (overlap) in uni5F93: monotonic is both needed and unneeded (1925,8469)->(1483,8469). x=1711 (prev=8709.88)
Internal Error (overlap) in uni5F93: monotonic is both needed and unneeded (1483,8475)->(1925,8475). x=1711 (prev=1496.5)
Internal Error (overlap) in uni5F93: monotonic is both needed and unneeded (1799.73,10859.2)->(1694,9749). x=1711 (prev=10584)
Internal Error (overlap) in uni5F93: monotonic is both needed and unneeded (1678,9755)->(1790,10931). x=1711 (prev=8709.88)
Internal Error (overlap) in uni5F93: monotonic is both needed and unneeded (1773,12101)->(1686,11001). x=1711 (prev=10584)
Internal Error (overlap) in uni5F93: monotonic is both needed and unneeded (1670,11007)->(1757,12107). x=1711 (prev=10584)
Internal Error (overlap) in uni5F93: monotonic is both needed and unneeded (1780,13161)->(1525.2,13843.1). x=1711 (prev=12710)
Internal Error (overlap) in uni5F93: monotonic is both needed and unneeded (1526,13883)->(1796,13167). x=1711 (prev=10584)
Internal Error (overlap) in uni5F93: Winding number did not return to 0 when x=1711
Internal Error (overlap) in uni5F93: monotonic is both needed and unneeded (989,2099)->(1716,-1125). x=1711 (prev=1496.5)
Internal Error (overlap) in uni5F93: monotonic is both needed and unneeded (1796,981)->(1702,965). x=1711 (prev=1496.5)
Internal Error (overlap) in uni5F93: monotonic is both needed and unneeded (1694.46,971.125)->(1780,987). x=1711 (prev=1697.23)
Internal Error (overlap) in uni5F93: monotonic is both needed and unneeded (1850,4469)->(1483,4469). x=1711 (prev=1496.5)
Internal Error (overlap) in uni5F93: monotonic is both needed and unneeded (1483,4475)->(1850,4475). x=1711 (prev=1496.5)
Internal Error (overlap) in uni5F93: monotonic is both needed and unneeded (1723.41,6875.57)->(1610,5749). x=1711 (prev=1496.5)
Internal Error (overlap) in uni5F93: monotonic is both needed and unneeded (1594,5755)->(1714,6947). x=1711 (prev=1496.5)
Internal Error (overlap) in uni5F93: monotonic is both needed and unneeded (1925,8469)->(1483,8469). x=1711 (prev=8709.88)
Internal Error (overlap) in uni5F93: monotonic is both needed and unneeded (1483,8475)->(1925,8475). x=1711 (prev=1496.5)
Internal Error (overlap) in uni5F93: monotonic is both needed and unneeded (1799.73,10859.2)->(1694,9749). x=1711 (prev=10584)
Internal Error (overlap) in uni5F93: monotonic is both needed and unneeded (1678,9755)->(1790,10931). x=1711 (prev=8709.88)
Internal Error (overlap) in uni5F93: monotonic is both needed and unneeded (1773,12101)->(1686,11001). x=1711 (prev=10584)
Internal Error (overlap) in uni5F93: monotonic is both needed and unneeded (1670,11007)->(1757,12107). x=1711 (prev=10584)
Internal Error (overlap) in uni5F93: monotonic is both needed and unneeded (1780,13161)->(1525.2,13843.1). x=1711 (prev=12710)
Internal Error (overlap) in uni5F93: monotonic is both needed and unneeded (1526,13883)->(1796,13167). x=1711 (prev=10584)
Internal Error (overlap) in uni5F93: Winding number did not return to 0 when x=1711
Internal Error (overlap) in uni7E26: monotonic is both needed and unneeded (1944,701)->(1866,685). x=1868 (prev=4269.02)
Internal Error (overlap) in uni7E26: monotonic is both needed and unneeded (1857.88,691.165)->(1928,707). x=1868 (prev=1861.94)
Internal Error (overlap) in uni7E26: monotonic is both needed and unneeded (1929,4517)->(1702,4517). x=1868 (prev=1732.74)
Internal Error (overlap) in uni7E26: monotonic is both needed and unneeded (1702,4523)->(1929,4523). x=1868 (prev=1732.74)
Internal Error (overlap) in uni7E26: monotonic is both needed and unneeded (1880,6465)->(1849.91,6746.35). x=1868 (prev=1861.94)
Internal Error (overlap) in uni7E26: monotonic is both needed and unneeded (1857,6835)->(1896,6471). x=1868 (prev=1732.74)
Internal Error (overlap) in uni7E26: monotonic is both needed and unneeded (1960,8565)->(1702,8565). x=1868 (prev=8628)
Internal Error (overlap) in uni7E26: monotonic is both needed and unneeded (1702,8571)->(1960,8571). x=1868 (prev=1732.74)
Internal Error (overlap) in uni7E26: monotonic is both needed and unneeded (1881.33,10669.4)->(1800,9797). x=1868 (prev=10255.4)
Internal Error (overlap) in uni7E26: monotonic is both needed and unneeded (1784,9803)->(1872,10747). x=1868 (prev=8628)
Internal Error (overlap) in uni7E26: monotonic is both needed and unneeded (1886,12349)->(1813,11117). x=1868 (prev=10255.4)
Internal Error (overlap) in uni7E26: monotonic is both needed and unneeded (1797,11123)->(1870,12355). x=1868 (prev=10255.4)
Internal Error (overlap) in uni7E26: monotonic is both needed and unneeded (1881,13293)->(1670.38,13874.5). x=1868 (prev=1732.74)
Internal Error (overlap) in uni7E26: monotonic is both needed and unneeded (1671,13915)->(1897,13299). x=1868 (prev=10255.4)
Internal Error (overlap) in uni7E26: Winding number did not return to 0 when x=1868
Internal Error (overlap) in uni7E26: monotonic is both needed and unneeded (1944,701)->(1866,685). x=1868 (prev=4269.02)
Internal Error (overlap) in uni7E26: monotonic is both needed and unneeded (1857.88,691.165)->(1928,707). x=1868 (prev=1861.94)
Internal Error (overlap) in uni7E26: monotonic is both needed and unneeded (1929,4517)->(1702,4517). x=1868 (prev=1732.74)
Internal Error (overlap) in uni7E26: monotonic is both needed and unneeded (1702,4523)->(1929,4523). x=1868 (prev=1732.74)
Internal Error (overlap) in uni7E26: monotonic is both needed and unneeded (1880,6465)->(1849.91,6746.35). x=1868 (prev=1861.94)
Internal Error (overlap) in uni7E26: monotonic is both needed and unneeded (1857,6835)->(1896,6471). x=1868 (prev=1732.74)
Internal Error (overlap) in uni7E26: monotonic is both needed and unneeded (1960,8565)->(1702,8565). x=1868 (prev=8628)
Internal Error (overlap) in uni7E26: monotonic is both needed and unneeded (1702,8571)->(1960,8571). x=1868 (prev=1732.74)
Internal Error (overlap) in uni7E26: monotonic is both needed and unneeded (1881.33,10669.4)->(1800,9797). x=1868 (prev=10255.4)
Internal Error (overlap) in uni7E26: monotonic is both needed and unneeded (1784,9803)->(1872,10747). x=1868 (prev=8628)
Internal Error (overlap) in uni7E26: monotonic is both needed and unneeded (1886,12349)->(1813,11117). x=1868 (prev=10255.4)
Internal Error (overlap) in uni7E26: monotonic is both needed and unneeded (1797,11123)->(1870,12355). x=1868 (prev=10255.4)
Internal Error (overlap) in uni7E26: monotonic is both needed and unneeded (1881,13293)->(1670.38,13874.5). x=1868 (prev=1732.74)
Internal Error (overlap) in uni7E26: monotonic is both needed and unneeded (1671,13915)->(1897,13299). x=1868 (prev=10255.4)
Internal Error (overlap) in uni7E26: Winding number did not return to 0 when x=1868
Internal Error (overlap) in uni7E26: monotonic is both needed and unneeded (1944,701)->(1866,685). x=1868 (prev=4269.02)
Internal Error (overlap) in uni7E26: monotonic is both needed and unneeded (1857.88,691.165)->(1928,707). x=1868 (prev=1861.94)
Internal Error (overlap) in uni7E26: monotonic is both needed and unneeded (1929,4517)->(1702,4517). x=1868 (prev=1732.74)
Internal Error (overlap) in uni7E26: monotonic is both needed and unneeded (1702,4523)->(1929,4523). x=1868 (prev=1732.74)
Internal Error (overlap) in uni7E26: monotonic is both needed and unneeded (1880,6465)->(1849.91,6746.35). x=1868 (prev=1861.94)
Internal Error (overlap) in uni7E26: monotonic is both needed and unneeded (1857,6835)->(1896,6471). x=1868 (prev=1732.74)
Internal Error (overlap) in uni7E26: monotonic is both needed and unneeded (1960,8565)->(1702,8565). x=1868 (prev=8628)
Internal Error (overlap) in uni7E26: monotonic is both needed and unneeded (1702,8571)->(1960,8571). x=1868 (prev=1732.74)
Internal Error (overlap) in uni7E26: monotonic is both needed and unneeded (1881.33,10669.4)->(1800,9797). x=1868 (prev=10255.4)
Internal Error (overlap) in uni7E26: monotonic is both needed and unneeded (1784,9803)->(1872,10747). x=1868 (prev=8628)
Internal Error (overlap) in uni7E26: monotonic is both needed and unneeded (1886,12349)->(1813,11117). x=1868 (prev=10255.4)
Internal Error (overlap) in uni7E26: monotonic is both needed and unneeded (1797,11123)->(1870,12355). x=1868 (prev=10255.4)
Internal Error (overlap) in uni7E26: monotonic is both needed and unneeded (1881,13293)->(1670.38,13874.5). x=1868 (prev=1732.74)
Internal Error (overlap) in uni7E26: monotonic is both needed and unneeded (1671,13915)->(1897,13299). x=1868 (prev=10255.4)
Internal Error (overlap) in uni7E26: Winding number did not return to 0 when x=1868
Internal Error (overlap) in uni7E26: monotonic is both needed and unneeded (1944,701)->(1866,685). x=1868 (prev=4269.02)
Internal Error (overlap) in uni7E26: monotonic is both needed and unneeded (1857.88,691.165)->(1928,707). x=1868 (prev=1861.94)
Internal Error (overlap) in uni7E26: monotonic is both needed and unneeded (1929,4517)->(1702,4517). x=1868 (prev=1732.74)
Internal Error (overlap) in uni7E26: monotonic is both needed and unneeded (1702,4523)->(1929,4523). x=1868 (prev=1732.74)
Internal Error (overlap) in uni7E26: monotonic is both needed and unneeded (1880,6465)->(1849.91,6746.35). x=1868 (prev=1861.94)
Internal Error (overlap) in uni7E26: monotonic is both needed and unneeded (1857,6835)->(1896,6471). x=1868 (prev=1732.74)
Internal Error (overlap) in uni7E26: monotonic is both needed and unneeded (1960,8565)->(1702,8565). x=1868 (prev=8628)
Internal Error (overlap) in uni7E26: monotonic is both needed and unneeded (1702,8571)->(1960,8571). x=1868 (prev=1732.74)
Internal Error (overlap) in uni7E26: monotonic is both needed and unneeded (1881.33,10669.4)->(1800,9797). x=1868 (prev=10255.4)
Internal Error (overlap) in uni7E26: monotonic is both needed and unneeded (1784,9803)->(1872,10747). x=1868 (prev=8628)
Internal Error (overlap) in uni7E26: monotonic is both needed and unneeded (1886,12349)->(1813,11117). x=1868 (prev=10255.4)
Internal Error (overlap) in uni7E26: monotonic is both needed and unneeded (1797,11123)->(1870,12355). x=1868 (prev=10255.4)
Internal Error (overlap) in uni7E26: monotonic is both needed and unneeded (1881,13293)->(1670.38,13874.5). x=1868 (prev=1732.74)
Internal Error (overlap) in uni7E26: monotonic is both needed and unneeded (1671,13915)->(1897,13299). x=1868 (prev=10255.4)
Internal Error (overlap) in uni7E26: Winding number did not return to 0 when x=1868
Internal Error (overlap) in uni7E26: monotonic is both needed and unneeded (1944,701)->(1866,685). x=1868 (prev=4269.02)
Internal Error (overlap) in uni7E26: monotonic is both needed and unneeded (1857.88,691.165)->(1928,707). x=1868 (prev=1861.94)
Internal Error (overlap) in uni7E26: monotonic is both needed and unneeded (1929,4517)->(1702,4517). x=1868 (prev=1732.74)
Internal Error (overlap) in uni7E26: monotonic is both needed and unneeded (1702,4523)->(1929,4523). x=1868 (prev=1732.74)
Internal Error (overlap) in uni7E26: monotonic is both needed and unneeded (1880,6465)->(1849.91,6746.35). x=1868 (prev=1861.94)
Internal Error (overlap) in uni7E26: monotonic is both needed and unneeded (1857,6835)->(1896,6471). x=1868 (prev=1732.74)
Internal Error (overlap) in uni7E26: monotonic is both needed and unneeded (1960,8565)->(1702,8565). x=1868 (prev=8628)
Internal Error (overlap) in uni7E26: monotonic is both needed and unneeded (1702,8571)->(1960,8571). x=1868 (prev=1732.74)
Internal Error (overlap) in uni7E26: monotonic is both needed and unneeded (1881.33,10669.4)->(1800,9797). x=1868 (prev=10255.4)
Internal Error (overlap) in uni7E26: monotonic is both needed and unneeded (1784,9803)->(1872,10747). x=1868 (prev=8628)
Internal Error (overlap) in uni7E26: monotonic is both needed and unneeded (1886,12349)->(1813,11117). x=1868 (prev=10255.4)
Internal Error (overlap) in uni7E26: monotonic is both needed and unneeded (1797,11123)->(1870,12355). x=1868 (prev=10255.4)
Internal Error (overlap) in uni7E26: monotonic is both needed and unneeded (1881,13293)->(1670.38,13874.5). x=1868 (prev=1732.74)
Internal Error (overlap) in uni7E26: monotonic is both needed and unneeded (1671,13915)->(1897,13299). x=1868 (prev=10255.4)
Internal Error (overlap) in uni7E26: Winding number did not return to 0 when x=1868
Internal Error (overlap) in uni7E26: couldn't find a needed exit from an intersection
Internal Error (overlap) in uni7E26: couldn't find a needed exit from an intersection
Internal Error (overlap) in uni65CB: monotonic is both needed and unneeded (1857,673)->(1708,621). x=1739.5 (prev=1428.82)
Internal Error (overlap) in uni65CB: monotonic is both needed and unneeded (1700.31,627.157)->(1841,679). x=1739.5 (prev=1704.15)
Internal Error (overlap) in uni65CB: monotonic is both needed and unneeded (1866,3309)->(1542,3309). x=1739.5 (prev=1660.95)
Internal Error (overlap) in uni65CB: monotonic is both needed and unneeded (1542,3315)->(1866,3315). x=1739.5 (prev=1660.95)
Internal Error (overlap) in uni65CB: monotonic is both needed and unneeded (1755.66,5266.82)->(1657,4485). x=1739.5 (prev=1660.95)
Internal Error (overlap) in uni65CB: monotonic is both needed and unneeded (1641,4491)->(1747,5331). x=1739.5 (prev=1660.95)
Internal Error (overlap) in uni65CB: monotonic is both needed and unneeded (1753,5373)->(1737,5373). x=1739.5 (prev=7901.99)
Internal Error (overlap) in uni65CB: monotonic is both needed and unneeded (1646.21,5818.14)->(1742.73,5421.23). x=1739.5 (prev=1660.95)
Internal Error (overlap) in uni65CB: monotonic is both needed and unneeded (1765.64,9075.47)->(1675,8269). x=1739.5 (prev=1065.5)
Internal Error (overlap) in uni65CB: monotonic is both needed and unneeded (1659,8275)->(1757,9147). x=1739.5 (prev=7901.99)
Internal Error (overlap) in uni65CB: monotonic is both needed and unneeded (1940,9877)->(1136,9877). x=1739.5 (prev=11048)
Internal Error (overlap) in uni65CB: monotonic is both needed and unneeded (1136,9883)->(1940,9883). x=1739.5 (prev=1065.5)
Internal Error (overlap) in uni65CB: monotonic is both needed and unneeded (1797.41,12365.3)->(1679,11221). x=1739.5 (prev=11224)
Internal Error (overlap) in uni65CB: monotonic is both needed and unneeded (1663,11227)->(1788,12435). x=1739.5 (prev=11048)
Internal Error (overlap) in uni65CB: Winding number did not return to 0 when x=1739.5
Internal Error (overlap) in uni65CB: monotonic is both needed and unneeded (1857,673)->(1708,621). x=1739.5 (prev=1428.82)
Internal Error (overlap) in uni65CB: monotonic is both needed and unneeded (1700.31,627.157)->(1841,679). x=1739.5 (prev=1704.15)
Internal Error (overlap) in uni65CB: monotonic is both needed and unneeded (1866,3309)->(1542,3309). x=1739.5 (prev=1660.95)
Internal Error (overlap) in uni65CB: monotonic is both needed and unneeded (1542,3315)->(1866,3315). x=1739.5 (prev=1660.95)
Internal Error (overlap) in uni65CB: monotonic is both needed and unneeded (1755.66,5266.82)->(1657,4485). x=1739.5 (prev=1660.95)
Internal Error (overlap) in uni65CB: monotonic is both needed and unneeded (1641,4491)->(1747,5331). x=1739.5 (prev=1660.95)
Internal Error (overlap) in uni65CB: monotonic is both needed and unneeded (1753,5373)->(1737,5373). x=1739.5 (prev=7901.99)
Internal Error (overlap) in uni65CB: monotonic is both needed and unneeded (1646.21,5818.14)->(1742.73,5421.23). x=1739.5 (prev=1660.95)
Internal Error (overlap) in uni65CB: monotonic is both needed and unneeded (1765.64,9075.47)->(1675,8269). x=1739.5 (prev=1065.5)
Internal Error (overlap) in uni65CB: monotonic is both needed and unneeded (1659,8275)->(1757,9147). x=1739.5 (prev=7901.99)
Internal Error (overlap) in uni65CB: monotonic is both needed and unneeded (1940,9877)->(1136,9877). x=1739.5 (prev=11048)
Internal Error (overlap) in uni65CB: monotonic is both needed and unneeded (1136,9883)->(1940,9883). x=1739.5 (prev=1065.5)
Internal Error (overlap) in uni65CB: monotonic is both needed and unneeded (1797.41,12365.3)->(1679,11221). x=1739.5 (prev=11224)
Internal Error (overlap) in uni65CB: monotonic is both needed and unneeded (1663,11227)->(1788,12435). x=1739.5 (prev=11048)
Internal Error (overlap) in uni65CB: Winding number did not return to 0 when x=1739.5
Internal Error (overlap) in uni65CB: monotonic is both needed and unneeded (1116,1347)->(1742,-1261). x=1739.5 (prev=1065.5)
Internal Error (overlap) in uni65CB: monotonic is both needed and unneeded (1857,673)->(1708,621). x=1739.5 (prev=1428.82)
Internal Error (overlap) in uni65CB: monotonic is both needed and unneeded (1700.31,627.157)->(1841,679). x=1739.5 (prev=1704.15)
Internal Error (overlap) in uni65CB: monotonic is both needed and unneeded (1866,3309)->(1542,3309). x=1739.5 (prev=1660.95)
Internal Error (overlap) in uni65CB: monotonic is both needed and unneeded (1542,3315)->(1866,3315). x=1739.5 (prev=1660.95)
Internal Error (overlap) in uni65CB: monotonic is both needed and unneeded (1755.66,5266.82)->(1657,4485). x=1739.5 (prev=1660.95)
Internal Error (overlap) in uni65CB: monotonic is both needed and unneeded (1641,4491)->(1747,5331). x=1739.5 (prev=1660.95)
Internal Error (overlap) in uni65CB: monotonic is both needed and unneeded (1753,5373)->(1737,5373). x=1739.5 (prev=7901.99)
Internal Error (overlap) in uni65CB: monotonic is both needed and unneeded (1646.21,5818.14)->(1742.73,5421.23). x=1739.5 (prev=1660.95)
Internal Error (overlap) in uni65CB: monotonic is both needed and unneeded (1765.64,9075.47)->(1675,8269). x=1739.5 (prev=1065.5)
Internal Error (overlap) in uni65CB: monotonic is both needed and unneeded (1659,8275)->(1757,9147). x=1739.5 (prev=7901.99)
Internal Error (overlap) in uni65CB: monotonic is both needed and unneeded (1940,9877)->(1136,9877). x=1739.5 (prev=11048)
Internal Error (overlap) in uni65CB: monotonic is both needed and unneeded (1136,9883)->(1940,9883). x=1739.5 (prev=1065.5)
Internal Error (overlap) in uni65CB: monotonic is both needed and unneeded (1797.41,12365.3)->(1679,11221). x=1739.5 (prev=11224)
Internal Error (overlap) in uni65CB: monotonic is both needed and unneeded (1663,11227)->(1788,12435). x=1739.5 (prev=11048)
Internal Error (overlap) in uni65CB: Winding number did not return to 0 when x=1739.5
Internal Error (overlap) in uni65CB: monotonic is both needed and unneeded (1116,1347)->(1742,-1261). x=1739.5 (prev=1065.5)
Internal Error (overlap) in uni65CB: monotonic is both needed and unneeded (1857,673)->(1708,621). x=1739.5 (prev=1428.82)
Internal Error (overlap) in uni65CB: monotonic is both needed and unneeded (1700.31,627.157)->(1841,679). x=1739.5 (prev=1704.15)
Internal Error (overlap) in uni65CB: monotonic is both needed and unneeded (1866,3309)->(1542,3309). x=1739.5 (prev=1660.95)
Internal Error (overlap) in uni65CB: monotonic is both needed and unneeded (1542,3315)->(1866,3315). x=1739.5 (prev=1660.95)
Internal Error (overlap) in uni65CB: monotonic is both needed and unneeded (1755.66,5266.82)->(1657,4485). x=1739.5 (prev=1660.95)
Internal Error (overlap) in uni65CB: monotonic is both needed and unneeded (1641,4491)->(1747,5331). x=1739.5 (prev=1660.95)
Internal Error (overlap) in uni65CB: monotonic is both needed and unneeded (1753,5373)->(1737,5373). x=1739.5 (prev=7901.99)
Internal Error (overlap) in uni65CB: monotonic is both needed and unneeded (1646.21,5818.14)->(1742.73,5421.23). x=1739.5 (prev=1660.95)
Internal Error (overlap) in uni65CB: monotonic is both needed and unneeded (1765.64,9075.47)->(1675,8269). x=1739.5 (prev=1065.5)
Internal Error (overlap) in uni65CB: monotonic is both needed and unneeded (1659,8275)->(1757,9147). x=1739.5 (prev=7901.99)
Internal Error (overlap) in uni65CB: monotonic is both needed and unneeded (1940,9877)->(1136,9877). x=1739.5 (prev=11048)
Internal Error (overlap) in uni65CB: monotonic is both needed and unneeded (1136,9883)->(1940,9883). x=1739.5 (prev=1065.5)
Internal Error (overlap) in uni65CB: monotonic is both needed and unneeded (1797.41,12365.3)->(1679,11221). x=1739.5 (prev=11224)
Internal Error (overlap) in uni65CB: monotonic is both needed and unneeded (1663,11227)->(1788,12435). x=1739.5 (prev=11048)
Internal Error (overlap) in uni65CB: Winding number did not return to 0 when x=1739.5
Internal Error (overlap) in uni65CB: monotonic is both needed and unneeded (1116,1347)->(1742,-1261). x=1739.5 (prev=1065.5)
Internal Error (overlap) in uni65CB: monotonic is both needed and unneeded (1857,673)->(1708,621). x=1739.5 (prev=1428.82)
Internal Error (overlap) in uni65CB: monotonic is both needed and unneeded (1700.31,627.157)->(1841,679). x=1739.5 (prev=1704.15)
Internal Error (overlap) in uni65CB: monotonic is both needed and unneeded (1866,3309)->(1542,3309). x=1739.5 (prev=1660.95)
Internal Error (overlap) in uni65CB: monotonic is both needed and unneeded (1542,3315)->(1866,3315). x=1739.5 (prev=1660.95)
Internal Error (overlap) in uni65CB: monotonic is both needed and unneeded (1755.66,5266.82)->(1657,4485). x=1739.5 (prev=1660.95)
Internal Error (overlap) in uni65CB: monotonic is both needed and unneeded (1641,4491)->(1747,5331). x=1739.5 (prev=1660.95)
Internal Error (overlap) in uni65CB: monotonic is both needed and unneeded (1753,5373)->(1737,5373). x=1739.5 (prev=7901.99)
Internal Error (overlap) in uni65CB: monotonic is both needed and unneeded (1646.21,5818.14)->(1742.73,5421.23). x=1739.5 (prev=1660.95)
Internal Error (overlap) in uni65CB: monotonic is both needed and unneeded (1765.64,9075.47)->(1675,8269). x=1739.5 (prev=1065.5)
Internal Error (overlap) in uni65CB: monotonic is both needed and unneeded (1659,8275)->(1757,9147). x=1739.5 (prev=7901.99)
Internal Error (overlap) in uni65CB: monotonic is both needed and unneeded (1940,9877)->(1136,9877). x=1739.5 (prev=11048)
Internal Error (overlap) in uni65CB: monotonic is both needed and unneeded (1136,9883)->(1940,9883). x=1739.5 (prev=1065.5)
Internal Error (overlap) in uni65CB: monotonic is both needed and unneeded (1797.41,12365.3)->(1679,11221). x=1739.5 (prev=11224)
Internal Error (overlap) in uni65CB: monotonic is both needed and unneeded (1663,11227)->(1788,12435). x=1739.5 (prev=11048)
Internal Error (overlap) in uni65CB: Winding number did not return to 0 when x=1739.5
Internal Error (overlap) in uni6349: monotonic is both needed and unneeded (1830,833)->(1671,781). x=1708 (prev=968)
Internal Error (overlap) in uni6349: monotonic is both needed and unneeded (1663.3,787.155)->(1814,839). x=1708 (prev=968)
Internal Error (overlap) in uni6349: monotonic is both needed and unneeded (1882,3765)->(1487,3765). x=1708 (prev=4304.32)
Internal Error (overlap) in uni6349: monotonic is both needed and unneeded (1487,3771)->(1882,3771). x=1708 (prev=1524)
Internal Error (overlap) in uni6349: monotonic is both needed and unneeded (1758.54,6137.16)->(1650,4997). x=1708 (prev=5797.09)
Internal Error (overlap) in uni6349: monotonic is both needed and unneeded (1634,5003)->(1749,6211). x=1708 (prev=4304.32)
Internal Error (overlap) in uni6349: monotonic is both needed and unneeded (1845,6845)->(1614,6845). x=1708 (prev=6848)
Internal Error (overlap) in uni6349: monotonic is both needed and unneeded (1614,6851)->(1845,6851). x=1708 (prev=1667.15)
Internal Error (overlap) in uni6349: monotonic is both needed and unneeded (1804,12945)->(1697.33,13633.6). x=1708 (prev=13433.6)
Internal Error (overlap) in uni6349: monotonic is both needed and unneeded (1704,13699)->(1820,12951). x=1708 (prev=8176)
Internal Error (overlap) in uni6349: Winding number did not return to 0 when x=1708
Internal Error (overlap) in uni6349: monotonic is both needed and unneeded (1830,833)->(1671,781). x=1708 (prev=968)
Internal Error (overlap) in uni6349: monotonic is both needed and unneeded (1663.3,787.155)->(1814,839). x=1708 (prev=968)
Internal Error (overlap) in uni6349: monotonic is both needed and unneeded (1882,3765)->(1487,3765). x=1708 (prev=4304.32)
Internal Error (overlap) in uni6349: monotonic is both needed and unneeded (1487,3771)->(1882,3771). x=1708 (prev=1524)
Internal Error (overlap) in uni6349: monotonic is both needed and unneeded (1758.54,6137.16)->(1650,4997). x=1708 (prev=5797.09)
Internal Error (overlap) in uni6349: monotonic is both needed and unneeded (1634,5003)->(1749,6211). x=1708 (prev=4304.32)
Internal Error (overlap) in uni6349: monotonic is both needed and unneeded (1845,6845)->(1614,6845). x=1708 (prev=6848)
Internal Error (overlap) in uni6349: monotonic is both needed and unneeded (1614,6851)->(1845,6851). x=1708 (prev=1667.15)
Internal Error (overlap) in uni6349: monotonic is both needed and unneeded (1804,12945)->(1697.33,13633.6). x=1708 (prev=13433.6)
Internal Error (overlap) in uni6349: monotonic is both needed and unneeded (1704,13699)->(1820,12951). x=1708 (prev=8176)
Internal Error (overlap) in uni6349: Winding number did not return to 0 when x=1708
Internal Error (overlap) in uni6349: monotonic is both needed and unneeded (1830,833)->(1671,781). x=1708 (prev=968)
Internal Error (overlap) in uni6349: monotonic is both needed and unneeded (1663.3,787.155)->(1814,839). x=1708 (prev=968)
Internal Error (overlap) in uni6349: monotonic is both needed and unneeded (1882,3765)->(1487,3765). x=1708 (prev=4304.32)
Internal Error (overlap) in uni6349: monotonic is both needed and unneeded (1487,3771)->(1882,3771). x=1708 (prev=1524)
Internal Error (overlap) in uni6349: monotonic is both needed and unneeded (1758.54,6137.16)->(1650,4997). x=1708 (prev=5797.09)
Internal Error (overlap) in uni6349: monotonic is both needed and unneeded (1634,5003)->(1749,6211). x=1708 (prev=4304.32)
Internal Error (overlap) in uni6349: monotonic is both needed and unneeded (1845,6845)->(1614,6845). x=1708 (prev=6848)
Internal Error (overlap) in uni6349: monotonic is both needed and unneeded (1614,6851)->(1845,6851). x=1708 (prev=1667.15)
Internal Error (overlap) in uni6349: monotonic is both needed and unneeded (1804,12945)->(1697.33,13633.6). x=1708 (prev=13433.6)
Internal Error (overlap) in uni6349: monotonic is both needed and unneeded (1704,13699)->(1820,12951). x=1708 (prev=8176)
Internal Error (overlap) in uni6349: Winding number did not return to 0 when x=1708
Internal Error (overlap) in uni6349: monotonic is both needed and unneeded (1830,833)->(1671,781). x=1708 (prev=968)
Internal Error (overlap) in uni6349: monotonic is both needed and unneeded (1663.3,787.155)->(1814,839). x=1708 (prev=968)
Internal Error (overlap) in uni6349: monotonic is both needed and unneeded (1882,3765)->(1487,3765). x=1708 (prev=4304.32)
Internal Error (overlap) in uni6349: monotonic is both needed and unneeded (1487,3771)->(1882,3771). x=1708 (prev=1524)
Internal Error (overlap) in uni6349: monotonic is both needed and unneeded (1758.54,6137.16)->(1650,4997). x=1708 (prev=5797.09)
Internal Error (overlap) in uni6349: monotonic is both needed and unneeded (1634,5003)->(1749,6211). x=1708 (prev=4304.32)
Internal Error (overlap) in uni6349: monotonic is both needed and unneeded (1845,6845)->(1614,6845). x=1708 (prev=6848)
Internal Error (overlap) in uni6349: monotonic is both needed and unneeded (1614,6851)->(1845,6851). x=1708 (prev=1667.15)
Internal Error (overlap) in uni6349: monotonic is both needed and unneeded (1804,12945)->(1697.33,13633.6). x=1708 (prev=13433.6)
Internal Error (overlap) in uni6349: monotonic is both needed and unneeded (1704,13699)->(1820,12951). x=1708 (prev=8176)
Internal Error (overlap) in uni6349: Winding number did not return to 0 when x=1708
Internal Error (overlap) in uni6349: monotonic is both needed and unneeded (1267,-457)->(1710,-1173). x=1708 (prev=804)
Internal Error (overlap) in uni6349: monotonic is both needed and unneeded (1830,833)->(1671,781). x=1708 (prev=968)
Internal Error (overlap) in uni6349: monotonic is both needed and unneeded (1663.3,787.155)->(1814,839). x=1708 (prev=968)
Internal Error (overlap) in uni6349: monotonic is both needed and unneeded (1882,3765)->(1487,3765). x=1708 (prev=4304.32)
Internal Error (overlap) in uni6349: monotonic is both needed and unneeded (1487,3771)->(1882,3771). x=1708 (prev=1524)
Internal Error (overlap) in uni6349: monotonic is both needed and unneeded (1758.54,6137.16)->(1650,4997). x=1708 (prev=5797.09)
Internal Error (overlap) in uni6349: monotonic is both needed and unneeded (1634,5003)->(1749,6211). x=1708 (prev=4304.32)
Internal Error (overlap) in uni6349: monotonic is both needed and unneeded (1845,6845)->(1614,6845). x=1708 (prev=6848)
Internal Error (overlap) in uni6349: monotonic is both needed and unneeded (1614,6851)->(1845,6851). x=1708 (prev=1667.15)
Internal Error (overlap) in uni6349: monotonic is both needed and unneeded (1804,12945)->(1697.33,13633.6). x=1708 (prev=13433.6)
Internal Error (overlap) in uni6349: monotonic is both needed and unneeded (1704,13699)->(1820,12951). x=1708 (prev=8176)
Internal Error (overlap) in uni6349: Winding number did not return to 0 when x=1708
Internal Error (overlap) in uni5824: monotonic is both needed and unneeded (1826,833)->(1642,781). x=1747 (prev=1595.5)
Internal Error (overlap) in uni5824: monotonic is both needed and unneeded (1634.41,787.115)->(1810,839). x=1747 (prev=1638.2)
Internal Error (overlap) in uni5824: monotonic is both needed and unneeded (1854,2653)->(1476,2653). x=1747 (prev=1595.5)
Internal Error (overlap) in uni5824: monotonic is both needed and unneeded (1476,2659)->(1854,2659). x=1747 (prev=1595.5)
Internal Error (overlap) in uni5824: monotonic is both needed and unneeded (1806,4345)->(1738.18,4829.77). x=1747 (prev=1755)
Internal Error (overlap) in uni5824: monotonic is both needed and unneeded (1745,4899)->(1822,4351). x=1747 (prev=1595.5)
Internal Error (overlap) in uni5824: monotonic is both needed and unneeded (1940,5469)->(1476,5469). x=1747 (prev=6944)
Internal Error (overlap) in uni5824: monotonic is both needed and unneeded (1476,5475)->(1940,5475). x=1747 (prev=1595.5)
Internal Error (overlap) in uni5824: monotonic is both needed and unneeded (1790,7421)->(1691,6685). x=1747 (prev=1187.5)
Internal Error (overlap) in uni5824: monotonic is both needed and unneeded (1675,6691)->(1773.19,7421). x=1747 (prev=6944)
Internal Error (overlap) in uni5824: monotonic is both needed and unneeded (1773.19,7421)->(1575,7421). x=1747 (prev=1595.5)
Internal Error (overlap) in uni5824: monotonic is both needed and unneeded (1575,7427)->(1774,7427). x=1747 (prev=1595.5)
Internal Error (overlap) in uni5824: monotonic is both needed and unneeded (1764,13285)->(1660.4,13917.3). x=1747 (prev=1755)
Internal Error (overlap) in uni5824: monotonic is both needed and unneeded (1667,13979)->(1780,13291). x=1747 (prev=1595.5)
Internal Error (overlap) in uni5824: Winding number did not return to 0 when x=1747
Internal Error (overlap) in uni5824: monotonic is both needed and unneeded (1826,833)->(1642,781). x=1747 (prev=1595.5)
Internal Error (overlap) in uni5824: monotonic is both needed and unneeded (1634.41,787.115)->(1810,839). x=1747 (prev=1638.2)
Internal Error (overlap) in uni5824: monotonic is both needed and unneeded (1854,2653)->(1476,2653). x=1747 (prev=1595.5)
Internal Error (overlap) in uni5824: monotonic is both needed and unneeded (1476,2659)->(1854,2659). x=1747 (prev=1595.5)
Internal Error (overlap) in uni5824: monotonic is both needed and unneeded (1806,4345)->(1738.18,4829.77). x=1747 (prev=1755)
Internal Error (overlap) in uni5824: monotonic is both needed and unneeded (1745,4899)->(1822,4351). x=1747 (prev=1595.5)
Internal Error (overlap) in uni5824: monotonic is both needed and unneeded (1940,5469)->(1476,5469). x=1747 (prev=6944)
Internal Error (overlap) in uni5824: monotonic is both needed and unneeded (1476,5475)->(1940,5475). x=1747 (prev=1595.5)
Internal Error (overlap) in uni5824: monotonic is both needed and unneeded (1790,7421)->(1691,6685). x=1747 (prev=1187.5)
Internal Error (overlap) in uni5824: monotonic is both needed and unneeded (1675,6691)->(1773.19,7421). x=1747 (prev=6944)
Internal Error (overlap) in uni5824: monotonic is both needed and unneeded (1773.19,7421)->(1575,7421). x=1747 (prev=1595.5)
Internal Error (overlap) in uni5824: monotonic is both needed and unneeded (1575,7427)->(1774,7427). x=1747 (prev=1595.5)
Internal Error (overlap) in uni5824: monotonic is both needed and unneeded (1764,13285)->(1660.4,13917.3). x=1747 (prev=1755)
Internal Error (overlap) in uni5824: monotonic is both needed and unneeded (1667,13979)->(1780,13291). x=1747 (prev=1595.5)
Internal Error (overlap) in uni5824: Winding number did not return to 0 when x=1747
Internal Error (overlap) in uni5824: monotonic is both needed and unneeded (1826,833)->(1642,781). x=1747 (prev=1595.5)
Internal Error (overlap) in uni5824: monotonic is both needed and unneeded (1634.41,787.115)->(1810,839). x=1747 (prev=1638.2)
Internal Error (overlap) in uni5824: monotonic is both needed and unneeded (1854,2653)->(1476,2653). x=1747 (prev=1595.5)
Internal Error (overlap) in uni5824: monotonic is both needed and unneeded (1476,2659)->(1854,2659). x=1747 (prev=1595.5)
Internal Error (overlap) in uni5824: monotonic is both needed and unneeded (1806,4345)->(1738.18,4829.77). x=1747 (prev=1755)
Internal Error (overlap) in uni5824: monotonic is both needed and unneeded (1745,4899)->(1822,4351). x=1747 (prev=1595.5)
Internal Error (overlap) in uni5824: monotonic is both needed and unneeded (1940,5469)->(1476,5469). x=1747 (prev=6944)
Internal Error (overlap) in uni5824: monotonic is both needed and unneeded (1476,5475)->(1940,5475). x=1747 (prev=1595.5)
Internal Error (overlap) in uni5824: monotonic is both needed and unneeded (1790,7421)->(1691,6685). x=1747 (prev=1187.5)
Internal Error (overlap) in uni5824: monotonic is both needed and unneeded (1675,6691)->(1773.19,7421). x=1747 (prev=6944)
Internal Error (overlap) in uni5824: monotonic is both needed and unneeded (1773.19,7421)->(1575,7421). x=1747 (prev=1595.5)
Internal Error (overlap) in uni5824: monotonic is both needed and unneeded (1575,7427)->(1774,7427). x=1747 (prev=1595.5)
Internal Error (overlap) in uni5824: monotonic is both needed and unneeded (1764,13285)->(1660.4,13917.3). x=1747 (prev=1755)
Internal Error (overlap) in uni5824: monotonic is both needed and unneeded (1667,13979)->(1780,13291). x=1747 (prev=1595.5)
Internal Error (overlap) in uni5824: Winding number did not return to 0 when x=1747
Internal Error (overlap) in uni5824: monotonic is both needed and unneeded (1826,833)->(1642,781). x=1747 (prev=1595.5)
Internal Error (overlap) in uni5824: monotonic is both needed and unneeded (1634.41,787.115)->(1810,839). x=1747 (prev=1638.2)
Internal Error (overlap) in uni5824: monotonic is both needed and unneeded (1854,2653)->(1476,2653). x=1747 (prev=1595.5)
Internal Error (overlap) in uni5824: monotonic is both needed and unneeded (1476,2659)->(1854,2659). x=1747 (prev=1595.5)
Internal Error (overlap) in uni5824: monotonic is both needed and unneeded (1806,4345)->(1738.18,4829.77). x=1747 (prev=1755)
Internal Error (overlap) in uni5824: monotonic is both needed and unneeded (1745,4899)->(1822,4351). x=1747 (prev=1595.5)
Internal Error (overlap) in uni5824: monotonic is both needed and unneeded (1940,5469)->(1476,5469). x=1747 (prev=6944)
Internal Error (overlap) in uni5824: monotonic is both needed and unneeded (1476,5475)->(1940,5475). x=1747 (prev=1595.5)
Internal Error (overlap) in uni5824: monotonic is both needed and unneeded (1790,7421)->(1691,6685). x=1747 (prev=1187.5)
Internal Error (overlap) in uni5824: monotonic is both needed and unneeded (1675,6691)->(1773.19,7421). x=1747 (prev=6944)
Internal Error (overlap) in uni5824: monotonic is both needed and unneeded (1773.19,7421)->(1575,7421). x=1747 (prev=1595.5)
Internal Error (overlap) in uni5824: monotonic is both needed and unneeded (1575,7427)->(1774,7427). x=1747 (prev=1595.5)
Internal Error (overlap) in uni5824: monotonic is both needed and unneeded (1764,13285)->(1660.4,13917.3). x=1747 (prev=1755)
Internal Error (overlap) in uni5824: monotonic is both needed and unneeded (1667,13979)->(1780,13291). x=1747 (prev=1595.5)
Internal Error (overlap) in uni5824: Winding number did not return to 0 when x=1747
Internal Error (overlap) in uni5824: monotonic is both needed and unneeded (1409,-933)->(1749,-1197). x=1747 (prev=1187.5)
Internal Error (overlap) in uni5824: monotonic is both needed and unneeded (1826,833)->(1642,781). x=1747 (prev=1595.5)
Internal Error (overlap) in uni5824: monotonic is both needed and unneeded (1634.41,787.115)->(1810,839). x=1747 (prev=1638.2)
Internal Error (overlap) in uni5824: monotonic is both needed and unneeded (1854,2653)->(1476,2653). x=1747 (prev=1595.5)
Internal Error (overlap) in uni5824: monotonic is both needed and unneeded (1476,2659)->(1854,2659). x=1747 (prev=1595.5)
Internal Error (overlap) in uni5824: monotonic is both needed and unneeded (1806,4345)->(1738.18,4829.77). x=1747 (prev=1755)
Internal Error (overlap) in uni5824: monotonic is both needed and unneeded (1745,4899)->(1822,4351). x=1747 (prev=1595.5)
Internal Error (overlap) in uni5824: monotonic is both needed and unneeded (1940,5469)->(1476,5469). x=1747 (prev=6944)
Internal Error (overlap) in uni5824: monotonic is both needed and unneeded (1476,5475)->(1940,5475). x=1747 (prev=1595.5)
Internal Error (overlap) in uni5824: monotonic is both needed and unneeded (1790,7421)->(1691,6685). x=1747 (prev=1187.5)
Internal Error (overlap) in uni5824: monotonic is both needed and unneeded (1675,6691)->(1773.19,7421). x=1747 (prev=6944)
Internal Error (overlap) in uni5824: monotonic is both needed and unneeded (1773.19,7421)->(1575,7421). x=1747 (prev=1595.5)
Internal Error (overlap) in uni5824: monotonic is both needed and unneeded (1575,7427)->(1774,7427). x=1747 (prev=1595.5)
Internal Error (overlap) in uni5824: monotonic is both needed and unneeded (1764,13285)->(1660.4,13917.3). x=1747 (prev=1755)
Internal Error (overlap) in uni5824: monotonic is both needed and unneeded (1667,13979)->(1780,13291). x=1747 (prev=1595.5)
Internal Error (overlap) in uni5824: Winding number did not return to 0 when x=1747
Internal Error (overlap) in uni8188: monotonic is both needed and unneeded (1692,6565)->(1012,6565). x=1546.5 (prev=1370)
Internal Error (overlap) in uni8188: monotonic is both needed and unneeded (1028,6571)->(1692,6571). x=1546.5 (prev=1370)
Internal Error (overlap) in uni8188: monotonic is both needed and unneeded (1560,7221)->(1544,7221). x=1546.5 (prev=7224)
Internal Error (overlap) in uni8188: monotonic is both needed and unneeded (1544,7651)->(1560,7651). x=1546.5 (prev=7241.92)
Internal Error (overlap) in uni8188: monotonic is both needed and unneeded (1560,8677)->(1544,8677). x=1546.5 (prev=1370)
Internal Error (overlap) in uni8188: monotonic is both needed and unneeded (1544,9715)->(1560,9715). x=1546.5 (prev=1551.5)
Internal Error (overlap) in uni8188: monotonic is both needed and unneeded (1554,10741)->(1538,10741). x=1546.5 (prev=1370)
Internal Error (overlap) in uni8188: monotonic is both needed and unneeded (1538,10747)->(1641,11507). x=1546.5 (prev=1648.14)
Internal Error (overlap) in uni8188: monotonic is both needed and unneeded (1936,11661)->(815,11661). x=1546.5 (prev=12057.6)
Internal Error (overlap) in uni8188: monotonic is both needed and unneeded (831,11667)->(1936,11667). x=1546.5 (prev=12057.6)
Internal Error (overlap) in uni8188: monotonic is both needed and unneeded (1653,12957)->(782.227,12957). x=1546.5 (prev=1370)
Internal Error (overlap) in uni8188: monotonic is both needed and unneeded (782,12963)->(1653,12963). x=1546.5 (prev=1370)
Internal Error (overlap) in uni8188: Winding number did not return to 0 when x=1546.5
Internal Error (overlap) in uni8188: monotonic is both needed and unneeded (1692,6565)->(1012,6565). x=1546.5 (prev=1370)
Internal Error (overlap) in uni8188: monotonic is both needed and unneeded (1028,6571)->(1692,6571). x=1546.5 (prev=1370)
Internal Error (overlap) in uni8188: monotonic is both needed and unneeded (1560,7221)->(1544,7221). x=1546.5 (prev=7224)
Internal Error (overlap) in uni8188: monotonic is both needed and unneeded (1544,7651)->(1560,7651). x=1546.5 (prev=7241.92)
Internal Error (overlap) in uni8188: monotonic is both needed and unneeded (1560,8677)->(1544,8677). x=1546.5 (prev=1370)
Internal Error (overlap) in uni8188: monotonic is both needed and unneeded (1544,9715)->(1560,9715). x=1546.5 (prev=1551.5)
Internal Error (overlap) in uni8188: monotonic is both needed and unneeded (1554,10741)->(1538,10741). x=1546.5 (prev=1370)
Internal Error (overlap) in uni8188: monotonic is both needed and unneeded (1538,10747)->(1641,11507). x=1546.5 (prev=1648.14)
Internal Error (overlap) in uni8188: monotonic is both needed and unneeded (1936,11661)->(815,11661). x=1546.5 (prev=12057.6)
Internal Error (overlap) in uni8188: monotonic is both needed and unneeded (831,11667)->(1936,11667). x=1546.5 (prev=12057.6)
Internal Error (overlap) in uni8188: monotonic is both needed and unneeded (1653,12957)->(782.227,12957). x=1546.5 (prev=1370)
Internal Error (overlap) in uni8188: monotonic is both needed and unneeded (782,12963)->(1653,12963). x=1546.5 (prev=1370)
Internal Error (overlap) in uni8188: Winding number did not return to 0 when x=1546.5
Internal Error (overlap) in uni8188: monotonic is both needed and unneeded (1448,3407)->(1549,3179). x=1546.5 (prev=3857.91)
Internal Error (overlap) in uni8188: monotonic is both needed and unneeded (1692,6565)->(1012,6565). x=1546.5 (prev=1370)
Internal Error (overlap) in uni8188: monotonic is both needed and unneeded (1028,6571)->(1692,6571). x=1546.5 (prev=1370)
Internal Error (overlap) in uni8188: monotonic is both needed and unneeded (1560,7221)->(1544,7221). x=1546.5 (prev=7224)
Internal Error (overlap) in uni8188: monotonic is both needed and unneeded (1544,7651)->(1560,7651). x=1546.5 (prev=7241.92)
Internal Error (overlap) in uni8188: monotonic is both needed and unneeded (1560,8677)->(1544,8677). x=1546.5 (prev=1370)
Internal Error (overlap) in uni8188: monotonic is both needed and unneeded (1544,9715)->(1560,9715). x=1546.5 (prev=1551.5)
Internal Error (overlap) in uni8188: monotonic is both needed and unneeded (1554,10741)->(1538,10741). x=1546.5 (prev=1370)
Internal Error (overlap) in uni8188: monotonic is both needed and unneeded (1538,10747)->(1641,11507). x=1546.5 (prev=1648.14)
Internal Error (overlap) in uni8188: monotonic is both needed and unneeded (1936,11661)->(815,11661). x=1546.5 (prev=12057.6)
Internal Error (overlap) in uni8188: monotonic is both needed and unneeded (831,11667)->(1936,11667). x=1546.5 (prev=12057.6)
Internal Error (overlap) in uni8188: monotonic is both needed and unneeded (1653,12957)->(782.227,12957). x=1546.5 (prev=1370)
Internal Error (overlap) in uni8188: monotonic is both needed and unneeded (782,12963)->(1653,12963). x=1546.5 (prev=1370)
Internal Error (overlap) in uni8188: Winding number did not return to 0 when x=1546.5
Internal Error (overlap) in uni8188: monotonic is both needed and unneeded (1448,3407)->(1549,3179). x=1546.5 (prev=3857.91)
Internal Error (overlap) in uni8188: monotonic is both needed and unneeded (1692,6565)->(1012,6565). x=1546.5 (prev=1370)
Internal Error (overlap) in uni8188: monotonic is both needed and unneeded (1028,6571)->(1692,6571). x=1546.5 (prev=1370)
Internal Error (overlap) in uni8188: monotonic is both needed and unneeded (1560,7221)->(1544,7221). x=1546.5 (prev=7224)
Internal Error (overlap) in uni8188: monotonic is both needed and unneeded (1544,7651)->(1560,7651). x=1546.5 (prev=7241.92)
Internal Error (overlap) in uni8188: monotonic is both needed and unneeded (1560,8677)->(1544,8677). x=1546.5 (prev=1370)
Internal Error (overlap) in uni8188: monotonic is both needed and unneeded (1544,9715)->(1560,9715). x=1546.5 (prev=1551.5)
Internal Error (overlap) in uni8188: monotonic is both needed and unneeded (1554,10741)->(1538,10741). x=1546.5 (prev=1370)
Internal Error (overlap) in uni8188: monotonic is both needed and unneeded (1538,10747)->(1641,11507). x=1546.5 (prev=1648.14)
Internal Error (overlap) in uni8188: monotonic is both needed and unneeded (1936,11661)->(815,11661). x=1546.5 (prev=12057.6)
Internal Error (overlap) in uni8188: monotonic is both needed and unneeded (831,11667)->(1936,11667). x=1546.5 (prev=12057.6)
Internal Error (overlap) in uni8188: monotonic is both needed and unneeded (1653,12957)->(782.227,12957). x=1546.5 (prev=1370)
Internal Error (overlap) in uni8188: monotonic is both needed and unneeded (782,12963)->(1653,12963). x=1546.5 (prev=1370)
Internal Error (overlap) in uni8188: Winding number did not return to 0 when x=1546.5
Internal Error (overlap) in uni8188: monotonic is both needed and unneeded (1448,3407)->(1549,3179). x=1546.5 (prev=3857.91)
Internal Error (overlap) in uni8188: monotonic is both needed and unneeded (1692,6565)->(1012,6565). x=1546.5 (prev=1370)
Internal Error (overlap) in uni8188: monotonic is both needed and unneeded (1028,6571)->(1692,6571). x=1546.5 (prev=1370)
Internal Error (overlap) in uni8188: monotonic is both needed and unneeded (1560,7221)->(1544,7221). x=1546.5 (prev=7224)
Internal Error (overlap) in uni8188: monotonic is both needed and unneeded (1544,7651)->(1560,7651). x=1546.5 (prev=7241.92)
Internal Error (overlap) in uni8188: monotonic is both needed and unneeded (1560,8677)->(1544,8677). x=1546.5 (prev=1370)
Internal Error (overlap) in uni8188: monotonic is both needed and unneeded (1544,9715)->(1560,9715). x=1546.5 (prev=1551.5)
Internal Error (overlap) in uni8188: monotonic is both needed and unneeded (1554,10741)->(1538,10741). x=1546.5 (prev=1370)
Internal Error (overlap) in uni8188: monotonic is both needed and unneeded (1538,10747)->(1641,11507). x=1546.5 (prev=1648.14)
Internal Error (overlap) in uni8188: monotonic is both needed and unneeded (1936,11661)->(815,11661). x=1546.5 (prev=12057.6)
Internal Error (overlap) in uni8188: monotonic is both needed and unneeded (831,11667)->(1936,11667). x=1546.5 (prev=12057.6)
Internal Error (overlap) in uni8188: monotonic is both needed and unneeded (1653,12957)->(782.227,12957). x=1546.5 (prev=1370)
Internal Error (overlap) in uni8188: monotonic is both needed and unneeded (782,12963)->(1653,12963). x=1546.5 (prev=1370)
Internal Error (overlap) in uni8188: Winding number did not return to 0 when x=1546.5
Internal Error (overlap) in uni8CB6: monotonic is both needed and unneeded (1830,1009)->(1642,933). x=1718.5 (prev=3436)
Internal Error (overlap) in uni8CB6: monotonic is both needed and unneeded (1633.95,939.133)->(1814,1015). x=1718.5 (prev=1637.98)
Internal Error (overlap) in uni8CB6: monotonic is both needed and unneeded (1843,6501)->(1602,3757). x=1718.5 (prev=3436)
Internal Error (overlap) in uni8CB6: monotonic is both needed and unneeded (1586,3763)->(1827,6507). x=1718.5 (prev=3436)
Internal Error (overlap) in uni8CB6: monotonic is both needed and unneeded (1706,9163)->(1826,8319). x=1718.5 (prev=3436)
Internal Error (overlap) in uni8CB6: monotonic is both needed and unneeded (1779.48,11709.4)->(1668,11461). x=1718.5 (prev=11600)
Internal Error (overlap) in uni8CB6: monotonic is both needed and unneeded (1652,11467)->(1770,11731). x=1718.5 (prev=10767.5)
Internal Error (overlap) in uni8CB6: monotonic is both needed and unneeded (1708,13635)->(1864,12499). x=1718.5 (prev=1036)
Internal Error (overlap) in uni8CB6: Winding number did not return to 0 when x=1718.5
Internal Error (overlap) in uni8CB6: monotonic is both needed and unneeded (1810,8313)->(1699.11,9095.23). x=1726.5 (prev=1718.5)
Internal Error (overlap) in uni8CB6: monotonic is both needed and unneeded (1848,12493)->(1698.59,13585.1). x=1726.5 (prev=1718.5)
Internal Error (overlap) in uni8CB6: monotonic is both needed and unneeded (1830,1009)->(1642,933). x=1718.5 (prev=3436)
Internal Error (overlap) in uni8CB6: monotonic is both needed and unneeded (1633.95,939.133)->(1814,1015). x=1718.5 (prev=1637.98)
Internal Error (overlap) in uni8CB6: monotonic is both needed and unneeded (1843,6501)->(1602,3757). x=1718.5 (prev=3436)
Internal Error (overlap) in uni8CB6: monotonic is both needed and unneeded (1586,3763)->(1827,6507). x=1718.5 (prev=3436)
Internal Error (overlap) in uni8CB6: monotonic is both needed and unneeded (1706,9163)->(1826,8319). x=1718.5 (prev=3436)
Internal Error (overlap) in uni8CB6: monotonic is both needed and unneeded (1779.48,11709.4)->(1668,11461). x=1718.5 (prev=11600)
Internal Error (overlap) in uni8CB6: monotonic is both needed and unneeded (1652,11467)->(1770,11731). x=1718.5 (prev=10767.5)
Internal Error (overlap) in uni8CB6: monotonic is both needed and unneeded (1708,13635)->(1864,12499). x=1718.5 (prev=1036)
Internal Error (overlap) in uni8CB6: Winding number did not return to 0 when x=1718.5
Internal Error (overlap) in uni8CB6: monotonic is both needed and unneeded (1886,7737)->(1810,8313). x=1856.6 (prev=1718.5)
Internal Error (overlap) in uni8CB6: monotonic is both needed and unneeded (1895,11864.1)->(1848,12493). x=1856.6 (prev=1718.5)
Internal Error (overlap) in uni8CB6: monotonic is both needed and unneeded (1886,7737)->(1810,8313). y=8272 (prev=1718.5)
Internal Error (overlap) in uni8CB6: monotonic is both needed and unneeded (1895,11864.1)->(1848,12493). y=12025.6 (prev=1718.5)
Internal Error (overlap) in uni8CB6: monotonic is both needed and unneeded (1895,11864.1)->(1848,12493). y=12022.6 (prev=1718.5)
Internal Error (overlap) in uni8CB6: monotonic is both needed and unneeded (1895,11864.1)->(1848,12493). y=12022.6 (prev=1718.5)
Internal Error (overlap) in uni8CB6: monotonic is both needed and unneeded (1848,12493)->(1698.59,13585.1). y=13222.6 (prev=1718.5)
Internal Error (overlap) in uni8CB6: monotonic is both needed and unneeded (1417,-749)->(1721,-997). x=1718.5 (prev=1036)
Internal Error (overlap) in uni8CB6: monotonic is both needed and unneeded (1830,1009)->(1642,933). x=1718.5 (prev=3436)
Internal Error (overlap) in uni8CB6: monotonic is both needed and unneeded (1633.95,939.133)->(1814,1015). x=1718.5 (prev=1637.98)
Internal Error (overlap) in uni8CB6: monotonic is both needed and unneeded (1843,6501)->(1602,3757). x=1718.5 (prev=3436)
Internal Error (overlap) in uni8CB6: monotonic is both needed and unneeded (1586,3763)->(1827,6507). x=1718.5 (prev=3436)
Internal Error (overlap) in uni8CB6: monotonic is both needed and unneeded (1706,9163)->(1826,8319). x=1718.5 (prev=3436)
Internal Error (overlap) in uni8CB6: monotonic is both needed and unneeded (1779.48,11709.4)->(1668,11461). x=1718.5 (prev=11600)
Internal Error (overlap) in uni8CB6: monotonic is both needed and unneeded (1652,11467)->(1770,11731). x=1718.5 (prev=10767.5)
Internal Error (overlap) in uni8CB6: monotonic is both needed and unneeded (1708,13635)->(1864,12499). x=1718.5 (prev=1036)
Internal Error (overlap) in uni8CB6: Winding number did not return to 0 when x=1718.5
Internal Error (overlap) in uni8CB6: monotonic is both needed and unneeded (1417,-749)->(1721,-997). x=1718.5 (prev=1036)
Internal Error (overlap) in uni8CB6: monotonic is both needed and unneeded (1830,1009)->(1642,933). x=1718.5 (prev=3436)
Internal Error (overlap) in uni8CB6: monotonic is both needed and unneeded (1633.95,939.133)->(1814,1015). x=1718.5 (prev=1637.98)
Internal Error (overlap) in uni8CB6: monotonic is both needed and unneeded (1843,6501)->(1602,3757). x=1718.5 (prev=3436)
Internal Error (overlap) in uni8CB6: monotonic is both needed and unneeded (1586,3763)->(1827,6507). x=1718.5 (prev=3436)
Internal Error (overlap) in uni8CB6: monotonic is both needed and unneeded (1706,9163)->(1826,8319). x=1718.5 (prev=3436)
Internal Error (overlap) in uni8CB6: monotonic is both needed and unneeded (1779.48,11709.4)->(1668,11461). x=1718.5 (prev=11600)
Internal Error (overlap) in uni8CB6: monotonic is both needed and unneeded (1652,11467)->(1770,11731). x=1718.5 (prev=10767.5)
Internal Error (overlap) in uni8CB6: monotonic is both needed and unneeded (1708,13635)->(1864,12499). x=1718.5 (prev=1036)
Internal Error (overlap) in uni8CB6: Winding number did not return to 0 when x=1718.5
Internal Error (overlap) in uni8CB6: monotonic is both needed and unneeded (1895,11864.1)->(1848,12493). y=12025.6 (prev=1718.5)
Internal Error (overlap) in uni8CB6: monotonic is both needed and unneeded (1895,11864.1)->(1848,12493). y=12022.6 (prev=1718.5)
Internal Error (overlap) in uni8CB6: monotonic is both needed and unneeded (1895,11864.1)->(1848,12493). y=12022.6 (prev=1718.5)
Internal Error (overlap) in uni8CB6: monotonic is both needed and unneeded (1417,-749)->(1721,-997). x=1718.5 (prev=1036)
Internal Error (overlap) in uni8CB6: monotonic is both needed and unneeded (1830,1009)->(1642,933). x=1718.5 (prev=3436)
Internal Error (overlap) in uni8CB6: monotonic is both needed and unneeded (1633.95,939.133)->(1814,1015). x=1718.5 (prev=1637.98)
Internal Error (overlap) in uni8CB6: monotonic is both needed and unneeded (1843,6501)->(1602,3757). x=1718.5 (prev=3436)
Internal Error (overlap) in uni8CB6: monotonic is both needed and unneeded (1586,3763)->(1827,6507). x=1718.5 (prev=3436)
Internal Error (overlap) in uni8CB6: monotonic is both needed and unneeded (1706,9163)->(1826,8319). x=1718.5 (prev=3436)
Internal Error (overlap) in uni8CB6: monotonic is both needed and unneeded (1779.48,11709.4)->(1668,11461). x=1718.5 (prev=11600)
Internal Error (overlap) in uni8CB6: monotonic is both needed and unneeded (1652,11467)->(1770,11731). x=1718.5 (prev=10767.5)
Internal Error (overlap) in uni8CB6: monotonic is both needed and unneeded (1708,13635)->(1864,12499). x=1718.5 (prev=1036)
Internal Error (overlap) in uni8CB6: Winding number did not return to 0 when x=1718.5
Internal Error (overlap) in uni8CB6: monotonic is both needed and unneeded (1936,7099)->(1936,7093). y=7097.55 (prev=7097.55)
Internal Error (overlap) in uni8CB6: monotonic is both needed and unneeded (1895,11867)->(1895,11861). y=11865.6 (prev=11865.6)
Internal Error (overlap) in uni8CB6: monotonic is both needed and unneeded (1895,11864.1)->(1848,12493). y=12025.6 (prev=1718.5)
Internal Error (overlap) in uni8CB6: couldn't find a needed exit from an intersection
Internal Error (overlap) in uni8CB6: couldn't find a needed exit from an intersection
Internal Error (overlap) in uni8CB6: couldn't find a needed exit from an intersection
Internal Error (overlap) in uni8DFF: monotonic is both needed and unneeded (1786,885)->(1770,885). x=1784 (prev=3080)
Internal Error (overlap) in uni8DFF: monotonic is both needed and unneeded (1888,3605)->(1546,3605). x=1784 (prev=1625.5)
Internal Error (overlap) in uni8DFF: monotonic is both needed and unneeded (1546,3611)->(1888,3611). x=1784 (prev=1625.5)
Internal Error (overlap) in uni8DFF: monotonic is both needed and unneeded (1772,5963)->(1788,5963). x=1784 (prev=1625.5)
Internal Error (overlap) in uni8DFF: monotonic is both needed and unneeded (1948,6925)->(1546,6925). x=1784 (prev=7356)
Internal Error (overlap) in uni8DFF: monotonic is both needed and unneeded (1546,6931)->(1948,6931). x=1784 (prev=1625.5)
Internal Error (overlap) in uni8DFF: monotonic is both needed and unneeded (1824.24,9320.56)->(1714,8205). x=1784 (prev=8205.38)
Internal Error (overlap) in uni8DFF: monotonic is both needed and unneeded (1698,8211)->(1815,9395). x=1784 (prev=7356)
Internal Error (overlap) in uni8DFF: monotonic is both needed and unneeded (1886,9909)->(1530,9909). x=1784 (prev=1625.5)
Internal Error (overlap) in uni8DFF: monotonic is both needed and unneeded (1530,9915)->(1886,9915). x=1784 (prev=1625.5)
Internal Error (overlap) in uni8DFF: monotonic is both needed and unneeded (1780,12339)->(1844,11843). x=1784 (prev=1625.5)
Internal Error (overlap) in uni8DFF: Winding number did not return to 0 when x=1784
Internal Error (overlap) in uni8DFF: monotonic is both needed and unneeded (1828,11837)->(1773.31,12264.5). x=1775.61 (prev=1784)
Internal Error (overlap) in uni8DFF: monotonic is both needed and unneeded (1828,11837)->(1773.31,12264.5). x=1775.61 (prev=1784)
Internal Error (overlap) in uni8DFF: monotonic is both needed and unneeded (1786,885)->(1770,885). x=1784 (prev=3080)
Internal Error (overlap) in uni8DFF: monotonic is both needed and unneeded (1888,3605)->(1546,3605). x=1784 (prev=1625.5)
Internal Error (overlap) in uni8DFF: monotonic is both needed and unneeded (1546,3611)->(1888,3611). x=1784 (prev=1625.5)
Internal Error (overlap) in uni8DFF: monotonic is both needed and unneeded (1772,5963)->(1788,5963). x=1784 (prev=1625.5)
Internal Error (overlap) in uni8DFF: monotonic is both needed and unneeded (1948,6925)->(1546,6925). x=1784 (prev=7356)
Internal Error (overlap) in uni8DFF: monotonic is both needed and unneeded (1546,6931)->(1948,6931). x=1784 (prev=1625.5)
Internal Error (overlap) in uni8DFF: monotonic is both needed and unneeded (1824.24,9320.56)->(1714,8205). x=1784 (prev=8205.38)
Internal Error (overlap) in uni8DFF: monotonic is both needed and unneeded (1698,8211)->(1815,9395). x=1784 (prev=7356)
Internal Error (overlap) in uni8DFF: monotonic is both needed and unneeded (1886,9909)->(1530,9909). x=1784 (prev=1625.5)
Internal Error (overlap) in uni8DFF: monotonic is both needed and unneeded (1530,9915)->(1886,9915). x=1784 (prev=1625.5)
Internal Error (overlap) in uni8DFF: monotonic is both needed and unneeded (1780,12339)->(1844,11843). x=1784 (prev=1625.5)
Internal Error (overlap) in uni8DFF: Winding number did not return to 0 when x=1784
Internal Error (overlap) in uni8DFF: monotonic is both needed and unneeded (1777.91,891.125)->(1844,903). x=1793 (prev=1784)
Internal Error (overlap) in uni8DFF: monotonic is both needed and unneeded (1818,5585)->(1780.95,5885.65). x=1793 (prev=1784)
Internal Error (overlap) in uni8DFF: monotonic is both needed and unneeded (1828,11837)->(1773.31,12264.5). x=1793 (prev=1784)
Internal Error (overlap) in uni8DFF: monotonic is both needed and unneeded (1786,885)->(1770,885). x=1784 (prev=3080)
Internal Error (overlap) in uni8DFF: monotonic is both needed and unneeded (1888,3605)->(1546,3605). x=1784 (prev=1625.5)
Internal Error (overlap) in uni8DFF: monotonic is both needed and unneeded (1546,3611)->(1888,3611). x=1784 (prev=1625.5)
Internal Error (overlap) in uni8DFF: monotonic is both needed and unneeded (1772,5963)->(1788,5963). x=1784 (prev=1625.5)
Internal Error (overlap) in uni8DFF: monotonic is both needed and unneeded (1948,6925)->(1546,6925). x=1784 (prev=7356)
Internal Error (overlap) in uni8DFF: monotonic is both needed and unneeded (1546,6931)->(1948,6931). x=1784 (prev=1625.5)
Internal Error (overlap) in uni8DFF: monotonic is both needed and unneeded (1824.24,9320.56)->(1714,8205). x=1784 (prev=8205.38)
Internal Error (overlap) in uni8DFF: monotonic is both needed and unneeded (1698,8211)->(1815,9395). x=1784 (prev=7356)
Internal Error (overlap) in uni8DFF: monotonic is both needed and unneeded (1886,9909)->(1530,9909). x=1784 (prev=1625.5)
Internal Error (overlap) in uni8DFF: monotonic is both needed and unneeded (1530,9915)->(1886,9915). x=1784 (prev=1625.5)
Internal Error (overlap) in uni8DFF: monotonic is both needed and unneeded (1780,12339)->(1844,11843). x=1784 (prev=1625.5)
Internal Error (overlap) in uni8DFF: Winding number did not return to 0 when x=1784
Internal Error (overlap) in uni8DFF: monotonic is both needed and unneeded (1818,5585)->(1780.95,5885.65). y=5849.53 (prev=1784)
Internal Error (overlap) in uni8DFF: monotonic is both needed and unneeded (1818,5585)->(1780.95,5885.65). y=5846.53 (prev=1784)
Internal Error (overlap) in uni8DFF: monotonic is both needed and unneeded (1818,5585)->(1780.95,5885.65). y=5846.53 (prev=1784)
Internal Error (overlap) in uni8DFF: monotonic is both needed and unneeded (1923,939)->(2026,1003). y=991.338 (prev=1784)
Internal Error (overlap) in uni8DFF: monotonic is both needed and unneeded (1941.76,4407.44)->(1892,4913). y=4410 (prev=1784)
Internal Error (overlap) in uni8DFF: monotonic is both needed and unneeded (1941.76,10767.4)->(1882,11353). y=10769.2 (prev=1784)
Internal Error (overlap) in uni8DFF: monotonic is both needed and unneeded (1941.76,10767.4)->(1882,11353). y=11160 (prev=1784)
Internal Error (overlap) in uni8DFF: monotonic is both needed and unneeded (1818,5585)->(1780.95,5885.65). y=5601.55 (prev=1784)
Internal Error (overlap) in uni8DFF: monotonic is both needed and unneeded (1818,5585)->(1780.95,5885.65). y=5598.55 (prev=1784)
Internal Error (overlap) in uni8DFF: monotonic is both needed and unneeded (1818,5585)->(1780.95,5885.65). y=5598.55 (prev=1784)
Internal Error (overlap) in uni8DFF: monotonic is both needed and unneeded (1892,4913)->(1854,5273). y=5193.36 (prev=1784)
Internal Error (overlap) in uni8DFF: monotonic is both needed and unneeded (1828,11837)->(1773.31,12264.5). y=12089.6 (prev=1784)
Internal Error (overlap) in uni8DFF: monotonic is both needed and unneeded (1828,11837)->(1773.31,12264.5). y=12086.6 (prev=1784)
Internal Error (overlap) in uni8DFF: monotonic is both needed and unneeded (1828,11837)->(1773.31,12264.5). y=12086.6 (prev=1784)
Internal Error (overlap) in uni8DFF: monotonic is both needed and unneeded (1350,-405)->(1787,-1173). x=1784 (prev=1868)
Internal Error (overlap) in uni8DFF: monotonic is both needed and unneeded (1786,885)->(1770,885). x=1784 (prev=3080)
Internal Error (overlap) in uni8DFF: monotonic is both needed and unneeded (1888,3605)->(1546,3605). x=1784 (prev=1625.5)
Internal Error (overlap) in uni8DFF: monotonic is both needed and unneeded (1546,3611)->(1888,3611). x=1784 (prev=1625.5)
Internal Error (overlap) in uni8DFF: monotonic is both needed and unneeded (1772,5963)->(1788,5963). x=1784 (prev=1625.5)
Internal Error (overlap) in uni8DFF: monotonic is both needed and unneeded (1948,6925)->(1546,6925). x=1784 (prev=7356)
Internal Error (overlap) in uni8DFF: monotonic is both needed and unneeded (1546,6931)->(1948,6931). x=1784 (prev=1625.5)
Internal Error (overlap) in uni8DFF: monotonic is both needed and unneeded (1824.24,9320.56)->(1714,8205). x=1784 (prev=8205.38)
Internal Error (overlap) in uni8DFF: monotonic is both needed and unneeded (1698,8211)->(1815,9395). x=1784 (prev=7356)
Internal Error (overlap) in uni8DFF: monotonic is both needed and unneeded (1886,9909)->(1530,9909). x=1784 (prev=1625.5)
Internal Error (overlap) in uni8DFF: monotonic is both needed and unneeded (1530,9915)->(1886,9915). x=1784 (prev=1625.5)
Internal Error (overlap) in uni8DFF: monotonic is both needed and unneeded (1780,12339)->(1844,11843). x=1784 (prev=1625.5)
Internal Error (overlap) in uni8DFF: Winding number did not return to 0 when x=1784
Internal Error (overlap) in uni8DFF: monotonic is both needed and unneeded (1828,11837)->(1773.31,12264.5). x=1775.61 (prev=1784)
Internal Error (overlap) in uni8DFF: monotonic is both needed and unneeded (1350,-405)->(1787,-1173). x=1784 (prev=1868)
Internal Error (overlap) in uni8DFF: monotonic is both needed and unneeded (1786,885)->(1770,885). x=1784 (prev=3080)
Internal Error (overlap) in uni8DFF: monotonic is both needed and unneeded (1888,3605)->(1546,3605). x=1784 (prev=1625.5)
Internal Error (overlap) in uni8DFF: monotonic is both needed and unneeded (1546,3611)->(1888,3611). x=1784 (prev=1625.5)
Internal Error (overlap) in uni8DFF: monotonic is both needed and unneeded (1772,5963)->(1788,5963). x=1784 (prev=1625.5)
Internal Error (overlap) in uni8DFF: monotonic is both needed and unneeded (1948,6925)->(1546,6925). x=1784 (prev=7356)
Internal Error (overlap) in uni8DFF: monotonic is both needed and unneeded (1546,6931)->(1948,6931). x=1784 (prev=1625.5)
Internal Error (overlap) in uni8DFF: monotonic is both needed and unneeded (1824.24,9320.56)->(1714,8205). x=1784 (prev=8205.38)
Internal Error (overlap) in uni8DFF: monotonic is both needed and unneeded (1698,8211)->(1815,9395). x=1784 (prev=7356)
Internal Error (overlap) in uni8DFF: monotonic is both needed and unneeded (1886,9909)->(1530,9909). x=1784 (prev=1625.5)
Internal Error (overlap) in uni8DFF: monotonic is both needed and unneeded (1530,9915)->(1886,9915). x=1784 (prev=1625.5)
Internal Error (overlap) in uni8DFF: monotonic is both needed and unneeded (1780,12339)->(1844,11843). x=1784 (prev=1625.5)
Internal Error (overlap) in uni8DFF: Winding number did not return to 0 when x=1784
Internal Error (overlap) in uni8DFF: monotonic is both needed and unneeded (1350,-405)->(1787,-1173). x=1784 (prev=1868)
Internal Error (overlap) in uni8DFF: monotonic is both needed and unneeded (1786,885)->(1770,885). x=1784 (prev=3080)
Internal Error (overlap) in uni8DFF: monotonic is both needed and unneeded (1888,3605)->(1546,3605). x=1784 (prev=1625.5)
Internal Error (overlap) in uni8DFF: monotonic is both needed and unneeded (1546,3611)->(1888,3611). x=1784 (prev=1625.5)
Internal Error (overlap) in uni8DFF: monotonic is both needed and unneeded (1772,5963)->(1788,5963). x=1784 (prev=1625.5)
Internal Error (overlap) in uni8DFF: monotonic is both needed and unneeded (1948,6925)->(1546,6925). x=1784 (prev=7356)
Internal Error (overlap) in uni8DFF: monotonic is both needed and unneeded (1546,6931)->(1948,6931). x=1784 (prev=1625.5)
Internal Error (overlap) in uni8DFF: monotonic is both needed and unneeded (1824.24,9320.56)->(1714,8205). x=1784 (prev=8205.38)
Internal Error (overlap) in uni8DFF: monotonic is both needed and unneeded (1698,8211)->(1815,9395). x=1784 (prev=7356)
Internal Error (overlap) in uni8DFF: monotonic is both needed and unneeded (1886,9909)->(1530,9909). x=1784 (prev=1625.5)
Internal Error (overlap) in uni8DFF: monotonic is both needed and unneeded (1530,9915)->(1886,9915). x=1784 (prev=1625.5)
Internal Error (overlap) in uni8DFF: monotonic is both needed and unneeded (1780,12339)->(1844,11843). x=1784 (prev=1625.5)
Internal Error (overlap) in uni8DFF: Winding number did not return to 0 when x=1784
Internal Error (overlap) in uni8DFF: monotonic is both needed and unneeded (1818,5585)->(1780.95,5885.65). y=5849.53 (prev=1784)
Internal Error (overlap) in uni8DFF: monotonic is both needed and unneeded (1818,5585)->(1780.95,5885.65). y=5846.53 (prev=1784)
Internal Error (overlap) in uni8DFF: monotonic is both needed and unneeded (1818,5585)->(1780.95,5885.65). y=5846.53 (prev=1784)
Internal Error (overlap) in uni8DFF: monotonic is both needed and unneeded (1818,5585)->(1780.95,5885.65). y=5601.55 (prev=1784)
Internal Error (overlap) in uni8DFF: monotonic is both needed and unneeded (1818,5585)->(1780.95,5885.65). y=5598.55 (prev=1784)
Internal Error (overlap) in uni8DFF: monotonic is both needed and unneeded (1818,5585)->(1780.95,5885.65). y=5598.55 (prev=1784)
Internal Error (overlap) in uni8DFF: monotonic is both needed and unneeded (1828,11837)->(1773.31,12264.5). y=12089.6 (prev=1784)
Internal Error (overlap) in uni8DFF: monotonic is both needed and unneeded (1828,11837)->(1773.31,12264.5). y=12086.6 (prev=1784)
Internal Error (overlap) in uni8DFF: monotonic is both needed and unneeded (1828,11837)->(1773.31,12264.5). y=12086.6 (prev=1784)
Internal Error (overlap) in uni8DFF: monotonic is both needed and unneeded (1350,-405)->(1787,-1173). x=1784 (prev=1868)
Internal Error (overlap) in uni8DFF: monotonic is both needed and unneeded (1786,885)->(1770,885). x=1784 (prev=3080)
Internal Error (overlap) in uni8DFF: monotonic is both needed and unneeded (1888,3605)->(1546,3605). x=1784 (prev=1625.5)
Internal Error (overlap) in uni8DFF: monotonic is both needed and unneeded (1546,3611)->(1888,3611). x=1784 (prev=1625.5)
Internal Error (overlap) in uni8DFF: monotonic is both needed and unneeded (1772,5963)->(1788,5963). x=1784 (prev=1625.5)
Internal Error (overlap) in uni8DFF: monotonic is both needed and unneeded (1948,6925)->(1546,6925). x=1784 (prev=7356)
Internal Error (overlap) in uni8DFF: monotonic is both needed and unneeded (1546,6931)->(1948,6931). x=1784 (prev=1625.5)
Internal Error (overlap) in uni8DFF: monotonic is both needed and unneeded (1824.24,9320.56)->(1714,8205). x=1784 (prev=8205.38)
Internal Error (overlap) in uni8DFF: monotonic is both needed and unneeded (1698,8211)->(1815,9395). x=1784 (prev=7356)
Internal Error (overlap) in uni8DFF: monotonic is both needed and unneeded (1886,9909)->(1530,9909). x=1784 (prev=1625.5)
Internal Error (overlap) in uni8DFF: monotonic is both needed and unneeded (1530,9915)->(1886,9915). x=1784 (prev=1625.5)
Internal Error (overlap) in uni8DFF: monotonic is both needed and unneeded (1780,12339)->(1844,11843). x=1784 (prev=1625.5)
Internal Error (overlap) in uni8DFF: Winding number did not return to 0 when x=1784
Internal Error (overlap) in uni8DFF: monotonic is both needed and unneeded (1818,5585)->(1780.95,5885.65). y=5849.53 (prev=1784)
Internal Error (overlap) in uni8DFF: monotonic is both needed and unneeded (1818,5585)->(1780.95,5885.65). y=5601.55 (prev=1784)
Internal Error (overlap) in uni8DFF: monotonic is both needed and unneeded (1828,11837)->(1773.31,12264.5). y=12089.6 (prev=1784)
Internal Error (overlap) in uni8DFF: couldn't find a needed exit from an intersection
Internal Error (overlap) in uni8DFF: couldn't find a needed exit from an intersection
Internal Error (overlap) in uni8DFF: couldn't find a needed exit from an intersection
Internal Error (overlap) in uni8DFF: couldn't find a needed exit from an intersection
Internal Error (overlap) in uni8DFF: couldn't find a needed exit from an intersection
Internal Error (overlap) in uni7199: monotonic is both needed and unneeded (17WARNING:I`FbNOt 'uni5BE7' 
45,646)->(1800,631). x=1796.94 (prev=1339.5)
Internal Error (overlap) in uni7199: Winding number did not return to 0 when x=1796.94
Internal Error (overlap) in uni7199: monotonic is both needed and unneeded (1745,646)->(1800,631). x=1792.5 (prev=1339.5)
Internal Error (overlap) in uni7199: Winding number did not return to 0 when x=1792.5
Internal Error (overlap) in uni7199: monotonic is both needed and unneeded (1745,646)->(1800,631). x=1796.94 (prev=1339.5)
Internal Error (overlap) in uni7199: Winding number did not return to 0 when x=1796.94
Internal Error (overlap) in uni7199: monotonic is both needed and unneeded (1745,646)->(1800,631). x=1792.5 (prev=1339.5)
Internal Error (overlap) in uni7199: Winding number did not return to 0 when x=1792.5
Internal Error (overlap) in uni7199: monotonic is both needed and unneeded (1745,646)->(1800,631). x=1796.94 (prev=1339.5)
Internal Error (overlap) in uni7199: Winding number did not return to 0 when x=1796.94
Internal Error (overlap) in uni7199: monotonic is both needed and unneeded (1745,646)->(1800,631). x=1792.5 (prev=1339.5)
Internal Error (overlap) in uni7199: Winding number did not return to 0 when x=1792.5
Warning: Mac string is a subset of the Windows string in the 'name' table
 for the UniqueID string in the English (US) language.
Warning: Mac string is a subset of the Windows string in the 'name' table
 for the Fullname string in the English (US) language.
