Internal Error (overlap) in uni877F: monotonic is both needed and unneeded (1983,679.859)->(2021.17,0.342814). y=0.342814 (prev=596)
Internal Error (overlap) in uni877F: Winding number did not return to 0 when y=0.342814
Internal Error (overlap) in uni877F: monotonic is both needed and unneeded (1983,679.859)->(2021.17,0.342814). y=0.342814 (prev=596)
Internal Error (overlap) in uni877F: Winding number did not return to 0 when y=0.342814
Internal Error (overlap) in uni877F: monotonic is both needed and unneeded (1983,679.859)->(2021.17,0.342814). y=0.342814 (prev=596)
Internal Error (overlap) in uni877F: Winding number did not return to 0 when y=0.342814
Internal Error (overlap) in uni877F: monotonic is both needed and unneeded (1983,679.859)->(2021.17,0.342814). y=0.342814 (prev=596)
Internal Error (overlap) in uni877F: Winding number did not return to 0 when y=0.342814
Internal Error (overlap) in uni877F: monotonic is both needed and unneeded (1983,679.859)->(2021.17,0.342814). y=0.342814 (prev=596)
Internal Error (overlap) in uni877F: Winding number did not return to 0 when y=0.342814
Internal Error (overlap) in uni9B4F: monotonic is both needed and unneeded (1983,528.023)->(2015.5,1.59295). y=1.59295 (prev=49.4121)
Internal Error (overlap) in uni9B4F: Winding number did not return to 0 when y=1.59295
Internal Error (overlap) in uni9B4F: monotonic is both needed and unneeded (1983,528.023)->(2015.5,1.59295). y=1.59295 (prev=49.4121)
Internal Error (overlap) in uni9B4F: Winding number did not return to 0 when y=1.59295
Internal Error (overlap) in uni9B4F: monotonic is both needed and unneeded (1983,528.023)->(2015.5,1.59295). y=1.59295 (prev=49.4121)
Internal Error (overlap) in uni9B4F: Winding number did not return to 0 when y=1.59295
Internal Error (overlap) in uni9B4F: monotonic is both needed and unneeded (2008,3)->(2015.5,1.59295). x=2011.75 (prev=1.59295)
Internal Error (overlap) in uni9B4F: couldn't find a needed exit from an intersection
Internal Error (overlap) in uni9B4F: couldn't find a needed exit from an intersection
Internal Error: Invalid 2nd order spline in SplineRefigure2
Internal Error: Invalid 2nd order spline in SplineRefigure2
Internal Error: Invalid 2nd order spline in SplineRefigure2
Internal Error: Invalid 2nd order spline in SplineRefigure2
Internal Error: Invalid 2nd order spline in SplineRefigure2
Internal Error: Invalid 2nd order spline in SplineRefigure2
Warning: Mac string is a subset of the Windows string in the 'name' table
 for the UniqueID string in the English (US) language.
Warning: Mac string is a subset of the Windows string in the 'name' table
 for the Fullname string in the English (US) language.
