Internal Error (overlap) in uni7A50: monotonic is both needed and unneeded (1986,864.195)->(2028.86,-0.107205). y=-0.107205 (prev=848)
Internal Error (overlap) in uni7A50: Winding number did not return to 0 when y=-0.107205
Internal Error (overlap) in uni7A50: monotonic is both needed and unneeded (1986,864.195)->(2028.86,-0.107205). y=-0.107205 (prev=848)
Internal Error (overlap) in uni7A50: Winding number did not return to 0 when y=-0.107205
Internal Error (overlap) in uni7A50: monotonic is both needed and unneeded (1986,864.195)->(2028.86,-0.107205). y=-0.107205 (prev=848)
Internal Error (overlap) in uni7A50: Winding number did not return to 0 when y=-0.107205
Internal Error (overlap) in uni7A50: monotonic is both needed and unneeded (1986,864.195)->(2028.86,-0.107205). y=-0.107205 (prev=848)
Internal Error (overlap) in uni7A50: Winding number did not return to 0 when y=-0.107205
Internal Error (overlap) in uni7A50: monotonic is both needed and unneeded (1986,864.195)->(2028.86,-0.107205). y=-0.107205 (prev=848)
Internal Error (overlap) in uni7A50: Winding number did not return to 0 when y=-0.107205
Internal Error (overlap) in uni8061: monotonic is both needed and unneeded (1194,5)->(1228,-12). x=1205.94 (prev=246.5)
Internal Error (overlap) in uni8061: monotonic is both needed and unneeded (1273,57)->(1147,410). x=1205.94 (prev=246.5)
Internal Error (overlap) in uni8061: monotonic is both needed and unneeded (1186,463)->(1219,463). x=1205.94 (prev=246.5)
Internal Error (overlap) in uni8061: monotonic is both needed and unneeded (1239,676)->(1205,676). x=1205.94 (prev=707)
Internal Error (overlap) in uni8061: monotonic is both needed and unneeded (1096,1092)->(1306,761). x=1205.94 (prev=707)
Internal Error (overlap) in uni8061: monotonic is both needed and unneeded (1303,1083)->(991,1642). x=1205.94 (prev=1465)
Internal Error (overlap) in uni8061: monotonic is both needed and unneeded (1205,1433)->(1413,1206). x=1205.94 (prev=1465)
Internal Error (overlap) in uni8061: Winding number did not return to 0 when x=1205.94
Internal Error (overlap) in uni8061: monotonic is both needed and unneeded (1194,5)->(1228,-12). x=1206.94 (prev=246.5)
Internal Error (overlap) in uni8061: monotonic is both needed and unneeded (1273,57)->(1147,410). x=1206.94 (prev=246.5)
Internal Error (overlap) in uni8061: monotonic is both needed and unneeded (1186,463)->(1219,463). x=1206.94 (prev=246.5)
Internal Error (overlap) in uni8061: monotonic is both needed and unneeded (1239,676)->(1205,676). x=1206.94 (prev=707)
Internal Error (overlap) in uni8061: monotonic is both needed and unneeded (1096,1092)->(1306,761). x=1206.94 (prev=707)
Internal Error (overlap) in uni8061: monotonic is both needed and unneeded (1303,1083)->(991,1642). x=1206.94 (prev=1465)
Internal Error (overlap) in uni8061: monotonic is both needed and unneeded (1205,1433)->(1413,1206). x=1206.94 (prev=1465)
Internal Error (overlap) in uni8061: Winding number did not return to 0 when x=1206.94
Internal Error (overlap) in uni8061: monotonic is both needed and unneeded (1194,5)->(1228,-12). x=1205.94 (prev=246.5)
Internal Error (overlap) in uni8061: monotonic is both needed and unneeded (1273,57)->(1147,410). x=1205.94 (prev=246.5)
Internal Error (overlap) in uni8061: monotonic is both needed and unneeded (1186,463)->(1219,463). x=1205.94 (prev=246.5)
Internal Error (overlap) in uni8061: monotonic is both needed and unneeded (1239,676)->(1205,676). x=1205.94 (prev=707)
Internal Error (overlap) in uni8061: monotonic is both needed and unneeded (1096,1092)->(1306,761). x=1205.94 (prev=707)
Internal Error (overlap) in uni8061: monotonic is both needed and unneeded (1303,1083)->(991,1642). x=1205.94 (prev=1465)
Internal Error (overlap) in uni8061: monotonic is both needed and unneeded (1205,1433)->(1413,1206). x=1205.94 (prev=1465)
Internal Error (overlap) in uni8061: Winding number did not return to 0 when x=1205.94
Internal Error (overlap) in uni8061: monotonic is both needed and unneeded (1194,5)->(1228,-12). x=1206.94 (prev=246.5)
Internal Error (overlap) in uni8061: monotonic iWARNING:最終チェックのグリフ 'uni7886' に自己交差がある
s both needed and unneeded (1273,57)->(1147,410). x=1206.94 (prev=246.5)
Internal Error (overlap) in uni8061: monotonic is both needed and unneeded (1186,463)->(1219,463). x=1206.94 (prev=246.5)
Internal Error (overlap) in uni8061: monotonic is both needed and unneeded (1239,676)->(1205,676). x=1206.94 (prev=707)
Internal Error (overlap) in uni8061: monotonic is both needed and unneeded (1096,1092)->(1306,761). x=1206.94 (prev=707)
Internal Error (overlap) in uni8061: monotonic is both needed and unneeded (1303,1083)->(991,1642). x=1206.94 (prev=1465)
Internal Error (overlap) in uni8061: monotonic is both needed and unneeded (1205,1433)->(1413,1206). x=1206.94 (prev=1465)
Internal Error (overlap) in uni8061: Winding number did not return to 0 when x=1206.94
Internal Error (overlap) in uni8061: monotonic is both needed and unneeded (1194,5)->(1228,-12). x=1205.94 (prev=246.5)
Internal Error (overlap) in uni8061: monotonic is both needed and unneeded (1273,57)->(1147,410). x=1205.94 (prev=246.5)
Internal Error (overlap) in uni8061: monotonic is both needed and unneeded (1186,463)->(1219,463). x=1205.94 (prev=246.5)
Internal Error (overlap) in uni8061: monotonic is both needed and unneeded (1239,676)->(1205,676). x=1205.94 (prev=707)
Internal Error (overlap) in uni8061: monotonic is both needed and unneeded (1096,1092)->(1306,761). x=1205.94 (prev=707)
Internal Error (overlap) in uni8061: monotonic is both needed and unneeded (1303,1083)->(991,1642). x=1205.94 (prev=1465)
Internal Error (overlap) in uni8061: monotonic is both needed and unneeded (1205,1433)->(1413,1206). x=1205.94 (prev=1465)
Internal Error (overlap) in uni8061: Winding number did not return to 0 when x=1205.94
Internal Error (overlap) in uni8061: monotonic is both needed and unneeded (1194,5)->(1228,-12). x=1206.94 (prev=246.5)
Internal Error (overlap) in uni8061: monotonic is both needed and unneeded (1273,57)->(1147,410). x=1206.94 (prev=246.5)
Internal Error (overlap) in uni8061: monotonic is both needed and unneeded (1186,463)->(1219,463). x=1206.94 (prev=246.5)
Internal Error (overlap) in uni8061: monotonic is both needed and unneeded (1239,676)->(1205,676). x=1206.94 (prev=707)
Internal Error (overlap) in uni8061: monotonic is both needed and unneeded (1096,1092)->(1306,761). x=1206.94 (prev=707)
Internal Error (overlap) in uni8061: monotonic is both needed and unneeded (1303,1083)->(991,1642). x=1206.94 (prev=1465)
Internal Error (overlap) in uni8061: monotonic is both needed and unneeded (1205,1433)->(1413,1206). x=1206.94 (prev=1465)
Internal Error (overlap) in uni8061: Winding number did not return to 0 when x=1206.94
Warning: Mac string is a subset of the Windows string in the 'name' table
 for the UniqueID string in the English (US) language.
Warning: Mac string is a subset of the Windows string in the 'name' table
 for the Fullname string in the English (US) language.
