Internal Error (overlap) in Egrave: monotonic is both needed and unneeded (850,5321)->(691,5533). x=771.5 (prev=615.5)
Internal Error (overlap) in Egrave: monotonic is both needed and unneeded (731,5539)->(890,5327). x=771.5 (prev=615.5)
Internal Error (overlap) in Egrave: monotonic is both needed and unneeded (892,6613)->(731,6421). x=771.5 (prev=615.5)
Internal Error (overlap) in Egrave: monotonic is both needed and unneeded (691,6427)->(852,6619). x=771.5 (prev=857.411)
Internal Error (overlap) in Egrave: monotonic is both needed and unneeded (774,10741)->(672,10597). x=771.5 (prev=615.5)
Internal Error (overlap) in Egrave: monotonic is both needed and unneeded (734,10747)->(774,10747). x=771.5 (prev=615.5)
Internal Error (overlap) in Egrave: monotonic is both needed and unneeded (1330,11629)->(71,11629). x=771.5 (prev=615.5)
Internal Error (overlap) in Egrave: monotonic is both needed and unneeded (71,11635)->(1370,11635). x=771.5 (prev=615.5)
Internal Error (overlap) in Egrave: monotonic is both needed and unneeded (955,12005)->(474,12709). x=771.5 (prev=13526.7)
Internal Error (overlap) in Egrave: monotonic is both needed and unneeded (514.389,12714.4)->(959.369,12063.2). x=771.5 (prev=615.5)
Internal Error (overlap) in Egrave: monotonic is both needed and unneeded (1017.62,12758.5)->(627.227,14290.5). x=771.5 (prev=13526.7)
Internal Error (overlap) in Egrave: monotonic is both needed and unneeded (636,14419)->(1058,12763). x=771.5 (prev=13526.7)
Internal Error (overlap) in Egrave: Winding number did not return to 0 when x=771.5
Internal Error (overlap) in Egrave: monotonic is both needed and unneeded (850,5321)->(691,5533). x=771.5 (prev=615.5)
Internal Error (overlap) in Egrave: monotonic is both needed and unneeded (731,5539)->(890,5327). x=771.5 (prev=615.5)
Internal Error (overlap) in Egrave: monotonic is both needed and unneeded (892,6613)->(731,6421). x=771.5 (prev=615.5)
Internal Error (overlap) in Egrave: monotonic is both needed and unneeded (691,6427)->(852,6619). x=771.5 (prev=857.411)
Internal Error (overlap) in Egrave: monotonic is both needed and unneeded (774,10741)->(672,10597). x=771.5 (prev=615.5)
Internal Error (overlap) in Egrave: monotonic is both needed and unneeded (734,10747)->(774,10747). x=771.5 (prev=615.5)
Internal Error (overlap) in Egrave: monotonic is both needed and unneeded (1330,11629)->(71,11629). x=771.5 (prev=615.5)
Internal Error (overlap) in Egrave: monotonic is both needed and unneeded (71,11635)->(1370,11635). x=771.5 (prev=615.5)
Internal Error (overlap) in Egrave: monotonic is both needed and unneeded (955,12005)->(474,12709). x=771.5 (prev=13526.7)
Internal Error (overlap) in Egrave: monotonic is both needed and unneeded (514.389,12714.4)->(959.369,12063.2). x=771.5 (prev=615.5)
Internal Error (overlap) in Egrave: monotonic is both needed and unneeded (1017.62,12758.5)->(627.227,14290.5). x=771.5 (prev=13526.7)
Internal Error (overlap) in Egrave: monotonic is both needed and unneeded (636,14419)->(1058,12763). x=771.5 (prev=13526.7)
Internal Error (overlap) in Egrave: Winding number did not return to 0 when x=771.5
Internal Error (overlap) in Egrave: monotonic is both needed and unneeded (850,5321)->(691,5533). x=771.5 (prev=615.5)
Internal Error (overlap) in Egrave: monotonic is both needed and unneeded (731,5539)->(890,5327). x=771.5 (prev=615.5)
Internal Error (overlap) in Egrave: monotonic is both needed and unneeded (892,6613)->(731,6421). x=771.5 (prev=615.5)
Internal Error (overlap) in Egrave: monotonic is both needed and unneeded (691,6427)->(852,6619). x=771.5 (prev=857.411)
Internal Error (overlap) in Egrave: monotonic is both needed and unneeded (774,10741)->(672,10597). x=771.5 (prev=615.5)
Internal Error (overlap) in Egrave: monotonic is both needed and unneeded (734,10747)->(774,10747). x=771.5 (prev=615.5)
Internal Error (overlap) in Egrave: monotonic is both needed and unneeded (1330,11629)->(71,11629). x=771.5 (prev=615.5)
Internal Error (overlap) in Egrave: monotonic is both needed and unneeded (71,11635)->(1370,11635). x=771.5 (prev=615.5)
Internal Error (overlap) in Egrave: monotonic is both needed and unneeded (955,12005)->(474,12709). x=771.5 (prev=13526.7)
Internal Error (overlap) in Egrave: monotonic is both needed and unneeded (514.389,12714.4)->(959.369,12063.2). x=771.5 (prev=615.5)
Internal Error (overlap) in Egrave: monotonic is both needed and unneeded (1017.62,12758.5)->(627.227,14290.5). x=771.5 (prev=13526.7)
Internal Error (overlap) in Egrave: monotonic is both needed and unneeded (636,14419)->(1058,12763). x=771.5 (prev=13526.7)
Internal Error (overlap) in Egrave: Winding number did not return to 0 when x=771.5
Internal Error (overlap) in Egrave: monotonic is both needed and unneeded (850,5321)->(691,5533). x=771.5 (prev=615.5)
Internal Error (overlap) in Egrave: monotonic is both needed and unneeded (731,5539)->(890,5327). x=771.5 (prev=615.5)
Internal Error (overlap) in Egrave: monotonic is both needed and unneeded (892,6613)->(731,6421). x=771.5 (prev=615.5)
Internal Error (overlap) in Egrave: monotonic is both needed and unneeded (691,6427)->(852,6619). x=771.5 (prev=857.411)
Internal Error (overlap) in Egrave: monotonic is both needed and unneeded (774,10741)->(672,10597). x=771.5 (prev=615.5)
Internal Error (overlap) in Egrave: monotonic is both needed and unneeded (734,10747)->(774,10747). x=771.5 (prev=615.5)
Internal Error (overlap) in Egrave: monotonic is both needed and unneeded (1330,11629)->(71,11629). x=771.5 (prev=615.5)
Internal Error (overlap) in Egrave: monotonic is both needed and unneeded (71,11635)->(1370,11635). x=771.5 (prev=615.5)
Internal Error (overlap) in Egrave: monotonic is both needed and unneeded (955,12005)->(474,12709). x=771.5 (prev=13526.7)
Internal Error (overlap) in Egrave: monotonic is both needed and unneeded (514.389,12714.4)->(959.369,12063.2). x=771.5 (prev=615.5)
Internal Error (overlap) in Egrave: monotonic is both needed and unneeded (1017.62,12758.5)->(627.227,14290.5). x=771.5 (prev=13526.7)
Internal Error (overlap) in Egrave: monotonic is both needed and unneeded (636,14419)->(1058,12763). x=771.5 (prev=13526.7)
Internal Error (overlap) in Egrave: Winding number did not return to 0 when x=771.5
Internal Error (overlap) in Egrave: monotonic is both needed and unneeded (850,5321)->(691,5533). x=771.5 (prev=615.5)
Internal Error (overlap) in Egrave: monotonic is both needed and unneeded (731,5539)->(890,5327). x=771.5 (prev=615.5)
Internal Error (overlap) in Egrave: monotonic is both needed and unneeded (892,6613)->(731,6421). x=771.5 (prev=615.5)
Internal Error (overlap) in Egrave: monotonic is both needed and unneeded (691,6427)->(852,6619). x=771.5 (prev=857.411)
Internal Error (overlap) in Egrave: monotonic is both needed and unneeded (774,10741)->(672,10597). x=771.5 (prev=615.5)
Internal Error (overlap) in Egrave: monotonic is both needed and unneeded (734,10747)->(774,10747). x=771.5 (prev=615.5)
Internal Error (overlap) in Egrave: monotonic is both needed and unneeded (1330,11629)->(71,11629). x=771.5 (prev=615.5)
Internal Error (overlap) in Egrave: monotonic is both needed and unneeded (71,11635)->(1370,11635). x=771.5 (prev=615.5)
Internal Error (overlap) in Egrave: monotonic is both needed and unneeded (955,12005)->(474,12709). x=771.5 (prev=13526.7)
Internal Error (overlap) in Egrave: monotonic is both needed and unneeded (514.389,12714.4)->(959.369,12063.2). x=771.5 (prev=615.5)
Internal Error (overlap) in Egrave: monotonic is both needed and unneeded (1017.62,12758.5)->(627.227,14290.5). x=771.5 (prev=13526.7)
Internal Error (overlap) in Egrave: monotonic is both needed and unneeded (636,14419)->(1058,12763). x=771.5 (prev=13526.7)
Internal Error (overlap) in Egrave: Winding number did not return to 0 when x=771.5
Internal Error (overlap) in Egrave: monotonic is both needed and unneeded (850,5321)->(691,5533). x=771.5 (prev=615.5)
Internal Error (overlap) in Egrave: monotonic is both needed and unneeded (731,5539)->(890,5327). x=771.5 (prev=615.5)
Internal Error (overlap) in Egrave: monotonic is both needed and unneeded (892,6613)->(731,6421). x=771.5 (prev=615.5)
Internal Error (overlap) in Egrave: monotonic is both needed and unneeded (691,6427)->(852,6619). x=771.5 (prev=857.411)
Internal Error (overlap) in Egrave: monotonic is both needed and unneeded (774,10741)->(672,10597). x=771.5 (prev=615.5)
Internal Error (overlap) in Egrave: monotonic is both needed and unneeded (734,10747)->(774,10747). x=771.5 (prev=615.5)
Internal Error (overlap) in Egrave: monotonic is both needed and unneeded (1330,11629)->(71,11629). x=771.5 (prev=615.5)
Internal Error (overlap) in Egrave: monotonic is both needed and unneeded (71,11635)->(1370,11635). x=771.5 (prev=615.5)
Internal Error (overlap) in Egrave: monotonic is both needed and unneeded (955,12005)->(474,12709). x=771.5 (prev=13526.7)
Internal Error (overlap) in Egrave: monotonic is both needed and unneeded (514.389,12714.4)->(959.369,12063.2). x=771.5 (prev=615.5)
Internal Error (overlap) in Egrave: monotonic is both needed and unneeded (1017.62,12758.5)->(627.227,14290.5). x=771.5 (prev=13526.7)
Internal Error (overlap) in Egrave: monotonic is both needed and unneeded (636,14419)->(1058,12763). x=771.5 (prev=13526.7)
Internal Error (overlap) in Egrave: Winding number did not return to 0 when x=771.5
Internal Error (overlap) in Egrave: couldn't find a needed exit from an intersection
Internal Error (overlap) in Egrave: couldn't find a needed exit from an intersection
Internal Error (overlap) in Eacute: monotonic is both needed and unneeded (850,5321)->(691,5533). x=771.5 (prev=919.423)
Internal Error (overlap) in Eacute: monotonic is both needed and unneeded (731,5539)->(890,5327). x=771.5 (prev=919.423)
Internal Error (overlap) in Eacute: monotonic is both needed and unneeded (892,6613)->(731,6421). x=771.5 (prev=919.423)
Internal Error (overlap) in Eacute: monotonic is both needed and unneeded (691,6427)->(852,6619). x=771.5 (prev=919.423)
Internal Error (overlap) in Eacute: monotonic is both needed and unneeded (774,10741)->(672,10597). x=771.5 (prev=10672)
Internal Error (overlap) in Eacute: monotonic is both needed and unneeded (734,10747)->(774,10747). x=771.5 (prev=10672)
Internal Error (overlap) in Eacute: monotonic is both needed and unneeded (1330,11629)->(71,11629). x=771.5 (prev=919.423)
Internal Error (overlap) in Eacute: monotonic is both needed and unneeded (71,11635)->(1370,11635). x=771.5 (prev=919.423)
Internal Error (overlap) in Eacute: monotonic is both needed and unneeded (1058,12709)->(577,12005). x=771.5 (prev=13526.7)
Internal Error (overlap) in Eacute: monotonic is both needed and unneeded (572.631,12063.2)->(1017.61,12714.4). x=771.5 (prev=919.423)
Internal Error (overlap) in Eacute: monotonic is both needed and unneeded (903.846,14290.5)->(514.378,12758.5). x=771.5 (prev=13526.7)
Internal Error (overlap) in Eacute: monotonic is both needed and unneeded (474,12763)->(895,14419). x=771.5 (prev=13526.7)
Internal Error (overlap) in Eacute: Winding number did not return to 0 when x=771.5
Internal Error (overlap) in Eacute: monotonic is both needed and unneeded (850,5321)->(691,5533). x=771.5 (prev=919.423)
Internal Error (overlap) in Eacute: monotonic is both needed and unneeded (731,5539)->(890,5327). x=771.5 (prev=919.423)
Internal Error (overlap) in Eacute: monotonic is both needed and unneeded (892,6613)->(731,6421). x=771.5 (prev=919.423)
Internal Error (overlap) in Eacute: monotonic is both needed and unneeded (691,6427)->(852,6619). x=771.5 (prev=919.423)
Internal Error (overlap) in Eacute: monotonic is both needed and unneeded (774,10741)->(672,10597). x=771.5 (prev=10672)
Internal Error (overlap) in Eacute: monotonic is both needed and unneeded (734,10747)->(774,10747). x=771.5 (prev=10672)
Internal Error (overlap) in Eacute: monotonic is both needed and unneeded (1330,11629)->(71,11629). x=771.5 (prev=919.423)
Internal Error (overlap) in Eacute: monotonic is both needed and unneeded (71,11635)->(1370,11635). x=771.5 (prev=919.423)
Internal Error (overlap) in Eacute: monotonic is both needed and unneeded (1058,12709)->(577,12005). x=771.5 (prev=13526.7)
Internal Error (overlap) in Eacute: monotonic is both needed and unneeded (572.631,12063.2)->(1017.61,12714.4). x=771.5 (prev=919.423)
Internal Error (overlap) in Eacute: monotonic is both needed and unneeded (903.846,14290.5)->(514.378,12758.5). x=771.5 (prev=13526.7)
Internal Error (overlap) in Eacute: monotonic is both needed and unneeded (474,12763)->(895,14419). x=771.5 (prev=13526.7)
Internal Error (overlap) in Eacute: Winding number did not return to 0 when x=771.5
Internal Error (overlap) in Eacute: monotonic is both needed and unneeded (850,5321)->(691,5533). x=771.5 (prev=919.423)
Internal Error (overlap) in Eacute: monotonic is both needed and unneeded (731,5539)->(890,5327). x=771.5 (prev=919.423)
Internal Error (overlap) in Eacute: monotonic is both needed and unneeded (892,6613)->(731,6421). x=771.5 (prev=919.423)
Internal Error (overlap) in Eacute: monotonic is both needed and unneeded (691,6427)->(852,6619). x=771.5 (prev=919.423)
Internal Error (overlap) in Eacute: monotonic is both needed and unneeded (774,10741)->(672,10597). x=771.5 (prev=10672)
Internal Error (overlap) in Eacute: monotonic is both needed and unneeded (734,10747)->(774,10747). x=771.5 (prev=10672)
Internal Error (overlap) in Eacute: monotonic is both needed and unneeded (1330,11629)->(71,11629). x=771.5 (prev=919.423)
Internal Error (overlap) in Eacute: monotonic is both needed and unneeded (71,11635)->(1370,11635). x=771.5 (prev=919.423)
Internal Error (overlap) in Eacute: monotonic is both needed and unneeded (1058,12709)->(577,12005). x=771.5 (prev=13526.7)
Internal Error (overlap) in Eacute: monotonic is both needed and unneeded (572.631,12063.2)->(1017.61,12714.4). x=771.5 (prev=919.423)
Internal Error (overlap) in Eacute: monotonic is both needed and unneeded (903.846,14290.5)->(514.378,12758.5). x=771.5 (prev=13526.7)
Internal Error (overlap) in Eacute: monotonic is both needed and unneeded (474,12763)->(895,14419). x=771.5 (prev=13526.7)
Internal Error (overlap) in Eacute: Winding number did not return to 0 when x=771.5
Internal Error (overlap) in Eacute: monotonic is both needed and unneeded (850,5321)->(691,5533). x=771.5 (prev=919.423)
Internal Error (overlap) in Eacute: monotonic is both needed and unneeded (731,5539)->(890,5327). x=771.5 (prev=919.423)
Internal Error (overlap) in Eacute: monotonic is both needed and unneeded (892,6613)->(731,6421). x=771.5 (prev=919.423)
Internal Error (overlap) in Eacute: monotonic is both needed and unneeded (691,6427)->(852,6619). x=771.5 (prev=919.423)
Internal Error (overlap) in Eacute: monotonic is both needed and unneeded (774,10741)->(672,10597). x=771.5 (prev=10672)
Internal Error (overlap) in Eacute: monotonic is both needed and unneeded (734,10747)->(774,10747). x=771.5 (prev=10672)
Internal Error (overlap) in Eacute: monotonic is both needed and unneeded (1330,11629)->(71,11629). x=771.5 (prev=919.423)
Internal Error (overlap) in Eacute: monotonic is both needed and unneeded (71,11635)->(1370,11635). x=771.5 (prev=919.423)
Internal Error (overlap) in Eacute: monotonic is both needed and unneeded (1058,12709)->(577,12005). x=771.5 (prev=13526.7)
Internal Error (overlap) in Eacute: monotonic is both needed and unneeded (572.631,12063.2)->(1017.61,12714.4). x=771.5 (prev=919.423)
Internal Error (overlap) in Eacute: monotonic is both needed and unneeded (903.846,14290.5)->(514.378,12758.5). x=771.5 (prev=13526.7)
Internal Error (overlap) in Eacute: monotonic is both needed and unneeded (474,12763)->(895,14419). x=771.5 (prev=13526.7)
Internal Error (overlap) in Eacute: Winding number did not return to 0 when x=771.5
Internal Error (overlap) in Eacute: monotonic is both needed and unneeded (850,5321)->(691,5533). x=771.5 (prev=919.423)
Internal Error (overlap) in Eacute: monotonic is both needed and unneeded (731,5539)->(890,5327). x=771.5 (prev=919.423)
Internal Error (overlap) in Eacute: monotonic is both needed and unneeded (892,6613)->(731,6421). x=771.5 (prev=919.423)
Internal Error (overlap) in Eacute: monotonic is both needed and unneeded (691,6427)->(852,6619). x=771.5 (prev=919.423)
Internal Error (overlap) in Eacute: monotonic is both needed and unneeded (774,10741)->(672,10597). x=771.5 (prev=10672)
Internal Error (overlap) in Eacute: monotonic is both needed and unneeded (734,10747)->(774,10747). x=771.5 (prev=10672)
Internal Error (overlap) in Eacute: monotonic is both needed and unneeded (1330,11629)->(71,11629). x=771.5 (prev=919.423)
Internal Error (overlap) in Eacute: monotonic is both needed and unneeded (71,11635)->(1370,11635). x=771.5 (prev=919.423)
Internal Error (overlap) in Eacute: monotonic is both needed and unneeded (1058,12709)->(577,12005). x=771.5 (prev=13526.7)
Internal Error (overlap) in Eacute: monotonic is both needed and unneeded (572.631,12063.2)->(1017.61,12714.4). x=771.5 (prev=919.423)
Internal Error (overlap) in Eacute: monotonic is both needed and unneeded (903.846,14290.5)->(514.378,12758.5). x=771.5 (prev=13526.7)
Internal Error (overlap) in Eacute: monotonic is both needed and unneeded (474,12763)->(895,14419). x=771.5 (prev=13526.7)
Internal Error (overlap) in Eacute: Winding number did not return to 0 when x=771.5
Internal Error (overlap) in Eacute: monotonic is both needed and unneeded (850,5321)->(691,5533). x=771.5 (prev=919.423)
Internal Error (overlap) in Eacute: monotonic is both needed and unneeded (731,5539)->(890,5327). x=771.5 (prev=919.423)
Internal Error (overlap) in Eacute: monotonic is both needed and unneeded (892,6613)->(731,6421). x=771.5 (prev=919.423)
Internal Error (overlap) in Eacute: monotonic is both needed and unneeded (691,6427)->(852,6619). x=771.5 (prev=919.423)
Internal Error (overlap) in Eacute: monotonic is both needed and unneeded (774,10741)->(672,10597). x=771.5 (prev=10672)
Internal Error (overlap) in Eacute: monotonic is both needed and unneeded (734,10747)->(774,10747). x=771.5 (prev=10672)
Internal Error (overlap) in Eacute: monotonic is both needed and unneeded (1330,11629)->(71,11629). x=771.5 (prev=919.423)
Internal Error (overlap) in Eacute: monotonic is both needed and unneeded (71,11635)->(1370,11635). x=771.5 (prev=919.423)
Internal Error (overlap) in Eacute: monotonic is both needed and unneeded (1058,12709)->(577,12005). x=771.5 (prev=13526.7)
Internal Error (overlap) in Eacute: monotonic is both needed and unneeded (572.631,12063.2)->(1017.61,12714.4). x=771.5 (prev=919.423)
Internal Error (overlap) in Eacute: monotonic is both needed and unneeded (903.846,14290.5)->(514.378,12758.5). x=771.5 (prev=13526.7)
Internal Error (overlap) in Eacute: monotonic is both needed and unneeded (474,12763)->(895,14419). x=771.5 (prev=13526.7)
Internal Error (overlap) in Eacute: Winding number did not return to 0 when x=771.5
Internal Error (overlap) in Eacute: couldn't find a needed exit from an intersection
Internal Error (overlap) in Eacute: couldn't find a needed exit from an intersection
Internal Error (overlap) in Ecircumflex: monotonic is both needed and unneeded (850,5321)->(691,5533). x=771.5 (prev=710.5)
Internal Error (overlap) in Ecircumflex: monotonic is both needed and unneeded (731,5539)->(890,5327). x=771.5 (prev=710.5)
Internal Error (overlap) in Ecircumflex: monotonic is both needed and unneeded (892,6613)->(731,6421). x=771.5 (prev=710.5)
Internal Error (overlap) in Ecircumflex: monotonic is both needed and unneeded (691,6427)->(852,6619). x=771.5 (prev=710.5)
Internal Error (overlap) in Ecircumflex: monotonic is both needed and unneeded (774,10741)->(672,10597). x=771.5 (prev=710.5)
Internal Error (overlap) in Ecircumflex: monotonic is both needed and unneeded (734,10747)->(774,10747). x=771.5 (prev=710.5)
Internal Error (overlap) in Ecircumflex: monotonic is both needed and unneeded (1330,11629)->(71,11629). x=771.5 (prev=710.5)
Internal Error (overlap) in Ecircumflex: monotonic is both needed and unneeded (71,11635)->(1370,11635). x=771.5 (prev=710.5)
Internal Error (overlap) in Ecircumflex: monotonic is both needed and unneeded (776,13233.3)->(589,12301). x=771.5 (prev=710.5)
Internal Error (overlap) in Ecircumflex: monotonic is both needed and unneeded (756,13339)->(796,13339). x=771.5 (prev=710.5)
Internal Error (overlap) in Ecircumflex: monotonic is both needed and unneeded (861,14397)->(692,14397). x=771.5 (prev=710.5)
Internal Error (overlap) in Ecircumflex: monotonic is both needed and unneeded (692,14403)->(901,14403). x=771.5 (prev=710.5)
Internal Error (overlap) in Ecircumflex: Winding number did not return to 0 when x=771.5
Internal Error (overlap) in Ecircumflex: monotonic is both needed and unneeded (850,5321)->(691,5533). x=771.5 (prev=710.5)
Internal Error (overlap) in Ecircumflex: monotonic is both needed and unneeded (731,5539)->(890,5327). x=771.5 (prev=710.5)
Internal Error (overlap) in Ecircumflex: monotonic is both needed and unneeded (892,6613)->(731,6421). x=771.5 (prev=710.5)
Internal Error (overlap) in Ecircumflex: monotonic is both needed and unneeded (691,6427)->(852,6619). x=771.5 (prev=710.5)
Internal Error (overlap) in Ecircumflex: monotonic is both needed and unneeded (774,10741)->(672,10597). x=771.5 (prev=710.5)
Internal Error (overlap) in Ecircumflex: monotonic is both needed and unneeded (734,10747)->(774,10747). x=771.5 (prev=710.5)
Internal Error (overlap) in Ecircumflex: monotonic is both needed and unneeded (1330,11629)->(71,11629). x=771.5 (prev=710.5)
Internal Error (overlap) in Ecircumflex: monotonic is both needed and unneeded (71,11635)->(1370,11635). x=771.5 (prev=710.5)
Internal Error (overlap) in Ecircumflex: monotonic is both needed and unneeded (776,13233.3)->(589,12301). x=771.5 (prev=710.5)
Internal Error (overlap) in Ecircumflex: monotonic is both needed and unneeded (756,13339)->(796,13339). x=771.5 (prev=710.5)
Internal Error (overlap) in Ecircumflex: monotonic is both needed and unneeded (861,14397)->(692,14397). x=771.5 (prev=710.5)
Internal Error (overlap) in Ecircumflex: monotonic is both needed and unneeded (692,14403)->(901,14403). x=771.5 (prev=710.5)
Internal Error (overlap) in Ecircumflex: Winding number did not return to 0 when x=771.5
Internal Error (overlap) in Ecircumflex: monotonic is both needed and unneeded (850,5321)->(691,5533). x=771.5 (prev=710.5)
Internal Error (overlap) in Ecircumflex: monotonic is both needed and unneeded (731,5539)->(890,5327). x=771.5 (prev=710.5)
Internal Error (overlap) in Ecircumflex: monotonic is both needed and unneeded (892,6613)->(731,6421). x=771.5 (prev=710.5)
Internal Error (overlap) in Ecircumflex: monotonic is both needed and unneeded (691,6427)->(852,6619). x=771.5 (prev=710.5)
Internal Error (overlap) in Ecircumflex: monotonic is both needed and unneeded (774,10741)->(672,10597). x=771.5 (prev=710.5)
Internal Error (overlap) in Ecircumflex: monotonic is both needed and unneeded (734,10747)->(774,10747). x=771.5 (prev=710.5)
Internal Error (overlap) in Ecircumflex: monotonic is both needed and unneeded (1330,11629)->(71,11629). x=771.5 (prev=710.5)
Internal Error (overlap) in Ecircumflex: monotonic is both needed and unneeded (71,11635)->(1370,11635). x=771.5 (prev=710.5)
Internal Error (overlap) in Ecircumflex: monotonic is both needed and unneeded (776,13233.3)->(589,12301). x=771.5 (prev=710.5)
Internal Error (overlap) in Ecircumflex: monotonic is both needed and unneeded (756,13339)->(796,13339). x=771.5 (prev=710.5)
Internal Error (overlap) in Ecircumflex: monotonic is both needed and unneeded (861,14397)->(692,14397). x=771.5 (prev=710.5)
Internal Error (overlap) in Ecircumflex: monotonic is both needed and unneeded (692,14403)->(901,14403). x=771.5 (prev=710.5)
Internal Error (overlap) in Ecircumflex: Winding number did not return to 0 when x=771.5
Internal Error (overlap) in Ecircumflex: monotonic is both needed and unneeded (850,5321)->(691,5533). x=771.5 (prev=710.5)
Internal Error (overlap) in Ecircumflex: monotonic is both needed and unneeded (731,5539)->(890,5327). x=771.5 (prev=710.5)
Internal Error (overlap) in Ecircumflex: monotonic is both needed and unneeded (892,6613)->(731,6421). x=771.5 (prev=710.5)
Internal Error (overlap) in Ecircumflex: monotonic is both needed and unneeded (691,6427)->(852,6619). x=771.5 (prev=710.5)
Internal Error (overlap) in Ecircumflex: monotonic is both needed and unneeded (774,10741)->(672,10597). x=771.5 (prev=710.5)
Internal Error (overlap) in Ecircumflex: monotonic is both needed and unneeded (734,10747)->(774,10747). x=771.5 (prev=710.5)
Internal Error (overlap) in Ecircumflex: monotonic is both needed and unneeded (1330,11629)->(71,11629). x=771.5 (prev=710.5)
Internal Error (overlap) in Ecircumflex: monotonic is both needed and unneeded (71,11635)->(1370,11635). x=771.5 (prev=710.5)
Internal Error (overlap) in Ecircumflex: monotonic is both needed and unneeded (776,13233.3)->(589,12301). x=771.5 (prev=710.5)
Internal Error (overlap) in Ecircumflex: monotonic is both needed and unneeded (756,13339)->(796,13339). x=771.5 (prev=710.5)
Internal Error (overlap) in Ecircumflex: monotonic is both needed and unneeded (861,14397)->(692,14397). x=771.5 (prev=710.5)
Internal Error (overlap) in Ecircumflex: monotonic is both needed and unneeded (692,14403)->(901,14403). x=771.5 (prev=710.5)
Internal Error (overlap) in Ecircumflex: Winding number did not return to 0 when x=771.5
Internal Error (overlap) in Ecircumflex: monotonic is both needed and unneeded (850,5321)->(691,5533). x=771.5 (prev=710.5)
Internal Error (overlap) in Ecircumflex: monotonic is both needed and unneeded (731,5539)->(890,5327). x=771.5 (prev=710.5)
Internal Error (overlap) in Ecircumflex: monotonic is both needed and unneeded (892,6613)->(731,6421). x=771.5 (prev=710.5)
Internal Error (overlap) in Ecircumflex: monotonic is both needed and unneeded (691,6427)->(852,6619). x=771.5 (prev=710.5)
Internal Error (overlap) in Ecircumflex: monotonic is both needed and unneeded (774,10741)->(672,10597). x=771.5 (prev=710.5)
Internal Error (overlap) in Ecircumflex: monotonic is both needed and unneeded (734,10747)->(774,10747). x=771.5 (prev=710.5)
Internal Error (overlap) in Ecircumflex: monotonic is both needed and unneeded (1330,11629)->(71,11629). x=771.5 (prev=710.5)
Internal Error (overlap) in Ecircumflex: monotonic is both needed and unneeded (71,11635)->(1370,11635). x=771.5 (prev=710.5)
Internal Error (overlap) in Ecircumflex: monotonic is both needed and unneeded (776,13233.3)->(589,12301). x=771.5 (prev=710.5)
Internal Error (overlap) in Ecircumflex: monotonic is both needed and unneeded (756,13339)->(796,13339). x=771.5 (prev=710.5)
Internal Error (overlap) in Ecircumflex: monotonic is both needed and unneeded (861,14397)->(692,14397). x=771.5 (prev=710.5)
Internal Error (overlap) in Ecircumflex: monotonic is both needed and unneeded (692,14403)->(901,14403). x=771.5 (prev=710.5)
Internal Error (overlap) in Ecircumflex: Winding number did not return to 0 when x=771.5
Internal Error (overlap) in Ecircumflex: monotonic is both needed and unneeded (850,5321)->(691,5533). x=771.5 (prev=710.5)
Internal Error (overlap) in Ecircumflex: monotonic is both needed and unneeded (731,5539)->(890,5327). x=771.5 (prev=710.5)
Internal Error (overlap) in Ecircumflex: monotonic is both needed and unneeded (892,6613)->(731,6421). x=771.5 (prev=710.5)
Internal Error (overlap) in Ecircumflex: monotonic is both needed and unneeded (691,6427)->(852,6619). x=771.5 (prev=710.5)
Internal Error (overlap) in Ecircumflex: monotonic is both needed and unneeded (774,10741)->(672,10597). x=771.5 (prev=710.5)
Internal Error (overlap) in Ecircumflex: monotonic is both needed and unneeded (734,10747)->(774,10747). x=771.5 (prev=710.5)
Internal Error (overlap) in Ecircumflex: monotonic is both needed and unneeded (1330,11629)->(71,11629). x=771.5 (prev=710.5)
Internal Error (overlap) in Ecircumflex: monotonic is both needed and unneeded (71,11635)->(1370,11635). x=771.5 (prev=710.5)
Internal Error (overlap) in Ecircumflex: monotonic is both needed and unneeded (776,13233.3)->(589,12301). x=771.5 (prev=710.5)
Internal Error (overlap) in Ecircumflex: monotonic is both needed and unneeded (756,13339)->(796,13339). x=771.5 (prev=710.5)
Internal Error (overlap) in Ecircumflex: monotonic is both needed and unneeded (861,14397)->(692,14397). x=771.5 (prev=710.5)
Internal Error (overlap) in Ecircumflex: monotonic is both needed and unneeded (692,14403)->(901,14403). x=771.5 (prev=710.5)
Internal Error (overlap) in Ecircumflex: Winding number did not return to 0 when x=771.5
Internal Error (overlap) in Ecircumflex: couldn't find a needed exit from an intersection
Internal Error (overlap) in Ecircumflex: couldn't find a needed exit from an intersection
Internal Error (overlap) in Edieresis: monotonic is both needed and unneeded (850,5321)->(691,5533). x=771.5 (prev=1004)
Internal Error (overlap) in Edieresis: monotonic is both needed and unneeded (731,5539)->(890,5327). x=771.5 (prev=1004)
Internal Error (overlap) in Edieresis: monotonic is both needed and unneeded (892,6613)->(731,6421). x=771.5 (prev=1004)
Internal Error (overlap) in Edieresis: monotonic is both needed and unneeded (691,6427)->(852,6619). x=771.5 (prev=1004)
Internal Error (overlap) in Edieresis: monotonic is both needed and unneeded (774,10741)->(672,10597). x=771.5 (prev=10672)
Internal Error (overlap) in Edieresis: monotonic is both needed and unneeded (734,10747)->(774,10747). x=771.5 (prev=10672)
Internal Error (overlap) in Edieresis: monotonic is both needed and unneeded (1330,11629)->(71,11629). x=771.5 (prev=533)
Internal Error (overlap) in Edieresis: monotonic is both needed and unneeded (71,11635)->(1370,11635). x=771.5 (prev=533)
Internal Error (overlap) in Edieresis: Winding number did not return to 0 when x=771.5
Internal Error (overlap) in Edieresis: monotonic is both needed and unneeded (850,5321)->(691,5533). x=771.5 (prev=1004)
Internal Error (overlap) in Edieresis: monotonic is both needed and unneeded (731,5539)->(890,5327). x=771.5 (prev=1004)
Internal Error (overlap) in Edieresis: monotonic is both needed and unneeded (892,6613)->(731,6421). x=771.5 (prev=1004)
Internal Error (overlap) in Edieresis: monotonic is both needed and unneeded (691,6427)->(852,6619). x=771.5 (prev=1004)
Internal Error (overlap) in Edieresis: monotonic is both needed and unneeded (774,10741)->(672,10597). x=771.5 (prev=10672)
Internal Error (overlap) in Edieresis: monotonic is both needed and unneeded (734,10747)->(774,10747). x=771.5 (prev=10672)
Internal Error (overlap) in Edieresis: monotonic is both needed and unneeded (1330,11629)->(71,11629). x=771.5 (prev=533)
Internal Error (overlap) in Edieresis: monotonic is both needed and unneeded (71,11635)->(1370,11635). x=771.5 (prev=533)
Internal Error (overlap) in Edieresis: Winding number did not return to 0 when x=771.5
Internal Error (overlap) in Edieresis: monotonic is both needed and unneeded (850,5321)->(691,5533). x=771.5 (prev=1004)
Internal Error (overlap) in Edieresis: monotonic is both needed and unneeded (731,5539)->(890,5327). x=771.5 (prev=1004)
Internal Error (overlap) in Edieresis: monotonic is both needed and unneeded (892,6613)->(731,6421). x=771.5 (prev=1004)
Internal Error (overlap) in Edieresis: monotonic is both needed and unneeded (691,6427)->(852,6619). x=771.5 (prev=1004)
Internal Error (overlap) in Edieresis: monotonic is both needed and unneeded (774,10741)->(672,10597). x=771.5 (prev=10672)
Internal Error (overlap) in Edieresis: monotonic is both needed and unneeded (734,10747)->(774,10747). x=771.5 (prev=10672)
Internal Error (overlap) in Edieresis: monotonic is both needed and unneeded (1330,11629)->(71,11629). x=771.5 (prev=533)
Internal Error (overlap) in Edieresis: monotonic is both needed and unneeded (71,11635)->(1370,11635). x=771.5 (prev=533)
Internal Error (overlap) in Edieresis: Winding number did not return to 0 when x=771.5
Internal Error (overlap) in Edieresis: monotonic is both needed and unneeded (850,5321)->(691,5533). x=771.5 (prev=1004)
Internal Error (overlap) in Edieresis: monotonic is both needed and unneeded (731,5539)->(890,5327). x=771.5 (prev=1004)
Internal Error (overlap) in Edieresis: monotonic is both needed and unneeded (892,6613)->(731,6421). x=771.5 (prev=1004)
Internal Error (overlap) in Edieresis: monotonic is both needed and unneeded (691,6427)->(852,6619). x=771.5 (prev=1004)
Internal Error (overlap) in Edieresis: monotonic is both needed and unneeded (774,10741)->(672,10597). x=771.5 (prev=10672)
Internal Error (overlap) in Edieresis: monotonic is both needed and unneeded (734,10747)->(774,10747). x=771.5 (prev=10672)
Internal Error (overlap) in Edieresis: monotonic is both needed and unneeded (1330,11629)->(71,11629). x=771.5 (prev=533)
Internal Error (overlap) in Edieresis: monotonic is both needed and unneeded (71,11635)->(1370,11635). x=771.5 (prev=533)
Internal Error (overlap) in Edieresis: Winding number did not return to 0 when x=771.5
Internal Error (overlap) in Edieresis: monotonic is both needed and unneeded (850,5321)->(691,5533). x=771.5 (prev=1004)
Internal Error (overlap) in Edieresis: monotonic is both needed and unneeded (731,5539)->(890,5327). x=771.5 (prev=1004)
Internal Error (overlap) in Edieresis: monotonic is both needed and unneeded (892,6613)->(731,6421). x=771.5 (prev=1004)
Internal Error (overlap) in Edieresis: monotonic is both needed and unneeded (691,6427)->(852,6619). x=771.5 (prev=1004)
Internal Error (overlap) in Edieresis: monotonic is both needed and unneeded (774,10741)->(672,10597). x=771.5 (prev=10672)
Internal Error (overlap) in Edieresis: monotonic is both needed and unneeded (734,10747)->(774,10747). x=771.5 (prev=10672)
Internal Error (overlap) in Edieresis: monotonic is both needed and unneeded (1330,11629)->(71,11629). x=771.5 (prev=533)
Internal Error (overlap) in Edieresis: monotonic is both needed and unneeded (71,11635)->(1370,11635). x=771.5 (prev=533)
Internal Error (overlap) in Edieresis: Winding number did not return to 0 when x=771.5
Internal Error (overlap) in Edieresis: monotonic is both needed and unneeded (850,5321)->(691,5533). x=771.5 (prev=1004)
Internal Error (overlap) in Edieresis: monotonic is both needed and unneeded (731,5539)->(890,5327). x=771.5 (prev=1004)
Internal Error (overlap) in Edieresis: monotonic is both needed and unneeded (892,6613)->(731,6421). x=771.5 (prev=1004)
Internal Error (overlap) in Edieresis: monotonic is both needed and unneeded (691,6427)->(852,6619). x=771.5 (prev=1004)
Internal Error (overlap) in Edieresis: monotonic is both needed and unneeded (774,10741)->(672,10597). x=771.5 (prev=10672)
Internal Error (overlap) in Edieresis: monotonic is both needed and unneeded (734,10747)->(774,10747). x=771.5 (prev=10672)
Internal Error (overlap) in Edieresis: monotonic is both needed and unneeded (1330,11629)->(71,11629). x=771.5 (prev=533)
Internal Error (overlap) in Edieresis: monotonic is both needed and unneeded (71,11635)->(1370,11635). x=771.5 (prev=533)
Internal Error (overlap) in Edieresis: Winding number did not return to 0 when x=771.5
Internal Error (overlap) in Edieresis: couldn't find a needed exit from an intersection
Internal Error (overlap) in Edieresis: couldn't find a needed exit from an intersection
Internal Error (overlap) in Emacron: monotonic is both needed and unneeded (642,1195)->(769,891). x=751.5 (prev=657)
Internal Error (overlap) in Emacron: monotonic is both needed and unneeded (850,5321)->(691,5533). x=751.5 (prev=857.411)
Internal Error (overlap) in Emacron: monotonic is both needed and unneeded (731,5539)->(890,5327). x=751.5 (prev=857.411)
Internal Error (overlap) in Emacron: monotonic is both needed and unneeded (892,6613)->(731,6421). x=751.5 (prev=857.411)
Internal Error (overlap) in Emacron: monotonic is both needed and unneeded (691,6427)->(852,6619). x=751.5 (prev=857.411)
Internal Error (overlap) in Emacron: monotonic is both needed and unneeded (774,10741)->(672,10597). x=751.5 (prev=10672)
Internal Error (overlap) in Emacron: monotonic is both needed and unneeded (734,10747)->(774,10747). x=751.5 (prev=10672)
Internal Error (overlap) in Emacron: monotonic is both needed and unneeded (1330,11629)->(71,11629). x=751.5 (prev=483)
Internal Error (overlap) in Emacron: monotonic is both needed and unneeded (71,11635)->(1370,11635). x=751.5 (prev=483)
Internal Error (overlap) in Emacron: monotonic is both needed and unneeded (1151,13101)->(397,13101). x=751.5 (prev=483)
Internal Error (overlap) in Emacron: monotonic is both needed and unneeded (397,13107)->(1151,13107). x=751.5 (prev=483)
Internal Error (overlap) in Emacron: monotonic is both needed and unneeded (1151,14149)->(397,14149). x=751.5 (prev=483)
Internal Error (overlap) in Emacron: monotonic is both needed and unneeded (397,14155)->(1151,14155). x=751.5 (prev=483)
Internal Error (overlap) in Emacron: Winding number did not return to 0 when x=751.5
Internal Error (overlap) in Emacron: monotonic is both needed and unneeded (642,1195)->(769,891). x=751.5 (prev=657)
Internal Error (overlap) in Emacron: monotonic is both needed and unneeded (850,5321)->(691,5533). x=751.5 (prev=857.411)
Internal Error (overlap) in Emacron: monotonic is both needed and unneeded (731,5539)->(890,5327). x=751.5 (prev=857.411)
Internal Error (overlap) in Emacron: monotonic is both needed and unneeded (892,6613)->(731,6421). x=751.5 (prev=857.411)
Internal Error (overlap) in Emacron: monotonic is both needed and unneeded (691,6427)->(852,6619). x=751.5 (prev=857.411)
Internal Error (overlap) in Emacron: monotonic is both needed and unneeded (774,10741)->(672,10597). x=751.5 (prev=10672)
Internal Error (overlap) in Emacron: monotonic is both needed and unneeded (734,10747)->(774,10747). x=751.5 (prev=10672)
Internal Error (overlap) in Emacron: monotonic is both needed and unneeded (1330,11629)->(71,11629). x=751.5 (prev=483)
Internal Error (overlap) in Emacron: monotonic is both needed and unneeded (71,11635)->(1370,11635). x=751.5 (prev=483)
Internal Error (overlap) in Emacron: monotonic is both needed and unneeded (1151,13101)->(397,13101). x=751.5 (prev=483)
Internal Error (overlap) in Emacron: monotonic is both needed and unneeded (397,13107)->(1151,13107). x=751.5 (prev=483)
Internal Error (overlap) in Emacron: monotonic is both needed and unneeded (1151,14149)->(397,14149). x=751.5 (prev=483)
Internal Error (overlap) in Emacron: monotonic is both needed and unneeded (397,14155)->(1151,14155). x=751.5 (prev=483)
Internal Error (overlap) in Emacron: Winding number did not return to 0 when x=751.5
Internal Error (overlap) in Emacron: monotonic is both needed and unneeded (642,1195)->(769,891). x=751.5 (prev=657)
Internal Error (overlap) in Emacron: monotonic is both needed and unneeded (850,5321)->(691,5533). x=751.5 (prev=857.411)
Internal Error (overlap) in Emacron: monotonic is both needed and unneeded (731,5539)->(890,5327). x=751.5 (prev=857.411)
Internal Error (overlap) in Emacron: monotonic is both needed and unneeded (892,6613)->(731,6421). x=751.5 (prev=857.411)
Internal Error (overlap) in Emacron: monotonic is both needed and unneeded (691,6427)->(852,6619). x=751.5 (prev=857.411)
Internal Error (overlap) in Emacron: monotonic is both needed and unneeded (774,10741)->(672,10597). x=751.5 (prev=10672)
Internal Error (overlap) in Emacron: monotonic is both needed and unneeded (734,10747)->(774,10747). x=751.5 (prev=10672)
Internal Error (overlap) in Emacron: monotonic is both needed and unneeded (1330,11629)->(71,11629). x=751.5 (prev=483)
Internal Error (overlap) in Emacron: monotonic is both needed and unneeded (71,11635)->(1370,11635). x=751.5 (prev=483)
Internal Error (overlap) in Emacron: monotonic is both needed and unneeded (1151,13101)->(397,13101). x=751.5 (prev=483)
Internal Error (overlap) in Emacron: monotonic is both needed and unneeded (397,13107)->(1151,13107). x=751.5 (prev=483)
Internal Error (overlap) in Emacron: monotonic is both needed and unneeded (1151,14149)->(397,14149). x=751.5 (prev=483)
Internal Error (overlap) in Emacron: monotonic is both needed and unneeded (397,14155)->(1151,14155). x=751.5 (prev=483)
Internal Error (overlap) in Emacron: Winding number did not return to 0 when x=751.5
Internal Error (overlap) in Emacron: monotonic is both needed and unneeded (642,1195)->(769,891). x=751.5 (prev=657)
Internal Error (overlap) in Emacron: monotonic is both needed and unneeded (850,5321)->(691,5533). x=751.5 (prev=857.411)
Internal Error (overlap) in Emacron: monotonic is both needed and unneeded (731,5539)->(890,5327). x=751.5 (prev=857.411)
Internal Error (overlap) in Emacron: monotonic is both needed and unneeded (892,6613)->(731,6421). x=751.5 (prev=857.411)
Internal Error (overlap) in Emacron: monotonic is both needed and unneeded (691,6427)->(852,6619). x=751.5 (prev=857.411)
Internal Error (overlap) in Emacron: monotonic is both needed and unneeded (774,10741)->(672,10597). x=751.5 (prev=10672)
Internal Error (overlap) in Emacron: monotonic is both needed and unneeded (734,10747)->(774,10747). x=751.5 (prev=10672)
Internal Error (overlap) in Emacron: monotonic is both needed and unneeded (1330,11629)->(71,11629). x=751.5 (prev=483)
Internal Error (overlap) in Emacron: monotonic is both needed and unneeded (71,11635)->(1370,11635). x=751.5 (prev=483)
Internal Error (overlap) in Emacron: monotonic is both needed and unneeded (1151,13101)->(397,13101). x=751.5 (prev=483)
Internal Error (overlap) in Emacron: monotonic is both needed and unneeded (397,13107)->(1151,13107). x=751.5 (prev=483)
Internal Error (overlap) in Emacron: monotonic is both needed and unneeded (1151,14149)->(397,14149). x=751.5 (prev=483)
Internal Error (overlap) in Emacron: monotonic is both needed and unneeded (397,14155)->(1151,14155). x=751.5 (prev=483)
Internal Error (overlap) in Emacron: Winding number did not return to 0 when x=751.5
Internal Error (overlap) in Emacron: monotonic is both needed and unneeded (642,1195)->(769,891). x=751.5 (prev=657)
Internal Error (overlap) in Emacron: monotonic is both needed and unneeded (850,5321)->(691,5533). x=751.5 (prev=857.411)
Internal Error (overlap) in Emacron: monotonic is both needed and unneeded (731,5539)->(890,5327). x=751.5 (prev=857.411)
Internal Error (overlap) in Emacron: monotonic is both needed and unneeded (892,6613)->(731,6421). x=751.5 (prev=857.411)
Internal Error (overlap) in Emacron: monotonic is both needed and unneeded (691,6427)->(852,6619). x=751.5 (prev=857.411)
Internal Error (overlap) in Emacron: monotonic is both needed and unneeded (774,10741)->(672,10597). x=751.5 (prev=10672)
Internal Error (overlap) in Emacron: monotonic is both needed and unneeded (734,10747)->(774,10747). x=751.5 (prev=10672)
Internal Error (overlap) in Emacron: monotonic is both needed and unneeded (1330,11629)->(71,11629). x=751.5 (prev=483)
Internal Error (overlap) in Emacron: monotonic is both needed and unneeded (71,11635)->(1370,11635). x=751.5 (prev=483)
Internal Error (overlap) in Emacron: monotonic is both needed and unneeded (1151,13101)->(397,13101). x=751.5 (prev=483)
Internal Error (overlap) in Emacron: monotonic is both needed and unneeded (397,13107)->(1151,13107). x=751.5 (prev=483)
Internal Error (overlap) in Emacron: monotonic is both needed and unneeded (1151,14149)->(397,14149). x=751.5 (prev=483)
Internal Error (overlap) in Emacron: monotonic is both needed and unneeded (397,14155)->(1151,14155). x=751.5 (prev=483)
Internal Error (overlap) in Emacron: Winding number did not return to 0 when x=751.5
Internal Error (overlap) in Ecaron: monotonic is both needed and unneeded (850,5321)->(691,5533). x=771.5 (prev=1044.5)
Internal Error (overlap) in Ecaron: monotonic is both needed and unneeded (731,5539)->(890,5327). x=771.5 (prev=1044.5)
Internal Error (overlap) in Ecaron: monotonic is both needed and unneeded (892,6613)->(731,6421). x=771.5 (prev=856.5)
Internal Error (overlap) in Ecaron: monotonic is both needed and unneeded (691,6427)->(852,6619). x=771.5 (prev=1044.5)
Internal Error (overlap) in Ecaron: monotonic is both needed and unneeded (774,10741)->(672,10597). x=771.5 (prev=10672)
Internal Error (overlap) in Ecaron: monotonic is both needed and unneeded (734,10747)->(774,10747). x=771.5 (prev=10672)
Internal Error (overlap) in Ecaron: monotonic is both needed and unneeded (1330,11629)->(71,11629). x=771.5 (prev=412)
Internal Error (overlap) in Ecaron: monotonic is both needed and unneeded (71,11635)->(1370,11635). x=771.5 (prev=412)
Internal Error (overlap) in Ecaron: monotonic is both needed and unneeded (861,12301)->(652,12301). x=771.5 (prev=12836)
Internal Error (overlap) in Ecaron: monotonic is both needed and unneeded (692,12307)->(861,12307). x=771.5 (prev=12836)
Internal Error (overlap) in Ecaron: monotonic is both needed and unneeded (796,13365)->(756,13365). x=771.5 (prev=490.872)
Internal Error (overlap) in Ecaron: monotonic is both needed and unneeded (589,14403)->(776,13470.7). x=771.5 (prev=490.872)
Internal Error (overlap) in Ecaron: Winding number did not return to 0 when x=771.5
Internal Error (overlap) in Ecaron: monotonic is both needed and unneeded (850,5321)->(691,5533). x=771.5 (prev=1044.5)
Internal Error (overlap) in Ecaron: monotonic is both needed and unneeded (731,5539)->(890,5327). x=771.5 (prev=1044.5)
Internal Error (overlap) in Ecaron: monotonic is both needed and unneeded (892,6613)->(731,6421). x=771.5 (prev=856.5)
Internal Error (overlap) in Ecaron: monotonic is both needed and unneeded (691,6427)->(852,6619). x=771.5 (prev=1044.5)
Internal Error (overlap) in Ecaron: monotonic is both needed and unneeded (774,10741)->(672,10597). x=771.5 (prev=10672)
Internal Error (overlap) in Ecaron: monotonic is both needed and unneeded (734,10747)->(774,10747). x=771.5 (prev=10672)
Internal Error (overlap) in Ecaron: monotonic is both needed and unneeded (1330,11629)->(71,11629). x=771.5 (prev=412)
Internal Error (overlap) in Ecaron: monotonic is both needed and unneeded (71,11635)->(1370,11635). x=771.5 (prev=412)
Internal Error (overlap) in Ecaron: monotonic is both needed and unneeded (861,12301)->(652,12301). x=771.5 (prev=12836)
Internal Error (overlap) in Ecaron: monotonic is both needed and unneeded (692,12307)->(861,12307). x=771.5 (prev=12836)
Internal Error (overlap) in Ecaron: monotonic is both needed and unneeded (796,13365)->(756,13365). x=771.5 (prev=490.872)
Internal Error (overlap) in Ecaron: monotonic is both needed and unneeded (589,14403)->(776,13470.7). x=771.5 (prev=490.872)
Internal Error (overlap) in Ecaron: Winding number did not return to 0 when x=771.5
Internal Error (overlap) in Ecaron: monotonic is both needed and unneeded (850,5321)->(691,5533). x=771.5 (prev=1044.5)
Internal Error (overlap) in Ecaron: monotonic is both needed and unneeded (731,5539)->(890,5327). x=771.5 (prev=1044.5)
Internal Error (overlap) in Ecaron: monotonic is both needed and unneeded (892,6613)->(731,6421). x=771.5 (prev=856.5)
Internal Error (overlap) in Ecaron: monotonic is both needed and unneeded (691,6427)->(852,6619). x=771.5 (prev=1044.5)
Internal Error (overlap) in Ecaron: monotonic is both needed and unneeded (774,10741)->(672,10597). x=771.5 (prev=10672)
Internal Error (overlap) in Ecaron: monotonic is both needed and unneeded (734,10747)->(774,10747). x=771.5 (prev=10672)
Internal Error (overlap) in Ecaron: monotonic is both needed and unneeded (1330,11629)->(71,11629). x=771.5 (prev=412)
Internal Error (overlap) in Ecaron: monotonic is both needed and unneeded (71,11635)->(1370,11635). x=771.5 (prev=412)
Internal Error (overlap) in Ecaron: monotonic is both needed and unneeded (861,12301)->(652,12301). x=771.5 (prev=12836)
Internal Error (overlap) in Ecaron: monotonic is both needed and unneeded (692,12307)->(861,12307). x=771.5 (prev=12836)
Internal Error (overlap) in Ecaron: monotonic is both needed and unneeded (796,13365)->(756,13365). x=771.5 (prev=490.872)
Internal Error (overlap) in Ecaron: monotonic is both needed and unneeded (589,14403)->(776,13470.7). x=771.5 (prev=490.872)
Internal Error (overlap) in Ecaron: Winding number did not return to 0 when x=771.5
Internal Error (overlap) in Ecaron: monotonic is both needed and unneeded (850,5321)->(691,5533). x=771.5 (prev=1044.5)
Internal Error (overlap) in Ecaron: monotonic is both needed and unneeded (731,5539)->(890,5327). x=771.5 (prev=1044.5)
Internal Error (overlap) in Ecaron: monotonic is both needed and unneeded (892,6613)->(731,6421). x=771.5 (prev=856.5)
Internal Error (overlap) in Ecaron: monotonic is both needed and unneeded (691,6427)->(852,6619). x=771.5 (prev=1044.5)
Internal Error (overlap) in Ecaron: monotonic is both needed and unneeded (774,10741)->(672,10597). x=771.5 (prev=10672)
Internal Error (overlap) in Ecaron: monotonic is both needed and unneeded (734,10747)->(774,10747). x=771.5 (prev=10672)
Internal Error (overlap) in Ecaron: monotonic is both needed and unneeded (1330,11629)->(71,11629). x=771.5 (prev=412)
Internal Error (overlap) in Ecaron: monotonic is both needed and unneeded (71,11635)->(1370,11635). x=771.5 (prev=412)
Internal Error (overlap) in Ecaron: monotonic is both needed and unneeded (861,12301)->(652,12301). x=771.5 (prev=12836)
Internal Error (overlap) in Ecaron: monotonic is both needed and unneeded (692,12307)->(861,12307). x=771.5 (prev=12836)
Internal Error (overlap) in Ecaron: monotonic is both needed and unneeded (796,13365)->(756,13365). x=771.5 (prev=490.872)
Internal Error (overlap) in Ecaron: monotonic is both needed and unneeded (589,14403)->(776,13470.7). x=771.5 (prev=490.872)
Internal Error (overlap) in Ecaron: Winding number did not return to 0 when x=771.5
Internal Error (overlap) in Ecaron: monotonic is both needed and unneeded (850,5321)->(691,5533). x=771.5 (prev=1044.5)
Internal Error (overlap) in Ecaron: monotonic is both needed and unneeded (731,5539)->(890,5327). x=771.5 (prev=1044.5)
Internal Error (overlap) in Ecaron: monotonic is both needed and unneeded (892,6613)->(731,6421). x=771.5 (prev=856.5)
Internal Error (overlap) in Ecaron: monotonic is both needed and unneeded (691,6427)->(852,6619). x=771.5 (prev=1044.5)
Internal Error (overlap) in Ecaron: monotonic is both needed and unneeded (774,10741)->(672,10597). x=771.5 (prev=10672)
Internal Error (overlap) in Ecaron: monotonic is both needed and unneeded (734,10747)->(774,10747). x=771.5 (prev=10672)
Internal Error (overlap) in Ecaron: monotonic is both needed and unneeded (1330,11629)->(71,11629). x=771.5 (prev=412)
Internal Error (overlap) in Ecaron: monotonic is both needed and unneeded (71,11635)->(1370,11635). x=771.5 (prev=412)
Internal Error (overlap) in Ecaron: monotonic is both needed and unneeded (861,12301)->(652,12301). x=771.5 (prev=12836)
Internal Error (overlap) in Ecaron: monotonic is both needed and unneeded (692,12307)->(861,12307). x=771.5 (prev=12836)
Internal Error (overlap) in Ecaron: monotonic is both needed and unneeded (796,13365)->(756,13365). x=771.5 (prev=490.872)
Internal Error (overlap) in Ecaron: monotonic is both needed and unneeded (589,14403)->(776,13470.7). x=771.5 (prev=490.872)
Internal Error (overlap) in Ecaron: Winding number did not return to 0 when x=771.5
Internal Error (overlap) in Ecaron: monotonic is both needed and unneeded (850,5321)->(691,5533). x=771.5 (prev=1044.5)
Internal Error (overlap) in Ecaron: monotonic is both needed and unneeded (731,5539)->(890,5327). x=771.5 (prev=1044.5)
Internal Error (overlap) in Ecaron: monotonic is both needed and unneeded (892,6613)->(731,6421). x=771.5 (prev=856.5)
Internal Error (overlap) in Ecaron: monotonic is both needed and unneeded (691,6427)->(852,6619). x=771.5 (prev=1044.5)
Internal Error (overlap) in Ecaron: monotonic is both needed and unneeded (774,10741)->(672,10597). x=771.5 (prev=10672)
Internal Error (overlap) in Ecaron: monotonic is both needed and unneeded (734,10747)->(774,10747). x=771.5 (prev=10672)
Internal Error (overlap) in Ecaron: monotonic is both needed and unneeded (1330,11629)->(71,11629). x=771.5 (prev=412)
Internal Error (overlap) in Ecaron: monotonic is both needed and unneeded (71,11635)->(1370,11635). x=771.5 (prev=412)
Internal Error (overlap) in Ecaron: monotonic is both needed and unneeded (861,12301)->(652,12301). x=771.5 (prev=12836)
Internal Error (overlap) in Ecaron: monotonic is both needed and unneeded (692,12307)->(861,12307). x=771.5 (prev=12836)
Internal Error (overlap) in Ecaron: monotonic is both needed and unneeded (796,13365)->(756,13365). x=771.5 (prev=490.872)
Internal Error (overlap) in Ecaron: monotonic is both needed and unneeded (589,14403)->(776,13470.7). x=771.5 (prev=490.872)
Internal Error (overlap) in Ecaron: Winding number did not return to 0 when x=771.5
Internal Error (overlap) in Ecaron: couldn't find a needed exit from an intersection
Internal Error (overlap) in Ecaron: couldn't find a needed exit from an intersection
Internal Error (overlap) in uni51DD: monotonic is both needed and unneeded (1919,789)->(1804,749). x=1862.5 (prev=2934.73)
Internal Error (overlap) in uni51DD: monotonic is both needed and unneeded (1784.33,756.144)->(1879,795). x=1862.5 (prev=1794)
Internal Error (overlap) in uni51DD: monotonic is both needed and unneeded (1907,3357)->(1677,3357). x=1862.5 (prev=4685.72)
Internal Error (overlap) in uni51DD: monotonic is both needed and unneeded (1677,3363)->(1907,3363). x=1862.5 (prev=1716.96)
Internal Error (overlap) in uni51DD: monotonic is both needed and unneeded (1878,4949)->(1856.38,5149.44). x=1862.5 (prev=4685.72)
Internal Error (overlap) in uni51DD: monotonic is both needed and unneeded (1836.87,5347)->(1875,5347). x=1862.5 (prev=4685.72)
Internal Error (overlap) in uni51DD: monotonic is both needed and unneeded (1892,5893)->(1836.87,5347). x=1862.5 (prev=5980)
Internal Error (overlap) in uni51DD: monotonic is both needed and unneeded (1852,5899)->(1913,6675). x=1862.5 (prev=5980)
Internal Error (overlap) in uni51DD: monotonic is both needed and unneeded (1845,8931)->(1962,8119). x=1862.5 (prev=5980)
Internal Error (overlap) in uni51DD: monotonic is both needed and unneeded (1896,11485)->(1804,10833). x=1862.5 (prev=1716.96)
Internal Error (overlap) in uni51DD: monotonic is both needed and unneeded (1856,11491)->(1934,11667). x=1862.5 (prev=1716.96)
Internal Error (overlap) in uni51DD: monotonic is both needed and unneeded (1894,12953)->(1782.08,13795.3). x=1862.5 (prev=1794)
Internal Error (overlap) in uni51DD: monotonic is both needed and unneeded (1802,13947)->(1934,12959). x=1862.5 (prev=1716.96)
Internal Error (overlap) in uni51DD: Winding number did not return to 0 when x=1862.5
Internal Error (overlap) in uni51DD: monotonic is both needed and unneeded (1919,789)->(1804,749). x=1862.5 (prev=2934.73)
Internal Error (overlap) in uni51DD: monotonic is both needed and unneeded (1784.33,756.144)->(1879,795). x=1862.5 (prev=1794)
Internal Error (overlap) in uni51DD: monotonic is both needed and unneeded (1907,3357)->(1677,3357). x=1862.5 (prev=4685.72)
Internal Error (overlap) in uni51DD: monotonic is both needed and unneeded (1677,3363)->(1907,3363). x=1862.5 (prev=1716.96)
Internal Error (overlap) in uni51DD: monotonic is both needed and unneeded (1878,4949)->(1856.38,5149.44). x=1862.5 (prev=4685.72)
Internal Error (overlap) in uni51DD: monotonic is both needed and unneeded (1836.87,5347)->(1875,5347). x=1862.5 (prev=4685.72)
Internal Error (overlap) in uni51DD: monotonic is both needed and unneeded (1892,5893)->(1836.87,5347). x=1862.5 (prev=5980)
Internal Error (overlap) in uni51DD: monotonic is both needed and unneeded (1852,5899)->(1913,6675). x=1862.5 (prev=5980)
Internal Error (overlap) in uni51DD: monotonic is both needed and unneeded (1845,8931)->(1962,8119). x=1862.5 (prev=5980)
Internal Error (overlap) in uni51DD: monotonic is both needed and unneeded (1896,11485)->(1804,10833). x=1862.5 (prev=1716.96)
Internal Error (overlap) in uni51DD: monotonic is both needed and unneeded (1856,11491)->(1934,11667). x=1862.5 (prev=1716.96)
Internal Error (overlap) in uni51DD: monotonic is both needed and unneeded (1894,12953)->(1782.08,13795.3). x=1862.5 (prev=1794)
Internal Error (overlap) in uni51DD: monotonic is both needed and unneeded (1802,13947)->(1934,12959). x=1862.5 (prev=1716.96)
Internal Error (overlap) in uni51DD: Winding number did not return to 0 when x=1862.5
Internal Error (overlap) in uni51DD: monotonic is both needed and unneeded (1922,8113)->(1827.1,8777.5). x=1840.93 (prev=1862.5)
Internal Error (overlap) in uni51DD: monotonic is both needed and unneeded (1984,7581)->(1922,8113). y=7865.56 (prev=1862.5)
Internal Error (overlap) in uni51DD: monotonic is both needed and unneeded (1984,7581)->(1922,8113). y=7862.56 (prev=1862.5)
Internal Error (overlap) in uni51DD: monotonic is both needed and unneeded (1984,7581)->(1922,8113). y=7862.56 (prev=1862.5)
Internal Error (overlap) in uni51DD: monotonic is both needed and unneeded (1922,8113)->(1827.1,8777.5). y=8535.09 (prev=1862.5)
Internal Error (overlap) in uni51DD: monotonic is both needed and unneeded (1984,7581)->(1922,8113). y=8111 (prev=1862.5)
Internal Error (overlap) in uni51DD: monotonic is both needed and unneeded (1922,8113)->(1827.1,8777.5). y=8255.37 (prev=1862.5)
Internal Error (overlap) in uni51DD: monotonic is both needed and unneeded (1919,789)->(1804,749). x=1862.5 (prev=2934.73)
Internal Error (overlap) in uni51DD: monotonic is both needed and unneeded (1784.33,756.144)->(1879,795). x=1862.5 (prev=1794)
Internal Error (overlap) in uni51DD: monotonic is both needed and unneeded (1907,3357)->(1677,3357). x=1862.5 (prev=4685.72)
Internal Error (overlap) in uni51DD: monotonic is both needed and unneeded (1677,3363)->(1907,3363). x=1862.5 (prev=1716.96)
Internal Error (overlap) in uni51DD: monotonic is both needed and unneeded (1878,4949)->(1856.38,5149.44). x=1862.5 (prev=4685.72)
Internal Error (overlap) in uni51DD: monotonic is both needed and unneeded (1836.87,5347)->(1875,5347). x=1862.5 (prev=4685.72)
Internal Error (overlap) in uni51DD: monotonic is both needed and unneeded (1892,5893)->(1836.87,5347). x=1862.5 (prev=5980)
Internal Error (overlap) in uni51DD: monotonic is both needed and unneeded (1852,5899)->(1913,6675). x=1862.5 (prev=5980)
Internal Error (overlap) in uni51DD: monotonic is both needed and unneeded (1845,8931)->(1962,8119). x=1862.5 (prev=5980)
Internal Error (overlap) in uni51DD: monotonic is both needed and unneeded (1896,11485)->(1804,10833). x=1862.5 (prev=1716.96)
Internal Error (overlap) in uni51DD: monotonic is both needed and unneeded (1856,11491)->(1934,11667). x=1862.5 (prev=1716.96)
Internal Error (overlap) in uni51DD: monotonic is both needed and unneeded (1894,12953)->(1782.08,13795.3). x=1862.5 (prev=1794)
Internal Error (overlap) in uni51DD: monotonic is both needed and unneeded (1802,13947)->(1934,12959). x=1862.5 (prev=1716.96)
Internal Error (overlap) in uni51DD: Winding number did not return to 0 when x=1862.5
Internal Error (overlap) in uni51DD: monotonic is both needed and unneeded (1919,789)->(1804,749). x=1862.5 (prev=2934.73)
Internal Error (overlap) in uni51DD: monotonic is both needed and unneeded (1784.33,756.144)->(1879,795). x=1862.5 (prev=1794)
Internal Error (overlap) in uni51DD: monotonic is both needed and unneeded (1907,3357)->(1677,3357). x=1862.5 (prev=4685.72)
Internal Error (overlap) in uni51DD: monotonic is both needed and unneeded (1677,3363)->(1907,3363). x=1862.5 (prev=1716.96)
Internal Error (overlap) in uni51DD: monotonic is both needed and unneeded (1878,4949)->(1856.38,5149.44). x=1862.5 (prev=4685.72)
Internal Error (overlap) in uni51DD: monotonic is both needed and unneeded (1836.87,5347)->(1875,5347). x=1862.5 (prev=4685.72)
Internal Error (overlap) in uni51DD: monotonic is both needed and unneeded (1892,5893)->(1836.87,5347). x=1862.5 (prev=5980)
Internal Error (overlap) in uni51DD: monotonic is both needed and unneeded (1852,5899)->(1913,6675). x=1862.5 (prev=5980)
Internal Error (overlap) in uni51DD: monotonic is both needed and unneeded (1845,8931)->(1962,8119). x=1862.5 (prev=5980)
Internal Error (overlap) in uni51DD: monotonic is both needed and unneeded (1896,11485)->(1804,10833). x=1862.5 (prev=1716.96)
Internal Error (overlap) in uni51DD: monotonic is both needed and unneeded (1856,11491)->(1934,11667). x=1862.5 (prev=1716.96)
Internal Error (overlap) in uni51DD: monotonic is both needed and unneeded (1894,12953)->(1782.08,13795.3). x=1862.5 (prev=1794)
Internal Error (overlap) in uni51DD: monotonic is both needed and unneeded (1802,13947)->(1934,12959). x=1862.5 (prev=1716.96)
Internal Error (overlap) in uni51DD: Winding number did not return to 0 when x=1862.5
Internal Error (overlap) in uni51DD: monotonic is both needed and unneeded (1984,7581)->(1922,8113). y=7865.56 (prev=1862.5)
Internal Error (overlap) in uni51DD: monotonic is both needed and unneeded (1984,7581)->(1922,8113). y=7862.56 (prev=1862.5)
Internal Error (overlap) in uni51DD: monotonic is both needed and unneeded (1984,7581)->(1922,8113). y=7862.56 (prev=1862.5)
Internal Error (overlap) in uni51DD: monotonic is both needed and unneeded (1919,789)->(1804,749). x=1862.5 (prev=2934.73)
Internal Error (overlap) in uni51DD: monotonic is both needed and unneeded (1784.33,756.144)->(1879,795). x=1862.5 (prev=1794)
Internal Error (overlap) in uni51DD: monotonic is both needed and unneeded (1907,3357)->(1677,3357). x=1862.5 (prev=4685.72)
Internal Error (overlap) in uni51DD: monotonic is both needed and unneeded (1677,3363)->(1907,3363). x=1862.5 (prev=1716.96)
Internal Error (overlap) in uni51DD: monotonic is both needed and unneeded (1878,4949)->(1856.38,5149.44). x=1862.5 (prev=4685.72)
Internal Error (overlap) in uni51DD: monotonic is both needed and unneeded (1836.87,5347)->(1875,5347). x=1862.5 (prev=4685.72)
Internal Error (overlap) in uni51DD: monotonic is both needed and unneeded (1892,5893)->(1836.87,5347). x=1862.5 (prev=5980)
Internal Error (overlap) in uni51DD: monotonic is both needed and unneeded (1852,5899)->(1913,6675). x=1862.5 (prev=5980)
Internal Error (overlap) in uni51DD: monotonic is both needed and unneeded (1845,8931)->(1962,8119). x=1862.5 (prev=5980)
Internal Error (overlap) in uni51DD: monotonic is both needed and unneeded (1896,11485)->(1804,10833). x=1862.5 (prev=1716.96)
Internal Error (overlap) in uni51DD: monotonic is both needed and unneeded (1856,11491)->(1934,11667). x=1862.5 (prev=1716.96)
Internal Error (overlap) in uni51DD: monotonic is both needed and unneeded (1894,12953)->(1782.08,13795.3). x=1862.5 (prev=1794)
Internal Error (overlap) in uni51DD: monotonic is both needed and unneeded (1802,13947)->(1934,12959). x=1862.5 (prev=1716.96)
Internal Error (overlap) in uni51DD: Winding number did not return to 0 when x=1862.5
Internal Error (overlap) in uni51DD: monotonic is both needed and unneeded (1984,7581)->(1922,8113). y=7865.56 (prev=1862.5)
Internal Error (overlap) in uni51DD: monotonic is both needed and unneeded (2003,7227)->(2003,7221). y=7225.52 (prev=7225.52)
Internal Error (overlap) in uni51DD: couldn't find a needed exit from an intersection
Internal Error (overlap) in uni51DD: couldn't find a needed exit from an intersection
Internal Error (overlap) in uni51DD: couldn't find a needed exit from an intersection
Internal Error (overlap) in uni5319: monotonic is both needed and unneeded (1506,821)->(1290,781). x=1385 (prev=828.5)
Internal Error (overlap) in uni5319: monotonic is both needed and unneeded (1269.58,787.347)->(1466,827). x=1385 (prev=1279.79)
Internal Error (overlap) in uni5319: monotonic is both needed and unneeded (1579,1829)->(1376,1893). x=1385 (prev=5766)
Internal Error (overlap) in uni5319: monotonic is both needed and unneeded (1298,2067)->(1416,1899). x=1385 (prev=2426.97)
Internal Error (overlap) in uni5319: monotonic is both needed and unneeded (1462,13165)->(1358,13353). x=1385 (prev=1279.79)
Internal Error (overlap) in uni5319: monotonic is both needed and unneeded (1200,13523)->(1398,13359). x=1385 (prev=1279.79)
Internal Error (overlap) in uni5319: Winding number did not return to 0 when x=1385
Internal Error (overlap) in uni5319: monotonic is both needed and unneeded (1506,821)->(1290,781). x=1385 (prev=828.5)
Internal Error (overlap) in uni5319: monotonic is both needed and unneeded (1269.58,787.347)->(1466,827). x=1385 (prev=1279.79)
Internal Error (overlap) in uni5319: monotonic is both needed and unneeded (1579,1829)->(1376,1893). x=1385 (prev=5766)
Internal Error (overlap) in uni5319: monotonic is both needed and unneeded (1298,2067)->(1416,1899). x=1385 (prev=2426.97)
Internal Error (overlap) in uni5319: monotonic is both needed and unneeded (1462,13165)->(1358,13353). x=1385 (prev=1279.79)
Internal Error (overlap) in uni5319: monotonic is both needed and unneeded (1200,13523)->(1398,13359). x=1385 (prev=1279.79)
Internal Error (overlap) in uni5319: Winding number did not return to 0 when x=1385
Internal Error (overlap) in uni5319: monotonic is both needed and unneeded (1394,-1077)->(1911,-1077). x=1431.5 (prev=1385)
Internal Error (overlap) in uni5319: monotonic is both needed and unneeded (1394,-1077)->(1911,-1077). x=1836.77 (prev=1385)
Internal Error (overlap) in uni5319: monotonic is both needed and unneeded (1394,-1077)->(1911,-1077). x=1556 (prev=1385)
Internal Error (overlap) in uni5319: monotonic is both needed and unneeded (1394,-1077)->(1911,-1077). x=1613 (prev=1385)
Internal Error (overlap) in uni5319: monotonic is both needed and unneeded (1394,-1077)->(1911,-1077). x=1587.65 (prev=1385)
Internal Error (overlap) in uni5319: monotonic is both needed and unneeded (1394,-1077)->(1911,-1077). x=1867.32 (prev=1385)
Internal Error (overlap) in uni5319: monotonic is both needed and unneeded (1394,-1077)->(1911,-1077). x=1431.5 (prev=1385)
Internal Error (overlap) in uni5319: monotonic is both needed and unneeded (1506,821)->(1290,781). x=1385 (prev=828.5)
Internal Error (overlap) in uni5319: monotonic is both needed and unneeded (1269.58,787.347)->(1466,827). x=1385 (prev=1279.79)
Internal Error (overlap) in uni5319: monotonic is both needed and unneeded (1579,1829)->(1376,1893). x=1385 (prev=5766)
Internal Error (overlap) in uni5319: monotonic is both needed and unneeded (1298,2067)->(1416,1899). x=1385 (prev=2426.97)
Internal Error (overlap) in uni5319: monotonic is both needed and unneeded (1462,13165)->(1358,13353). x=1385 (prev=1279.79)
Internal Error (overlap) in uni5319: monotonic is both needed and unneeded (1200,13523)->(1398,13359). x=1385 (prev=1279.79)
Internal Error (overlap) in uni5319: Winding number did not return to 0 when x=1385
Internal Error (overlap) in uni5319: monotonic is both needed and unneeded (1506,821)->(1290,781). x=1385 (prev=828.5)
Internal Error (overlap) in uni5319: monotonic is both needed and unneeded (1269.58,787.347)->(1466,827). x=1385 (prev=1279.79)
Internal Error (overlap) in uni5319: monotonic is both needed and unneeded (1579,1829)->(1376,1893). x=1385 (prev=5766)
Internal Error (overlap) in uni5319: monotonic is both needed and unneeded (1298,2067)->(1416,1899). x=1385 (prev=2426.97)
Internal Error (overlap) in uni5319: monotonic is both needed and unneeded (1462,13165)->(1358,13353). x=1385 (prev=1279.79)
Internal Error (overlap) in uni5319: monotonic is both needed and unneeded (1200,13523)->(1398,13359). x=1385 (prev=1279.79)
Internal Error (overlap) in uni5319: Winding number did not return to 0 when x=1385
Internal Error (overlap) in uni5319: monotonic is both needed and unneeded (1394,-1077)->(1911,-1077). x=1431.5 (prev=1385)
Internal Error (overlap) in uni5319: monotonic is both needed and unneeded (1394,-1077)->(1911,-1077). x=1431.5 (prev=1385)
Internal Error (overlap) in uni5319: monotonic is both needed and unneeded (1506,821)->(1290,781). x=1385 (prev=828.5)
Internal Error (overlap) in uni5319: monotonic is both needed and unneeded (1269.58,787.347)->(1466,827). x=1385 (prev=1279.79)
Internal Error (overlap) in uni5319: monotonic is both needed and unneeded (1579,1829)->(1376,1893). x=1385 (prev=5766)
Internal Error (overlap) in uni5319: monotonic is both needed and unneeded (1298,2067)->(1416,1899). x=1385 (prev=2426.97)
Internal Error (overlap) in uni5319: monotonic is both needed and unneeded (1462,13165)->(1358,13353). x=1385 (prev=1279.79)
Internal Error (overlap) in uni5319: monotonic is both needed and unneeded (1200,13523)->(1398,13359). x=1385 (prev=1279.79)
Internal Error (overlap) in uni5319: Winding number did not return to 0 when x=1385
Internal Error (overlap) in uni5319: monotonic is both needed and unneeded (1394,-1077)->(1911,-1077). x=1431.5 (prev=1385)
Internal Error (overlap) in uni5319: couldn't find a needed exit from an intersection
Internal Error (overlap) in uni5319: couldn't find a needed exit from an intersection
Internal Error (overlap) in uni8D70: monotonic is both needed and unneeded (1618,1169)->(1460,1141). x=1603 (prev=1366.5)
Internal Error (overlap) in uni8D70: monotonic is both needed and unneeded (1578,1175)->(1756,1259). x=1603 (prev=1451)
Internal Error (overlap) in uni8D70: monotonic is both needed and unneeded (1709,3517)->(1183,3517). x=1603 (prev=1366.5)
Internal Error (overlap) in uni8D70: monotonic is both needed and unneeded (1183,3523)->(1709,3523). x=1603 (prev=1366.5)
Internal Error (overlap) in uni8D70: monotonic is both needed and unneeded (1567,6067)->(1607,6067). x=1603 (prev=1366.5)
Internal Error (overlap) in uni8D70: monotonic is both needed and unneeded (1868,6797)->(1183,6797). x=1603 (prev=1366.5)
Internal Error (overlap) in uni8D70: monotonic is both needed and unneeded (1183,6803)->(1868,6803). x=1603 (prev=1366.5)
Internal Error (overlap) in uni8D70: monotonic is both needed and unneeded (1716.92,9247.11)->(1599,8157). x=1603 (prev=1366.5)
Internal Error (overlap) in uni8D70: monotonic is both needed and unneeded (1559,8163)->(1694,9411). x=1603 (prev=1366.5)
Internal Error (overlap) in uni8D70: monotonic is both needed and unneeded (1735,9861)->(1173,9861). x=1603 (prev=1366.5)
Internal Error (overlap) in uni8D70: monotonic is both needed and unneeded (1173,9867)->(1735,9867). x=1603 (prev=1366.5)
Internal Error (overlap) in uni8D70: monotonic is both needed and unneeded (1573,12435)->(1613,12435). x=1603 (prev=1366.5)
Internal Error (overlap) in uni8D70: Winding number did not return to 0 when x=1603
Internal Error (overlap) in uni8D70: monotonic is both needed and unneeded (1618,1169)->(1460,1141). x=1603 (prev=1366.5)
Internal Error (overlap) in uni8D70: monotonic is both needed and unneeded (1578,1175)->(1756,1259). x=1603 (prev=1451)
Internal Error (overlap) in uni8D70: monotonic is both needed and unneeded (1709,3517)->(1183,3517). x=1603 (prev=1366.5)
Internal Error (overlap) in uni8D70: monotonic is both needed and unneeded (1183,3523)->(1709,3523). x=1603 (prev=1366.5)
Internal Error (overlap) in uni8D70: monotonic is both needed and unneeded (1567,6067)->(1607,6067). x=1603 (prev=1366.5)
Internal Error (overlap) in uni8D70: monotonic is both needed and unneeded (1868,6797)->(1183,6797). x=1603 (prev=1366.5)
Internal Error (overlap) in uni8D70: monotonic is both needed and unneeded (1183,6803)->(1868,6803). x=1603 (prev=1366.5)
Internal Error (overlap) in uni8D70: monotonic is both needed and unneeded (1716.92,9247.11)->(1599,8157). x=1603 (prev=1366.5)
Internal Error (overlap) in uni8D70: monotonic is both needed and unneeded (1559,8163)->(1694,9411). x=1603 (prev=1366.5)
Internal Error (overlap) in uni8D70: monotonic is both needed and unneeded (1735,9861)->(1173,9861). x=1603 (prev=1366.5)
Internal Error (overlap) in uni8D70: monotonic is both needed and unneeded (1173,9867)->(1735,9867). x=1603 (prev=1366.5)
Internal Error (overlap) in uni8D70: monotonic is both needed and unneeded (1573,12435)->(1613,12435). x=1603 (prev=1366.5)
Internal Error (overlap) in uni8D70: Winding number did not return to 0 when x=1603
Internal Error (overlap) in uni8D70: monotonic is both needed and unneeded (1700,11497)->(1641,11961). y=11732 (prev=1603)
Internal Error (overlap) in uni8D70: monotonic is both needed and unneeded (1791.75,10679.4)->(1766,10925). y=10681.2 (prev=1603)
Internal Error (overlap) in uni8D70: monotonic is both needed and unneeded (1766,10925)->(1700,11497). y=11176 (prev=1603)
Internal Error (overlap) in uni8D70: monotonic is both needed and unneeded (1696,5049)->(1638,5549). y=5113.49 (prev=1603)
Internal Error (overlap) in uni8D70: monotonic is both needed and unneeded (1696,5049)->(1638,5549). y=5113.49 (prev=1603)
Internal Error (overlap) in uni8D70: monotonic is both needed and unneeded (1696,5049)->(1638,5549). y=5110.49 (prev=1603)
Internal Error (overlap) in uni8D70: monotonic is both needed and unneeded (1696,5049)->(1638,5549). y=5332 (prev=1603)
Internal Error (overlap) in uni8D70: monotonic is both needed and unneeded (1763.77,4391.33)->(1696,5049). y=4393.16 (prev=1603)
Internal Error (overlap) in uni8D70: monotonic is both needed and unneeded (1618,1169)->(1460,1141). x=1603 (prev=1366.5)
Internal Error (overlap) in uni8D70: monotonic is both needed and unneeded (1578,1175)->(1756,1259). x=1603 (prev=1451)
Internal Error (overlap) in uni8D70: monotonic is both needed and unneeded (1709,3517)->(1183,3517). x=1603 (prev=1366.5)
Internal Error (overlap) in uni8D70: monotonic is both needed and unneeded (1183,3523)->(1709,3523). x=1603 (prev=1366.5)
Internal Error (overlap) in uni8D70: monotonic is both needed and unneeded (1567,6067)->(1607,6067). x=1603 (prev=1366.5)
Internal Error (overlap) in uni8D70: monotonic is both needed and unneeded (1868,6797)->(1183,6797). x=1603 (prev=1366.5)
Internal Error (overlap) in uni8D70: monotonic is both needed and unneeded (1183,6803)->(1868,6803). x=1603 (prev=1366.5)
Internal Error (overlap) in uni8D70: monotonic is both needed and unneeded (1716.92,9247.11)->(1599,8157). x=1603 (prev=1366.5)
Internal Error (overlap) in uni8D70: monotonic is both needed and unneeded (1559,8163)->(1694,9411). x=1603 (prev=1366.5)
Internal Error (overlap) in uni8D70: monotonic is both needed and unneeded (1735,9861)->(1173,9861). x=1603 (prev=1366.5)
Internal Error (overlap) in uni8D70: monotonic is both needed and unneeded (1173,9867)->(1735,9867). x=1603 (prev=1366.5)
Internal Error (overlap) in uni8D70: monotonic is both needed and unneeded (1573,12435)->(1613,12435). x=1603 (prev=1366.5)
Internal Error (overlap) in uni8D70: Winding number did not return to 0 when x=1603
Internal Error (overlap) in uni8D70: monotonic is both needed and unneeded (1618,1169)->(1460,1141). x=1603 (prev=1366.5)
Internal Error (overlap) in uni8D70: monotonic is both needed and unneeded (1578,1175)->(1756,1259). x=1603 (prev=1451)
Internal Error (overlap) in uni8D70: monotonic is both needed and unneeded (1709,3517)->(1183,3517). x=1603 (prev=1366.5)
Internal Error (overlap) in uni8D70: monotonic is both needed and unneeded (1183,3523)->(1709,3523). x=1603 (prev=1366.5)
Internal Error (overlap) in uni8D70: monotonic is both needed and unneeded (1567,6067)->(1607,6067). x=1603 (prev=1366.5)
Internal Error (overlap) in uni8D70: monotonic is both needed and unneeded (1868,6797)->(1183,6797). x=1603 (prev=1366.5)
Internal Error (overlap) in uni8D70: monotonic is both needed and unneeded (1183,6803)->(1868,6803). x=1603 (prev=1366.5)
Internal Error (overlap) in uni8D70: monotonic is both needed and unneeded (1716.92,9247.11)->(1599,8157). x=1603 (prev=1366.5)
Internal Error (overlap) in uni8D70: monotonic is both needed and unneeded (1559,8163)->(1694,9411). x=1603 (prev=1366.5)
Internal Error (overlap) in uni8D70: monotonic is both needed and unneeded (1735,9861)->(1173,9861). x=1603 (prev=1366.5)
Internal Error (overlap) in uni8D70: monotonic is both needed and unneeded (1173,9867)->(1735,9867). x=1603 (prev=1366.5)
Internal Error (overlap) in uni8D70: monotonic is both needed and unneeded (1573,12435)->(1613,12435). x=1603 (prev=1366.5)
Internal Error (overlap) in uni8D70: Winding number did not return to 0 when x=1603
Internal Error (overlap) in uni8D70: monotonic is both needed and unneeded (1696,5049)->(1638,5549). y=5113.49 (prev=1603)
Internal Error (overlap) in uni8D70: monotonic is both needed and unneeded (1696,5049)->(1638,5549). y=5113.49 (prev=1603)
Internal Error (overlap) in uni8D70: monotonic is both needed and unneeded (1696,5049)->(1638,5549). y=5110.49 (prev=1603)
Internal Error (overlap) in uni8D70: monotonic is both needed and unneeded (1618,1169)->(1460,1141). x=1603 (prev=1366.5)
Internal Error (overlap) in uni8D70: monotonic is both needed and unneeded (1578,1175)->(1756,1259). x=1603 (prev=1451)
Internal Error (overlap) in uni8D70: monotonic is both needed and unneeded (1709,3517)->(1183,3517). x=1603 (prev=1366.5)
Internal Error (overlap) in uni8D70: monotonic is both needed and unneeded (1183,3523)->(1709,3523). x=1603 (prev=1366.5)
Internal Error (overlap) in uni8D70: monotonic is both needed and unneeded (1567,6067)->(1607,6067). x=1603 (prev=1366.5)
Internal Error (overlap) in uni8D70: monotonic is both needed and unneeded (1868,6797)->(1183,6797). x=1603 (prev=1366.5)
Internal Error (overlap) in uni8D70: monotonic is both needed and unneeded (1183,6803)->(1868,6803). x=1603 (prev=1366.5)
Internal Error (overlap) in uni8D70: monotonic is both needed and unneeded (1716.92,9247.11)->(1599,8157). x=1603 (prev=1366.5)
Internal Error (overlap) in uni8D70: monotonic is both needed and unneeded (1559,8163)->(1694,9411). x=1603 (prev=1366.5)
Internal Error (overlap) in uni8D70: monotonic is both needed and unneeded (1735,9861)->(1173,9861). x=1603 (prev=1366.5)
Internal Error (overlap) in uni8D70: monotonic is both needed and unneeded (1173,9867)->(1735,9867). x=1603 (prev=1366.5)
Internal Error (overlap) in uni8D70: monotonic is both needed and unneeded (1573,12435)->(1613,12435). x=1603 (prev=1366.5)
Internal Error (overlap) in uni8D70: Winding number did not return to 0 when x=1603
Internal Error (overlap) in uni8D70: monotonic is both needed and unneeded (1696,5049)->(1638,5549). y=5113.49 (prev=1603)
Internal Error (overlap) in uni8D70: couldn't find a needed exit from an intersection
Internal Error (overlap) in uni8D70: couldn't find a needed exit from an intersection
Internal Error (overlap) in uni8D70: couldn't find a needed exit from an intersection
Internal Error (overlap) in uni8D70: couldn't find a needed exit from an intersection
Internal Error (overlap) in uni8188: monotonic is both needed and unneeded (1460,3407)->(1561,3179). x=1545.56 (prev=3951.3)
Internal Error (overlap) in uni8188: monotonic is both needed and unneeded (1680,6565)->(1000,6565). x=1545.56 (prev=1370)
Internal Error (overlap) in uni8188: monotonic is both needed and unneeded (1040,6571)->(1680,6571). x=1545.56 (prev=1370)
Internal Error (overlap) in uni8188: monotonic is both needed and unneeded (1572,7221)->(1532,7221). x=1545.56 (prev=7224)
Internal Error (overlap) in uni8188: monotonic is both needed and unneeded (1532,7651)->(1572,7651). x=1545.56 (prev=7256)
Internal Error (overlap) in uni8188: monotonic is both needed and unneeded (1572,8677)->(1532,8677). x=1545.56 (prev=1370)
Internal Error (overlap) in uni8188: monotonic is both needed and unneeded (1566,10741)->(1526,10741). x=1545.56 (prev=1370)
Internal Error (overlap) in uni8188: monotonic is both needed and unneeded (1526,10747)->(1629,11507). x=1545.56 (prev=1659.5)
Internal Error (overlap) in uni8188: monotonic is both needed and unneeded (1924,11661)->(803,11661). x=1545.56 (prev=12057.6)
Internal Error (overlap) in uni8188: monotonic is both needed and unneeded (843,11667)->(1924,11667). x=1545.56 (prev=12057.6)
Internal Error (overlap) in uni8188: monotonic is both needed and unneeded (1641,12957)->(794.227,12957). x=1545.56 (prev=1370)
Internal Error (overlap) in uni8188: monotonic is both needed and unneeded (794,12963)->(1641,12963). x=1545.56 (prev=1370)
Internal Error (overlap) in uni8188: Winding number did not return to 0 when x=1545.56
Internal Error (overlap) in uni8188: monotonic is both needed and unneeded (1532,9715)->(1572,9715). x=1563.5 (prev=1545.56)
Internal Error (overlap) in uni8188: monotonic is both needed and unneeded (1460,3407)->(1561,3179). x=1545.56 (prev=3951.3)
Internal Error (overlap) in uni8188: monotonic is both needed and unneeded (1680,6565)->(1000,6565). x=1545.56 (prev=1370)
Internal Error (overlap) in uni8188: monotonic is both needed and unneeded (1040,6571)->(1680,6571). x=1545.56 (prev=1370)
Internal Error (overlap) in uni8188: monotonic is both needed and unneeded (1572,7221)->(1532,7221). x=1545.56 (prev=7224)
Internal Error (overlap) in uni8188: monotonic is both needed and unneeded (1532,7651)->(1572,7651). x=1545.56 (prev=7256)
Internal Error (overlap) in uni8188: monotonic is both needed and unneeded (1572,8677)->(1532,8677). x=1545.56 (prev=1370)
Internal Error (overlap) in uni8188: monotonic is both needed and unneeded (1566,10741)->(1526,10741). x=1545.56 (prev=1370)
Internal Error (overlap) in uni8188: monotonic is both needed and unneeded (1526,10747)->(1629,11507). x=1545.56 (prev=1659.5)
Internal Error (overlap) in uni8188: monotonic is both needed and unneeded (1924,11661)->(803,11661). x=1545.56 (prev=12057.6)
Internal Error (overlap) in uni8188: monotonic is both needed and unneeded (843,11667)->(1924,11667). x=1545.56 (prev=12057.6)
Internal Error (overlap) in uni8188: monotonic is both needed and unneeded (1641,12957)->(794.227,12957). x=1545.56 (prev=1370)
Internal Error (overlap) in uni8188: monotonic is both needed and unneeded (794,12963)->(1641,12963). x=1545.56 (prev=1370)
Internal Error (overlap) in uni8188: Winding number did not return to 0 when x=1545.56
Internal Error (overlap) in uni8188: monotonic is both needed and unneeded (1572,9709)->(1572,8683). y=8952 (prev=1545.56)
Internal Error (overlap) in uni8188: monotonic is both needed and unneeded (1460,3407)->(1561,3179). x=1545.56 (prev=3951.3)
Internal Error (overlap) in uni8188: monotonic is both needed and unneeded (1680,6565)->(1000,6565). x=1545.56 (prev=1370)
Internal Error (overlap) in uni8188: monotonic is both needed and unneeded (1040,6571)->(1680,6571). x=1545.56 (prev=1370)
Internal Error (overlap) in uni8188: monotonic is both needed and unneeded (1572,7221)->(1532,7221). x=1545.56 (prev=7224)
Internal Error (overlap) in uni8188: monotonic is both needed and unneeded (1532,7651)->(1572,7651). x=1545.56 (prev=7256)
Internal Error (overlap) in uni8188: monotonic is both needed and unneeded (1572,8677)->(1532,8677). x=1545.56 (prev=1370)
Internal Error (overlap) in uni8188: monotonic is both needed and unneeded (1566,10741)->(1526,10741). x=1545.56 (prev=1370)
Internal Error (overlap) in uni8188: monotonic is both needed and unneeded (1526,10747)->(1629,11507). x=1545.56 (prev=1659.5)
Internal Error (overlap) in uni8188: monotonic is both needed and unneeded (1924,11661)->(803,11661). x=1545.56 (prev=12057.6)
Internal Error (overlap) in uni8188: monotonic is both needed and unneeded (843,11667)->(1924,11667). x=1545.56 (prev=12057.6)
Internal Error (overlap) in uni8188: monotonic is both needed and unneeded (1641,12957)->(794.227,12957). x=1545.56 (prev=1370)
Internal Error (overlap) in uni8188: monotonic is both needed and unneeded (794,12963)->(1641,12963). x=1545.56 (prev=1370)
Internal Error (overlap) in uni8188: Winding number did not return to 0 when x=1545.56
Internal Error (overlap) in uni8188: monotonic is both needed and unneeded (1532,9715)->(1572,9715). x=1563.5 (prev=1545.56)
Internal Error (overlap) in uni8188: monotonic is both needed and unneeded (1460,3407)->(1561,3179). x=1545.56 (prev=3951.3)
Internal Error (overlap) in uni8188: monotonic is both needed and unneeded (1680,6565)->(1000,6565). x=1545.56 (prev=1370)
Internal Error (overlap) in uni8188: monotonic is both needed and unneeded (1040,6571)->(1680,6571). x=1545.56 (prev=1370)
Internal Error (overlap) in uni8188: monotonic is both needed and unneeded (1572,7221)->(1532,7221). x=1545.56 (prev=7224)
Internal Error (overlap) in uni8188: monotonic is both needed and unneeded (1532,7651)->(1572,7651). x=1545.56 (prev=7256)
Internal Error (overlap) in uni8188: monotonic is both needed and unneeded (1572,8677)->(1532,8677). x=1545.56 (prev=1370)
Internal Error (overlap) in uni8188: monotonic is both needed and unneeded (1566,10741)->(1526,10741). x=1545.56 (prev=1370)
Internal Error (overlap) in uni8188: monotonic is both needed and unneeded (1526,10747)->(1629,11507). x=1545.56 (prev=1659.5)
Internal Error (overlap) in uni8188: monotonic is both needed and unneeded (1924,11661)->(803,11661). x=1545.56 (prev=12057.6)
Internal Error (overlap) in uni8188: monotonic is both needed and unneeded (843,11667)->(1924,11667). x=1545.56 (prev=12057.6)
Internal Error (overlap) in uni8188: monotonic is both needed and unneeded (1641,12957)->(794.227,12957). x=1545.56 (prev=1370)
Internal Error (overlap) in uni8188: monotonic is both needed and unneeded (794,12963)->(1641,12963). x=1545.56 (prev=1370)
Internal Error (overlap) in uni8188: Winding number did not return to 0 when x=1545.56
Internal Error (overlap) in uni8188: monotonic is both needed and unneeded (1460,3407)->(1561,3179). x=1545.56 (prev=3951.3)
Internal Error (overlap) in uni8188: monotonic is both needed and unneeded (1680,6565)->(1000,6565). x=1545.56 (prev=1370)
Internal Error (overlap) in uni8188: monotonic is both needed and unneeded (1040,6571)->(1680,6571). x=1545.56 (prev=1370)
Internal Error (overlap) in uni8188: monotonic is both needed and unneeded (1572,7221)->(1532,7221). x=1545.56 (prev=7224)
Internal Error (overlap) in uni8188: monotonic is both needed and unneeded (1532,7651)->(1572,7651). x=1545.56 (prev=7256)
Internal Error (overlap) in uni8188: monotonic is both needed and unneeded (1572,8677)->(1532,8677). x=1545.56 (prev=1370)
Internal Error (overlap) in uni8188: monotonic is both needed and unneeded (1566,10741)->(1526,10741). x=1545.56 (prev=1370)
Internal Error (overlap) in uni8188: monotonic is both needed and unneeded (1526,10747)->(1629,11507). x=1545.56 (prev=1659.5)
Internal Error (overlap) in uni8188: monotonic is both needed and unneeded (1924,11661)->(803,11661). x=1545.56 (prev=12057.6)
Internal Error (overlap) in uni8188: monotonic is both needed and unneeded (843,11667)->(1924,11667). x=1545.56 (prev=12057.6)
Internal Error (overlap) in uni8188: monotonic is both needed and unneeded (1641,12957)->(794.227,12957). x=1545.56 (prev=1370)
Internal Error (overlap) in uni8188: monotonic is both needed and unneeded (794,12963)->(1641,12963). x=1545.56 (prev=1370)
Internal Error (overlap) in uni8188: Winding number did not return to 0 when x=1545.56
Internal Error (overlap) in uni8188: monotonic is both needed and unneeded (1532,9715)->(1572,9715). x=1563.5 (prev=1545.56)
Internal Error (overlap) in uni8188: couldn't find a needed exit from an intersection
Internal Error (overlap) in uni8188: Humph. This monotonic leads nowhere (1532,8677)->(1173,8677).
Internal Error (overlap) in uni8188: couldn't find a needed exit from an intersection
Internal Error (overlap) in uni9675: monotonic is both needed and unneeded (1376,939)->(1422,913). x=1400.95 (prev=472.5)
Internal Error (overlap) in uni9675: monotonic is both needed and unneeded (1422,1188)->(1382,1090). x=1400.95 (prev=472.5)
Internal Error (overlap) in uni9675: monotonic is both needed and unneeded (1366,1265)->(1405,1212). x=1400.95 (prev=472.5)
Internal Error (overlap) in uni9675: Winding number did not return to 0 when x=1400.95
Internal Error (overlap) in uni9675: monotonic is both needed and unneeded (1376,939)->(1422,913). x=1400.45 (prev=472.5)
Internal Error (overlap) in uni9675: monotonic is both needed and unneeded (1422,1188)->(1382,1090). x=1400.45 (prev=472.5)
Internal Error (overlap) in uni9675: monotonic is both needed and unneeded (1366,1265)->(1405,1212). x=1400.45 (prev=472.5)
Internal Error (overlap) in uni9675: Winding number did not return to 0 when x=1400.45
Internal Error (overlap) in uni9675: monotonic is both needed and unneeded (1376,939)->(1422,913). x=1400.45 (prev=472.5)
Internal Error (overlap) in uni9675: monotonic is both needed and unneeded (1422,1188)->(1382,1090). x=1400.45 (prev=472.5)
Internal Error (overlap) in uni9675: monotonic is both needed and unneeded (1366,1265)->(1405,1212). x=1400.45 (prev=472.5)
Internal Error (overlap) in uni9675: Winding number did not return to 0 when x=1400.45
Internal Error (overlap) in uni9675: monotonic is both needed and unneeded (1376,939)->(1422,913). x=1400.45 (prev=472.5)
Internal Error (overlap) in uni9675: monotonic is both needed and unneeded (1422,1188)->(1382,1090). x=1400.45 (prev=472.5)
Internal Error (overlap) in uni9675: monotonic is both needed and unneeded (1366,1265)->(1405,1212). x=1400.45 (prev=472.5)
Internal Error (overlap) in uni9675: Winding number did not return to 0 when x=1400.45
Warning: Mac string is a subset of the Windows string in the 'name' table
 for the UniqueID string in the English (US) language.
Warning: Mac string is a subset of the Windows string in the 'name' table
 for the Fullname string in the English (US) language.
