INFO:最終チェックのグリフ 'Z' の参照が不正
INFO:最終チェックのグリフ 'backslash' の参照が不正
INFO:最終チェックのグリフ 'currency' に交差がある
INFO:最終チェックのグリフ 'multiply' に交差がある
INFO:最終チェックのグリフ 'oe' に交差がある
INFO:最終チェックのグリフ 'uni031F' に交差がある
INFO:最終チェックのグリフ 'uni03BC' に交差がある
INFO:最終チェックのグリフ 'chi' に交差がある
INFO:最終チェックのグリフ 'perthousand' に交差がある
INFO:最終チェックのグリフ 'uni203B' に交差がある
INFO:最終チェックのグリフ 'uni2103' に交差がある
INFO:最終チェックのグリフ 'arrowdown' に交差がある
INFO:最終チェックのグリフ 'uni2196' に交差がある
INFO:最終チェックのグリフ 'uni2199' に交差がある
INFO:最終チェックのグリフ 'gradient' に交差がある
INFO:最終チェックのグリフ 'logicalor' に交差がある
INFO:最終チェックのグリフ 'uni226A' に交差がある
INFO:最終チェックのグリフ 'uni226B' に交差がある
INFO:最終チェックのグリフ 'uni22DB' に交差がある
INFO:最終チェックのグリフ 'uni23A9' に交差がある
INFO:最終チェックのグリフ 'uni23CE' に交差がある
INFO:最終チェックのグリフ 'uni247A' に交差がある
INFO:最終チェックのグリフ 'triagdn' に交差がある
INFO:最終チェックのグリフ 'uni25BD' に交差がある
INFO:最終チェックのグリフ 'lozenge' に交差がある
INFO:最終チェックのグリフ 'uni2600' に交差がある
INFO:最終チェックのグリフ 'uni2661' に交差がある
INFO:最終チェックのグリフ 'uni2662' に交差がある
INFO:最終チェックのグリフ 'heart' に交差がある
INFO:最終チェックのグリフ 'diamond' に交差がある
INFO:最終チェックのグリフ 'uni2756' に交差がある
INFO:最終チェックのグリフ 'uni27A1' に交差がある
INFO:最終チェックのグリフ 'uni2B05' に交差がある
INFO:最終チェックのグリフ 'uni3005' に交差がある
INFO:最終チェックのグリフ 'uni3018' に交差がある
INFO:最終チェックのグリフ 'uni3056' に交差がある
INFO:最終チェックのグリフ 'uni3064' に交差がある
INFO:最終チェックのグリフ 'uni306C' に交差がある
INFO:最終チェックのグリフ 'uni3079' に交差がある
INFO:最終チェックのグリフ 'uni307A' に交差がある
INFO:最終チェックのグリフ 'uni307C' に交差がある
INFO:最終チェックのグリフ 'uni307D' に交差がある
INFO:最終チェックのグリフ 'uni30A1' に交差がある
INFO:最終チェックのグリフ 'uni30AE' に交差がある
INFO:最終チェックのグリフ 'uni30B9' に交差がある
INFO:最終チェックのグリフ 'uni30BA' に交差がある
INFO:最終チェックのグリフ 'uni30D8' に交差がある
INFO:最終チェックのグリフ 'uni30D9' に交差がある
INFO:最終チェックのグリフ 'uni30DA' に交差がある
INFO:最終チェックのグリフ 'uni30DE' に交差がある
INFO:最終チェックのグリフ 'uni30E1' に交差がある
INFO:最終チェックのグリフ 'uni31F2' に交差がある
INFO:最終チェックのグリフ 'uni31F4' に交差がある
INFO:最終チェックのグリフ 'uni31F8' に交差がある
INFO:最終チェックのグリフ 'uni322C' に交差がある
INFO:最終チェックのグリフ 'uni3231' に交差がある
INFO:最終チェックのグリフ 'uni3236' に交差がある
INFO:最終チェックのグリフ 'uni323F' に交差がある
INFO:最終チェックのグリフ 'uni3241' に交差がある
INFO:最終チェックのグリフ 'uni3255' に交差がある
INFO:最終チェックのグリフ 'uni3256' に交差がある
INFO:最終チェックのグリフ 'uni3299' に交差がある
INFO:最終チェックのグリフ 'uni329D' に交差がある
INFO:最終チェックのグリフ 'uni329E' に交差がある
INFO:最終チェックのグリフ 'uni32AF' に交差がある
INFO:最終チェックのグリフ 'uni32B0' に交差がある
INFO:最終チェックのグリフ 'uni3316' に交差がある
INFO:最終チェックのグリフ 'uni332B' に交差がある
INFO:最終チェックのグリフ 'uni337B' に交差がある
INFO:最終チェックのグリフ 'uni337E' に交差がある
INFO:最終チェックのグリフ 'uni337F' に交差がある
INFO:最終チェックのグリフ 'uni3388' に交差がある
INFO:最終チェックのグリフ 'uni3389' に交差がある
INFO:最終チェックのグリフ 'uni33B2' に交差がある
INFO:最終チェックのグリフ 'uni34B5' に交差がある
INFO:最終チェックのグリフ 'uni34BC' に交差がある
INFO:最終チェックのグリフ 'uni355E' に交差がある
INFO:最終チェックのグリフ 'uni35A8' に交差がある
INFO:最終チェックのグリフ 'uni35C5' に交差がある
INFO:最終チェックのグリフ 'uni3761' に交差がある
INFO:最終チェックのグリフ 'uni376B' に交差がある
INFO:最終チェックのグリフ 'uni376C' に交差がある
INFO:最終チェックのグリフ 'uni3917' に交差がある
INFO:最終チェックのグリフ 'uni3B1A' に交差がある
INFO:最終チェックのグリフ 'uni3B1C' に交差がある
INFO:最終チェックのグリフ 'uni3B22' に交差がある
INFO:最終チェックのグリフ 'uni3B77' に交差がある
INFO:最終チェックのグリフ 'uni3B87' に交差がある
INFO:最終チェックのグリフ 'uni3B88' に交差がある
INFO:最終チェックのグリフ 'uni3BB6' に交差がある
INFO:最終チェックのグリフ 'uni3C26' に交差がある
INFO:最終チェックのグリフ 'uni3DD4' に交差がある
INFO:最終チェックのグリフ 'uni3E60' に交差がある
INFO:最終チェックのグリフ 'uni3F57' に交差がある
INFO:最終チェックのグリフ 'uni3FD7' に交差がある
INFO:最終チェックのグリフ 'uni4039' の参照が不正
INFO:最終チェックのグリフ 'uni4105' に交差がある
INFO:最終チェックのグリフ 'uni414F' に交差がある
INFO:最終チェックのグリフ 'uni4163' に交差がある
INFO:最終チェックのグリフ 'uni43EE' に交差がある
INFO:最終チェックのグリフ 'uni447A' に交差がある
INFO:最終チェックのグリフ 'uni46A1' に交差がある
INFO:最終チェックのグリフ 'uni47FD' に交差がある
INFO:最終チェックのグリフ 'uni4ABC' に交差がある
INFO:最終チェックのグリフ 'uni4B3B' に交差がある
INFO:最終チェックのグリフ 'uni4E51' に交差がある
INFO:最終チェックのグリフ 'uni4E82' に交差がある
INFO:最終チェックのグリフ 'uni4EA5' に交差がある
INFO:最終チェックのグリフ 'uni4EAC' に交差がある
INFO:最終チェックのグリフ 'uni4EC8' に交差がある
INFO:最終チェックのグリフ 'uni4ECE' に交差がある
INFO:最終チェックのグリフ 'uni4EE5' に交差がある
INFO:最終チェックのグリフ 'uni4EEB' に交差がある
INFO:最終チェックのグリフ 'uni4F11' に交差がある
INFO:最終チェックのグリフ 'uni4F3C' に交差がある
INFO:最終チェックのグリフ 'uni4F49' に交差がある
INFO:最終チェックのグリフ 'uni4F53' に交差がある
INFO:最終チェックのグリフ 'uni4F59' に交差がある
INFO:最終チェックのグリフ 'uni4F69' に交差がある
INFO:最終チェックのグリフ 'uni4F78' に交差がある
INFO:最終チェックのグリフ 'uni4F7D' に交差がある
INFO:最終チェックのグリフ 'uni4F85' に交差がある
INFO:最終チェックのグリフ 'uni4F98' に交差がある
INFO:最終チェックのグリフ 'uni4F9B' に交差がある
INFO:最終チェックのグリフ 'uni4F9D' に交差がある
INFO:最終チェックのグリフ 'uni4FAD' に交差がある
INFO:最終チェックのグリフ 'uni4FBF' に交差がある
INFO:最終チェックのグリフ 'uni4FE5' に交差がある
INFO:最終チェックのグリフ 'uni4FEF' に交差がある
INFO:最終チェックのグリフ 'uni4FF1' に交差がある
INFO:最終チェックのグリフ 'uni4FF6' に交差がある
INFO:最終チェックのグリフ 'uni5006' に交差がある
INFO:最終チェックのグリフ 'uni500E' に交差がある
INFO:最終チェックのグリフ 'uni5012' に交差がある
INFO:最終チェックのグリフ 'uni5029' に交差がある
INFO:最終チェックのグリフ 'uni5036' に交差がある
INFO:最終チェックのグリフ 'uni504F' に交差がある
INFO:最終チェックのグリフ 'uni505A' に交差がある
INFO:最終チェックのグリフ 'uni507D' に交差がある
INFO:最終チェックのグリフ 'uni5099' に交差がある
INFO:最終チェックのグリフ 'uni509C' に交差がある
INFO:最終チェックのグリフ 'uni50B2' に交差がある
INFO:最終チェックのグリフ 'uni50BA' に交差がある
INFO:最終チェックのグリフ 'uni50BE' に交差がある
INFO:最終チェックのグリフ 'uni50C9' に交差がある
INFO:最終チェックのグリフ 'uni50CC' に交差がある
INFO:最終チェックのグリフ 'uni50CD' に交差がある
INFO:最終チェックのグリフ 'uni50D8' に交差がある
INFO:最終チェックのグリフ 'uni50E6' に交差がある
INFO:最終チェックのグリフ 'uni5106' に交差がある
INFO:最終チェックのグリフ 'uni5109' に交差がある
INFO:最終チェックのグリフ 'uni511E' に交差がある
INFO:最終チェックのグリフ 'uni513A' に交差がある
INFO:最終チェックのグリフ 'uni5164' に交差がある
INFO:最終チェックのグリフ 'uni516A' に交差がある
INFO:最終チェックのグリフ 'uni516B' に交差がある
INFO:最終チェックのグリフ 'uni5171' に交差がある
INFO:最終チェックのグリフ 'uni51A3' に交差がある
INFO:最終チェックのグリフ 'uni51A6' に交差がある
INFO:最終チェックのグリフ 'uni51AB' に交差がある
INFO:最終チェックのグリフ 'uni51B0' に交差がある
INFO:最終チェックのグリフ 'uni51C3' に交差がある
INFO:最終チェックのグリフ 'uni51C5' の参照が不正
INFO:最終チェックのグリフ 'uni51FE' に交差がある
INFO:最終チェックのグリフ 'uni5214' に交差がある
INFO:最終チェックのグリフ 'uni523A' に交差がある
INFO:最終チェックのグリフ 'uni523B' に交差がある
INFO:最終チェックのグリフ 'uni524C' に交差がある
INFO:最終チェックのグリフ 'uni5261' に交差がある
INFO:最終チェックのグリフ 'uni5263' に交差がある
INFO:最終チェックのグリフ 'uni5264' に交差がある
INFO:最終チェックのグリフ 'uni5270' に交差がある
INFO:最終チェックのグリフ 'uni5271' に交差がある
INFO:最終チェックのグリフ 'uni5275' に交差がある
INFO:最終チェックのグリフ 'uni5282' に交差がある
INFO:最終チェックのグリフ 'uni5289' に交差がある
INFO:最終チェックのグリフ 'uni528D' に交差がある
INFO:最終チェックのグリフ 'uni5291' に交差がある
INFO:最終チェックのグリフ 'uni52AC' に交差がある
INFO:最終チェックのグリフ 'uni52C1' に交差がある
INFO:最終チェックのグリフ 'uni52C3' に交差がある
INFO:最終チェックのグリフ 'uni52C8' に交差がある
INFO:最終チェックのグリフ 'uni52D7' に交差がある
INFO:最終チェックのグリフ 'uni52DB' に交差がある
INFO:最終チェックのグリフ 'uni52E6' に交差がある
INFO:最終チェックのグリフ 'uni52F5' に交差がある
INFO:最終チェックのグリフ 'uni52F7' に交差がある
INFO:最終チェックのグリフ 'uni52F8' に交差がある
INFO:最終チェックのグリフ 'uni5308' に交差がある
INFO:最終チェックのグリフ 'uni530A' に交差がある
INFO:最終チェックのグリフ 'uni530B' に交差がある
INFO:最終チェックのグリフ 'uni533E' に交差がある
INFO:最終チェックのグリフ 'uni535A' に交差がある
INFO:最終チェックのグリフ 'uni539F' に交差がある
INFO:最終チェックのグリフ 'uni53A4' に交差がある
INFO:最終チェックのグリフ 'uni53A5' に交差がある
INFO:最終チェックのグリフ 'uni53AD' に交差がある
INFO:最終チェックのグリフ 'uni53AE' に交差がある
INFO:最終チェックのグリフ 'uni53B0' に交差がある
INFO:最終チェックのグリフ 'uni53B3' に交差がある
INFO:最終チェックのグリフ 'uni53B7' に交差がある
INFO:最終チェックのグリフ 'uni53D5' に交差がある
INFO:最終チェックのグリフ 'uni53D6' に交差がある
INFO:最終チェックのグリフ 'uni53D9' に交差がある
INFO:最終チェックのグリフ 'uni53E2' に交差がある
INFO:最終チェックのグリフ 'uni53EA' に交差がある
INFO:最終チェックのグリフ 'uni53ED' に交差がある
INFO:最終チェックのグリフ 'uni53F8' に交差がある
INFO:最終チェックのグリフ 'uni53FA' に交差がある
INFO:最終チェックのグリフ 'uni5420' に交差がある
INFO:最終チェックのグリフ 'uni543B' に交差がある
INFO:最終チェックのグリフ 'uni5471' に交差がある
INFO:最終チェックのグリフ 'uni5473' に交差がある
INFO:最終チェックのグリフ 'uni5476' に交差がある
INFO:最終チェックのグリフ 'uni548A' に交差がある
INFO:最終チェックのグリフ 'uni548F' に交差がある
INFO:最終チェックのグリフ 'uni54AE' に交差がある
INFO:最終チェックのグリフ 'uni54B3' に交差がある
INFO:最終チェックのグリフ 'uni54C4' に交差がある
INFO:最終チェックのグリフ 'uni5504' に交差がある
INFO:最終チェックのグリフ 'uni5539' に交差がある
INFO:最終チェックのグリフ 'uni553C' に交差がある
INFO:最終チェックのグリフ 'uni5544' に交差がある
INFO:最終チェックのグリフ 'uni554A' に交差がある
INFO:最終チェックのグリフ 'uni555C' に交差がある
INFO:最終チェックのグリフ 'uni555D' に交差がある
INFO:最終チェックのグリフ 'uni557C' に交差がある
INFO:最終チェックのグリフ 'uni557E' に交差がある
INFO:最終チェックのグリフ 'uni5580' の参照が不正
INFO:最終チェックのグリフ 'uni5587' に交差がある
INFO:最終チェックのグリフ 'uni558E' に交差がある
INFO:最終チェックのグリフ 'uni55A9' に交差がある
INFO:最終チェックのグリフ 'uni55AC' に交差がある
INFO:最終チェックのグリフ 'uni55DA' に交差がある
INFO:最終チェックのグリフ 'uni55DC' に交差がある
INFO:最終チェックのグリフ 'uni55DF' に交差がある
INFO:最終チェックのグリフ 'uni55F7' に交差がある
INFO:最終チェックのグリフ 'uni55FD' に交差がある
INFO:最終チェックのグリフ 'uni55FE' に交差がある
INFO:最終チェックのグリフ 'uni5628' に交差がある
INFO:最終チェックのグリフ 'uni5634' に交差がある
INFO:最終チェックのグリフ 'uni5649' に交差がある
INFO:最終チェックのグリフ 'uni565B' に交差がある
INFO:最終チェックのグリフ 'uni565E' に交差がある
INFO:最終チェックのグリフ 'uni566C' に交差がある
INFO:最終チェックのグリフ 'uni566D' に交差がある
INFO:最終チェックのグリフ 'uni5671' に交差がある
INFO:最終チェックのグリフ 'uni5678' に交差がある
INFO:最終チェックのグリフ 'uni567A' に交差がある
INFO:最終チェックのグリフ 'uni5688' に交差がある
INFO:最終チェックのグリフ 'uni5694' に交差がある
INFO:最終チェックのグリフ 'uni5695' の参照が不正
INFO:最終チェックのグリフ 'uni5699' に交差がある
INFO:最終チェックのグリフ 'uni56A2' に交差がある
INFO:最終チェックのグリフ 'uni56C1' に交差がある
INFO:最終チェックのグリフ 'uni56C3' に交差がある
INFO:最終チェックのグリフ 'uni56CE' に交差がある
INFO:最終チェックのグリフ 'uni56D3' に交差がある
INFO:最終チェックのグリフ 'uni56DF' に交差がある
INFO:最終チェックのグリフ 'uni5726' に交差がある
INFO:最終チェックのグリフ 'uni5747' に交差がある
INFO:最終チェックのグリフ 'uni5788' に交差がある
INFO:最終チェックのグリフ 'uni5793' に交差がある
INFO:最終チェックのグリフ 'uni57AC' に交差がある
INFO:最終チェックのグリフ 'uni57D7' に交差がある
INFO:最終チェックのグリフ 'uni581D' に交差がある
INFO:最終チェックのグリフ 'uni5875' に交差がある
INFO:最終チェックのグリフ 'uni5889' に交差がある
INFO:最終チェックのグリフ 'uni589C' に交差がある
INFO:最終チェックのグリフ 'uni58AB' に交差がある
INFO:最終チェックのグリフ 'uni58AE' に交差がある
INFO:最終チェックのグリフ 'uni58BA' に交差がある
INFO:最終チェックのグリフ 'uni58CE' に交差がある
INFO:最終チェックのグリフ 'uni58D2' に交差がある
INFO:最終チェックのグリフ 'uni58DE' に交差がある
INFO:最終チェックのグリフ 'uni58E5' に交差がある
INFO:最終チェックのグリフ 'uni5924' に交差がある
INFO:最終チェックのグリフ 'uni5925' に交差がある
INFO:最終チェックのグリフ 'uni592A' に交差がある
INFO:最終チェックのグリフ 'uni5948' に交差がある
INFO:最終チェックのグリフ 'uni595F' に交差がある
INFO:最終チェックのグリフ 'uni5968' に交差がある
INFO:最終チェックのグリフ 'uni5975' に交差がある
INFO:最終チェックのグリフ 'uni5976' に交差がある
INFO:最終チェックのグリフ 'uni597C' に交差がある
INFO:最終チェックのグリフ 'uni597D' に交差がある
INFO:最終チェックのグリフ 'uni598A' に交差がある
INFO:最終チェックのグリフ 'uni598B' に交差がある
INFO:最終チェックのグリフ 'uni598D' に交差がある
INFO:最終チェックのグリフ 'uni5993' に交差がある
INFO:最終チェックのグリフ 'uni5999' に交差がある
INFO:最終チェックのグリフ 'uni599D' に交差がある
INFO:最終チェックのグリフ 'uni59AC' に交差がある
INFO:最終チェックのグリフ 'uni59B2' に交差がある
INFO:最終チェックのグリフ 'uni59B9' に交差がある
INFO:最終チェックのグリフ 'uni59BA' に交差がある
INFO:最終チェックのグリフ 'uni59C3' に交差がある
INFO:最終チェックのグリフ 'uni59C8' に交差がある
INFO:最終チェックのグリフ 'uni59CD' に交差がある
INFO:最終チェックのグリフ 'uni59D0' に交差がある
INFO:最終チェックのグリフ 'uni59D1' に交差がある
INFO:最終チェックのグリフ 'uni59D2' に交差がある
INFO:最終チェックのグリフ 'uni59DD' に交差がある
INFO:最終チェックのグリフ 'uni59DE' に交差がある
INFO:最終チェックのグリフ 'uni59E3' に交差がある
INFO:最終チェックのグリフ 'uni59E4' に交差がある
INFO:最終チェックのグリフ 'uni59E8' に交差がある
INFO:最終チェックのグリフ 'uni59EA' に交差がある
INFO:最終チェックのグリフ 'uni59EE' に交差がある
INFO:最終チェックのグリフ 'uni59F8' に交差がある
INFO:最終チェックのグリフ 'uni59FB' に交差がある
INFO:最終チェックのグリフ 'uni5A09' に交差がある
INFO:最終チェックのグリフ 'uni5A0C' に交差がある
INFO:最終チェックのグリフ 'uni5A17' に交差がある
INFO:最終チェックのグリフ 'uni5A18' に交差がある
INFO:最終チェックのグリフ 'uni5A1F' に交差がある
INFO:最終チェックのグリフ 'uni5A23' に交差がある
INFO:最終チェックのグリフ 'uni5A25' に交差がある
INFO:最終チェックのグリフ 'uni5A27' に交差がある
INFO:最終チェックのグリフ 'uni5A2D' に交差がある
INFO:最終チェックのグリフ 'uni5A2F' に交差がある
INFO:最終チェックのグリフ 'uni5A35' に交差がある
INFO:最終チェックのグリフ 'uni5A40' に交差がある
INFO:最終チェックのグリフ 'uni5A49' に交差がある
INFO:最終チェックのグリフ 'uni5A55' に交差がある
INFO:最終チェックのグリフ 'uni5A5A' に交差がある
INFO:最終チェックのグリフ 'uni5A62' に交差がある
INFO:最終チェックのグリフ 'uni5A65' に交差がある
INFO:最終チェックのグリフ 'uni5A67' に交差がある
INFO:最終チェックのグリフ 'uni5A6D' に交差がある
INFO:最終チェックのグリフ 'uni5A7E' に交差がある
INFO:最終チェックのグリフ 'uni5A7F' に交差がある
INFO:最終チェックのグリフ 'uni5A84' に交差がある
INFO:最終チェックのグリフ 'uni5A8B' に交差がある
INFO:最終チェックのグリフ 'uni5A9C' に交差がある
INFO:最終チェックのグリフ 'uni5A9F' に交差がある
INFO:最終チェックのグリフ 'uni5AA2' に交差がある
INFO:最終チェックのグリフ 'uni5AA7' に交差がある
INFO:最終チェックのグリフ 'uni5AB1' に交差がある
INFO:最終チェックのグリフ 'uni5AB3' に交差がある
INFO:最終チェックのグリフ 'uni5ABA' に交差がある
INFO:最終チェックのグリフ 'uni5ABC' に交差がある
INFO:最終チェックのグリフ 'uni5ABE' に交差がある
INFO:最終チェックのグリフ 'uni5ABF' に交差がある
INFO:最終チェックのグリフ 'uni5AC2' に交差がある
INFO:最終チェックのグリフ 'uni5AC4' に交差がある
INFO:最終チェックのグリフ 'uni5AC9' に交差がある
INFO:最終チェックのグリフ 'uni5ACC' に交差がある
INFO:最終チェックのグリフ 'uni5AD0' に交差がある
INFO:最終チェックのグリフ 'uni5AD6' に交差がある
INFO:最終チェックのグリフ 'uni5AD7' に交差がある
INFO:最終チェックのグリフ 'uni5ADA' に交差がある
INFO:最終チェックのグリフ 'uni5AE1' に交差がある
INFO:最終チェックのグリフ 'uni5AE3' に交差がある
INFO:最終チェックのグリフ 'uni5AE9' に交差がある
INFO:最終チェックのグリフ 'uni5AEE' に交差がある
INFO:最終チェックのグリフ 'uni5AF0' に交差がある
INFO:最終チェックのグリフ 'uni5AF5' に交差がある
INFO:最終チェックのグリフ 'uni5AFA' に交差がある
INFO:最終チェックのグリフ 'uni5AFB' に交差がある
INFO:最終チェックのグリフ 'uni5B00' に交差がある
INFO:最終チェックのグリフ 'uni5B08' に交差がある
INFO:最終チェックのグリフ 'uni5B09' の参照が不正
INFO:最終チェックのグリフ 'uni5B0C' に交差がある
INFO:最終チェックのグリフ 'uni5B17' に交差がある
INFO:最終チェックのグリフ 'uni5B19' に交差がある
INFO:最終チェックのグリフ 'uni5B25' に交差がある
INFO:最終チェックのグリフ 'uni5B2A' に交差がある
INFO:最終チェックのグリフ 'uni5B2D' に交差がある
INFO:最終チェックのグリフ 'uni5B32' に交差がある
INFO:最終チェックのグリフ 'uni5B34' に交差がある
INFO:最終チェックのグリフ 'uni5B3E' に交差がある
INFO:最終チェックのグリフ 'uni5B40' に交差がある
INFO:最終チェックのグリフ 'uni5B45' に交差がある
INFO:最終チェックのグリフ 'uni5B4C' に交差がある
INFO:最終チェックのグリフ 'uni5B64' に交差がある
INFO:最終チェックのグリフ 'uni5B69' に交差がある
INFO:最終チェックのグリフ 'uni5B7F' に交差がある
INFO:最終チェックのグリフ 'uni5B8D' に交差がある
INFO:最終チェックのグリフ 'uni5BC3' に交差がある
INFO:最終チェックのグリフ 'uni5BC7' に交差がある
INFO:最終チェックのグリフ 'uni5BCE' に交差がある
INFO:最終チェックのグリフ 'uni5BDF' に交差がある
INFO:最終チェックのグリフ 'uni5C07' に交差がある
INFO:最終チェックのグリフ 'uni5C0D' に交差がある
INFO:最終チェックのグリフ 'uni5C1E' に交差がある
INFO:最終チェックのグリフ 'uni5C20' に交差がある
INFO:最終チェックのグリフ 'uni5C3E' に交差がある
INFO:最終チェックのグリフ 'uni5C8F' に交差がある
INFO:最終チェックのグリフ 'uni5C9F' に交差がある
INFO:最終チェックのグリフ 'uni5CAB' に交差がある
INFO:最終チェックのグリフ 'uni5CB6' に交差がある
INFO:最終チェックのグリフ 'uni5CBC' に交差がある
INFO:最終チェックのグリフ 'uni5CFA' に交差がある
INFO:最終チェックのグリフ 'uni5CFB' に交差がある
INFO:最終チェックのグリフ 'uni5D07' に交差がある
INFO:最終チェックのグリフ 'uni5D0D' に交差がある
INFO:最終チェックのグリフ 'uni5D27' に交差がある
INFO:最終チェックのグリフ 'uni5D39' に交差がある
INFO:最終チェックのグリフ 'uni5D47' に交差がある
INFO:最終チェックのグリフ 'uni5D4E' に交差がある
INFO:最終チェックのグリフ 'uni5D61' に交差がある
INFO:最終チェックのグリフ 'uni5D6F' に交差がある
INFO:最終チェックのグリフ 'uni5D88' に交差がある
INFO:最終チェックのグリフ 'uni5D90' に交差がある
INFO:最終チェックのグリフ 'uni5DAE' に交差がある
INFO:最終チェックのグリフ 'uni5DB4' に交差がある
INFO:最終チェックのグリフ 'uni5DBC' に交差がある
INFO:最終チェックのグリフ 'uni5DBD' に交差がある
INFO:最終チェックのグリフ 'uni5DD7' に交差がある
INFO:最終チェックのグリフ 'uni5DD8' に交差がある
INFO:最終チェックのグリフ 'uni5DE4' に交差がある
INFO:最終チェックのグリフ 'uni5E00' に交差がある
INFO:最終チェックのグリフ 'uni5E2B' に交差がある
INFO:最終チェックのグリフ 'uni5E30' に交差がある
INFO:最終チェックのグリフ 'uni5E4E' に交差がある
INFO:最終チェックのグリフ 'uni5E57' に交差がある
INFO:最終チェックのグリフ 'uni5EA5' に交差がある
INFO:最終チェックのグリフ 'uni5EB8' に交差がある
INFO:最終チェックのグリフ 'uni5EC3' に交差がある
INFO:最終チェックのグリフ 'uni5EDD' に交差がある
INFO:最終チェックのグリフ 'uni5EE0' に交差がある
INFO:最終チェックのグリフ 'uni5EE8' に交差がある
INFO:最終チェックのグリフ 'uni5EEC' に交差がある
INFO:最終チェックのグリフ 'uni5F11' に交差がある
INFO:最終チェックのグリフ 'uni5F1E' に交差がある
INFO:最終チェックのグリフ 'uni5F27' に交差がある
INFO:最終チェックのグリフ 'uni5F36' に交差がある
INFO:最終チェックのグリフ 'uni5F4C' に交差がある
INFO:最終チェックのグリフ 'uni5F6C' に交差がある
INFO:最終チェックのグリフ 'uni5F8B' に交差がある
INFO:最終チェックのグリフ 'uni5F91' に交差がある
INFO:最終チェックのグリフ 'uni5FAE' に交差がある
INFO:最終チェックのグリフ 'uni5FB3' の参照が不正
INFO:最終チェックのグリフ 'uni5FB4' に交差がある
INFO:最終チェックのグリフ 'uni5FB5' に交差がある
INFO:最終チェックのグリフ 'uni5FB9' に交差がある
INFO:最終チェックのグリフ 'uni5FBC' に交差がある
INFO:最終チェックのグリフ 'uni5FBD' に交差がある
INFO:最終チェックのグリフ 'uni5FE2' に交差がある
INFO:最終チェックのグリフ 'uni6016' に交差がある
INFO:最終チェックのグリフ 'uni603A' に交差がある
INFO:最終チェックのグリフ 'uni605F' に交差がある
INFO:最終チェックのグリフ 'uni6065' に交差がある
INFO:最終チェックのグリフ 'uni606C' に交差がある
INFO:最終チェックのグリフ 'uni6081' に交差がある
INFO:最終チェックのグリフ 'uni6094' に交差がある
INFO:最終チェックのグリフ 'uni60D9' に交差がある
INFO:最終チェックのグリフ 'uni60DE' に交差がある
INFO:最終チェックのグリフ 'uni60E7' に交差がある
INFO:最終チェックのグリフ 'uni6100' に交差がある
INFO:最終チェックのグリフ 'uni6109' に交差がある
INFO:最終チェックのグリフ 'uni6112' に交差がある
INFO:最終チェックのグリフ 'uni613E' に交差がある
INFO:最終チェックのグリフ 'uni6147' に交差がある
INFO:最終チェックのグリフ 'uni615D' に交差がある
INFO:最終チェックのグリフ 'uni6160' に交差がある
INFO:最終チェックのグリフ 'uni6163' に交差がある
INFO:最終チェックのグリフ 'uni6177' に交差がある
INFO:最終チェックのグリフ 'uni618A' に交差がある
INFO:最終チェックのグリフ 'uni61AB' に交差がある
INFO:最終チェックのグリフ 'uni61BA' に交差がある
INFO:最終チェックのグリフ 'uni61C8' に交差がある
INFO:最終チェックのグリフ 'uni61D0' の参照が不正
INFO:最終チェックのグリフ 'uni61F2' に交差がある
INFO:最終チェックのグリフ 'uni61F6' に交差がある
INFO:最終チェックのグリフ 'uni61FA' に交差がある
INFO:最終チェックのグリフ 'uni61FE' に交差がある
INFO:最終チェックのグリフ 'uni61FF' に交差がある
INFO:最終チェックのグリフ 'uni621A' に交差がある
INFO:最終チェックのグリフ 'uni6223' に交差がある
INFO:最終チェックのグリフ 'uni622F' に交差がある
INFO:最終チェックのグリフ 'uni6234' に交差がある
INFO:最終チェックのグリフ 'uni6252' に交差がある
INFO:最終チェックのグリフ 'uni6253' に交差がある
INFO:最終チェックのグリフ 'uni627F' に交差がある
INFO:最終チェックのグリフ 'uni6293' に交差がある
INFO:最終チェックのグリフ 'uni62A6' に交差がある
INFO:最終チェックのグリフ 'uni62B9' に交差がある
INFO:最終チェックのグリフ 'uni62CF' に交差がある
INFO:最終チェックのグリフ 'uni62D3' に交差がある
INFO:最終チェックのグリフ 'uni62FC' に交差がある
INFO:最終チェックのグリフ 'uni6328' に交差がある
INFO:最終チェックのグリフ 'uni633E' に交差がある
INFO:最終チェックのグリフ 'uni637A' に交差がある
INFO:最終チェックのグリフ 'uni6394' に交差がある
INFO:最終チェックのグリフ 'uni63A0' に交差がある
INFO:最終チェックのグリフ 'uni63AB' に交差がある
INFO:最終チェックのグリフ 'uni63AC' に交差がある
INFO:最終チェックのグリフ 'uni63BB' に交差がある
INFO:最終チェックのグリフ 'uni63C4' に交差がある
INFO:最終チェックのグリフ 'uni63C6' の参照が不正
INFO:最終チェックのグリフ 'uni63E3' に交差がある
INFO:最終チェックのグリフ 'uni63E5' に交差がある
INFO:最終チェックのグリフ 'uni6413' に交差がある
INFO:最終チェックのグリフ 'uni6428' に交差がある
INFO:最終チェックのグリフ 'uni6434' に交差がある
INFO:最終チェックのグリフ 'uni6436' に交差がある
INFO:最終チェックのグリフ 'uni647A' に交差がある
INFO:最終チェックのグリフ 'uni6487' に交差がある
INFO:最終チェックのグリフ 'uni6492' に交差がある
INFO:最終チェックのグリフ 'uni6495' に交差がある
INFO:最終チェックのグリフ 'uni64A4' に交差がある
INFO:最終チェックのグリフ 'uni64A5' に交差がある
INFO:最終チェックのグリフ 'uni64BF' に交差がある
INFO:最終チェックのグリフ 'uni64CE' に交差がある
INFO:最終チェックのグリフ 'uni64D2' に交差がある
INFO:最終チェックのグリフ 'uni64D4' に交差がある
INFO:最終チェックのグリフ 'uni64E6' に交差がある
INFO:最終チェックのグリフ 'uni64F1' に交差がある
INFO:最終チェックのグリフ 'uni64F2' に交差がある
INFO:最終チェックのグリフ 'uni64FA' に交差がある
INFO:最終チェックのグリフ 'uni64FB' に交差がある
INFO:最終チェックのグリフ 'uni6500' に交差がある
INFO:最終チェックのグリフ 'uni6514' に交差がある
INFO:最終チェックのグリフ 'uni6516' に交差がある
INFO:最終チェックのグリフ 'uni6523' に交差がある
INFO:最終チェックのグリフ 'uni652A' に交差がある
INFO:最終チェックのグリフ 'uni6536' の参照が不正
INFO:最終チェックのグリフ 'uni6548' に交差がある
INFO:最終チェックのグリフ 'uni654F' に交差がある
INFO:最終チェックのグリフ 'uni6551' に交差がある
INFO:最終チェックのグリフ 'uni6555' に交差がある
INFO:最終チェックのグリフ 'uni655D' に交差がある
INFO:最終チェックのグリフ 'uni655E' に交差がある
INFO:最終チェックのグリフ 'uni656B' に交差がある
INFO:最終チェックのグリフ 'uni656C' に交差がある
INFO:最終チェックのグリフ 'uni6572' に交差がある
INFO:最終チェックのグリフ 'uni6575' に交差がある
INFO:最終チェックのグリフ 'uni6578' に交差がある
INFO:最終チェックのグリフ 'uni6582' に交差がある
INFO:最終チェックのグリフ 'uni659D' に交差がある
INFO:最終チェックのグリフ 'uni65A1' に交差がある
INFO:最終チェックのグリフ 'uni65AF' に交差がある
INFO:最終チェックのグリフ 'uni65B2' に交差がある
INFO:最終チェックのグリフ 'uni65B7' に交差がある
INFO:最終チェックのグリフ 'uni65C5' に交差がある
INFO:最終チェックのグリフ 'uni65CC' に交差がある
INFO:最終チェックのグリフ 'uni65D7' に交差がある
INFO:最終チェックのグリフ 'uni65D9' に交差がある
INFO:最終チェックのグリフ 'uni6609' に交差がある
INFO:最終チェックのグリフ 'uni6621' に交差がある
INFO:最終チェックのグリフ 'uni6628' に交差がある
INFO:最終チェックのグリフ 'uni662B' に交差がある
INFO:最終チェックのグリフ 'uni6641' の参照が不正
INFO:最終チェックのグリフ 'uni6648' の参照が不正
INFO:最終チェックのグリフ 'uni6663' に交差がある
INFO:最終チェックのグリフ 'uni6664' に交差がある
INFO:最終チェックのグリフ 'uni6667' に交差がある
INFO:最終チェックのグリフ 'uni666A' に交差がある
INFO:最終チェックのグリフ 'uni6680' に交差がある
INFO:最終チェックのグリフ 'uni6696' に交差がある
INFO:最終チェックのグリフ 'uni669D' に交差がある
INFO:最終チェックのグリフ 'uni66BB' に交差がある
INFO:最終チェックのグリフ 'uni66BE' に交差がある
INFO:最終チェックのグリフ 'uni66C7' に交差がある
INFO:最終チェックのグリフ 'uni66C9' に交差がある
INFO:最終チェックのグリフ 'uni66DB' に交差がある
INFO:最終チェックのグリフ 'uni66E6' に交差がある
INFO:最終チェックのグリフ 'uni6705' に交差がある
INFO:最終チェックのグリフ 'uni6713' に交差がある
INFO:最終チェックのグリフ 'uni6714' に交差がある
INFO:最終チェックのグリフ 'uni671B' に交差がある
INFO:最終チェックのグリフ 'uni671F' に交差がある
INFO:最終チェックのグリフ 'uni6726' に交差がある
INFO:最終チェックのグリフ 'uni6733' に交差がある
INFO:最終チェックのグリフ 'uni6741' に交差がある
INFO:最終チェックのグリフ 'uni675C' に交差がある
INFO:最終チェックのグリフ 'uni6761' に交差がある
INFO:最終チェックのグリフ 'uni6766' に交差がある
INFO:最終チェックのグリフ 'uni6776' に交差がある
INFO:最終チェックのグリフ 'uni6797' に交差がある
INFO:最終チェックのグリフ 'uni6798' に交差がある
INFO:最終チェックのグリフ 'uni67E2' に交差がある
INFO:最終チェックのグリフ 'uni67E7' に交差がある
INFO:最終チェックのグリフ 'uni67F0' に交差がある
INFO:最終チェックのグリフ 'uni67FC' に交差がある
INFO:最終チェックのグリフ 'uni6829' に交差がある
INFO:最終チェックのグリフ 'uni6838' に交差がある
INFO:最終チェックのグリフ 'uni683B' に交差がある
INFO:最終チェックのグリフ 'uni687E' に交差がある
INFO:最終チェックのグリフ 'uni6896' に交差がある
INFO:最終チェックのグリフ 'uni689D' に交差がある
INFO:最終チェックのグリフ 'uni68B0' に交差がある
INFO:最終チェックのグリフ 'uni68B3' に交差がある
INFO:最終チェックのグリフ 'uni68B4' に交差がある
INFO:最終チェックのグリフ 'uni68B5' に交差がある
INFO:最終チェックのグリフ 'uni68B6' に交差がある
INFO:最終チェックのグリフ 'uni68B9' に交差がある
INFO:最終チェックのグリフ 'uni68BB' に交差がある
INFO:最終チェックのグリフ 'uni68BC' に交差がある
INFO:最終チェックのグリフ 'uni68D5' に交差がある
INFO:最終チェックのグリフ 'uni68D8' に交差がある
INFO:最終チェックのグリフ 'uni68DA' に交差がある
INFO:最終チェックのグリフ 'uni68E1' に交差がある
INFO:最終チェックのグリフ 'uni68E5' に交差がある
INFO:最終チェックのグリフ 'uni68EE' に交差がある
INFO:最終チェックのグリフ 'uni68F7' に交差がある
INFO:最終チェックのグリフ 'uni6905' に交差がある
INFO:最終チェックのグリフ 'uni6907' に交差がある
INFO:最終チェックのグリフ 'uni690B' に交差がある
INFO:最終チェックのグリフ 'uni6912' の参照が不正
INFO:最終チェックのグリフ 'uni6921' に交差がある
INFO:最終チェックのグリフ 'uni6923' に交差がある
INFO:最終チェックのグリフ 'uni6925' に交差がある
INFO:最終チェックのグリフ 'uni6936' に交差がある
INFO:最終チェックのグリフ 'uni6942' に交差がある
INFO:最終チェックのグリフ 'uni6959' に交差がある
INFO:最終チェックのグリフ 'uni696C' に交差がある
INFO:最終チェックのグリフ 'uni6974' に交差がある
INFO:最終チェックのグリフ 'uni6975' に交差がある
INFO:最終チェックのグリフ 'uni6978' に交差がある
INFO:最終チェックのグリフ 'uni69A0' に交差がある
INFO:最終チェックのグリフ 'uni69A6' に交差がある
INFO:最終チェックのグリフ 'uni69A7' に交差がある
INFO:最終チェックのグリフ 'uni69CE' に交差がある
INFO:最終チェックのグリフ 'uni69D1' に交差がある
INFO:最終チェックのグリフ 'uni69D9' に交差がある
INFO:最終チェックのグリフ 'uni69ED' に交差がある
INFO:最終チェックのグリフ 'uni69F5' に交差がある
INFO:最終チェックのグリフ 'uni69F6' に交差がある
INFO:最終チェックのグリフ 'uni6A15' に交差がある
INFO:最終チェックのグリフ 'uni6A21' の参照が不正
INFO:最終チェックのグリフ 'uni6A2E' に交差がある
INFO:最終チェックのグリフ 'uni6A32' に交差がある
INFO:最終チェックのグリフ 'uni6A3D' に交差がある
INFO:最終チェックのグリフ 'uni6A44' に交差がある
INFO:最終チェックのグリフ 'uni6A46' に交差がある
INFO:最終チェックのグリフ 'uni6A47' に交差がある
INFO:最終チェックのグリフ 'uni6A52' に交差がある
INFO:最終チェックのグリフ 'uni6A5B' に交差がある
INFO:最終チェックのグリフ 'uni6A62' に交差がある
INFO:最終チェックのグリフ 'uni6A72' に交差がある
INFO:最終チェックのグリフ 'uni6A84' に交差がある
INFO:最終チェックのグリフ 'uni6A89' に交差がある
INFO:最終チェックのグリフ 'uni6A8B' に交差がある
INFO:最終チェックのグリフ 'uni6A9D' に交差がある
INFO:最終チェックのグリフ 'uni6AA2' に交差がある
INFO:最終チェックのグリフ 'uni6AA5' に交差がある
INFO:最終チェックのグリフ 'uni6ADC' に交差がある
INFO:最終チェックのグリフ 'uni6ADE' に交差がある
INFO:最終チェックのグリフ 'uni6AE2' に交差がある
INFO:最終チェックのグリフ 'uni6AEC' に交差がある
INFO:最終チェックのグリフ 'uni6AF2' に交差がある
INFO:最終チェックのグリフ 'uni6B04' に交差がある
INFO:最終チェックのグリフ 'uni6B05' に交差がある
INFO:最終チェックのグリフ 'uni6B0F' に交差がある
INFO:最終チェックのグリフ 'uni6B12' に交差がある
INFO:最終チェックのグリフ 'uni6B16' に交差がある
INFO:最終チェックのグリフ 'uni6B17' に交差がある
INFO:最終チェックのグリフ 'uni6B1B' に交差がある
INFO:最終チェックのグリフ 'uni6B1E' に交差がある
INFO:最終チェックのグリフ 'uni6B23' に交差がある
INFO:最終チェックのグリフ 'uni6B27' に交差がある
INFO:最終チェックのグリフ 'uni6B2C' に交差がある
INFO:最終チェックのグリフ 'uni6B2F' に交差がある
INFO:最終チェックのグリフ 'uni6B32' に交差がある
INFO:最終チェックのグリフ 'uni6B35' に交差がある
INFO:最終チェックのグリフ 'uni6B37' に交差がある
INFO:最終チェックのグリフ 'uni6B38' に交差がある
INFO:最終チェックのグリフ 'uni6B39' に交差がある
INFO:最終チェックのグリフ 'uni6B3A' に交差がある
INFO:最終チェックのグリフ 'uni6B3D' に交差がある
INFO:最終チェックのグリフ 'uni6B3E' に交差がある
INFO:最終チェックのグリフ 'uni6B43' に交差がある
INFO:最終チェックのグリフ 'uni6B46' に交差がある
INFO:最終チェックのグリフ 'uni6B47' に交差がある
INFO:最終チェックのグリフ 'uni6B49' に交差がある
INFO:最終チェックのグリフ 'uni6B4C' に交差がある
INFO:最終チェックのグリフ 'uni6B4E' に交差がある
INFO:最終チェックのグリフ 'uni6B50' に交差がある
INFO:最終チェックのグリフ 'uni6B53' に交差がある
INFO:最終チェックのグリフ 'uni6B54' に交差がある
INFO:最終チェックのグリフ 'uni6B56' に交差がある
INFO:最終チェックのグリフ 'uni6B58' に交差がある
INFO:最終チェックのグリフ 'uni6B5B' に交差がある
INFO:最終チェックのグリフ 'uni6B5F' に交差がある
INFO:最終チェックのグリフ 'uni6B60' に交差がある
INFO:最終チェックのグリフ 'uni6B61' に交差がある
INFO:最終チェックのグリフ 'uni6B80' に交差がある
INFO:最終チェックのグリフ 'uni6B8A' に交差がある
INFO:最終チェックのグリフ 'uni6B9E' に交差がある
INFO:最終チェックのグリフ 'uni6BAE' に交差がある
INFO:最終チェックのグリフ 'uni6BAF' の参照が不正
INFO:最終チェックのグリフ 'uni6BC7' に交差がある
INFO:最終チェックのグリフ 'uni6BC8' に交差がある
INFO:最終チェックのグリフ 'uni6BEB' に交差がある
INFO:最終チェックのグリフ 'uni6BEF' に交差がある
INFO:最終チェックのグリフ 'uni6C0E' に交差がある
INFO:最終チェックのグリフ 'uni6C33' に交差がある
INFO:最終チェックのグリフ 'uni6C3A' に交差がある
INFO:最終チェックのグリフ 'uni6C6F' に交差がある
INFO:最終チェックのグリフ 'uni6C70' に交差がある
INFO:最終チェックのグリフ 'uni6C90' に交差がある
INFO:最終チェックのグリフ 'uni6CC5' に交差がある
INFO:最終チェックのグリフ 'uni6CDB' に交差がある
INFO:最終チェックのグリフ 'uni6CEC' に交差がある
INFO:最終チェックのグリフ 'uni6CF3' に交差がある
INFO:最終チェックのグリフ 'uni6D33' に交差がある
INFO:最終チェックのグリフ 'uni6D35' に交差がある
INFO:最終チェックのグリフ 'uni6D36' に交差がある
INFO:最終チェックのグリフ 'uni6D3E' に交差がある
INFO:最終チェックのグリフ 'uni6D5C' に交差がある
INFO:最終チェックのグリフ 'uni6D64' に交差がある
INFO:最終チェックのグリフ 'uni6D8C' に交差がある
INFO:最終チェックのグリフ 'uni6D9B' に交差がある
INFO:最終チェックのグリフ 'uni6DAE' に交差がある
INFO:最終チェックのグリフ 'uni6DBC' に交差がある
INFO:最終チェックのグリフ 'uni6DC7' に交差がある
INFO:最終チェックのグリフ 'uni6DCB' に交差がある
INFO:最終チェックのグリフ 'uni6DD1' に交差がある
INFO:最終チェックのグリフ 'uni6DD9' に交差がある
INFO:最終チェックのグリフ 'uni6DDF' に交差がある
INFO:最終チェックのグリフ 'uni6DE4' に交差がある
INFO:最終チェックのグリフ 'uni6DF3' に交差がある
INFO:最終チェックのグリフ 'uni6DFB' に交差がある
INFO:最終チェックのグリフ 'uni6E15' に交差がある
INFO:最終チェックのグリフ 'uni6E1D' に交差がある
INFO:最終チェックのグリフ 'uni6E26' に交差がある
INFO:最終チェックのグリフ 'uni6E2E' に交差がある
INFO:最終チェックのグリフ 'uni6E4C' に交差がある
INFO:最終チェックのグリフ 'uni6E4F' に交差がある
INFO:最終チェックのグリフ 'uni6E6B' に交差がある
INFO:最終チェックのグリフ 'uni6E82' に交差がある
INFO:最終チェックのグリフ 'uni6E90' に交差がある
INFO:最終チェックのグリフ 'uni6E9F' に交差がある
INFO:最終チェックのグリフ 'uni6EC1' に交差がある
INFO:最終チェックのグリフ 'uni6EC3' に交差がある
INFO:最終チェックのグリフ 'uni6EF4' に交差がある
INFO:最終チェックのグリフ 'uni6EF7' に交差がある
INFO:最終チェックのグリフ 'uni6EFE' に交差がある
INFO:最終チェックのグリフ 'uni6EFF' に交差がある
INFO:最終チェックのグリフ 'uni6F02' に交差がある
INFO:最終チェックのグリフ 'uni6F0F' に交差がある
INFO:最終チェックのグリフ 'uni6F31' に交差がある
INFO:最終チェックのグリフ 'uni6F35' に交差がある
INFO:最終チェックのグリフ 'uni6F3E' に交差がある
INFO:最終チェックのグリフ 'uni6F41' に交差がある
INFO:最終チェックのグリフ 'uni6F51' に交差がある
INFO:最終チェックのグリフ 'uni6F61' に交差がある
INFO:最終チェックのグリフ 'uni6F6F' に交差がある
INFO:最終チェックのグリフ 'uni6F82' に交差がある
INFO:最終チェックのグリフ 'uni6F88' に交差がある
INFO:最終チェックのグリフ 'uni6F8C' に交差がある
INFO:最終チェックのグリフ 'uni6F96' に交差がある
INFO:最終チェックのグリフ 'uni6FB5' に交差がある
INFO:最終チェックのグリフ 'uni6FBC' に交差がある
INFO:最終チェックのグリフ 'uni6FC8' の参照が不正
INFO:最終チェックのグリフ 'uni6FD4' に交差がある
INFO:最終チェックのグリフ 'uni6FE4' に交差がある
INFO:最終チェックのグリフ 'uni6FF6' に交差がある
INFO:最終チェックのグリフ 'uni6FFA' に交差がある
INFO:最終チェックのグリフ 'uni7000' に交差がある
INFO:最終チェックのグリフ 'uni7001' に交差がある
INFO:最終チェックのグリフ 'uni700A' に交差がある
INFO:最終チェックのグリフ 'uni7015' に交差がある
INFO:最終チェックのグリフ 'uni701A' に交差がある
INFO:最終チェックのグリフ 'uni701B' に交差がある
INFO:最終チェックのグリフ 'uni701E' に交差がある
INFO:最終チェックのグリフ 'uni7027' に交差がある
INFO:最終チェックのグリフ 'uni7028' に交差がある
INFO:最終チェックのグリフ 'uni702C' に交差がある
INFO:最終チェックのグリフ 'uni7030' に交差がある
INFO:最終チェックのグリフ 'uni7032' に交差がある
INFO:最終チェックのグリフ 'uni703C' に交差がある
INFO:最終チェックのグリフ 'uni703E' に交差がある
INFO:最終チェックのグリフ 'uni7054' に交差がある
INFO:最終チェックのグリフ 'uni705D' に交差がある
INFO:最終チェックのグリフ 'uni7063' に交差がある
INFO:最終チェックのグリフ 'uni7064' に交差がある
INFO:最終チェックのグリフ 'uni706F' に交差がある
INFO:最終チェックのグリフ 'uni7086' に交差がある
INFO:最終チェックのグリフ 'uni7089' に交差がある
INFO:最終チェックのグリフ 'uni708A' に交差がある
INFO:最終チェックのグリフ 'uni7092' に交差がある
INFO:最終チェックのグリフ 'uni709F' に交差がある
INFO:最終チェックのグリフ 'uni70A4' に交差がある
INFO:最終チェックのグリフ 'uni70AB' に交差がある
INFO:最終チェックのグリフ 'uni70AC' に交差がある
INFO:最終チェックのグリフ 'uni70B3' に交差がある
INFO:最終チェックのグリフ 'uni70B7' に交差がある
INFO:最終チェックのグリフ 'uni70CA' に交差がある
INFO:最終チェックのグリフ 'uni70D1' に交差がある
INFO:最終チェックのグリフ 'uni70D3' に交差がある
INFO:最終チェックのグリフ 'uni70D4' に交差がある
INFO:最終チェックのグリフ 'uni70D8' に交差がある
INFO:最終チェックのグリフ 'uni70D9' に交差がある
INFO:最終チェックのグリフ 'uni70DC' に交差がある
INFO:最終チェックのグリフ 'uni70DF' に交差がある
INFO:最終チェックのグリフ 'uni70EC' に交差がある
INFO:最終チェックのグリフ 'uni7103' に交差がある
INFO:最終チェックのグリフ 'uni7106' に交差がある
INFO:最終チェックのグリフ 'uni7107' に交差がある
INFO:最終チェックのグリフ 'uni710C' に交差がある
INFO:最終チェックのグリフ 'uni711C' に交差がある
INFO:最終チェックのグリフ 'uni711E' に交差がある
INFO:最終チェックのグリフ 'uni7120' に交差がある
INFO:最終チェックのグリフ 'uni712B' に交差がある
INFO:最終チェックのグリフ 'uni712E' に交差がある
INFO:最終チェックのグリフ 'uni712F' に交差がある
INFO:最終チェックのグリフ 'uni713C' に交差がある
INFO:最終チェックのグリフ 'uni7147' に交差がある
INFO:最終チェックのグリフ 'uni7149' に交差がある
INFO:最終チェックのグリフ 'uni714A' に交差がある
INFO:最終チェックのグリフ 'uni714C' に交差がある
INFO:最終チェックのグリフ 'uni7150' に交差がある
INFO:最終チェックのグリフ 'uni7151' に交差がある
INFO:最終チェックのグリフ 'uni7152' に交差がある
INFO:最終チェックのグリフ 'uni715C' に交差がある
INFO:最終チェックのグリフ 'uni7165' に交差がある
INFO:最終チェックのグリフ 'uni7168' に交差がある
INFO:最終チェックのグリフ 'uni7169' に交差がある
INFO:最終チェックのグリフ 'uni7180' に交差がある
INFO:最終チェックのグリフ 'uni7184' の参照が不正
INFO:最終チェックのグリフ 'uni7194' に交差がある
INFO:最終チェックのグリフ 'uni7196' に交差がある
INFO:最終チェックのグリフ 'uni719B' に交差がある
INFO:最終チェックのグリフ 'uni71A2' に交差がある
INFO:最終チェックのグリフ 'uni71AE' に交差がある
INFO:最終チェックのグリフ 'uni71AF' に交差がある
INFO:最終チェックのグリフ 'uni71B3' に交差がある
INFO:最終チェックのグリフ 'uni71C3' に交差がある
INFO:最終チェックのグリフ 'uni71C9' に交差がある
INFO:最終チェックのグリフ 'uni71CB' に交差がある
INFO:最終チェックのグリフ 'uni71D0' に交差がある
INFO:最終チェックのグリフ 'uni71D2' に交差がある
INFO:最終チェックのグリフ 'uni71D4' に交差がある
INFO:最終チェックのグリフ 'uni71D9' に交差がある
INFO:最終チェックのグリフ 'uni71E0' に交差がある
INFO:最終チェックのグリフ 'uni71E5' に交差がある
INFO:最終チェックのグリフ 'uni71E7' に交差がある
INFO:最終チェックのグリフ 'uni71EC' に交差がある
INFO:最終チェックのグリフ 'uni71ED' に交差がある
INFO:最終チェックのグリフ 'uni71FB' に交差がある
INFO:最終チェックのグリフ 'uni71FF' に交差がある
INFO:最終チェックのグリフ 'uni7200' に交差がある
INFO:最終チェックのグリフ 'uni7206' に交差がある
INFO:最終チェックのグリフ 'uni721B' に交差がある
INFO:最終チェックのグリフ 'uni722A' に交差がある
INFO:最終チェックのグリフ 'uni722D' に交差がある
INFO:最終チェックのグリフ 'uni7234' に交差がある
INFO:最終チェックのグリフ 'uni723C' に交差がある
INFO:最終チェックのグリフ 'uni723D' に交差がある
INFO:最終チェックのグリフ 'uni723E' に交差がある
INFO:最終チェックのグリフ 'uni7240' に交差がある
INFO:最終チェックのグリフ 'uni7269' に交差がある
INFO:最終チェックのグリフ 'uni72B1' に交差がある
INFO:最終チェックのグリフ 'uni72B6' に交差がある
INFO:最終チェックのグリフ 'uni72B9' に交差がある
INFO:最終チェックのグリフ 'uni72BE' に交差がある
INFO:最終チェックのグリフ 'uni72C0' に交差がある
INFO:最終チェックのグリフ 'uni72D0' に交差がある
INFO:最終チェックのグリフ 'uni72D9' に交差がある
INFO:最終チェックのグリフ 'uni72F3' に交差がある
INFO:最終チェックのグリフ 'uni72FC' に交差がある
INFO:最終チェックのグリフ 'uni72FD' に交差がある
INFO:最終チェックのグリフ 'uni730A' に交差がある
INFO:最終チェックのグリフ 'uni7312' に交差がある
INFO:最終チェックのグリフ 'uni731C' に交差がある
INFO:最終チェックのグリフ 'uni7324' に交差がある
INFO:最終チェックのグリフ 'uni7327' に交差がある
INFO:最終チェックのグリフ 'uni732E' に交差がある
INFO:最終チェックのグリフ 'uni7337' に交差がある
INFO:最終チェックのグリフ 'uni733D' に交差がある
INFO:最終チェックのグリフ 'uni7344' に交差がある
INFO:最終チェックのグリフ 'uni7357' に交差がある
INFO:最終チェックのグリフ 'uni7363' に交差がある
INFO:最終チェックのグリフ 'uni736B' に交差がある
INFO:最終チェックのグリフ 'uni736E' に交差がある
INFO:最終チェックのグリフ 'uni7375' に交差がある
INFO:最終チェックのグリフ 'uni7378' に交差がある
INFO:最終チェックのグリフ 'uni737A' に交差がある
INFO:最終チェックのグリフ 'uni737C' に交差がある
INFO:最終チェックのグリフ 'uni7396' に交差がある
INFO:最終チェックのグリフ 'uni739C' に交差がある
INFO:最終チェックのグリフ 'uni73B9' に交差がある
INFO:最終チェックのグリフ 'uni73DE' に交差がある
INFO:最終チェックのグリフ 'uni73E3' に交差がある
INFO:最終チェックのグリフ 'uni73FA' に交差がある
INFO:最終チェックのグリフ 'uni740A' に交差がある
INFO:最終チェックのグリフ 'uni7422' に交差がある
INFO:最終チェックのグリフ 'uni742E' に交差がある
INFO:最終チェックのグリフ 'uni7433' に交差がある
INFO:最終チェックのグリフ 'uni7436' に交差がある
INFO:最終チェックのグリフ 'uni743A' に交差がある
INFO:最終チェックのグリフ 'uni745A' に交差がある
INFO:最終チェックのグリフ 'uni745C' に交差がある
INFO:最終チェックのグリフ 'uni745F' に交差がある
INFO:最終チェックのグリフ 'uni7473' に交差がある
INFO:最終チェックのグリフ 'uni7487' に交差がある
INFO:最終チェックのグリフ 'uni7488' に交差がある
INFO:最終チェックのグリフ 'uni7490' の参照が不正
INFO:最終チェックのグリフ 'uni7497' に交差がある
INFO:最終チェックのグリフ 'uni74A5' に交差がある
INFO:最終チェックのグリフ 'uni74B5' に交差がある
INFO:最終チェックのグリフ 'uni74BD' に交差がある
INFO:最終チェックのグリフ 'uni74DC' に交差がある
INFO:最終チェックのグリフ 'uni74E2' に交差がある
INFO:最終チェックのグリフ 'uni74E3' に交差がある
INFO:最終チェックのグリフ 'uni74EB' に交差がある
INFO:最終チェックのグリフ 'uni74F6' に交差がある
INFO:最終チェックのグリフ 'uni750E' に交差がある
INFO:最終チェックのグリフ 'uni7517' に交差がある
INFO:最終チェックのグリフ 'uni751A' に交差がある
INFO:最終チェックのグリフ 'uni7524' に交差がある
INFO:最終チェックのグリフ 'uni754E' に交差がある
INFO:最終チェックのグリフ 'uni7552' に交差がある
INFO:最終チェックのグリフ 'uni755D' に交差がある
INFO:最終チェックのグリフ 'uni7569' に交差がある
INFO:最終チェックのグリフ 'uni7577' に交差がある
INFO:最終チェックのグリフ 'uni7579' に交差がある
INFO:最終チェックのグリフ 'uni7582' に交差がある
INFO:最終チェックのグリフ 'uni758A' に交差がある
INFO:最終チェックのグリフ 'uni758E' に交差がある
INFO:最終チェックのグリフ 'uni7591' に交差がある
INFO:最終チェックのグリフ 'uni75A3' に交差がある
INFO:最終チェックのグリフ 'uni75C5' に交差がある
INFO:最終チェックのグリフ 'uni75CD' に交差がある
INFO:最終チェックのグリフ 'uni75EE' に交差がある
INFO:最終チェックのグリフ 'uni75F2' に交差がある
INFO:最終チェックのグリフ 'uni75F3' に交差がある
INFO:最終チェックのグリフ 'uni75F4' に交差がある
INFO:最終チェックのグリフ 'uni760B' に交差がある
INFO:最終チェックのグリフ 'uni7622' に交差がある
INFO:最終チェックのグリフ 'uni7625' に交差がある
INFO:最終チェックのグリフ 'uni7642' に交差がある
INFO:最終チェックのグリフ 'uni7643' に交差がある
INFO:最終チェックのグリフ 'uni7647' に交差がある
INFO:最終チェックのグリフ 'uni7656' に交差がある
INFO:最終チェックのグリフ 'uni765C' に交差がある
INFO:最終チェックのグリフ 'uni7665' に交差がある
INFO:最終チェックのグリフ 'uni7667' に交差がある
INFO:最終チェックのグリフ 'uni7669' に交差がある
INFO:最終チェックのグリフ 'uni766A' に交差がある
INFO:最終チェックのグリフ 'uni766F' に交差がある
INFO:最終チェックのグリフ 'uni7671' に交差がある
INFO:最終チェックのグリフ 'uni7672' に交差がある
INFO:最終チェックのグリフ 'uni767B' に交差がある
INFO:最終チェックのグリフ 'uni7684' に交差がある
INFO:最終チェックのグリフ 'uni76A6' に交差がある
INFO:最終チェックのグリフ 'uni76A7' に交差がある
INFO:最終チェックのグリフ 'uni76AA' の参照が不正
INFO:最終チェックのグリフ 'uni76AF' に交差がある
INFO:最終チェックのグリフ 'uni76B4' に交差がある
INFO:最終チェックのグリフ 'uni76B9' に交差がある
INFO:最終チェックのグリフ 'uni76E7' に交差がある
INFO:最終チェックのグリフ 'uni76FB' に交差がある
INFO:最終チェックのグリフ 'uni770A' に交差がある
INFO:最終チェックのグリフ 'uni7717' に交差がある
INFO:最終チェックのグリフ 'uni771B' に交差がある
INFO:最終チェックのグリフ 'uni7735' に交差がある
INFO:最終チェックのグリフ 'uni774E' に交差がある
INFO:最終チェックのグリフ 'uni777D' に交差がある
INFO:最終チェックのグリフ 'uni7791' に交差がある
INFO:最終チェックのグリフ 'uni779E' に交差がある
INFO:最終チェックのグリフ 'uni779F' に交差がある
INFO:最終チェックのグリフ 'uni77A5' に交差がある
INFO:最終チェックのグリフ 'uni77AD' に交差がある
INFO:最終チェックのグリフ 'uni77B0' に交差がある
INFO:最終チェックのグリフ 'uni77BC' に交差がある
INFO:最終チェックのグリフ 'uni77D7' に交差がある
INFO:最終チェックのグリフ 'uni77DF' に交差がある
INFO:最終チェックのグリフ 'uni77E4' に交差がある
INFO:最終チェックのグリフ 'uni77E5' に交差がある
INFO:最終チェックのグリフ 'uni77E7' に交差がある
INFO:最終チェックのグリフ 'uni77E9' に交差がある
INFO:最終チェックのグリフ 'uni77EA' に交差がある
INFO:最終チェックのグリフ 'uni77ED' に交差がある
INFO:最終チェックのグリフ 'uni77F0' に交差がある
INFO:最終チェックのグリフ 'uni7805' に交差がある
INFO:最終チェックのグリフ 'uni780D' に交差がある
INFO:最終チェックのグリフ 'uni783A' に交差がある
INFO:最終チェックのグリフ 'uni7843' に交差がある
INFO:最終チェックのグリフ 'uni7847' に交差がある
INFO:最終チェックのグリフ 'uni786A' に交差がある
INFO:最終チェックのグリフ 'uni787A' に交差がある
INFO:最終チェックのグリフ 'uni787C' に交差がある
INFO:最終チェックのグリフ 'uni7886' の参照が不正
INFO:最終チェックのグリフ 'uni788A' に交差がある
INFO:最終チェックのグリフ 'uni788C' に交差がある
INFO:最終チェックのグリフ 'uni78A3' に交差がある
INFO:最終チェックのグリフ 'uni78A7' に交差がある
INFO:最終チェックのグリフ 'uni78A9' に交差がある
INFO:最終チェックのグリフ 'uni78AF' に交差がある
INFO:最終チェックのグリフ 'uni78CB' に交差がある
INFO:最終チェックのグリフ 'uni78D0' に交差がある
INFO:最終チェックのグリフ 'uni78E1' に交差がある
INFO:最終チェックのグリフ 'uni78EF' に交差がある
INFO:最終チェックのグリフ 'uni7901' に交差がある
INFO:最終チェックのグリフ 'uni7907' に交差がある
INFO:最終チェックのグリフ 'uni7912' に交差がある
INFO:最終チェックのグリフ 'uni7934' に交差がある
INFO:最終チェックのグリフ 'uni7950' の参照が不正
INFO:最終チェックのグリフ 'uni7958' に交差がある
INFO:最終チェックのグリフ 'uni795F' に交差がある
INFO:最終チェックのグリフ 'uni7968' に交差がある
INFO:最終チェックのグリフ 'uni796D' に交差がある
INFO:最終チェックのグリフ 'uni797F' に交差がある
INFO:最終チェックのグリフ 'uni7980' に交差がある
INFO:最終チェックのグリフ 'uni7981' に交差がある
INFO:最終チェックのグリフ 'uni798D' に交差がある
INFO:最終チェックのグリフ 'uni7998' に交差がある
INFO:最終チェックのグリフ 'uni79B0' に交差がある
INFO:最終チェックのグリフ 'uni79C1' に交差がある
INFO:最終チェックのグリフ 'uni79CB' に交差がある
INFO:最終チェックのグリフ 'uni79CC' に交差がある
INFO:最終チェックのグリフ 'uni79DF' に交差がある
INFO:最終チェックのグリフ 'uni79E3' に交差がある
INFO:最終チェックのグリフ 'uni79ED' に交差がある
INFO:最終チェックのグリフ 'uni7A00' に交差がある
INFO:最終チェックのグリフ 'uni7A03' に交差がある
INFO:最終チェックのグリフ 'uni7A18' に交差がある
INFO:最終チェックのグリフ 'uni7A40' に交差がある
INFO:最終チェックのグリフ 'uni7A4C' に交差がある
INFO:最終チェックのグリフ 'uni7A4E' に交差がある
INFO:最終チェックのグリフ 'uni7A6A' に交差がある
INFO:最終チェックのグリフ 'uni7A6B' に交差がある
INFO:最終チェックのグリフ 'uni7A74' に交差がある
INFO:最終チェックのグリフ 'uni7A8A' に交差がある
INFO:最終チェックのグリフ 'uni7AB3' に交差がある
INFO:最終チェックのグリフ 'uni7AC5' に交差がある
INFO:最終チェックのグリフ 'uni7ACA' に交差がある
INFO:最終チェックのグリフ 'uni7AD5' に交差がある
INFO:最終チェックのグリフ 'uni7AE3' に交差がある
INFO:最終チェックのグリフ 'uni7AE7' に交差がある
INFO:最終チェックのグリフ 'uni7AEF' に交差がある
INFO:最終チェックのグリフ 'uni7B0A' に交差がある
INFO:最終チェックのグリフ 'uni7B4E' の参照が不正
INFO:最終チェックのグリフ 'uni7B6E' に交差がある
INFO:最終チェックのグリフ 'uni7B74' に交差がある
INFO:最終チェックのグリフ 'uni7BCA' に交差がある
INFO:最終チェックのグリフ 'uni7BE6' に交差がある
INFO:最終チェックのグリフ 'uni7BE9' に交差がある
INFO:最終チェックのグリフ 'uni7BF7' に交差がある
INFO:最終チェックのグリフ 'uni7C00' に交差がある
INFO:最終チェックのグリフ 'uni7C0B' に交差がある
INFO:最終チェックのグリフ 'uni7C13' に交差がある
INFO:最終チェックのグリフ 'uni7C23' に交差がある
INFO:最終チェックのグリフ 'uni7C27' に交差がある
INFO:最終チェックのグリフ 'uni7C36' に交差がある
INFO:最終チェックのグリフ 'uni7C37' に交差がある
INFO:最終チェックのグリフ 'uni7C38' に交差がある
INFO:最終チェックのグリフ 'uni7C3E' に交差がある
INFO:最終チェックのグリフ 'uni7C3F' に交差がある
INFO:最終チェックのグリフ 'uni7C4A' に交差がある
INFO:最終チェックのグリフ 'uni7C5F' に交差がある
INFO:最終チェックのグリフ 'uni7C61' に交差がある
INFO:最終チェックのグリフ 'uni7C64' に交差がある
INFO:最終チェックのグリフ 'uni7C6D' に交差がある
INFO:最終チェックのグリフ 'uni7C79' に交差がある
INFO:最終チェックのグリフ 'uni7C82' に交差がある
INFO:最終チェックのグリフ 'uni7C8F' に交差がある
INFO:最終チェックのグリフ 'uni7CB6' に交差がある
INFO:最終チェックのグリフ 'uni7CB7' に交差がある
INFO:最終チェックのグリフ 'uni7CBC' に交差がある
INFO:最終チェックのグリフ 'uni7CBF' に交差がある
INFO:最終チェックのグリフ 'uni7CC2' に交差がある
INFO:最終チェックのグリフ 'uni7CCA' に交差がある
INFO:最終チェックのグリフ 'uni7CE0' に交差がある
INFO:最終チェックのグリフ 'uni7CE6' の参照が不正
INFO:最終チェックのグリフ 'uni7CE7' に交差がある
INFO:最終チェックのグリフ 'uni7CF4' に交差がある
INFO:最終チェックのグリフ 'uni7CF6' に交差がある
INFO:最終チェックのグリフ 'uni7D04' に交差がある
INFO:最終チェックのグリフ 'uni7D07' に交差がある
INFO:最終チェックのグリフ 'uni7D1C' に交差がある
INFO:最終チェックのグリフ 'uni7D20' に交差がある
INFO:最終チェックのグリフ 'uni7D22' に交差がある
INFO:最終チェックのグリフ 'uni7D2B' に交差がある
INFO:最終チェックのグリフ 'uni7D2F' に交差がある
INFO:最終チェックのグリフ 'uni7D5A' に交差がある
INFO:最終チェックのグリフ 'uni7D68' に交差がある
INFO:最終チェックのグリフ 'uni7D6A' に交差がある
INFO:最終チェックのグリフ 'uni7D97' に交差がある
INFO:最終チェックのグリフ 'uni7D9C' に交差がある
INFO:最終チェックのグリフ 'uni7D9D' に交差がある
INFO:最終チェックのグリフ 'uni7DB4' に交差がある
INFO:最終チェックのグリフ 'uni7DB6' に交差がある
INFO:最終チェックのグリフ 'uni7DC0' に交差がある
INFO:最終チェックのグリフ 'uni7DE0' に交差がある
INFO:最終チェックのグリフ 'uni7DF2' に交差がある
INFO:最終チェックのグリフ 'uni7DFB' に交差がある
INFO:最終チェックのグリフ 'uni7E09' に交差がある
INFO:最終チェックのグリフ 'uni7E11' に交差がある
INFO:最終チェックのグリフ 'uni7E12' に交差がある
INFO:最終チェックのグリフ 'uni7E15' に交差がある
INFO:最終チェックのグリフ 'uni7E1D' に交差がある
INFO:最終チェックのグリフ 'uni7E1F' に交差がある
INFO:最終チェックのグリフ 'uni7E22' に交差がある
INFO:最終チェックのグリフ 'uni7E27' に交差がある
INFO:最終チェックのグリフ 'uni7E2C' に交差がある
INFO:最終チェックのグリフ 'uni7E4A' に交差がある
INFO:最終チェックのグリフ 'uni7E4D' に交差がある
INFO:最終チェックのグリフ 'uni7E54' に交差がある
INFO:最終チェックのグリフ 'uni7E6A' の参照が不正
INFO:最終チェックのグリフ 'uni7E6D' に交差がある
INFO:最終チェックのグリフ 'uni7E73' に交差がある
INFO:最終チェックのグリフ 'uni7E7C' に交差がある
INFO:最終チェックのグリフ 'uni7E82' に交差がある
INFO:最終チェックのグリフ 'uni7E87' に交差がある
INFO:最終チェックのグリフ 'uni7E88' に交差がある
INFO:最終チェックのグリフ 'uni7E8E' に交差がある
INFO:最終チェックのグリフ 'uni7E90' に交差がある
INFO:最終チェックのグリフ 'uni7F3C' に交差がある
INFO:最終チェックのグリフ 'uni7F47' に交差がある
INFO:最終チェックのグリフ 'uni7F51' に交差がある
INFO:最終チェックのグリフ 'uni7F67' に交差がある
INFO:最終チェックのグリフ 'uni7F86' に交差がある
INFO:最終チェックのグリフ 'uni7F97' に交差がある
INFO:最終チェックのグリフ 'uni7FAD' に交差がある
INFO:最終チェックのグリフ 'uni7FC1' に交差がある
INFO:最終チェックのグリフ 'uni7FE5' に交差がある
INFO:最終チェックのグリフ 'uni7FEC' に交差がある
INFO:最終チェックのグリフ 'uni7FEE' に交差がある
INFO:最終チェックのグリフ 'uni7FF2' に交差がある
INFO:最終チェックのグリフ 'uni7FFB' に交差がある
INFO:最終チェックのグリフ 'uni8005' に交差がある
INFO:最終チェックのグリフ 'uni8011' に交差がある
INFO:最終チェックのグリフ 'uni8016' に交差がある
INFO:最終チェックのグリフ 'uni8017' に交差がある
INFO:最終チェックのグリフ 'uni8018' に交差がある
INFO:最終チェックのグリフ 'uni8019' に交差がある
INFO:最終チェックのグリフ 'uni801C' に交差がある
INFO:最終チェックのグリフ 'uni8021' に交差がある
INFO:最終チェックのグリフ 'uni8024' に交差がある
INFO:最終チェックのグリフ 'uni8026' に交差がある
INFO:最終チェックのグリフ 'uni8028' に交差がある
INFO:最終チェックのグリフ 'uni802C' に交差がある
INFO:最終チェックのグリフ 'uni8030' に交差がある
INFO:最終チェックのグリフ 'uni8033' に交差がある
INFO:最終チェックのグリフ 'uni803F' に交差がある
INFO:最終チェックのグリフ 'uni8043' に交差がある
INFO:最終チェックのグリフ 'uni805A' に交差がある
INFO:最終チェックのグリフ 'uni805F' に交差がある
INFO:最終チェックのグリフ 'uni8079' に交差がある
INFO:最終チェックのグリフ 'uni807D' に交差がある
INFO:最終チェックのグリフ 'uni80A1' に交差がある
INFO:最終チェックのグリフ 'uni8107' に交差がある
INFO:最終チェックのグリフ 'uni8108' に交差がある
INFO:最終チェックのグリフ 'uni8109' に交差がある
INFO:最終チェックのグリフ 'uni8133' に交差がある
INFO:最終チェックのグリフ 'uni8146' に交差がある
INFO:最終チェックのグリフ 'uni8155' に交差がある
INFO:最終チェックのグリフ 'uni8167' に交差がある
INFO:最終チェックのグリフ 'uni8168' に交差がある
INFO:最終チェックのグリフ 'uni8169' に交差がある
INFO:最終チェックのグリフ 'uni8178' に交差がある
INFO:最終チェックのグリフ 'uni8183' に交差がある
INFO:最終チェックのグリフ 'uni8193' に交差がある
INFO:最終チェックのグリフ 'uni8195' に交差がある
INFO:最終チェックのグリフ 'uni81B8' に交差がある
INFO:最終チェックのグリフ 'uni81BF' に交差がある
INFO:最終チェックのグリフ 'uni81C1' に交差がある
INFO:最終チェックのグリフ 'uni81C3' に交差がある
INFO:最終チェックのグリフ 'uni81C9' に交差がある
INFO:最終チェックのグリフ 'uni81CF' に交差がある
INFO:最終チェックのグリフ 'uni81D3' に交差がある
INFO:最終チェックのグリフ 'uni81D7' に交差がある
INFO:最終チェックのグリフ 'uni81D9' に交差がある
INFO:最終チェックのグリフ 'uni81DF' に交差がある
INFO:最終チェックのグリフ 'uni81E0' に交差がある
INFO:最終チェックのグリフ 'uni81E5' に交差がある
INFO:最終チェックのグリフ 'uni81E7' に交差がある
INFO:最終チェックのグリフ 'uni8229' に交差がある
INFO:最終チェックのグリフ 'uni822A' に交差がある
INFO:最終チェックのグリフ 'uni822B' に交差がある
INFO:最終チェックのグリフ 'uni822E' に交差がある
INFO:最終チェックのグリフ 'uni8233' に交差がある
INFO:最終チェックのグリフ 'uni8238' に交差がある
INFO:最終チェックのグリフ 'uni823C' に交差がある
INFO:最終チェックのグリフ 'uni8240' に交差がある
INFO:最終チェックのグリフ 'uni8245' に交差がある
INFO:最終チェックのグリフ 'uni8246' に交差がある
INFO:最終チェックのグリフ 'uni824B' に交差がある
INFO:最終チェックのグリフ 'uni824F' に交差がある
INFO:最終チェックのグリフ 'uni8257' に交差がある
INFO:最終チェックのグリフ 'uni8259' に交差がある
INFO:最終チェックのグリフ 'uni825A' に交差がある
INFO:最終チェックのグリフ 'uni8262' に交差がある
INFO:最終チェックのグリフ 'uni8266' に交差がある
INFO:最終チェックのグリフ 'uni8268' に交差がある
INFO:最終チェックのグリフ 'uni826A' に交差がある
INFO:最終チェックのグリフ 'uni8271' に交差がある
INFO:最終チェックのグリフ 'uni8277' に交差がある
INFO:最終チェックのグリフ 'uni82AB' に交差がある
INFO:最終チェックのグリフ 'uni82C5' に交差がある
INFO:最終チェックのグリフ 'uni82E1' に交差がある
INFO:最終チェックのグリフ 'uni82FD' に交差がある
INFO:最終チェックのグリフ 'uni8308' に交差がある
INFO:最終チェックのグリフ 'uni8332' に交差がある
INFO:最終チェックのグリフ 'uni8336' に交差がある
INFO:最終チェックのグリフ 'uni833C' に交差がある
INFO:最終チェックのグリフ 'uni8355' に交差がある
INFO:最終チェックのグリフ 'uni8386' に交差がある
INFO:最終チェックのグリフ 'uni8389' に交差がある
INFO:最終チェックのグリフ 'uni8393' に交差がある
INFO:最終チェックのグリフ 'uni83A2' に交差がある
INFO:最終チェックのグリフ 'uni83B5' に交差がある
INFO:最終チェックのグリフ 'uni83BF' に交差がある
INFO:最終チェックのグリフ 'uni83CE' に交差がある
INFO:最終チェックのグリフ 'uni83D8' に交差がある
INFO:最終チェックのグリフ 'uni83F0' に交差がある
INFO:最終チェックのグリフ 'uni83FB' に交差がある
INFO:最終チェックのグリフ 'uni8429' に交差がある
INFO:最終チェックのグリフ 'uni844E' に交差がある
INFO:最終チェックのグリフ 'uni8459' に交差がある
INFO:最終チェックのグリフ 'uni84CF' に交差がある
INFO:最終チェックのグリフ 'uni84FA' に交差がある
INFO:最終チェックのグリフ 'uni8521' に交差がある
INFO:最終チェックのグリフ 'uni8532' に交差がある
INFO:最終チェックのグリフ 'uni8540' に交差がある
INFO:最終チェックのグリフ 'uni8549' に交差がある
INFO:最終チェックのグリフ 'uni854F' に交差がある
INFO:最終チェックのグリフ 'uni8553' に交差がある
INFO:最終チェックのグリフ 'uni856F' に交差がある
INFO:最終チェックのグリフ 'uni857A' に交差がある
INFO:最終チェックのグリフ 'uni857F' に交差がある
INFO:最終チェックのグリフ 'uni8590' に交差がある
INFO:最終チェックのグリフ 'uni8599' に交差がある
INFO:最終チェックのグリフ 'uni85AA' に交差がある
INFO:最終チェックのグリフ 'uni85AD' に交差がある
INFO:最終チェックのグリフ 'uni85BA' に交差がある
INFO:最終チェックのグリフ 'uni85C9' に交差がある
INFO:最終チェックのグリフ 'uni85D0' に交差がある
INFO:最終チェックのグリフ 'uni85D5' に交差がある
INFO:最終チェックのグリフ 'uni8602' に交差がある
INFO:最終チェックのグリフ 'uni8606' に交差がある
INFO:最終チェックのグリフ 'uni860A' に交差がある
INFO:最終チェックのグリフ 'uni860B' に交差がある
INFO:最終チェックのグリフ 'uni8611' の参照が不正
INFO:最終チェックのグリフ 'uni8613' に交差がある
INFO:最終チェックのグリフ 'uni8618' に交差がある
INFO:最終チェックのグリフ 'uni861E' に交差がある
INFO:最終チェックのグリフ 'uni8638' に交差がある
INFO:最終チェックのグリフ 'uni866B' に交差がある
INFO:最終チェックのグリフ 'uni8687' に交差がある
INFO:最終チェックのグリフ 'uni868B' に交差がある
INFO:最終チェックのグリフ 'uni86C3' に交差がある
INFO:最終チェックのグリフ 'uni86FB' の参照が不正
INFO:最終チェックのグリフ 'uni86FD' に交差がある
INFO:最終チェックのグリフ 'uni86FE' に交差がある
INFO:最終チェックのグリフ 'uni8703' に交差がある
INFO:最終チェックのグリフ 'uni870D' に交差がある
INFO:最終チェックのグリフ 'uni8710' に交差がある
INFO:最終チェックのグリフ 'uni8743' に交差がある
INFO:最終チェックのグリフ 'uni874E' に交差がある
INFO:最終チェックのグリフ 'uni8755' に交差がある
INFO:最終チェックのグリフ 'uni8759' に交差がある
INFO:最終チェックのグリフ 'uni876A' に交差がある
INFO:最終チェックのグリフ 'uni8772' に交差がある
INFO:最終チェックのグリフ 'uni8778' に交差がある
INFO:最終チェックのグリフ 'uni8782' に交差がある
INFO:最終チェックのグリフ 'uni8788' に交差がある
INFO:最終チェックのグリフ 'uni879F' に交差がある
INFO:最終チェックのグリフ 'uni87A2' に交差がある
INFO:最終チェックのグリフ 'uni87AD' に交差がある
INFO:最終チェックのグリフ 'uni87C0' に交差がある
INFO:最終チェックのグリフ 'uni87C4' に交差がある
INFO:最終チェックのグリフ 'uni87CB' に交差がある
INFO:最終チェックのグリフ 'uni87CE' に交差がある
INFO:最終チェックのグリフ 'uni87D6' に交差がある
INFO:最終チェックのグリフ 'uni87F9' に交差がある
INFO:最終チェックのグリフ 'uni87FB' に交差がある
INFO:最終チェックのグリフ 'uni8807' に交差がある
INFO:最終チェックのグリフ 'uni880A' に交差がある
INFO:最終チェックのグリフ 'uni8814' に交差がある
INFO:最終チェックのグリフ 'uni881F' に交差がある
INFO:最終チェックのグリフ 'uni882E' に交差がある
INFO:最終チェックのグリフ 'uni8839' に交差がある
INFO:最終チェックのグリフ 'uni883B' に交差がある
INFO:最終チェックのグリフ 'uni8842' に交差がある
INFO:最終チェックのグリフ 'uni884A' に交差がある
INFO:最終チェックのグリフ 'uni8852' に交差がある
INFO:最終チェックのグリフ 'uni885E' に交差がある
INFO:最終チェックのグリフ 'uni8861' に交差がある
INFO:最終チェックのグリフ 'uni8870' に交差がある
INFO:最終チェックのグリフ 'uni8896' に交差がある
INFO:最終チェックのグリフ 'uni88B1' に交差がある
INFO:最終チェックのグリフ 'uni88BE' に交差がある
INFO:最終チェックのグリフ 'uni88C0' に交差がある
INFO:最終チェックのグリフ 'uni88C5' に交差がある
INFO:最終チェックのグリフ 'uni88CA' に交差がある
INFO:最終チェックのグリフ 'uni88D1' に交差がある
INFO:最終チェックのグリフ 'uni88D3' に交差がある
INFO:最終チェックのグリフ 'uni88E1' に交差がある
INFO:最終チェックのグリフ 'uni88F0' に交差がある
INFO:最終チェックのグリフ 'uni88F2' に交差がある
INFO:最終チェックのグリフ 'uni8904' に交差がある
INFO:最終チェックのグリフ 'uni8913' に交差がある
INFO:最終チェックのグリフ 'uni8927' に交差がある
INFO:最終チェックのグリフ 'uni892B' に交差がある
INFO:最終チェックのグリフ 'uni8939' に交差がある
INFO:最終チェックのグリフ 'uni8949' に交差がある
INFO:最終チェックのグリフ 'uni8956' に交差がある
INFO:最終チェックのグリフ 'uni896D' に交差がある
INFO:最終チェックのグリフ 'uni896F' に交差がある
INFO:最終チェックのグリフ 'uni8974' に交差がある
INFO:最終チェックのグリフ 'uni89D6' に交差がある
INFO:最終チェックのグリフ 'uni89F3' に交差がある
INFO:最終チェックのグリフ 'uni89F4' に交差がある
INFO:最終チェックのグリフ 'uni89FD' に交差がある
INFO:最終チェックのグリフ 'uni8A12' に交差がある
INFO:最終チェックのグリフ 'uni8A33' に交差がある
INFO:最終チェックのグリフ 'uni8A60' に交差がある
INFO:最終チェックのグリフ 'uni8A6B' に交差がある
INFO:最終チェックのグリフ 'uni8A72' に交差がある
INFO:最終チェックのグリフ 'uni8A84' の参照が不正
INFO:最終チェックのグリフ 'uni8A85' に交差がある
INFO:最終チェックのグリフ 'uni8AA1' に交差がある
INFO:最終チェックのグリフ 'uni8AA3' に交差がある
INFO:最終チェックのグリフ 'uni8AA4' に交差がある
INFO:最終チェックのグリフ 'uni8ACF' に交差がある
INFO:最終チェックのグリフ 'uni8AD2' に交差がある
INFO:最終チェックのグリフ 'uni8AD6' に交差がある
INFO:最終チェックのグリフ 'uni8ADE' に交差がある
INFO:最終チェックのグリフ 'uni8AE1' に交差がある
INFO:最終チェックのグリフ 'uni8AE6' に交差がある
INFO:最終チェックのグリフ 'uni8AED' に交差がある
INFO:最終チェックのグリフ 'uni8AFC' の参照が不正
INFO:最終チェックのグリフ 'uni8B19' に交差がある
INFO:最終チェックのグリフ 'uni8B4C' に交差がある
INFO:最終チェックのグリフ 'uni8B54' に交差がある
INFO:最終チェックのグリフ 'uni8B69' に交差がある
INFO:最終チェックのグリフ 'uni8B70' に交差がある
INFO:最終チェックのグリフ 'uni8B8A' に交差がある
INFO:最終チェックのグリフ 'uni8B94' に交差がある
INFO:最終チェックのグリフ 'uni8B95' に交差がある
INFO:最終チェックのグリフ 'uni8B9D' に交差がある
INFO:最終チェックのグリフ 'uni8B9E' に交差がある
INFO:最終チェックのグリフ 'uni8C4F' に交差がある
INFO:最終チェックのグリフ 'uni8C5A' に交差がある
INFO:最終チェックのグリフ 'uni8C69' に交差がある
INFO:最終チェックのグリフ 'uni8C7A' に交差がある
INFO:最終チェックのグリフ 'uni8C85' に交差がある
INFO:最終チェックのグリフ 'uni8CA1' に交差がある
INFO:最終チェックのグリフ 'uni8CD1' に交差がある
INFO:最終チェックのグリフ 'uni8CD5' に交差がある
INFO:最終チェックのグリフ 'uni8CD6' に交差がある
INFO:最終チェックのグリフ 'uni8CD9' に交差がある
INFO:最終チェックのグリフ 'uni8CF4' に交差がある
INFO:最終チェックのグリフ 'uni8CFA' に交差がある
INFO:最終チェックのグリフ 'uni8CFE' に交差がある
INFO:最終チェックのグリフ 'uni8D0D' に交差がある
INFO:最終チェックのグリフ 'uni8D0F' に交差がある
INFO:最終チェックのグリフ 'uni8D13' に交差がある
INFO:最終チェックのグリフ 'uni8D14' に交差がある
INFO:最終チェックのグリフ 'uni8D67' に交差がある
INFO:最終チェックのグリフ 'uni8DBA' に交差がある
INFO:最終チェックのグリフ 'uni8DC6' に交差がある
INFO:最終チェックのグリフ 'uni8DE3' に交差がある
INFO:最終チェックのグリフ 'uni8DFC' に交差がある
INFO:最終チェックのグリフ 'uni8E10' に交差がある
INFO:最終チェックのグリフ 'uni8E1D' に交差がある
INFO:最終チェックのグリフ 'uni8E1F' に交差がある
INFO:最終チェックのグリフ 'uni8E3D' に交差がある
INFO:最終チェックのグリフ 'uni8E44' に交差がある
INFO:最終チェックのグリフ 'uni8E49' に交差がある
INFO:最終チェックのグリフ 'uni8E5F' に交差がある
INFO:最終チェックのグリフ 'uni8E62' に交差がある
INFO:最終チェックのグリフ 'uni8E63' に交差がある
INFO:最終チェックのグリフ 'uni8E72' に交差がある
INFO:最終チェックのグリフ 'uni8E76' に交差がある
INFO:最終チェックのグリフ 'uni8E7C' に交差がある
INFO:最終チェックのグリフ 'uni8E85' に交差がある
INFO:最終チェックのグリフ 'uni8E8B' に交差がある
INFO:最終チェックのグリフ 'uni8E9E' の参照が不正
INFO:最終チェックのグリフ 'uni8EA1' に交差がある
INFO:最終チェックのグリフ 'uni8EB0' に交差がある
INFO:最終チェックのグリフ 'uni8EB6' に交差がある
INFO:最終チェックのグリフ 'uni8EBB' に交差がある
INFO:最終チェックのグリフ 'uni8EDF' に交差がある
INFO:最終チェックのグリフ 'uni8EFC' に交差がある
INFO:最終チェックのグリフ 'uni8F00' に交差がある
INFO:最終チェックのグリフ 'uni8F09' に交差がある
INFO:最終チェックのグリフ 'uni8F19' に交差がある
INFO:最終チェックのグリフ 'uni8F1B' に交差がある
INFO:最終チェックのグリフ 'uni8F1F' に交差がある
INFO:最終チェックのグリフ 'uni8F49' に交差がある
INFO:最終チェックのグリフ 'uni8F4D' に交差がある
INFO:最終チェックのグリフ 'uni8F4E' に交差がある
INFO:最終チェックのグリフ 'uni8F64' に交差がある
INFO:最終チェックのグリフ 'uni8F9F' に交差がある
INFO:最終チェックのグリフ 'uni8FAD' に交差がある
INFO:最終チェックのグリフ 'uni8FB4' に交差がある
INFO:最終チェックのグリフ 'uni8FBC' に交差がある
INFO:最終チェックのグリフ 'uni8FED' に交差がある
INFO:最終チェックのグリフ 'uni9000' に交差がある
INFO:最終チェックのグリフ 'uni9001' に交差がある
INFO:最終チェックのグリフ 'uni9022' に交差がある
INFO:最終チェックのグリフ 'uni9047' に交差がある
INFO:最終チェックのグリフ 'uni9050' に交差がある
INFO:最終チェックのグリフ 'uni905E' に交差がある
INFO:最終チェックのグリフ 'uni9068' に交差がある
INFO:最終チェックのグリフ 'uni906F' に交差がある
INFO:最終チェックのグリフ 'uni9075' に交差がある
INFO:最終チェックのグリフ 'uni907D' に交差がある
INFO:最終チェックのグリフ 'uni9087' に交差がある
INFO:最終チェックのグリフ 'uni9088' に交差がある
INFO:最終チェックのグリフ 'uni908C' に交差がある
INFO:最終チェックのグリフ 'uni90CA' に交差がある
INFO:最終チェックのグリフ 'uni90D7' に交差がある
INFO:最終チェックのグリフ 'uni90EF' に交差がある
INFO:最終チェックのグリフ 'uni9104' に交差がある
INFO:最終チェックのグリフ 'uni9115' に交差がある
INFO:最終チェックのグリフ 'uni911C' に交差がある
INFO:最終チェックのグリフ 'uni9130' に交差がある
INFO:最終チェックのグリフ 'uni9134' に交差がある
INFO:最終チェックのグリフ 'uni9139' に交差がある
INFO:最終チェックのグリフ 'uni9154' に交差がある
INFO:最終チェックのグリフ 'uni9157' に交差がある
INFO:最終チェックのグリフ 'uni9165' に交差がある
INFO:最終チェックのグリフ 'uni9172' に交差がある
INFO:最終チェックのグリフ 'uni9182' に交差がある
INFO:最終チェックのグリフ 'uni9190' に交差がある
INFO:最終チェックのグリフ 'uni9197' に交差がある
INFO:最終チェックのグリフ 'uni91A8' に交差がある
INFO:最終チェックのグリフ 'uni91B1' に交差がある
INFO:最終チェックのグリフ 'uni91B5' に交差がある
INFO:最終チェックのグリフ 'uni91B6' に交差がある
INFO:最終チェックのグリフ 'uni91C4' に交差がある
INFO:最終チェックのグリフ 'uni91CB' に交差がある
INFO:最終チェックのグリフ 'uni91DE' に交差がある
INFO:最終チェックのグリフ 'uni91DF' に交差がある
INFO:最終チェックのグリフ 'uni9206' の参照が不正
INFO:最終チェックのグリフ 'uni922C' に交差がある
INFO:最終チェックのグリフ 'uni9234' に交差がある
INFO:最終チェックのグリフ 'uni9243' に交差がある
INFO:最終チェックのグリフ 'uni9244' に交差がある
INFO:最終チェックのグリフ 'uni924B' に交差がある
INFO:最終チェックのグリフ 'uni9262' に交差がある
INFO:最終チェックのグリフ 'uni9265' に交差がある
INFO:最終チェックのグリフ 'uni9277' に交差がある
INFO:最終チェックのグリフ 'uni927C' の参照が不正
INFO:最終チェックのグリフ 'uni9296' に交差がある
INFO:最終チェックのグリフ 'uni92E0' に交差がある
INFO:最終チェックのグリフ 'uni92F2' に交差がある
INFO:最終チェックのグリフ 'uni92F7' に交差がある
INFO:最終チェックのグリフ 'uni92FC' に交差がある
INFO:最終チェックのグリフ 'uni9304' に交差がある
INFO:最終チェックのグリフ 'uni9325' に交差がある
INFO:最終チェックのグリフ 'uni9344' に交差がある
INFO:最終チェックのグリフ 'uni9348' の参照が不正
INFO:最終チェックのグリフ 'uni934B' に交差がある
INFO:最終チェックのグリフ 'uni9356' に交差がある
INFO:最終チェックのグリフ 'uni9357' に交差がある
INFO:最終チェックのグリフ 'uni935A' に交差がある
INFO:最終チェックのグリフ 'uni9365' に交差がある
INFO:最終チェックのグリフ 'uni936C' に交差がある
INFO:最終チェックのグリフ 'uni936E' に交差がある
INFO:最終チェックのグリフ 'uni9370' に交差がある
INFO:最終チェックのグリフ 'uni9388' に交差がある
INFO:最終チェックのグリフ 'uni938C' に交差がある
INFO:最終チェックのグリフ 'uni9396' に交差がある
INFO:最終チェックのグリフ 'uni9397' に交差がある
INFO:最終チェックのグリフ 'uni939B' に交差がある
INFO:最終チェックのグリフ 'uni93AE' に交差がある
INFO:最終チェックのグリフ 'uni93BA' に交差がある
INFO:最終チェックのグリフ 'uni93C3' に交差がある
INFO:最終チェックのグリフ 'uni93C7' に交差がある
INFO:最終チェックのグリフ 'uni93D1' に交差がある
INFO:最終チェックのグリフ 'uni93D6' に交差がある
INFO:最終チェックのグリフ 'uni93E2' に交差がある
INFO:最終チェックのグリフ 'uni93F8' に交差がある
INFO:最終チェックのグリフ 'uni93FB' の参照が不正
INFO:最終チェックのグリフ 'uni9421' に交差がある
INFO:最終チェックのグリフ 'uni942B' に交差がある
INFO:最終チェックのグリフ 'uni9431' に交差がある
INFO:最終チェックのグリフ 'uni9438' の参照が不正
INFO:最終チェックのグリフ 'uni9448' に交差がある
INFO:最終チェックのグリフ 'uni945E' に交差がある
INFO:最終チェックのグリフ 'uni9460' に交差がある
INFO:最終チェックのグリフ 'uni9462' に交差がある
INFO:最終チェックのグリフ 'uni9463' に交差がある
INFO:最終チェックのグリフ 'uni946A' に交差がある
INFO:最終チェックのグリフ 'uni946B' に交差がある
INFO:最終チェックのグリフ 'uni946D' に交差がある
INFO:最終チェックのグリフ 'uni947D' の参照が不正
INFO:最終チェックのグリフ 'uni947E' の参照が不正
INFO:最終チェックのグリフ 'uni947F' に交差がある
INFO:最終チェックのグリフ 'uni9579' に交差がある
INFO:最終チェックのグリフ 'uni9583' に交差がある
INFO:最終チェックのグリフ 'uni958B' に交差がある
INFO:最終チェックのグリフ 'uni95A2' に交差がある
INFO:最終チェックのグリフ 'uni95A6' に交差がある
INFO:最終チェックのグリフ 'uni95A7' に交差がある
INFO:最終チェックのグリフ 'uni95B4' に交差がある
INFO:最終チェックのグリフ 'uni95BC' に交差がある
INFO:最終チェックのグリフ 'uni95BD' に交差がある
INFO:最終チェックのグリフ 'uni95CA' に交差がある
INFO:最終チェックのグリフ 'uni95CD' に交差がある
INFO:最終チェックのグリフ 'uni95D0' に交差がある
INFO:最終チェックのグリフ 'uni95D8' に交差がある
INFO:最終チェックのグリフ 'uni95DA' に交差がある
INFO:最終チェックのグリフ 'uni95E1' に交差がある
INFO:最終チェックのグリフ 'uni95E2' に交差がある
INFO:最終チェックのグリフ 'uni9621' に交差がある
INFO:最終チェックのグリフ 'uni962A' に交差がある
INFO:最終チェックのグリフ 'uni9633' に交差がある
INFO:最終チェックのグリフ 'uni9634' に交差がある
INFO:最終チェックのグリフ 'uni963C' に交差がある
INFO:最終チェックのグリフ 'uni9640' に交差がある
INFO:最終チェックのグリフ 'uni9641' に交差がある
INFO:最終チェックのグリフ 'uni9642' に交差がある
INFO:最終チェックのグリフ 'uni964F' に交差がある
INFO:最終チェックのグリフ 'uni9658' に交差がある
INFO:最終チェックのグリフ 'uni9664' に交差がある
INFO:最終チェックのグリフ 'uni966C' に交差がある
INFO:最終チェックのグリフ 'uni9670' に交差がある
INFO:最終チェックのグリフ 'uni9682' に交差がある
INFO:最終チェックのグリフ 'uni9684' に交差がある
INFO:最終チェックのグリフ 'uni9686' に交差がある
INFO:最終チェックのグリフ 'uni968A' に交差がある
INFO:最終チェックのグリフ 'uni9697' に交差がある
INFO:最終チェックのグリフ 'uni969A' に交差がある
INFO:最終チェックのグリフ 'uni969C' に交差がある
INFO:最終チェックのグリフ 'uni96A3' に交差がある
INFO:最終チェックのグリフ 'uni96A7' に交差がある
INFO:最終チェックのグリフ 'uni96A9' に交差がある
INFO:最終チェックのグリフ 'uni96AA' に交差がある
INFO:最終チェックのグリフ 'uni96B0' に交差がある
INFO:最終チェックのグリフ 'uni96B1' に交差がある
INFO:最終チェックのグリフ 'uni96B3' に交差がある
INFO:最終チェックのグリフ 'uni96B7' に交差がある
INFO:最終チェックのグリフ 'uni96B8' に交差がある
INFO:最終チェックのグリフ 'uni96CB' に交差がある
INFO:最終チェックのグリフ 'uni96D6' に交差がある
INFO:最終チェックのグリフ 'uni96DC' に交差がある
INFO:最終チェックのグリフ 'uni96E2' に交差がある
INFO:最終チェックのグリフ 'uni96E8' に交差がある
INFO:最終チェックのグリフ 'uni9716' に交差がある
INFO:最終チェックのグリフ 'uni971C' に交差がある
INFO:最終チェックのグリフ 'uni9730' に交差がある
INFO:最終チェックのグリフ 'uni973D' に交差がある
INFO:最終チェックのグリフ 'uni973E' に交差がある
INFO:最終チェックのグリフ 'uni9746' に交差がある
INFO:最終チェックのグリフ 'uni9748' に交差がある
INFO:最終チェックのグリフ 'uni977A' に交差がある
INFO:最終チェックのグリフ 'uni9786' に交差がある
INFO:最終チェックのグリフ 'uni978D' に交差がある
INFO:最終チェックのグリフ 'uni9790' に交差がある
INFO:最終チェックのグリフ 'uni97A6' に交差がある
INFO:最終チェックのグリフ 'uni97C8' に交差がある
INFO:最終チェックのグリフ 'uni97D8' に交差がある
INFO:最終チェックのグリフ 'uni97F2' に交差がある
INFO:最終チェックのグリフ 'uni97F6' に交差がある
INFO:最終チェックのグリフ 'uni97FB' に交差がある
INFO:最終チェックのグリフ 'uni97FF' に交差がある
INFO:最終チェックのグリフ 'uni9802' に交差がある
INFO:最終チェックのグリフ 'uni9803' に交差がある
INFO:最終チェックのグリフ 'uni9805' に交差がある
INFO:最終チェックのグリフ 'uni980A' に交差がある
INFO:最終チェックのグリフ 'uni980C' に交差がある
INFO:最終チェックのグリフ 'uni980D' に交差がある
INFO:最終チェックのグリフ 'uni980E' に交差がある
INFO:最終チェックのグリフ 'uni980F' に交差がある
INFO:最終チェックのグリフ 'uni9811' に交差がある
INFO:最終チェックのグリフ 'uni9812' に交差がある
INFO:最終チェックのグリフ 'uni9813' に交差がある
INFO:最終チェックのグリフ 'uni9814' に交差がある
INFO:最終チェックのグリフ 'uni9816' に交差がある
INFO:最終チェックのグリフ 'uni9818' に交差がある
INFO:最終チェックのグリフ 'uni981A' に交差がある
INFO:最終チェックのグリフ 'uni981E' に交差がある
INFO:最終チェックのグリフ 'uni9823' に交差がある
INFO:最終チェックのグリフ 'uni9824' に交差がある
INFO:最終チェックのグリフ 'uni9825' に交差がある
INFO:最終チェックのグリフ 'uni982B' に交差がある
INFO:最終チェックのグリフ 'uni982C' に交差がある
INFO:最終チェックのグリフ 'uni982D' に交差がある
INFO:最終チェックのグリフ 'uni9830' に交差がある
INFO:最終チェックのグリフ 'uni9832' に交差がある
INFO:最終チェックのグリフ 'uni9833' に交差がある
INFO:最終チェックのグリフ 'uni9834' に交差がある
INFO:最終チェックのグリフ 'uni9837' に交差がある
INFO:最終チェックのグリフ 'uni983B' に交差がある
INFO:最終チェックのグリフ 'uni983C' に交差がある
INFO:最終チェックのグリフ 'uni983D' に交差がある
INFO:最終チェックのグリフ 'uni9846' に交差がある
INFO:最終チェックのグリフ 'uni9847' に交差がある
INFO:最終チェックのグリフ 'uni984B' に交差がある
INFO:最終チェックのグリフ 'uni984D' に交差がある
INFO:最終チェックのグリフ 'uni984E' に交差がある
INFO:最終チェックのグリフ 'uni984F' に交差がある
INFO:最終チェックのグリフ 'uni9852' に交差がある
INFO:最終チェックのグリフ 'uni9853' に交差がある
INFO:最終チェックのグリフ 'uni9854' に交差がある
INFO:最終チェックのグリフ 'uni9855' に交差がある
INFO:最終チェックのグリフ 'uni9856' に交差がある
INFO:最終チェックのグリフ 'uni9857' に交差がある
INFO:最終チェックのグリフ 'uni9859' に交差がある
INFO:最終チェックのグリフ 'uni985A' に交差がある
INFO:最終チェックのグリフ 'uni985B' に交差がある
INFO:最終チェックのグリフ 'uni985E' に交差がある
INFO:最終チェックのグリフ 'uni9865' に交差がある
INFO:最終チェックのグリフ 'uni9866' に交差がある
INFO:最終チェックのグリフ 'uni9867' に交差がある
INFO:最終チェックのグリフ 'uni986B' に交差がある
INFO:最終チェックのグリフ 'uni986C' に交差がある
INFO:最終チェックのグリフ 'uni986F' に交差がある
INFO:最終チェックのグリフ 'uni9871' に交差がある
INFO:最終チェックのグリフ 'uni9873' に交差がある
INFO:最終チェックのグリフ 'uni9874' に交差がある
INFO:最終チェックのグリフ 'uni98A8' に交差がある
INFO:最終チェックのグリフ 'uni98AB' に交差がある
INFO:最終チェックのグリフ 'uni98B0' に交差がある
INFO:最終チェックのグリフ 'uni98B1' の参照が不正
INFO:最終チェックのグリフ 'uni98B8' に交差がある
INFO:最終チェックのグリフ 'uni98BA' に交差がある
INFO:最終チェックのグリフ 'uni98BC' に交差がある
INFO:最終チェックのグリフ 'uni98BF' に交差がある
INFO:最終チェックのグリフ 'uni98C2' に交差がある
INFO:最終チェックのグリフ 'uni98C3' に交差がある
INFO:最終チェックのグリフ 'uni98C6' の参照が不正
INFO:最終チェックのグリフ 'uni98C7' の参照が不正
INFO:最終チェックのグリフ 'uni98C8' に交差がある
INFO:最終チェックのグリフ 'uni98DF' に交差がある
INFO:最終チェックのグリフ 'uni98E2' に交差がある
INFO:最終チェックのグリフ 'uni98EE' に交差がある
INFO:最終チェックのグリフ 'uni98FC' に交差がある
INFO:最終チェックのグリフ 'uni990C' に交差がある
INFO:最終チェックのグリフ 'uni9913' に交差がある
INFO:最終チェックのグリフ 'uni991E' に交差がある
INFO:最終チェックのグリフ 'uni9932' に交差がある
INFO:最終チェックのグリフ 'uni993C' に交差がある
INFO:最終チェックのグリフ 'uni9955' に交差がある
INFO:最終チェックのグリフ 'uni9957' に交差がある
INFO:最終チェックのグリフ 'uni9960' に交差がある
INFO:最終チェックのグリフ 'uni99A6' に交差がある
INFO:最終チェックのグリフ 'uni99AD' に交差がある
INFO:最終チェックのグリフ 'uni99C3' に交差がある
INFO:最終チェックのグリフ 'uni99C4' に交差がある
INFO:最終チェックのグリフ 'uni99C5' に交差がある
INFO:最終チェックのグリフ 'uni99DB' に交差がある
INFO:最終チェックのグリフ 'uni99ED' に交差がある
INFO:最終チェックのグリフ 'uni99EE' に交差がある
INFO:最終チェックのグリフ 'uni99F9' に交差がある
INFO:最終チェックのグリフ 'uni9A0E' に交差がある
INFO:最終チェックのグリフ 'uni9A2E' に交差がある
INFO:最終チェックのグリフ 'uni9A43' に交差がある
INFO:最終チェックのグリフ 'uni9A4E' に交差がある
INFO:最終チェックのグリフ 'uni9A57' に交差がある
INFO:最終チェックのグリフ 'uni9A58' に交差がある
INFO:最終チェックのグリフ 'uni9A5F' に交差がある
INFO:最終チェックのグリフ 'uni9A6A' に交差がある
INFO:最終チェックのグリフ 'uni9AB8' に交差がある
INFO:最終チェックのグリフ 'uni9AC1' に交差がある
INFO:最終チェックのグリフ 'uni9AC6' に交差がある
INFO:最終チェックのグリフ 'uni9AD2' に交差がある
INFO:最終チェックのグリフ 'uni9B03' に交差がある
INFO:最終チェックのグリフ 'uni9B1A' の参照が不正
INFO:最終チェックのグリフ 'uni9B1F' に交差がある
INFO:最終チェックのグリフ 'uni9B22' に交差がある
INFO:最終チェックのグリフ 'uni9B27' に交差がある
INFO:最終チェックのグリフ 'uni9B28' に交差がある
INFO:最終チェックのグリフ 'uni9B29' に交差がある
INFO:最終チェックのグリフ 'uni9B2B' に交差がある
INFO:最終チェックのグリフ 'uni9B31' に交差がある
INFO:最終チェックのグリフ 'uni9B32' に交差がある
INFO:最終チェックのグリフ 'uni9B33' に交差がある
INFO:最終チェックのグリフ 'uni9B51' に交差がある
INFO:最終チェックのグリフ 'uni9B5E' に交差がある
INFO:最終チェックのグリフ 'uni9B66' に交差がある
INFO:最終チェックのグリフ 'uni9B6C' に交差がある
INFO:最終チェックのグリフ 'uni9B6F' に交差がある
INFO:最終チェックのグリフ 'uni9B97' に交差がある
INFO:最終チェックのグリフ 'uni9B9F' に交差がある
INFO:最終チェックのグリフ 'uni9BA0' に交差がある
INFO:最終チェックのグリフ 'uni9BB4' に交差がある
INFO:最終チェックのグリフ 'uni9BD1' に交差がある
INFO:最終チェックのグリフ 'uni9BE1' に交差がある
INFO:最終チェックのグリフ 'uni9BE7' の参照が不正
INFO:最終チェックのグリフ 'uni9BE8' に交差がある
INFO:最終チェックのグリフ 'uni9BEB' に交差がある
INFO:最終チェックのグリフ 'uni9BF1' に交差がある
INFO:最終チェックのグリフ 'uni9BF2' に交差がある
INFO:最終チェックのグリフ 'uni9C0C' の参照が不正
INFO:最終チェックのグリフ 'uni9C0D' に交差がある
INFO:最終チェックのグリフ 'uni9C21' に交差がある
INFO:最終チェックのグリフ 'uni9C22' に交差がある
INFO:最終チェックのグリフ 'uni9C24' に交差がある
INFO:最終チェックのグリフ 'uni9C25' に交差がある
INFO:最終チェックのグリフ 'uni9C37' に交差がある
INFO:最終チェックのグリフ 'uni9C3E' に交差がある
INFO:最終チェックのグリフ 'uni9C41' に交差がある
INFO:最終チェックのグリフ 'uni9C49' に交差がある
INFO:最終チェックのグリフ 'uni9C4A' に交差がある
INFO:最終チェックのグリフ 'uni9C52' に交差がある
INFO:最終チェックのグリフ 'uni9C5C' に交差がある
INFO:最終チェックのグリフ 'uni9C63' に交差がある
INFO:最終チェックのグリフ 'uni9C6E' に交差がある
INFO:最終チェックのグリフ 'uni9C72' に交差がある
INFO:最終チェックのグリフ 'uni9C7A' に交差がある
INFO:最終チェックのグリフ 'uni9CE9' に交差がある
INFO:最終チェックのグリフ 'uni9D02' に交差がある
INFO:最終チェックのグリフ 'uni9D12' に交差がある
INFO:最終チェックのグリフ 'uni9D18' に交差がある
INFO:最終チェックのグリフ 'uni9D2A' に交差がある
INFO:最終チェックのグリフ 'uni9D3B' に交差がある
INFO:最終チェックのグリフ 'uni9D43' に交差がある
INFO:最終チェックのグリフ 'uni9D44' に交差がある
INFO:最終チェックのグリフ 'uni9D48' に交差がある
INFO:最終チェックのグリフ 'uni9D52' に交差がある
INFO:最終チェックのグリフ 'uni9D5D' に交差がある
INFO:最終チェックのグリフ 'uni9D5F' に交差がある
INFO:最終チェックのグリフ 'uni9D6F' に交差がある
INFO:最終チェックのグリフ 'uni9D73' に交差がある
INFO:最終チェックのグリフ 'uni9D8A' に交差がある
INFO:最終チェックのグリフ 'uni9D8F' に交差がある
INFO:最終チェックのグリフ 'uni9DAB' に交差がある
INFO:最終チェックのグリフ 'uni9DB2' に交差がある
INFO:最終チェックのグリフ 'uni9DB8' に交差がある
INFO:最終チェックのグリフ 'uni9DB9' に交差がある
INFO:最終チェックのグリフ 'uni9DBC' に交差がある
INFO:最終チェックのグリフ 'uni9DC1' に交差がある
INFO:最終チェックのグリフ 'uni9DC2' に交差がある
INFO:最終チェックのグリフ 'uni9DD6' に交差がある
INFO:最終チェックのグリフ 'uni9DDA' に交差がある
INFO:最終チェックのグリフ 'uni9DE7' に交差がある
INFO:最終チェックのグリフ 'uni9DF2' に交差がある
INFO:最終チェックのグリフ 'uni9DF4' に交差がある
INFO:最終チェックのグリフ 'uni9DFD' に交差がある
INFO:最終チェックのグリフ 'uni9E02' に交差がある
INFO:最終チェックのグリフ 'uni9E1A' に交差がある
INFO:最終チェックのグリフ 'uni9E75' に交差がある
INFO:最終チェックのグリフ 'uni9E79' に交差がある
INFO:最終チェックのグリフ 'uni9E7B' に交差がある
INFO:最終チェックのグリフ 'uni9E7C' に交差がある
INFO:最終チェックのグリフ 'uni9E92' に交差がある
INFO:最終チェックのグリフ 'uni9EAC' に交差がある
INFO:最終チェックのグリフ 'uni9EBB' に交差がある
INFO:最終チェックのグリフ 'uni9EBC' に交差がある
INFO:最終チェックのグリフ 'uni9ECF' に交差がある
INFO:最終チェックのグリフ 'uni9ED0' に交差がある
INFO:最終チェックのグリフ 'uni9EDC' に交差がある
INFO:最終チェックのグリフ 'uni9EE5' に交差がある
INFO:最終チェックのグリフ 'uni9EE7' に交差がある
INFO:最終チェックのグリフ 'uni9EF4' に交差がある
INFO:最終チェックのグリフ 'uni9EF7' に交差がある
INFO:最終チェックのグリフ 'uni9EFB' に交差がある
INFO:最終チェックのグリフ 'uni9EFC' に交差がある
INFO:最終チェックのグリフ 'uni9F17' に交差がある
INFO:最終チェックのグリフ 'uni9F19' の参照が不正
INFO:最終チェックのグリフ 'uni9F20' に交差がある
INFO:最終チェックのグリフ 'uni9F4E' に交差がある
INFO:最終チェックのグリフ 'uni9F4F' に交差がある
INFO:最終チェックのグリフ 'uni9F52' に交差がある
INFO:最終チェックのグリフ 'uni9F53' に交差がある
INFO:最終チェックのグリフ 'uni9F54' に交差がある
INFO:最終チェックのグリフ 'uni9F5F' に交差がある
INFO:最終チェックのグリフ 'uni9F60' に交差がある
INFO:最終チェックのグリフ 'uni9F63' に交差がある
INFO:最終チェックのグリフ 'uni9F66' に交差がある
INFO:最終チェックのグリフ 'uni9F69' に交差がある
INFO:最終チェックのグリフ 'uni9F6C' に交差がある
INFO:最終チェックのグリフ 'uni9F72' に交差がある
INFO:最終チェックのグリフ 'uni9F75' に交差がある
INFO:最終チェックのグリフ 'uni9F77' に交差がある
INFO:最終チェックのグリフ 'uni9F9C' に交差がある
INFO:最終チェックのグリフ 'uni9F9D' に交差がある
INFO:最終チェックのグリフ 'uni9FA2' に交差がある
INFO:最終チェックのグリフ 'uniF91D' に交差がある
INFO:最終チェックのグリフ 'uniF9D0' に交差がある
INFO:最終チェックのグリフ 'uniF9DC' に交差がある
INFO:最終チェックのグリフ 'uniFA13' に交差がある
INFO:最終チェックのグリフ 'uniFA1F' に交差がある
INFO:最終チェックのグリフ 'uniFA20' に交差がある
INFO:最終チェックのグリフ 'uniFA22' の参照が不正
INFO:最終チェックのグリフ 'uniFA25' に交差がある
INFO:最終チェックのグリフ 'uniFA3F' の参照が不正
INFO:最終チェックのグリフ 'uniFA41' に交差がある
INFO:最終チェックのグリフ 'uniFA4A' に交差がある
INFO:最終チェックのグリフ 'uniFA52' に交差がある
INFO:最終チェックのグリフ 'uniFA54' に交差がある
INFO:最終チェックのグリフ 'uniFA57' に交差がある
INFO:最終チェックのグリフ 'uniFA6A' に交差がある
INFO:最終チェックのグリフ 'uniFF3A' の参照が不正
INFO:最終チェックのグリフ 'uniFF3C' に交差がある
INFO:最終チェックのグリフ 'uniFF5E' に交差がある
INFO:最終チェックのグリフ 'uniFF87' に交差がある
INFO:最終チェックのグリフ 'uniFF8A' に交差がある
INFO:最終チェックのグリフ 'uniFF8D' に交差がある
INFO:最終チェックのグリフ 'uniFF8E' に交差がある
INFO:最終チェックのグリフ 'u200A2' に交差がある
INFO:最終チェックのグリフ 'u20213' に交差がある
INFO:最終チェックのグリフ 'u2074F' に交差がある
INFO:最終チェックのグリフ 'u20807' に交差がある
INFO:最終チェックのグリフ 'u20D45' に交差がある
INFO:最終チェックのグリフ 'u20E95' に交差がある
INFO:最終チェックのグリフ 'u20F5F' に交差がある
INFO:最終チェックのグリフ 'u212E4' に交差がある
INFO:最終チェックのグリフ 'u21336' に交差がある
INFO:最終チェックのグリフ 'u21647' に交差がある
INFO:最終チェックのグリフ 'u21706' に交差がある
INFO:最終チェックのグリフ 'u218BD' に交差がある
INFO:最終チェックのグリフ 'u21D78' に交差がある
INFO:最終チェックのグリフ 'u21D92' に交差がある
INFO:最終チェックのグリフ 'u21DB7' の参照が不正
INFO:最終チェックのグリフ 'u233DF' に交差がある
INFO:最終チェックのグリフ 'u23594' に交差がある
INFO:最終チェックのグリフ 'u2370C' に交差がある
INFO:最終チェックのグリフ 'u237E7' に交差がある
INFO:最終チェックのグリフ 'u237FF' に交差がある
INFO:最終チェックのグリフ 'u23824' に交差がある
INFO:最終チェックのグリフ 'u2383D' に交差がある
INFO:最終チェックのグリフ 'u23C7F' に交差がある
INFO:最終チェックのグリフ 'u23D00' に交差がある
INFO:最終チェックのグリフ 'u23DF9' に交差がある
INFO:最終チェックのグリフ 'u24096' に交差がある
INFO:最終チェックのグリフ 'u241C6' に交差がある
INFO:最終チェックのグリフ 'u243D0' に交差がある
INFO:最終チェックのグリフ 'u24A4D' に交差がある
INFO:最終チェックのグリフ 'u24D14' に交差がある
INFO:最終チェックのグリフ 'u25122' に交差がある
INFO:最終チェックのグリフ 'u2542E' に交差がある
INFO:最終チェックのグリフ 'u2548E' に交差がある
INFO:最終チェックのグリフ 'u255A7' に交差がある
INFO:最終チェックのグリフ 'u257B4' に交差がある
INFO:最終チェックのグリフ 'u25ED8' に交差がある
INFO:最終チェックのグリフ 'u2600C' に交差がある
INFO:最終チェックのグリフ 'u266B0' に交差がある
INFO:最終チェックのグリフ 'u26A58' に交差がある
INFO:最終チェックのグリフ 'u270F4' に交差がある
INFO:最終チェックのグリフ 'u2710D' に交差がある
INFO:最終チェックのグリフ 'u273FE' の参照が不正
INFO:最終チェックのグリフ 'u27449' に交差がある
INFO:最終チェックのグリフ 'u27684' に交差がある
INFO:最終チェックのグリフ 'u27985' に交差がある
INFO:最終チェックのグリフ 'u27BBE' に交差がある
INFO:最終チェックのグリフ 'u27DA0' に交差がある
INFO:最終チェックのグリフ 'u27E10' に交差がある
INFO:最終チェックのグリフ 'u28282' に交差がある
INFO:最終チェックのグリフ 'u282F3' に交差がある
INFO:最終チェックのグリフ 'u2856B' に交差がある
INFO:最終チェックのグリフ 'u286FA' に交差がある
INFO:最終チェックのグリフ 'u28946' に交差がある
INFO:最終チェックのグリフ 'u28BEF' の参照が不正
INFO:最終チェックのグリフ 'u28DFB' に交差がある
INFO:最終チェックのグリフ 'u28E1F' に交差がある
INFO:最終チェックのグリフ 'u28E36' に交差がある
INFO:最終チェックのグリフ 'u28EEB' に交差がある
INFO:最終チェックのグリフ 'u28F32' に交差がある
INFO:最終チェックのグリフ 'u28FF8' に交差がある
INFO:最終チェックのグリフ 'u29490' に交差がある
INFO:最終チェックのグリフ 'u29E8A' に交差がある
INFO:最終チェックのグリフ 'u29FCE' に交差がある
INFO:最終チェックのグリフ 'u2A01A' に交差がある
INFO:最終チェックのグリフ 'u2A190' に交差がある
INFO:最終チェックのグリフ 'u2A6B2' に交差がある
INFO:最終チェックのグリフ 'multiply.vert' に交差がある
INFO:最終チェックのグリフ 'uni3349.vert' に交差がある
INFO:最終チェックのグリフ 'uni337E.aalt' に交差がある
INFO:最終チェックのグリフ 'uni3056.aalt' に交差がある
INFO:最終チェックのグリフ 'uni3064.aalt' に交差がある
INFO:最終チェックのグリフ 'uni306C.aalt' に交差がある
INFO:最終チェックのグリフ 'uni3078.aalt' に交差がある
INFO:最終チェックのグリフ 'uni307A.aalt' に交差がある
INFO:最終チェックのグリフ 'uni307C.aalt' に交差がある
INFO:最終チェックのグリフ 'uni307D.aalt' に交差がある
INFO:最終チェックのグリフ 'uni30AE.aalt' に交差がある
INFO:最終チェックのグリフ 'uni30B9.vert' に交差がある
INFO:最終チェックのグリフ 'uni30BA.aalt' に交差がある
INFO:最終チェックのグリフ 'uni30CC.vert' に交差がある
INFO:最終チェックのグリフ 'uni30D9.aalt' に交差がある
INFO:最終チェックのグリフ 'uni30DA.aalt' に交差がある
INFO:最終チェックのグリフ 'uni30DE.vert' に交差がある
INFO:最終チェックのグリフ 'uni30E1.vert' に交差がある
INFO:最終チェックのグリフ 'uni30E3.vert' に交差がある
INFO:最終チェックのグリフ 'uni31F2.aalt' に交差がある
INFO:最終チェックのグリフ 'uni30AD_uni309A.ccmp' に交差がある
INFO:最終チェックのグリフ 'uni02E5_uni02E9.ccmp' に交差がある
INFO:最終チェックのグリフ 'uni30AD_uni309A.ccmp.vert' に交差がある
INFO:最終チェックのグリフ 'uni7FF0.aalt' に交差がある
INFO:最終チェックのグリフ 'uni5FBD.aalt' に交差がある
INFO:最終チェックのグリフ 'uni9957.aalt' に交差がある
INFO:最終チェックのグリフ 'uni7C82.aalt' に交差がある
INFO:最終チェックのグリフ 'uni9699.expt' に交差がある
INFO:最終チェックのグリフ 'uni64B0.aalt' に交差がある
INFO:最終チェックのグリフ 'uni817F.aalt' に交差がある
INFO:最終チェックのグリフ 'uni6B4E.aalt' に交差がある
INFO:最終チェックのグリフ 'uni7026.jp83' に交差がある
INFO:最終チェックのグリフ 'uni6357.aalt' に交差がある
INFO:最終チェックのグリフ 'uni701E.aalt' に交差がある
INFO:最終チェックのグリフ 'uni8B0E.aalt' に交差がある
INFO:最終チェックのグリフ 'uni7058.aalt' に交差がある
INFO:最終チェックのグリフ 'uni79B0.jp83' に交差がある
INFO:最終チェックのグリフ 'uni5EDF.aalt' に交差がある
INFO:最終チェックのグリフ 'uni7015.aalt' に交差がある
INFO:最終チェックのグリフ 'uni77A5.aalt' に交差がある
INFO:最終チェックのグリフ 'uni8511.aalt' に交差がある
INFO:最終チェックのグリフ 'uni9C52.aalt' に交差がある
INFO:最終チェックのグリフ 'uni9905.jp83' に交差がある
INFO:最終チェックのグリフ 'uni7C7E.jp83' に交差がある
INFO:最終チェックのグリフ 'uni9453.aalt' の参照が不正
INFO:最終チェックのグリフ 'uni7337.jp83' に交差がある
INFO:最終チェックのグリフ 'uni5632.aalt' に交差がある
INFO:最終チェックのグリフ 'uni8A1D.aalt' に交差がある
INFO:最終チェックのグリフ 'uni53A9.jp78' に交差がある
INFO:最終チェックのグリフ 'uni5EE0.expt' に交差がある
INFO:最終チェックのグリフ 'uni5544.aalt' に交差がある
INFO:最終チェックのグリフ 'uni5678.aalt' に交差がある
INFO:最終チェックのグリフ 'uni9813.aalt' に交差がある
INFO:最終チェックのグリフ 'uni5A9B.aalt' に交差がある
INFO:最終チェックのグリフ 'uni7337.expt' に交差がある
INFO:最終チェックのグリフ 'uni7194.aalt' に交差がある
INFO:最終チェックのグリフ 'uni5ABE.aalt' に交差がある
INFO:最終チェックのグリフ 'uni689B.aalt' に交差がある
INFO:最終チェックのグリフ 'uni6E6E.aalt' に交差がある
INFO:最終チェックのグリフ 'uni787C.aalt' に交差がある
INFO:最終チェックのグリフ 'uni9F9D.expt' に交差がある
INFO:最終チェックのグリフ 'uni822E.expt' に交差がある
INFO:最終チェックのグリフ 'uni890A.aalt' に交差がある
INFO:最終チェックのグリフ 'uni8DDA.aalt' に交差がある
INFO:最終チェックのグリフ 'uni9824.jp78' に交差がある
INFO:最終チェックのグリフ 'uni9B97.aalt' に交差がある
INFO:最終チェックのグリフ 'uni9F9C.expt' に交差がある
INFO:最終チェックのグリフ 'uni7962.expt' に交差がある
INFO:最終チェックのグリフ 'uni7C3E.expt' に交差がある
INFO:最終チェックのグリフ 'uni55A9.aalt' に交差がある
INFO:最終チェックのグリフ 'uni7FE9.aalt' に交差がある
INFO:最終チェックのグリフ 'uni87D2.expt' に交差がある
INFO:最終チェックのグリフ 'uni9EAD.aalt' に交差がある
INFO:最終チェックのグリフ 'uni7D5C.aalt' に交差がある
INFO:最終チェックのグリフ 'glyph12027' に交差がある
INFO:最終チェックのグリフ 'uni9755.aalt' に交差がある
INFO:最終チェックのグリフ 'glyph12035' に交差がある
INFO:最終チェックのグリフ 'f_l.liga' に交差がある
INFO:最終チェックのグリフ 'perthousand.aalt' に交差がある
INFO:最終チェックのグリフ 'glyph12054' に交差がある
INFO:最終チェックのグリフ 'glyph12059' に交差がある
INFO:最終チェックのグリフ 'glyph12072' に交差がある
INFO:最終チェックのグリフ 's_e_c.dlig' に交差がある
INFO:最終チェックのグリフ 'glyph12222' に交差がある
INFO:最終チェックのグリフ 'glyph12247' に交差がある
INFO:最終チェックのグリフ 'glyph12252' に交差がある
INFO:最終チェックのグリフ 'glyph12270' に交差がある
INFO:最終チェックのグリフ 'uni6709_uni9650_uni4F1A_uni793E.dlig' に交差がある
INFO:最終チェックのグリフ 'uni3316.vert' に交差がある
INFO:最終チェックのグリフ 'guillemotleft.vert' に交差がある
INFO:最終チェックのグリフ 'acutecomb.vert' に交差がある
INFO:最終チェックのグリフ 'cedilla.aalt' に交差がある
INFO:最終チェックのグリフ 'uni030B.aalt' に交差がある
INFO:最終チェックのグリフ 'uni030C.aalt' に交差がある
INFO:最終チェックのグリフ 'AE.aalt' に交差がある
INFO:最終チェックのグリフ 'Oslash.aalt' に交差がある
INFO:最終チェックのグリフ 'Ccedilla.aalt' に交差がある
INFO:最終チェックのグリフ 'Egrave.aalt' に交差がある
INFO:最終チェックのグリフ 'Igrave.aalt' に交差がある
INFO:最終チェックのグリフ 'Iacute.aalt' に交差がある
INFO:最終チェックのグリフ 'eacute.aalt' に交差がある
INFO:最終チェックのグリフ 'iacute.aalt' に交差がある
INFO:最終チェックのグリフ 'yacute.aalt' に交差がある
INFO:最終チェックのグリフ 'scaron.aalt' に交差がある
INFO:最終チェックのグリフ 'zcaron.aalt' に交差がある
INFO:最終チェックのグリフ 'uniFF7E.vert' に交差がある
INFO:最終チェックのグリフ 'uniFF8A.vert' に交差がある
INFO:最終チェックのグリフ 'uniFF8E.vert' に交差がある
INFO:最終チェックのグリフ 'quotedbl.vert' に交差がある
INFO:最終チェックのグリフ 'percent.vert' に交差がある
INFO:最終チェックのグリフ 'quotesingle.vert' に交差がある
INFO:最終チェックのグリフ 'K.vert' に交差がある
INFO:最終チェックのグリフ 'X.vert' に交差がある
INFO:最終チェックのグリフ 'yen.vert' に交差がある
INFO:最終チェックのグリフ 'uniFF28.vert' に交差がある
INFO:最終チェックのグリフ 'uniFF2D.vert' に交差がある
INFO:最終チェックのグリフ 'uniFF2E.vert' に交差がある
INFO:最終チェックのグリフ 'uniFF32.vert' に交差がある
INFO:最終チェックのグリフ 'uniFF38.vert' に交差がある
INFO:最終チェックのグリフ 'uniFF4C.vert' に交差がある
