INFO:最終チェックのグリフ 'percent' に交差がある
INFO:最終チェックのグリフ 'less' に交差がある
INFO:最終チェックのグリフ 'backslash' に交差がある
INFO:最終チェックのグリフ 'registered' に交差がある
INFO:最終チェックのグリフ 'eng' に交差がある
INFO:最終チェックのグリフ 'uni0256' に交差がある
INFO:最終チェックのグリフ 'uni0267' に交差がある
INFO:最終チェックのグリフ 'uni026D' に交差がある
INFO:最終チェックのグリフ 'uni026E' に交差がある
INFO:最終チェックのグリフ 'uni0271' に交差がある
INFO:最終チェックのグリフ 'uni0273' に交差がある
INFO:最終チェックのグリフ 'uni027B' に交差がある
INFO:最終チェックのグリフ 'uni027D' に交差がある
INFO:最終チェックのグリフ 'uni0282' に交差がある
INFO:最終チェックのグリフ 'uni0288' に交差がある
INFO:最終チェックのグリフ 'uni028C' に交差がある
INFO:最終チェックのグリフ 'uni0290' に交差がある
INFO:最終チェックのグリフ 'ogonek' に交差がある
INFO:最終チェックのグリフ 'zeta' に交差がある
INFO:最終チェックのグリフ 'uni203B' に交差がある
INFO:最終チェックのグリフ 'uni203F' に交差がある
INFO:最終チェックのグリフ 'uni2177' に交差がある
INFO:最終チェックのグリフ 'uni2196' に交差がある
INFO:最終チェックのグリフ 'uni2198' に交差がある
INFO:最終チェックのグリフ 'uni2252' に交差がある
INFO:最終チェックのグリフ 'uni226A' に交差がある
INFO:最終チェックのグリフ 'uni23A9' に交差がある
INFO:最終チェックのグリフ 'uni2461' に交差がある
INFO:最終チェックのグリフ 'uni247A' に交差がある
INFO:最終チェックのグリフ 'uni24E8' に交差がある
INFO:最終チェックのグリフ 'lozenge' に交差がある
INFO:最終チェックのグリフ 'uni2662' に交差がある
INFO:最終チェックのグリフ 'diamond' に交差がある
INFO:最終チェックのグリフ 'uni27A1' に交差がある
INFO:最終チェックのグリフ 'uni2B05' に交差がある
INFO:最終チェックのグリフ 'uni3046' に交差がある
INFO:最終チェックのグリフ 'uni306C' に交差がある
INFO:最終チェックのグリフ 'uni306D' に交差がある
INFO:最終チェックのグリフ 'uni3079' に交差がある
INFO:最終チェックのグリフ 'uni307A' に交差がある
INFO:最終チェックのグリフ 'uni307B' に交差がある
INFO:最終チェックのグリフ 'uni307D' に交差がある
INFO:最終チェックのグリフ 'uni3093' に交差がある
INFO:最終チェックのグリフ 'uni30B9' に交差がある
INFO:最終チェックのグリフ 'uni30BA' に交差がある
INFO:最終チェックのグリフ 'uni30CF' に交差がある
INFO:最終チェックのグリフ 'uni30D0' に交差がある
INFO:最終チェックのグリフ 'uni30D1' に交差がある
INFO:最終チェックのグリフ 'uni30D8' に交差がある
INFO:最終チェックのグリフ 'uni30D9' に交差がある
INFO:最終チェックのグリフ 'uni30DA' に交差がある
INFO:最終チェックのグリフ 'uni30DB' に交差がある
INFO:最終チェックのグリフ 'uni30DC' に交差がある
INFO:最終チェックのグリフ 'uni30DD' に交差がある
INFO:最終チェックのグリフ 'uni30DE' に交差がある
INFO:最終チェックのグリフ 'uni30E0' に交差がある
INFO:最終チェックのグリフ 'uni31F4' に交差がある
INFO:最終チェックのグリフ 'uni31F9' に交差がある
INFO:最終チェックのグリフ 'uni322B' に交差がある
INFO:最終チェックのグリフ 'uni3240' に交差がある
INFO:最終チェックのグリフ 'uni3255' に交差がある
INFO:最終チェックのグリフ 'uni325E' に交差がある
INFO:最終チェックのグリフ 'uni329E' に交差がある
INFO:最終チェックのグリフ 'uni32DA' に交差がある
INFO:最終チェックのグリフ 'uni32DE' に交差がある
INFO:最終チェックのグリフ 'uni332B' に交差がある
INFO:最終チェックのグリフ 'uni337E' に交差がある
INFO:最終チェックのグリフ 'uni337F' に交差がある
INFO:最終チェックのグリフ 'uni3396' に交差がある
INFO:最終チェックのグリフ 'uni3398' に交差がある
INFO:最終チェックのグリフ 'uni3492' に交差がある
INFO:最終チェックのグリフ 'uni34BC' に交差がある
INFO:最終チェックのグリフ 'uni351F' に交差がある
INFO:最終チェックのグリフ 'uni35A6' に交差がある
INFO:最終チェックのグリフ 'uni35A8' に交差がある
INFO:最終チェックのグリフ 'uni35DA' に交差がある
INFO:最終チェックのグリフ 'uni35F4' に交差がある
INFO:最終チェックのグリフ 'uni3605' に交差がある
INFO:最終チェックのグリフ 'uni36CF' に交差がある
INFO:最終チェックのグリフ 'uni3762' に交差がある
INFO:最終チェックのグリフ 'uni376B' に交差がある
INFO:最終チェックのグリフ 'uni3775' に交差がある
INFO:最終チェックのグリフ 'uni37FD' に交差がある
INFO:最終チェックのグリフ 'uni3840' に交差がある
INFO:最終チェックのグリフ 'uni3861' に交差がある
INFO:最終チェックのグリフ 'uni3917' に交差がある
INFO:最終チェックのグリフ 'uni3A6E' に交差がある
INFO:最終チェックのグリフ 'uni3B87' に交差がある
INFO:最終チェックのグリフ 'uni3BC3' に交差がある
INFO:最終チェックのグリフ 'uni3BCD' に交差がある
INFO:最終チェックのグリフ 'uni3DD4' に交差がある
INFO:最終チェックのグリフ 'uni3E05' に交差がある
INFO:最終チェックのグリフ 'uni3E83' に交差がある
INFO:最終チェックのグリフ 'uni3E94' に交差がある
INFO:最終チェックのグリフ 'uni3F72' に交差がある
INFO:最終チェックのグリフ 'uni3F77' に交差がある
INFO:最終チェックのグリフ 'uni4105' に交差がある
INFO:最終チェックのグリフ 'uni42C6' の参照が不正
INFO:最終チェックのグリフ 'uni43F0' に交差がある
INFO:最終チェックのグリフ 'uni4422' に交差がある
INFO:最終チェックのグリフ 'uni447A' に交差がある
INFO:最終チェックのグリフ 'uni44D4' に交差がある
INFO:最終チェックのグリフ 'uni4508' に交差がある
INFO:最終チェックのグリフ 'uni450D' に交差がある
INFO:最終チェックのグリフ 'uni4525' に交差がある
INFO:最終チェックのグリフ 'uni46A1' に交差がある
INFO:最終チェックのグリフ 'uni470C' に交差がある
INFO:最終チェックのグリフ 'uni47FD' に交差がある
INFO:最終チェックのグリフ 'uni48B5' に交差がある
INFO:最終チェックのグリフ 'uni49E7' に交差がある
INFO:最終チェックのグリフ 'uni4BC2' に交差がある
INFO:最終チェックのグリフ 'uni4BCA' に交差がある
INFO:最終チェックのグリフ 'uni4C17' の参照が不正
INFO:最終チェックのグリフ 'uni4CC4' に交差がある
INFO:最終チェックのグリフ 'uni4CD1' に交差がある
INFO:最終チェックのグリフ 'uni4D07' に交差がある
INFO:最終チェックのグリフ 'uni4E0E' に交差がある
INFO:最終チェックのグリフ 'uni4E51' に交差がある
INFO:最終チェックのグリフ 'uni4E57' に交差がある
INFO:最終チェックのグリフ 'uni4E82' に交差がある
INFO:最終チェックのグリフ 'uni4E8A' に交差がある
INFO:最終チェックのグリフ 'uni4EA8' に交差がある
INFO:最終チェックのグリフ 'uni4EAC' に交差がある
INFO:最終チェックのグリフ 'uni4EB0' に交差がある
INFO:最終チェックのグリフ 'uni4EC2' に交差がある
INFO:最終チェックのグリフ 'uni4ED8' に交差がある
INFO:最終チェックのグリフ 'uni4EED' に交差がある
INFO:最終チェックのグリフ 'uni4EFD' に交差がある
INFO:最終チェックのグリフ 'uni4F03' に交差がある
INFO:最終チェックのグリフ 'uni4F11' に交差がある
INFO:最終チェックのグリフ 'uni4F55' に交差がある
INFO:最終チェックのグリフ 'uni4F58' に交差がある
INFO:最終チェックのグリフ 'uni4F59' に交差がある
INFO:最終チェックのグリフ 'uni4F5D' に交差がある
INFO:最終チェックのグリフ 'uni4F60' に交差がある
INFO:最終チェックのグリフ 'uni4F7E' に交差がある
INFO:最終チェックのグリフ 'uni4F86' に交差がある
INFO:最終チェックのグリフ 'uni4F8F' に交差がある
INFO:最終チェックのグリフ 'uni4FAD' に交差がある
INFO:最終チェックのグリフ 'uni4FBE' に交差がある
INFO:最終チェックのグリフ 'uni4FC2' に交差がある
INFO:最終チェックのグリフ 'uni4FCD' に交差がある
INFO:最終チェックのグリフ 'uni4FCE' に交差がある
INFO:最終チェックのグリフ 'uni4FD1' に交差がある
INFO:最終チェックのグリフ 'uni4FDD' に交差がある
INFO:最終チェックのグリフ 'uni4FE6' に交差がある
INFO:最終チェックのグリフ 'uni4FEF' に交差がある
INFO:最終チェックのグリフ 'uni4FF6' に交差がある
INFO:最終チェックのグリフ 'uni5001' の参照が不正
INFO:最終チェックのグリフ 'uni5006' に交差がある
INFO:最終チェックのグリフ 'uni5018' に交差がある
INFO:最終チェックのグリフ 'uni501A' に交差がある
INFO:最終チェックのグリフ 'uni501E' に交差がある
INFO:最終チェックのグリフ 'uni5027' に交差がある
INFO:最終チェックのグリフ 'uni5029' に交差がある
INFO:最終チェックのグリフ 'uni502B' に交差がある
INFO:最終チェックのグリフ 'uni502E' に交差がある
INFO:最終チェックのグリフ 'uni5041' に交差がある
INFO:最終チェックのグリフ 'uni506C' に交差がある
INFO:最終チェックのグリフ 'uni5072' に交差がある
INFO:最終チェックのグリフ 'uni5088' に交差がある
INFO:最終チェックのグリフ 'uni5091' に交差がある
INFO:最終チェックのグリフ 'uni5093' に交差がある
INFO:最終チェックのグリフ 'uni5094' に交差がある
INFO:最終チェックのグリフ 'uni509C' に交差がある
INFO:最終チェックのグリフ 'uni50A3' に交差がある
INFO:最終チェックのグリフ 'uni50B7' に交差がある
INFO:最終チェックのグリフ 'uni50BA' に交差がある
INFO:最終チェックのグリフ 'uni50C4' に交差がある
INFO:最終チェックのグリフ 'uni50CF' に交差がある
INFO:最終チェックのグリフ 'uni50D8' に交差がある
INFO:最終チェックのグリフ 'uni50DE' に交差がある
INFO:最終チェックのグリフ 'uni50E1' に交差がある
INFO:最終チェックのグリフ 'uni50E3' に交差がある
INFO:最終チェックのグリフ 'uni50E6' に交差がある
INFO:最終チェックのグリフ 'uni50F3' に交差がある
INFO:最終チェックのグリフ 'uni50F4' に交差がある
INFO:最終チェックのグリフ 'uni5104' に交差がある
INFO:最終チェックのグリフ 'uni5109' に交差がある
INFO:最終チェックのグリフ 'uni5114' に交差がある
INFO:最終チェックのグリフ 'uni5117' に交差がある
INFO:最終チェックのグリフ 'uni511A' に交差がある
INFO:最終チェックのグリフ 'uni511B' に交差がある
INFO:最終チェックのグリフ 'uni511E' に交差がある
INFO:最終チェックのグリフ 'uni512A' に交差がある
INFO:最終チェックのグリフ 'uni518C' に交差がある
INFO:最終チェックのグリフ 'uni518F' に交差がある
INFO:最終チェックのグリフ 'uni5191' に交差がある
INFO:最終チェックのグリフ 'uni5193' に交差がある
INFO:最終チェックのグリフ 'uni51A2' に交差がある
INFO:最終チェックのグリフ 'uni51A4' に交差がある
INFO:最終チェックのグリフ 'uni51A9' に交差がある
INFO:最終チェックのグリフ 'uni51B4' に交差がある
INFO:最終チェックのグリフ 'uni51BD' に交差がある
INFO:最終チェックのグリフ 'uni51C3' に交差がある
INFO:最終チェックのグリフ 'uni51C9' に交差がある
INFO:最終チェックのグリフ 'uni51CA' に交差がある
INFO:最終チェックのグリフ 'uni51CD' に交差がある
INFO:最終チェックのグリフ 'uni5206' に交差がある
INFO:最終チェックのグリフ 'uni5208' に交差がある
INFO:最終チェックのグリフ 'uni520A' に交差がある
INFO:最終チェックのグリフ 'uni520E' に交差がある
INFO:最終チェックのグリフ 'uni5211' に交差がある
INFO:最終チェックのグリフ 'uni5217' に交差がある
INFO:最終チェックのグリフ 'uni521D' に交差がある
INFO:最終チェックのグリフ 'uni5224' に交差がある
INFO:最終チェックのグリフ 'uni5227' に交差がある
INFO:最終チェックのグリフ 'uni522E' に交差がある
INFO:最終チェックのグリフ 'uni5233' に交差がある
INFO:最終チェックのグリフ 'uni5236' に交差がある
INFO:最終チェックのグリフ 'uni5249' に交差がある
INFO:最終チェックのグリフ 'uni5255' に交差がある
INFO:最終チェックのグリフ 'uni525D' に交差がある
INFO:最終チェックのグリフ 'uni5261' に交差がある
INFO:最終チェックのグリフ 'uni5264' に交差がある
INFO:最終チェックのグリフ 'uni5265' に交差がある
INFO:最終チェックのグリフ 'uni5269' に交差がある
INFO:最終チェックのグリフ 'uni526C' に交差がある
INFO:最終チェックのグリフ 'uni5270' に交差がある
INFO:最終チェックのグリフ 'uni5273' に交差がある
INFO:最終チェックのグリフ 'uni5275' に交差がある
INFO:最終チェックのグリフ 'uni5282' に交差がある
INFO:最終チェックのグリフ 'uni5287' に交差がある
INFO:最終チェックのグリフ 'uni528D' に交差がある
INFO:最終チェックのグリフ 'uni5293' に交差がある
INFO:最終チェックのグリフ 'uni5294' に交差がある
INFO:最終チェックのグリフ 'uni529F' に交差がある
INFO:最終チェックのグリフ 'uni52A3' に交差がある
INFO:最終チェックのグリフ 'uni52A9' に交差がある
INFO:最終チェックのグリフ 'uni52AB' に交差がある
INFO:最終チェックのグリフ 'uni52AD' に交差がある
INFO:最終チェックのグリフ 'uni52AF' に交差がある
INFO:最終チェックのグリフ 'uni52B1' に交差がある
INFO:最終チェックのグリフ 'uni52B9' に交差がある
INFO:最終チェックのグリフ 'uni52BA' に交差がある
INFO:最終チェックのグリフ 'uni52BE' に交差がある
INFO:最終チェックのグリフ 'uni52C0' に交差がある
INFO:最終チェックのグリフ 'uni52C1' に交差がある
INFO:最終チェックのグリフ 'uni52C3' に交差がある
INFO:最終チェックのグリフ 'uni52C5' に交差がある
INFO:最終チェックのグリフ 'uni52CD' に交差がある
INFO:最終チェックのグリフ 'uni52D0' に交差がある
INFO:最終チェックのグリフ 'uni52D5' に交差がある
INFO:最終チェックのグリフ 'uni52D7' に交差がある
INFO:最終チェックのグリフ 'uni52DB' に交差がある
INFO:最終チェックのグリフ 'uni52E0' に交差がある
INFO:最終チェックのグリフ 'uni52E4' に交差がある
INFO:最終チェックのグリフ 'uni52E6' に交差がある
INFO:最終チェックのグリフ 'uni52F0' に交差がある
INFO:最終チェックのグリフ 'uni52F3' に交差がある
INFO:最終チェックのグリフ 'uni52F5' に交差がある
INFO:最終チェックのグリフ 'uni52F8' に交差がある
INFO:最終チェックのグリフ 'uni52FE' に交差がある
INFO:最終チェックのグリフ 'uni52FF' に交差がある
INFO:最終チェックのグリフ 'uni5302' に交差がある
INFO:最終チェックのグリフ 'uni5308' に交差がある
INFO:最終チェックのグリフ 'uni530B' に交差がある
INFO:最終チェックのグリフ 'uni533E' に交差がある
INFO:最終チェックのグリフ 'uni5351' に交差がある
INFO:最終チェックのグリフ 'uni535A' に交差がある
INFO:最終チェックのグリフ 'uni5373' に交差がある
INFO:最終チェックのグリフ 'uni5374' に交差がある
INFO:最終チェックのグリフ 'uni5375' に交差がある
INFO:最終チェックのグリフ 'uni53A0' に交差がある
INFO:最終チェックのグリフ 'uni53A4' に交差がある
INFO:最終チェックのグリフ 'uni53B2' に交差がある
INFO:最終チェックのグリフ 'uni53E5' に交差がある
INFO:最終チェックのグリフ 'uni53EB' に交差がある
INFO:最終チェックのグリフ 'uni53F7' に交差がある
INFO:最終チェックのグリフ 'uni5401' に交差がある
INFO:最終チェックのグリフ 'uni540B' に交差がある
INFO:最終チェックのグリフ 'uni5446' に交差がある
INFO:最終チェックのグリフ 'uni5473' に交差がある
INFO:最終チェックのグリフ 'uni5475' に交差がある
INFO:最終チェックのグリフ 'uni547C' に交差がある
INFO:最終チェックのグリフ 'uni548A' に交差がある
INFO:最終チェックのグリフ 'uni548F' に交差がある
INFO:最終チェックのグリフ 'uni5490' に交差がある
INFO:最終チェックのグリフ 'uni54A1' に交差がある
INFO:最終チェックのグリフ 'uni54D8' に交差がある
INFO:最終チェックのグリフ 'uni54E5' に交差がある
INFO:最終チェックのグリフ 'uni54F1' に交差がある
INFO:最終チェックのグリフ 'uni54FA' に交差がある
INFO:最終チェックのグリフ 'uni54FF' に交差がある
INFO:最終チェックのグリフ 'uni5500' に交差がある
INFO:最終チェックのグリフ 'uni550F' に交差がある
INFO:最終チェックのグリフ 'uni5538' に交差がある
INFO:最終チェックのグリフ 'uni5544' に交差がある
INFO:最終チェックのグリフ 'uni555C' に交差がある
INFO:最終チェックのグリフ 'uni555D' に交差がある
INFO:最終チェックのグリフ 'uni5563' の参照が不正
INFO:最終チェックのグリフ 'uni5581' に交差がある
INFO:最終チェックのグリフ 'uni5587' に交差がある
INFO:最終チェックのグリフ 'uni558E' に交差がある
INFO:最終チェックのグリフ 'uni5599' に交差がある
INFO:最終チェックのグリフ 'uni559D' に交差がある
INFO:最終チェックのグリフ 'uni559E' に交差がある
INFO:最終チェックのグリフ 'uni559F' に交差がある
INFO:最終チェックのグリフ 'uni55C9' に交差がある
INFO:最終チェックのグリフ 'uni55CC' の参照が不正
INFO:最終チェックのグリフ 'uni55CE' に交差がある
INFO:最終チェックのグリフ 'uni55DA' に交差がある
INFO:最終チェックのグリフ 'uni55DD' に交差がある
INFO:最終チェックのグリフ 'uni55E3' に交差がある
INFO:最終チェックのグリフ 'uni561B' に交差がある
INFO:最終チェックのグリフ 'uni5628' に交差がある
INFO:最終チェックのグリフ 'uni5632' に交差がある
INFO:最終チェックのグリフ 'uni565E' に交差がある
INFO:最終チェックのグリフ 'uni5664' に交差がある
INFO:最終チェックのグリフ 'uni566A' に交差がある
INFO:最終チェックのグリフ 'uni5671' に交差がある
INFO:最終チェックのグリフ 'uni5680' に交差がある
INFO:最終チェックのグリフ 'uni5688' に交差がある
INFO:最終チェックのグリフ 'uni5694' に交差がある
INFO:最終チェックのグリフ 'uni56A9' に交差がある
INFO:最終チェックのグリフ 'uni56BC' に交差がある
INFO:最終チェックのグリフ 'uni56C1' に交差がある
INFO:最終チェックのグリフ 'uni56C3' に交差がある
INFO:最終チェックのグリフ 'uni56C9' に交差がある
INFO:最終チェックのグリフ 'uni56D3' に交差がある
INFO:最終チェックのグリフ 'uni5729' に交差がある
INFO:最終チェックのグリフ 'uni5747' に交差がある
INFO:最終チェックのグリフ 'uni5773' に交差がある
INFO:最終チェックのグリフ 'uni579C' に交差がある
INFO:最終チェックのグリフ 'uni57B0' に交差がある
INFO:最終チェックのグリフ 'uni57B3' に交差がある
INFO:最終チェックのグリフ 'uni57C6' に交差がある
INFO:最終チェックのグリフ 'uni57D2' に交差がある
INFO:最終チェックのグリフ 'uni57D3' に交差がある
INFO:最終チェックのグリフ 'uni57D4' に交差がある
INFO:最終チェックのグリフ 'uni57ED' に交差がある
INFO:最終チェックのグリフ 'uni57F8' に交差がある
INFO:最終チェックのグリフ 'uni5804' に交差がある
INFO:最終チェックのグリフ 'uni580B' に交差がある
INFO:最終チェックのグリフ 'uni581D' に交差がある
INFO:最終チェックのグリフ 'uni581E' に交差がある
INFO:最終チェックのグリフ 'uni584C' に交差がある
INFO:最終チェックのグリフ 'uni5862' に交差がある
INFO:最終チェックのグリフ 'uni5870' に交差がある
INFO:最終チェックのグリフ 'uni588B' に交差がある
INFO:最終チェックのグリフ 'uni588F' に交差がある
INFO:最終チェックのグリフ 'uni58B3' に交差がある
INFO:最終チェックのグリフ 'uni58CE' に交差がある
INFO:最終チェックのグリフ 'uni58D4' に交差がある
INFO:最終チェックのグリフ 'uni58DC' に交差がある
INFO:最終チェックのグリフ 'uni58E5' に交差がある
INFO:最終チェックのグリフ 'uni58FD' に交差がある
INFO:最終チェックのグリフ 'uni5906' に交差がある
INFO:最終チェックのグリフ 'uni5925' に交差がある
INFO:最終チェックのグリフ 'uni592A' に交差がある
INFO:最終チェックのグリフ 'uni593D' に交差がある
INFO:最終チェックのグリフ 'uni5947' に交差がある
INFO:最終チェックのグリフ 'uni5948' に交差がある
INFO:最終チェックのグリフ 'uni5963' に交差がある
INFO:最終チェックのグリフ 'uni5975' に交差がある
INFO:最終チェックのグリフ 'uni597D' に交差がある
INFO:最終チェックのグリフ 'uni5981' に交差がある
INFO:最終チェックのグリフ 'uni5982' に交差がある
INFO:最終チェックのグリフ 'uni598D' に交差がある
INFO:最終チェックのグリフ 'uni5993' に交差がある
INFO:最終チェックのグリフ 'uni5999' に交差がある
INFO:最終チェックのグリフ 'uni59A4' に交差がある
INFO:最終チェックのグリフ 'uni59B2' に交差がある
INFO:最終チェックのグリフ 'uni59B9' に交差がある
INFO:最終チェックのグリフ 'uni59C6' に交差がある
INFO:最終チェックのグリフ 'uni59C8' に交差がある
INFO:最終チェックのグリフ 'uni59CB' に交差がある
INFO:最終チェックのグリフ 'uni59D1' に交差がある
INFO:最終チェックのグリフ 'uni59D3' に交差がある
INFO:最終チェックのグリフ 'uni59EB' に交差がある
INFO:最終チェックのグリフ 'uni5A01' に交差がある
INFO:最終チェックのグリフ 'uni5A09' に交差がある
INFO:最終チェックのグリフ 'uni5A1A' に交差がある
INFO:最終チェックのグリフ 'uni5A25' に交差がある
INFO:最終チェックのグリフ 'uni5A49' に交差がある
INFO:最終チェックのグリフ 'uni5A5A' に交差がある
INFO:最終チェックのグリフ 'uni5A65' に交差がある
INFO:最終チェックのグリフ 'uni5A66' に交差がある
INFO:最終チェックのグリフ 'uni5A6C' に交差がある
INFO:最終チェックのグリフ 'uni5A6D' に交差がある
INFO:最終チェックのグリフ 'uni5A7F' に交差がある
INFO:最終チェックのグリフ 'uni5A84' に交差がある
INFO:最終チェックのグリフ 'uni5A92' に交差がある
INFO:最終チェックのグリフ 'uni5A9F' に交差がある
INFO:最終チェックのグリフ 'uni5AA0' に交差がある
INFO:最終チェックのグリフ 'uni5AA7' に交差がある
INFO:最終チェックのグリフ 'uni5AB3' に交差がある
INFO:最終チェックのグリフ 'uni5ABA' に交差がある
INFO:最終チェックのグリフ 'uni5ABD' に交差がある
INFO:最終チェックのグリフ 'uni5ABE' に交差がある
INFO:最終チェックのグリフ 'uni5AC1' に交差がある
INFO:最終チェックのグリフ 'uni5AC2' に交差がある
INFO:最終チェックのグリフ 'uni5AC4' に交差がある
INFO:最終チェックのグリフ 'uni5ACB' に交差がある
INFO:最終チェックのグリフ 'uni5ACC' に交差がある
INFO:最終チェックのグリフ 'uni5AD0' に交差がある
INFO:最終チェックのグリフ 'uni5ADA' に交差がある
INFO:最終チェックのグリフ 'uni5AE1' に交差がある
INFO:最終チェックのグリフ 'uni5AE3' に交差がある
INFO:最終チェックのグリフ 'uni5AE6' に交差がある
INFO:最終チェックのグリフ 'uni5AEE' に交差がある
INFO:最終チェックのグリフ 'uni5AFA' に交差がある
INFO:最終チェックのグリフ 'uni5AFB' に交差がある
INFO:最終チェックのグリフ 'uni5B00' に交差がある
INFO:最終チェックのグリフ 'uni5B09' に交差がある
INFO:最終チェックのグリフ 'uni5B0C' に交差がある
INFO:最終チェックのグリフ 'uni5B19' に交差がある
INFO:最終チェックのグリフ 'uni5B25' に交差がある
INFO:最終チェックのグリフ 'uni5B2C' に交差がある
INFO:最終チェックのグリフ 'uni5B2D' に交差がある
INFO:最終チェックのグリフ 'uni5B36' に交差がある
INFO:最終チェックのグリフ 'uni5B41' に交差がある
INFO:最終チェックのグリフ 'uni5B45' に交差がある
INFO:最終チェックのグリフ 'uni5B55' に交差がある
INFO:最終チェックのグリフ 'uni5B70' に交差がある
INFO:最終チェックのグリフ 'uni5B75' に交差がある
INFO:最終チェックのグリフ 'uni5B78' に交差がある
INFO:最終チェックのグリフ 'uni5B7A' に交差がある
INFO:最終チェックのグリフ 'uni5B7F' に交差がある
INFO:最終チェックのグリフ 'uni5B87' に交差がある
INFO:最終チェックのグリフ 'uni5B8B' に交差がある
INFO:最終チェックのグリフ 'uni5B97' に交差がある
INFO:最終チェックのグリフ 'uni5BB5' に交差がある
INFO:最終チェックのグリフ 'uni5BB6' に交差がある
INFO:最終チェックのグリフ 'uni5BC3' に交差がある
INFO:最終チェックのグリフ 'uni5BC7' に交差がある
INFO:最終チェックのグリフ 'uni5BCE' に交差がある
INFO:最終チェックのグリフ 'uni5BD0' に交差がある
INFO:最終チェックのグリフ 'uni5BDF' に交差がある
INFO:最終チェックのグリフ 'uni5BE5' に交差がある
INFO:最終チェックのグリフ 'uni5BEB' に交差がある
INFO:最終チェックのグリフ 'uni5BF5' に交差がある
INFO:最終チェックのグリフ 'uni5BFA' に交差がある
INFO:最終チェックのグリフ 'uni5BFD' に交差がある
INFO:最終チェックのグリフ 'uni5BFE' に交差がある
INFO:最終チェックのグリフ 'uni5C01' に交差がある
INFO:最終チェックのグリフ 'uni5C04' に交差がある
INFO:最終チェックのグリフ 'uni5C08' に交差がある
INFO:最終チェックのグリフ 'uni5C09' に交差がある
INFO:最終チェックのグリフ 'uni5C0E' に交差がある
INFO:最終チェックのグリフ 'uni5C12' に交差がある
INFO:最終チェックのグリフ 'uni5C1A' に交差がある
INFO:最終チェックのグリフ 'uni5C3F' に交差がある
INFO:最終チェックのグリフ 'uni5C7C' に交差がある
INFO:最終チェックのグリフ 'uni5CA0' に交差がある
INFO:最終チェックのグリフ 'uni5CA3' に交差がある
INFO:最終チェックのグリフ 'uni5CAD' に交差がある
INFO:最終チェックのグリフ 'uni5CB5' に交差がある
INFO:最終チェックのグリフ 'uni5CBB' に交差がある
INFO:最終チェックのグリフ 'uni5CBE' に交差がある
INFO:最終チェックのグリフ 'uni5CD9' に交差がある
INFO:最終チェックのグリフ 'uni5CE0' に交差がある
INFO:最終チェックのグリフ 'uni5CF0' に交差がある
INFO:最終チェックのグリフ 'uni5CFD' に交差がある
INFO:最終チェックのグリフ 'uni5D07' に交差がある
INFO:最終チェックのグリフ 'uni5D0D' に交差がある
INFO:最終チェックのグリフ 'uni5D0E' に交差がある
INFO:最終チェックのグリフ 'uni5D20' に交差がある
INFO:最終チェックのグリフ 'uni5D24' に交差がある
INFO:最終チェックのグリフ 'uni5D29' に交差がある
INFO:最終チェックのグリフ 'uni5D39' に交差がある
INFO:最終チェックのグリフ 'uni5D4E' に交差がある
INFO:最終チェックのグリフ 'uni5D50' に交差がある
INFO:最終チェックのグリフ 'uni5D6D' に交差がある
INFO:最終チェックのグリフ 'uni5D70' に交差がある
INFO:最終チェックのグリフ 'uni5D76' に交差がある
INFO:最終チェックのグリフ 'uni5D88' に交差がある
INFO:最終チェックのグリフ 'uni5D8B' に交差がある
INFO:最終チェックのグリフ 'uni5D8C' に交差がある
INFO:最終チェックのグリフ 'uni5D92' に交差がある
INFO:最終チェックのグリフ 'uni5D97' に交差がある
INFO:最終チェックのグリフ 'uni5DA2' に交差がある
INFO:最終チェックのグリフ 'uni5DAE' に交差がある
INFO:最終チェックのグリフ 'uni5DB4' に交差がある
INFO:最終チェックのグリフ 'uni5DB8' に交差がある
INFO:最終チェックのグリフ 'uni5DBD' に交差がある
INFO:最終チェックのグリフ 'uni5DC9' に交差がある
INFO:最終チェックのグリフ 'uni5DCB' に交差がある
INFO:最終チェックのグリフ 'uni5DCD' に交差がある
INFO:最終チェックのグリフ 'uni5DD8' に交差がある
INFO:最終チェックのグリフ 'uni5DDB' に交差がある
INFO:最終チェックのグリフ 'uni5E1D' に交差がある
INFO:最終チェックのグリフ 'uni5E49' に交差がある
INFO:最終チェックのグリフ 'uni5E4C' に交差がある
INFO:最終チェックのグリフ 'uni5E6C' に交差がある
INFO:最終チェックのグリフ 'uni5E6E' に交差がある
INFO:最終チェックのグリフ 'uni5E7A' に交差がある
INFO:最終チェックのグリフ 'uni5E7B' に交差がある
INFO:最終チェックのグリフ 'uni5E81' に交差がある
INFO:最終チェックのグリフ 'uni5E8A' に交差がある
INFO:最終チェックのグリフ 'uni5EA5' に交差がある
INFO:最終チェックのグリフ 'uni5EAA' に交差がある
INFO:最終チェックのグリフ 'uni5EC6' に交差がある
INFO:最終チェックのグリフ 'uni5ED2' に交差がある
INFO:最終チェックのグリフ 'uni5ED3' に交差がある
INFO:最終チェックのグリフ 'uni5EDA' に交差がある
INFO:最終チェックのグリフ 'uni5EE2' に交差がある
INFO:最終チェックのグリフ 'uni5EE8' に交差がある
INFO:最終チェックのグリフ 'uni5EEC' に交差がある
INFO:最終チェックのグリフ 'uni5EF0' に交差がある
INFO:最終チェックのグリフ 'uni5EF3' に交差がある
INFO:最終チェックのグリフ 'uni5F25' に交差がある
INFO:最終チェックのグリフ 'uni5F2F' に交差がある
INFO:最終チェックのグリフ 'uni5F31' に交差がある
INFO:最終チェックのグリフ 'uni5F36' に交差がある
INFO:最終チェックのグリフ 'uni5F38' に交差がある
INFO:最終チェックのグリフ 'uni5F3C' に交差がある
INFO:最終チェックのグリフ 'uni5F48' に交差がある
INFO:最終チェックのグリフ 'uni5F4C' に交差がある
INFO:最終チェックのグリフ 'uni5F4E' に交差がある
INFO:最終チェックのグリフ 'uni5F54' に交差がある
INFO:最終チェックのグリフ 'uni5F58' に交差がある
INFO:最終チェックのグリフ 'uni5F5D' に交差がある
INFO:最終チェックのグリフ 'uni5F6B' に交差がある
INFO:最終チェックのグリフ 'uni5F6C' に交差がある
INFO:最終チェックのグリフ 'uni5F77' に交差がある
INFO:最終チェックのグリフ 'uni5F85' に交差がある
INFO:最終チェックのグリフ 'uni5F90' に交差がある
INFO:最終チェックのグリフ 'uni5F9C' に交差がある
INFO:最終チェックのグリフ 'uni5FA7' に交差がある
INFO:最終チェックのグリフ 'uni5FAE' に交差がある
INFO:最終チェックのグリフ 'uni5FB3' に交差がある
INFO:最終チェックのグリフ 'uni5FB7' に交差がある
INFO:最終チェックのグリフ 'uni5FB9' に交差がある
INFO:最終チェックのグリフ 'uni5FBD' に交差がある
INFO:最終チェックのグリフ 'uni5FCC' に交差がある
INFO:最終チェックのグリフ 'uni5FCD' に交差がある
INFO:最終チェックのグリフ 'uni5FD7' に交差がある
INFO:最終チェックのグリフ 'uni5FD8' に交差がある
INFO:最終チェックのグリフ 'uni5FDC' に交差がある
INFO:最終チェックのグリフ 'uni5FDD' に交差がある
INFO:最終チェックのグリフ 'uni5FE0' に交差がある
INFO:最終チェックのグリフ 'uni5FE2' に交差がある
INFO:最終チェックのグリフ 'uni5FE9' に交差がある
INFO:最終チェックのグリフ 'uni5FF5' に交差がある
INFO:最終チェックのグリフ 'uni5FFD' に交差がある
INFO:最終チェックのグリフ 'uni5FFF' に交差がある
INFO:最終チェックのグリフ 'uni6012' に交差がある
INFO:最終チェックのグリフ 'uni6016' の参照が不正
INFO:最終チェックのグリフ 'uni6018' に交差がある
INFO:最終チェックのグリフ 'uni601B' に交差がある
INFO:最終チェックのグリフ 'uni601D' に交差がある
INFO:最終チェックのグリフ 'uni6024' に交差がある
INFO:最終チェックのグリフ 'uni6025' に交差がある
INFO:最終チェックのグリフ 'uni6028' に交差がある
INFO:最終チェックのグリフ 'uni603A' に交差がある
INFO:最終チェックのグリフ 'uni6041' に交差がある
INFO:最終チェックのグリフ 'uni6042' に交差がある
INFO:最終チェックのグリフ 'uni6043' に交差がある
INFO:最終チェックのグリフ 'uni604B' に交差がある
INFO:最終チェックのグリフ 'uni6050' に交差がある
INFO:最終チェックのグリフ 'uni6055' に交差がある
INFO:最終チェックのグリフ 'uni6059' に交差がある
INFO:最終チェックのグリフ 'uni605D' に交差がある
INFO:最終チェックのグリフ 'uni605F' に交差がある
INFO:最終チェックのグリフ 'uni6063' に交差がある
INFO:最終チェックのグリフ 'uni606D' に交差がある
INFO:最終チェックのグリフ 'uni6077' に交差がある
INFO:最終チェックのグリフ 'uni607F' に交差がある
INFO:最終チェックのグリフ 'uni6089' に交差がある
INFO:最終チェックのグリフ 'uni608A' に交差がある
INFO:最終チェックのグリフ 'uni608C' に交差がある
INFO:最終チェックのグリフ 'uni6094' に交差がある
INFO:最終チェックのグリフ 'uni6095' に交差がある
INFO:最終チェックのグリフ 'uni6096' に交差がある
INFO:最終チェックのグリフ 'uni609F' に交差がある
INFO:最終チェックのグリフ 'uni60A0' に交差がある
INFO:最終チェックのグリフ 'uni60A3' に交差がある
INFO:最終チェックのグリフ 'uni60A6' に交差がある
INFO:最終チェックのグリフ 'uni60A8' に交差がある
INFO:最終チェックのグリフ 'uni60AA' に交差がある
INFO:最終チェックのグリフ 'uni60B0' に交差がある
INFO:最終チェックのグリフ 'uni60C8' に交差がある
INFO:最終チェックのグリフ 'uni60D5' に交差がある
INFO:最終チェックのグリフ 'uni60D9' に交差がある
INFO:最終チェックのグリフ 'uni60DA' に交差がある
INFO:最終チェックのグリフ 'uni60E1' に交差がある
INFO:最終チェックのグリフ 'uni60E3' に交差がある
INFO:最終チェックのグリフ 'uni60F0' に交差がある
INFO:最終チェックのグリフ 'uni60F1' に交差がある
INFO:最終チェックのグリフ 'uni60F3' に交差がある
INFO:最終チェックのグリフ 'uni60F5' に交差がある
INFO:最終チェックのグリフ 'uni60F7' に交差がある
INFO:最終チェックのグリフ 'uni6101' に交差がある
INFO:最終チェックのグリフ 'uni6106' に交差がある
INFO:最終チェックのグリフ 'uni6109' に交差がある
INFO:最終チェックのグリフ 'uni610D' に交差がある
INFO:最終チェックのグリフ 'uni6113' に交差がある
INFO:最終チェックのグリフ 'uni6115' に交差がある
INFO:最終チェックのグリフ 'uni611C' に交差がある
INFO:最終チェックのグリフ 'uni611F' に交差がある
INFO:最終チェックのグリフ 'uni6121' に交差がある
INFO:最終チェックのグリフ 'uni6128' に交差がある
INFO:最終チェックのグリフ 'uni612C' に交差がある
INFO:最終チェックのグリフ 'uni613E' に交差がある
INFO:最終チェックのグリフ 'uni6144' の参照が不正
INFO:最終チェックのグリフ 'uni614A' に交差がある
INFO:最終チェックのグリフ 'uni614B' に交差がある
INFO:最終チェックのグリフ 'uni6158' に交差がある
INFO:最終チェックのグリフ 'uni6159' に交差がある
INFO:最終チェックのグリフ 'uni6162' に交差がある
INFO:最終チェックのグリフ 'uni6163' の参照が不正
INFO:最終チェックのグリフ 'uni6167' に交差がある
INFO:最終チェックのグリフ 'uni616B' に交差がある
INFO:最終チェックのグリフ 'uni616E' に交差がある
INFO:最終チェックのグリフ 'uni616F' に交差がある
INFO:最終チェックのグリフ 'uni6170' に交差がある
INFO:最終チェックのグリフ 'uni617E' に交差がある
INFO:最終チェックのグリフ 'uni6187' に交差がある
INFO:最終チェックのグリフ 'uni618E' に交差がある
INFO:最終チェックのグリフ 'uni6193' に交差がある
INFO:最終チェックのグリフ 'uni6196' に交差がある
INFO:最終チェックのグリフ 'uni6197' に交差がある
INFO:最終チェックのグリフ 'uni6199' に交差がある
INFO:最終チェックのグリフ 'uni61A5' に交差がある
INFO:最終チェックのグリフ 'uni61A8' に交差がある
INFO:最終チェックのグリフ 'uni61AB' の参照が不正
INFO:最終チェックのグリフ 'uni61AC' に交差がある
INFO:最終チェックのグリフ 'uni61AD' に交差がある
INFO:最終チェックのグリフ 'uni61B6' に交差がある
INFO:最終チェックのグリフ 'uni61BC' に交差がある
INFO:最終チェックのグリフ 'uni61C6' に交差がある
INFO:最終チェックのグリフ 'uni61C7' に交差がある
INFO:最終チェックのグリフ 'uni61C9' に交差がある
INFO:最終チェックのグリフ 'uni61CB' に交差がある
INFO:最終チェックのグリフ 'uni61CD' の参照が不正
INFO:最終チェックのグリフ 'uni61D5' に交差がある
INFO:最終チェックのグリフ 'uni61E3' に交差がある
INFO:最終チェックのグリフ 'uni61F5' に交差がある
INFO:最終チェックのグリフ 'uni61F7' に交差がある
INFO:最終チェックのグリフ 'uni61F8' に交差がある
INFO:最終チェックのグリフ 'uni61FE' に交差がある
INFO:最終チェックのグリフ 'uni61FF' に交差がある
INFO:最終チェックのグリフ 'uni6200' に交差がある
INFO:最終チェックのグリフ 'uni6216' に交差がある
INFO:最終チェックのグリフ 'uni621F' に交差がある
INFO:最終チェックのグリフ 'uni6221' に交差がある
INFO:最終チェックのグリフ 'uni622E' に交差がある
INFO:最終チェックのグリフ 'uni622F' に交差がある
INFO:最終チェックのグリフ 'uni6241' に交差がある
INFO:最終チェックのグリフ 'uni6243' に交差がある
INFO:最終チェックのグリフ 'uni6247' に交差がある
INFO:最終チェックのグリフ 'uni6264' に交差がある
INFO:最終チェックのグリフ 'uni626E' に交差がある
INFO:最終チェックのグリフ 'uni627F' に交差がある
INFO:最終チェックのグリフ 'uni6285' に交差がある
INFO:最終チェックのグリフ 'uni6292' に交差がある
INFO:最終チェックのグリフ 'uni62A6' に交差がある
INFO:最終チェックのグリフ 'uni62CF' に交差がある
INFO:最終チェックのグリフ 'uni62D6' に交差がある
INFO:最終チェックのグリフ 'uni62ED' に交差がある
INFO:最終チェックのグリフ 'uni62F3' に交差がある
INFO:最終チェックのグリフ 'uni62F6' に交差がある
INFO:最終チェックのグリフ 'uni62F7' に交差がある
INFO:最終チェックのグリフ 'uni62FF' に交差がある
INFO:最終チェックのグリフ 'uni6301' に交差がある
INFO:最終チェックのグリフ 'uni632F' に交差がある
INFO:最終チェックのグリフ 'uni6344' に交差がある
INFO:最終チェックのグリフ 'uni6350' に交差がある
INFO:最終チェックのグリフ 'uni636B' に交差がある
INFO:最終チェックのグリフ 'uni636C' に交差がある
INFO:最終チェックのグリフ 'uni637A' に交差がある
INFO:最終チェックのグリフ 'uni637B' に交差がある
INFO:最終チェックのグリフ 'uni638F' に交差がある
INFO:最終チェックのグリフ 'uni6396' の参照が不正
INFO:最終チェックのグリフ 'uni6399' に交差がある
INFO:最終チェックのグリフ 'uni63A0' に交差がある
INFO:最終チェックのグリフ 'uni63A1' に交差がある
INFO:最終チェックのグリフ 'uni63A2' に交差がある
INFO:最終チェックのグリフ 'uni63AC' に交差がある
INFO:最終チェックのグリフ 'uni63BB' に交差がある
INFO:最終チェックのグリフ 'uni63BE' に交差がある
INFO:最終チェックのグリフ 'uni63C9' に交差がある
INFO:最終チェックのグリフ 'uni63D4' に交差がある
INFO:最終チェックのグリフ 'uni63E5' に交差がある
INFO:最終チェックのグリフ 'uni63EB' に交差がある
INFO:最終チェックのグリフ 'uni63ED' に交差がある
INFO:最終チェックのグリフ 'uni63F2' に交差がある
INFO:最終チェックのグリフ 'uni63F4' に交差がある
INFO:最終チェックのグリフ 'uni6428' に交差がある
INFO:最終チェックのグリフ 'uni6429' に交差がある
INFO:最終チェックのグリフ 'uni6451' に交差がある
INFO:最終チェックのグリフ 'uni6458' に交差がある
INFO:最終チェックのグリフ 'uni645B' に交差がある
INFO:最終チェックのグリフ 'uni6460' に交差がある
INFO:最終チェックのグリフ 'uni6469' に交差がある
INFO:最終チェックのグリフ 'uni6495' に交差がある
INFO:最終チェックのグリフ 'uni649D' に交差がある
INFO:最終チェックのグリフ 'uni64A4' に交差がある
INFO:最終チェックのグリフ 'uni64CD' に交差がある
INFO:最終チェックのグリフ 'uni64D2' に交差がある
INFO:最終チェックのグリフ 'uni64D5' に交差がある
INFO:最終チェックのグリフ 'uni64DA' に交差がある
INFO:最終チェックのグリフ 'uni64E3' に交差がある
INFO:最終チェックのグリフ 'uni64E7' に交差がある
INFO:最終チェックのグリフ 'uni64EC' に交差がある
INFO:最終チェックのグリフ 'uni64F7' に交差がある
INFO:最終チェックのグリフ 'uni64FB' に交差がある
INFO:最終チェックのグリフ 'uni64FD' に交差がある
INFO:最終チェックのグリフ 'uni6504' に交差がある
INFO:最終チェックのグリフ 'uni6514' に交差がある
INFO:最終チェックのグリフ 'uni651E' に交差がある
INFO:最終チェックのグリフ 'uni6523' に交差がある
INFO:最終チェックのグリフ 'uni655D' に交差がある
INFO:最終チェックのグリフ 'uni6572' に交差がある
INFO:最終チェックのグリフ 'uni6582' に交差がある
INFO:最終チェックのグリフ 'uni658E' に交差がある
INFO:最終チェックのグリフ 'uni659B' に交差がある
INFO:最終チェックのグリフ 'uni659D' に交差がある
INFO:最終チェックのグリフ 'uni659F' に交差がある
INFO:最終チェックのグリフ 'uni65B2' に交差がある
INFO:最終チェックのグリフ 'uni65C4' に交差がある
INFO:最終チェックのグリフ 'uni65CC' に交差がある
INFO:最終チェックのグリフ 'uni65D4' に交差がある
INFO:最終チェックのグリフ 'uni6609' に交差がある
INFO:最終チェックのグリフ 'uni660E' に交差がある
INFO:最終チェックのグリフ 'uni6613' に交差がある
INFO:最終チェックのグリフ 'uni6624' に交差がある
INFO:最終チェックのグリフ 'uni6627' に交差がある
INFO:最終チェックのグリフ 'uni6633' の参照が不正
INFO:最終チェックのグリフ 'uni6636' に交差がある
INFO:最終チェックのグリフ 'uni663A' に交差がある
INFO:最終チェックのグリフ 'uni6642' に交差がある
INFO:最終チェックのグリフ 'uni6661' に交差がある
INFO:最終チェックのグリフ 'uni6666' に交差がある
INFO:最終チェックのグリフ 'uni6667' に交差がある
INFO:最終チェックのグリフ 'uni667A' の参照が不正
INFO:最終チェックのグリフ 'uni668D' に交差がある
INFO:最終チェックのグリフ 'uni66B8' に交差がある
INFO:最終チェックのグリフ 'uni66BB' に交差がある
INFO:最終チェックのグリフ 'uni66BE' に交差がある
INFO:最終チェックのグリフ 'uni66C4' に交差がある
INFO:最終チェックのグリフ 'uni66C9' に交差がある
INFO:最終チェックのグリフ 'uni66DA' に交差がある
INFO:最終チェックのグリフ 'uni66DD' に交差がある
INFO:最終チェックのグリフ 'uni66E9' に交差がある
INFO:最終チェックのグリフ 'uni66FF' に交差がある
INFO:最終チェックのグリフ 'uni670B' に交差がある
INFO:最終チェックのグリフ 'uni6717' に交差がある
INFO:最終チェックのグリフ 'uni671D' に交差がある
INFO:最終チェックのグリフ 'uni6726' に交差がある
INFO:最終チェックのグリフ 'uni6731' に交差がある
INFO:最終チェックのグリフ 'uni6736' に交差がある
INFO:最終チェックのグリフ 'uni673F' に交差がある
INFO:最終チェックのグリフ 'uni6751' に交差がある
INFO:最終チェックのグリフ 'uni6753' に交差がある
INFO:最終チェックのグリフ 'uni675F' に交差がある
INFO:最終チェックのグリフ 'uni6761' に交差がある
INFO:最終チェックのグリフ 'uni6764' に交差がある
INFO:最終チェックのグリフ 'uni6765' に交差がある
INFO:最終チェックのグリフ 'uni6771' に交差がある
INFO:最終チェックのグリフ 'uni6772' に交差がある
INFO:最終チェックのグリフ 'uni6776' に交差がある
INFO:最終チェックのグリフ 'uni677C' に交差がある
INFO:最終チェックのグリフ 'uni678B' に交差がある
INFO:最終チェックのグリフ 'uni6790' に交差がある
INFO:最終チェックのグリフ 'uni6792' に交差がある
INFO:最終チェックのグリフ 'uni6798' に交差がある
INFO:最終チェックのグリフ 'uni679C' に交差がある
INFO:最終チェックのグリフ 'uni67B6' に交差がある
INFO:最終チェックのグリフ 'uni67D0' に交差がある
INFO:最終チェックのグリフ 'uni67D4' に交差がある
INFO:最終チェックのグリフ 'uni67F4' に交差がある
INFO:最終チェックのグリフ 'uni67F5' に交差がある
INFO:最終チェックのグリフ 'uni67FA' に交差がある
INFO:最終チェックのグリフ 'uni6804' に交差がある
INFO:最終チェックのグリフ 'uni6810' に交差がある
INFO:最終チェックのグリフ 'uni6817' に交差がある
INFO:最終チェックのグリフ 'uni682A' に交差がある
INFO:最終チェックのグリフ 'uni6834' に交差がある
INFO:最終チェックのグリフ 'uni6840' に交差がある
INFO:最終チェックのグリフ 'uni684D' に交差がある
INFO:最終チェックのグリフ 'uni6852' に交差がある
INFO:最終チェックのグリフ 'uni6857' に交差がある
INFO:最終チェックのグリフ 'uni685B' に交差がある
INFO:最終チェックのグリフ 'uni6872' に交差がある
INFO:最終チェックのグリフ 'uni6874' に交差がある
INFO:最終チェックのグリフ 'uni6881' に交差がある
INFO:最終チェックのグリフ 'uni6882' に交差がある
INFO:最終チェックのグリフ 'uni6885' に交差がある
INFO:最終チェックのグリフ 'uni6898' に交差がある
INFO:最終チェックのグリフ 'uni689B' に交差がある
INFO:最終チェックのグリフ 'uni68A8' に交差がある
INFO:最終チェックのグリフ 'uni68AA' に交差がある
INFO:最終チェックのグリフ 'uni68B5' に交差がある
INFO:最終チェックのグリフ 'uni68BA' に交差がある
INFO:最終チェックのグリフ 'uni68BB' に交差がある
INFO:最終チェックのグリフ 'uni68BC' に交差がある
INFO:最終チェックのグリフ 'uni68C5' に交差がある
INFO:最終チェックのグリフ 'uni68CC' に交差がある
INFO:最終チェックのグリフ 'uni68CF' に交差がある
INFO:最終チェックのグリフ 'uni68D5' に交差がある
INFO:最終チェックのグリフ 'uni68D8' に交差がある
INFO:最終チェックのグリフ 'uni68E3' に交差がある
INFO:最終チェックのグリフ 'uni68EE' に交差がある
INFO:最終チェックのグリフ 'uni68EF' に交差がある
INFO:最終チェックのグリフ 'uni6901' に交差がある
INFO:最終チェックのグリフ 'uni6905' に交差がある
INFO:最終チェックのグリフ 'uni6908' に交差がある
INFO:最終チェックのグリフ 'uni690B' に交差がある
INFO:最終チェックのグリフ 'uni691A' に交差がある
INFO:最終チェックのグリフ 'uni693D' に交差がある
INFO:最終チェックのグリフ 'uni6953' に交差がある
INFO:最終チェックのグリフ 'uni6955' に交差がある
INFO:最終チェックのグリフ 'uni6959' に交差がある
INFO:最終チェックのグリフ 'uni695D' に交差がある
INFO:最終チェックのグリフ 'uni695E' に交差がある
INFO:最終チェックのグリフ 'uni6964' に交差がある
INFO:最終チェックのグリフ 'uni696A' に交差がある
INFO:最終チェックのグリフ 'uni6972' に交差がある
INFO:最終チェックのグリフ 'uni6974' に交差がある
INFO:最終チェックのグリフ 'uni697A' に交差がある
INFO:最終チェックのグリフ 'uni697E' に交差がある
INFO:最終チェックのグリフ 'uni698A' に交差がある
INFO:最終チェックのグリフ 'uni6991' に交差がある
INFO:最終チェックのグリフ 'uni6992' に交差がある
INFO:最終チェックのグリフ 'uni699B' に交差がある
INFO:最終チェックのグリフ 'uni69A6' に交差がある
INFO:最終チェックのグリフ 'uni69AE' に交差がある
INFO:最終チェックのグリフ 'uni69BA' に交差がある
INFO:最終チェックのグリフ 'uni69BB' に交差がある
INFO:最終チェックのグリフ 'uni69BC' に交差がある
INFO:最終チェックのグリフ 'uni69C1' に交差がある
INFO:最終チェックのグリフ 'uni69CF' に交差がある
INFO:最終チェックのグリフ 'uni69D1' に交差がある
INFO:最終チェックのグリフ 'uni69D8' に交差がある
INFO:最終チェックのグリフ 'uni69F2' に交差がある
INFO:最終チェックのグリフ 'uni69F5' に交差がある
INFO:最終チェックのグリフ 'uni69FB' に交差がある
INFO:最終チェックのグリフ 'uni6A02' に交差がある
INFO:最終チェックのグリフ 'uni6A12' に交差がある
INFO:最終チェックのグリフ 'uni6A17' に交差がある
INFO:最終チェックのグリフ 'uni6A19' に交差がある
INFO:最終チェックのグリフ 'uni6A1A' に交差がある
INFO:最終チェックのグリフ 'uni6A1B' に交差がある
INFO:最終チェックのグリフ 'uni6A1D' に交差がある
INFO:最終チェックのグリフ 'uni6A22' に交差がある
INFO:最終チェックのグリフ 'uni6A23' に交差がある
INFO:最終チェックのグリフ 'uni6A2E' に交差がある
INFO:最終チェックのグリフ 'uni6A33' に交差がある
INFO:最終チェックのグリフ 'uni6A3B' の参照が不正
INFO:最終チェックのグリフ 'uni6A3D' に交差がある
INFO:最終チェックのグリフ 'uni6A3E' に交差がある
INFO:最終チェックのグリフ 'uni6A46' に交差がある
INFO:最終チェックのグリフ 'uni6A52' に交差がある
INFO:最終チェックのグリフ 'uni6A61' に交差がある
INFO:最終チェックのグリフ 'uni6A7A' に交差がある
INFO:最終チェックのグリフ 'uni6A8E' に交差がある
INFO:最終チェックのグリフ 'uni6A9C' に交差がある
INFO:最終チェックのグリフ 'uni6A9E' に交差がある
INFO:最終チェックのグリフ 'uni6AA2' に交差がある
INFO:最終チェックのグリフ 'uni6AAB' に交差がある
INFO:最終チェックのグリフ 'uni6AAC' に交差がある
INFO:最終チェックのグリフ 'uni6AAE' に交差がある
INFO:最終チェックのグリフ 'uni6AB8' に交差がある
INFO:最終チェックのグリフ 'uni6ABD' に交差がある
INFO:最終チェックのグリフ 'uni6AD4' に交差がある
INFO:最終チェックのグリフ 'uni6ADA' に交差がある
INFO:最終チェックのグリフ 'uni6ADB' に交差がある
INFO:最終チェックのグリフ 'uni6ADC' に交差がある
INFO:最終チェックのグリフ 'uni6ADE' に交差がある
INFO:最終チェックのグリフ 'uni6ADF' に交差がある
INFO:最終チェックのグリフ 'uni6AE4' に交差がある
INFO:最終チェックのグリフ 'uni6AE8' に交差がある
INFO:最終チェックのグリフ 'uni6AF2' に交差がある
INFO:最終チェックのグリフ 'uni6B04' に交差がある
INFO:最終チェックのグリフ 'uni6B10' に交差がある
INFO:最終チェックのグリフ 'uni6B17' に交差がある
INFO:最終チェックのグリフ 'uni6B1D' に交差がある
INFO:最終チェックのグリフ 'uni6B1E' に交差がある
INFO:最終チェックのグリフ 'uni6B37' に交差がある
INFO:最終チェックのグリフ 'uni6B47' に交差がある
INFO:最終チェックのグリフ 'uni6B49' に交差がある
INFO:最終チェックのグリフ 'uni6B58' に交差がある
INFO:最終チェックのグリフ 'uni6B59' に交差がある
INFO:最終チェックのグリフ 'uni6B5B' に交差がある
INFO:最終チェックのグリフ 'uni6B60' に交差がある
INFO:最終チェックのグリフ 'uni6B73' に交差がある
INFO:最終チェックのグリフ 'uni6BA4' に交差がある
INFO:最終チェックのグリフ 'uni6BAE' に交差がある
INFO:最終チェックのグリフ 'uni6BCB' に交差がある
INFO:最終チェックのグリフ 'uni6BCD' に交差がある
INFO:最終チェックのグリフ 'uni6BCE' に交差がある
INFO:最終チェックのグリフ 'uni6BD3' に交差がある
INFO:最終チェックのグリフ 'uni6BD6' に交差がある
INFO:最終チェックのグリフ 'uni6BDA' に交差がある
INFO:最終チェックのグリフ 'uni6BDB' に交差がある
INFO:最終チェックのグリフ 'uni6BEF' に交差がある
INFO:最終チェックのグリフ 'uni6BFF' に交差がある
INFO:最終チェックのグリフ 'uni6C08' に交差がある
INFO:最終チェックのグリフ 'uni6C0E' に交差がある
INFO:最終チェックのグリフ 'uni6C24' に交差がある
INFO:最終チェックのグリフ 'uni6C33' に交差がある
INFO:最終チェックのグリフ 'uni6C34' に交差がある
INFO:最終チェックのグリフ 'uni6C36' に交差がある
INFO:最終チェックのグリフ 'uni6C37' に交差がある
INFO:最終チェックのグリフ 'uni6C38' に交差がある
INFO:最終チェックのグリフ 'uni6C40' に交差がある
INFO:最終チェックのグリフ 'uni6C42' に交差がある
INFO:最終チェックのグリフ 'uni6C5A' に交差がある
INFO:最終チェックのグリフ 'uni6C5E' に交差がある
INFO:最終チェックのグリフ 'uni6C70' に交差がある
INFO:最終チェックのグリフ 'uni6C7E' に交差がある
INFO:最終チェックのグリフ 'uni6C85' に交差がある
INFO:最終チェックのグリフ 'uni6C97' に交差がある
INFO:最終チェックのグリフ 'uni6CAB' に交差がある
INFO:最終チェックのグリフ 'uni6CB3' に交差がある
INFO:最終チェックのグリフ 'uni6CC9' に交差がある
INFO:最終チェックのグリフ 'uni6CD0' に交差がある
INFO:最終チェックのグリフ 'uni6CD5' に交差がある
INFO:最終チェックのグリフ 'uni6CDA' に交差がある
INFO:最終チェックのグリフ 'uni6CE0' に交差がある
INFO:最終チェックのグリフ 'uni6CF0' に交差がある
INFO:最終チェックのグリフ 'uni6CF3' に交差がある
INFO:最終チェックのグリフ 'uni6D00' に交差がある
INFO:最終チェックのグリフ 'uni6D0C' に交差がある
INFO:最終チェックのグリフ 'uni6D19' に交差がある
INFO:最終チェックのグリフ 'uni6D2F' に交差がある
INFO:最終チェックのグリフ 'uni6D33' に交差がある
INFO:最終チェックのグリフ 'uni6D36' に交差がある
INFO:最終チェックのグリフ 'uni6D38' に交差がある
INFO:最終チェックのグリフ 'uni6D44' に交差がある
INFO:最終チェックのグリフ 'uni6D45' に交差がある
INFO:最終チェックのグリフ 'uni6D5C' に交差がある
INFO:最終チェックのグリフ 'uni6D66' に交差がある
INFO:最終チェックのグリフ 'uni6D6E' に交差がある
INFO:最終チェックのグリフ 'uni6D82' に交差がある
INFO:最終チェックのグリフ 'uni6D8A' に交差がある
INFO:最終チェックのグリフ 'uni6D8D' に交差がある
INFO:最終チェックのグリフ 'uni6D91' に交差がある
INFO:最終チェックのグリフ 'uni6D9B' に交差がある
INFO:最終チェックのグリフ 'uni6DBC' に交差がある
INFO:最終チェックのグリフ 'uni6DBF' に交差がある
INFO:最終チェックのグリフ 'uni6DC2' に交差がある
INFO:最終チェックのグリフ 'uni6DCC' に交差がある
INFO:最終チェックのグリフ 'uni6DDB' に交差がある
INFO:最終チェックのグリフ 'uni6DE8' に交差がある
INFO:最終チェックのグリフ 'uni6DF1' に交差がある
INFO:最終チェックのグリフ 'uni6DF2' に交差がある
INFO:最終チェックのグリフ 'uni6DF6' に交差がある
INFO:最終チェックのグリフ 'uni6DFB' に交差がある
INFO:最終チェックのグリフ 'uni6DFC' に交差がある
INFO:最終チェックのグリフ 'uni6E07' に交差がある
INFO:最終チェックのグリフ 'uni6E0A' に交差がある
INFO:最終チェックのグリフ 'uni6E15' に交差がある
INFO:最終チェックのグリフ 'uni6E26' に交差がある
INFO:最終チェックのグリフ 'uni6E2B' に交差がある
INFO:最終チェックのグリフ 'uni6E39' に交差がある
INFO:最終チェックのグリフ 'uni6E48' に交差がある
INFO:最終チェックのグリフ 'uni6E54' に交差がある
INFO:最終チェックのグリフ 'uni6E56' に交差がある
INFO:最終チェックのグリフ 'uni6E57' に交差がある
INFO:最終チェックのグリフ 'uni6E67' に交差がある
INFO:最終チェックのグリフ 'uni6E76' に交差がある
INFO:最終チェックのグリフ 'uni6E80' に交差がある
INFO:最終チェックのグリフ 'uni6E90' に交差がある
INFO:最終チェックのグリフ 'uni6E93' に交差がある
INFO:最終チェックのグリフ 'uni6EA5' に交差がある
INFO:最終チェックのグリフ 'uni6EBA' に交差がある
INFO:最終チェックのグリフ 'uni6EBD' に交差がある
INFO:最終チェックのグリフ 'uni6EC1' に交差がある
INFO:最終チェックのグリフ 'uni6EC2' に交差がある
INFO:最終チェックのグリフ 'uni6EC3' に交差がある
INFO:最終チェックのグリフ 'uni6EC4' に交差がある
INFO:最終チェックのグリフ 'uni6ECA' に交差がある
INFO:最終チェックのグリフ 'uni6ECB' に交差がある
INFO:最終チェックのグリフ 'uni6ECC' に交差がある
INFO:最終チェックのグリフ 'uni6ED5' に交差がある
INFO:最終チェックのグリフ 'uni6EF4' に交差がある
INFO:最終チェックのグリフ 'uni6EF9' に交差がある
INFO:最終チェックのグリフ 'uni6F02' に交差がある
INFO:最終チェックのグリフ 'uni6F06' に交差がある
INFO:最終チェックのグリフ 'uni6F0F' に交差がある
INFO:最終チェックのグリフ 'uni6F36' に交差がある
INFO:最終チェックのグリフ 'uni6F3E' に交差がある
INFO:最終チェックのグリフ 'uni6F3F' に交差がある
INFO:最終チェックのグリフ 'uni6F41' に交差がある
INFO:最終チェックのグリフ 'uni6F52' に交差がある
INFO:最終チェックのグリフ 'uni6F54' に交差がある
INFO:最終チェックのグリフ 'uni6F59' に交差がある
INFO:最終チェックのグリフ 'uni6F5F' に交差がある
INFO:最終チェックのグリフ 'uni6F78' に交差がある
INFO:最終チェックのグリフ 'uni6F7A' に交差がある
INFO:最終チェックのグリフ 'uni6F86' に交差がある
INFO:最終チェックのグリフ 'uni6F8C' に交差がある
INFO:最終チェックのグリフ 'uni6F96' に交差がある
INFO:最終チェックのグリフ 'uni6F97' に交差がある
INFO:最終チェックのグリフ 'uni6FA5' に交差がある
INFO:最終チェックのグリフ 'uni6FAF' に交差がある
INFO:最終チェックのグリフ 'uni6FB1' に交差がある
INFO:最終チェックのグリフ 'uni6FC1' に交差がある
INFO:最終チェックのグリフ 'uni6FC8' に交差がある
INFO:最終チェックのグリフ 'uni6FD4' に交差がある
INFO:最終チェックのグリフ 'uni6FD8' に交差がある
INFO:最終チェックのグリフ 'uni6FDB' に交差がある
INFO:最終チェックのグリフ 'uni6FE1' に交差がある
INFO:最終チェックのグリフ 'uni6FF6' に交差がある
INFO:最終チェックのグリフ 'uni6FFC' に交差がある
INFO:最終チェックのグリフ 'uni6FFE' に交差がある
INFO:最終チェックのグリフ 'uni7009' に交差がある
INFO:最終チェックのグリフ 'uni700A' に交差がある
INFO:最終チェックのグリフ 'uni700F' に交差がある
INFO:最終チェックのグリフ 'uni7011' に交差がある
INFO:最終チェックのグリフ 'uni701A' に交差がある
INFO:最終チェックのグリフ 'uni701B' に交差がある
INFO:最終チェックのグリフ 'uni701E' に交差がある
INFO:最終チェックのグリフ 'uni7027' に交差がある
INFO:最終チェックのグリフ 'uni7030' に交差がある
INFO:最終チェックのグリフ 'uni703A' に交差がある
INFO:最終チェックのグリフ 'uni703C' に交差がある
INFO:最終チェックのグリフ 'uni703E' に交差がある
INFO:最終チェックのグリフ 'uni7051' に交差がある
INFO:最終チェックのグリフ 'uni7054' の参照が不正
INFO:最終チェックのグリフ 'uni7058' に交差がある
INFO:最終チェックのグリフ 'uni705D' に交差がある
INFO:最終チェックのグリフ 'uni705E' に交差がある
INFO:最終チェックのグリフ 'uni7064' に交差がある
INFO:最終チェックのグリフ 'uni707C' に交差がある
INFO:最終チェックのグリフ 'uni7086' に交差がある
INFO:最終チェックのグリフ 'uni709F' に交差がある
INFO:最終チェックのグリフ 'uni70A4' に交差がある
INFO:最終チェックのグリフ 'uni70AC' に交差がある
INFO:最終チェックのグリフ 'uni70AF' に交差がある
INFO:最終チェックのグリフ 'uni70B3' に交差がある
INFO:最終チェックのグリフ 'uni70BA' に交差がある
INFO:最終チェックのグリフ 'uni70BB' に交差がある
INFO:最終チェックのグリフ 'uni70CA' に交差がある
INFO:最終チェックのグリフ 'uni70CF' に交差がある
INFO:最終チェックのグリフ 'uni70D1' に交差がある
INFO:最終チェックのグリフ 'uni70D4' に交差がある
INFO:最終チェックのグリフ 'uni70D8' に交差がある
INFO:最終チェックのグリフ 'uni70D9' に交差がある
INFO:最終チェックのグリフ 'uni70DC' に交差がある
INFO:最終チェックのグリフ 'uni70DF' に交差がある
INFO:最終チェックのグリフ 'uni70E4' に交差がある
INFO:最終チェックのグリフ 'uni70EC' に交差がある
INFO:最終チェックのグリフ 'uni70F1' に交差がある
INFO:最終チェックのグリフ 'uni7106' に交差がある
INFO:最終チェックのグリフ 'uni7107' に交差がある
INFO:最終チェックのグリフ 'uni710C' に交差がある
INFO:最終チェックのグリフ 'uni7119' に交差がある
INFO:最終チェックのグリフ 'uni711C' に交差がある
INFO:最終チェックのグリフ 'uni711E' に交差がある
INFO:最終チェックのグリフ 'uni7120' に交差がある
INFO:最終チェックのグリフ 'uni712F' に交差がある
INFO:最終チェックのグリフ 'uni7146' に交差がある
INFO:最終チェックのグリフ 'uni7150' に交差がある
INFO:最終チェックのグリフ 'uni7152' に交差がある
INFO:最終チェックのグリフ 'uni7153' に交差がある
INFO:最終チェックのグリフ 'uni7168' に交差がある
INFO:最終チェックのグリフ 'uni716C' に交差がある
INFO:最終チェックのグリフ 'uni717D' に交差がある
INFO:最終チェックのグリフ 'uni7180' に交差がある
INFO:最終チェックのグリフ 'uni7184' に交差がある
INFO:最終チェックのグリフ 'uni7194' に交差がある
INFO:最終チェックのグリフ 'uni719B' に交差がある
INFO:最終チェックのグリフ 'uni71BE' に交差がある
INFO:最終チェックのグリフ 'uni71C8' に交差がある
INFO:最終チェックのグリフ 'uni71D2' に交差がある
INFO:最終チェックのグリフ 'uni71D4' に交差がある
INFO:最終チェックのグリフ 'uni71DC' に交差がある
INFO:最終チェックのグリフ 'uni71E0' に交差がある
INFO:最終チェックのグリフ 'uni71E5' に交差がある
INFO:最終チェックのグリフ 'uni71E6' に交差がある
INFO:最終チェックのグリフ 'uni71ED' に交差がある
INFO:最終チェックのグリフ 'uni71FB' に交差がある
INFO:最終チェックのグリフ 'uni7206' に交差がある
INFO:最終チェックのグリフ 'uni720D' に交差がある
INFO:最終チェックのグリフ 'uni7210' に交差がある
INFO:最終チェックのグリフ 'uni722D' に交差がある
INFO:最終チェックのグリフ 'uni7232' に交差がある
INFO:最終チェックのグリフ 'uni723E' に交差がある
INFO:最終チェックのグリフ 'uni7255' に交差がある
INFO:最終チェックのグリフ 'uni7263' に交差がある
INFO:最終チェックのグリフ 'uni7269' に交差がある
INFO:最終チェックのグリフ 'uni7278' に交差がある
INFO:最終チェックのグリフ 'uni7292' に交差がある
INFO:最終チェックのグリフ 'uni72A0' に交差がある
INFO:最終チェックのグリフ 'uni72D7' に交差がある
INFO:最終チェックのグリフ 'uni72D9' に交差がある
INFO:最終チェックのグリフ 'uni72F3' に交差がある
INFO:最終チェックのグリフ 'uni72F7' に交差がある
INFO:最終チェックのグリフ 'uni72F8' に交差がある
INFO:最終チェックのグリフ 'uni730A' に交差がある
INFO:最終チェックのグリフ 'uni7317' に交差がある
INFO:最終チェックのグリフ 'uni7318' に交差がある
INFO:最終チェックのグリフ 'uni731C' に交差がある
INFO:最終チェックのグリフ 'uni7325' に交差がある
INFO:最終チェックのグリフ 'uni7327' に交差がある
INFO:最終チェックのグリフ 'uni732C' に交差がある
INFO:最終チェックのグリフ 'uni7331' に交差がある
INFO:最終チェックのグリフ 'uni733F' に交差がある
INFO:最終チェックのグリフ 'uni736B' に交差がある
INFO:最終チェックのグリフ 'uni736C' に交差がある
INFO:最終チェックのグリフ 'uni736E' に交差がある
INFO:最終チェックのグリフ 'uni7372' に交差がある
INFO:最終チェックのグリフ 'uni737C' に交差がある
INFO:最終チェックのグリフ 'uni73CA' に交差がある
INFO:最終チェックのグリフ 'uni73DE' に交差がある
INFO:最終チェックのグリフ 'uni73E0' に交差がある
INFO:最終チェックのグリフ 'uni73E3' に交差がある
INFO:最終チェックのグリフ 'uni73E9' に交差がある
INFO:最終チェックのグリフ 'uni7403' に交差がある
INFO:最終チェックのグリフ 'uni741B' に交差がある
INFO:最終チェックのグリフ 'uni7422' に交差がある
INFO:最終チェックのグリフ 'uni7424' に交差がある
INFO:最終チェックのグリフ 'uni742E' に交差がある
INFO:最終チェックのグリフ 'uni743A' に交差がある
INFO:最終チェックのグリフ 'uni7440' に交差がある
INFO:最終チェックのグリフ 'uni745A' に交差がある
INFO:最終チェックのグリフ 'uni745E' に交差がある
INFO:最終チェックのグリフ 'uni746A' に交差がある
INFO:最終チェックのグリフ 'uni7481' に交差がある
INFO:最終チェックのグリフ 'uni7483' に交差がある
INFO:最終チェックのグリフ 'uni7487' に交差がある
INFO:最終チェックのグリフ 'uni7488' に交差がある
INFO:最終チェックのグリフ 'uni7490' に交差がある
INFO:最終チェックのグリフ 'uni7497' に交差がある
INFO:最終チェックのグリフ 'uni749F' に交差がある
INFO:最終チェックのグリフ 'uni74A8' に交差がある
INFO:最終チェックのグリフ 'uni74A9' に交差がある
INFO:最終チェックのグリフ 'uni74B0' に交差がある
INFO:最終チェックのグリフ 'uni74B9' に交差がある
INFO:最終チェックのグリフ 'uni74BD' に交差がある
INFO:最終チェックのグリフ 'uni74C8' に交差がある
INFO:最終チェックのグリフ 'uni74CF' に交差がある
INFO:最終チェックのグリフ 'uni74E2' に交差がある
INFO:最終チェックのグリフ 'uni74EB' に交差がある
INFO:最終チェックのグリフ 'uni750E' に交差がある
INFO:最終チェックのグリフ 'uni7513' に交差がある
INFO:最終チェックのグリフ 'uni7538' に交差がある
INFO:最終チェックのグリフ 'uni753A' に交差がある
INFO:最終チェックのグリフ 'uni7551' に交差がある
INFO:最終チェックのグリフ 'uni7564' に交差がある
INFO:最終チェックのグリフ 'uni7574' に交差がある
INFO:最終チェックのグリフ 'uni7578' に交差がある
INFO:最終チェックのグリフ 'uni7582' に交差がある
INFO:最終チェックのグリフ 'uni7587' に交差がある
INFO:最終チェックのグリフ 'uni758A' に交差がある
INFO:最終チェックのグリフ 'uni758E' に交差がある
INFO:最終チェックのグリフ 'uni7594' に交差がある
INFO:最終チェックのグリフ 'uni75CF' に交差がある
INFO:最終チェックのグリフ 'uni75D4' に交差がある
INFO:最終チェックのグリフ 'uni75E2' に交差がある
INFO:最終チェックのグリフ 'uni75E3' に交差がある
INFO:最終チェックのグリフ 'uni75EC' に交差がある
INFO:最終チェックのグリフ 'uni75F2' に交差がある
INFO:最終チェックのグリフ 'uni75F3' に交差がある
INFO:最終チェックのグリフ 'uni75FE' に交差がある
INFO:最終チェックのグリフ 'uni7607' に交差がある
INFO:最終チェックのグリフ 'uni761B' に交差がある
INFO:最終チェックのグリフ 'uni761C' に交差がある
INFO:最終チェックのグリフ 'uni7620' に交差がある
INFO:最終チェックのグリフ 'uni7643' に交差がある
INFO:最終チェックのグリフ 'uni764B' に交差がある
INFO:最終チェックのグリフ 'uni7652' に交差がある
INFO:最終チェックのグリフ 'uni7656' に交差がある
INFO:最終チェックのグリフ 'uni7658' に交差がある
INFO:最終チェックのグリフ 'uni765C' に交差がある
INFO:最終チェックのグリフ 'uni7669' に交差がある
INFO:最終チェックのグリフ 'uni766D' に交差がある
INFO:最終チェックのグリフ 'uni766E' に交差がある
INFO:最終チェックのグリフ 'uni766F' に交差がある
INFO:最終チェックのグリフ 'uni767C' に交差がある
INFO:最終チェックのグリフ 'uni769C' に交差がある
INFO:最終チェックのグリフ 'uni76AF' に交差がある
INFO:最終チェックのグリフ 'uni76B9' に交差がある
INFO:最終チェックのグリフ 'uni76BA' に交差がある
INFO:最終チェックのグリフ 'uni76E5' に交差がある
INFO:最終チェックのグリフ 'uni76F1' に交差がある
INFO:最終チェックのグリフ 'uni7717' に交差がある
INFO:最終チェックのグリフ 'uni775B' に交差がある
INFO:最終チェックのグリフ 'uni777E' に交差がある
INFO:最終チェックのグリフ 'uni77AD' に交差がある
INFO:最終チェックのグリフ 'uni77C7' に交差がある
INFO:最終チェックのグリフ 'uni77D7' に交差がある
INFO:最終チェックのグリフ 'uni77DF' に交差がある
INFO:最終チェックのグリフ 'uni77E5' に交差がある
INFO:最終チェックのグリフ 'uni77E7' に交差がある
INFO:最終チェックのグリフ 'uni77EA' に交差がある
INFO:最終チェックのグリフ 'uni77EC' に交差がある
INFO:最終チェックのグリフ 'uni77ED' に交差がある
INFO:最終チェックのグリフ 'uni77EF' に交差がある
INFO:最終チェックのグリフ 'uni7805' に交差がある
INFO:最終チェックのグリフ 'uni7843' に交差がある
INFO:最終チェックのグリフ 'uni786E' に交差がある
INFO:最終チェックのグリフ 'uni787A' に交差がある
INFO:最終チェックのグリフ 'uni787C' に交差がある
INFO:最終チェックのグリフ 'uni788C' に交差がある
INFO:最終チェックのグリフ 'uni788D' に交差がある
INFO:最終チェックのグリフ 'uni78AD' に交差がある
INFO:最終チェックのグリフ 'uni78BC' に交差がある
INFO:最終チェックのグリフ 'uni78C1' に交差がある
INFO:最終チェックのグリフ 'uni78CA' に交差がある
INFO:最終チェックのグリフ 'uni78D4' に交差がある
INFO:最終チェックのグリフ 'uni78E6' に交差がある
INFO:最終チェックのグリフ 'uni78F2' に交差がある
INFO:最終チェックのグリフ 'uni7912' に交差がある
INFO:最終チェックのグリフ 'uni792A' に交差がある
INFO:最終チェックのグリフ 'uni792B' に交差がある
INFO:最終チェックのグリフ 'uni793A' に交差がある
INFO:最終チェックのグリフ 'uni794A' に交差がある
INFO:最終チェックのグリフ 'uni7958' に交差がある
INFO:最終チェックのグリフ 'uni7962' に交差がある
INFO:最終チェックのグリフ 'uni7977' に交差がある
INFO:最終チェックのグリフ 'uni7979' に交差がある
INFO:最終チェックのグリフ 'uni797F' に交差がある
INFO:最終チェックのグリフ 'uni7984' に交差がある
INFO:最終チェックのグリフ 'uni798D' に交差がある
INFO:最終チェックのグリフ 'uni7996' に交差がある
INFO:最終チェックのグリフ 'uni7998' に交差がある
INFO:最終チェックのグリフ 'uni79A1' に交差がある
INFO:最終チェックのグリフ 'uni79A6' に交差がある
INFO:最終チェックのグリフ 'uni79B0' に交差がある
INFO:最終チェックのグリフ 'uni79B1' に交差がある
INFO:最終チェックのグリフ 'uni79B3' に交差がある
INFO:最終チェックのグリフ 'uni79B9' に交差がある
INFO:最終チェックのグリフ 'uni79BB' に交差がある
INFO:最終チェックのグリフ 'uni79BD' に交差がある
INFO:最終チェックのグリフ 'uni79DF' に交差がある
INFO:最終チェックのグリフ 'uni79EB' に交差がある
INFO:最終チェックのグリフ 'uni7A0D' に交差がある
INFO:最終チェックのグリフ 'uni7A14' に交差がある
INFO:最終チェックのグリフ 'uni7A1E' に交差がある
INFO:最終チェックのグリフ 'uni7A31' に交差がある
INFO:最終チェックのグリフ 'uni7A38' に交差がある
INFO:最終チェックのグリフ 'uni7A3C' に交差がある
INFO:最終チェックのグリフ 'uni7A3D' に交差がある
INFO:最終チェックのグリフ 'uni7A40' に交差がある
INFO:最終チェックのグリフ 'uni7A42' に交差がある
INFO:最終チェックのグリフ 'uni7A47' に交差がある
INFO:最終チェックのグリフ 'uni7A49' に交差がある
INFO:最終チェックのグリフ 'uni7A57' に交差がある
INFO:最終チェックのグリフ 'uni7A6A' に交差がある
INFO:最終チェックのグリフ 'uni7A81' に交差がある
INFO:最終チェックのグリフ 'uni7A85' に交差がある
INFO:最終チェックのグリフ 'uni7A88' に交差がある
INFO:最終チェックのグリフ 'uni7A93' に交差がある
INFO:最終チェックのグリフ 'uni7AAC' に交差がある
INFO:最終チェックのグリフ 'uni7ABA' に交差がある
INFO:最終チェックのグリフ 'uni7ABE' に交差がある
INFO:最終チェックのグリフ 'uni7AC4' に交差がある
INFO:最終チェックのグリフ 'uni7AD9' に交差がある
INFO:最終チェックのグリフ 'uni7ADA' に交差がある
INFO:最終チェックのグリフ 'uni7AE6' に交差がある
INFO:最終チェックのグリフ 'uni7AF4' に交差がある
INFO:最終チェックのグリフ 'uni7B02' に交差がある
INFO:最終チェックのグリフ 'uni7B06' に交差がある
INFO:最終チェックのグリフ 'uni7B26' に交差がある
INFO:最終チェックのグリフ 'uni7B49' に交差がある
INFO:最終チェックのグリフ 'uni7B4B' に交差がある
INFO:最終チェックのグリフ 'uni7B60' に交差がある
INFO:最終チェックのグリフ 'uni7B66' に交差がある
INFO:最終チェックのグリフ 'uni7B6F' に交差がある
INFO:最終チェックのグリフ 'uni7B75' に交差がある
INFO:最終チェックのグリフ 'uni7B9B' に交差がある
INFO:最終チェックのグリフ 'uni7BAD' に交差がある
INFO:最終チェックのグリフ 'uni7BC6' に交差がある
INFO:最終チェックのグリフ 'uni7BC7' に交差がある
INFO:最終チェックのグリフ 'uni7BCA' の参照が不正
INFO:最終チェックのグリフ 'uni7BCB' に交差がある
INFO:最終チェックのグリフ 'uni7BCC' に交差がある
INFO:最終チェックのグリフ 'uni7BDD' に交差がある
INFO:最終チェックのグリフ 'uni7BE4' に交差がある
INFO:最終チェックのグリフ 'uni7BE9' に交差がある
INFO:最終チェックのグリフ 'uni7BED' に交差がある
INFO:最終チェックのグリフ 'uni7BF7' の参照が不正
INFO:最終チェックのグリフ 'uni7C07' に交差がある
INFO:最終チェックのグリフ 'uni7C1F' に交差がある
INFO:最終チェックのグリフ 'uni7C26' に交差がある
INFO:最終チェックのグリフ 'uni7C27' に交差がある
INFO:最終チェックのグリフ 'uni7C4A' に交差がある
INFO:最終チェックのグリフ 'uni7C50' に交差がある
INFO:最終チェックのグリフ 'uni7C51' に交差がある
INFO:最終チェックのグリフ 'uni7C59' の参照が不正
INFO:最終チェックのグリフ 'uni7C60' に交差がある
INFO:最終チェックのグリフ 'uni7C65' に交差がある
INFO:最終チェックのグリフ 'uni7C6C' に交差がある
INFO:最終チェックのグリフ 'uni7C6E' に交差がある
INFO:最終チェックのグリフ 'uni7C6F' に交差がある
INFO:最終チェックのグリフ 'uni7C7E' に交差がある
INFO:最終チェックのグリフ 'uni7C83' に交差がある
INFO:最終チェックのグリフ 'uni7C9B' に交差がある
INFO:最終チェックのグリフ 'uni7CA5' に交差がある
INFO:最終チェックのグリフ 'uni7CAB' に交差がある
INFO:最終チェックのグリフ 'uni7CB6' に交差がある
INFO:最終チェックのグリフ 'uni7CB7' に交差がある
INFO:最終チェックのグリフ 'uni7CBD' に交差がある
INFO:最終チェックのグリフ 'uni7CBF' に交差がある
INFO:最終チェックのグリフ 'uni7CC5' に交差がある
INFO:最終チェックのグリフ 'uni7CC8' に交差がある
INFO:最終チェックのグリフ 'uni7CD2' に交差がある
INFO:最終チェックのグリフ 'uni7CD8' に交差がある
INFO:最終チェックのグリフ 'uni7CDF' に交差がある
INFO:最終チェックのグリフ 'uni7CE7' に交差がある
INFO:最終チェックのグリフ 'uni7CEB' に交差がある
INFO:最終チェックのグリフ 'uni7CEF' に交差がある
INFO:最終チェックのグリフ 'uni7CF4' に交差がある
INFO:最終チェックのグリフ 'uni7CF8' に交差がある
INFO:最終チェックのグリフ 'uni7CFB' に交差がある
INFO:最終チェックのグリフ 'uni7CFE' に交差がある
INFO:最終チェックのグリフ 'uni7D00' に交差がある
INFO:最終チェックのグリフ 'uni7D02' に交差がある
INFO:最終チェックのグリフ 'uni7D06' に交差がある
INFO:最終チェックのグリフ 'uni7D13' に交差がある
INFO:最終チェックのグリフ 'uni7D1B' に交差がある
INFO:最終チェックのグリフ 'uni7D21' に交差がある
INFO:最終チェックのグリフ 'uni7D5B' の参照が不正
INFO:最終チェックのグリフ 'uni7D61' に交差がある
INFO:最終チェックのグリフ 'uni7D68' に交差がある
INFO:最終チェックのグリフ 'uni7D6E' に交差がある
INFO:最終チェックのグリフ 'uni7D72' に交差がある
INFO:最終チェックのグリフ 'uni7D7F' に交差がある
INFO:最終チェックのグリフ 'uni7D9B' に交差がある
INFO:最終チェックのグリフ 'uni7D9C' に交差がある
INFO:最終チェックのグリフ 'uni7DA0' に交差がある
INFO:最終チェックのグリフ 'uni7DA2' に交差がある
INFO:最終チェックのグリフ 'uni7DAA' に交差がある
INFO:最終チェックのグリフ 'uni7DAB' に交差がある
INFO:最終チェックのグリフ 'uni7DAF' に交差がある
INFO:最終チェックのグリフ 'uni7DB1' に交差がある
INFO:最終チェックのグリフ 'uni7DB2' に交差がある
INFO:最終チェックのグリフ 'uni7DB4' に交差がある
INFO:最終チェックのグリフ 'uni7DB6' に交差がある
INFO:最終チェックのグリフ 'uni7DB8' に交差がある
INFO:最終チェックのグリフ 'uni7DBA' に交差がある
INFO:最終チェックのグリフ 'uni7DBB' に交差がある
INFO:最終チェックのグリフ 'uni7DBF' の参照が不正
INFO:最終チェックのグリフ 'uni7DCF' に交差がある
INFO:最終チェックのグリフ 'uni7DD5' の参照が不正
INFO:最終チェックのグリフ 'uni7DD6' の参照が不正
INFO:最終チェックのグリフ 'uni7DDA' に交差がある
INFO:最終チェックのグリフ 'uni7DDC' に交差がある
INFO:最終チェックのグリフ 'uni7DE0' に交差がある
INFO:最終チェックのグリフ 'uni7DE3' に交差がある
INFO:最終チェックのグリフ 'uni7DE4' に交差がある
INFO:最終チェックのグリフ 'uni7DE6' に交差がある
INFO:最終チェックのグリフ 'uni7E01' に交差がある
INFO:最終チェックのグリフ 'uni7E10' に交差がある
INFO:最終チェックのグリフ 'uni7E11' に交差がある
INFO:最終チェックのグリフ 'uni7E1B' に交差がある
INFO:最終チェックのグリフ 'uni7E1F' に交差がある
INFO:最終チェックのグリフ 'uni7E23' に交差がある
INFO:最終チェックのグリフ 'uni7E27' に交差がある
INFO:最終チェックのグリフ 'uni7E2C' に交差がある
INFO:最終チェックのグリフ 'uni7E39' に交差がある
INFO:最終チェックのグリフ 'uni7E3D' に交差がある
INFO:最終チェックのグリフ 'uni7E41' に交差がある
INFO:最終チェックのグリフ 'uni7E43' に交差がある
INFO:最終チェックのグリフ 'uni7E47' に交差がある
INFO:最終チェックのグリフ 'uni7E4D' に交差がある
INFO:最終チェックのグリフ 'uni7E54' に交差がある
INFO:最終チェックのグリフ 'uni7E56' に交差がある
INFO:最終チェックのグリフ 'uni7E66' に交差がある
INFO:最終チェックのグリフ 'uni7E6D' に交差がある
INFO:最終チェックのグリフ 'uni7E70' に交差がある
INFO:最終チェックのグリフ 'uni7E7B' に交差がある
INFO:最終チェックのグリフ 'uni7E89' の参照が不正
INFO:最終チェックのグリフ 'uni7E90' に交差がある
INFO:最終チェックのグリフ 'uni7E92' に交差がある
INFO:最終チェックのグリフ 'uni7E94' に交差がある
INFO:最終チェックのグリフ 'uni7E96' に交差がある
INFO:最終チェックのグリフ 'uni7E9B' に交差がある
INFO:最終チェックのグリフ 'uni7F45' に交差がある
INFO:最終チェックのグリフ 'uni7F47' に交差がある
INFO:最終チェックのグリフ 'uni7F4F' に交差がある
INFO:最終チェックのグリフ 'uni7F67' に交差がある
INFO:最終チェックのグリフ 'uni7F70' に交差がある
INFO:最終チェックのグリフ 'uni7F75' に交差がある
INFO:最終チェックのグリフ 'uni7F82' に交差がある
INFO:最終チェックのグリフ 'uni7F83' に交差がある
INFO:最終チェックのグリフ 'uni7F85' に交差がある
INFO:最終チェックのグリフ 'uni7F9C' に交差がある
INFO:最終チェックのグリフ 'uni7FB2' に交差がある
INFO:最終チェックのグリフ 'uni7FB9' に交差がある
INFO:最終チェックのグリフ 'uni7FBD' に交差がある
INFO:最終チェックのグリフ 'uni7FC1' に交差がある
INFO:最終チェックのグリフ 'uni7FDB' に交差がある
INFO:最終チェックのグリフ 'uni7FE1' に交差がある
INFO:最終チェックのグリフ 'uni7FE6' に交差がある
INFO:最終チェックのグリフ 'uni7FEC' に交差がある
INFO:最終チェックのグリフ 'uni7FEE' に交差がある
INFO:最終チェックのグリフ 'uni7FF2' に交差がある
INFO:最終チェックのグリフ 'uni7FFA' に交差がある
INFO:最終チェックのグリフ 'uni7FFC' に交差がある
INFO:最終チェックのグリフ 'uni8003' に交差がある
INFO:最終チェックのグリフ 'uni8010' に交差がある
INFO:最終チェックのグリフ 'uni8012' に交差がある
INFO:最終チェックのグリフ 'uni8018' に交差がある
INFO:最終チェックのグリフ 'uni8021' に交差がある
INFO:最終チェックのグリフ 'uni8024' に交差がある
INFO:最終チェックのグリフ 'uni8026' に交差がある
INFO:最終チェックのグリフ 'uni8028' に交差がある
INFO:最終チェックのグリフ 'uni802C' に交差がある
INFO:最終チェックのグリフ 'uni8030' に交差がある
INFO:最終チェックのグリフ 'uni8033' に交差がある
INFO:最終チェックのグリフ 'uni803C' に交差がある
INFO:最終チェックのグリフ 'uni8058' に交差がある
INFO:最終チェックのグリフ 'uni8061' に交差がある
INFO:最終チェックのグリフ 'uni8066' に交差がある
INFO:最終チェックのグリフ 'uni8070' に交差がある
INFO:最終チェックのグリフ 'uni8073' に交差がある
INFO:最終チェックのグリフ 'uni8074' に交差がある
INFO:最終チェックのグリフ 'uni807D' に交差がある
INFO:最終チェックのグリフ 'uni8089' に交差がある
INFO:最終チェックのグリフ 'uni8096' に交差がある
INFO:最終チェックのグリフ 'uni8098' に交差がある
INFO:最終チェックのグリフ 'uni80AA' に交差がある
INFO:最終チェックのグリフ 'uni80AF' に交差がある
INFO:最終チェックのグリフ 'uni80B4' に交差がある
INFO:最終チェックのグリフ 'uni80C3' に交差がある
INFO:最終チェックのグリフ 'uni80DE' に交差がある
INFO:最終チェックのグリフ 'uni80E1' に交差がある
INFO:最終チェックのグリフ 'uni8107' に交差がある
INFO:最終チェックのグリフ 'uni8109' に交差がある
INFO:最終チェックのグリフ 'uni8127' に交差がある
INFO:最終チェックのグリフ 'uni812F' に交差がある
INFO:最終チェックのグリフ 'uni814E' に交差がある
INFO:最終チェックのグリフ 'uni8155' に交差がある
INFO:最終チェックのグリフ 'uni815F' に交差がある
INFO:最終チェックのグリフ 'uni8169' に交差がある
INFO:最終チェックのグリフ 'uni816E' に交差がある
INFO:最終チェックのグリフ 'uni8178' に交差がある
INFO:最終チェックのグリフ 'uni8180' に交差がある
INFO:最終チェックのグリフ 'uni8181' に交差がある
INFO:最終チェックのグリフ 'uni8193' に交差がある
INFO:最終チェックのグリフ 'uni8198' に交差がある
INFO:最終チェックのグリフ 'uni819D' に交差がある
INFO:最終チェックのグリフ 'uni81B8' に交差がある
INFO:最終チェックのグリフ 'uni81C6' に交差がある
INFO:最終チェックのグリフ 'uni81C9' に交差がある
INFO:最終チェックのグリフ 'uni81CA' に交差がある
INFO:最終チェックのグリフ 'uni81CF' に交差がある
INFO:最終チェックのグリフ 'uni81D7' に交差がある
INFO:最終チェックのグリフ 'uni81D8' に交差がある
INFO:最終チェックのグリフ 'uni81E0' に交差がある
INFO:最終チェックのグリフ 'uni81E7' に交差がある
INFO:最終チェックのグリフ 'uni8216' に交差がある
INFO:最終チェックのグリフ 'uni821F' に交差がある
INFO:最終チェックのグリフ 'uni8229' に交差がある
INFO:最終チェックのグリフ 'uni822B' に交差がある
INFO:最終チェックのグリフ 'uni8233' に交差がある
INFO:最終チェックのグリフ 'uni8236' に交差がある
INFO:最終チェックのグリフ 'uni8238' に交差がある
INFO:最終チェックのグリフ 'uni8240' に交差がある
INFO:最終チェックのグリフ 'uni8245' に交差がある
INFO:最終チェックのグリフ 'uni8249' に交差がある
INFO:最終チェックのグリフ 'uni8257' に交差がある
INFO:最終チェックのグリフ 'uni825D' に交差がある
INFO:最終チェックのグリフ 'uni8260' に交差がある
INFO:最終チェックのグリフ 'uni8266' に交差がある
INFO:最終チェックのグリフ 'uni8268' に交差がある
INFO:最終チェックのグリフ 'uni826B' に交差がある
INFO:最終チェックのグリフ 'uni8277' に交差がある
INFO:最終チェックのグリフ 'uni82B4' に交差がある
INFO:最終チェックのグリフ 'uni82BB' に交差がある
INFO:最終チェックのグリフ 'uni82BD' に交差がある
INFO:最終チェックのグリフ 'uni82BF' に交差がある
INFO:最終チェックのグリフ 'uni82C5' に交差がある
INFO:最終チェックのグリフ 'uni82D1' に交差がある
INFO:最終チェックのグリフ 'uni82D2' に交差がある
INFO:最終チェックのグリフ 'uni82DB' に交差がある
INFO:最終チェックのグリフ 'uni82DF' に交差がある
INFO:最終チェックのグリフ 'uni82FA' に交差がある
INFO:最終チェックのグリフ 'uni82FB' に交差がある
INFO:最終チェックのグリフ 'uni8305' に交差がある
INFO:最終チェックのグリフ 'uni8309' に交差がある
INFO:最終チェックのグリフ 'uni8318' に交差がある
INFO:最終チェックのグリフ 'uni8322' に交差がある
INFO:最終チェックのグリフ 'uni8331' に交差がある
INFO:最終チェックのグリフ 'uni8332' に交差がある
INFO:最終チェックのグリフ 'uni8336' に交差がある
INFO:最終チェックのグリフ 'uni8346' に交差がある
INFO:最終チェックのグリフ 'uni834A' に交差がある
INFO:最終チェックのグリフ 'uni8354' に交差がある
INFO:最終チェックのグリフ 'uni8355' に交差がある
INFO:最終チェックのグリフ 'uni8357' に交差がある
INFO:最終チェックのグリフ 'uni8362' に交差がある
INFO:最終チェックのグリフ 'uni8363' に交差がある
INFO:最終チェックのグリフ 'uni8375' に交差がある
INFO:最終チェックのグリフ 'uni8387' に交差がある
INFO:最終チェックのグリフ 'uni8389' に交差がある
INFO:最終チェックのグリフ 'uni838D' に交差がある
INFO:最終チェックのグリフ 'uni83A0' に交差がある
INFO:最終チェックのグリフ 'uni83B1' に交差がある
INFO:最終チェックのグリフ 'uni83CA' に交差がある
INFO:最終チェックのグリフ 'uni83D4' に交差がある
INFO:最終チェックのグリフ 'uni83DF' に交差がある
INFO:最終チェックのグリフ 'uni83FB' に交差がある
INFO:最終チェックのグリフ 'uni83FD' に交差がある
INFO:最終チェックのグリフ 'uni8404' に交差がある
INFO:最終チェックのグリフ 'uni843C' に交差がある
INFO:最終チェックのグリフ 'uni8452' に交差がある
INFO:最終チェックのグリフ 'uni8461' に交差がある
INFO:最終チェックのグリフ 'uni8465' に交差がある
INFO:最終チェックのグリフ 'uni846B' に交差がある
INFO:最終チェックのグリフ 'uni848B' に交差がある
INFO:最終チェックのグリフ 'uni8494' に交差がある
INFO:最終チェックのグリフ 'uni8499' に交差がある
INFO:最終チェックのグリフ 'uni849C' に交差がある
INFO:最終チェックのグリフ 'uni84A1' に交差がある
INFO:最終チェックのグリフ 'uni84AD' に交差がある
INFO:最終チェックのグリフ 'uni84AF' に交差がある
INFO:最終チェックのグリフ 'uni84B2' に交差がある
INFO:最終チェックのグリフ 'uni84BB' に交差がある
INFO:最終チェックのグリフ 'uni84C0' に交差がある
INFO:最終チェックのグリフ 'uni84CA' に交差がある
INFO:最終チェックのグリフ 'uni84D6' に交差がある
INFO:最終チェックのグリフ 'uni84F4' に交差がある
INFO:最終チェックのグリフ 'uni8514' に交差がある
INFO:最終チェックのグリフ 'uni851A' に交差がある
INFO:最終チェックのグリフ 'uni851F' に交差がある
INFO:最終チェックのグリフ 'uni8523' に交差がある
INFO:最終チェックのグリフ 'uni8526' に交差がある
INFO:最終チェックのグリフ 'uni852B' に交差がある
INFO:最終チェックのグリフ 'uni8532' に交差がある
INFO:最終チェックのグリフ 'uni853D' に交差がある
INFO:最終チェックのグリフ 'uni853E' に交差がある
INFO:最終チェックのグリフ 'uni8540' に交差がある
INFO:最終チェックのグリフ 'uni8541' に交差がある
INFO:最終チェックのグリフ 'uni8549' に交差がある
INFO:最終チェックのグリフ 'uni854A' に交差がある
INFO:最終チェックのグリフ 'uni8551' に交差がある
INFO:最終チェックのグリフ 'uni8553' に交差がある
INFO:最終チェックのグリフ 'uni8564' に交差がある
INFO:最終チェックのグリフ 'uni857F' に交差がある
INFO:最終チェックのグリフ 'uni8587' に交差がある
INFO:最終チェックのグリフ 'uni858F' に交差がある
INFO:最終チェックのグリフ 'uni859D' の参照が不正
INFO:最終チェックのグリフ 'uni85A6' に交差がある
INFO:最終チェックのグリフ 'uni85A9' に交差がある
INFO:最終チェックのグリフ 'uni85AA' に交差がある
INFO:最終チェックのグリフ 'uni85C9' に交差がある
INFO:最終チェックのグリフ 'uni85D5' に交差がある
INFO:最終チェックのグリフ 'uni85D8' に交差がある
INFO:最終チェックのグリフ 'uni85E4' に交差がある
INFO:最終チェックのグリフ 'uni8605' に交差がある
INFO:最終チェックのグリフ 'uni8607' に交差がある
INFO:最終チェックのグリフ 'uni860A' に交差がある
INFO:最終チェックのグリフ 'uni8613' に交差がある
INFO:最終チェックのグリフ 'uni8624' に交差がある
INFO:最終チェックのグリフ 'uni8627' に交差がある
INFO:最終チェックのグリフ 'uni8629' に交差がある
INFO:最終チェックのグリフ 'uni8640' に交差がある
INFO:最終チェックのグリフ 'uni8656' に交差がある
INFO:最終チェックのグリフ 'uni8662' に交差がある
INFO:最終チェックのグリフ 'uni868D' に交差がある
INFO:最終チェックのグリフ 'uni8691' に交差がある
INFO:最終チェックのグリフ 'uni869C' に交差がある
INFO:最終チェックのグリフ 'uni86A3' に交差がある
INFO:最終チェックのグリフ 'uni86A8' に交差がある
INFO:最終チェックのグリフ 'uni86A9' に交差がある
INFO:最終チェックのグリフ 'uni86B3' に交差がある
INFO:最終チェックのグリフ 'uni86CE' に交差がある
INFO:最終チェックのグリフ 'uni86DB' に交差がある
INFO:最終チェックのグリフ 'uni86DF' に交差がある
INFO:最終チェックのグリフ 'uni86ED' に交差がある
INFO:最終チェックのグリフ 'uni86EE' に交差がある
INFO:最終チェックのグリフ 'uni86F8' に交差がある
INFO:最終チェックのグリフ 'uni86FA' に交差がある
INFO:最終チェックのグリフ 'uni86FB' に交差がある
INFO:最終チェックのグリフ 'uni86FD' に交差がある
INFO:最終チェックのグリフ 'uni8705' に交差がある
INFO:最終チェックのグリフ 'uni8706' に交差がある
INFO:最終チェックのグリフ 'uni8709' に交差がある
INFO:最終チェックのグリフ 'uni870A' に交差がある
INFO:最終チェックのグリフ 'uni870D' に交差がある
INFO:最終チェックのグリフ 'uni870E' に交差がある
INFO:最終チェックのグリフ 'uni8710' に交差がある
INFO:最終チェックのグリフ 'uni8712' に交差がある
INFO:最終チェックのグリフ 'uni8713' に交差がある
INFO:最終チェックのグリフ 'uni8718' に交差がある
INFO:最終チェックのグリフ 'uni871F' の参照が不正
INFO:最終チェックのグリフ 'uni8729' に交差がある
INFO:最終チェックのグリフ 'uni8734' に交差がある
INFO:最終チェックのグリフ 'uni873A' に交差がある
INFO:最終チェックのグリフ 'uni873B' に交差がある
INFO:最終チェックのグリフ 'uni873F' に交差がある
INFO:最終チェックのグリフ 'uni8740' に交差がある
INFO:最終チェックのグリフ 'uni8743' に交差がある
INFO:最終チェックのグリフ 'uni8753' に交差がある
INFO:最終チェックのグリフ 'uni8757' に交差がある
INFO:最終チェックのグリフ 'uni8758' に交差がある
INFO:最終チェックのグリフ 'uni8759' に交差がある
INFO:最終チェックのグリフ 'uni8763' に交差がある
INFO:最終チェックのグリフ 'uni876A' に交差がある
INFO:最終チェックのグリフ 'uni876E' に交差がある
INFO:最終チェックのグリフ 'uni8774' に交差がある
INFO:最終チェックのグリフ 'uni8776' に交差がある
INFO:最終チェックのグリフ 'uni8778' に交差がある
INFO:最終チェックのグリフ 'uni877C' に交差がある
INFO:最終チェックのグリフ 'uni8782' に交差がある
INFO:最終チェックのグリフ 'uni8788' に交差がある
INFO:最終チェックのグリフ 'uni8789' に交差がある
INFO:最終チェックのグリフ 'uni878D' に交差がある
INFO:最終チェックのグリフ 'uni879F' に交差がある
INFO:最終チェックのグリフ 'uni87A0' に交差がある
INFO:最終チェックのグリフ 'uni87AF' に交差がある
INFO:最終チェックのグリフ 'uni87BA' に交差がある
INFO:最終チェックのグリフ 'uni87BB' に交差がある
INFO:最終チェックのグリフ 'uni87BE' に交差がある
INFO:最終チェックのグリフ 'uni87C6' に交差がある
INFO:最終チェックのグリフ 'uni87CB' に交差がある
INFO:最終チェックのグリフ 'uni87CE' に交差がある
INFO:最終チェックのグリフ 'uni87D2' に交差がある
INFO:最終チェックのグリフ 'uni87DF' に交差がある
INFO:最終チェックのグリフ 'uni87E3' に交差がある
INFO:最終チェックのグリフ 'uni87E5' に交差がある
INFO:最終チェックのグリフ 'uni87E6' に交差がある
INFO:最終チェックのグリフ 'uni87EA' に交差がある
INFO:最終チェックのグリフ 'uni87EF' に交差がある
INFO:最終チェックのグリフ 'uni87F6' に交差がある
INFO:最終チェックのグリフ 'uni87FE' に交差がある
INFO:最終チェックのグリフ 'uni8801' に交差がある
INFO:最終チェックのグリフ 'uni8807' に交差がある
INFO:最終チェックのグリフ 'uni8811' に交差がある
INFO:最終チェックのグリフ 'uni8813' に交差がある
INFO:最終チェックのグリフ 'uni8814' に交差がある
INFO:最終チェックのグリフ 'uni8816' に交差がある
INFO:最終チェックのグリフ 'uni881F' に交差がある
INFO:最終チェックのグリフ 'uni8823' に交差がある
INFO:最終チェックのグリフ 'uni882E' に交差がある
INFO:最終チェックのグリフ 'uni8832' に交差がある
INFO:最終チェックのグリフ 'uni883C' に交差がある
INFO:最終チェックのグリフ 'uni8846' に交差がある
INFO:最終チェックのグリフ 'uni884A' に交差がある
INFO:最終チェックのグリフ 'uni884D' に交差がある
INFO:最終チェックのグリフ 'uni8852' に交差がある
INFO:最終チェックのグリフ 'uni8853' に交差がある
INFO:最終チェックのグリフ 'uni885F' に交差がある
INFO:最終チェックのグリフ 'uni8872' に交差がある
INFO:最終チェックのグリフ 'uni88B4' に交差がある
INFO:最終チェックのグリフ 'uni88BE' に交差がある
INFO:最終チェックのグリフ 'uni88C3' に交差がある
INFO:最終チェックのグリフ 'uni88D1' に交差がある
INFO:最終チェックのグリフ 'uni88D3' に交差がある
INFO:最終チェックのグリフ 'uni88D9' の参照が不正
INFO:最終チェックのグリフ 'uni88F8' に交差がある
INFO:最終チェックのグリフ 'uni88F9' に交差がある
INFO:最終チェックのグリフ 'uni8910' に交差がある
INFO:最終チェックのグリフ 'uni8913' に交差がある
INFO:最終チェックのグリフ 'uni8925' に交差がある
INFO:最終チェックのグリフ 'uni8938' に交差がある
INFO:最終チェックのグリフ 'uni8942' に交差がある
INFO:最終チェックのグリフ 'uni894D' に交差がある
INFO:最終チェックのグリフ 'uni895F' に交差がある
INFO:最終チェックのグリフ 'uni8966' に交差がある
INFO:最終チェックのグリフ 'uni8974' に交差がある
INFO:最終チェックのグリフ 'uni8987' に交差がある
INFO:最終チェックのグリフ 'uni898A' に交差がある
INFO:最終チェックのグリフ 'uni89B0' に交差がある
INFO:最終チェックのグリフ 'uni89D4' に交差がある
INFO:最終チェックのグリフ 'uni89D6' に交差がある
INFO:最終チェックのグリフ 'uni89D8' に交差がある
INFO:最終チェックのグリフ 'uni89DD' に交差がある
INFO:最終チェックのグリフ 'uni89E3' に交差がある
INFO:最終チェックのグリフ 'uni89E6' に交差がある
INFO:最終チェックのグリフ 'uni89E7' に交差がある
INFO:最終チェックのグリフ 'uni89EB' に交差がある
INFO:最終チェックのグリフ 'uni89F4' に交差がある
INFO:最終チェックのグリフ 'uni89F8' に交差がある
INFO:最終チェックのグリフ 'uni89FD' に交差がある
INFO:最終チェックのグリフ 'uni8A0E' に交差がある
INFO:最終チェックのグリフ 'uni8A12' に交差がある
INFO:最終チェックのグリフ 'uni8A2A' に交差がある
INFO:最終チェックのグリフ 'uni8A36' に交差がある
INFO:最終チェックのグリフ 'uni8A5D' に交差がある
INFO:最終チェックのグリフ 'uni8A60' に交差がある
INFO:最終チェックのグリフ 'uni8A62' に交差がある
INFO:最終チェックのグリフ 'uni8A69' に交差がある
INFO:最終チェックのグリフ 'uni8A79' に交差がある
INFO:最終チェックのグリフ 'uni8A84' に交差がある
INFO:最終チェックのグリフ 'uni8A85' に交差がある
INFO:最終チェックのグリフ 'uni8A87' に交差がある
INFO:最終チェックのグリフ 'uni8A8D' に交差がある
INFO:最終チェックのグリフ 'uni8A90' に交差がある
INFO:最終チェックのグリフ 'uni8A98' に交差がある
INFO:最終チェックのグリフ 'uni8AA7' に交差がある
INFO:最終チェックのグリフ 'uni8AA8' に交差がある
INFO:最終チェックのグリフ 'uni8AB2' に交差がある
INFO:最終チェックのグリフ 'uni8ACC' に交差がある
INFO:最終チェックのグリフ 'uni8ACD' に交差がある
INFO:最終チェックのグリフ 'uni8AD2' に交差がある
INFO:最終チェックのグリフ 'uni8AD7' の参照が不正
INFO:最終チェックのグリフ 'uni8AE1' に交差がある
INFO:最終チェックのグリフ 'uni8AE4' に交差がある
INFO:最終チェックのグリフ 'uni8AE6' に交差がある
INFO:最終チェックのグリフ 'uni8AF7' に交差がある
INFO:最終チェックのグリフ 'uni8B00' に交差がある
INFO:最終チェックのグリフ 'uni8B02' に交差がある
INFO:最終チェックのグリフ 'uni8B0C' に交差がある
INFO:最終チェックのグリフ 'uni8B10' に交差がある
INFO:最終チェックのグリフ 'uni8B14' に交差がある
INFO:最終チェックのグリフ 'uni8B19' に交差がある
INFO:最終チェックのグリフ 'uni8B1B' に交差がある
INFO:最終チェックのグリフ 'uni8B1C' に交差がある
INFO:最終チェックのグリフ 'uni8B1D' に交差がある
INFO:最終チェックのグリフ 'uni8B2D' に交差がある
INFO:最終チェックのグリフ 'uni8B43' に交差がある
INFO:最終チェックのグリフ 'uni8B4C' に交差がある
INFO:最終チェックのグリフ 'uni8B51' の参照が不正
INFO:最終チェックのグリフ 'uni8B53' に交差がある
INFO:最終チェックのグリフ 'uni8B5F' に交差がある
INFO:最終チェックのグリフ 'uni8B69' に交差がある
INFO:最終チェックのグリフ 'uni8B71' に交差がある
INFO:最終チェックのグリフ 'uni8B8A' に交差がある
INFO:最終チェックのグリフ 'uni8B8C' に交差がある
INFO:最終チェックのグリフ 'uni8B92' に交差がある
INFO:最終チェックのグリフ 'uni8B94' に交差がある
INFO:最終チェックのグリフ 'uni8B95' に交差がある
INFO:最終チェックのグリフ 'uni8B9C' に交差がある
INFO:最終チェックのグリフ 'uni8B9E' に交差がある
INFO:最終チェックのグリフ 'uni8C39' に交差がある
INFO:最終チェックのグリフ 'uni8C3A' に交差がある
INFO:最終チェックのグリフ 'uni8C45' に交差がある
INFO:最終チェックのグリフ 'uni8C4F' に交差がある
INFO:最終チェックのグリフ 'uni8C55' に交差がある
INFO:最終チェックのグリフ 'uni8C5A' に交差がある
INFO:最終チェックのグリフ 'uni8C61' に交差がある
INFO:最終チェックのグリフ 'uni8C62' に交差がある
INFO:最終チェックのグリフ 'uni8C69' に交差がある
INFO:最終チェックのグリフ 'uni8C6B' に交差がある
INFO:最終チェックのグリフ 'uni8C78' に交差がある
INFO:最終チェックのグリフ 'uni8C79' に交差がある
INFO:最終チェックのグリフ 'uni8C85' に交差がある
INFO:最終チェックのグリフ 'uni8C94' に交差がある
INFO:最終チェックのグリフ 'uni8C9B' に交差がある
INFO:最終チェックのグリフ 'uni8CAC' に交差がある
INFO:最終チェックのグリフ 'uni8CB4' に交差がある
INFO:最終チェックのグリフ 'uni8CD5' に交差がある
INFO:最終チェックのグリフ 'uni8CD6' に交差がある
INFO:最終チェックのグリフ 'uni8CDE' に交差がある
INFO:最終チェックのグリフ 'uni8CE6' に交差がある
INFO:最終チェックのグリフ 'uni8CFA' に交差がある
INFO:最終チェックのグリフ 'uni8CFB' に交差がある
INFO:最終チェックのグリフ 'uni8D0E' に交差がある
INFO:最終チェックのグリフ 'uni8D12' に交差がある
INFO:最終チェックのグリフ 'uni8D81' に交差がある
INFO:最終チェックのグリフ 'uni8DBA' に交差がある
INFO:最終チェックのグリフ 'uni8DC6' に交差がある
INFO:最終チェックのグリフ 'uni8DC8' に交差がある
INFO:最終チェックのグリフ 'uni8DD7' に交差がある
INFO:最終チェックのグリフ 'uni8DE1' に交差がある
INFO:最終チェックのグリフ 'uni8DE8' に交差がある
INFO:最終チェックのグリフ 'uni8DF3' に交差がある
INFO:最終チェックのグリフ 'uni8DFD' に交差がある
INFO:最終チェックのグリフ 'uni8E0C' に交差がある
INFO:最終チェックのグリフ 'uni8E1D' に交差がある
INFO:最終チェックのグリフ 'uni8E1F' に交差がある
INFO:最終チェックのグリフ 'uni8E2A' に交差がある
INFO:最終チェックのグリフ 'uni8E30' に交差がある
INFO:最終チェックのグリフ 'uni8E34' に交差がある
INFO:最終チェックのグリフ 'uni8E3D' に交差がある
INFO:最終チェックのグリフ 'uni8E42' に交差がある
INFO:最終チェックのグリフ 'uni8E44' に交差がある
INFO:最終チェックのグリフ 'uni8E4B' に交差がある
INFO:最終チェックのグリフ 'uni8E62' に交差がある
INFO:最終チェックのグリフ 'uni8E63' に交差がある
INFO:最終チェックのグリフ 'uni8E70' に交差がある
INFO:最終チェックのグリフ 'uni8E76' に交差がある
INFO:最終チェックのグリフ 'uni8E81' に交差がある
INFO:最終チェックのグリフ 'uni8E93' に交差がある
INFO:最終チェックのグリフ 'uni8E98' に交差がある
INFO:最終チェックのグリフ 'uni8EA1' に交差がある
INFO:最終チェックのグリフ 'uni8EAC' に交差がある
INFO:最終チェックのグリフ 'uni8EB5' に交差がある
INFO:最終チェックのグリフ 'uni8EC8' に交差がある
INFO:最終チェックのグリフ 'uni8ECC' に交差がある
INFO:最終チェックのグリフ 'uni8ED4' に交差がある
INFO:最終チェックのグリフ 'uni8EFA' に交差がある
INFO:最終チェックのグリフ 'uni8F08' に交差がある
INFO:最終チェックのグリフ 'uni8F19' に交差がある
INFO:最終チェックのグリフ 'uni8F1B' に交差がある
INFO:最終チェックのグリフ 'uni8F1D' に交差がある
INFO:最終チェックのグリフ 'uni8F1F' に交差がある
INFO:最終チェックのグリフ 'uni8F38' に交差がある
INFO:最終チェックのグリフ 'uni8F3E' に交差がある
INFO:最終チェックのグリフ 'uni8F49' に交差がある
INFO:最終チェックのグリフ 'uni8F4D' に交差がある
INFO:最終チェックのグリフ 'uni8F57' に交差がある
INFO:最終チェックのグリフ 'uni8F62' に交差がある
INFO:最終チェックのグリフ 'uni8F63' に交差がある
INFO:最終チェックのグリフ 'uni8F64' に交差がある
INFO:最終チェックのグリフ 'uni8FA3' に交差がある
INFO:最終チェックのグリフ 'uni8FAE' に交差がある
INFO:最終チェックのグリフ 'uni8FC6' に交差がある
INFO:最終チェックのグリフ 'uni9003' に交差がある
INFO:最終チェックのグリフ 'uni9014' に交差がある
INFO:最終チェックのグリフ 'uni9017' に交差がある
INFO:最終チェックのグリフ 'uni9022' に交差がある
INFO:最終チェックのグリフ 'uni9049' に交差がある
INFO:最終チェックのグリフ 'uni9060' に交差がある
INFO:最終チェックのグリフ 'uni9061' に交差がある
INFO:最終チェックのグリフ 'uni906F' に交差がある
INFO:最終チェックのグリフ 'uni907D' に交差がある
INFO:最終チェックのグリフ 'uni9080' に交差がある
INFO:最終チェックのグリフ 'uni9082' に交差がある
INFO:最終チェックのグリフ 'uni9087' に交差がある
INFO:最終チェックのグリフ 'uni908C' に交差がある
INFO:最終チェックのグリフ 'uni90B0' に交差がある
INFO:最終チェックのグリフ 'uni90BE' に交差がある
INFO:最終チェックのグリフ 'uni90CA' に交差がある
INFO:最終チェックのグリフ 'uni90CE' に交差がある
INFO:最終チェックのグリフ 'uni90D7' に交差がある
INFO:最終チェックのグリフ 'uni90DB' に交差がある
INFO:最終チェックのグリフ 'uni90DD' に交差がある
INFO:最終チェックのグリフ 'uni90E2' に交差がある
INFO:最終チェックのグリフ 'uni90F4' に交差がある
INFO:最終チェックのグリフ 'uni90F7' に交差がある
INFO:最終チェックのグリフ 'uni9114' に交差がある
INFO:最終チェックのグリフ 'uni911C' に交差がある
INFO:最終チェックのグリフ 'uni9122' に交差がある
INFO:最終チェックのグリフ 'uni9134' に交差がある
INFO:最終チェックのグリフ 'uni9139' に交差がある
INFO:最終チェックのグリフ 'uni9146' に交差がある
INFO:最終チェックのグリフ 'uni9147' に交差がある
INFO:最終チェックのグリフ 'uni914A' に交差がある
INFO:最終チェックのグリフ 'uni914C' に交差がある
INFO:最終チェックのグリフ 'uni9165' に交差がある
INFO:最終チェックのグリフ 'uni9173' に交差がある
INFO:最終チェックのグリフ 'uni9174' に交差がある
INFO:最終チェックのグリフ 'uni9179' に交差がある
INFO:最終チェックのグリフ 'uni9189' に交差がある
INFO:最終チェックのグリフ 'uni91AF' に交差がある
INFO:最終チェックのグリフ 'uni91B5' に交差がある
INFO:最終チェックのグリフ 'uni91B6' に交差がある
INFO:最終チェックのグリフ 'uni91C6' に交差がある
INFO:最終チェックのグリフ 'uni91C7' に交差がある
INFO:最終チェックのグリフ 'uni91D6' に交差がある
INFO:最終チェックのグリフ 'uni91DB' に交差がある
INFO:最終チェックのグリフ 'uni91E3' に交差がある
INFO:最終チェックのグリフ 'uni91E5' に交差がある
INFO:最終チェックのグリフ 'uni9201' に交差がある
INFO:最終チェックのグリフ 'uni9216' に交差がある
INFO:最終チェックのグリフ 'uni9217' に交差がある
INFO:最終チェックのグリフ 'uni921E' に交差がある
INFO:最終チェックのグリフ 'uni9233' に交差がある
INFO:最終チェックのグリフ 'uni9234' に交差がある
INFO:最終チェックのグリフ 'uni923F' の参照が不正
INFO:最終チェックのグリフ 'uni925B' に交差がある
INFO:最終チェックのグリフ 'uni9264' に交差がある
INFO:最終チェックのグリフ 'uni9268' に交差がある
INFO:最終チェックのグリフ 'uni9277' に交差がある
INFO:最終チェックのグリフ 'uni927F' の参照が不正
INFO:最終チェックのグリフ 'uni9289' の参照が不正
INFO:最終チェックのグリフ 'uni9296' に交差がある
INFO:最終チェックのグリフ 'uni9299' に交差がある
INFO:最終チェックのグリフ 'uni92B2' の参照が不正
INFO:最終チェックのグリフ 'uni92BF' に交差がある
INFO:最終チェックのグリフ 'uni92C2' に交差がある
INFO:最終チェックのグリフ 'uni92D5' に交差がある
INFO:最終チェックのグリフ 'uni92D7' に交差がある
INFO:最終チェックのグリフ 'uni92EA' に交差がある
INFO:最終チェックのグリフ 'uni92F3' に交差がある
INFO:最終チェックのグリフ 'uni92FF' に交差がある
INFO:最終チェックのグリフ 'uni9304' に交差がある
INFO:最終チェックのグリフ 'uni931A' に交差がある
INFO:最終チェックのグリフ 'uni931D' に交差がある
INFO:最終チェックのグリフ 'uni9323' に交差がある
INFO:最終チェックのグリフ 'uni9325' に交差がある
INFO:最終チェックのグリフ 'uni932B' に交差がある
INFO:最終チェックのグリフ 'uni9332' の参照が不正
INFO:最終チェックのグリフ 'uni933A' に交差がある
INFO:最終チェックのグリフ 'uni9344' に交差がある
INFO:最終チェックのグリフ 'uni9348' に交差がある
INFO:最終チェックのグリフ 'uni934B' に交差がある
INFO:最終チェックのグリフ 'uni9354' に交差がある
INFO:最終チェックのグリフ 'uni9357' に交差がある
INFO:最終チェックのグリフ 'uni935A' に交差がある
INFO:最終チェックのグリフ 'uni9371' に交差がある
INFO:最終チェックのグリフ 'uni9375' に交差がある
INFO:最終チェックのグリフ 'uni938C' に交差がある
INFO:最終チェックのグリフ 'uni9397' に交差がある
INFO:最終チェックのグリフ 'uni939B' に交差がある
INFO:最終チェックのグリフ 'uni939E' に交差がある
INFO:最終チェックのグリフ 'uni93AC' に交差がある
INFO:最終チェックのグリフ 'uni93BA' に交差がある
INFO:最終チェックのグリフ 'uni93C8' に交差がある
INFO:最終チェックのグリフ 'uni93D1' に交差がある
INFO:最終チェックのグリフ 'uni93D6' に交差がある
INFO:最終チェックのグリフ 'uni93D7' に交差がある
INFO:最終チェックのグリフ 'uni93D8' に交差がある
INFO:最終チェックのグリフ 'uni93DC' に交差がある
INFO:最終チェックのグリフ 'uni93E8' に交差がある
INFO:最終チェックのグリフ 'uni93F1' に交差がある
INFO:最終チェックのグリフ 'uni93F5' に交差がある
INFO:最終チェックのグリフ 'uni9407' の参照が不正
INFO:最終チェックのグリフ 'uni9409' に交差がある
INFO:最終チェックのグリフ 'uni9410' に交差がある
INFO:最終チェックのグリフ 'uni9417' に交差がある
INFO:最終チェックのグリフ 'uni9418' に交差がある
INFO:最終チェックのグリフ 'uni941A' に交差がある
INFO:最終チェックのグリフ 'uni942B' に交差がある
INFO:最終チェックのグリフ 'uni9431' に交差がある
INFO:最終チェックのグリフ 'uni9432' に交差がある
INFO:最終チェックのグリフ 'uni9436' の参照が不正
INFO:最終チェックのグリフ 'uni943B' に交差がある
INFO:最終チェックのグリフ 'uni9441' に交差がある
INFO:最終チェックのグリフ 'uni9444' に交差がある
INFO:最終チェックのグリフ 'uni9445' に交差がある
INFO:最終チェックのグリフ 'uni9448' に交差がある
INFO:最終チェックのグリフ 'uni9453' に交差がある
INFO:最終チェックのグリフ 'uni9460' に交差がある
INFO:最終チェックのグリフ 'uni9462' に交差がある
INFO:最終チェックのグリフ 'uni946A' の参照が不正
INFO:最終チェックのグリフ 'uni946D' に交差がある
INFO:最終チェックのグリフ 'uni9471' に交差がある
INFO:最終チェックのグリフ 'uni9477' に交差がある
INFO:最終チェックのグリフ 'uni947C' に交差がある
INFO:最終チェックのグリフ 'uni947E' に交差がある
INFO:最終チェックのグリフ 'uni947F' に交差がある
INFO:最終チェックのグリフ 'uni9579' に交差がある
INFO:最終チェックのグリフ 'uni9583' に交差がある
INFO:最終チェックのグリフ 'uni958D' に交差がある
INFO:最終チェックのグリフ 'uni958E' に交差がある
INFO:最終チェックのグリフ 'uni9596' に交差がある
INFO:最終チェックのグリフ 'uni95A2' に交差がある
INFO:最終チェックのグリフ 'uni95B4' に交差がある
INFO:最終チェックのグリフ 'uni95BE' に交差がある
INFO:最終チェックのグリフ 'uni95C7' に交差がある
INFO:最終チェックのグリフ 'uni95D5' に交差がある
INFO:最終チェックのグリフ 'uni95DA' に交差がある
INFO:最終チェックのグリフ 'uni95DC' に交差がある
INFO:最終チェックのグリフ 'uni95E2' に交差がある
INFO:最終チェックのグリフ 'uni95E5' に交差がある
INFO:最終チェックのグリフ 'uni9632' に交差がある
INFO:最終チェックのグリフ 'uni9634' に交差がある
INFO:最終チェックのグリフ 'uni963F' に交差がある
INFO:最終チェックのグリフ 'uni9662' に交差がある
INFO:最終チェックのグリフ 'uni9664' に交差がある
INFO:最終チェックのグリフ 'uni9666' に交差がある
INFO:最終チェックのグリフ 'uni9670' に交差がある
INFO:最終チェックのグリフ 'uni9676' に交差がある
INFO:最終チェックのグリフ 'uni9677' に交差がある
INFO:最終チェックのグリフ 'uni967D' に交差がある
INFO:最終チェックのグリフ 'uni9685' に交差がある
INFO:最終チェックのグリフ 'uni9694' に交差がある
INFO:最終チェックのグリフ 'uni969B' に交差がある
INFO:最終チェックのグリフ 'uni969C' に交差がある
INFO:最終チェックのグリフ 'uni969D' に交差がある
INFO:最終チェックのグリフ 'uni96A0' に交差がある
INFO:最終チェックのグリフ 'uni96A8' に交差がある
INFO:最終チェックのグリフ 'uni96AA' に交差がある
INFO:最終チェックのグリフ 'uni96AF' に交差がある
INFO:最終チェックのグリフ 'uni96B1' に交差がある
INFO:最終チェックのグリフ 'uni96B2' に交差がある
INFO:最終チェックのグリフ 'uni96B6' に交差がある
INFO:最終チェックのグリフ 'uni96B7' に交差がある
INFO:最終チェックのグリフ 'uni96B8' に交差がある
INFO:最終チェックのグリフ 'uni96BB' に交差がある
INFO:最終チェックのグリフ 'uni96BD' に交差がある
INFO:最終チェックのグリフ 'uni96C9' に交差がある
INFO:最終チェックのグリフ 'uni96CC' に交差がある
INFO:最終チェックのグリフ 'uni96DB' に交差がある
INFO:最終チェックのグリフ 'uni96EB' に交差がある
INFO:最終チェックのグリフ 'uni970E' に交差がある
INFO:最終チェックのグリフ 'uni9716' に交差がある
INFO:最終チェックのグリフ 'uni9727' に交差がある
INFO:最終チェックのグリフ 'uni9736' に交差がある
INFO:最終チェックのグリフ 'uni9738' に交差がある
INFO:最終チェックのグリフ 'uni973D' に交差がある
INFO:最終チェックのグリフ 'uni973E' に交差がある
INFO:最終チェックのグリフ 'uni9744' に交差がある
INFO:最終チェックのグリフ 'uni9746' に交差がある
INFO:最終チェックのグリフ 'uni9748' に交差がある
INFO:最終チェックのグリフ 'uni974D' に交差がある
INFO:最終チェックのグリフ 'uni974E' に交差がある
INFO:最終チェックのグリフ 'uni974F' に交差がある
INFO:最終チェックのグリフ 'uni9752' に交差がある
INFO:最終チェックのグリフ 'uni9755' に交差がある
INFO:最終チェックのグリフ 'uni9757' の参照が不正
INFO:最終チェックのグリフ 'uni975B' に交差がある
INFO:最終チェックのグリフ 'uni975C' に交差がある
INFO:最終チェックのグリフ 'uni976D' に交差がある
INFO:最終チェックのグリフ 'uni9774' に交差がある
INFO:最終チェックのグリフ 'uni977A' に交差がある
INFO:最終チェックのグリフ 'uni9790' に交差がある
INFO:最終チェックのグリフ 'uni97A0' に交差がある
INFO:最終チェックのグリフ 'uni97A2' に交差がある
INFO:最終チェックのグリフ 'uni97A3' に交差がある
INFO:最終チェックのグリフ 'uni97A6' に交差がある
INFO:最終チェックのグリフ 'uni97A8' に交差がある
INFO:最終チェックのグリフ 'uni97AB' に交差がある
INFO:最終チェックのグリフ 'uni97C9' に交差がある
INFO:最終チェックのグリフ 'uni97D8' に交差がある
INFO:最終チェックのグリフ 'uni97F4' に交差がある
INFO:最終チェックのグリフ 'uni97FF' に交差がある
INFO:最終チェックのグリフ 'uni980C' に交差がある
INFO:最終チェックのグリフ 'uni9812' に交差がある
INFO:最終チェックのグリフ 'uni9830' に交差がある
INFO:最終チェックのグリフ 'uni9847' に交差がある
INFO:最終チェックのグリフ 'uni984B' に交差がある
INFO:最終チェックのグリフ 'uni9856' に交差がある
INFO:最終チェックのグリフ 'uni9859' に交差がある
INFO:最終チェックのグリフ 'uni985E' に交差がある
INFO:最終チェックのグリフ 'uni9866' に交差がある
INFO:最終チェックのグリフ 'uni986C' に交差がある
INFO:最終チェックのグリフ 'uni986F' に交差がある
INFO:最終チェックのグリフ 'uni9871' に交差がある
INFO:最終チェックのグリフ 'uni98B7' に交差がある
INFO:最終チェックのグリフ 'uni98B8' の参照が不正
INFO:最終チェックのグリフ 'uni98BB' に交差がある
INFO:最終チェックのグリフ 'uni98C4' に交差がある
INFO:最終チェックのグリフ 'uni98C7' に交差がある
INFO:最終チェックのグリフ 'uni98C8' に交差がある
INFO:最終チェックのグリフ 'uni98CB' に交差がある
INFO:最終チェックのグリフ 'uni98E2' に交差がある
INFO:最終チェックのグリフ 'uni98E3' に交差がある
INFO:最終チェックのグリフ 'uni9909' に交差がある
INFO:最終チェックのグリフ 'uni9914' に交差がある
INFO:最終チェックのグリフ 'uni9917' に交差がある
INFO:最終チェックのグリフ 'uni9918' に交差がある
INFO:最終チェックのグリフ 'uni991C' に交差がある
INFO:最終チェックのグリフ 'uni991D' に交差がある
INFO:最終チェックのグリフ 'uni992C' に交差がある
INFO:最終チェックのグリフ 'uni993C' に交差がある
INFO:最終チェックのグリフ 'uni9960' に交差がある
INFO:最終チェックのグリフ 'uni99A6' に交差がある
INFO:最終チェックのグリフ 'uni99AC' に交差がある
INFO:最終チェックのグリフ 'uni99AE' に交差がある
INFO:最終チェックのグリフ 'uni99B4' に交差がある
INFO:最終チェックのグリフ 'uni99B9' に交差がある
INFO:最終チェックのグリフ 'uni99BC' に交差がある
INFO:最終チェックのグリフ 'uni99BF' に交差がある
INFO:最終チェックのグリフ 'uni99C1' に交差がある
INFO:最終チェックのグリフ 'uni99C3' に交差がある
INFO:最終チェックのグリフ 'uni99C4' に交差がある
INFO:最終チェックのグリフ 'uni99C5' に交差がある
INFO:最終チェックのグリフ 'uni99C8' に交差がある
INFO:最終チェックのグリフ 'uni99C9' に交差がある
INFO:最終チェックのグリフ 'uni99D0' に交差がある
INFO:最終チェックのグリフ 'uni99D4' に交差がある
INFO:最終チェックのグリフ 'uni99D8' に交差がある
INFO:最終チェックのグリフ 'uni99D9' に交差がある
INFO:最終チェックのグリフ 'uni99DF' に交差がある
INFO:最終チェックのグリフ 'uni99F0' に交差がある
INFO:最終チェックのグリフ 'uni99F1' に交差がある
INFO:最終チェックのグリフ 'uni99FB' に交差がある
INFO:最終チェックのグリフ 'uni99FC' に交差がある
INFO:最終チェックのグリフ 'uni99FF' に交差がある
INFO:最終チェックのグリフ 'uni9A01' に交差がある
INFO:最終チェックのグリフ 'uni9A02' に交差がある
INFO:最終チェックのグリフ 'uni9A03' に交差がある
INFO:最終チェックのグリフ 'uni9A0A' に交差がある
INFO:最終チェックのグリフ 'uni9A11' に交差がある
INFO:最終チェックのグリフ 'uni9A12' に交差がある
INFO:最終チェックのグリフ 'uni9A13' に交差がある
INFO:最終チェックのグリフ 'uni9A19' に交差がある
INFO:最終チェックのグリフ 'uni9A20' に交差がある
INFO:最終チェックのグリフ 'uni9A24' に交差がある
INFO:最終チェックのグリフ 'uni9A2E' に交差がある
INFO:最終チェックのグリフ 'uni9A30' に交差がある
INFO:最終チェックのグリフ 'uni9A38' に交差がある
INFO:最終チェックのグリフ 'uni9A43' に交差がある
INFO:最終チェックのグリフ 'uni9A44' に交差がある
INFO:最終チェックのグリフ 'uni9A4A' に交差がある
INFO:最終チェックのグリフ 'uni9A4E' に交差がある
INFO:最終チェックのグリフ 'uni9A55' に交差がある
INFO:最終チェックのグリフ 'uni9A57' の参照が不正
INFO:最終チェックのグリフ 'uni9A58' に交差がある
INFO:最終チェックのグリフ 'uni9A5A' に交差がある
INFO:最終チェックのグリフ 'uni9A5F' に交差がある
INFO:最終チェックのグリフ 'uni9AA8' に交差がある
INFO:最終チェックのグリフ 'uni9AAD' に交差がある
INFO:最終チェックのグリフ 'uni9AC1' に交差がある
INFO:最終チェックのグリフ 'uni9AC3' に交差がある
INFO:最終チェックのグリフ 'uni9AC4' に交差がある
INFO:最終チェックのグリフ 'uni9AD1' に交差がある
INFO:最終チェックのグリフ 'uni9ADE' に交差がある
INFO:最終チェックのグリフ 'uni9AE3' に交差がある
INFO:最終チェックのグリフ 'uni9AEF' に交差がある
INFO:最終チェックのグリフ 'uni9AF1' に交差がある
INFO:最終チェックのグリフ 'uni9AF4' に交差がある
INFO:最終チェックのグリフ 'uni9AFB' に交差がある
INFO:最終チェックのグリフ 'uni9B16' に交差がある
INFO:最終チェックのグリフ 'uni9B23' に交差がある
INFO:最終チェックのグリフ 'uni9B28' に交差がある
INFO:最終チェックのグリフ 'uni9B2B' に交差がある
INFO:最終チェックのグリフ 'uni9B2E' に交差がある
INFO:最終チェックのグリフ 'uni9B31' に交差がある
INFO:最終チェックのグリフ 'uni9B43' に交差がある
INFO:最終チェックのグリフ 'uni9B5E' に交差がある
INFO:最終チェックのグリフ 'uni9B63' に交差がある
INFO:最終チェックのグリフ 'uni9B65' に交差がある
INFO:最終チェックのグリフ 'uni9B66' に交差がある
INFO:最終チェックのグリフ 'uni9B73' に交差がある
INFO:最終チェックのグリフ 'uni9B74' に交差がある
INFO:最終チェックのグリフ 'uni9B75' に交差がある
INFO:最終チェックのグリフ 'uni9B77' に交差がある
INFO:最終チェックのグリフ 'uni9B84' に交差がある
INFO:最終チェックのグリフ 'uni9B8A' に交差がある
INFO:最終チェックのグリフ 'uni9B8F' に交差がある
INFO:最終チェックのグリフ 'uni9B92' に交差がある
INFO:最終チェックのグリフ 'uni9B9E' に交差がある
INFO:最終チェックのグリフ 'uni9BA0' に交差がある
INFO:最終チェックのグリフ 'uni9BA7' に交差がある
INFO:最終チェックのグリフ 'uni9BAA' に交差がある
INFO:最終チェックのグリフ 'uni9BAC' に交差がある
INFO:最終チェックのグリフ 'uni9BAD' に交差がある
INFO:最終チェックのグリフ 'uni9BBE' に交差がある
INFO:最終チェックのグリフ 'uni9BC1' に交差がある
INFO:最終チェックのグリフ 'uni9BC6' に交差がある
INFO:最終チェックのグリフ 'uni9BC7' に交差がある
INFO:最終チェックのグリフ 'uni9BC9' に交差がある
INFO:最終チェックのグリフ 'uni9BCF' に交差がある
INFO:最終チェックのグリフ 'uni9BD1' に交差がある
INFO:最終チェックのグリフ 'uni9BE1' に交差がある
INFO:最終チェックのグリフ 'uni9BE2' に交差がある
INFO:最終チェックのグリフ 'uni9BE3' に交差がある
INFO:最終チェックのグリフ 'uni9BE4' に交差がある
INFO:最終チェックのグリフ 'uni9BE5' に交差がある
INFO:最終チェックのグリフ 'uni9BE8' に交差がある
INFO:最終チェックのグリフ 'uni9BEA' に交差がある
INFO:最終チェックのグリフ 'uni9BEE' に交差がある
INFO:最終チェックのグリフ 'uni9BEF' に交差がある
INFO:最終チェックのグリフ 'uni9BF0' に交差がある
INFO:最終チェックのグリフ 'uni9BF2' に交差がある
INFO:最終チェックのグリフ 'uni9C04' に交差がある
INFO:最終チェックのグリフ 'uni9C08' に交差がある
INFO:最終チェックのグリフ 'uni9C09' に交差がある
INFO:最終チェックのグリフ 'uni9C0A' に交差がある
INFO:最終チェックのグリフ 'uni9C12' に交差がある
INFO:最終チェックのグリフ 'uni9C13' に交差がある
INFO:最終チェックのグリフ 'uni9C1A' に交差がある
INFO:最終チェックのグリフ 'uni9C1D' に交差がある
INFO:最終チェックのグリフ 'uni9C22' に交差がある
INFO:最終チェックのグリフ 'uni9C25' に交差がある
INFO:最終チェックのグリフ 'uni9C2F' に交差がある
INFO:最終チェックのグリフ 'uni9C31' に交差がある
INFO:最終チェックのグリフ 'uni9C36' に交差がある
INFO:最終チェックのグリフ 'uni9C37' に交差がある
INFO:最終チェックのグリフ 'uni9C3B' に交差がある
INFO:最終チェックのグリフ 'uni9C41' に交差がある
INFO:最終チェックのグリフ 'uni9C47' に交差がある
INFO:最終チェックのグリフ 'uni9C57' に交差がある
INFO:最終チェックのグリフ 'uni9C58' に交差がある
INFO:最終チェックのグリフ 'uni9C5C' に交差がある
INFO:最終チェックのグリフ 'uni9C5D' に交差がある
INFO:最終チェックのグリフ 'uni9C5F' に交差がある
INFO:最終チェックのグリフ 'uni9C63' に交差がある
INFO:最終チェックのグリフ 'uni9C65' に交差がある
INFO:最終チェックのグリフ 'uni9C67' に交差がある
INFO:最終チェックのグリフ 'uni9C6B' に交差がある
INFO:最終チェックのグリフ 'uni9C6D' に交差がある
INFO:最終チェックのグリフ 'uni9C6E' に交差がある
INFO:最終チェックのグリフ 'uni9C72' に交差がある
INFO:最終チェックのグリフ 'uni9C77' に交差がある
INFO:最終チェックのグリフ 'uni9C78' に交差がある
INFO:最終チェックのグリフ 'uni9CE5' に交差がある
INFO:最終チェックのグリフ 'uni9CE7' に交差がある
INFO:最終チェックのグリフ 'uni9CE9' に交差がある
INFO:最終チェックのグリフ 'uni9CF0' に交差がある
INFO:最終チェックのグリフ 'uni9CF3' に交差がある
INFO:最終チェックのグリフ 'uni9CF4' に交差がある
INFO:最終チェックのグリフ 'uni9D02' に交差がある
INFO:最終チェックのグリフ 'uni9D07' に交差がある
INFO:最終チェックのグリフ 'uni9D08' に交差がある
INFO:最終チェックのグリフ 'uni9D09' に交差がある
INFO:最終チェックのグリフ 'uni9D0B' に交差がある
INFO:最終チェックのグリフ 'uni9D0E' に交差がある
INFO:最終チェックのグリフ 'uni9D11' に交差がある
INFO:最終チェックのグリフ 'uni9D12' に交差がある
INFO:最終チェックのグリフ 'uni9D15' に交差がある
INFO:最終チェックのグリフ 'uni9D17' に交差がある
INFO:最終チェックのグリフ 'uni9D18' に交差がある
INFO:最終チェックのグリフ 'uni9D1B' に交差がある
INFO:最終チェックのグリフ 'uni9D1D' に交差がある
INFO:最終チェックのグリフ 'uni9D1E' に交差がある
INFO:最終チェックのグリフ 'uni9D1F' に交差がある
INFO:最終チェックのグリフ 'uni9D23' に交差がある
INFO:最終チェックのグリフ 'uni9D28' に交差がある
INFO:最終チェックのグリフ 'uni9D2A' に交差がある
INFO:最終チェックのグリフ 'uni9D2B' に交差がある
INFO:最終チェックのグリフ 'uni9D2C' に交差がある
INFO:最終チェックのグリフ 'uni9D32' に交差がある
INFO:最終チェックのグリフ 'uni9D3B' に交差がある
INFO:最終チェックのグリフ 'uni9D3E' に交差がある
INFO:最終チェックのグリフ 'uni9D41' に交差がある
INFO:最終チェックのグリフ 'uni9D42' に交差がある
INFO:最終チェックのグリフ 'uni9D43' に交差がある
INFO:最終チェックのグリフ 'uni9D44' に交差がある
INFO:最終チェックのグリフ 'uni9D50' に交差がある
INFO:最終チェックのグリフ 'uni9D51' に交差がある
INFO:最終チェックのグリフ 'uni9D52' に交差がある
INFO:最終チェックのグリフ 'uni9D59' に交差がある
INFO:最終チェックのグリフ 'uni9D5C' に交差がある
INFO:最終チェックのグリフ 'uni9D5D' に交差がある
INFO:最終チェックのグリフ 'uni9D5E' に交差がある
INFO:最終チェックのグリフ 'uni9D60' に交差がある
INFO:最終チェックのグリフ 'uni9D61' に交差がある
INFO:最終チェックのグリフ 'uni9D62' に交差がある
INFO:最終チェックのグリフ 'uni9D63' に交差がある
INFO:最終チェックのグリフ 'uni9D69' に交差がある
INFO:最終チェックのグリフ 'uni9D6B' に交差がある
INFO:最終チェックのグリフ 'uni9D6C' に交差がある
INFO:最終チェックのグリフ 'uni9D6F' に交差がある
INFO:最終チェックのグリフ 'uni9D70' に交差がある
INFO:最終チェックのグリフ 'uni9D72' に交差がある
INFO:最終チェックのグリフ 'uni9D73' に交差がある
INFO:最終チェックのグリフ 'uni9D76' に交差がある
INFO:最終チェックのグリフ 'uni9D77' に交差がある
INFO:最終チェックのグリフ 'uni9D7C' に交差がある
INFO:最終チェックのグリフ 'uni9D7E' に交差がある
INFO:最終チェックのグリフ 'uni9D87' に交差がある
INFO:最終チェックのグリフ 'uni9D89' に交差がある
INFO:最終チェックのグリフ 'uni9D8A' に交差がある
INFO:最終チェックのグリフ 'uni9D8D' に交差がある
INFO:最終チェックのグリフ 'uni9D8F' に交差がある
INFO:最終チェックのグリフ 'uni9D99' に交差がある
INFO:最終チェックのグリフ 'uni9D9A' の参照が不正
INFO:最終チェックのグリフ 'uni9DA1' に交差がある
INFO:最終チェックのグリフ 'uni9DA4' に交差がある
INFO:最終チェックのグリフ 'uni9DAB' に交差がある
INFO:最終チェックのグリフ 'uni9DAC' に交差がある
INFO:最終チェックのグリフ 'uni9DB2' に交差がある
INFO:最終チェックのグリフ 'uni9DB4' に交差がある
INFO:最終チェックのグリフ 'uni9DB5' に交差がある
INFO:最終チェックのグリフ 'uni9DB8' に交差がある
INFO:最終チェックのグリフ 'uni9DB9' に交差がある
INFO:最終チェックのグリフ 'uni9DBA' に交差がある
INFO:最終チェックのグリフ 'uni9DBB' に交差がある
INFO:最終チェックのグリフ 'uni9DBC' に交差がある
INFO:最終チェックのグリフ 'uni9DC0' に交差がある
INFO:最終チェックのグリフ 'uni9DC1' に交差がある
INFO:最終チェックのグリフ 'uni9DC2' に交差がある
INFO:最終チェックのグリフ 'uni9DC3' に交差がある
INFO:最終チェックのグリフ 'uni9DC4' に交差がある
INFO:最終チェックのグリフ 'uni9DC6' に交差がある
INFO:最終チェックのグリフ 'uni9DC7' に交差がある
INFO:最終チェックのグリフ 'uni9DC9' に交差がある
INFO:最終チェックのグリフ 'uni9DCF' に交差がある
INFO:最終チェックのグリフ 'uni9DD3' に交差がある
INFO:最終チェックのグリフ 'uni9DD6' の参照が不正
INFO:最終チェックのグリフ 'uni9DD7' に交差がある
INFO:最終チェックのグリフ 'uni9DDA' に交差がある
INFO:最終チェックのグリフ 'uni9DDF' に交差がある
INFO:最終チェックのグリフ 'uni9DE0' に交差がある
INFO:最終チェックのグリフ 'uni9DE3' に交差がある
INFO:最終チェックのグリフ 'uni9DE6' に交差がある
INFO:最終チェックのグリフ 'uni9DE7' に交差がある
INFO:最終チェックのグリフ 'uni9DED' に交差がある
INFO:最終チェックのグリフ 'uni9DEF' に交差がある
INFO:最終チェックのグリフ 'uni9DF4' に交差がある
INFO:最終チェックのグリフ 'uni9DF8' に交差がある
INFO:最終チェックのグリフ 'uni9DFA' に交差がある
INFO:最終チェックのグリフ 'uni9E02' に交差がある
INFO:最終チェックのグリフ 'uni9E07' に交差がある
INFO:最終チェックのグリフ 'uni9E0A' に交差がある
INFO:最終チェックのグリフ 'uni9E0D' に交差がある
INFO:最終チェックのグリフ 'uni9E15' に交差がある
INFO:最終チェックのグリフ 'uni9E19' に交差がある
INFO:最終チェックのグリフ 'uni9E1A' に交差がある
INFO:最終チェックのグリフ 'uni9E1B' に交差がある
INFO:最終チェックのグリフ 'uni9E1C' に交差がある
INFO:最終チェックのグリフ 'uni9E1D' に交差がある
INFO:最終チェックのグリフ 'uni9E7B' に交差がある
INFO:最終チェックのグリフ 'uni9E7C' に交差がある
INFO:最終チェックのグリフ 'uni9E93' に交差がある
INFO:最終チェックのグリフ 'uni9E95' に交差がある
INFO:最終チェックのグリフ 'uni9E9D' に交差がある
INFO:最終チェックのグリフ 'uni9EA4' に交差がある
INFO:最終チェックのグリフ 'uni9EBB' に交差がある
INFO:最終チェックのグリフ 'uni9ECC' に交差がある
INFO:最終チェックのグリフ 'uni9ECE' に交差がある
INFO:最終チェックのグリフ 'uni9ECF' に交差がある
INFO:最終チェックのグリフ 'uni9ED0' に交差がある
INFO:最終チェックのグリフ 'uni9ED8' に交差がある
INFO:最終チェックのグリフ 'uni9EDF' に交差がある
INFO:最終チェックのグリフ 'uni9EE5' に交差がある
INFO:最終チェックのグリフ 'uni9EF6' に交差がある
INFO:最終チェックのグリフ 'uni9EF9' に交差がある
INFO:最終チェックのグリフ 'uni9F02' に交差がある
INFO:最終チェックのグリフ 'uni9F03' に交差がある
INFO:最終チェックのグリフ 'uni9F20' に交差がある
INFO:最終チェックのグリフ 'uni9F3A' に交差がある
INFO:最終チェックのグリフ 'uni9F67' に交差がある
INFO:最終チェックのグリフ 'uni9F72' に交差がある
INFO:最終チェックのグリフ 'uni9F75' に交差がある
INFO:最終チェックのグリフ 'uni9F76' に交差がある
INFO:最終チェックのグリフ 'uni9F8D' に交差がある
INFO:最終チェックのグリフ 'uni9FA0' に交差がある
INFO:最終チェックのグリフ 'uniF91D' に交差がある
INFO:最終チェックのグリフ 'uniF929' に交差がある
INFO:最終チェックのグリフ 'uniF9DC' に交差がある
INFO:最終チェックのグリフ 'uniFA13' に交差がある
INFO:最終チェックのグリフ 'uniFA14' に交差がある
INFO:最終チェックのグリフ 'uniFA15' に交差がある
INFO:最終チェックのグリフ 'uniFA1F' に交差がある
INFO:最終チェックのグリフ 'uniFA20' に交差がある
INFO:最終チェックのグリフ 'uniFA22' の参照が不正
INFO:最終チェックのグリフ 'uniFA2B' に交差がある
INFO:最終チェックのグリフ 'uniFA2D' に交差がある
INFO:最終チェックのグリフ 'uniFA30' に交差がある
INFO:最終チェックのグリフ 'uniFA36' に交差がある
INFO:最終チェックのグリフ 'uniFA3D' に交差がある
INFO:最終チェックのグリフ 'uniFA44' に交差がある
INFO:最終チェックのグリフ 'uniFA4A' に交差がある
INFO:最終チェックのグリフ 'uniFA61' に交差がある
INFO:最終チェックのグリフ 'uniFA65' に交差がある
INFO:最終チェックのグリフ 'uniFF05' に交差がある
INFO:最終チェックのグリフ 'uniFF06' に交差がある
INFO:最終チェックのグリフ 'uniFF1C' に交差がある
INFO:最終チェックのグリフ 'uniFF7D' に交差がある
INFO:最終チェックのグリフ 'uniFF8D' に交差がある
INFO:最終チェックのグリフ 'u20371' に交差がある
INFO:最終チェックのグリフ 'u20807' に交差がある
INFO:最終チェックのグリフ 'u208B9' に交差がある
INFO:最終チェックのグリフ 'u20E64' に交差がある
INFO:最終チェックのグリフ 'u20F5F' に交差がある
INFO:最終チェックのグリフ 'u212E4' に交差がある
INFO:最終チェックのグリフ 'u2146D' に交差がある
INFO:最終チェックのグリフ 'u218BD' に交差がある
INFO:最終チェックのグリフ 'u219C3' に交差がある
INFO:最終チェックのグリフ 'u21C56' に交差がある
INFO:最終チェックのグリフ 'u21D92' に交差がある
INFO:最終チェックのグリフ 'u21DA1' に交差がある
INFO:最終チェックのグリフ 'u21E33' に交差がある
INFO:最終チェックのグリフ 'u21E34' に交差がある
INFO:最終チェックのグリフ 'u22218' に交差がある
INFO:最終チェックのグリフ 'u22B46' に交差がある
INFO:最終チェックのグリフ 'u22B4F' に交差がある
INFO:最終チェックのグリフ 'u22DE1' に交差がある
INFO:最終チェックのグリフ 'u233DF' に交差がある
INFO:最終チェックのグリフ 'u23465' に交差がある
INFO:最終チェックのグリフ 'u23594' に交差がある
INFO:最終チェックのグリフ 'u23638' に交差がある
INFO:最終チェックのグリフ 'u2363A' に交差がある
INFO:最終チェックのグリフ 'u2371C' に交差がある
INFO:最終チェックのグリフ 'u23763' に交差がある
INFO:最終チェックのグリフ 'u237E7' に交差がある
INFO:最終チェックのグリフ 'u237FF' に交差がある
INFO:最終チェックのグリフ 'u23A98' に交差がある
INFO:最終チェックのグリフ 'u23CFE' に交差がある
INFO:最終チェックのグリフ 'u23D00' に交差がある
INFO:最終チェックのグリフ 'u23DF9' に交差がある
INFO:最終チェックのグリフ 'u24096' に交差がある
INFO:最終チェックのグリフ 'u24103' に交差がある
INFO:最終チェックのグリフ 'u241C6' に交差がある
INFO:最終チェックのグリフ 'u243D0' に交差がある
INFO:最終チェックのグリフ 'u24896' に交差がある
INFO:最終チェックのグリフ 'u24B6F' に交差がある
INFO:最終チェックのグリフ 'u24D14' に交差がある
INFO:最終チェックのグリフ 'u2521E' に交差がある
INFO:最終チェックのグリフ 'u255A7' に交差がある
INFO:最終チェックのグリフ 'u25F5C' に交差がある
INFO:最終チェックのグリフ 'u26402' に交差がある
INFO:最終チェックのグリフ 'u26A8C' に交差がある
INFO:最終チェックのグリフ 'u26AB7' に交差がある
INFO:最終チェックのグリフ 'u26E40' に交差がある
INFO:最終チェックのグリフ 'u27410' に交差がある
INFO:最終チェックのグリフ 'u27684' に交差がある
INFO:最終チェックのグリフ 'u2770E' に交差がある
INFO:最終チェックのグリフ 'u27723' に交差がある
INFO:最終チェックのグリフ 'u28282' に交差がある
INFO:最終チェックのグリフ 'u283CD' に交差がある
INFO:最終チェックのグリフ 'u28A29' に交差がある
INFO:最終チェックのグリフ 'u28ACD' に交差がある
INFO:最終チェックのグリフ 'u28BEF' に交差がある
INFO:最終チェックのグリフ 'u28DFB' に交差がある
INFO:最終チェックのグリフ 'u28EF6' に交差がある
INFO:最終チェックのグリフ 'u28F32' に交差がある
INFO:最終チェックのグリフ 'u298C6' に交差がある
INFO:最終チェックのグリフ 'u29DDB' に交差がある
INFO:最終チェックのグリフ 'u29E15' に交差がある
INFO:最終チェックのグリフ 'u29E49' に交差がある
INFO:最終チェックのグリフ 'u29EC4' に交差がある
INFO:最終チェックのグリフ 'u29FCE' に交差がある
INFO:最終チェックのグリフ 'u2A01A' に交差がある
INFO:最終チェックのグリフ 'u2A02F' に交差がある
INFO:最終チェックのグリフ 'u2A082' に交差がある
INFO:最終チェックのグリフ 'u2A0F9' に交差がある
INFO:最終チェックのグリフ 'u2A190' に交差がある
INFO:最終チェックのグリフ 'u2A602' に交差がある
INFO:最終チェックのグリフ 'uni332B.vert' に交差がある
INFO:最終チェックのグリフ 'uni337C.aalt' に交差がある
INFO:最終チェックのグリフ 'uni3067.aalt' に交差がある
INFO:最終チェックのグリフ 'uni306A.aalt' に交差がある
INFO:最終チェックのグリフ 'uni306B.aalt' に交差がある
INFO:最終チェックのグリフ 'uni306C.aalt' に交差がある
INFO:最終チェックのグリフ 'uni306D.aalt' に交差がある
INFO:最終チェックのグリフ 'uni307A.aalt' に交差がある
INFO:最終チェックのグリフ 'uni307B.aalt' に交差がある
INFO:最終チェックのグリフ 'uni307D.aalt' に交差がある
INFO:最終チェックのグリフ 'uni3088.aalt' に交差がある
INFO:最終チェックのグリフ 'uni3093.aalt' に交差がある
INFO:最終チェックのグリフ 'uni30B9.vert' に交差がある
INFO:最終チェックのグリフ 'uni30BA.aalt' に交差がある
INFO:最終チェックのグリフ 'uni30CC.vert' に交差がある
INFO:最終チェックのグリフ 'uni30CE.vert' に交差がある
INFO:最終チェックのグリフ 'uni30CF.vert' に交差がある
INFO:最終チェックのグリフ 'uni30D0.aalt' に交差がある
INFO:最終チェックのグリフ 'uni30D1.aalt' に交差がある
INFO:最終チェックのグリフ 'uni30D9.aalt' に交差がある
INFO:最終チェックのグリフ 'uni30DA.aalt' に交差がある
INFO:最終チェックのグリフ 'uni30DE.vert' に交差がある
INFO:最終チェックのグリフ 'uni30E0.vert' に交差がある
INFO:最終チェックのグリフ 'uni30E3.vert' に交差がある
INFO:最終チェックのグリフ 'uni30EB.vert' に交差がある
INFO:最終チェックのグリフ 'uni028C_gravecomb.ccmp' に交差がある
INFO:最終チェックのグリフ 'uni028C_acutecomb.ccmp' に交差がある
INFO:最終チェックのグリフ 'uni9022.aalt' に交差がある
INFO:最終チェックのグリフ 'uni9C2F.aalt' に交差がある
INFO:最終チェックのグリフ 'uni7259.aalt' に交差がある
INFO:最終チェックのグリフ 'uni6062.jp83' に交差がある
INFO:最終チェックのグリフ 'uni7FF0.aalt' に交差がある
INFO:最終チェックのグリフ 'uni7FEB.aalt' に交差がある
INFO:最終チェックのグリフ 'uni537F.aalt' に交差がある
INFO:最終チェックのグリフ 'uni9699.expt' に交差がある
INFO:最終チェックのグリフ 'uni9375.aalt' に交差がある
INFO:最終チェックのグリフ 'uni9D60.aalt' に交差がある
INFO:最終チェックのグリフ 'uni6753.jp83' に交差がある
INFO:最終チェックのグリフ 'uni707C.aalt' に交差がある
INFO:最終チェックのグリフ 'uni54E8.aalt' に交差がある
INFO:最終チェックのグリフ 'uni717D.jp83' に交差がある
INFO:最終チェックのグリフ 'uni63C3.aalt' に交差がある
INFO:最終チェックのグリフ 'uni939A.aalt' に交差がある
INFO:最終チェックのグリフ 'uni701E.aalt' に交差がある
INFO:最終チェックのグリフ 'uni79B0.jp83' に交差がある
INFO:最終チェックのグリフ 'uni99C1.aalt' に交差がある
INFO:最終チェックのグリフ 'uni8C79.aalt' に交差がある
INFO:最終チェックのグリフ 'uni853D.aalt' に交差がある
INFO:最終チェックのグリフ 'uni84EC.aalt' に交差がある
INFO:最終チェックのグリフ 'uni7149.aalt' に交差がある
INFO:最終チェックのグリフ 'uni51A4.jp83' に交差がある
INFO:最終チェックのグリフ 'uni6241.aalt' に交差がある
INFO:最終チェックのグリフ 'uni7B75.aalt' に交差がある
INFO:最終チェックのグリフ 'uni8258.aalt' に交差がある
INFO:最終チェックのグリフ 'uni8A1D.aalt' に交差がある
INFO:最終チェックのグリフ 'uni9A19.aalt' に交差がある
INFO:最終チェックのグリフ 'uni9D09.expt' に交差がある
INFO:最終チェックのグリフ 'uni62D0.aalt' に交差がある
INFO:最終チェックのグリフ 'uni6167.aalt' に交差がある
INFO:最終チェックのグリフ 'uni5ACC.aalt' に交差がある
INFO:最終チェックのグリフ 'uni91C7.aalt' に交差がある
INFO:最終チェックのグリフ 'uni5EE0.expt' に交差がある
INFO:最終チェックのグリフ 'uni68A2.aalt' に交差がある
INFO:最終チェックのグリフ 'uni976D.jp78' に交差がある
INFO:最終チェックのグリフ 'uni717D.jp78' に交差がある
INFO:最終チェックのグリフ 'uni5275.aalt' に交差がある
INFO:最終チェックのグリフ 'uni5544.aalt' に交差がある
INFO:最終チェックのグリフ 'uni68DA.aalt' に交差がある
INFO:最終チェックのグリフ 'uni83DF.jp78' に交差がある
INFO:最終チェックのグリフ 'uni9D07.aalt' に交差がある
INFO:最終チェックのグリフ 'uni9813.aalt' に交差がある
INFO:最終チェックのグリフ 'uni7C7E.expt' に交差がある
INFO:最終チェックのグリフ 'uni7652.jp78' に交差がある
INFO:最終チェックのグリフ 'uni7194.aalt' に交差がある
INFO:最終チェックのグリフ 'uni8000.expt' に交差がある
INFO:最終チェックのグリフ 'uni5189.aalt' に交差がある
INFO:最終チェックのグリフ 'uni580B.aalt' に交差がある
INFO:最終チェックのグリフ 'uni5ABE.aalt' に交差がある
INFO:最終チェックのグリフ 'uni787C.aalt' に交差がある
INFO:最終チェックのグリフ 'uni7A31.expt' に交差がある
INFO:最終チェックのグリフ 'uni7FD4.aalt' に交差がある
INFO:最終チェックのグリフ 'uni822E.expt' に交差がある
INFO:最終チェックのグリフ 'uni8375.aalt' に交差がある
INFO:最終チェックのグリフ 'uni8782.aalt' に交差がある
INFO:最終チェックのグリフ 'uni87D2.jp78' に交差がある
INFO:最終チェックのグリフ 'uni9087.expt' に交差がある
INFO:最終チェックのグリフ 'uni9771.jp78' に交差がある
INFO:最終チェックのグリフ 'uni9BF2.aalt' に交差がある
INFO:最終チェックのグリフ 'uni9EAA.expt' に交差がある
INFO:最終チェックのグリフ 'uni9F9C.expt' に交差がある
INFO:最終チェックのグリフ 'uni62F3.aalt' に交差がある
INFO:最終チェックのグリフ 'uni83DF.expt' に交差がある
INFO:最終チェックのグリフ 'uni7962.expt' に交差がある
INFO:最終チェックのグリフ 'uni6C08.expt' の参照が不正
INFO:最終チェックのグリフ 'uni7FE9.aalt' に交差がある
INFO:最終チェックのグリフ 'uni8759.aalt' に交差がある
INFO:最終チェックのグリフ 'uni880E.expt' に交差がある
INFO:最終チェックのグリフ 'uni87D2.expt' に交差がある
INFO:最終チェックのグリフ 'glyph12018' に交差がある
INFO:最終チェックのグリフ 'uni6717.trad' に交差がある
INFO:最終チェックのグリフ 'glyph12024' に交差がある
INFO:最終チェックのグリフ 'glyph12027' に交差がある
INFO:最終チェックのグリフ 'glyph12104' に交差がある
INFO:最終チェックのグリフ 'glyph12270' に交差がある
INFO:最終チェックのグリフ 'uni6709_uni9650_uni4F1A_uni793E.dlig' に交差がある
INFO:最終チェックのグリフ 'uniFF21.vert' に交差がある
INFO:最終チェックのグリフ 'uniFF28.vert' に交差がある
INFO:最終チェックのグリフ 'uniFF2B.vert' に交差がある
INFO:最終チェックのグリフ 'uniFF2D.vert' に交差がある
INFO:最終チェックのグリフ 'uniFF38.vert' に交差がある
INFO:最終チェックのグリフ 'daggerdbl.vert' に交差がある
INFO:最終チェックのグリフ 'uni32FF.vert' に交差がある
