INFO:最終チェックのグリフ 'R' に交差がある
INFO:最終チェックのグリフ 'backslash' に交差がある
INFO:最終チェックのグリフ 'x' に交差がある
INFO:最終チェックのグリフ 'guillemotleft' に交差がある
INFO:最終チェックのグリフ 'cedilla' に交差がある
INFO:最終チェックのグリフ 'aogonek' に交差がある
INFO:最終チェックのグリフ 'itilde' に交差がある
INFO:最終チェックのグリフ 'Racute' に交差がある
INFO:最終チェックのグリフ 'Rcaron' に交差がある
INFO:最終チェックのグリフ 'uni0273' に交差がある
INFO:最終チェックのグリフ 'uni028C' に交差がある
INFO:最終チェックのグリフ 'uni028D' に交差がある
INFO:最終チェックのグリフ 'uni028E' に交差がある
INFO:最終チェックのグリフ 'uni0290' に交差がある
INFO:最終チェックのグリフ 'uni0318' に交差がある
INFO:最終チェックのグリフ 'uni0319' に交差がある
INFO:最終チェックのグリフ 'Chi' に交差がある
INFO:最終チェックのグリフ 'alphatonos' に交差がある
INFO:最終チェックのグリフ 'upsilondieresistonos' に交差がある
INFO:最終チェックのグリフ 'alpha' に交差がある
INFO:最終チェックのグリフ 'upsilondieresis' に交差がある
INFO:最終チェックのグリフ 'upsilontonos' に交差がある
INFO:最終チェックのグリフ 'uni040C' に交差がある
INFO:最終チェックのグリフ 'uni041A' に交差がある
INFO:最終チェックのグリフ 'uni0425' に交差がある
INFO:最終チェックのグリフ 'uni0436' に交差がある
INFO:最終チェックのグリフ 'aleph' に交差がある
INFO:最終チェックのグリフ 'uni213B' に交差がある
INFO:最終チェックのグリフ 'uni2169' に交差がある
INFO:最終チェックのグリフ 'uni217A' に交差がある
INFO:最終チェックのグリフ 'uni2198' に交差がある
INFO:最終チェックのグリフ 'uni21C4' に交差がある
INFO:最終チェックのグリフ 'uni23C3' に交差がある
INFO:最終チェックのグリフ 'uni2489' に交差がある
INFO:最終チェックのグリフ 'uni248F' に交差がある
INFO:最終チェックのグリフ 'uni24A6' に交差がある
INFO:最終チェックのグリフ 'uni2605' に交差がある
INFO:最終チェックのグリフ 'uni2606' に交差がある
INFO:最終チェックのグリフ 'uni261D' に交差がある
INFO:最終チェックのグリフ 'spade' に交差がある
INFO:最終チェックのグリフ 'club' に交差がある
INFO:最終チェックのグリフ 'uni2664' に交差がある
INFO:最終チェックのグリフ 'uni2667' に交差がある
INFO:最終チェックのグリフ 'uni2778' に交差がある
INFO:最終チェックのグリフ 'uni3016' に交差がある
INFO:最終チェックのグリフ 'uni304C' に交差がある
INFO:最終チェックのグリフ 'uni3070' に交差がある
INFO:最終チェックのグリフ 'uni3071' に交差がある
INFO:最終チェックのグリフ 'uni307F' に交差がある
INFO:最終チェックのグリフ 'uni308B' に交差がある
INFO:最終チェックのグリフ 'uni30A9' に交差がある
INFO:最終チェックのグリフ 'uni30AB' に交差がある
INFO:最終チェックのグリフ 'uni30BC' に交差がある
INFO:最終チェックのグリフ 'uni30EB' に交差がある
INFO:最終チェックのグリフ 'uni30F5' に交差がある
INFO:最終チェックのグリフ 'uni31FD' に交差がある
INFO:最終チェックのグリフ 'uni3232' に交差がある
INFO:最終チェックのグリフ 'uni3234' に交差がある
INFO:最終チェックのグリフ 'uni3235' に交差がある
INFO:最終チェックのグリフ 'uni3236' に交差がある
INFO:最終チェックのグリフ 'uni3238' に交差がある
INFO:最終チェックのグリフ 'uni323F' に交差がある
INFO:最終チェックのグリフ 'uni3240' に交差がある
INFO:最終チェックのグリフ 'uni3299' に交差がある
INFO:最終チェックのグリフ 'uni3315' に交差がある
INFO:最終チェックのグリフ 'uni3316' に交差がある
INFO:最終チェックのグリフ 'uni332B' に交差がある
INFO:最終チェックのグリフ 'uni334D' に交差がある
INFO:最終チェックのグリフ 'uni3351' に交差がある
INFO:最終チェックのグリフ 'uni337B' に交差がある
INFO:最終チェックのグリフ 'uni337D' に交差がある
INFO:最終チェックのグリフ 'uni337F' に交差がある
INFO:最終チェックのグリフ 'uni3385' に交差がある
INFO:最終チェックのグリフ 'uni3387' に交差がある
INFO:最終チェックのグリフ 'uni3389' に交差がある
INFO:最終チェックのグリフ 'uni338F' に交差がある
INFO:最終チェックのグリフ 'uni3397' に交差がある
INFO:最終チェックのグリフ 'uni339E' に交差がある
INFO:最終チェックのグリフ 'uni33A2' に交差がある
INFO:最終チェックのグリフ 'uni33A6' に交差がある
INFO:最終チェックのグリフ 'uni3468' に交差がある
INFO:最終チェックのグリフ 'uni3492' に交差がある
INFO:最終チェックのグリフ 'uni34BC' に交差がある
INFO:最終チェックのグリフ 'uni34DB' に交差がある
INFO:最終チェックのグリフ 'uni351F' に交差がある
INFO:最終チェックのグリフ 'uni35F4' に交差がある
INFO:最終チェックのグリフ 'uni3762' に交差がある
INFO:最終チェックのグリフ 'uni3775' に交差がある
INFO:最終チェックのグリフ 'uni3840' に交差がある
INFO:最終チェックのグリフ 'uni385C' に交差がある
INFO:最終チェックのグリフ 'uni391A' に交差がある
INFO:最終チェックのグリフ 'uni3A73' に交差がある
INFO:最終チェックのグリフ 'uni3B1A' に交差がある
INFO:最終チェックのグリフ 'uni3B22' に交差がある
INFO:最終チェックのグリフ 'uni3B6D' に交差がある
INFO:最終チェックのグリフ 'uni3BB6' に交差がある
INFO:最終チェックのグリフ 'uni3BC3' に交差がある
INFO:最終チェックのグリフ 'uni3C0F' に交差がある
INFO:最終チェックのグリフ 'uni3E60' に交差がある
INFO:最終チェックのグリフ 'uni3E66' に交差がある
INFO:最終チェックのグリフ 'uni3E68' に交差がある
INFO:最終チェックのグリフ 'uni3E83' に交差がある
INFO:最終チェックのグリフ 'uni3FC9' に交差がある
INFO:最終チェックのグリフ 'uni3FD7' に交差がある
INFO:最終チェックのグリフ 'uni414F' に交差がある
INFO:最終チェックのグリフ 'uni41F3' に交差がある
INFO:最終チェックのグリフ 'uni432B' に交差がある
INFO:最終チェックのグリフ 'uni43EE' に交差がある
INFO:最終チェックのグリフ 'uni43F0' に交差がある
INFO:最終チェックのグリフ 'uni4408' に交差がある
INFO:最終チェックのグリフ 'uni4417' に交差がある
INFO:最終チェックのグリフ 'uni4422' に交差がある
INFO:最終チェックのグリフ 'uni445B' に交差がある
INFO:最終チェックのグリフ 'uni44D4' に交差がある
INFO:最終チェックのグリフ 'uni45E5' に交差がある
INFO:最終チェックのグリフ 'uni4665' に交差がある
INFO:最終チェックのグリフ 'uni46A1' に交差がある
INFO:最終チェックのグリフ 'uni46AF' に交差がある
INFO:最終チェックのグリフ 'uni470C' に交差がある
INFO:最終チェックのグリフ 'uni4764' に交差がある
INFO:最終チェックのグリフ 'uni4CC4' に交差がある
INFO:最終チェックのグリフ 'uni4CD1' に交差がある
INFO:最終チェックのグリフ 'uni4D07' に交差がある
INFO:最終チェックのグリフ 'uni4D77' に交差がある
INFO:最終チェックのグリフ 'uni4E0E' に交差がある
INFO:最終チェックのグリフ 'uni4E10' に交差がある
INFO:最終チェックのグリフ 'uni4E12' に交差がある
INFO:最終チェックのグリフ 'uni4E15' に交差がある
INFO:最終チェックのグリフ 'uni4E39' に交差がある
INFO:最終チェックのグリフ 'uni4E55' に交差がある
INFO:最終チェックのグリフ 'uni4E7E' に交差がある
INFO:最終チェックのグリフ 'uni4E82' に交差がある
INFO:最終チェックのグリフ 'uni4E88' に交差がある
INFO:最終チェックのグリフ 'uni4E9F' に交差がある
INFO:最終チェックのグリフ 'uni4EA6' に交差がある
INFO:最終チェックのグリフ 'uni4EA8' に交差がある
INFO:最終チェックのグリフ 'uni4EAB' に交差がある
INFO:最終チェックのグリフ 'uni4EAD' に交差がある
INFO:最終チェックのグリフ 'uni4EDE' に交差がある
INFO:最終チェックのグリフ 'uni4EDF' に交差がある
INFO:最終チェックのグリフ 'uni4EE3' に交差がある
INFO:最終チェックのグリフ 'uni4EED' に交差がある
INFO:最終チェックのグリフ 'uni4EF2' に交差がある
INFO:最終チェックのグリフ 'uni4EF5' に交差がある
INFO:最終チェックのグリフ 'uni4EF7' に交差がある
INFO:最終チェックのグリフ 'uni4F03' に交差がある
INFO:最終チェックのグリフ 'uni4F36' に交差がある
INFO:最終チェックのグリフ 'uni4F3A' に交差がある
INFO:最終チェックのグリフ 'uni4F3D' に交差がある
INFO:最終チェックのグリフ 'uni4F46' に交差がある
INFO:最終チェックのグリフ 'uni4F48' に交差がある
INFO:最終チェックのグリフ 'uni4F4E' に交差がある
INFO:最終チェックのグリフ 'uni4F54' に交差がある
INFO:最終チェックのグリフ 'uni4F5B' に交差がある
INFO:最終チェックのグリフ 'uni4F5D' に交差がある
INFO:最終チェックのグリフ 'uni4F5F' に交差がある
INFO:最終チェックのグリフ 'uni4F77' に交差がある
INFO:最終チェックのグリフ 'uni4F8B' に交差がある
INFO:最終チェックのグリフ 'uni4F8D' に交差がある
INFO:最終チェックのグリフ 'uni4F8F' に交差がある
INFO:最終チェックのグリフ 'uni4F91' に交差がある
INFO:最終チェックのグリフ 'uni4F96' に交差がある
INFO:最終チェックのグリフ 'uni4F97' に交差がある
INFO:最終チェックのグリフ 'uni4F98' に交差がある
INFO:最終チェックのグリフ 'uni4F9A' に交差がある
INFO:最終チェックのグリフ 'uni4FAB' に交差がある
INFO:最終チェックのグリフ 'uni4FAE' に交差がある
INFO:最終チェックのグリフ 'uni4FB2' に交差がある
INFO:最終チェックのグリフ 'uni4FB6' に交差がある
INFO:最終チェックのグリフ 'uni4FC3' に交差がある
INFO:最終チェックのグリフ 'uni4FC5' に交差がある
INFO:最終チェックのグリフ 'uni4FCF' に交差がある
INFO:最終チェックのグリフ 'uni4FD0' に交差がある
INFO:最終チェックのグリフ 'uni4FD1' に交差がある
INFO:最終チェックのグリフ 'uni4FDA' に交差がある
INFO:最終チェックのグリフ 'uni4FDF' に交差がある
INFO:最終チェックのグリフ 'uni4FE4' に交差がある
INFO:最終チェックのグリフ 'uni4FEF' に交差がある
INFO:最終チェックのグリフ 'uni4FF2' に交差がある
INFO:最終チェックのグリフ 'uni4FF6' に交差がある
INFO:最終チェックのグリフ 'uni4FFE' に交差がある
INFO:最終チェックのグリフ 'uni5005' に交差がある
INFO:最終チェックのグリフ 'uni5006' に交差がある
INFO:最終チェックのグリフ 'uni5010' に交差がある
INFO:最終チェックのグリフ 'uni5011' に交差がある
INFO:最終チェックのグリフ 'uni5013' に交差がある
INFO:最終チェックのグリフ 'uni501C' に交差がある
INFO:最終チェックのグリフ 'uni501E' に交差がある
INFO:最終チェックのグリフ 'uni5021' に交差がある
INFO:最終チェックのグリフ 'uni5022' に交差がある
INFO:最終チェックのグリフ 'uni5023' に交差がある
INFO:最終チェックのグリフ 'uni5025' に交差がある
INFO:最終チェックのグリフ 'uni5027' に交差がある
INFO:最終チェックのグリフ 'uni5028' に交差がある
INFO:最終チェックのグリフ 'uni5029' に交差がある
INFO:最終チェックのグリフ 'uni502B' に交差がある
INFO:最終チェックのグリフ 'uni502C' に交差がある
INFO:最終チェックのグリフ 'uni5041' に交差がある
INFO:最終チェックのグリフ 'uni5042' に交差がある
INFO:最終チェックのグリフ 'uni5046' に交差がある
INFO:最終チェックのグリフ 'uni5055' に交差がある
INFO:最終チェックのグリフ 'uni5056' に交差がある
INFO:最終チェックのグリフ 'uni5057' に交差がある
INFO:最終チェックのグリフ 'uni5063' に交差がある
INFO:最終チェックのグリフ 'uni5066' に交差がある
INFO:最終チェックのグリフ 'uni506C' に交差がある
INFO:最終チェックのグリフ 'uni5075' に交差がある
INFO:最終チェックのグリフ 'uni5078' に交差がある
INFO:最終チェックのグリフ 'uni5080' に交差がある
INFO:最終チェックのグリフ 'uni5085' に交差がある
INFO:最終チェックのグリフ 'uni508D' に交差がある
INFO:最終チェックのグリフ 'uni5093' に交差がある
INFO:最終チェックのグリフ 'uni5095' に交差がある
INFO:最終チェックのグリフ 'uni5096' に交差がある
INFO:最終チェックのグリフ 'uni509A' に交差がある
INFO:最終チェックのグリフ 'uni509C' に交差がある
INFO:最終チェックのグリフ 'uni50AA' に交差がある
INFO:最終チェックのグリフ 'uni50AD' に交差がある
INFO:最終チェックのグリフ 'uni50B1' に交差がある
INFO:最終チェックのグリフ 'uni50B3' に交差がある
INFO:最終チェックのグリフ 'uni50B7' に交差がある
INFO:最終チェックのグリフ 'uni50BA' に交差がある
INFO:最終チェックのグリフ 'uni50BB' に交差がある
INFO:最終チェックのグリフ 'uni50C4' に交差がある
INFO:最終チェックのグリフ 'uni50CA' に交差がある
INFO:最終チェックのグリフ 'uni50CE' に交差がある
INFO:最終チェックのグリフ 'uni50CF' に交差がある
INFO:最終チェックのグリフ 'uni50D1' に交差がある
INFO:最終チェックのグリフ 'uni50D4' に交差がある
INFO:最終チェックのグリフ 'uni50DE' に交差がある
INFO:最終チェックのグリフ 'uni50E1' に交差がある
INFO:最終チェックのグリフ 'uni50E6' に交差がある
INFO:最終チェックのグリフ 'uni50E9' に交差がある
INFO:最終チェックのグリフ 'uni50ED' に交差がある
INFO:最終チェックのグリフ 'uni50EE' に交差がある
INFO:最終チェックのグリフ 'uni50F3' に交差がある
INFO:最終チェックのグリフ 'uni50F4' に交差がある
INFO:最終チェックのグリフ 'uni50F5' に交差がある
INFO:最終チェックのグリフ 'uni50F9' に交差がある
INFO:最終チェックのグリフ 'uni50FB' に交差がある
INFO:最終チェックのグリフ 'uni5101' に交差がある
INFO:最終チェックのグリフ 'uni5108' に交差がある
INFO:最終チェックのグリフ 'uni5109' に交差がある
INFO:最終チェックのグリフ 'uni5112' に交差がある
INFO:最終チェックのグリフ 'uni5114' に交差がある
INFO:最終チェックのグリフ 'uni5115' に交差がある
INFO:最終チェックのグリフ 'uni5117' に交差がある
INFO:最終チェックのグリフ 'uni5118' に交差がある
INFO:最終チェックのグリフ 'uni511E' に交差がある
INFO:最終チェックのグリフ 'uni5164' に交差がある
INFO:最終チェックのグリフ 'uni5182' に交差がある
INFO:最終チェックのグリフ 'uni5186' に交差がある
INFO:最終チェックのグリフ 'uni518A' に交差がある
INFO:最終チェックのグリフ 'uni518C' に交差がある
INFO:最終チェックのグリフ 'uni518D' に交差がある
INFO:最終チェックのグリフ 'uni5190' に交差がある
INFO:最終チェックのグリフ 'uni51A2' に交差がある
INFO:最終チェックのグリフ 'uni51A6' に交差がある
INFO:最終チェックのグリフ 'uni51A9' に交差がある
INFO:最終チェックのグリフ 'uni51AA' に交差がある
INFO:最終チェックのグリフ 'uni51AD' に交差がある
INFO:最終チェックのグリフ 'uni51B0' に交差がある
INFO:最終チェックのグリフ 'uni51B4' に交差がある
INFO:最終チェックのグリフ 'uni51C3' に交差がある
INFO:最終チェックのグリフ 'uni51DD' に交差がある
INFO:最終チェックのグリフ 'uni51EE' に交差がある
INFO:最終チェックのグリフ 'uni5206' に交差がある
INFO:最終チェックのグリフ 'uni5207' に交差がある
INFO:最終チェックのグリフ 'uni5212' に交差がある
INFO:最終チェックのグリフ 'uni5215' に交差がある
INFO:最終チェックのグリフ 'uni5217' に交差がある
INFO:最終チェックのグリフ 'uni521D' に交差がある
INFO:最終チェックのグリフ 'uni5224' に交差がある
INFO:最終チェックのグリフ 'uni5225' に交差がある
INFO:最終チェックのグリフ 'uni5227' に交差がある
INFO:最終チェックのグリフ 'uni5229' に交差がある
INFO:最終チェックのグリフ 'uni522A' に交差がある
INFO:最終チェックのグリフ 'uni522E' に交差がある
INFO:最終チェックのグリフ 'uni5230' に交差がある
INFO:最終チェックのグリフ 'uni5233' に交差がある
INFO:最終チェックのグリフ 'uni5236' に交差がある
INFO:最終チェックのグリフ 'uni5237' に交差がある
INFO:最終チェックのグリフ 'uni523A' に交差がある
INFO:最終チェックのグリフ 'uni523B' に交差がある
INFO:最終チェックのグリフ 'uni5247' に交差がある
INFO:最終チェックのグリフ 'uni524D' に交差がある
INFO:最終チェックのグリフ 'uni5254' に交差がある
INFO:最終チェックのグリフ 'uni5255' に交差がある
INFO:最終チェックのグリフ 'uni525B' に交差がある
INFO:最終チェックのグリフ 'uni525C' に交差がある
INFO:最終チェックのグリフ 'uni525D' に交差がある
INFO:最終チェックのグリフ 'uni525E' に交差がある
INFO:最終チェックのグリフ 'uni5265' に交差がある
INFO:最終チェックのグリフ 'uni526A' に交差がある
INFO:最終チェックのグリフ 'uni526C' に交差がある
INFO:最終チェックのグリフ 'uni526F' に交差がある
INFO:最終チェックのグリフ 'uni5271' に交差がある
INFO:最終チェックのグリフ 'uni5272' に交差がある
INFO:最終チェックのグリフ 'uni5275' に交差がある
INFO:最終チェックのグリフ 'uni527D' に交差がある
INFO:最終チェックのグリフ 'uni5282' に交差がある
INFO:最終チェックのグリフ 'uni5283' に交差がある
INFO:最終チェックのグリフ 'uni5289' に交差がある
INFO:最終チェックのグリフ 'uni5291' に交差がある
INFO:最終チェックのグリフ 'uni5292' に交差がある
INFO:最終チェックのグリフ 'uni5293' に交差がある
INFO:最終チェックのグリフ 'uni5298' に交差がある
INFO:最終チェックのグリフ 'uni529B' に交差がある
INFO:最終チェックのグリフ 'uni529F' に交差がある
INFO:最終チェックのグリフ 'uni52A3' に交差がある
INFO:最終チェックのグリフ 'uni52A4' に交差がある
INFO:最終チェックのグリフ 'uni52A6' に交差がある
INFO:最終チェックのグリフ 'uni52AD' に交差がある
INFO:最終チェックのグリフ 'uni52AF' に交差がある
INFO:最終チェックのグリフ 'uni52B5' に交差がある
INFO:最終チェックのグリフ 'uni52B9' に交差がある
INFO:最終チェックのグリフ 'uni52BA' に交差がある
INFO:最終チェックのグリフ 'uni52BC' に交差がある
INFO:最終チェックのグリフ 'uni52BE' に交差がある
INFO:最終チェックのグリフ 'uni52C0' に交差がある
INFO:最終チェックのグリフ 'uni52C3' に交差がある
INFO:最終チェックのグリフ 'uni52CD' に交差がある
INFO:最終チェックのグリフ 'uni52D0' に交差がある
INFO:最終チェックのグリフ 'uni52D1' に交差がある
INFO:最終チェックのグリフ 'uni52D2' に交差がある
INFO:最終チェックのグリフ 'uni52DD' に交差がある
INFO:最終チェックのグリフ 'uni52F0' に交差がある
INFO:最終チェックのグリフ 'uni52F5' に交差がある
INFO:最終チェックのグリフ 'uni52F8' に交差がある
INFO:最終チェックのグリフ 'uni52FF' に交差がある
INFO:最終チェックのグリフ 'uni530D' に交差がある
INFO:最終チェックのグリフ 'uni5310' に交差がある
INFO:最終チェックのグリフ 'uni532F' に交差がある
INFO:最終チェックのグリフ 'uni5335' に交差がある
INFO:最終チェックのグリフ 'uni5338' に交差がある
INFO:最終チェックのグリフ 'uni533E' に交差がある
INFO:最終チェックのグリフ 'uni5354' に交差がある
INFO:最終チェックのグリフ 'uni5357' に交差がある
INFO:最終チェックのグリフ 'uni535A' に交差がある
INFO:最終チェックのグリフ 'uni5375' に交差がある
INFO:最終チェックのグリフ 'uni5396' に交差がある
INFO:最終チェックのグリフ 'uni53A0' に交差がある
INFO:最終チェックのグリフ 'uni53A4' に交差がある
INFO:最終チェックのグリフ 'uni53B2' に交差がある
INFO:最終チェックのグリフ 'uni53F7' に交差がある
INFO:最終チェックのグリフ 'uni540A' に交差がある
INFO:最終チェックのグリフ 'uni540B' に交差がある
INFO:最終チェックのグリフ 'uni541E' に交差がある
INFO:最終チェックのグリフ 'uni5436' に交差がある
INFO:最終チェックのグリフ 'uni543B' に交差がある
INFO:最終チェックのグリフ 'uni543C' に交差がある
INFO:最終チェックのグリフ 'uni5440' に交差がある
INFO:最終チェックのグリフ 'uni5451' に交差がある
INFO:最終チェックのグリフ 'uni5468' に交差がある
INFO:最終チェックのグリフ 'uni548F' に交差がある
INFO:最終チェックのグリフ 'uni54A0' に交差がある
INFO:最終チェックのグリフ 'uni54AE' に交差がある
INFO:最終チェックのグリフ 'uni54B7' に交差がある
INFO:最終チェックのグリフ 'uni54BC' に交差がある
INFO:最終チェックのグリフ 'uni54BE' に交差がある
INFO:最終チェックのグリフ 'uni54D8' に交差がある
INFO:最終チェックのグリフ 'uni54E5' に交差がある
INFO:最終チェックのグリフ 'uni54EE' に交差がある
INFO:最終チェックのグリフ 'uni54FF' に交差がある
INFO:最終チェックのグリフ 'uni5500' に交差がある
INFO:最終チェックのグリフ 'uni5546' に交差がある
INFO:最終チェックのグリフ 'uni557C' に交差がある
INFO:最終チェックのグリフ 'uni5587' に交差がある
INFO:最終チェックのグリフ 'uni558E' に交差がある
INFO:最終チェックのグリフ 'uni55AC' に交差がある
INFO:最終チェックのグリフ 'uni55CE' に交差がある
INFO:最終チェックのグリフ 'uni55D4' に交差がある
INFO:最終チェックのグリフ 'uni55DA' に交差がある
INFO:最終チェックのグリフ 'uni55DF' に交差がある
INFO:最終チェックのグリフ 'uni55E3' に交差がある
INFO:最終チェックのグリフ 'uni55F7' に交差がある
INFO:最終チェックのグリフ 'uni5618' に交差がある
INFO:最終チェックのグリフ 'uni5630' に交差がある
INFO:最終チェックのグリフ 'uni563F' に交差がある
INFO:最終チェックのグリフ 'uni5642' に交差がある
INFO:最終チェックのグリフ 'uni5647' に交差がある
INFO:最終チェックのグリフ 'uni564C' に交差がある
INFO:最終チェックのグリフ 'uni564E' に交差がある
INFO:最終チェックのグリフ 'uni565E' に交差がある
INFO:最終チェックのグリフ 'uni5664' に交差がある
INFO:最終チェックのグリフ 'uni566B' に交差がある
INFO:最終チェックのグリフ 'uni5671' に交差がある
INFO:最終チェックのグリフ 'uni5686' に交差がある
INFO:最終チェックのグリフ 'uni5688' に交差がある
INFO:最終チェックのグリフ 'uni568C' に交差がある
INFO:最終チェックのグリフ 'uni5695' に交差がある
INFO:最終チェックのグリフ 'uni56A8' に交差がある
INFO:最終チェックのグリフ 'uni56A9' に交差がある
INFO:最終チェックのグリフ 'uni56BC' に交差がある
INFO:最終チェックのグリフ 'uni56D1' に交差がある
INFO:最終チェックのグリフ 'uni56D3' に交差がある
INFO:最終チェックのグリフ 'uni56D8' に交差がある
INFO:最終チェックのグリフ 'uni570B' に交差がある
INFO:最終チェックのグリフ 'uni5747' に交差がある
INFO:最終チェックのグリフ 'uni5773' に交差がある
INFO:最終チェックのグリフ 'uni5775' に交差がある
INFO:最終チェックのグリフ 'uni577B' に交差がある
INFO:最終チェックのグリフ 'uni577F' に交差がある
INFO:最終チェックのグリフ 'uni5789' に交差がある
INFO:最終チェックのグリフ 'uni579D' に交差がある
INFO:最終チェックのグリフ 'uni579E' に交差がある
INFO:最終チェックのグリフ 'uni57B3' に交差がある
INFO:最終チェックのグリフ 'uni57C0' に交差がある
INFO:最終チェックのグリフ 'uni57C6' に交差がある
INFO:最終チェックのグリフ 'uni57C7' に交差がある
INFO:最終チェックのグリフ 'uni57CB' に交差がある
INFO:最終チェックのグリフ 'uni57D3' に交差がある
INFO:最終チェックのグリフ 'uni57DE' に交差がある
INFO:最終チェックのグリフ 'uni57F8' に交差がある
INFO:最終チェックのグリフ 'uni57FB' に交差がある
INFO:最終チェックのグリフ 'uni57FC' に交差がある
INFO:最終チェックのグリフ 'uni57FD' に交差がある
INFO:最終チェックのグリフ 'uni580B' に交差がある
INFO:最終チェックのグリフ 'uni581E' に交差がある
INFO:最終チェックのグリフ 'uni5821' に交差がある
INFO:最終チェックのグリフ 'uni5824' に交差がある
INFO:最終チェックのグリフ 'uni582F' に交差がある
INFO:最終チェックのグリフ 'uni5832' に交差がある
INFO:最終チェックのグリフ 'uni5834' に交差がある
INFO:最終チェックのグリフ 'uni5849' に交差がある
INFO:最終チェックのグリフ 'uni5858' に交差がある
INFO:最終チェックのグリフ 'uni585A' に交差がある
INFO:最終チェックのグリフ 'uni5862' に交差がある
INFO:最終チェックのグリフ 'uni5867' に交差がある
INFO:最終チェックのグリフ 'uni587C' に交差がある
INFO:最終チェックのグリフ 'uni5894' に交差がある
INFO:最終チェックのグリフ 'uni589D' に交差がある
INFO:最終チェックのグリフ 'uni58A9' に交差がある
INFO:最終チェックのグリフ 'uni58AB' に交差がある
INFO:最終チェックのグリフ 'uni58B1' に交差がある
INFO:最終チェックのグリフ 'uni58B9' に交差がある
INFO:最終チェックのグリフ 'uni58D7' に交差がある
INFO:最終チェックのグリフ 'uni58E0' に交差がある
INFO:最終チェックのグリフ 'uni58E2' に交差がある
INFO:最終チェックのグリフ 'uni58E9' に交差がある
INFO:最終チェックのグリフ 'uni58FA' に交差がある
INFO:最終チェックのグリフ 'uni590B' に交差がある
INFO:最終チェックのグリフ 'uni5946' に交差がある
INFO:最終チェックのグリフ 'uni5947' に交差がある
INFO:最終チェックのグリフ 'uni595B' に交差がある
INFO:最終チェックのグリフ 'uni595D' に交差がある
INFO:最終チェックのグリフ 'uni5962' に交差がある
INFO:最終チェックのグリフ 'uni5963' に交差がある
INFO:最終チェックのグリフ 'uni596A' に交差がある
INFO:最終チェックのグリフ 'uni5975' に交差がある
INFO:最終チェックのグリフ 'uni5976' に交差がある
INFO:最終チェックのグリフ 'uni597C' に交差がある
INFO:最終チェックのグリフ 'uni597D' に交差がある
INFO:最終チェックのグリフ 'uni5981' に交差がある
INFO:最終チェックのグリフ 'uni59B9' に交差がある
INFO:最終チェックのグリフ 'uni59D9' に交差がある
INFO:最終チェックのグリフ 'uni59DA' に交差がある
INFO:最終チェックのグリフ 'uni59F8' に交差がある
INFO:最終チェックのグリフ 'uni59FB' に交差がある
INFO:最終チェックのグリフ 'uni5A09' に交差がある
INFO:最終チェックのグリフ 'uni5A0D' に交差がある
INFO:最終チェックのグリフ 'uni5A17' に交差がある
INFO:最終チェックのグリフ 'uni5A20' に交差がある
INFO:最終チェックのグリフ 'uni5A2F' に交差がある
INFO:最終チェックのグリフ 'uni5A40' に交差がある
INFO:最終チェックのグリフ 'uni5A55' に交差がある
INFO:最終チェックのグリフ 'uni5A7E' に交差がある
INFO:最終チェックのグリフ 'uni5A7F' に交差がある
INFO:最終チェックのグリフ 'uni5AA0' に交差がある
INFO:最終チェックのグリフ 'uni5ABA' に交差がある
INFO:最終チェックのグリフ 'uni5ABD' に交差がある
INFO:最終チェックのグリフ 'uni5ABE' に交差がある
INFO:最終チェックのグリフ 'uni5ABF' に交差がある
INFO:最終チェックのグリフ 'uni5AC1' に交差がある
INFO:最終チェックのグリフ 'uni5AC4' に交差がある
INFO:最終チェックのグリフ 'uni5ACB' に交差がある
INFO:最終チェックのグリフ 'uni5AD0' に交差がある
INFO:最終チェックのグリフ 'uni5AE1' に交差がある
INFO:最終チェックのグリフ 'uni5AE3' に交差がある
INFO:最終チェックのグリフ 'uni5AE6' に交差がある
INFO:最終チェックのグリフ 'uni5B00' に交差がある
INFO:最終チェックのグリフ 'uni5B2D' に交差がある
INFO:最終チェックのグリフ 'uni5B30' に交差がある
INFO:最終チェックのグリフ 'uni5B34' に交差がある
INFO:最終チェックのグリフ 'uni5B45' に交差がある
INFO:最終チェックのグリフ 'uni5B54' に交差がある
INFO:最終チェックのグリフ 'uni5B58' に交差がある
INFO:最終チェックのグリフ 'uni5B5A' に交差がある
INFO:最終チェックのグリフ 'uni5B5B' に交差がある
INFO:最終チェックのグリフ 'uni5B5D' に交差がある
INFO:最終チェックのグリフ 'uni5B66' に交差がある
INFO:最終チェックのグリフ 'uni5B68' に交差がある
INFO:最終チェックのグリフ 'uni5B6B' に交差がある
INFO:最終チェックのグリフ 'uni5B70' に交差がある
INFO:最終チェックのグリフ 'uni5B75' に交差がある
INFO:最終チェックのグリフ 'uni5B78' に交差がある
INFO:最終チェックのグリフ 'uni5B7A' に交差がある
INFO:最終チェックのグリフ 'uni5B7D' に交差がある
INFO:最終チェックのグリフ 'uni5B7F' に交差がある
INFO:最終チェックのグリフ 'uni5B88' に交差がある
INFO:最終チェックのグリフ 'uni5B96' に交差がある
INFO:最終チェックのグリフ 'uni5BA5' に交差がある
INFO:最終チェックのグリフ 'uni5BCE' に交差がある
INFO:最終チェックのグリフ 'uni5BD0' に交差がある
INFO:最終チェックのグリフ 'uni5BEB' に交差がある
INFO:最終チェックのグリフ 'uni5BFA' に交差がある
INFO:最終チェックのグリフ 'uni5C02' に交差がある
INFO:最終チェックのグリフ 'uni5C04' に交差がある
INFO:最終チェックのグリフ 'uni5C07' に交差がある
INFO:最終チェックのグリフ 'uni5C08' に交差がある
INFO:最終チェックのグリフ 'uni5C09' に交差がある
INFO:最終チェックのグリフ 'uni5C0A' に交差がある
INFO:最終チェックのグリフ 'uni5C0B' に交差がある
INFO:最終チェックのグリフ 'uni5C12' に交差がある
INFO:最終チェックのグリフ 'uni5C13' に交差がある
INFO:最終チェックのグリフ 'uni5C1E' に交差がある
INFO:最終チェックのグリフ 'uni5C28' に交差がある
INFO:最終チェックのグリフ 'uni5C3F' に交差がある
INFO:最終チェックのグリフ 'uni5C76' に交差がある
INFO:最終チェックのグリフ 'uni5C88' に交差がある
INFO:最終チェックのグリフ 'uni5C91' に交差がある
INFO:最終チェックのグリフ 'uni5C94' に交差がある
INFO:最終チェックのグリフ 'uni5CA0' に交差がある
INFO:最終チェックのグリフ 'uni5CA1' に交差がある
INFO:最終チェックのグリフ 'uni5CA3' に交差がある
INFO:最終チェックのグリフ 'uni5CAA' に交差がある
INFO:最終チェックのグリフ 'uni5CB1' に交差がある
INFO:最終チェックのグリフ 'uni5CBA' に交差がある
INFO:最終チェックのグリフ 'uni5CBB' に交差がある
INFO:最終チェックのグリフ 'uni5CD2' に交差がある
INFO:最終チェックのグリフ 'uni5CE8' に交差がある
INFO:最終チェックのグリフ 'uni5D0D' に交差がある
INFO:最終チェックのグリフ 'uni5D14' に交差がある
INFO:最終チェックのグリフ 'uni5D17' に交差がある
INFO:最終チェックのグリフ 'uni5D18' に交差がある
INFO:最終チェックのグリフ 'uni5D19' に交差がある
INFO:最終チェックのグリフ 'uni5D1D' に交差がある
INFO:最終チェックのグリフ 'uni5D22' に交差がある
INFO:最終チェックのグリフ 'uni5D24' に交差がある
INFO:最終チェックのグリフ 'uni5D29' に交差がある
INFO:最終チェックのグリフ 'uni5D31' に交差がある
INFO:最終チェックのグリフ 'uni5D39' に交差がある
INFO:最終チェックのグリフ 'uni5D4A' に交差がある
INFO:最終チェックのグリフ 'uni5D4C' に交差がある
INFO:最終チェックのグリフ 'uni5D69' に交差がある
INFO:最終チェックのグリフ 'uni5D6C' に交差がある
INFO:最終チェックのグリフ 'uni5D76' に交差がある
INFO:最終チェックのグリフ 'uni5D88' に交差がある
INFO:最終チェックのグリフ 'uni5D8C' に交差がある
INFO:最終チェックのグリフ 'uni5D9D' に交差がある
INFO:最終チェックのグリフ 'uni5DA0' に交差がある
INFO:最終チェックのグリフ 'uni5DB0' に交差がある
INFO:最終チェックのグリフ 'uni5DB7' に交差がある
INFO:最終チェックのグリフ 'uni5DB8' に交差がある
INFO:最終チェックのグリフ 'uni5DD2' に交差がある
INFO:最終チェックのグリフ 'uni5DD7' に交差がある
INFO:最終チェックのグリフ 'uni5DD8' に交差がある
INFO:最終チェックのグリフ 'uni5DEE' に交差がある
INFO:最終チェックのグリフ 'uni5E0C' に交差がある
INFO:最終チェックのグリフ 'uni5E12' に交差がある
INFO:最終チェックのグリフ 'uni5E1A' に交差がある
INFO:最終チェックのグリフ 'uni5E1B' に交差がある
INFO:最終チェックのグリフ 'uni5E1D' に交差がある
INFO:最終チェックのグリフ 'uni5E1F' に交差がある
INFO:最終チェックのグリフ 'uni5E2D' に交差がある
INFO:最終チェックのグリフ 'uni5E2E' に交差がある
INFO:最終チェックのグリフ 'uni5E2F' に交差がある
INFO:最終チェックのグリフ 'uni5E38' に交差がある
INFO:最終チェックのグリフ 'uni5E3E' に交差がある
INFO:最終チェックのグリフ 'uni5E40' に交差がある
INFO:最終チェックのグリフ 'uni5E54' に交差がある
INFO:最終チェックのグリフ 'uni5E55' に交差がある
INFO:最終チェックのグリフ 'uni5E58' に交差がある
INFO:最終チェックのグリフ 'uni5E5F' に交差がある
INFO:最終チェックのグリフ 'uni5E61' に交差がある
INFO:最終チェックのグリフ 'uni5E62' に交差がある
INFO:最終チェックのグリフ 'uni5E64' に交差がある
INFO:最終チェックのグリフ 'uni5E8F' に交差がある
INFO:最終チェックのグリフ 'uni5EC6' に交差がある
INFO:最終チェックのグリフ 'uni5ED0' に交差がある
INFO:最終チェックのグリフ 'uni5ED2' に交差がある
INFO:最終チェックのグリフ 'uni5F0A' に交差がある
INFO:最終チェックのグリフ 'uni5F11' に交差がある
INFO:最終チェックのグリフ 'uni5F1C' に交差がある
INFO:最終チェックのグリフ 'uni5F1D' に交差がある
INFO:最終チェックのグリフ 'uni5F1E' に交差がある
INFO:最終チェックのグリフ 'uni5F23' に交差がある
INFO:最終チェックのグリフ 'uni5F25' に交差がある
INFO:最終チェックのグリフ 'uni5F29' に交差がある
INFO:最終チェックのグリフ 'uni5F34' に交差がある
INFO:最終チェックのグリフ 'uni5F38' に交差がある
INFO:最終チェックのグリフ 'uni5F3C' に交差がある
INFO:最終チェックのグリフ 'uni5F41' に交差がある
INFO:最終チェックのグリフ 'uni5F4C' に交差がある
INFO:最終チェックのグリフ 'uni5F4E' に交差がある
INFO:最終チェックのグリフ 'uni5F6A' に交差がある
INFO:最終チェックのグリフ 'uni5F6B' に交差がある
INFO:最終チェックのグリフ 'uni5F71' に交差がある
INFO:最終チェックのグリフ 'uni5F72' に交差がある
INFO:最終チェックのグリフ 'uni5F77' に交差がある
INFO:最終チェックのグリフ 'uni5F7C' に交差がある
INFO:最終チェックのグリフ 'uni5F7D' に交差がある
INFO:最終チェックのグリフ 'uni5F7F' に交差がある
INFO:最終チェックのグリフ 'uni5F82' に交差がある
INFO:最終チェックのグリフ 'uni5F87' に交差がある
INFO:最終チェックのグリフ 'uni5F88' に交差がある
INFO:最終チェックのグリフ 'uni5F8C' に交差がある
INFO:最終チェックのグリフ 'uni5F90' に交差がある
INFO:最終チェックのグリフ 'uni5F91' に交差がある
INFO:最終チェックのグリフ 'uni5F92' に交差がある
INFO:最終チェックのグリフ 'uni5F93' に交差がある
INFO:最終チェックのグリフ 'uni5F97' に交差がある
INFO:最終チェックのグリフ 'uni5F99' に交差がある
INFO:最終チェックのグリフ 'uni5F9C' に交差がある
INFO:最終チェックのグリフ 'uni5F9E' に交差がある
INFO:最終チェックのグリフ 'uni5FA0' に交差がある
INFO:最終チェックのグリフ 'uni5FA7' に交差がある
INFO:最終チェックのグリフ 'uni5FAF' に交差がある
INFO:最終チェックのグリフ 'uni5FB7' に交差がある
INFO:最終チェックのグリフ 'uni5FB8' に交差がある
INFO:最終チェックのグリフ 'uni5FBC' に交差がある
INFO:最終チェックのグリフ 'uni5FC7' に交差がある
INFO:最終チェックのグリフ 'uni5FD6' に交差がある
INFO:最終チェックのグリフ 'uni5FDD' に交差がある
INFO:最終チェックのグリフ 'uni5FE2' に交差がある
INFO:最終チェックのグリフ 'uni5FE4' に交差がある
INFO:最終チェックのグリフ 'uni5FEB' に交差がある
INFO:最終チェックのグリフ 'uni5FF0' に交差がある
INFO:最終チェックのグリフ 'uni5FF1' に交差がある
INFO:最終チェックのグリフ 'uni5FF8' に交差がある
INFO:最終チェックのグリフ 'uni600D' に交差がある
INFO:最終チェックのグリフ 'uni6010' に交差がある
INFO:最終チェックのグリフ 'uni6022' に交差がある
INFO:最終チェックのグリフ 'uni602B' に交差がある
INFO:最終チェックのグリフ 'uni604A' に交差がある
INFO:最終チェックのグリフ 'uni604C' に交差がある
INFO:最終チェックのグリフ 'uni6068' に交差がある
INFO:最終チェックのグリフ 'uni606A' に交差がある
INFO:最終チェックのグリフ 'uni606B' に交差がある
INFO:最終チェックのグリフ 'uni6081' に交差がある
INFO:最終チェックのグリフ 'uni6094' に交差がある
INFO:最終チェックのグリフ 'uni6095' に交差がある
INFO:最終チェックのグリフ 'uni609A' に交差がある
INFO:最終チェックのグリフ 'uni60A0' に交差がある
INFO:最終チェックのグリフ 'uni60A7' に交差がある
INFO:最終チェックのグリフ 'uni60B0' に交差がある
INFO:最終チェックのグリフ 'uni60C7' に交差がある
INFO:最終チェックのグリフ 'uni60D5' に交差がある
INFO:最終チェックのグリフ 'uni60D8' に交差がある
INFO:最終チェックのグリフ 'uni60E7' に交差がある
INFO:最終チェックのグリフ 'uni60E8' に交差がある
INFO:最終チェックのグリフ 'uni60F0' に交差がある
INFO:最終チェックのグリフ 'uni60F1' に交差がある
INFO:最終チェックのグリフ 'uni60F4' に交差がある
INFO:最終チェックのグリフ 'uni60F8' に交差がある
INFO:最終チェックのグリフ 'uni60FA' に交差がある
INFO:最終チェックのグリフ 'uni6106' に交差がある
INFO:最終チェックのグリフ 'uni6109' に交差がある
INFO:最終チェックのグリフ 'uni6111' に交差がある
INFO:最終チェックのグリフ 'uni6113' に交差がある
INFO:最終チェックのグリフ 'uni611C' に交差がある
INFO:最終チェックのグリフ 'uni6127' に交差がある
INFO:最終チェックのグリフ 'uni612B' に交差がある
INFO:最終チェックのグリフ 'uni6134' に交差がある
INFO:最終チェックのグリフ 'uni613A' に交差がある
INFO:最終チェックのグリフ 'uni613C' に交差がある
INFO:最終チェックのグリフ 'uni6144' に交差がある
INFO:最終チェックのグリフ 'uni6153' に交差がある
INFO:最終チェックのグリフ 'uni6168' に交差がある
INFO:最終チェックのグリフ 'uni6173' に交差がある
INFO:最終チェックのグリフ 'uni6177' に交差がある
INFO:最終チェックのグリフ 'uni617E' に交差がある
INFO:最終チェックのグリフ 'uni61A4' に交差がある
INFO:最終チェックのグリフ 'uni61A8' に交差がある
INFO:最終チェックのグリフ 'uni61BA' に交差がある
INFO:最終チェックのグリフ 'uni61CA' に交差がある
INFO:最終チェックのグリフ 'uni61D0' に交差がある
INFO:最終チェックのグリフ 'uni61DD' に交差がある
INFO:最終チェックのグリフ 'uni61E3' に交差がある
INFO:最終チェックのグリフ 'uni61F4' の参照が不正
INFO:最終チェックのグリフ 'uni61F7' に交差がある
INFO:最終チェックのグリフ 'uni6200' に交差がある
INFO:最終チェックのグリフ 'uni621A' に交差がある
INFO:最終チェックのグリフ 'uni621B' に交差がある
INFO:最終チェックのグリフ 'uni622A' に交差がある
INFO:最終チェックのグリフ 'uni6230' に交差がある
INFO:最終チェックのグリフ 'uni6233' に交差がある
INFO:最終チェックのグリフ 'uni6247' に交差がある
INFO:最終チェックのグリフ 'uni6248' に交差がある
INFO:最終チェックのグリフ 'uni624B' に交差がある
INFO:最終チェックのグリフ 'uni624C' に交差がある
INFO:最終チェックのグリフ 'uni6251' に交差がある
INFO:最終チェックのグリフ 'uni625E' に交差がある
INFO:最終チェックのグリフ 'uni6273' に交差がある
INFO:最終チェックのグリフ 'uni6279' に交差がある
INFO:最終チェックのグリフ 'uni627F' に交差がある
INFO:最終チェックのグリフ 'uni6285' に交差がある
INFO:最終チェックのグリフ 'uni6295' に交差がある
INFO:最終チェックのグリフ 'uni629E' に交差がある
INFO:最終チェックのグリフ 'uni62A6' に交差がある
INFO:最終チェックのグリフ 'uni62AB' に交差がある
INFO:最終チェックのグリフ 'uni62B5' に交差がある
INFO:最終チェックのグリフ 'uni62B9' に交差がある
INFO:最終チェックのグリフ 'uni62BB' に交差がある
INFO:最終チェックのグリフ 'uni62C4' に交差がある
INFO:最終チェックのグリフ 'uni62C9' に交差がある
INFO:最終チェックのグリフ 'uni62CA' に交差がある
INFO:最終チェックのグリフ 'uni62D7' に交差がある
INFO:最終チェックのグリフ 'uni62DB' に交差がある
INFO:最終チェックのグリフ 'uni62DD' に交差がある
INFO:最終チェックのグリフ 'uni62EE' に交差がある
INFO:最終チェックのグリフ 'uni62F5' に交差がある
INFO:最終チェックのグリフ 'uni62F6' に交差がある
INFO:最終チェックのグリフ 'uni6302' に交差がある
INFO:最終チェックのグリフ 'uni630C' に交差がある
INFO:最終チェックのグリフ 'uni630D' に交差がある
INFO:最終チェックのグリフ 'uni633A' に交差がある
INFO:最終チェックのグリフ 'uni633B' に交差がある
INFO:最終チェックのグリフ 'uni633C' に交差がある
INFO:最終チェックのグリフ 'uni633D' に交差がある
INFO:最終チェックのグリフ 'uni633E' に交差がある
INFO:最終チェックのグリフ 'uni6341' に交差がある
INFO:最終チェックのグリフ 'uni634E' に交差がある
INFO:最終チェックのグリフ 'uni6350' に交差がある
INFO:最終チェックのグリフ 'uni6355' に交差がある
INFO:最終チェックのグリフ 'uni6357' に交差がある
INFO:最終チェックのグリフ 'uni635C' に交差がある
INFO:最終チェックのグリフ 'uni6365' に交差がある
INFO:最終チェックのグリフ 'uni636C' に交差がある
INFO:最終チェックのグリフ 'uni637A' に交差がある
INFO:最終チェックのグリフ 'uni637B' に交差がある
INFO:最終チェックのグリフ 'uni6389' に交差がある
INFO:最終チェックのグリフ 'uni638F' に交差がある
INFO:最終チェックのグリフ 'uni6392' に交差がある
INFO:最終チェックのグリフ 'uni6394' に交差がある
INFO:最終チェックのグリフ 'uni6399' に交差がある
INFO:最終チェックのグリフ 'uni639F' に交差がある
INFO:最終チェックのグリフ 'uni63A0' に交差がある
INFO:最終チェックのグリフ 'uni63A1' に交差がある
INFO:最終チェックのグリフ 'uni63AC' に交差がある
INFO:最終チェックのグリフ 'uni63BD' に交差がある
INFO:最終チェックのグリフ 'uni63BE' に交差がある
INFO:最終チェックのグリフ 'uni63C4' に交差がある
INFO:最終チェックのグリフ 'uni63D0' に交差がある
INFO:最終チェックのグリフ 'uni63D4' に交差がある
INFO:最終チェックのグリフ 'uni63D6' に交差がある
INFO:最終チェックのグリフ 'uni63DC' に交差がある
INFO:最終チェックのグリフ 'uni63E3' に交差がある
INFO:最終チェックのグリフ 'uni63E5' に交差がある
INFO:最終チェックのグリフ 'uni63F6' に交差がある
INFO:最終チェックのグリフ 'uni63F7' に交差がある
INFO:最終チェックのグリフ 'uni63FA' に交差がある
INFO:最終チェックのグリフ 'uni640F' に交差がある
INFO:最終チェックのグリフ 'uni6413' に交差がある
INFO:最終チェックのグリフ 'uni6417' に交差がある
INFO:最終チェックのグリフ 'uni641C' に交差がある
INFO:最終チェックのグリフ 'uni6426' に交差がある
INFO:最終チェックのグリフ 'uni6428' に交差がある
INFO:最終チェックのグリフ 'uni642C' に交差がある
INFO:最終チェックのグリフ 'uni6434' に交差がある
INFO:最終チェックのグリフ 'uni643A' に交差がある
INFO:最終チェックのグリフ 'uni644E' に交差がある
INFO:最終チェックのグリフ 'uni6458' に交差がある
INFO:最終チェックのグリフ 'uni645B' に交差がある
INFO:最終チェックのグリフ 'uni645D' に交差がある
INFO:最終チェックのグリフ 'uni6460' に交差がある
INFO:最終チェックのグリフ 'uni6479' に交差がある
INFO:最終チェックのグリフ 'uni6487' に交差がある
INFO:最終チェックのグリフ 'uni649D' に交差がある
INFO:最終チェックのグリフ 'uni649E' に交差がある
INFO:最終チェックのグリフ 'uni649F' に交差がある
INFO:最終チェックのグリフ 'uni64A4' に交差がある
INFO:最終チェックのグリフ 'uni64A5' に交差がある
INFO:最終チェックのグリフ 'uni64AD' に交差がある
INFO:最終チェックのグリフ 'uni64BB' に交差がある
INFO:最終チェックのグリフ 'uni64BC' に交差がある
INFO:最終チェックのグリフ 'uni64CC' に交差がある
INFO:最終チェックのグリフ 'uni64D0' に交差がある
INFO:最終チェックのグリフ 'uni64D2' に交差がある
INFO:最終チェックのグリフ 'uni64D5' に交差がある
INFO:最終チェックのグリフ 'uni64DA' に交差がある
INFO:最終チェックのグリフ 'uni64E0' に交差がある
INFO:最終チェックのグリフ 'uni64E4' に交差がある
INFO:最終チェックのグリフ 'uni64E6' に交差がある
INFO:最終チェックのグリフ 'uni64E7' に交差がある
INFO:最終チェックのグリフ 'uni64EC' に交差がある
INFO:最終チェックのグリフ 'uni64EF' に交差がある
INFO:最終チェックのグリフ 'uni64F1' に交差がある
INFO:最終チェックのグリフ 'uni64F2' に交差がある
INFO:最終チェックのグリフ 'uni64F6' に交差がある
INFO:最終チェックのグリフ 'uni64FD' に交差がある
INFO:最終チェックのグリフ 'uni6500' に交差がある
INFO:最終チェックのグリフ 'uni6514' に交差がある
INFO:最終チェックのグリフ 'uni651E' に交差がある
INFO:最終チェックのグリフ 'uni6522' に交差がある
INFO:最終チェックのグリフ 'uni652A' に交差がある
INFO:最終チェックのグリフ 'uni652B' に交差がある
INFO:最終チェックのグリフ 'uni6537' に交差がある
INFO:最終チェックのグリフ 'uni6538' に交差がある
INFO:最終チェックのグリフ 'uni6551' に交差がある
INFO:最終チェックのグリフ 'uni6558' に交差がある
INFO:最終チェックのグリフ 'uni655D' に交差がある
INFO:最終チェックのグリフ 'uni655E' に交差がある
INFO:最終チェックのグリフ 'uni6575' に交差がある
INFO:最終チェックのグリフ 'uni6588' に交差がある
INFO:最終チェックのグリフ 'uni658A' に交差がある
INFO:最終チェックのグリフ 'uni659B' に交差がある
INFO:最終チェックのグリフ 'uni65AB' に交差がある
INFO:最終チェックのグリフ 'uni65B7' に交差がある
INFO:最終チェックのグリフ 'uni65B9' に交差がある
INFO:最終チェックのグリフ 'uni65BD' に交差がある
INFO:最終チェックのグリフ 'uni65C1' に交差がある
INFO:最終チェックのグリフ 'uni65C3' に交差がある
INFO:最終チェックのグリフ 'uni65C4' に交差がある
INFO:最終チェックのグリフ 'uni65C5' に交差がある
INFO:最終チェックのグリフ 'uni65CB' に交差がある
INFO:最終チェックのグリフ 'uni65CC' に交差がある
INFO:最終チェックのグリフ 'uni65CF' に交差がある
INFO:最終チェックのグリフ 'uni65D4' に交差がある
INFO:最終チェックのグリフ 'uni65D7' に交差がある
INFO:最終チェックのグリフ 'uni65D9' に交差がある
INFO:最終チェックのグリフ 'uni65DB' に交差がある
INFO:最終チェックのグリフ 'uni6600' に交差がある
INFO:最終チェックのグリフ 'uni6609' に交差がある
INFO:最終チェックのグリフ 'uni6613' に交差がある
INFO:最終チェックのグリフ 'uni661C' に交差がある
INFO:最終チェックのグリフ 'uni6627' に交差がある
INFO:最終チェックのグリフ 'uni662E' に交差がある
INFO:最終チェックのグリフ 'uni6636' に交差がある
INFO:最終チェックのグリフ 'uni663A' に交差がある
INFO:最終チェックのグリフ 'uni663B' に交差がある
INFO:最終チェックのグリフ 'uni665E' に交差がある
INFO:最終チェックのグリフ 'uni665F' に交差がある
INFO:最終チェックのグリフ 'uni6666' に交差がある
INFO:最終チェックのグリフ 'uni666F' に交差がある
INFO:最終チェックのグリフ 'uni6673' に交差がある
INFO:最終チェックのグリフ 'uni6674' に交差がある
INFO:最終チェックのグリフ 'uni6680' に交差がある
INFO:最終チェックのグリフ 'uni66A2' に交差がある
INFO:最終チェックのグリフ 'uni66D6' に交差がある
INFO:最終チェックのグリフ 'uni66DD' に交差がある
INFO:最終チェックのグリフ 'uni66E6' に交差がある
INFO:最終チェックのグリフ 'uni66E8' に交差がある
INFO:最終チェックのグリフ 'uni66FE' に交差がある
INFO:最終チェックのグリフ 'uni6700' に交差がある
INFO:最終チェックのグリフ 'uni6705' に交差がある
INFO:最終チェックのグリフ 'uni670E' に交差がある
INFO:最終チェックのグリフ 'uni670F' に交差がある
INFO:最終チェックのグリフ 'uni6712' に交差がある
INFO:最終チェックのグリフ 'uni6713' に交差がある
INFO:最終チェックのグリフ 'uni6714' に交差がある
INFO:最終チェックのグリフ 'uni6715' に交差がある
INFO:最終チェックのグリフ 'uni6717' に交差がある
INFO:最終チェックのグリフ 'uni6719' に交差がある
INFO:最終チェックのグリフ 'uni671E' に交差がある
INFO:最終チェックのグリフ 'uni671F' に交差がある
INFO:最終チェックのグリフ 'uni6726' に交差がある
INFO:最終チェックのグリフ 'uni6733' に交差がある
INFO:最終チェックのグリフ 'uni6748' に交差がある
INFO:最終チェックのグリフ 'uni674C' に交差がある
INFO:最終チェックのグリフ 'uni674D' に交差がある
INFO:最終チェックのグリフ 'uni6750' に交差がある
INFO:最終チェックのグリフ 'uni6753' に交差がある
INFO:最終チェックのグリフ 'uni6764' に交差がある
INFO:最終チェックのグリフ 'uni676A' に交差がある
INFO:最終チェックのグリフ 'uni6774' に交差がある
INFO:最終チェックのグリフ 'uni677C' に交差がある
INFO:最終チェックのグリフ 'uni678B' に交差がある
INFO:最終チェックのグリフ 'uni678C' に交差がある
INFO:最終チェックのグリフ 'uni6792' に交差がある
INFO:最終チェックのグリフ 'uni6793' に交差がある
INFO:最終チェックのグリフ 'uni6797' に交差がある
INFO:最終チェックのグリフ 'uni67A1' に交差がある
INFO:最終チェックのグリフ 'uni67A6' に交差がある
INFO:最終チェックのグリフ 'uni67B4' に交差がある
INFO:最終チェックのグリフ 'uni67C0' に交差がある
INFO:最終チェックのグリフ 'uni67C3' に交差がある
INFO:最終チェックのグリフ 'uni67C4' に交差がある
INFO:最終チェックのグリフ 'uni67C6' に交差がある
INFO:最終チェックのグリフ 'uni67CE' に交差がある
INFO:最終チェックのグリフ 'uni67E2' に交差がある
INFO:最終チェックのグリフ 'uni67E7' に交差がある
INFO:最終チェックのグリフ 'uni67E9' に交差がある
INFO:最終チェックのグリフ 'uni67EE' に交差がある
INFO:最終チェックのグリフ 'uni67FA' に交差がある
INFO:最終チェックのグリフ 'uni67FB' に交差がある
INFO:最終チェックのグリフ 'uni6802' に交差がある
INFO:最終チェックのグリフ 'uni6803' に交差がある
INFO:最終チェックのグリフ 'uni6805' に交差がある
INFO:最終チェックのグリフ 'uni6816' に交差がある
INFO:最終チェックのグリフ 'uni6832' に交差がある
INFO:最終チェックのグリフ 'uni683D' に交差がある
INFO:最終チェックのグリフ 'uni6841' に交差がある
INFO:最終チェックのグリフ 'uni6843' に交差がある
INFO:最終チェックのグリフ 'uni6845' に交差がある
INFO:最終チェックのグリフ 'uni6850' に交差がある
INFO:最終チェックのグリフ 'uni6851' に交差がある
INFO:最終チェックのグリフ 'uni6857' に交差がある
INFO:最終チェックのグリフ 'uni685B' に交差がある
INFO:最終チェックのグリフ 'uni6872' に交差がある
INFO:最終チェックのグリフ 'uni6874' に交差がある
INFO:最終チェックのグリフ 'uni6876' に交差がある
INFO:最終チェックのグリフ 'uni6877' に交差がある
INFO:最終チェックのグリフ 'uni687A' に交差がある
INFO:最終チェックのグリフ 'uni687F' に交差がある
INFO:最終チェックのグリフ 'uni6882' に交差がある
INFO:最終チェックのグリフ 'uni6883' に交差がある
INFO:最終チェックのグリフ 'uni6885' に交差がある
INFO:最終チェックのグリフ 'uni688E' に交差がある
INFO:最終チェックのグリフ 'uni688F' に交差がある
INFO:最終チェックのグリフ 'uni6890' に交差がある
INFO:最終チェックのグリフ 'uni6894' に交差がある
INFO:最終チェックのグリフ 'uni6896' に交差がある
INFO:最終チェックのグリフ 'uni6898' に交差がある
INFO:最終チェックのグリフ 'uni68A0' に交差がある
INFO:最終チェックのグリフ 'uni68A2' に交差がある
INFO:最終チェックのグリフ 'uni68AB' に交差がある
INFO:最終チェックのグリフ 'uni68B3' に交差がある
INFO:最終チェックのグリフ 'uni68B5' に交差がある
INFO:最終チェックのグリフ 'uni68B9' に交差がある
INFO:最終チェックのグリフ 'uni68BB' に交差がある
INFO:最終チェックのグリフ 'uni68BC' に交差がある
INFO:最終チェックのグリフ 'uni68C3' に交差がある
INFO:最終チェックのグリフ 'uni68C5' に交差がある
INFO:最終チェックのグリフ 'uni68C6' に交差がある
INFO:最終チェックのグリフ 'uni68C9' に交差がある
INFO:最終チェックのグリフ 'uni68CA' に交差がある
INFO:最終チェックのグリフ 'uni68CC' に交差がある
INFO:最終チェックのグリフ 'uni68CD' に交差がある
INFO:最終チェックのグリフ 'uni68CF' に交差がある
INFO:最終チェックのグリフ 'uni68D5' に交差がある
INFO:最終チェックのグリフ 'uni68D9' に交差がある
INFO:最終チェックのグリフ 'uni68DA' に交差がある
INFO:最終チェックのグリフ 'uni68DF' に交差がある
INFO:最終チェックのグリフ 'uni68E1' に交差がある
INFO:最終チェックのグリフ 'uni68E7' に交差がある
INFO:最終チェックのグリフ 'uni68E8' に交差がある
INFO:最終チェックのグリフ 'uni68EC' に交差がある
INFO:最終チェックのグリフ 'uni68F0' に交差がある
INFO:最終チェックのグリフ 'uni68F1' に交差がある
INFO:最終チェックのグリフ 'uni68F7' に交差がある
INFO:最終チェックのグリフ 'uni6903' に交差がある
INFO:最終チェックのグリフ 'uni6908' に交差がある
INFO:最終チェックのグリフ 'uni690A' に交差がある
INFO:最終チェックのグリフ 'uni690B' に交差がある
INFO:最終チェックのグリフ 'uni6921' に交差がある
INFO:最終チェックのグリフ 'uni6925' に交差がある
INFO:最終チェックのグリフ 'uni6928' に交差がある
INFO:最終チェックのグリフ 'uni6934' に交差がある
INFO:最終チェックのグリフ 'uni6936' に交差がある
INFO:最終チェックのグリフ 'uni6939' に交差がある
INFO:最終チェックのグリフ 'uni6942' に交差がある
INFO:最終チェックのグリフ 'uni694A' に交差がある
INFO:最終チェックのグリフ 'uni695C' に交差がある
INFO:最終チェックのグリフ 'uni695D' に交差がある
INFO:最終チェックのグリフ 'uni695E' に交差がある
INFO:最終チェックのグリフ 'uni6961' に交差がある
INFO:最終チェックのグリフ 'uni6962' に交差がある
INFO:最終チェックのグリフ 'uni6963' に交差がある
INFO:最終チェックのグリフ 'uni6964' に交差がある
INFO:最終チェックのグリフ 'uni6968' に交差がある
INFO:最終チェックのグリフ 'uni696A' に交差がある
INFO:最終チェックのグリフ 'uni696B' に交差がある
INFO:最終チェックのグリフ 'uni6973' に交差がある
INFO:最終チェックのグリフ 'uni6974' に交差がある
INFO:最終チェックのグリフ 'uni697A' に交差がある
INFO:最終チェックのグリフ 'uni697E' に交差がある
INFO:最終チェックのグリフ 'uni6980' に交差がある
INFO:最終チェックのグリフ 'uni6981' に交差がある
INFO:最終チェックのグリフ 'uni6991' に交差がある
INFO:最終チェックのグリフ 'uni6992' に交差がある
INFO:最終チェックのグリフ 'uni6996' に交差がある
INFO:最終チェックのグリフ 'uni69A5' に交差がある
INFO:最終チェックのグリフ 'uni69A6' に交差がある
INFO:最終チェックのグリフ 'uni69A7' に交差がある
INFO:最終チェックのグリフ 'uni69B4' に交差がある
INFO:最終チェックのグリフ 'uni69B7' に交差がある
INFO:最終チェックのグリフ 'uni69BA' に交差がある
INFO:最終チェックのグリフ 'uni69BE' に交差がある
INFO:最終チェックのグリフ 'uni69C7' に交差がある
INFO:最終チェックのグリフ 'uni69CA' に交差がある
INFO:最終チェックのグリフ 'uni69CB' に交差がある
INFO:最終チェックのグリフ 'uni69CC' に交差がある
INFO:最終チェックのグリフ 'uni69CE' に交差がある
INFO:最終チェックのグリフ 'uni69D0' に交差がある
INFO:最終チェックのグリフ 'uni69D3' に交差がある
INFO:最終チェックのグリフ 'uni69D8' に交差がある
INFO:最終チェックのグリフ 'uni69D9' に交差がある
INFO:最終チェックのグリフ 'uni69E2' に交差がある
INFO:最終チェックのグリフ 'uni69E8' に交差がある
INFO:最終チェックのグリフ 'uni69EA' に交差がある
INFO:最終チェックのグリフ 'uni69EB' に交差がある
INFO:最終チェックのグリフ 'uni69F2' に交差がある
INFO:最終チェックのグリフ 'uni69F4' に交差がある
INFO:最終チェックのグリフ 'uni69F5' に交差がある
INFO:最終チェックのグリフ 'uni69F6' に交差がある
INFO:最終チェックのグリフ 'uni69FE' に交差がある
INFO:最終チェックのグリフ 'uni6A05' に交差がある
INFO:最終チェックのグリフ 'uni6A0A' に交差がある
INFO:最終チェックのグリフ 'uni6A0F' に交差がある
INFO:最終チェックのグリフ 'uni6A11' に交差がある
INFO:最終チェックのグリフ 'uni6A15' に交差がある
INFO:最終チェックのグリフ 'uni6A22' に交差がある
INFO:最終チェックのグリフ 'uni6A2B' に交差がある
INFO:最終チェックのグリフ 'uni6A32' に交差がある
INFO:最終チェックのグリフ 'uni6A36' に交差がある
INFO:最終チェックのグリフ 'uni6A3F' に交差がある
INFO:最終チェックのグリフ 'uni6A45' に交差がある
INFO:最終チェックのグリフ 'uni6A49' に交差がある
INFO:最終チェックのグリフ 'uni6A58' に交差がある
INFO:最終チェックのグリフ 'uni6A59' に交差がある
INFO:最終チェックのグリフ 'uni6A62' に交差がある
INFO:最終チェックのグリフ 'uni6A73' に交差がある
INFO:最終チェックのグリフ 'uni6A7A' に交差がある
INFO:最終チェックのグリフ 'uni6A84' に交差がある
INFO:最終チェックのグリフ 'uni6A89' に交差がある
INFO:最終チェックのグリフ 'uni6A9C' に交差がある
INFO:最終チェックのグリフ 'uni6A9E' に交差がある
INFO:最終チェックのグリフ 'uni6AB8' に交差がある
INFO:最終チェックのグリフ 'uni6ABD' に交差がある
INFO:最終チェックのグリフ 'uni6AC1' に交差がある
INFO:最終チェックのグリフ 'uni6AC6' に交差がある
INFO:最終チェックのグリフ 'uni6ADE' に交差がある
INFO:最終チェックのグリフ 'uni6AE2' に交差がある
INFO:最終チェックのグリフ 'uni6AE4' に交差がある
INFO:最終チェックのグリフ 'uni6AEA' に交差がある
INFO:最終チェックのグリフ 'uni6AEC' に交差がある
INFO:最終チェックのグリフ 'uni6AF2' に交差がある
INFO:最終チェックのグリフ 'uni6AF3' に交差がある
INFO:最終チェックのグリフ 'uni6AFB' に交差がある
INFO:最終チェックのグリフ 'uni6AFD' に交差がある
INFO:最終チェックのグリフ 'uni6B10' に交差がある
INFO:最終チェックのグリフ 'uni6B1F' に交差がある
INFO:最終チェックのグリフ 'uni6B32' に交差がある
INFO:最終チェックのグリフ 'uni6B37' に交差がある
INFO:最終チェックのグリフ 'uni6B59' に交差がある
INFO:最終チェックのグリフ 'uni6B5B' に交差がある
INFO:最終チェックのグリフ 'uni6B74' に交差がある
INFO:最終チェックのグリフ 'uni6B77' に交差がある
INFO:最終チェックのグリフ 'uni6B81' に交差がある
INFO:最終チェックのグリフ 'uni6B8D' に交差がある
INFO:最終チェックのグリフ 'uni6B9E' に交差がある
INFO:最終チェックのグリフ 'uni6BA4' に交差がある
INFO:最終チェックのグリフ 'uni6BA9' に交差がある
INFO:最終チェックのグリフ 'uni6BAA' に交差がある
INFO:最終チェックのグリフ 'uni6BAD' に交差がある
INFO:最終チェックのグリフ 'uni6BAF' に交差がある
INFO:最終チェックのグリフ 'uni6BB2' に交差がある
INFO:最終チェックのグリフ 'uni6BBA' に交差がある
INFO:最終チェックのグリフ 'uni6BC6' に交差がある
INFO:最終チェックのグリフ 'uni6BC9' に交差がある
INFO:最終チェックのグリフ 'uni6BD3' に交差がある
INFO:最終チェックのグリフ 'uni6BEE' に交差がある
INFO:最終チェックのグリフ 'uni6C34' に交差がある
INFO:最終チェックのグリフ 'uni6C37' に交差がある
INFO:最終チェックのグリフ 'uni6C38' に交差がある
INFO:最終チェックのグリフ 'uni6C40' に交差がある
INFO:最終チェックのグリフ 'uni6C42' に交差がある
INFO:最終チェックのグリフ 'uni6C59' に交差がある
INFO:最終チェックのグリフ 'uni6C88' に交差がある
INFO:最終チェックのグリフ 'uni6C97' に交差がある
INFO:最終チェックのグリフ 'uni6CA1' に交差がある
INFO:最終チェックのグリフ 'uni6CC5' に交差がある
INFO:最終チェックのグリフ 'uni6CC9' に交差がある
INFO:最終チェックのグリフ 'uni6CDC' に交差がある
INFO:最終チェックのグリフ 'uni6CE0' に交差がある
INFO:最終チェックのグリフ 'uni6CE1' に交差がある
INFO:最終チェックのグリフ 'uni6CE8' に交差がある
INFO:最終チェックのグリフ 'uni6CF0' に交差がある
INFO:最終チェックのグリフ 'uni6CFB' に交差がある
INFO:最終チェックのグリフ 'uni6D0A' に交差がある
INFO:最終チェックのグリフ 'uni6D0C' に交差がある
INFO:最終チェックのグリフ 'uni6D1B' に交差がある
INFO:最終チェックのグリフ 'uni6D25' に交差がある
INFO:最終チェックのグリフ 'uni6D27' に交差がある
INFO:最終チェックのグリフ 'uni6D34' に交差がある
INFO:最終チェックのグリフ 'uni6D35' に交差がある
INFO:最終チェックのグリフ 'uni6D3F' に交差がある
INFO:最終チェックのグリフ 'uni6D44' に交差がある
INFO:最終チェックのグリフ 'uni6D5A' に交差がある
INFO:最終チェックのグリフ 'uni6D60' に交差がある
INFO:最終チェックのグリフ 'uni6D6E' に交差がある
INFO:最終チェックのグリフ 'uni6D70' に交差がある
INFO:最終チェックのグリフ 'uni6D74' に交差がある
INFO:最終チェックのグリフ 'uni6D81' に交差がある
INFO:最終チェックのグリフ 'uni6D82' に交差がある
INFO:最終チェックのグリフ 'uni6DBF' に交差がある
INFO:最終チェックのグリフ 'uni6DC0' に交差がある
INFO:最終チェックのグリフ 'uni6DC4' に交差がある
INFO:最終チェックのグリフ 'uni6DCC' に交差がある
INFO:最終チェックのグリフ 'uni6DD9' に交差がある
INFO:最終チェックのグリフ 'uni6DDB' に交差がある
INFO:最終チェックのグリフ 'uni6DE8' に交差がある
INFO:最終チェックのグリフ 'uni6DF6' に交差がある
INFO:最終チェックのグリフ 'uni6DF8' に交差がある
INFO:最終チェックのグリフ 'uni6DFB' に交差がある
INFO:最終チェックのグリフ 'uni6E05' に交差がある
INFO:最終チェックのグリフ 'uni6E07' に交差がある
INFO:最終チェックのグリフ 'uni6E0A' に交差がある
INFO:最終チェックのグリフ 'uni6E23' に交差がある
INFO:最終チェックのグリフ 'uni6E24' に交差がある
INFO:最終チェックのグリフ 'uni6E27' に交差がある
INFO:最終チェックのグリフ 'uni6E2C' に交差がある
INFO:最終チェックのグリフ 'uni6E2D' に交差がある
INFO:最終チェックのグリフ 'uni6E4C' に交差がある
INFO:最終チェックのグリフ 'uni6E4D' に交差がある
INFO:最終チェックのグリフ 'uni6E51' に交差がある
INFO:最終チェックのグリフ 'uni6E54' に交差がある
INFO:最終チェックのグリフ 'uni6E5C' に交差がある
INFO:最終チェックのグリフ 'uni6E67' に交差がある
INFO:最終チェックのグリフ 'uni6E6B' に交差がある
INFO:最終チェックのグリフ 'uni6E6F' に交差がある
INFO:最終チェックのグリフ 'uni6E76' に交差がある
INFO:最終チェックのグリフ 'uni6E7E' に交差がある
INFO:最終チェックのグリフ 'uni6E80' に交差がある
INFO:最終チェックのグリフ 'uni6E82' に交差がある
INFO:最終チェックのグリフ 'uni6E98' に交差がある
INFO:最終チェックのグリフ 'uni6E9D' に交差がある
INFO:最終チェックのグリフ 'uni6EA2' に交差がある
INFO:最終チェックのグリフ 'uni6EBA' に交差がある
INFO:最終チェックのグリフ 'uni6EBD' に交差がある
INFO:最終チェックのグリフ 'uni6EC3' に交差がある
INFO:最終チェックのグリフ 'uni6ECE' に交差がある
INFO:最終チェックのグリフ 'uni6EEB' に交差がある
INFO:最終チェックのグリフ 'uni6EEF' に交差がある
INFO:最終チェックのグリフ 'uni6EF2' に交差がある
INFO:最終チェックのグリフ 'uni6EF4' に交差がある
INFO:最終チェックのグリフ 'uni6F0F' に交差がある
INFO:最終チェックのグリフ 'uni6F11' に交差がある
INFO:最終チェックのグリフ 'uni6F32' に交差がある
INFO:最終チェックのグリフ 'uni6F35' に交差がある
INFO:最終チェックのグリフ 'uni6F3F' に交差がある
INFO:最終チェックのグリフ 'uni6F59' に交差がある
INFO:最終チェックのグリフ 'uni6F74' に交差がある
INFO:最終チェックのグリフ 'uni6F80' に交差がある
INFO:最終チェックのグリフ 'uni6F81' に交差がある
INFO:最終チェックのグリフ 'uni6F84' に交差がある
INFO:最終チェックのグリフ 'uni6F96' に交差がある
INFO:最終チェックのグリフ 'uni6F97' に交差がある
INFO:最終チェックのグリフ 'uni6F98' に交差がある
INFO:最終チェックのグリフ 'uni6FA5' に交差がある
INFO:最終チェックのグリフ 'uni6FAA' に交差がある
INFO:最終チェックのグリフ 'uni6FC1' に交差がある
INFO:最終チェックのグリフ 'uni6FDA' に交差がある
INFO:最終チェックのグリフ 'uni6FE4' に交差がある
INFO:最終チェックのグリフ 'uni6FFA' に交差がある
INFO:最終チェックのグリフ 'uni7000' に交差がある
INFO:最終チェックのグリフ 'uni7005' に交差がある
INFO:最終チェックのグリフ 'uni700A' に交差がある
INFO:最終チェックのグリフ 'uni701A' に交差がある
INFO:最終チェックのグリフ 'uni701D' に交差がある
INFO:最終チェックのグリフ 'uni7023' に交差がある
INFO:最終チェックのグリフ 'uni7027' に交差がある
INFO:最終チェックのグリフ 'uni7030' に交差がある
INFO:最終チェックのグリフ 'uni7032' に交差がある
INFO:最終チェックのグリフ 'uni704E' に交差がある
INFO:最終チェックのグリフ 'uni705D' に交差がある
INFO:最終チェックのグリフ 'uni705E' に交差がある
INFO:最終チェックのグリフ 'uni7069' に交差がある
INFO:最終チェックのグリフ 'uni707C' に交差がある
INFO:最終チェックのグリフ 'uni7092' に交差がある
INFO:最終チェックのグリフ 'uni70AF' に交差がある
INFO:最終チェックのグリフ 'uni70B8' に交差がある
INFO:最終チェックのグリフ 'uni70CB' に交差がある
INFO:最終チェックのグリフ 'uni70CF' に交差がある
INFO:最終チェックのグリフ 'uni70D4' に交差がある
INFO:最終チェックのグリフ 'uni70E4' に交差がある
INFO:最終チェックのグリフ 'uni70FD' に交差がある
INFO:最終チェックのグリフ 'uni7106' に交差がある
INFO:最終チェックのグリフ 'uni7107' に交差がある
INFO:最終チェックのグリフ 'uni7109' に交差がある
INFO:最終チェックのグリフ 'uni711C' に交差がある
INFO:最終チェックのグリフ 'uni7120' に交差がある
INFO:最終チェックのグリフ 'uni712B' に交差がある
INFO:最終チェックのグリフ 'uni712E' に交差がある
INFO:最終チェックのグリフ 'uni712F' に交差がある
INFO:最終チェックのグリフ 'uni7146' に交差がある
INFO:最終チェックのグリフ 'uni714A' に交差がある
INFO:最終チェックのグリフ 'uni7151' に交差がある
INFO:最終チェックのグリフ 'uni7153' に交差がある
INFO:最終チェックのグリフ 'uni7165' に交差がある
INFO:最終チェックのグリフ 'uni717D' に交差がある
INFO:最終チェックのグリフ 'uni7185' に交差がある
INFO:最終チェックのグリフ 'uni7187' に交差がある
INFO:最終チェックのグリフ 'uni719B' に交差がある
INFO:最終チェックのグリフ 'uni71AE' に交差がある
INFO:最終チェックのグリフ 'uni71C1' に交差がある
INFO:最終チェックのグリフ 'uni71C3' に交差がある
INFO:最終チェックのグリフ 'uni71C4' に交差がある
INFO:最終チェックのグリフ 'uni71C8' に交差がある
INFO:最終チェックのグリフ 'uni71CB' に交差がある
INFO:最終チェックのグリフ 'uni71D3' に交差がある
INFO:最終チェックのグリフ 'uni71D4' に交差がある
INFO:最終チェックのグリフ 'uni71D7' に交差がある
INFO:最終チェックのグリフ 'uni71D9' に交差がある
INFO:最終チェックのグリフ 'uni71E7' に交差がある
INFO:最終チェックのグリフ 'uni71EE' に交差がある
INFO:最終チェックのグリフ 'uni71F5' に交差がある
INFO:最終チェックのグリフ 'uni71F9' に交差がある
INFO:最終チェックのグリフ 'uni71FC' に交差がある
INFO:最終チェックのグリフ 'uni71FF' に交差がある
INFO:最終チェックのグリフ 'uni7200' に交差がある
INFO:最終チェックのグリフ 'uni7206' に交差がある
INFO:最終チェックのグリフ 'uni7207' に交差がある
INFO:最終チェックのグリフ 'uni720D' に交差がある
INFO:最終チェックのグリフ 'uni7215' に交差がある
INFO:最終チェックのグリフ 'uni721B' に交差がある
INFO:最終チェックのグリフ 'uni7228' に交差がある
INFO:最終チェックのグリフ 'uni722C' に交差がある
INFO:最終チェックのグリフ 'uni7230' に交差がある
INFO:最終チェックのグリフ 'uni7232' に交差がある
INFO:最終チェックのグリフ 'uni7234' に交差がある
INFO:最終チェックのグリフ 'uni7235' に交差がある
INFO:最終チェックのグリフ 'uni7236' に交差がある
INFO:最終チェックのグリフ 'uni723A' に交差がある
INFO:最終チェックのグリフ 'uni723D' に交差がある
INFO:最終チェックのグリフ 'uni7253' に交差がある
INFO:最終チェックのグリフ 'uni7257' に交差がある
INFO:最終チェックのグリフ 'uni7263' に交差がある
INFO:最終チェックのグリフ 'uni726E' に交差がある
INFO:最終チェックのグリフ 'uni7274' に交差がある
INFO:最終チェックのグリフ 'uni7278' に交差がある
INFO:最終チェックのグリフ 'uni728D' に交差がある
INFO:最終チェックのグリフ 'uni7292' に交差がある
INFO:最終チェックのグリフ 'uni729B' に交差がある
INFO:最終チェックのグリフ 'uni72A7' に交差がある
INFO:最終チェックのグリフ 'uni72AD' に交差がある
INFO:最終チェックのグリフ 'uni72B1' に交差がある
INFO:最終チェックのグリフ 'uni72B2' に交差がある
INFO:最終チェックのグリフ 'uni72B9' に交差がある
INFO:最終チェックのグリフ 'uni72BE' に交差がある
INFO:最終チェックのグリフ 'uni72C1' に交差がある
INFO:最終チェックのグリフ 'uni72C2' に交差がある
INFO:最終チェックのグリフ 'uni72C3' に交差がある
INFO:最終チェックのグリフ 'uni72C4' に交差がある
INFO:最終チェックのグリフ 'uni72C6' に交差がある
INFO:最終チェックのグリフ 'uni72CC' に交差がある
INFO:最終チェックのグリフ 'uni72CE' に交差がある
INFO:最終チェックのグリフ 'uni72D2' に交差がある
INFO:最終チェックのグリフ 'uni72D9' に交差がある
INFO:最終チェックのグリフ 'uni72DB' に交差がある
INFO:最終チェックのグリフ 'uni72E0' に交差がある
INFO:最終チェックのグリフ 'uni72E1' に交差がある
INFO:最終チェックのグリフ 'uni72E2' に交差がある
INFO:最終チェックのグリフ 'uni72E9' に交差がある
INFO:最終チェックのグリフ 'uni72EC' に交差がある
INFO:最終チェックのグリフ 'uni72F3' に交差がある
INFO:最終チェックのグリフ 'uni72F7' に交差がある
INFO:最終チェックのグリフ 'uni72F8' に交差がある
INFO:最終チェックのグリフ 'uni72F9' に交差がある
INFO:最終チェックのグリフ 'uni72FA' に交差がある
INFO:最終チェックのグリフ 'uni72FC' に交差がある
INFO:最終チェックのグリフ 'uni72FD' に交差がある
INFO:最終チェックのグリフ 'uni730A' に交差がある
INFO:最終チェックのグリフ 'uni7312' に交差がある
INFO:最終チェックのグリフ 'uni7316' に交差がある
INFO:最終チェックのグリフ 'uni7317' に交差がある
INFO:最終チェックのグリフ 'uni7318' に交差がある
INFO:最終チェックのグリフ 'uni7319' に交差がある
INFO:最終チェックのグリフ 'uni731C' に交差がある
INFO:最終チェックのグリフ 'uni731D' に交差がある
INFO:最終チェックのグリフ 'uni7325' に交差がある
INFO:最終チェックのグリフ 'uni7327' に交差がある
INFO:最終チェックのグリフ 'uni7328' に交差がある
INFO:最終チェックのグリフ 'uni7329' に交差がある
INFO:最終チェックのグリフ 'uni732A' に交差がある
INFO:最終チェックのグリフ 'uni732B' に交差がある
INFO:最終チェックのグリフ 'uni732E' に交差がある
INFO:最終チェックのグリフ 'uni732F' に交差がある
INFO:最終チェックのグリフ 'uni7339' に交差がある
INFO:最終チェックのグリフ 'uni733E' に交差がある
INFO:最終チェックのグリフ 'uni7345' に交差がある
INFO:最終チェックのグリフ 'uni734F' に交差がある
INFO:最終チェックのグリフ 'uni7350' に交差がある
INFO:最終チェックのグリフ 'uni7366' に交差がある
INFO:最終チェックのグリフ 'uni736A' に交差がある
INFO:最終チェックのグリフ 'uni736B' に交差がある
INFO:最終チェックのグリフ 'uni736C' に交差がある
INFO:最終チェックのグリフ 'uni736E' に交差がある
INFO:最終チェックのグリフ 'uni7370' に交差がある
INFO:最終チェックのグリフ 'uni7375' に交差がある
INFO:最終チェックのグリフ 'uni7377' に交差がある
INFO:最終チェックのグリフ 'uni737A' に交差がある
INFO:最終チェックのグリフ 'uni737C' に交差がある
INFO:最終チェックのグリフ 'uni7381' に交差がある
INFO:最終チェックのグリフ 'uni73A2' に交差がある
INFO:最終チェックのグリフ 'uni73C8' に交差がある
INFO:最終チェックのグリフ 'uni73E3' に交差がある
INFO:最終チェックのグリフ 'uni73E5' に交差がある
INFO:最終チェックのグリフ 'uni73E9' に交差がある
INFO:最終チェックのグリフ 'uni73FA' に交差がある
INFO:最終チェックのグリフ 'uni7403' に交差がある
INFO:最終チェックのグリフ 'uni7407' に交差がある
INFO:最終チェックのグリフ 'uni740A' に交差がある
INFO:最終チェックのグリフ 'uni741B' に交差がある
INFO:最終チェックのグリフ 'uni7424' に交差がある
INFO:最終チェックのグリフ 'uni742B' に交差がある
INFO:最終チェックのグリフ 'uni742E' に交差がある
INFO:最終チェックのグリフ 'uni743F' に交差がある
INFO:最終チェックのグリフ 'uni7443' に交差がある
INFO:最終チェックのグリフ 'uni7452' に交差がある
INFO:最終チェックのグリフ 'uni745C' に交差がある
INFO:最終チェックのグリフ 'uni745E' に交差がある
INFO:最終チェックのグリフ 'uni7464' に交差がある
INFO:最終チェックのグリフ 'uni746F' に交差がある
INFO:最終チェックのグリフ 'uni7471' に交差がある
INFO:最終チェックのグリフ 'uni7473' に交差がある
INFO:最終チェックのグリフ 'uni7486' に交差がある
INFO:最終チェックのグリフ 'uni7487' に交差がある
INFO:最終チェックのグリフ 'uni7488' に交差がある
INFO:最終チェックのグリフ 'uni7490' に交差がある
INFO:最終チェックのグリフ 'uni7492' に交差がある
INFO:最終チェックのグリフ 'uni7499' に交差がある
INFO:最終チェックのグリフ 'uni749F' に交差がある
INFO:最終チェックのグリフ 'uni74A3' に交差がある
INFO:最終チェックのグリフ 'uni74A5' に交差がある
INFO:最終チェックのグリフ 'uni74A8' に交差がある
INFO:最終チェックのグリフ 'uni74A9' に交差がある
INFO:最終チェックのグリフ 'uni74B9' に交差がある
INFO:最終チェックのグリフ 'uni74BF' に交差がある
INFO:最終チェックのグリフ 'uni74C8' に交差がある
INFO:最終チェックのグリフ 'uni74CA' に交差がある
INFO:最終チェックのグリフ 'uni74CF' に交差がある
INFO:最終チェックのグリフ 'uni74D8' に交差がある
INFO:最終チェックのグリフ 'uni74E0' に交差がある
INFO:最終チェックのグリフ 'uni74E2' に交差がある
INFO:最終チェックのグリフ 'uni74E3' に交差がある
INFO:最終チェックのグリフ 'uni74F0' に交差がある
INFO:最終チェックのグリフ 'uni74F7' に交差がある
INFO:最終チェックのグリフ 'uni750D' に交差がある
INFO:最終チェックのグリフ 'uni750E' に交差がある
INFO:最終チェックのグリフ 'uni7513' に交差がある
INFO:最終チェックのグリフ 'uni7517' に交差がある
INFO:最終チェックのグリフ 'uni7525' に交差がある
INFO:最終チェックのグリフ 'uni752C' に交差がある
INFO:最終チェックのグリフ 'uni752F' に交差がある
INFO:最終チェックのグリフ 'uni753D' に交差がある
INFO:最終チェックのグリフ 'uni7549' に交差がある
INFO:最終チェックのグリフ 'uni754B' に交差がある
INFO:最終チェックのグリフ 'uni7565' に交差がある
INFO:最終チェックのグリフ 'uni756D' に交差がある
INFO:最終チェックのグリフ 'uni7574' に交差がある
INFO:最終チェックのグリフ 'uni757F' に交差がある
INFO:最終チェックのグリフ 'uni7587' に交差がある
INFO:最終チェックのグリフ 'uni758E' に交差がある
INFO:最終チェックのグリフ 'uni75B5' に交差がある
INFO:最終チェックのグリフ 'uni75C0' に交差がある
INFO:最終チェックのグリフ 'uni75CF' に交差がある
INFO:最終チェックのグリフ 'uni75D4' に交差がある
INFO:最終チェックのグリフ 'uni75D9' に交差がある
INFO:最終チェックのグリフ 'uni75DE' に交差がある
INFO:最終チェックのグリフ 'uni75E7' に交差がある
INFO:最終チェックのグリフ 'uni75FA' に交差がある
INFO:最終チェックのグリフ 'uni75FE' に交差がある
INFO:最終チェックのグリフ 'uni760D' に交差がある
INFO:最終チェックのグリフ 'uni7620' に交差がある
INFO:最終チェックのグリフ 'uni7634' に交差がある
INFO:最終チェックのグリフ 'uni7643' に交差がある
INFO:最終チェックのグリフ 'uni7646' に交差がある
INFO:最終チェックのグリフ 'uni7647' に交差がある
INFO:最終チェックのグリフ 'uni764B' に交差がある
INFO:最終チェックのグリフ 'uni7656' に交差がある
INFO:最終チェックのグリフ 'uni7658' に交差がある
INFO:最終チェックのグリフ 'uni765C' に交差がある
INFO:最終チェックのグリフ 'uni7661' に交差がある
INFO:最終チェックのグリフ 'uni7664' に交差がある
INFO:最終チェックのグリフ 'uni7665' に交差がある
INFO:最終チェックのグリフ 'uni7668' に交差がある
INFO:最終チェックのグリフ 'uni766A' に交差がある
INFO:最終チェックのグリフ 'uni7670' に交差がある
INFO:最終チェックのグリフ 'uni7672' に交差がある
INFO:最終チェックのグリフ 'uni767B' に交差がある
INFO:最終チェックのグリフ 'uni7699' に交差がある
INFO:最終チェックのグリフ 'uni769C' に交差がある
INFO:最終チェックのグリフ 'uni769E' に交差がある
INFO:最終チェックのグリフ 'uni76AA' に交差がある
INFO:最終チェックのグリフ 'uni76B0' に交差がある
INFO:最終チェックのグリフ 'uni76CE' に交差がある
INFO:最終チェックのグリフ 'uni76DE' に交差がある
INFO:最終チェックのグリフ 'uni76E4' に交差がある
INFO:最終チェックのグリフ 'uni76EA' に交差がある
INFO:最終チェックのグリフ 'uni76EC' に交差がある
INFO:最終チェックのグリフ 'uni7704' に交差がある
INFO:最終チェックのグリフ 'uni7717' に交差がある
INFO:最終チェックのグリフ 'uni771B' に交差がある
INFO:最終チェックのグリフ 'uni7720' に交差がある
INFO:最終チェックのグリフ 'uni7734' に交差がある
INFO:最終チェックのグリフ 'uni774E' に交差がある
INFO:最終チェックのグリフ 'uni775B' に交差がある
INFO:最終チェックのグリフ 'uni775C' に交差がある
INFO:最終チェックのグリフ 'uni7762' に交差がある
INFO:最終チェックのグリフ 'uni7765' に交差がある
INFO:最終チェックのグリフ 'uni776B' に交差がある
INFO:最終チェックのグリフ 'uni7779' に交差がある
INFO:最終チェックのグリフ 'uni777A' に交差がある
INFO:最終チェックのグリフ 'uni777D' に交差がある
INFO:最終チェックのグリフ 'uni779F' に交差がある
INFO:最終チェックのグリフ 'uni77A0' に交差がある
INFO:最終チェックのグリフ 'uni77A4' に交差がある
INFO:最終チェックのグリフ 'uni77AA' に交差がある
INFO:最終チェックのグリフ 'uni77B3' に交差がある
INFO:最終チェックのグリフ 'uni77D7' に交差がある
INFO:最終チェックのグリフ 'uni77DA' に交差がある
INFO:最終チェックのグリフ 'uni77DE' に交差がある
INFO:最終チェックのグリフ 'uni77E0' に交差がある
INFO:最終チェックのグリフ 'uni77EE' に交差がある
INFO:最終チェックのグリフ 'uni77F4' に交差がある
INFO:最終チェックのグリフ 'uni7805' に交差がある
INFO:最終チェックのグリフ 'uni7806' に交差がある
INFO:最終チェックのグリフ 'uni780D' に交差がある
INFO:最終チェックのグリフ 'uni7819' に交差がある
INFO:最終チェックのグリフ 'uni7820' に交差がある
INFO:最終チェックのグリフ 'uni7825' に交差がある
INFO:最終チェックのグリフ 'uni783A' に交差がある
INFO:最終チェックのグリフ 'uni784E' に交差がある
INFO:最終チェックのグリフ 'uni7872' に交差がある
INFO:最終チェックのグリフ 'uni7874' に交差がある
INFO:最終チェックのグリフ 'uni787A' に交差がある
INFO:最終チェックのグリフ 'uni7887' に交差がある
INFO:最終チェックのグリフ 'uni7894' に交差がある
INFO:最終チェックのグリフ 'uni7897' に交差がある
INFO:最終チェックのグリフ 'uni78A3' に交差がある
INFO:最終チェックのグリフ 'uni78AD' に交差がある
INFO:最終チェックのグリフ 'uni78B0' に交差がある
INFO:最終チェックのグリフ 'uni78BC' に交差がある
INFO:最終チェックのグリフ 'uni78CB' に交差がある
INFO:最終チェックのグリフ 'uni78D1' に交差がある
INFO:最終チェックのグリフ 'uni78E0' に交差がある
INFO:最終チェックのグリフ 'uni78E6' に交差がある
INFO:最終チェックのグリフ 'uni78EC' に交差がある
INFO:最終チェックのグリフ 'uni78F2' に交差がある
INFO:最終チェックのグリフ 'uni78F4' に交差がある
INFO:最終チェックのグリフ 'uni78FB' に交差がある
INFO:最終チェックのグリフ 'uni790E' に交差がある
INFO:最終チェックのグリフ 'uni7912' に交差がある
INFO:最終チェックのグリフ 'uni7919' に交差がある
INFO:最終チェックのグリフ 'uni791B' に交差がある
INFO:最終チェックのグリフ 'uni7925' に交差がある
INFO:最終チェックのグリフ 'uni7926' に交差がある
INFO:最終チェックのグリフ 'uni792C' に交差がある
INFO:最終チェックのグリフ 'uni792E' に交差がある
INFO:最終チェックのグリフ 'uni7930' に交差がある
INFO:最終チェックのグリフ 'uni7941' に交差がある
INFO:最終チェックのグリフ 'uni7957' に交差がある
INFO:最終チェックのグリフ 'uni7958' に交差がある
INFO:最終チェックのグリフ 'uni7962' に交差がある
INFO:最終チェックのグリフ 'uni7967' に交差がある
INFO:最終チェックのグリフ 'uni7977' に交差がある
INFO:最終チェックのグリフ 'uni7979' に交差がある
INFO:最終チェックのグリフ 'uni797F' に交差がある
INFO:最終チェックのグリフ 'uni7984' に交差がある
INFO:最終チェックのグリフ 'uni7985' に交差がある
INFO:最終チェックのグリフ 'uni798E' に交差がある
INFO:最終チェックのグリフ 'uni7996' に交差がある
INFO:最終チェックのグリフ 'uni7998' に交差がある
INFO:最終チェックのグリフ 'uni79A1' に交差がある
INFO:最終チェックのグリフ 'uni79B0' に交差がある
INFO:最終チェックのグリフ 'uni79B1' に交差がある
INFO:最終チェックのグリフ 'uni79B3' に交差がある
INFO:最終チェックのグリフ 'uni79CC' に交差がある
INFO:最終チェックのグリフ 'uni79D6' に交差がある
INFO:最終チェックのグリフ 'uni79DF' に交差がある
INFO:最終チェックのグリフ 'uni79E3' に交差がある
INFO:最終チェックのグリフ 'uni79E7' に交差がある
INFO:最終チェックのグリフ 'uni79E9' に交差がある
INFO:最終チェックのグリフ 'uni79EC' に交差がある
INFO:最終チェックのグリフ 'uni79F0' に交差がある
INFO:最終チェックのグリフ 'uni7A0A' に交差がある
INFO:最終チェックのグリフ 'uni7A0D' に交差がある
INFO:最終チェックのグリフ 'uni7A15' に交差がある
INFO:最終チェックのグリフ 'uni7A1A' に交差がある
INFO:最終チェックのグリフ 'uni7A20' に交差がある
INFO:最終チェックのグリフ 'uni7A31' に交差がある
INFO:最終チェックのグリフ 'uni7A37' に交差がある
INFO:最終チェックのグリフ 'uni7A39' に交差がある
INFO:最終チェックのグリフ 'uni7A3B' に交差がある
INFO:最終チェックのグリフ 'uni7A3C' に交差がある
INFO:最終チェックのグリフ 'uni7A3F' に交差がある
INFO:最終チェックのグリフ 'uni7A40' に交差がある
INFO:最終チェックのグリフ 'uni7A56' に交差がある
INFO:最終チェックのグリフ 'uni7A57' に交差がある
INFO:最終チェックのグリフ 'uni7A59' に交差がある
INFO:最終チェックのグリフ 'uni7A5C' に交差がある
INFO:最終チェックのグリフ 'uni7A5F' に交差がある
INFO:最終チェックのグリフ 'uni7A63' に交差がある
INFO:最終チェックのグリフ 'uni7A69' に交差がある
INFO:最終チェックのグリフ 'uni7A6A' に交差がある
INFO:最終チェックのグリフ 'uni7A88' に交差がある
INFO:最終チェックのグリフ 'uni7AAE' に交差がある
INFO:最終チェックのグリフ 'uni7AB3' に交差がある
INFO:最終チェックのグリフ 'uni7ABF' に交差がある
INFO:最終チェックのグリフ 'uni7AC5' に交差がある
INFO:最終チェックのグリフ 'uni7AD1' に交差がある
INFO:最終チェックのグリフ 'uni7AD2' に交差がある
INFO:最終チェックのグリフ 'uni7AEB' に交差がある
INFO:最終チェックのグリフ 'uni7AED' に交差がある
INFO:最終チェックのグリフ 'uni7AF0' に交差がある
INFO:最終チェックのグリフ 'uni7AF4' に交差がある
INFO:最終チェックのグリフ 'uni7AFD' に交差がある
INFO:最終チェックのグリフ 'uni7B0F' に交差がある
INFO:最終チェックのグリフ 'uni7B25' に交差がある
INFO:最終チェックのグリフ 'uni7B26' に交差がある
INFO:最終チェックのグリフ 'uni7B27' に交差がある
INFO:最終チェックのグリフ 'uni7B2D' に交差がある
INFO:最終チェックのグリフ 'uni7B2E' に交差がある
INFO:最終チェックのグリフ 'uni7B31' に交差がある
INFO:最終チェックのグリフ 'uni7B49' に交差がある
INFO:最終チェックのグリフ 'uni7B4B' に交差がある
INFO:最終チェックのグリフ 'uni7B52' に交差がある
INFO:最終チェックのグリフ 'uni7B55' に交差がある
INFO:最終チェックのグリフ 'uni7B66' に交差がある
INFO:最終チェックのグリフ 'uni7B6C' に交差がある
INFO:最終チェックのグリフ 'uni7B6E' に交差がある
INFO:最終チェックのグリフ 'uni7B6F' に交差がある
INFO:最終チェックのグリフ 'uni7B71' に交差がある
INFO:最終チェックのグリフ 'uni7B72' に交差がある
INFO:最終チェックのグリフ 'uni7B90' に交差がある
INFO:最終チェックのグリフ 'uni7B92' に交差がある
INFO:最終チェックのグリフ 'uni7B94' に交差がある
INFO:最終チェックのグリフ 'uni7B99' に交差がある
INFO:最終チェックのグリフ 'uni7BAF' に交差がある
INFO:最終チェックのグリフ 'uni7BC7' に交差がある
INFO:最終チェックのグリフ 'uni7BE9' に交差がある
INFO:最終チェックのグリフ 'uni7BF0' に交差がある
INFO:最終チェックのグリフ 'uni7BF6' に交差がある
INFO:最終チェックのグリフ 'uni7C01' に交差がある
INFO:最終チェックのグリフ 'uni7C07' に交差がある
INFO:最終チェックのグリフ 'uni7C0B' に交差がある
INFO:最終チェックのグリフ 'uni7C13' に交差がある
INFO:最終チェックのグリフ 'uni7C20' に交差がある
INFO:最終チェックのグリフ 'uni7C2A' に交差がある
INFO:最終チェックのグリフ 'uni7C31' に交差がある
INFO:最終チェックのグリフ 'uni7C36' に交差がある
INFO:最終チェックのグリフ 'uni7C3F' に交差がある
INFO:最終チェックのグリフ 'uni7C43' に交差がある
INFO:最終チェックのグリフ 'uni7C4C' に交差がある
INFO:最終チェックのグリフ 'uni7C60' に交差がある
INFO:最終チェックのグリフ 'uni7C64' に交差がある
INFO:最終チェックのグリフ 'uni7C6E' に交差がある
INFO:最終チェックのグリフ 'uni7C75' に交差がある
INFO:最終チェックのグリフ 'uni7C7E' に交差がある
INFO:最終チェックのグリフ 'uni7C89' に交差がある
INFO:最終チェックのグリフ 'uni7C94' に交差がある
INFO:最終チェックのグリフ 'uni7CA1' に交差がある
INFO:最終チェックのグリフ 'uni7CA4' に交差がある
INFO:最終チェックのグリフ 'uni7CA5' に交差がある
INFO:最終チェックのグリフ 'uni7CAE' に交差がある
INFO:最終チェックのグリフ 'uni7CB2' に交差がある
INFO:最終チェックのグリフ 'uni7CB3' に交差がある
INFO:最終チェックのグリフ 'uni7CB6' に交差がある
INFO:最終チェックのグリフ 'uni7CB7' に交差がある
INFO:最終チェックのグリフ 'uni7CBD' に交差がある
INFO:最終チェックのグリフ 'uni7CC4' に交差がある
INFO:最終チェックのグリフ 'uni7CC5' に交差がある
INFO:最終チェックのグリフ 'uni7CC8' に交差がある
INFO:最終チェックのグリフ 'uni7CCD' に交差がある
INFO:最終チェックのグリフ 'uni7CCE' に交差がある
INFO:最終チェックのグリフ 'uni7CD2' に交差がある
INFO:最終チェックのグリフ 'uni7CD5' に交差がある
INFO:最終チェックのグリフ 'uni7CD8' に交差がある
INFO:最終チェックのグリフ 'uni7CDD' に交差がある
INFO:最終チェックのグリフ 'uni7CE0' に交差がある
INFO:最終チェックのグリフ 'uni7CE6' に交差がある
INFO:最終チェックのグリフ 'uni7D04' に交差がある
INFO:最終チェックのグリフ 'uni7D0B' に交差がある
INFO:最終チェックのグリフ 'uni7D2C' に交差がある
INFO:最終チェックのグリフ 'uni7D43' に交差がある
INFO:最終チェックのグリフ 'uni7D44' に交差がある
INFO:最終チェックのグリフ 'uni7D45' に交差がある
INFO:最終チェックのグリフ 'uni7D4E' に交差がある
INFO:最終チェックのグリフ 'uni7D53' に交差がある
INFO:最終チェックのグリフ 'uni7D68' に交差がある
INFO:最終チェックのグリフ 'uni7D73' に交差がある
INFO:最終チェックのグリフ 'uni7D79' に交差がある
INFO:最終チェックのグリフ 'uni7D7F' に交差がある
INFO:最終チェックのグリフ 'uni7D83' に交差がある
INFO:最終チェックのグリフ 'uni7D88' に交差がある
INFO:最終チェックのグリフ 'uni7D89' に交差がある
INFO:最終チェックのグリフ 'uni7D8B' に交差がある
INFO:最終チェックのグリフ 'uni7D93' に交差がある
INFO:最終チェックのグリフ 'uni7D97' に交差がある
INFO:最終チェックのグリフ 'uni7D99' に交差がある
INFO:最終チェックのグリフ 'uni7D9B' に交差がある
INFO:最終チェックのグリフ 'uni7D9C' に交差がある
INFO:最終チェックのグリフ 'uni7DA0' に交差がある
INFO:最終チェックのグリフ 'uni7DA7' に交差がある
INFO:最終チェックのグリフ 'uni7DAA' に交差がある
INFO:最終チェックのグリフ 'uni7DAB' に交差がある
INFO:最終チェックのグリフ 'uni7DAF' に交差がある
INFO:最終チェックのグリフ 'uni7DB1' に交差がある
INFO:最終チェックのグリフ 'uni7DB2' に交差がある
INFO:最終チェックのグリフ 'uni7DB8' に交差がある
INFO:最終チェックのグリフ 'uni7DBB' に交差がある
INFO:最終チェックのグリフ 'uni7DD2' に交差がある
INFO:最終チェックのグリフ 'uni7DD5' に交差がある
INFO:最終チェックのグリフ 'uni7DE0' に交差がある
INFO:最終チェックのグリフ 'uni7DE3' に交差がある
INFO:最終チェックのグリフ 'uni7DE6' に交差がある
INFO:最終チェックのグリフ 'uni7DE8' に交差がある
INFO:最終チェックのグリフ 'uni7DE9' に交差がある
INFO:最終チェックのグリフ 'uni7DF2' に交差がある
INFO:最終チェックのグリフ 'uni7DF9' に交差がある
INFO:最終チェックのグリフ 'uni7E01' に交差がある
INFO:最終チェックのグリフ 'uni7E08' に交差がある
INFO:最終チェックのグリフ 'uni7E0A' に交差がある
INFO:最終チェックのグリフ 'uni7E0B' に交差がある
INFO:最終チェックのグリフ 'uni7E10' に交差がある
INFO:最終チェックのグリフ 'uni7E12' に交差がある
INFO:最終チェックのグリフ 'uni7E1F' に交差がある
INFO:最終チェックのグリフ 'uni7E20' に交差がある
INFO:最終チェックのグリフ 'uni7E26' に交差がある
INFO:最終チェックのグリフ 'uni7E2C' に交差がある
INFO:最終チェックのグリフ 'uni7E31' に交差がある
INFO:最終チェックのグリフ 'uni7E32' に交差がある
INFO:最終チェックのグリフ 'uni7E37' に交差がある
INFO:最終チェックのグリフ 'uni7E39' に交差がある
INFO:最終チェックのグリフ 'uni7E3D' に交差がある
INFO:最終チェックのグリフ 'uni7E43' に交差がある
INFO:最終チェックのグリフ 'uni7E46' に交差がある
INFO:最終チェックのグリフ 'uni7E52' に交差がある
INFO:最終チェックのグリフ 'uni7E56' に交差がある
INFO:最終チェックのグリフ 'uni7E6B' に交差がある
INFO:最終チェックのグリフ 'uni7E6D' に交差がある
INFO:最終チェックのグリフ 'uni7E79' に交差がある
INFO:最終チェックのグリフ 'uni7E7F' に交差がある
INFO:最終チェックのグリフ 'uni7E88' に交差がある
INFO:最終チェックのグリフ 'uni7E8E' に交差がある
INFO:最終チェックのグリフ 'uni7F45' に交差がある
INFO:最終チェックのグリフ 'uni7F47' に交差がある
INFO:最終チェックのグリフ 'uni7F4F' に交差がある
INFO:最終チェックのグリフ 'uni7F50' に交差がある
INFO:最終チェックのグリフ 'uni7F51' に交差がある
INFO:最終チェックのグリフ 'uni7F54' に交差がある
INFO:最終チェックのグリフ 'uni7F58' に交差がある
INFO:最終チェックのグリフ 'uni7F60' に交差がある
INFO:最終チェックのグリフ 'uni7F64' に交差がある
INFO:最終チェックのグリフ 'uni7F70' に交差がある
INFO:最終チェックのグリフ 'uni7F72' に交差がある
INFO:最終チェックのグリフ 'uni7F7D' に交差がある
INFO:最終チェックのグリフ 'uni7F83' に交差がある
INFO:最終チェックのグリフ 'uni7F85' に交差がある
INFO:最終チェックのグリフ 'uni7F9D' に交差がある
INFO:最終チェックのグリフ 'uni7FAF' に交差がある
INFO:最終チェックのグリフ 'uni7FB2' に交差がある
INFO:最終チェックのグリフ 'uni7FBD' に交差がある
INFO:最終チェックのグリフ 'uni7FC1' に交差がある
INFO:最終チェックのグリフ 'uni7FC6' に交差がある
INFO:最終チェックのグリフ 'uni7FCA' に交差がある
INFO:最終チェックのグリフ 'uni7FDB' に交差がある
INFO:最終チェックのグリフ 'uni7FE6' に交差がある
INFO:最終チェックのグリフ 'uni7FE9' に交差がある
INFO:最終チェックのグリフ 'uni7FF2' に交差がある
INFO:最終チェックのグリフ 'uni7FF3' に交差がある
INFO:最終チェックのグリフ 'uni7FF9' に交差がある
INFO:最終チェックのグリフ 'uni7FFA' に交差がある
INFO:最終チェックのグリフ 'uni7FFB' に交差がある
INFO:最終チェックのグリフ 'uni8010' に交差がある
INFO:最終チェックのグリフ 'uni8016' に交差がある
INFO:最終チェックのグリフ 'uni8018' に交差がある
INFO:最終チェックのグリフ 'uni8028' に交差がある
INFO:最終チェックのグリフ 'uni8037' に交差がある
INFO:最終チェックのグリフ 'uni803C' に交差がある
INFO:最終チェックのグリフ 'uni805F' に交差がある
INFO:最終チェックのグリフ 'uni8062' に交差がある
INFO:最終チェックのグリフ 'uni8072' に交差がある
INFO:最終チェックのグリフ 'uni8079' に交差がある
INFO:最終チェックのグリフ 'uni807B' に交差がある
INFO:最終チェックのグリフ 'uni807E' に交差がある
INFO:最終チェックのグリフ 'uni8096' に交差がある
INFO:最終チェックのグリフ 'uni8098' に交差がある
INFO:最終チェックのグリフ 'uni809D' に交差がある
INFO:最終チェックのグリフ 'uni80A1' に交差がある
INFO:最終チェックのグリフ 'uni80A2' に交差がある
INFO:最終チェックのグリフ 'uni80A5' に交差がある
INFO:最終チェックのグリフ 'uni80A7' に交差がある
INFO:最終チェックのグリフ 'uni80AD' に交差がある
INFO:最終チェックのグリフ 'uni80B1' に交差がある
INFO:最終チェックのグリフ 'uni80B2' に交差がある
INFO:最終チェックのグリフ 'uni80CA' に交差がある
INFO:最終チェックのグリフ 'uni80CE' に交差がある
INFO:最終チェックのグリフ 'uni80D5' に交差がある
INFO:最終チェックのグリフ 'uni80D6' に交差がある
INFO:最終チェックのグリフ 'uni80D7' に交差がある
INFO:最終チェックのグリフ 'uni80D9' に交差がある
INFO:最終チェックのグリフ 'uni80DA' に交差がある
INFO:最終チェックのグリフ 'uni80DD' に交差がある
INFO:最終チェックのグリフ 'uni80DE' に交差がある
INFO:最終チェックのグリフ 'uni80E0' に交差がある
INFO:最終チェックのグリフ 'uni80E6' に交差がある
INFO:最終チェックのグリフ 'uni80F1' に交差がある
INFO:最終チェックのグリフ 'uni80F3' に交差がある
INFO:最終チェックのグリフ 'uni80F4' に交差がある
INFO:最終チェックのグリフ 'uni80F8' に交差がある
INFO:最終チェックのグリフ 'uni80FB' に交差がある
INFO:最終チェックのグリフ 'uni8107' に交差がある
INFO:最終チェックのグリフ 'uni8109' に交差がある
INFO:最終チェックのグリフ 'uni810D' に交差がある
INFO:最終チェックのグリフ 'uni8116' に交差がある
INFO:最終チェックのグリフ 'uni811A' に交差がある
INFO:最終チェックのグリフ 'uni811B' に交差がある
INFO:最終チェックのグリフ 'uni811E' に交差がある
INFO:最終チェックのグリフ 'uni8124' に交差がある
INFO:最終チェックのグリフ 'uni8127' に交差がある
INFO:最終チェックのグリフ 'uni812C' に交差がある
INFO:最終チェックのグリフ 'uni812F' に交差がある
INFO:最終チェックのグリフ 'uni8135' に交差がある
INFO:最終チェックのグリフ 'uni813E' に交差がある
INFO:最終チェックのグリフ 'uni814A' に交差がある
INFO:最終チェックのグリフ 'uni8151' に交差がある
INFO:最終チェックのグリフ 'uni8153' に交差がある
INFO:最終チェックのグリフ 'uni815F' に交差がある
INFO:最終チェックのグリフ 'uni8160' に交差がある
INFO:最終チェックのグリフ 'uni8165' に交差がある
INFO:最終チェックのグリフ 'uni8167' に交差がある
INFO:最終チェックのグリフ 'uni8168' に交差がある
INFO:最終チェックのグリフ 'uni8169' に交差がある
INFO:最終チェックのグリフ 'uni816D' に交差がある
INFO:最終チェックのグリフ 'uni816E' に交差がある
INFO:最終チェックのグリフ 'uni8171' に交差がある
INFO:最終チェックのグリフ 'uni8174' に交差がある
INFO:最終チェックのグリフ 'uni8179' に交差がある
INFO:最終チェックのグリフ 'uni817A' に交差がある
INFO:最終チェックのグリフ 'uni817F' に交差がある
INFO:最終チェックのグリフ 'uni8180' に交差がある
INFO:最終チェックのグリフ 'uni8181' に交差がある
INFO:最終チェックのグリフ 'uni8183' に交差がある
INFO:最終チェックのグリフ 'uni8184' に交差がある
INFO:最終チェックのグリフ 'uni8185' に交差がある
INFO:最終チェックのグリフ 'uni8188' に交差がある
INFO:最終チェックのグリフ 'uni8198' に交差がある
INFO:最終チェックのグリフ 'uni81A0' に交差がある
INFO:最終チェックのグリフ 'uni81A4' に交差がある
INFO:最終チェックのグリフ 'uni81A8' に交差がある
INFO:最終チェックのグリフ 'uni81A9' に交差がある
INFO:最終チェックのグリフ 'uni81B3' に交差がある
INFO:最終チェックのグリフ 'uni81B5' に交差がある
INFO:最終チェックのグリフ 'uni81C0' に交差がある
INFO:最終チェックのグリフ 'uni81C1' に交差がある
INFO:最終チェックのグリフ 'uni81C8' に交差がある
INFO:最終チェックのグリフ 'uni81CA' に交差がある
INFO:最終チェックのグリフ 'uni81D1' に交差がある
INFO:最終チェックのグリフ 'uni81D7' に交差がある
INFO:最終チェックのグリフ 'uni81D9' に交差がある
INFO:最終チェックのグリフ 'uni81DA' に交差がある
INFO:最終チェックのグリフ 'uni81DB' に交差がある
INFO:最終チェックのグリフ 'uni81DF' に交差がある
INFO:最終チェックのグリフ 'uni81E0' に交差がある
INFO:最終チェックのグリフ 'uni81E7' に交差がある
INFO:最終チェックのグリフ 'uni8205' に交差がある
INFO:最終チェックのグリフ 'uni8209' に交差がある
INFO:最終チェックのグリフ 'uni820A' に交差がある
INFO:最終チェックのグリフ 'uni820D' に交差がある
INFO:最終チェックのグリフ 'uni8210' に交差がある
INFO:最終チェックのグリフ 'uni8216' に交差がある
INFO:最終チェックのグリフ 'uni8217' に交差がある
INFO:最終チェックのグリフ 'uni821F' に交差がある
INFO:最終チェックのグリフ 'uni822B' に交差がある
INFO:最終チェックのグリフ 'uni8238' に交差がある
INFO:最終チェックのグリフ 'uni8240' に交差がある
INFO:最終チェックのグリフ 'uni8245' に交差がある
INFO:最終チェックのグリフ 'uni8247' に交差がある
INFO:最終チェックのグリフ 'uni8249' に交差がある
INFO:最終チェックのグリフ 'uni824B' に交差がある
INFO:最終チェックのグリフ 'uni825C' に交差がある
INFO:最終チェックのグリフ 'uni825F' に交差がある
INFO:最終チェックのグリフ 'uni8260' に交差がある
INFO:最終チェックのグリフ 'uni8266' に交差がある
INFO:最終チェックのグリフ 'uni826B' に交差がある
INFO:最終チェックのグリフ 'uni8274' に交差がある
INFO:最終チェックのグリフ 'uni8276' に交差がある
INFO:最終チェックのグリフ 'uni8277' に交差がある
INFO:最終チェックのグリフ 'uni8293' に交差がある
INFO:最終チェックのグリフ 'uni82AE' に交差がある
INFO:最終チェックのグリフ 'uni82B3' に交差がある
INFO:最終チェックのグリフ 'uni82BD' に交差がある
INFO:最終チェックのグリフ 'uni82BE' に交差がある
INFO:最終チェックのグリフ 'uni82C6' に交差がある
INFO:最終チェックのグリフ 'uni82D2' に交差がある
INFO:最終チェックのグリフ 'uni82D3' に交差がある
INFO:最終チェックのグリフ 'uni82E7' に交差がある
INFO:最終チェックのグリフ 'uni82F3' に交差がある
INFO:最終チェックのグリフ 'uni82FA' に交差がある
INFO:最終チェックのグリフ 'uni8300' に交差がある
INFO:最終チェックのグリフ 'uni8305' に交差がある
INFO:最終チェックのグリフ 'uni8318' に交差がある
INFO:最終チェックのグリフ 'uni831B' に交差がある
INFO:最終チェックのグリフ 'uni8322' に交差がある
INFO:最終チェックのグリフ 'uni833C' に交差がある
INFO:最終チェックのグリフ 'uni8343' に交差がある
INFO:最終チェックのグリフ 'uni8346' に交差がある
INFO:最終チェックのグリフ 'uni8350' に交差がある
INFO:最終チェックのグリフ 'uni8354' に交差がある
INFO:最終チェックのグリフ 'uni8362' に交差がある
INFO:最終チェックのグリフ 'uni8386' に交差がある
INFO:最終チェックのグリフ 'uni8387' に交差がある
INFO:最終チェックのグリフ 'uni838D' に交差がある
INFO:最終チェックのグリフ 'uni838E' に交差がある
INFO:最終チェックのグリフ 'uni839D' に交差がある
INFO:最終チェックのグリフ 'uni83A9' に交差がある
INFO:最終チェックのグリフ 'uni83BF' に交差がある
INFO:最終チェックのグリフ 'uni83C9' に交差がある
INFO:最終チェックのグリフ 'uni83CE' に交差がある
INFO:最終チェックのグリフ 'uni83CF' に交差がある
INFO:最終チェックのグリフ 'uni83D4' に交差がある
INFO:最終チェックのグリフ 'uni83DF' に交差がある
INFO:最終チェックのグリフ 'uni83F9' に交差がある
INFO:最終チェックのグリフ 'uni8422' に交差がある
INFO:最終チェックのグリフ 'uni842A' に交差がある
INFO:最終チェックのグリフ 'uni8439' に交差がある
INFO:最終チェックのグリフ 'uni843D' に交差がある
INFO:最終チェックのグリフ 'uni8446' に交差がある
INFO:最終チェックのグリフ 'uni8451' に交差がある
INFO:最終チェックのグリフ 'uni8459' に交差がある
INFO:最終チェックのグリフ 'uni8471' に交差がある
INFO:最終チェックのグリフ 'uni8476' に交差がある
INFO:最終チェックのグリフ 'uni8479' に交差がある
INFO:最終チェックのグリフ 'uni8482' に交差がある
INFO:最終チェックのグリフ 'uni8485' に交差がある
INFO:最終チェックのグリフ 'uni849C' に交差がある
INFO:最終チェックのグリフ 'uni84A6' に交差がある
INFO:最終チェックのグリフ 'uni84AF' に交差がある
INFO:最終チェックのグリフ 'uni84C6' に交差がある
INFO:最終チェックのグリフ 'uni84CA' に交差がある
INFO:最終チェックのグリフ 'uni84D3' に交差がある
INFO:最終チェックのグリフ 'uni84D6' に交差がある
INFO:最終チェックのグリフ 'uni84DA' に交差がある
INFO:最終チェックのグリフ 'uni84EC' に交差がある
INFO:最終チェックのグリフ 'uni84EF' に交差がある
INFO:最終チェックのグリフ 'uni84F0' に交差がある
INFO:最終チェックのグリフ 'uni84FA' に交差がある
INFO:最終チェックのグリフ 'uni851B' に交差がある
INFO:最終チェックのグリフ 'uni8521' に交差がある
INFO:最終チェックのグリフ 'uni8526' に交差がある
INFO:最終チェックのグリフ 'uni8534' に交差がある
INFO:最終チェックのグリフ 'uni853D' に交差がある
INFO:最終チェックのグリフ 'uni853E' に交差がある
INFO:最終チェックのグリフ 'uni854B' に交差がある
INFO:最終チェックのグリフ 'uni854E' に交差がある
INFO:最終チェックのグリフ 'uni854F' に交差がある
INFO:最終チェックのグリフ 'uni8551' に交差がある
INFO:最終チェックのグリフ 'uni8558' に交差がある
INFO:最終チェックのグリフ 'uni855A' に交差がある
INFO:最終チェックのグリフ 'uni8564' に交差がある
INFO:最終チェックのグリフ 'uni856F' に交差がある
INFO:最終チェックのグリフ 'uni857A' に交差がある
INFO:最終チェックのグリフ 'uni8580' に交差がある
INFO:最終チェックのグリフ 'uni8584' に交差がある
INFO:最終チェックのグリフ 'uni858A' に交差がある
INFO:最終チェックのグリフ 'uni859F' に交差がある
INFO:最終チェックのグリフ 'uni85A4' に交差がある
INFO:最終チェックのグリフ 'uni85A6' に交差がある
INFO:最終チェックのグリフ 'uni85CD' に交差がある
INFO:最終チェックのグリフ 'uni85D0' に交差がある
INFO:最終チェックのグリフ 'uni85D9' に交差がある
INFO:最終チェックのグリフ 'uni85E4' に交差がある
INFO:最終チェックのグリフ 'uni85E9' に交差がある
INFO:最終チェックのグリフ 'uni85ED' に交差がある
INFO:最終チェックのグリフ 'uni85F9' に交差がある
INFO:最終チェックのグリフ 'uni85FA' に交差がある
INFO:最終チェックのグリフ 'uni85FF' に交差がある
INFO:最終チェックのグリフ 'uni8602' に交差がある
INFO:最終チェックのグリフ 'uni8605' に交差がある
INFO:最終チェックのグリフ 'uni8607' に交差がある
INFO:最終チェックのグリフ 'uni860B' に交差がある
INFO:最終チェックのグリフ 'uni861A' に交差がある
INFO:最終チェックのグリフ 'uni861E' に交差がある
INFO:最終チェックのグリフ 'uni8624' に交差がある
INFO:最終チェックのグリフ 'uni862D' に交差がある
INFO:最終チェックのグリフ 'uni862F' に交差がある
INFO:最終チェックのグリフ 'uni8639' に交差がある
INFO:最終チェックのグリフ 'uni863F' に交差がある
INFO:最終チェックのグリフ 'uni8653' に交差がある
INFO:最終チェックのグリフ 'uni8655' に交差がある
INFO:最終チェックのグリフ 'uni8656' に交差がある
INFO:最終チェックのグリフ 'uni865A' に交差がある
INFO:最終チェックのグリフ 'uni865C' に交差がある
INFO:最終チェックのグリフ 'uni865F' に交差がある
INFO:最終チェックのグリフ 'uni8662' に交差がある
INFO:最終チェックのグリフ 'uni868B' に交差がある
INFO:最終チェックのグリフ 'uni8693' に交差がある
INFO:最終チェックのグリフ 'uni869C' に交差がある
INFO:最終チェックのグリフ 'uni86A3' に交差がある
INFO:最終チェックのグリフ 'uni86AF' に交差がある
INFO:最終チェックのグリフ 'uni86B3' に交差がある
INFO:最終チェックのグリフ 'uni86C3' に交差がある
INFO:最終チェックのグリフ 'uni86C6' に交差がある
INFO:最終チェックのグリフ 'uni86DE' に交差がある
INFO:最終チェックのグリフ 'uni86F8' に交差がある
INFO:最終チェックのグリフ 'uni86FE' に交差がある
INFO:最終チェックのグリフ 'uni8709' に交差がある
INFO:最終チェックのグリフ 'uni8710' に交差がある
INFO:最終チェックのグリフ 'uni8712' に交差がある
INFO:最終チェックのグリフ 'uni8713' に交差がある
INFO:最終チェックのグリフ 'uni8719' に交差がある
INFO:最終チェックのグリフ 'uni8729' に交差がある
INFO:最終チェックのグリフ 'uni8737' に交差がある
INFO:最終チェックのグリフ 'uni874C' に交差がある
INFO:最終チェックのグリフ 'uni8751' に交差がある
INFO:最終チェックのグリフ 'uni8753' に交差がある
INFO:最終チェックのグリフ 'uni8757' に交差がある
INFO:最終チェックのグリフ 'uni8759' に交差がある
INFO:最終チェックのグリフ 'uni8763' に交差がある
INFO:最終チェックのグリフ 'uni876A' に交差がある
INFO:最終チェックのグリフ 'uni8774' に交差がある
INFO:最終チェックのグリフ 'uni8778' に交差がある
INFO:最終チェックのグリフ 'uni8789' に交差がある
INFO:最終チェックのグリフ 'uni878D' に交差がある
INFO:最終チェックのグリフ 'uni87A0' に交差がある
INFO:最終チェックのグリフ 'uni87A2' に交差がある
INFO:最終チェックのグリフ 'uni87AB' に交差がある
INFO:最終チェックのグリフ 'uni87AD' に交差がある
INFO:最終チェックのグリフ 'uni87C0' に交差がある
INFO:最終チェックのグリフ 'uni87CE' に交差がある
INFO:最終チェックのグリフ 'uni87DF' に交差がある
INFO:最終チェックのグリフ 'uni87E3' に交差がある
INFO:最終チェックのグリフ 'uni87EA' に交差がある
INFO:最終チェックのグリフ 'uni87FB' に交差がある
INFO:最終チェックのグリフ 'uni8801' に交差がある
INFO:最終チェックのグリフ 'uni8803' に交差がある
INFO:最終チェックのグリフ 'uni880D' に交差がある
INFO:最終チェックのグリフ 'uni880F' に交差がある
INFO:最終チェックのグリフ 'uni8811' に交差がある
INFO:最終チェックのグリフ 'uni8813' に交差がある
INFO:最終チェックのグリフ 'uni8814' に交差がある
INFO:最終チェックのグリフ 'uni8815' に交差がある
INFO:最終チェックのグリフ 'uni881F' に交差がある
INFO:最終チェックのグリフ 'uni882E' に交差がある
INFO:最終チェックのグリフ 'uni8831' に交差がある
INFO:最終チェックのグリフ 'uni8832' に交差がある
INFO:最終チェックのグリフ 'uni8836' に交差がある
INFO:最終チェックのグリフ 'uni8839' に交差がある
INFO:最終チェックのグリフ 'uni8842' に交差がある
INFO:最終チェックのグリフ 'uni8846' に交差がある
INFO:最終チェックのグリフ 'uni884A' に交差がある
INFO:最終チェックのグリフ 'uni884D' に交差がある
INFO:最終チェックのグリフ 'uni8852' に交差がある
INFO:最終チェックのグリフ 'uni8858' に交差がある
INFO:最終チェックのグリフ 'uni885E' に交差がある
INFO:最終チェックのグリフ 'uni8861' に交差がある
INFO:最終チェックのグリフ 'uni886B' に交差がある
INFO:最終チェックのグリフ 'uni886F' に交差がある
INFO:最終チェックのグリフ 'uni887D' に交差がある
INFO:最終チェックのグリフ 'uni8892' に交差がある
INFO:最終チェックのグリフ 'uni8897' に交差がある
INFO:最終チェックのグリフ 'uni88A2' に交差がある
INFO:最終チェックのグリフ 'uni88AE' に交差がある
INFO:最終チェックのグリフ 'uni88B1' に交差がある
INFO:最終チェックのグリフ 'uni88B7' に交差がある
INFO:最終チェックのグリフ 'uni88BE' に交差がある
INFO:最終チェックのグリフ 'uni88C3' に交差がある
INFO:最終チェックのグリフ 'uni88C4' に交差がある
INFO:最終チェックのグリフ 'uni88CE' に交差がある
INFO:最終チェックのグリフ 'uni88D1' に交差がある
INFO:最終チェックのグリフ 'uni88D3' に交差がある
INFO:最終チェックのグリフ 'uni88D4' に交差がある
INFO:最終チェックのグリフ 'uni88D5' に交差がある
INFO:最終チェックのグリフ 'uni88D9' に交差がある
INFO:最終チェックのグリフ 'uni88DC' に交差がある
INFO:最終チェックのグリフ 'uni88DD' に交差がある
INFO:最終チェックのグリフ 'uni88E1' に交差がある
INFO:最終チェックのグリフ 'uni88E8' に交差がある
INFO:最終チェックのグリフ 'uni88F0' に交差がある
INFO:最終チェックのグリフ 'uni88F1' に交差がある
INFO:最終チェックのグリフ 'uni88F2' に交差がある
INFO:最終チェックのグリフ 'uni88FC' に交差がある
INFO:最終チェックのグリフ 'uni8904' に交差がある
INFO:最終チェックのグリフ 'uni890A' に交差がある
INFO:最終チェックのグリフ 'uni890C' に交差がある
INFO:最終チェックのグリフ 'uni8919' に交差がある
INFO:最終チェックのグリフ 'uni891C' に交差がある
INFO:最終チェックのグリフ 'uni891E' に交差がある
INFO:最終チェックのグリフ 'uni892A' に交差がある
INFO:最終チェックのグリフ 'uni8936' に交差がある
INFO:最終チェックのグリフ 'uni8937' に交差がある
INFO:最終チェックのグリフ 'uni8939' に交差がある
INFO:最終チェックのグリフ 'uni8942' に交差がある
INFO:最終チェックのグリフ 'uni8964' に交差がある
INFO:最終チェックのグリフ 'uni8966' に交差がある
INFO:最終チェックのグリフ 'uni896A' に交差がある
INFO:最終チェックのグリフ 'uni898A' に交差がある
INFO:最終チェックのグリフ 'uni8997' に交差がある
INFO:最終チェックのグリフ 'uni89A6' に交差がある
INFO:最終チェックのグリフ 'uni89AF' に交差がある
INFO:最終チェックのグリフ 'uni89BA' に交差がある
INFO:最終チェックのグリフ 'uni89D4' に交差がある
INFO:最終チェックのグリフ 'uni89D6' に交差がある
INFO:最終チェックのグリフ 'uni89D8' に交差がある
INFO:最終チェックのグリフ 'uni89DA' に交差がある
INFO:最終チェックのグリフ 'uni89DD' に交差がある
INFO:最終チェックのグリフ 'uni89E3' に交差がある
INFO:最終チェックのグリフ 'uni89E5' に交差がある
INFO:最終チェックのグリフ 'uni89EB' に交差がある
INFO:最終チェックのグリフ 'uni89F1' に交差がある
INFO:最終チェックのグリフ 'uni89F4' に交差がある
INFO:最終チェックのグリフ 'uni89F8' に交差がある
INFO:最終チェックのグリフ 'uni89FD' に交差がある
INFO:最終チェックのグリフ 'uni89FF' に交差がある
INFO:最終チェックのグリフ 'uni8A0E' に交差がある
INFO:最終チェックのグリフ 'uni8A2A' に交差がある
INFO:最終チェックのグリフ 'uni8A33' に交差がある
INFO:最終チェックのグリフ 'uni8A34' に交差がある
INFO:最終チェックのグリフ 'uni8A46' に交差がある
INFO:最終チェックのグリフ 'uni8A4E' に交差がある
INFO:最終チェックのグリフ 'uni8A5B' に交差がある
INFO:最終チェックのグリフ 'uni8A5D' に交差がある
INFO:最終チェックのグリフ 'uni8A61' に交差がある
INFO:最終チェックのグリフ 'uni8A79' に交差がある
INFO:最終チェックのグリフ 'uni8AA7' に交差がある
INFO:最終チェックのグリフ 'uni8AAE' に交差がある
INFO:最終チェックのグリフ 'uni8ABC' に交差がある
INFO:最終チェックのグリフ 'uni8ABE' に交差がある
INFO:最終チェックのグリフ 'uni8AD0' に交差がある
INFO:最終チェックのグリフ 'uni8AD2' に交差がある
INFO:最終チェックのグリフ 'uni8ADA' に交差がある
INFO:最終チェックのグリフ 'uni8ADE' に交差がある
INFO:最終チェックのグリフ 'uni8AE1' に交差がある
INFO:最終チェックのグリフ 'uni8AE6' に交差がある
INFO:最終チェックのグリフ 'uni8AED' に交差がある
INFO:最終チェックのグリフ 'uni8AF6' に交差がある
INFO:最終チェックのグリフ 'uni8B02' に交差がある
INFO:最終チェックのグリフ 'uni8B04' に交差がある
INFO:最終チェックのグリフ 'uni8B05' に交差がある
INFO:最終チェックのグリフ 'uni8B0C' に交差がある
INFO:最終チェックのグリフ 'uni8B0D' に交差がある
INFO:最終チェックのグリフ 'uni8B10' に交差がある
INFO:最終チェックのグリフ 'uni8B1A' に交差がある
INFO:最終チェックのグリフ 'uni8B1B' に交差がある
INFO:最終チェックのグリフ 'uni8B1C' に交差がある
INFO:最終チェックのグリフ 'uni8B2B' に交差がある
INFO:最終チェックのグリフ 'uni8B2C' に交差がある
INFO:最終チェックのグリフ 'uni8B49' に交差がある
INFO:最終チェックのグリフ 'uni8B4E' に交差がある
INFO:最終チェックのグリフ 'uni8B51' に交差がある
INFO:最終チェックのグリフ 'uni8B56' に交差がある
INFO:最終チェックのグリフ 'uni8B59' に交差がある
INFO:最終チェックのグリフ 'uni8B5F' に交差がある
INFO:最終チェックのグリフ 'uni8B77' に交差がある
INFO:最終チェックのグリフ 'uni8B80' に交差がある
INFO:最終チェックのグリフ 'uni8B94' に交差がある
INFO:最終チェックのグリフ 'uni8B96' に交差がある
INFO:最終チェックのグリフ 'uni8B9E' に交差がある
INFO:最終チェックのグリフ 'uni8C45' に交差がある
INFO:最終チェックのグリフ 'uni8C54' に交差がある
INFO:最終チェックのグリフ 'uni8C57' に交差がある
INFO:最終チェックのグリフ 'uni8C5A' に交差がある
INFO:最終チェックのグリフ 'uni8C61' に交差がある
INFO:最終チェックのグリフ 'uni8C68' に交差がある
INFO:最終チェックのグリフ 'uni8C69' に交差がある
INFO:最終チェックのグリフ 'uni8C6C' に交差がある
INFO:最終チェックのグリフ 'uni8C73' に交差がある
INFO:最終チェックのグリフ 'uni8C79' に交差がある
INFO:最終チェックのグリフ 'uni8C7A' に交差がある
INFO:最終チェックのグリフ 'uni8C7C' に交差がある
INFO:最終チェックのグリフ 'uni8C82' に交差がある
INFO:最終チェックのグリフ 'uni8C85' に交差がある
INFO:最終チェックのグリフ 'uni8C89' に交差がある
INFO:最終チェックのグリフ 'uni8C8A' に交差がある
INFO:最終チェックのグリフ 'uni8C8C' に交差がある
INFO:最終チェックのグリフ 'uni8C8D' に交差がある
INFO:最終チェックのグリフ 'uni8C8E' に交差がある
INFO:最終チェックのグリフ 'uni8C92' に交差がある
INFO:最終チェックのグリフ 'uni8C93' に交差がある
INFO:最終チェックのグリフ 'uni8C94' に交差がある
INFO:最終チェックのグリフ 'uni8C99' に交差がある
INFO:最終チェックのグリフ 'uni8CA0' に交差がある
INFO:最終チェックのグリフ 'uni8CA1' に交差がある
INFO:最終チェックのグリフ 'uni8CAF' に交差がある
INFO:最終チェックのグリフ 'uni8CC4' に交差がある
INFO:最終チェックのグリフ 'uni8CD5' に交差がある
INFO:最終チェックのグリフ 'uni8CD6' に交差がある
INFO:最終チェックのグリフ 'uni8CE4' に交差がある
INFO:最終チェックのグリフ 'uni8CF8' に交差がある
INFO:最終チェックのグリフ 'uni8D0A' に交差がある
INFO:最終チェックのグリフ 'uni8D0E' に交差がある
INFO:最終チェックのグリフ 'uni8D0F' に交差がある
INFO:最終チェックのグリフ 'uni8D10' に交差がある
INFO:最終チェックのグリフ 'uni8D13' に交差がある
INFO:最終チェックのグリフ 'uni8D16' に交差がある
INFO:最終チェックのグリフ 'uni8D1B' に交差がある
INFO:最終チェックのグリフ 'uni8D64' に交差がある
INFO:最終チェックのグリフ 'uni8D6B' に交差がある
INFO:最終チェックのグリフ 'uni8DA3' に交差がある
INFO:最終チェックのグリフ 'uni8DA6' に交差がある
INFO:最終チェックのグリフ 'uni8DA8' に交差がある
INFO:最終チェックのグリフ 'uni8DC8' に交差がある
INFO:最終チェックのグリフ 'uni8DD9' に交差がある
INFO:最終チェックのグリフ 'uni8DDA' に交差がある
INFO:最終チェックのグリフ 'uni8DE1' に交差がある
INFO:最終チェックのグリフ 'uni8DFC' に交差がある
INFO:最終チェックのグリフ 'uni8DFF' に交差がある
INFO:最終チェックのグリフ 'uni8E22' に交差がある
INFO:最終チェックのグリフ 'uni8E30' に交差がある
INFO:最終チェックのグリフ 'uni8E42' に交差がある
INFO:最終チェックのグリフ 'uni8E44' に交差がある
INFO:最終チェックのグリフ 'uni8E49' に交差がある
INFO:最終チェックのグリフ 'uni8E62' に交差がある
INFO:最終チェックのグリフ 'uni8E63' に交差がある
INFO:最終チェックのグリフ 'uni8E6C' に交差がある
INFO:最終チェックのグリフ 'uni8E72' に交差がある
INFO:最終チェックのグリフ 'uni8E7B' に交差がある
INFO:最終チェックのグリフ 'uni8E98' に交差がある
INFO:最終チェックのグリフ 'uni8EAA' に交差がある
INFO:最終チェックのグリフ 'uni8EB0' に交差がある
INFO:最終チェックのグリフ 'uni8EB6' に交差がある
INFO:最終チェックのグリフ 'uni8EBB' に交差がある
INFO:最終チェックのグリフ 'uni8EC6' に交差がある
INFO:最終チェックのグリフ 'uni8EDF' に交差がある
INFO:最終チェックのグリフ 'uni8F05' に交差がある
INFO:最終チェックのグリフ 'uni8F08' に交差がある
INFO:最終チェックのグリフ 'uni8F09' に交差がある
INFO:最終チェックのグリフ 'uni8F0C' に交差がある
INFO:最終チェックのグリフ 'uni8F14' に交差がある
INFO:最終チェックのグリフ 'uni8F17' に交差がある
INFO:最終チェックのグリフ 'uni8F19' に交差がある
INFO:最終チェックのグリフ 'uni8F1B' に交差がある
INFO:最終チェックのグリフ 'uni8F1D' に交差がある
INFO:最終チェックのグリフ 'uni8F1F' に交差がある
INFO:最終チェックのグリフ 'uni8F36' に交差がある
INFO:最終チェックのグリフ 'uni8F38' に交差がある
INFO:最終チェックのグリフ 'uni8F3F' に交差がある
INFO:最終チェックのグリフ 'uni8F40' に交差がある
INFO:最終チェックのグリフ 'uni8F45' に交差がある
INFO:最終チェックのグリフ 'uni8F4D' に交差がある
INFO:最終チェックのグリフ 'uni8F4E' に交差がある
INFO:最終チェックのグリフ 'uni8F54' に交差がある
INFO:最終チェックのグリフ 'uni8F57' に交差がある
INFO:最終チェックのグリフ 'uni8F58' に交差がある
INFO:最終チェックのグリフ 'uni8F5C' に交差がある
INFO:最終チェックのグリフ 'uni8F63' に交差がある
INFO:最終チェックのグリフ 'uni8FA3' に交差がある
INFO:最終チェックのグリフ 'uni8FB0' に交差がある
INFO:最終チェックのグリフ 'uni8FB1' に交差がある
INFO:最終チェックのグリフ 'uni8FB4' に交差がある
INFO:最終チェックのグリフ 'uni9003' に交差がある
INFO:最終チェックのグリフ 'uni9005' に交差がある
INFO:最終チェックのグリフ 'uni9016' に交差がある
INFO:最終チェックのグリフ 'uni904F' に交差がある
INFO:最終チェックのグリフ 'uni9052' に交差がある
INFO:最終チェックのグリフ 'uni9068' に交差がある
INFO:最終チェックのグリフ 'uni908A' に交差がある
INFO:最終チェックのグリフ 'uni90A3' に交差がある
INFO:最終チェックのグリフ 'uni90C1' に交差がある
INFO:最終チェックのグリフ 'uni90C7' に交差がある
INFO:最終チェックのグリフ 'uni90D7' に交差がある
INFO:最終チェックのグリフ 'uni90DB' に交差がある
INFO:最終チェックのグリフ 'uni9100' に交差がある
INFO:最終チェックのグリフ 'uni9118' に交差がある
INFO:最終チェックのグリフ 'uni912D' に交差がある
INFO:最終チェックのグリフ 'uni9139' に交差がある
INFO:最終チェックのグリフ 'uni9147' に交差がある
INFO:最終チェックのグリフ 'uni9156' に交差がある
INFO:最終チェックのグリフ 'uni9157' に交差がある
INFO:最終チェックのグリフ 'uni9158' に交差がある
INFO:最終チェックのグリフ 'uni9163' に交差がある
INFO:最終チェックのグリフ 'uni9169' に交差がある
INFO:最終チェックのグリフ 'uni916C' に交差がある
INFO:最終チェックのグリフ 'uni9173' に交差がある
INFO:最終チェックのグリフ 'uni9174' に交差がある
INFO:最終チェックのグリフ 'uni9175' に交差がある
INFO:最終チェックのグリフ 'uni9179' に交差がある
INFO:最終チェックのグリフ 'uni9183' に交差がある
INFO:最終チェックのグリフ 'uni9185' に交差がある
INFO:最終チェックのグリフ 'uni9187' に交差がある
INFO:最終チェックのグリフ 'uni9189' に交差がある
INFO:最終チェックのグリフ 'uni918D' に交差がある
INFO:最終チェックのグリフ 'uni918E' に交差がある
INFO:最終チェックのグリフ 'uni9190' に交差がある
INFO:最終チェックのグリフ 'uni919E' に交差がある
INFO:最終チェックのグリフ 'uni91A2' に交差がある
INFO:最終チェックのグリフ 'uni91A8' に交差がある
INFO:最終チェックのグリフ 'uni91AF' に交差がある
INFO:最終チェックのグリフ 'uni91B3' に交差がある
INFO:最終チェックのグリフ 'uni91B5' に交差がある
INFO:最終チェックのグリフ 'uni91CB' に交差がある
INFO:最終チェックのグリフ 'uni91D7' に交差がある
INFO:最終チェックのグリフ 'uni91D8' に交差がある
INFO:最終チェックのグリフ 'uni91DB' に交差がある
INFO:最終チェックのグリフ 'uni91DE' に交差がある
INFO:最終チェックのグリフ 'uni91E3' に交差がある
INFO:最終チェックのグリフ 'uni91EC' に交差がある
INFO:最終チェックのグリフ 'uni91FC' に交差がある
INFO:最終チェックのグリフ 'uni9201' に交差がある
INFO:最終チェックのグリフ 'uni920D' に交差がある
INFO:最終チェックのグリフ 'uni9210' に交差がある
INFO:最終チェックのグリフ 'uni9215' に交差がある
INFO:最終チェックのグリフ 'uni9229' に交差がある
INFO:最終チェックのグリフ 'uni922C' に交差がある
INFO:最終チェックのグリフ 'uni923A' に交差がある
INFO:最終チェックのグリフ 'uni923F' に交差がある
INFO:最終チェックのグリフ 'uni9245' に交差がある
INFO:最終チェックのグリフ 'uni924B' に交差がある
INFO:最終チェックのグリフ 'uni9256' に交差がある
INFO:最終チェックのグリフ 'uni9264' に交差がある
INFO:最終チェックのグリフ 'uni9268' に交差がある
INFO:最終チェックのグリフ 'uni927E' に交差がある
INFO:最終チェックのグリフ 'uni9288' に交差がある
INFO:最終チェックのグリフ 'uni9291' に交差がある
INFO:最終チェックのグリフ 'uni9296' に交差がある
INFO:最終チェックのグリフ 'uni9299' に交差がある
INFO:最終チェックのグリフ 'uni92B9' に交差がある
INFO:最終チェックのグリフ 'uni92C2' に交差がある
INFO:最終チェックのグリフ 'uni92CB' に交差がある
INFO:最終チェックのグリフ 'uni92CC' に交差がある
INFO:最終チェックのグリフ 'uni92D3' に交差がある
INFO:最終チェックのグリフ 'uni92D5' に交差がある
INFO:最終チェックのグリフ 'uni92E4' に交差がある
INFO:最終チェックのグリフ 'uni92F3' に交差がある
INFO:最終チェックのグリフ 'uni92FC' に交差がある
INFO:最終チェックのグリフ 'uni92FF' に交差がある
INFO:最終チェックのグリフ 'uni9302' に交差がある
INFO:最終チェックのグリフ 'uni9304' に交差がある
INFO:最終チェックのグリフ 'uni9318' に交差がある
INFO:最終チェックのグリフ 'uni931A' に交差がある
INFO:最終チェックのグリフ 'uni931D' に交差がある
INFO:最終チェックのグリフ 'uni9320' に交差がある
INFO:最終チェックのグリフ 'uni9321' に交差がある
INFO:最終チェックのグリフ 'uni932B' に交差がある
INFO:最終チェックのグリフ 'uni9332' に交差がある
INFO:最終チェックのグリフ 'uni933A' に交差がある
INFO:最終チェックのグリフ 'uni9344' に交差がある
INFO:最終チェックのグリフ 'uni934A' に交差がある
INFO:最終チェックのグリフ 'uni934D' に交差がある
INFO:最終チェックのグリフ 'uni9354' に交差がある
INFO:最終チェックのグリフ 'uni9357' に交差がある
INFO:最終チェックのグリフ 'uni9360' に交差がある
INFO:最終チェックのグリフ 'uni936E' に交差がある
INFO:最終チェックのグリフ 'uni9371' に交差がある
INFO:最終チェックのグリフ 'uni9375' に交差がある
INFO:最終チェックのグリフ 'uni937E' に交差がある
INFO:最終チェックのグリフ 'uni9388' に交差がある
INFO:最終チェックのグリフ 'uni938B' に交差がある
INFO:最終チェックのグリフ 'uni9397' に交差がある
INFO:最終チェックのグリフ 'uni939A' に交差がある
INFO:最終チェックのグリフ 'uni939B' に交差がある
INFO:最終チェックのグリフ 'uni93A1' に交差がある
INFO:最終チェックのグリフ 'uni93B0' に交差がある
INFO:最終チェックのグリフ 'uni93B9' に交差がある
INFO:最終チェックのグリフ 'uni93BA' に交差がある
INFO:最終チェックのグリフ 'uni93C1' に交差がある
INFO:最終チェックのグリフ 'uni93C6' に交差がある
INFO:最終チェックのグリフ 'uni93C7' に交差がある
INFO:最終チェックのグリフ 'uni93D1' に交差がある
INFO:最終チェックのグリフ 'uni93D7' に交差がある
INFO:最終チェックのグリフ 'uni93DC' に交差がある
INFO:最終チェックのグリフ 'uni93DE' に交差がある
INFO:最終チェックのグリフ 'uni93DF' に交差がある
INFO:最終チェックのグリフ 'uni93E1' に交差がある
INFO:最終チェックのグリフ 'uni93E4' に交差がある
INFO:最終チェックのグリフ 'uni93E7' に交差がある
INFO:最終チェックのグリフ 'uni93E8' に交差がある
INFO:最終チェックのグリフ 'uni93F1' に交差がある
INFO:最終チェックのグリフ 'uni93F8' に交差がある
INFO:最終チェックのグリフ 'uni93FD' に交差がある
INFO:最終チェックのグリフ 'uni9404' に交差がある
INFO:最終チェックのグリフ 'uni940F' に交差がある
INFO:最終チェックのグリフ 'uni9416' に交差がある
INFO:最終チェックのグリフ 'uni9417' に交差がある
INFO:最終チェックのグリフ 'uni9418' に交差がある
INFO:最終チェックのグリフ 'uni9419' に交差がある
INFO:最終チェックのグリフ 'uni9431' に交差がある
INFO:最終チェックのグリフ 'uni9433' に交差がある
INFO:最終チェックのグリフ 'uni9434' に交差がある
INFO:最終チェックのグリフ 'uni9435' に交差がある
INFO:最終チェックのグリフ 'uni9436' に交差がある
INFO:最終チェックのグリフ 'uni943B' に交差がある
INFO:最終チェックのグリフ 'uni9444' に交差がある
INFO:最終チェックのグリフ 'uni9445' に交差がある
INFO:最終チェックのグリフ 'uni9448' に交差がある
INFO:最終チェックのグリフ 'uni9451' に交差がある
INFO:最終チェックのグリフ 'uni9452' に交差がある
INFO:最終チェックのグリフ 'uni945A' に交差がある
INFO:最終チェックのグリフ 'uni945E' に交差がある
INFO:最終チェックのグリフ 'uni9460' に交差がある
INFO:最終チェックのグリフ 'uni946A' に交差がある
INFO:最終チェックのグリフ 'uni946D' に交差がある
INFO:最終チェックのグリフ 'uni9471' に交差がある
INFO:最終チェックのグリフ 'uni9472' に交差がある
INFO:最終チェックのグリフ 'uni9475' に交差がある
INFO:最終チェックのグリフ 'uni947E' に交差がある
INFO:最終チェックのグリフ 'uni9583' に交差がある
INFO:最終チェックのグリフ 'uni958A' に交差がある
INFO:最終チェックのグリフ 'uni958B' に交差がある
INFO:最終チェックのグリフ 'uni958C' に交差がある
INFO:最終チェックのグリフ 'uni958D' に交差がある
INFO:最終チェックのグリフ 'uni958E' に交差がある
INFO:最終チェックのグリフ 'uni9592' に交差がある
INFO:最終チェックのグリフ 'uni9598' に交差がある
INFO:最終チェックのグリフ 'uni9599' に交差がある
INFO:最終チェックのグリフ 'uni95A4' に交差がある
INFO:最終チェックのグリフ 'uni95A5' に交差がある
INFO:最終チェックのグリフ 'uni95AB' に交差がある
INFO:最終チェックのグリフ 'uni95BC' に交差がある
INFO:最終チェックのグリフ 'uni95BD' に交差がある
INFO:最終チェックのグリフ 'uni95BE' に交差がある
INFO:最終チェックのグリフ 'uni95C7' に交差がある
INFO:最終チェックのグリフ 'uni95C8' に交差がある
INFO:最終チェックのグリフ 'uni95CB' に交差がある
INFO:最終チェックのグリフ 'uni95D5' に交差がある
INFO:最終チェックのグリフ 'uni95D6' に交差がある
INFO:最終チェックのグリフ 'uni95D8' に交差がある
INFO:最終チェックのグリフ 'uni95E2' に交差がある
INFO:最終チェックのグリフ 'uni962F' に交差がある
INFO:最終チェックのグリフ 'uni9634' に交差がある
INFO:最終チェックのグリフ 'uni9642' に交差がある
INFO:最終チェックのグリフ 'uni9644' に交差がある
INFO:最終チェックのグリフ 'uni965E' に交差がある
INFO:最終チェックのグリフ 'uni966C' に交差がある
INFO:最終チェックのグリフ 'uni9686' に交差がある
INFO:最終チェックのグリフ 'uni9688' に交差がある
INFO:最終チェックのグリフ 'uni968B' に交差がある
INFO:最終チェックのグリフ 'uni9698' に交差がある
INFO:最終チェックのグリフ 'uni9699' に交差がある
INFO:最終チェックのグリフ 'uni969A' に交差がある
INFO:最終チェックのグリフ 'uni969B' に交差がある
INFO:最終チェックのグリフ 'uni96A5' に交差がある
INFO:最終チェックのグリフ 'uni96A7' に交差がある
INFO:最終チェックのグリフ 'uni96AF' に交差がある
INFO:最終チェックのグリフ 'uni96B2' に交差がある
INFO:最終チェックのグリフ 'uni96B4' に交差がある
INFO:最終チェックのグリフ 'uni96B6' に交差がある
INFO:最終チェックのグリフ 'uni96B7' に交差がある
INFO:最終チェックのグリフ 'uni96B8' に交差がある
INFO:最終チェックのグリフ 'uni96BC' に交差がある
INFO:最終チェックのグリフ 'uni96BD' に交差がある
INFO:最終チェックのグリフ 'uni96C9' に交差がある
INFO:最終チェックのグリフ 'uni96D6' に交差がある
INFO:最終チェックのグリフ 'uni96D9' に交差がある
INFO:最終チェックのグリフ 'uni96DB' に交差がある
INFO:最終チェックのグリフ 'uni96DE' に交差がある
INFO:最終チェックのグリフ 'uni96E8' に交差がある
INFO:最終チェックのグリフ 'uni96FB' に交差がある
INFO:最終チェックのグリフ 'uni9704' に交差がある
INFO:最終チェックのグリフ 'uni9708' に交差がある
INFO:最終チェックのグリフ 'uni9711' に交差がある
INFO:最終チェックのグリフ 'uni9727' に交差がある
INFO:最終チェックのグリフ 'uni9732' に交差がある
INFO:最終チェックのグリフ 'uni9733' に交差がある
INFO:最終チェックのグリフ 'uni9736' に交差がある
INFO:最終チェックのグリフ 'uni9743' に交差がある
INFO:最終チェックのグリフ 'uni9748' に交差がある
INFO:最終チェックのグリフ 'uni974D' に交差がある
INFO:最終チェックのグリフ 'uni974E' に交差がある
INFO:最終チェックのグリフ 'uni974F' に交差がある
INFO:最終チェックのグリフ 'uni9751' に交差がある
INFO:最終チェックのグリフ 'uni9752' に交差がある
INFO:最終チェックのグリフ 'uni9759' に交差がある
INFO:最終チェックのグリフ 'uni975B' に交差がある
INFO:最終チェックのグリフ 'uni975C' に交差がある
INFO:最終チェックのグリフ 'uni9781' に交差がある
INFO:最終チェックのグリフ 'uni9798' に交差がある
INFO:最終チェックのグリフ 'uni97AE' に交差がある
INFO:最終チェックのグリフ 'uni97B1' に交差がある
INFO:最終チェックのグリフ 'uni97B4' に交差がある
INFO:最終チェックのグリフ 'uni97BA' に交差がある
INFO:最終チェックのグリフ 'uni97C9' に交差がある
INFO:最終チェックのグリフ 'uni97CC' に交差がある
INFO:最終チェックのグリフ 'uni97D1' に交差がある
INFO:最終チェックのグリフ 'uni97D4' に交差がある
INFO:最終チェックのグリフ 'uni97DB' に交差がある
INFO:最終チェックのグリフ 'uni97DE' に交差がある
INFO:最終チェックのグリフ 'uni980C' に交差がある
INFO:最終チェックのグリフ 'uni9812' に交差がある
INFO:最終チェックのグリフ 'uni9833' に交差がある
INFO:最終チェックのグリフ 'uni984E' に交差がある
INFO:最終チェックのグリフ 'uni9856' に交差がある
INFO:最終チェックのグリフ 'uni9866' に交差がある
INFO:最終チェックのグリフ 'uni9870' に交差がある
INFO:最終チェックのグリフ 'uni9873' に交差がある
INFO:最終チェックのグリフ 'uni98B1' に交差がある
INFO:最終チェックのグリフ 'uni98BA' に交差がある
INFO:最終チェックのグリフ 'uni98C3' に交差がある
INFO:最終チェックのグリフ 'uni98C7' に交差がある
INFO:最終チェックのグリフ 'uni98C8' に交差がある
INFO:最終チェックのグリフ 'uni98DC' に交差がある
INFO:最終チェックのグリフ 'uni98E9' に交差がある
INFO:最終チェックのグリフ 'uni98EA' に交差がある
INFO:最終チェックのグリフ 'uni98EE' に交差がある
INFO:最終チェックのグリフ 'uni98F1' に交差がある
INFO:最終チェックのグリフ 'uni98F3' に交差がある
INFO:最終チェックのグリフ 'uni98FC' に交差がある
INFO:最終チェックのグリフ 'uni9908' に交差がある
INFO:最終チェックのグリフ 'uni9912' に交差がある
INFO:最終チェックのグリフ 'uni9914' に交差がある
INFO:最終チェックのグリフ 'uni9916' に交差がある
INFO:最終チェックのグリフ 'uni9917' に交差がある
INFO:最終チェックのグリフ 'uni9918' に交差がある
INFO:最終チェックのグリフ 'uni991A' に交差がある
INFO:最終チェックのグリフ 'uni991B' に交差がある
INFO:最終チェックのグリフ 'uni991D' に交差がある
INFO:最終チェックのグリフ 'uni991E' に交差がある
INFO:最終チェックのグリフ 'uni9924' に交差がある
INFO:最終チェックのグリフ 'uni9927' に交差がある
INFO:最終チェックのグリフ 'uni992C' に交差がある
INFO:最終チェックのグリフ 'uni9932' に交差がある
INFO:最終チェックのグリフ 'uni993A' に交差がある
INFO:最終チェックのグリフ 'uni993C' に交差がある
INFO:最終チェックのグリフ 'uni993D' に交差がある
INFO:最終チェックのグリフ 'uni993E' に交差がある
INFO:最終チェックのグリフ 'uni9941' に交差がある
INFO:最終チェックのグリフ 'uni9942' に交差がある
INFO:最終チェックのグリフ 'uni9945' に交差がある
INFO:最終チェックのグリフ 'uni9946' に交差がある
INFO:最終チェックのグリフ 'uni994B' に交差がある
INFO:最終チェックのグリフ 'uni994D' に交差がある
INFO:最終チェックのグリフ 'uni9950' に交差がある
INFO:最終チェックのグリフ 'uni9951' に交差がある
INFO:最終チェックのグリフ 'uni9952' に交差がある
INFO:最終チェックのグリフ 'uni9958' に交差がある
INFO:最終チェックのグリフ 'uni995F' に交差がある
INFO:最終チェックのグリフ 'uni99A6' に交差がある
INFO:最終チェックのグリフ 'uni99A8' に交差がある
INFO:最終チェックのグリフ 'uni99AC' に交差がある
INFO:最終チェックのグリフ 'uni99AD' に交差がある
INFO:最終チェックのグリフ 'uni99AE' に交差がある
INFO:最終チェックのグリフ 'uni99BD' に交差がある
INFO:最終チェックのグリフ 'uni99C3' に交差がある
INFO:最終チェックのグリフ 'uni99C9' に交差がある
INFO:最終チェックのグリフ 'uni99D1' に交差がある
INFO:最終チェックのグリフ 'uni99D4' に交差がある
INFO:最終チェックのグリフ 'uni99D9' に交差がある
INFO:最終チェックのグリフ 'uni99ED' に交差がある
INFO:最終チェックのグリフ 'uni99F0' に交差がある
INFO:最終チェックのグリフ 'uni99F9' に交差がある
INFO:最終チェックのグリフ 'uni99FC' に交差がある
INFO:最終チェックのグリフ 'uni9A01' に交差がある
INFO:最終チェックのグリフ 'uni9A02' に交差がある
INFO:最終チェックのグリフ 'uni9A03' に交差がある
INFO:最終チェックのグリフ 'uni9A05' に交差がある
INFO:最終チェックのグリフ 'uni9A0A' に交差がある
INFO:最終チェックのグリフ 'uni9A0E' に交差がある
INFO:最終チェックのグリフ 'uni9A1A' に交差がある
INFO:最終チェックのグリフ 'uni9A20' に交差がある
INFO:最終チェックのグリフ 'uni9A2D' に交差がある
INFO:最終チェックのグリフ 'uni9A2E' に交差がある
INFO:最終チェックのグリフ 'uni9A30' に交差がある
INFO:最終チェックのグリフ 'uni9A31' に交差がある
INFO:最終チェックのグリフ 'uni9A36' に交差がある
INFO:最終チェックのグリフ 'uni9A38' に交差がある
INFO:最終チェックのグリフ 'uni9A42' に交差がある
INFO:最終チェックのグリフ 'uni9A43' に交差がある
INFO:最終チェックのグリフ 'uni9A44' に交差がある
INFO:最終チェックのグリフ 'uni9A45' に交差がある
INFO:最終チェックのグリフ 'uni9A4A' に交差がある
INFO:最終チェックのグリフ 'uni9A4E' に交差がある
INFO:最終チェックのグリフ 'uni9A5B' に交差がある
INFO:最終チェックのグリフ 'uni9A5F' に交差がある
INFO:最終チェックのグリフ 'uni9A64' に交差がある
INFO:最終チェックのグリフ 'uni9A69' に交差がある
INFO:最終チェックのグリフ 'uni9AB0' に交差がある
INFO:最終チェックのグリフ 'uni9AB6' に交差がある
INFO:最終チェックのグリフ 'uni9AB9' に交差がある
INFO:最終チェックのグリフ 'uni9ABC' に交差がある
INFO:最終チェックのグリフ 'uni9AC0' に交差がある
INFO:最終チェックのグリフ 'uni9AC1' に交差がある
INFO:最終チェックのグリフ 'uni9AC6' に交差がある
INFO:最終チェックのグリフ 'uni9AD1' に交差がある
INFO:最終チェックのグリフ 'uni9AD9' に交差がある
INFO:最終チェックのグリフ 'uni9AE5' に交差がある
INFO:最終チェックのグリフ 'uni9AF4' に交差がある
INFO:最終チェックのグリフ 'uni9AF9' に交差がある
INFO:最終チェックのグリフ 'uni9B0C' に交差がある
INFO:最終チェックのグリフ 'uni9B1A' に交差がある
INFO:最終チェックのグリフ 'uni9B1C' に交差がある
INFO:最終チェックのグリフ 'uni9B22' に交差がある
INFO:最終チェックのグリフ 'uni9B27' に交差がある
INFO:最終チェックのグリフ 'uni9B28' に交差がある
INFO:最終チェックのグリフ 'uni9B2A' に交差がある
INFO:最終チェックのグリフ 'uni9B2E' に交差がある
INFO:最終チェックのグリフ 'uni9B32' に交差がある
INFO:最終チェックのグリフ 'uni9B33' に交差がある
INFO:最終チェックのグリフ 'uni9B3B' に交差がある
INFO:最終チェックのグリフ 'uni9B4B' に交差がある
INFO:最終チェックのグリフ 'uni9B4F' に交差がある
INFO:最終チェックのグリフ 'uni9B5E' に交差がある
INFO:最終チェックのグリフ 'uni9B63' に交差がある
INFO:最終チェックのグリフ 'uni9B66' に交差がある
INFO:最終チェックのグリフ 'uni9B6C' に交差がある
INFO:最終チェックのグリフ 'uni9B73' に交差がある
INFO:最終チェックのグリフ 'uni9B74' に交差がある
INFO:最終チェックのグリフ 'uni9B76' に交差がある
INFO:最終チェックのグリフ 'uni9B77' に交差がある
INFO:最終チェックのグリフ 'uni9B79' に交差がある
INFO:最終チェックのグリフ 'uni9B83' に交差がある
INFO:最終チェックのグリフ 'uni9B8A' に交差がある
INFO:最終チェックのグリフ 'uni9B8F' に交差がある
INFO:最終チェックのグリフ 'uni9B92' に交差がある
INFO:最終チェックのグリフ 'uni9B93' に交差がある
INFO:最終チェックのグリフ 'uni9B96' に交差がある
INFO:最終チェックのグリフ 'uni9B97' に交差がある
INFO:最終チェックのグリフ 'uni9B9E' に交差がある
INFO:最終チェックのグリフ 'uni9BA6' に交差がある
INFO:最終チェックのグリフ 'uni9BAC' に交差がある
INFO:最終チェックのグリフ 'uni9BB4' に交差がある
INFO:最終チェックのグリフ 'uni9BB8' に交差がある
INFO:最終チェックのグリフ 'uni9BB9' に交差がある
INFO:最終チェックのグリフ 'uni9BBB' に交差がある
INFO:最終チェックのグリフ 'uni9BBE' に交差がある
INFO:最終チェックのグリフ 'uni9BC0' に交差がある
INFO:最終チェックのグリフ 'uni9BC1' に交差がある
INFO:最終チェックのグリフ 'uni9BC6' に交差がある
INFO:最終チェックのグリフ 'uni9BC7' に交差がある
INFO:最終チェックのグリフ 'uni9BCE' に交差がある
INFO:最終チェックのグリフ 'uni9BCF' に交差がある
INFO:最終チェックのグリフ 'uni9BD1' に交差がある
INFO:最終チェックのグリフ 'uni9BD2' に交差がある
INFO:最終チェックのグリフ 'uni9BD8' に交差がある
INFO:最終チェックのグリフ 'uni9BDB' に交差がある
INFO:最終チェックのグリフ 'uni9BDD' に交差がある
INFO:最終チェックのグリフ 'uni9BE1' に交差がある
INFO:最終チェックのグリフ 'uni9BE2' に交差がある
INFO:最終チェックのグリフ 'uni9BE3' に交差がある
INFO:最終チェックのグリフ 'uni9BE4' に交差がある
INFO:最終チェックのグリフ 'uni9BE5' に交差がある
INFO:最終チェックのグリフ 'uni9BE8' に交差がある
INFO:最終チェックのグリフ 'uni9BEA' に交差がある
INFO:最終チェックのグリフ 'uni9BEB' に交差がある
INFO:最終チェックのグリフ 'uni9BEE' に交差がある
INFO:最終チェックのグリフ 'uni9BEF' に交差がある
INFO:最終チェックのグリフ 'uni9BF2' に交差がある
INFO:最終チェックのグリフ 'uni9BF7' に交差がある
INFO:最終チェックのグリフ 'uni9BF8' に交差がある
INFO:最終チェックのグリフ 'uni9BFA' に交差がある
INFO:最終チェックのグリフ 'uni9BFD' に交差がある
INFO:最終チェックのグリフ 'uni9C04' に交差がある
INFO:最終チェックのグリフ 'uni9C08' に交差がある
INFO:最終チェックのグリフ 'uni9C09' に交差がある
INFO:最終チェックのグリフ 'uni9C12' に交差がある
INFO:最終チェックのグリフ 'uni9C14' に交差がある
INFO:最終チェックのグリフ 'uni9C16' に交差がある
INFO:最終チェックのグリフ 'uni9C1B' に交差がある
INFO:最終チェックのグリフ 'uni9C21' に交差がある
INFO:最終チェックのグリフ 'uni9C22' に交差がある
INFO:最終チェックのグリフ 'uni9C23' に交差がある
INFO:最終チェックのグリフ 'uni9C24' に交差がある
INFO:最終チェックのグリフ 'uni9C25' に交差がある
INFO:最終チェックのグリフ 'uni9C27' に交差がある
INFO:最終チェックのグリフ 'uni9C2A' に交差がある
INFO:最終チェックのグリフ 'uni9C2E' に交差がある
INFO:最終チェックのグリフ 'uni9C30' に交差がある
INFO:最終チェックのグリフ 'uni9C31' に交差がある
INFO:最終チェックのグリフ 'uni9C36' に交差がある
INFO:最終チェックのグリフ 'uni9C37' に交差がある
INFO:最終チェックのグリフ 'uni9C39' に交差がある
INFO:最終チェックのグリフ 'uni9C3A' に交差がある
INFO:最終チェックのグリフ 'uni9C3E' に交差がある
INFO:最終チェックのグリフ 'uni9C41' に交差がある
INFO:最終チェックのグリフ 'uni9C48' に交差がある
INFO:最終チェックのグリフ 'uni9C52' に交差がある
INFO:最終チェックのグリフ 'uni9C57' に交差がある
INFO:最終チェックのグリフ 'uni9C58' に交差がある
INFO:最終チェックのグリフ 'uni9C5A' に交差がある
INFO:最終チェックのグリフ 'uni9C5B' に交差がある
INFO:最終チェックのグリフ 'uni9C5F' に交差がある
INFO:最終チェックのグリフ 'uni9C65' に交差がある
INFO:最終チェックのグリフ 'uni9C6D' に交差がある
INFO:最終チェックのグリフ 'uni9C6E' に交差がある
INFO:最終チェックのグリフ 'uni9C72' に交差がある
INFO:最終チェックのグリフ 'uni9C75' に交差がある
INFO:最終チェックのグリフ 'uni9C76' に交差がある
INFO:最終チェックのグリフ 'uni9C77' に交差がある
INFO:最終チェックのグリフ 'uni9C78' に交差がある
INFO:最終チェックのグリフ 'uni9C7A' に交差がある
INFO:最終チェックのグリフ 'uni9CF3' に交差がある
INFO:最終チェックのグリフ 'uni9CF6' に交差がある
INFO:最終チェックのグリフ 'uni9D02' に交差がある
INFO:最終チェックのグリフ 'uni9D06' に交差がある
INFO:最終チェックのグリフ 'uni9D07' に交差がある
INFO:最終チェックのグリフ 'uni9D08' に交差がある
INFO:最終チェックのグリフ 'uni9D09' に交差がある
INFO:最終チェックのグリフ 'uni9D0B' に交差がある
INFO:最終チェックのグリフ 'uni9D12' に交差がある
INFO:最終チェックのグリフ 'uni9D18' に交差がある
INFO:最終チェックのグリフ 'uni9D1B' に交差がある
INFO:最終チェックのグリフ 'uni9D1D' に交差がある
INFO:最終チェックのグリフ 'uni9D1E' に交差がある
INFO:最終チェックのグリフ 'uni9D1F' に交差がある
INFO:最終チェックのグリフ 'uni9D23' に交差がある
INFO:最終チェックのグリフ 'uni9D26' に交差がある
INFO:最終チェックのグリフ 'uni9D2A' に交差がある
INFO:最終チェックのグリフ 'uni9D3E' に交差がある
INFO:最終チェックのグリフ 'uni9D3F' に交差がある
INFO:最終チェックのグリフ 'uni9D42' に交差がある
INFO:最終チェックのグリフ 'uni9D43' に交差がある
INFO:最終チェックのグリフ 'uni9D46' に交差がある
INFO:最終チェックのグリフ 'uni9D47' に交差がある
INFO:最終チェックのグリフ 'uni9D48' に交差がある
INFO:最終チェックのグリフ 'uni9D4A' に交差がある
INFO:最終チェックのグリフ 'uni9D51' に交差がある
INFO:最終チェックのグリフ 'uni9D52' に交差がある
INFO:最終チェックのグリフ 'uni9D59' に交差がある
INFO:最終チェックのグリフ 'uni9D5C' に交差がある
INFO:最終チェックのグリフ 'uni9D5D' に交差がある
INFO:最終チェックのグリフ 'uni9D5E' に交差がある
INFO:最終チェックのグリフ 'uni9D60' に交差がある
INFO:最終チェックのグリフ 'uni9D61' に交差がある
INFO:最終チェックのグリフ 'uni9D62' に交差がある
INFO:最終チェックのグリフ 'uni9D63' に交差がある
INFO:最終チェックのグリフ 'uni9D64' に交差がある
INFO:最終チェックのグリフ 'uni9D69' に交差がある
INFO:最終チェックのグリフ 'uni9D6B' に交差がある
INFO:最終チェックのグリフ 'uni9D6C' に交差がある
INFO:最終チェックのグリフ 'uni9D72' に交差がある
INFO:最終チェックのグリフ 'uni9D76' に交差がある
INFO:最終チェックのグリフ 'uni9D77' に交差がある
INFO:最終チェックのグリフ 'uni9D7A' に交差がある
INFO:最終チェックのグリフ 'uni9D7C' に交差がある
INFO:最終チェックのグリフ 'uni9D7E' に交差がある
INFO:最終チェックのグリフ 'uni9D84' に交差がある
INFO:最終チェックのグリフ 'uni9D87' に交差がある
INFO:最終チェックのグリフ 'uni9D89' に交差がある
INFO:最終チェックのグリフ 'uni9D8A' に交差がある
INFO:最終チェックのグリフ 'uni9D8D' に交差がある
INFO:最終チェックのグリフ 'uni9D8F' に交差がある
INFO:最終チェックのグリフ 'uni9D99' に交差がある
INFO:最終チェックのグリフ 'uni9D9A' に交差がある
INFO:最終チェックのグリフ 'uni9DA1' に交差がある
INFO:最終チェックのグリフ 'uni9DA4' に交差がある
INFO:最終チェックのグリフ 'uni9DA9' に交差がある
INFO:最終チェックのグリフ 'uni9DAB' に交差がある
INFO:最終チェックのグリフ 'uni9DAC' に交差がある
INFO:最終チェックのグリフ 'uni9DAF' に交差がある
INFO:最終チェックのグリフ 'uni9DB2' に交差がある
INFO:最終チェックのグリフ 'uni9DB5' に交差がある
INFO:最終チェックのグリフ 'uni9DB8' に交差がある
INFO:最終チェックのグリフ 'uni9DB9' に交差がある
INFO:最終チェックのグリフ 'uni9DBB' に交差がある
INFO:最終チェックのグリフ 'uni9DBC' に交差がある
INFO:最終チェックのグリフ 'uni9DBD' に交差がある
INFO:最終チェックのグリフ 'uni9DC0' に交差がある
INFO:最終チェックのグリフ 'uni9DC2' に交差がある
INFO:最終チェックのグリフ 'uni9DC3' に交差がある
INFO:最終チェックのグリフ 'uni9DC4' に交差がある
INFO:最終チェックのグリフ 'uni9DDA' に交差がある
INFO:最終チェックのグリフ 'uni9DE0' に交差がある
INFO:最終チェックのグリフ 'uni9DE3' に交差がある
INFO:最終チェックのグリフ 'uni9DF4' に交差がある
INFO:最終チェックのグリフ 'uni9DF8' に交差がある
INFO:最終チェックのグリフ 'uni9E07' に交差がある
INFO:最終チェックのグリフ 'uni9E0D' に交差がある
INFO:最終チェックのグリフ 'uni9E15' に交差がある
INFO:最終チェックのグリフ 'uni9E19' に交差がある
INFO:最終チェックのグリフ 'uni9E1C' に交差がある
INFO:最終チェックのグリフ 'uni9E1D' に交差がある
INFO:最終チェックのグリフ 'uni9E1E' に交差がある
INFO:最終チェックのグリフ 'uni9E79' に交差がある
INFO:最終チェックのグリフ 'uni9E7B' に交差がある
INFO:最終チェックのグリフ 'uni9E7C' に交差がある
INFO:最終チェックのグリフ 'uni9E7D' に交差がある
INFO:最終チェックのグリフ 'uni9E85' に交差がある
INFO:最終チェックのグリフ 'uni9EA8' に交差がある
INFO:最終チェックのグリフ 'uni9EA9' に交差がある
INFO:最終チェックのグリフ 'uni9EAA' に交差がある
INFO:最終チェックのグリフ 'uni9EAD' に交差がある
INFO:最終チェックのグリフ 'uni9EAF' に交差がある
INFO:最終チェックのグリフ 'uni9EB5' に交差がある
INFO:最終チェックのグリフ 'uni9ECD' に交差がある
INFO:最終チェックのグリフ 'uni9ECF' に交差がある
INFO:最終チェックのグリフ 'uni9ED0' に交差がある
INFO:最終チェックのグリフ 'uni9EDD' に交差がある
INFO:最終チェックのグリフ 'uni9EE7' に交差がある
INFO:最終チェックのグリフ 'uni9EEE' に交差がある
INFO:最終チェックのグリフ 'uni9EFB' に交差がある
INFO:最終チェックのグリフ 'uni9F07' に交差がある
INFO:最終チェックのグリフ 'uni9F3A' に交差がある
INFO:最終チェックのグリフ 'uni9F45' に交差がある
INFO:最終チェックのグリフ 'uni9F4A' に交差がある
INFO:最終チェックのグリフ 'uni9F4B' に交差がある
INFO:最終チェックのグリフ 'uni9F4F' に交差がある
INFO:最終チェックのグリフ 'uni9F53' に交差がある
INFO:最終チェックのグリフ 'uni9F5F' に交差がある
INFO:最終チェックのグリフ 'uni9F60' に交差がある
INFO:最終チェックのグリフ 'uni9F61' に交差がある
INFO:最終チェックのグリフ 'uni9F66' に交差がある
INFO:最終チェックのグリフ 'uni9F67' に交差がある
INFO:最終チェックのグリフ 'uni9F69' に交差がある
INFO:最終チェックのグリフ 'uni9F6A' に交差がある
INFO:最終チェックのグリフ 'uni9F6C' に交差がある
INFO:最終チェックのグリフ 'uni9F75' に交差がある
INFO:最終チェックのグリフ 'uni9F76' に交差がある
INFO:最終チェックのグリフ 'uni9F77' に交差がある
INFO:最終チェックのグリフ 'uni9F97' に交差がある
INFO:最終チェックのグリフ 'uni9FA0' に交差がある
INFO:最終チェックのグリフ 'uni9FA2' に交差がある
INFO:最終チェックのグリフ 'uniF91D' に交差がある
INFO:最終チェックのグリフ 'uniF929' に交差がある
INFO:最終チェックのグリフ 'uniFA10' に交差がある
INFO:最終チェックのグリフ 'uniFA13' に交差がある
INFO:最終チェックのグリフ 'uniFA16' に交差がある
INFO:最終チェックのグリフ 'uniFA18' に交差がある
INFO:最終チェックのグリフ 'uniFA1C' に交差がある
INFO:最終チェックのグリフ 'uniFA22' に交差がある
INFO:最終チェックのグリフ 'uniFA26' に交差がある
INFO:最終チェックのグリフ 'uniFA28' に交差がある
INFO:最終チェックのグリフ 'uniFA2B' に交差がある
INFO:最終チェックのグリフ 'uniFA40' に交差がある
INFO:最終チェックのグリフ 'uniFA42' に交差がある
INFO:最終チェックのグリフ 'uniFA48' に交差がある
INFO:最終チェックのグリフ 'uniFA4A' に交差がある
INFO:最終チェックのグリフ 'uniFA4B' に交差がある
INFO:最終チェックのグリフ 'uniFA4F' に交差がある
INFO:最終チェックのグリフ 'uniFA52' に交差がある
INFO:最終チェックのグリフ 'uniFA69' に交差がある
INFO:最終チェックのグリフ 'uniFF32' に交差がある
INFO:最終チェックのグリフ 'uniFF58' に交差がある
INFO:最終チェックのグリフ 'uniFF75' に交差がある
INFO:最終チェックのグリフ 'uniFF99' に交差がある
INFO:最終チェックのグリフ 'u20213' に交差がある
INFO:最終チェックのグリフ 'u20381' に交差がある
INFO:最終チェックのグリフ 'u2074F' に交差がある
INFO:最終チェックのグリフ 'u20E6D' に交差がある
INFO:最終チェックのグリフ 'u2146E' に交差がある
INFO:最終チェックのグリフ 'u21D45' に交差がある
INFO:最終チェックのグリフ 'u2217B' に交差がある
INFO:最終チェックのグリフ 'u2285B' に交差がある
INFO:最終チェックのグリフ 'u228AB' に交差がある
INFO:最終チェックのグリフ 'u22B4F' に交差がある
INFO:最終チェックのグリフ 'u22B50' に交差がある
INFO:最終チェックのグリフ 'u22C24' に交差がある
INFO:最終チェックのグリフ 'u231C4' に交差がある
INFO:最終チェックのグリフ 'u23372' に交差がある
INFO:最終チェックのグリフ 'u233D5' に交差がある
INFO:最終チェックのグリフ 'u233DA' に交差がある
INFO:最終チェックのグリフ 'u233DF' に交差がある
INFO:最終チェックのグリフ 'u2344A' に交差がある
INFO:最終チェックのグリフ 'u2344B' に交差がある
INFO:最終チェックのグリフ 'u23451' に交差がある
INFO:最終チェックのグリフ 'u23465' に交差がある
INFO:最終チェックのグリフ 'u2355A' に交差がある
INFO:最終チェックのグリフ 'u23638' に交差がある
INFO:最終チェックのグリフ 'u23639' に交差がある
INFO:最終チェックのグリフ 'u2363A' に交差がある
INFO:最終チェックのグリフ 'u2370C' に交差がある
INFO:最終チェックのグリフ 'u2371C' に交差がある
INFO:最終チェックのグリフ 'u237E7' に交差がある
INFO:最終チェックのグリフ 'u2383D' に交差がある
INFO:最終チェックのグリフ 'u23D00' に交差がある
INFO:最終チェックのグリフ 'u23DF9' に交差がある
INFO:最終チェックのグリフ 'u243D0' に交差がある
INFO:最終チェックのグリフ 'u247F1' に交差がある
INFO:最終チェックのグリフ 'u24A4D' に交差がある
INFO:最終チェックのグリフ 'u24E37' に交差がある
INFO:最終チェックのグリフ 'u2521E' に交差がある
INFO:最終チェックのグリフ 'u2542E' に交差がある
INFO:最終チェックのグリフ 'u254D9' に交差がある
INFO:最終チェックのグリフ 'u255A7' に交差がある
INFO:最終チェックのグリフ 'u25771' に交差がある
INFO:最終チェックのグリフ 'u25AE4' に交差がある
INFO:最終チェックのグリフ 'u25E62' に交差がある
INFO:最終チェックのグリフ 'u25E65' に交差がある
INFO:最終チェックのグリフ 'u26017' に交差がある
INFO:最終チェックのグリフ 'u260ED' に交差がある
INFO:最終チェックのグリフ 'u26402' に交差がある
INFO:最終チェックのグリフ 'u2667E' に交差がある
INFO:最終チェックのグリフ 'u2671D' に交差がある
INFO:最終チェックのグリフ 'u2696F' に交差がある
INFO:最終チェックのグリフ 'u269DD' に交差がある
INFO:最終チェックのグリフ 'u26A58' に交差がある
INFO:最終チェックのグリフ 'u26A8C' に交差がある
INFO:最終チェックのグリフ 'u26FF6' に交差がある
INFO:最終チェックのグリフ 'u26FF7' に交差がある
INFO:最終チェックのグリフ 'u27139' に交差がある
INFO:最終チェックのグリフ 'u27693' に交差がある
INFO:最終チェックのグリフ 'u2770E' に交差がある
INFO:最終チェックのグリフ 'u27723' に交差がある
INFO:最終チェックのグリフ 'u27752' に交差がある
INFO:最終チェックのグリフ 'u27BB3' に交差がある
INFO:最終チェックのグリフ 'u27DA0' に交差がある
INFO:最終チェックのグリフ 'u28277' に交差がある
INFO:最終チェックのグリフ 'u28282' に交差がある
INFO:最終チェックのグリフ 'u282F3' に交差がある
INFO:最終チェックのグリフ 'u28A99' に交差がある
INFO:最終チェックのグリフ 'u28CDD' に交差がある
INFO:最終チェックのグリフ 'u28D10' に交差がある
INFO:最終チェックのグリフ 'u28DFB' に交差がある
INFO:最終チェックのグリフ 'u28E1F' に交差がある
INFO:最終チェックのグリフ 'u28EF6' に交差がある
INFO:最終チェックのグリフ 'u296F0' に交差がある
INFO:最終チェックのグリフ 'u29750' に交差がある
INFO:最終チェックのグリフ 'u29A72' に交差がある
INFO:最終チェックのグリフ 'u29DDB' に交差がある
INFO:最終チェックのグリフ 'u29E15' に交差がある
INFO:最終チェックのグリフ 'u29E49' に交差がある
INFO:最終チェックのグリフ 'u29EE9' に交差がある
INFO:最終チェックのグリフ 'u2A01A' に交差がある
INFO:最終チェックのグリフ 'u2A02F' に交差がある
INFO:最終チェックのグリフ 'u2A190' に交差がある
INFO:最終チェックのグリフ 'u2A5F1' に交差がある
INFO:最終チェックのグリフ 'u2A61A' に交差がある
INFO:最終チェックのグリフ 'u2A6B2' に交差がある
INFO:最終チェックのグリフ 'uni301C.vert' に交差がある
INFO:最終チェックのグリフ 'uni330D.vert' に交差がある
INFO:最終チェックのグリフ 'uni3357.vert' に交差がある
INFO:最終チェックのグリフ 'uni304A.aalt' に交差がある
INFO:最終チェックのグリフ 'uni304C.aalt' に交差がある
INFO:最終チェックのグリフ 'uni304D.aalt' に交差がある
INFO:最終チェックのグリフ 'uni30B8.aalt' に交差がある
INFO:最終チェックのグリフ 'uni30B9.vert' に交差がある
INFO:最終チェックのグリフ 'uni30C1.vert' に交差がある
INFO:最終チェックのグリフ 'uni304B_uni309A.ccmp' に交差がある
INFO:最終チェックのグリフ 'uni3053_uni309A.ccmp' に交差がある
INFO:最終チェックのグリフ 'uni30B3_uni309A.ccmp' に交差がある
INFO:最終チェックのグリフ 'uni30BB_uni309A.ccmp' に交差がある
INFO:最終チェックのグリフ 'uni30C8_uni309A.ccmp' に交差がある
INFO:最終チェックのグリフ 'uni028C_gravecomb.ccmp' に交差がある
INFO:最終チェックのグリフ 'uni028C_acutecomb.ccmp' に交差がある
INFO:最終チェックのグリフ 'uni304B.aalt_uni309A.ccmp' に交差がある
INFO:最終チェックのグリフ 'uni3051.aalt_uni309A.ccmp' に交差がある
INFO:最終チェックのグリフ 'uni30C8_uni309A.ccmp.vert' に交差がある
INFO:最終チェックのグリフ 'uni9C2F.aalt' に交差がある
INFO:最終チェックのグリフ 'uni6DEB.jp83' に交差がある
INFO:最終チェックのグリフ 'uni7259.aalt' に交差がある
INFO:最終チェックのグリフ 'uni7947.aalt' に交差がある
INFO:最終チェックのグリフ 'uni537F.aalt' に交差がある
INFO:最終チェックのグリフ 'uni5C51.aalt' に交差がある
INFO:最終チェックのグリフ 'uni7941.aalt' に交差がある
INFO:最終チェックのグリフ 'uni9375.aalt' に交差がある
INFO:最終チェックのグリフ 'uni9D60.aalt' に交差がある
INFO:最終チェックのグリフ 'uni85A9.aalt' に交差がある
INFO:最終チェックのグリフ 'uni9BD6.aalt' に交差がある
INFO:最終チェックのグリフ 'uni9BAB.aalt' に交差がある
INFO:最終チェックのグリフ 'uni707C.aalt' に交差がある
INFO:最終チェックのグリフ 'uni8755.aalt' に交差がある
INFO:最終チェックのグリフ 'uni647A.aalt' に交差がある
INFO:最終チェックのグリフ 'uni717D.jp83' に交差がある
INFO:最終チェックのグリフ 'uni7BAD.aalt' に交差がある
INFO:最終チェックのグリフ 'uni63C3.aalt' に交差がある
INFO:最終チェックのグリフ 'uni817F.aalt' に交差がある
INFO:最終チェックのグリフ 'uni86F8.aalt' に交差がある
INFO:最終チェックのグリフ 'uni6A3D.aalt' に交差がある
INFO:最終チェックのグリフ 'uni6B4E.aalt' に交差がある
INFO:最終チェックのグリフ 'uni7026.jp83' に交差がある
INFO:最終チェックのグリフ 'uni939A.aalt' に交差がある
INFO:最終チェックのグリフ 'uni633A.aalt' に交差がある
INFO:最終チェックのグリフ 'uni6EBA.aalt' に交差がある
INFO:最終チェックのグリフ 'uni8CED.aalt' に交差がある
INFO:最終チェックのグリフ 'uni701E.aalt' に交差がある
INFO:最終チェックのグリフ 'uni79B0.jp83' に交差がある
INFO:最終チェックのグリフ 'uni79E4.aalt' に交差がある
INFO:最終チェックのグリフ 'uni7BB8.aalt' に交差がある
INFO:最終チェックのグリフ 'uni8C79.aalt' に交差がある
INFO:最終チェックのグリフ 'uni853D.aalt' に交差がある
INFO:最終チェックのグリフ 'uni77A5.aalt' に交差がある
INFO:最終チェックのグリフ 'uni7BC7.aalt' に交差がある
INFO:最終チェックのグリフ 'uni9C52.aalt' に交差がある
INFO:最終チェックのグリフ 'uni7C7E.jp83' に交差がある
INFO:最終チェックのグリフ 'uni723A.aalt' に交差がある
INFO:最終チェックのグリフ 'uni72E1.aalt' に交差がある
INFO:最終チェックのグリフ 'uni7AC8.expt' に交差がある
INFO:最終チェックのグリフ 'uni8171.aalt' に交差がある
INFO:最終チェックのグリフ 'uni8258.aalt' に交差がある
INFO:最終チェックのグリフ 'uni8A1D.aalt' に交差がある
INFO:最終チェックのグリフ 'uni9D09.expt' に交差がある
INFO:最終チェックのグリフ 'uni6B1D.expt' に交差がある
INFO:最終チェックのグリフ 'uni53A9.jp78' に交差がある
INFO:最終チェックのグリフ 'uni6E9D.aalt' に交差がある
INFO:最終チェックのグリフ 'uni73CA.aalt' に交差がある
INFO:最終チェックのグリフ 'uni5EE0.expt' に交差がある
INFO:最終チェックのグリフ 'uni68A2.aalt' に交差がある
INFO:最終チェックのグリフ 'uni6813.aalt' に交差がある
INFO:最終チェックのグリフ 'uni717D.jp78' に交差がある
INFO:最終チェックのグリフ 'uni68DA.aalt' に交差がある
INFO:最終チェックのグリフ 'uni9D07.aalt' に交差がある
INFO:最終チェックのグリフ 'uni90A3.aalt' に交差がある
INFO:最終チェックのグリフ 'uni67CA.aalt' に交差がある
INFO:最終チェックのグリフ 'uni7C7E.expt' に交差がある
INFO:最終チェックのグリフ 'uni580B.aalt' に交差がある
INFO:最終チェックのグリフ 'uni5ABE.aalt' に交差がある
INFO:最終チェックのグリフ 'uni5E64.jp78' に交差がある
INFO:最終チェックのグリフ 'uni6583.aalt' に交差がある
INFO:最終チェックのグリフ 'uni67A6.expt' に交差がある
INFO:最終チェックのグリフ 'uni7515.jp78' に交差がある
INFO:最終チェックのグリフ 'uni787C.aalt' に交差がある
INFO:最終チェックのグリフ 'uni7B99.aalt' に交差がある
INFO:最終チェックのグリフ 'uni7CAE.expt' に交差がある
INFO:最終チェックのグリフ 'uni7D9B.aalt' に交差がある
INFO:最終チェックのグリフ 'uni7DAE.aalt' に交差がある
INFO:最終チェックのグリフ 'uni87D2.jp78' に交差がある
INFO:最終チェックのグリフ 'uni890A.aalt' に交差がある
INFO:最終チェックのグリフ 'uni8ADE.aalt' に交差がある
INFO:最終チェックのグリフ 'uni9B97.aalt' に交差がある
INFO:最終チェックのグリフ 'uni9BF2.aalt' に交差がある
INFO:最終チェックのグリフ 'uni9EAA.expt' に交差がある
INFO:最終チェックのグリフ 'uni7962.expt' に交差がある
INFO:最終チェックのグリフ 'uni5819.aalt' に交差がある
INFO:最終チェックのグリフ 'uni66C1.aalt' に交差がある
INFO:最終チェックのグリフ 'uni6E23.aalt' に交差がある
INFO:最終チェックのグリフ 'uni7FE9.aalt' に交差がある
INFO:最終チェックのグリフ 'uni9EAD.aalt' に交差がある
INFO:最終チェックのグリフ 'glyph12018' に交差がある
INFO:最終チェックのグリフ 'uni6717.trad' に交差がある
INFO:最終チェックのグリフ 'glyph12027' に交差がある
INFO:最終チェックのグリフ 'section.aalt' に交差がある
INFO:最終チェックのグリフ 'glyph12063' に交差がある
INFO:最終チェックのグリフ 'glyph12072' に交差がある
INFO:最終チェックのグリフ 'uni30A2_uni30D1_uni30FC_uni30C8.dlig' に交差がある
INFO:最終チェックのグリフ 'uni30CF_uni30A4_uni30C4.dlig' に交差がある
INFO:最終チェックのグリフ 'glyph12104' に交差がある
INFO:最終チェックのグリフ 'copyright.fwid' に交差がある
INFO:最終チェックのグリフ 'registered.fwid' に交差がある
INFO:最終チェックのグリフ 'glyph12223' に交差がある
INFO:最終チェックのグリフ 'uni337F.vert' に交差がある
INFO:最終チェックのグリフ 'uni3333.vert' に交差がある
INFO:最終チェックのグリフ 'oe.aalt' に交差がある
INFO:最終チェックのグリフ 'yacute.aalt' に交差がある
INFO:最終チェックのグリフ 'ydieresis.aalt' に交差がある
INFO:最終チェックのグリフ 'uniFF64.vert' に交差がある
INFO:最終チェックのグリフ 'uniFF6C.vert' に交差がある
INFO:最終チェックのグリフ 'uniFF9F.vert' に交差がある
INFO:最終チェックのグリフ 'ampersand.vert' に交差がある
INFO:最終チェックのグリフ 'g.vert' に交差がある
INFO:最終チェックのグリフ 'q.vert' に交差がある
INFO:最終チェックのグリフ 'y.vert' に交差がある
INFO:最終チェックのグリフ 'uniFF17.vert' に交差がある
INFO:最終チェックのグリフ 'uniFF21.vert' に交差がある
INFO:最終チェックのグリフ 'uniFF27.vert' に交差がある
INFO:最終チェックのグリフ 'uniFF28.vert' に交差がある
INFO:最終チェックのグリフ 'uniFF2B.vert' に交差がある
INFO:最終チェックのグリフ 'uniFF2D.vert' に交差がある
INFO:最終チェックのグリフ 'uniFF2E.vert' に交差がある
INFO:最終チェックのグリフ 'uniFF32.vert' に交差がある
INFO:最終チェックのグリフ 'uniFF34.vert' に交差がある
INFO:最終チェックのグリフ 'uniFF38.vert' に交差がある
INFO:最終チェックのグリフ 'uniFF39.vert' に交差がある
