INFO:最終チェックのグリフ 'less' に交差がある
INFO:最終チェックのグリフ 'greater' に交差がある
INFO:最終チェックのグリフ 'Z' に交差がある
INFO:最終チェックのグリフ 'backslash' に交差がある
INFO:最終チェックのグリフ 'x' に交差がある
INFO:最終チェックのグリフ 'currency' に交差がある
INFO:最終チェックのグリフ 'Iogonek' に交差がある
INFO:最終チェックのグリフ 'uni0283' に交差がある
INFO:最終チェックのグリフ 'uni0284' に交差がある
INFO:最終チェックのグリフ 'uni0405' に交差がある
INFO:最終チェックのグリフ 'uni040C' に交差がある
INFO:最終チェックのグリフ 'uni0436' に交差がある
INFO:最終チェックのグリフ 'uni0443' に交差がある
INFO:最終チェックのグリフ 'uni213B' に交差がある
INFO:最終チェックのグリフ 'uni2168' に交差がある
INFO:最終チェックのグリフ 'uni217B' に交差がある
INFO:最終チェックのグリフ 'arrowdblright' に交差がある
INFO:最終チェックのグリフ 'arrowdblboth' に交差がある
INFO:最終チェックのグリフ 'uni21E9' に交差がある
INFO:最終チェックのグリフ 'uni2226' に交差がある
INFO:最終チェックのグリフ 'uni23AD' に交差がある
INFO:最終チェックのグリフ 'uni247A' に交差がある
INFO:最終チェックのグリフ 'uni247E' に交差がある
INFO:最終チェックのグリフ 'uni248D' に交差がある
INFO:最終チェックのグリフ 'uni24A6' に交差がある
INFO:最終チェックのグリフ 'uni24B4' に交差がある
INFO:最終チェックのグリフ 'uni24DA' に交差がある
INFO:最終チェックのグリフ 'uni25C0' に交差がある
INFO:最終チェックのグリフ 'uni25C1' に交差がある
INFO:最終チェックのグリフ 'uni277F' に交差がある
INFO:最終チェックのグリフ 'uni3062' に交差がある
INFO:最終チェックのグリフ 'uni3065' に交差がある
INFO:最終チェックのグリフ 'uni3075' に交差がある
INFO:最終チェックのグリフ 'uni3076' に交差がある
INFO:最終チェックのグリフ 'uni3077' に交差がある
INFO:最終チェックのグリフ 'uni308F' に交差がある
INFO:最終チェックのグリフ 'uni3090' に交差がある
INFO:最終チェックのグリフ 'uni3093' に交差がある
INFO:最終チェックのグリフ 'uni30AD' に交差がある
INFO:最終チェックのグリフ 'uni30AE' に交差がある
INFO:最終チェックのグリフ 'uni30D8' に交差がある
INFO:最終チェックのグリフ 'uni322C' に交差がある
INFO:最終チェックのグリフ 'uni3235' に交差がある
INFO:最終チェックのグリフ 'uni323D' に交差がある
INFO:最終チェックのグリフ 'uni323E' に交差がある
INFO:最終チェックのグリフ 'uni323F' に交差がある
INFO:最終チェックのグリフ 'uni3240' に交差がある
INFO:最終チェックのグリフ 'uni3241' に交差がある
INFO:最終チェックのグリフ 'uni3254' に交差がある
INFO:最終チェックのグリフ 'uni3255' に交差がある
INFO:最終チェックのグリフ 'uni3257' に交差がある
INFO:最終チェックのグリフ 'uni3258' に交差がある
INFO:最終チェックのグリフ 'uni3259' に交差がある
INFO:最終チェックのグリフ 'uni329D' に交差がある
INFO:最終チェックのグリフ 'uni329E' に交差がある
INFO:最終チェックのグリフ 'uni32A8' に交差がある
INFO:最終チェックのグリフ 'uni32AE' に交差がある
INFO:最終チェックのグリフ 'uni32B3' に交差がある
INFO:最終チェックのグリフ 'uni32D9' に交差がある
INFO:最終チェックのグリフ 'uni3303' に交差がある
INFO:最終チェックのグリフ 'uni3315' に交差がある
INFO:最終チェックのグリフ 'uni332B' に交差がある
INFO:最終チェックのグリフ 'uni3336' に交差がある
INFO:最終チェックのグリフ 'uni337D' に交差がある
INFO:最終チェックのグリフ 'uni342E' に交差がある
INFO:最終チェックのグリフ 'uni34C7' に交差がある
INFO:最終チェックのグリフ 'uni351F' に交差がある
INFO:最終チェックのグリフ 'uni355D' に交差がある
INFO:最終チェックのグリフ 'uni35F4' に交差がある
INFO:最終チェックのグリフ 'uni3605' に交差がある
INFO:最終チェックのグリフ 'uni364A' に交差がある
INFO:最終チェックのグリフ 'uni36CF' に交差がある
INFO:最終チェックのグリフ 'uni3761' に交差がある
INFO:最終チェックのグリフ 'uni3762' に交差がある
INFO:最終チェックのグリフ 'uni376B' に交差がある
INFO:最終チェックのグリフ 'uni3800' に交差がある
INFO:最終チェックのグリフ 'uni3861' に交差がある
INFO:最終チェックのグリフ 'uni391A' に交差がある
INFO:最終チェックのグリフ 'uni3A6E' に交差がある
INFO:最終チェックのグリフ 'uni3B6D' に交差がある
INFO:最終チェックのグリフ 'uni3B88' に交差がある
INFO:最終チェックのグリフ 'uni3BA4' に交差がある
INFO:最終チェックのグリフ 'uni3BB6' に交差がある
INFO:最終チェックのグリフ 'uni3D9A' に交差がある
INFO:最終チェックのグリフ 'uni3DD4' に交差がある
INFO:最終チェックのグリフ 'uni3E60' に交差がある
INFO:最終チェックのグリフ 'uni3E68' に交差がある
INFO:最終チェックのグリフ 'uni3E83' に交差がある
INFO:最終チェックのグリフ 'uni3E94' に交差がある
INFO:最終チェックのグリフ 'uni3F77' に交差がある
INFO:最終チェックのグリフ 'uni3FD7' に交差がある
INFO:最終チェックのグリフ 'uni4093' に交差がある
INFO:最終チェックのグリフ 'uni4148' に交差がある
INFO:最終チェックのグリフ 'uni414F' に交差がある
INFO:最終チェックのグリフ 'uni41B4' に交差がある
INFO:最終チェックのグリフ 'uni41BF' に交差がある
INFO:最終チェックのグリフ 'uni4264' に交差がある
INFO:最終チェックのグリフ 'uni42D6' に交差がある
INFO:最終チェックのグリフ 'uni42DD' に交差がある
INFO:最終チェックのグリフ 'uni432B' に交差がある
INFO:最終チェックのグリフ 'uni43EE' に交差がある
INFO:最終チェックのグリフ 'uni4417' に交差がある
INFO:最終チェックのグリフ 'uni4422' に交差がある
INFO:最終チェックのグリフ 'uni445B' に交差がある
INFO:最終チェックのグリフ 'uni45E5' に交差がある
INFO:最終チェックのグリフ 'uni4764' に交差がある
INFO:最終チェックのグリフ 'uni47FD' に交差がある
INFO:最終チェックのグリフ 'uni4816' に交差がある
INFO:最終チェックのグリフ 'uni49FA' に交差がある
INFO:最終チェックのグリフ 'uni4B3B' に交差がある
INFO:最終チェックのグリフ 'uni4BC2' に交差がある
INFO:最終チェックのグリフ 'uni4CC4' に交差がある
INFO:最終チェックのグリフ 'uni4CD1' に交差がある
INFO:最終チェックのグリフ 'uni4D77' に交差がある
INFO:最終チェックのグリフ 'uni4E0F' に交差がある
INFO:最終チェックのグリフ 'uni4E48' に交差がある
INFO:最終チェックのグリフ 'uni4E5F' に交差がある
INFO:最終チェックのグリフ 'uni4E82' に交差がある
INFO:最終チェックのグリフ 'uni4E89' に交差がある
INFO:最終チェックのグリフ 'uni4E8A' に交差がある
INFO:最終チェックのグリフ 'uni4E9B' に交差がある
INFO:最終チェックのグリフ 'uni4E9D' に交差がある
INFO:最終チェックのグリフ 'uni4EAD' に交差がある
INFO:最終チェックのグリフ 'uni4EB0' に交差がある
INFO:最終チェックのグリフ 'uni4EC3' に交差がある
INFO:最終チェックのグリフ 'uni4EC4' に交差がある
INFO:最終チェックのグリフ 'uni4ECA' に交差がある
INFO:最終チェックのグリフ 'uni4ECE' に交差がある
INFO:最終チェックのグリフ 'uni4ED6' に交差がある
INFO:最終チェックのグリフ 'uni4EDD' に交差がある
INFO:最終チェックのグリフ 'uni4EDF' に交差がある
INFO:最終チェックのグリフ 'uni4EE3' に交差がある
INFO:最終チェックのグリフ 'uni4EF1' に交差がある
INFO:最終チェックのグリフ 'uni4F03' に交差がある
INFO:最終チェックのグリフ 'uni4F0B' に交差がある
INFO:最終チェックのグリフ 'uni4F0F' に交差がある
INFO:最終チェックのグリフ 'uni4F3C' に交差がある
INFO:最終チェックのグリフ 'uni4F5C' に交差がある
INFO:最終チェックのグリフ 'uni4F6F' に交差がある
INFO:最終チェックのグリフ 'uni4F75' に交差がある
INFO:最終チェックのグリフ 'uni4F7C' に交差がある
INFO:最終チェックのグリフ 'uni4F96' に交差がある
INFO:最終チェックのグリフ 'uni4F9B' に交差がある
INFO:最終チェックのグリフ 'uni4FD8' に交差がある
INFO:最終チェックのグリフ 'uni4FE0' に交差がある
INFO:最終チェックのグリフ 'uni4FE6' に交差がある
INFO:最終チェックのグリフ 'uni5001' に交差がある
INFO:最終チェックのグリフ 'uni5005' に交差がある
INFO:最終チェックのグリフ 'uni500F' に交差がある
INFO:最終チェックのグリフ 'uni5012' に交差がある
INFO:最終チェックのグリフ 'uni5013' に交差がある
INFO:最終チェックのグリフ 'uni5026' に交差がある
INFO:最終チェックのグリフ 'uni502D' に交差がある
INFO:最終チェックのグリフ 'uni5041' に交差がある
INFO:最終チェックのグリフ 'uni5057' に交差がある
INFO:最終チェックのグリフ 'uni506C' に交差がある
INFO:最終チェックのグリフ 'uni5072' に交差がある
INFO:最終チェックのグリフ 'uni5085' に交差がある
INFO:最終チェックのグリフ 'uni508D' に交差がある
INFO:最終チェックのグリフ 'uni5093' に交差がある
INFO:最終チェックのグリフ 'uni5094' に交差がある
INFO:最終チェックのグリフ 'uni509C' に交差がある
INFO:最終チェックのグリフ 'uni50A3' に交差がある
INFO:最終チェックのグリフ 'uni50B3' に交差がある
INFO:最終チェックのグリフ 'uni50B5' に交差がある
INFO:最終チェックのグリフ 'uni50BB' に交差がある
INFO:最終チェックのグリフ 'uni50C4' に交差がある
INFO:最終チェックのグリフ 'uni50CF' に交差がある
INFO:最終チェックのグリフ 'uni50D1' に交差がある
INFO:最終チェックのグリフ 'uni50E1' に交差がある
INFO:最終チェックのグリフ 'uni50E6' に交差がある
INFO:最終チェックのグリフ 'uni50ED' に交差がある
INFO:最終チェックのグリフ 'uni50F4' に交差がある
INFO:最終チェックのグリフ 'uni5112' に交差がある
INFO:最終チェックのグリフ 'uni5118' に交差がある
INFO:最終チェックのグリフ 'uni511E' に交差がある
INFO:最終チェックのグリフ 'uni514E' に交差がある
INFO:最終チェックのグリフ 'uni5154' に交差がある
INFO:最終チェックのグリフ 'uni5164' に交差がある
INFO:最終チェックのグリフ 'uni518A' に交差がある
INFO:最終チェックのグリフ 'uni5197' に交差がある
INFO:最終チェックのグリフ 'uni51A6' に交差がある
INFO:最終チェックのグリフ 'uni51AC' に交差がある
INFO:最終チェックのグリフ 'uni51B0' に交差がある
INFO:最終チェックのグリフ 'uni51B6' に交差がある
INFO:最終チェックのグリフ 'uni51B7' に交差がある
INFO:最終チェックのグリフ 'uni51CA' に交差がある
INFO:最終チェックのグリフ 'uni51DB' に交差がある
INFO:最終チェックのグリフ 'uni51E6' に交差がある
INFO:最終チェックのグリフ 'uni51E7' に交差がある
INFO:最終チェックのグリフ 'uni51F3' に交差がある
INFO:最終チェックのグリフ 'uni51F4' に交差がある
INFO:最終チェックのグリフ 'uni5206' に交差がある
INFO:最終チェックのグリフ 'uni5217' に交差がある
INFO:最終チェックのグリフ 'uni5227' に交差がある
INFO:最終チェックのグリフ 'uni525C' に交差がある
INFO:最終チェックのグリフ 'uni5261' に交差がある
INFO:最終チェックのグリフ 'uni5263' に交差がある
INFO:最終チェックのグリフ 'uni5270' に交差がある
INFO:最終チェックのグリフ 'uni5275' に交差がある
INFO:最終チェックのグリフ 'uni5277' に交差がある
INFO:最終チェックのグリフ 'uni527D' に交差がある
INFO:最終チェックのグリフ 'uni5289' に交差がある
INFO:最終チェックのグリフ 'uni528D' に交差がある
INFO:最終チェックのグリフ 'uni5291' に交差がある
INFO:最終チェックのグリフ 'uni5292' に交差がある
INFO:最終チェックのグリフ 'uni529F' に交差がある
INFO:最終チェックのグリフ 'uni52B1' に交差がある
INFO:最終チェックのグリフ 'uni52BE' に交差がある
INFO:最終チェックのグリフ 'uni52C1' に交差がある
INFO:最終チェックのグリフ 'uni52C7' に交差がある
INFO:最終チェックのグリフ 'uni52C8' に交差がある
INFO:最終チェックのグリフ 'uni52CC' に交差がある
INFO:最終チェックのグリフ 'uni52E0' に交差がある
INFO:最終チェックのグリフ 'uni52E3' に交差がある
INFO:最終チェックのグリフ 'uni52E4' に交差がある
INFO:最終チェックのグリフ 'uni52E6' に交差がある
INFO:最終チェックのグリフ 'uni52F0' に交差がある
INFO:最終チェックのグリフ 'uni52F3' に交差がある
INFO:最終チェックのグリフ 'uni52FA' に交差がある
INFO:最終チェックのグリフ 'uni52FF' に交差がある
INFO:最終チェックのグリフ 'uni5300' に交差がある
INFO:最終チェックのグリフ 'uni5306' に交差がある
INFO:最終チェックのグリフ 'uni530A' に交差がある
INFO:最終チェックのグリフ 'uni530B' に交差がある
INFO:最終チェックのグリフ 'uni530D' に交差がある
INFO:最終チェックのグリフ 'uni530F' に交差がある
INFO:最終チェックのグリフ 'uni532F' に交差がある
INFO:最終チェックのグリフ 'uni5331' に交差がある
INFO:最終チェックのグリフ 'uni5354' に交差がある
INFO:最終チェックのグリフ 'uni535A' に交差がある
INFO:最終チェックのグリフ 'uni536E' に交差がある
INFO:最終チェックのグリフ 'uni5371' に交差がある
INFO:最終チェックのグリフ 'uni5373' に交差がある
INFO:最終チェックのグリフ 'uni537B' に交差がある
INFO:最終チェックのグリフ 'uni5393' に交差がある
INFO:最終チェックのグリフ 'uni539A' に交差がある
INFO:最終チェックのグリフ 'uni539F' に交差がある
INFO:最終チェックのグリフ 'uni53A0' に交差がある
INFO:最終チェックのグリフ 'uni53A6' に交差がある
INFO:最終チェックのグリフ 'uni53AD' に交差がある
INFO:最終チェックのグリフ 'uni53B2' に交差がある
INFO:最終チェックのグリフ 'uni53C8' に交差がある
INFO:最終チェックのグリフ 'uni53C9' に交差がある
INFO:最終チェックのグリフ 'uni53D6' に交差がある
INFO:最終チェックのグリフ 'uni53DB' に交差がある
INFO:最終チェックのグリフ 'uni53E2' に交差がある
INFO:最終チェックのグリフ 'uni53F2' に交差がある
INFO:最終チェックのグリフ 'uni541B' に交差がある
INFO:最終チェックのグリフ 'uni5470' に交差がある
INFO:最終チェックのグリフ 'uni5492' に交差がある
INFO:最終チェックのグリフ 'uni54AF' に交差がある
INFO:最終チェックのグリフ 'uni54B8' に交差がある
INFO:最終チェックのグリフ 'uni54BC' に交差がある
INFO:最終チェックのグリフ 'uni54E8' に交差がある
INFO:最終チェックのグリフ 'uni54ED' に交差がある
INFO:最終チェックのグリフ 'uni552E' に交差がある
INFO:最終チェックのグリフ 'uni5538' に交差がある
INFO:最終チェックのグリフ 'uni5539' に交差がある
INFO:最終チェックのグリフ 'uni557C' に交差がある
INFO:最終チェックのグリフ 'uni557E' に交差がある
INFO:最終チェックのグリフ 'uni558A' に交差がある
INFO:最終チェックのグリフ 'uni558E' に交差がある
INFO:最終チェックのグリフ 'uni55AD' に交差がある
INFO:最終チェックのグリフ 'uni55C5' に交差がある
INFO:最終チェックのグリフ 'uni55D1' に交差がある
INFO:最終チェックのグリフ 'uni55DD' に交差がある
INFO:最終チェックのグリフ 'uni55E2' に交差がある
INFO:最終チェックのグリフ 'uni55FE' に交差がある
INFO:最終チェックのグリフ 'uni5630' に交差がある
INFO:最終チェックのグリフ 'uni5631' に交差がある
INFO:最終チェックのグリフ 'uni5640' に交差がある
INFO:最終チェックのグリフ 'uni5642' に交差がある
INFO:最終チェックのグリフ 'uni5649' に交差がある
INFO:最終チェックのグリフ 'uni566B' に交差がある
INFO:最終チェックのグリフ 'uni5680' に交差がある
INFO:最終チェックのグリフ 'uni569D' に交差がある
INFO:最終チェックのグリフ 'uni56A0' に交差がある
INFO:最終チェックのグリフ 'uni56B3' に交差がある
INFO:最終チェックのグリフ 'uni56C0' に交差がある
INFO:最終チェックのグリフ 'uni56C1' に交差がある
INFO:最終チェックのグリフ 'uni5700' に交差がある
INFO:最終チェックのグリフ 'uni5708' に交差がある
INFO:最終チェックのグリフ 'uni5728' に交差がある
INFO:最終チェックのグリフ 'uni5746' に交差がある
INFO:最終チェックのグリフ 'uni574A' に交差がある
INFO:最終チェックのグリフ 'uni5750' に交差がある
INFO:最終チェックのグリフ 'uni5765' に交差がある
INFO:最終チェックのグリフ 'uni5768' に交差がある
INFO:最終チェックのグリフ 'uni576F' に交差がある
INFO:最終チェックのグリフ 'uni5773' に交差がある
INFO:最終チェックのグリフ 'uni577B' に交差がある
INFO:最終チェックのグリフ 'uni579D' に交差がある
INFO:最終チェックのグリフ 'uni579E' に交差がある
INFO:最終チェックのグリフ 'uni57A2' に交差がある
INFO:最終チェックのグリフ 'uni57A8' に交差がある
INFO:最終チェックのグリフ 'uni57AA' に交差がある
INFO:最終チェックのグリフ 'uni57B0' に交差がある
INFO:最終チェックのグリフ 'uni57C7' に交差がある
INFO:最終チェックのグリフ 'uni57CC' に交差がある
INFO:最終チェックのグリフ 'uni57D3' に交差がある
INFO:最終チェックのグリフ 'uni57D7' に交差がある
INFO:最終チェックのグリフ 'uni57DE' に交差がある
INFO:最終チェックのグリフ 'uni57E3' に交差がある
INFO:最終チェックのグリフ 'uni57E6' に交差がある
INFO:最終チェックのグリフ 'uni57F0' に交差がある
INFO:最終チェックのグリフ 'uni57F8' に交差がある
INFO:最終チェックのグリフ 'uni57FC' に交差がある
INFO:最終チェックのグリフ 'uni57FD' に交差がある
INFO:最終チェックのグリフ 'uni5804' に交差がある
INFO:最終チェックのグリフ 'uni581D' に交差がある
INFO:最終チェックのグリフ 'uni581E' に交差がある
INFO:最終チェックのグリフ 'uni5820' に交差がある
INFO:最終チェックのグリフ 'uni5827' に交差がある
INFO:最終チェックのグリフ 'uni5834' に交差がある
INFO:最終チェックのグリフ 'uni5839' に交差がある
INFO:最終チェックのグリフ 'uni583A' に交差がある
INFO:最終チェックのグリフ 'uni584A' に交差がある
INFO:最終チェックのグリフ 'uni584B' に交差がある
INFO:最終チェックのグリフ 'uni5852' に交差がある
INFO:最終チェックのグリフ 'uni5859' に交差がある
INFO:最終チェックのグリフ 'uni585E' に交差がある
INFO:最終チェックのグリフ 'uni5864' に交差がある
INFO:最終チェックのグリフ 'uni586B' に交差がある
INFO:最終チェックのグリフ 'uni5870' に交差がある
INFO:最終チェックのグリフ 'uni5872' に交差がある
INFO:最終チェックのグリフ 'uni5875' に交差がある
INFO:最終チェックのグリフ 'uni5889' に交差がある
INFO:最終チェックのグリフ 'uni588A' に交差がある
INFO:最終チェックのグリフ 'uni58AA' に交差がある
INFO:最終チェックのグリフ 'uni58AE' に交差がある
INFO:最終チェックのグリフ 'uni58B3' に交差がある
INFO:最終チェックのグリフ 'uni58B9' に交差がある
INFO:最終チェックのグリフ 'uni58BB' に交差がある
INFO:最終チェックのグリフ 'uni58C5' に交差がある
INFO:最終チェックのグリフ 'uni58CC' に交差がある
INFO:最終チェックのグリフ 'uni58CD' に交差がある
INFO:最終チェックのグリフ 'uni58D1' に交差がある
INFO:最終チェックのグリフ 'uni58D2' に交差がある
INFO:最終チェックのグリフ 'uni58D7' に交差がある
INFO:最終チェックのグリフ 'uni58D9' に交差がある
INFO:最終チェックのグリフ 'uni58DA' に交差がある
INFO:最終チェックのグリフ 'uni58DE' に交差がある
INFO:最終チェックのグリフ 'uni58EE' に交差がある
INFO:最終チェックのグリフ 'uni58F0' に交差がある
INFO:最終チェックのグリフ 'uni58FB' に交差がある
INFO:最終チェックのグリフ 'uni590F' に交差がある
INFO:最終チェックのグリフ 'uni595B' に交差がある
INFO:最終チェックのグリフ 'uni595F' に交差がある
INFO:最終チェックのグリフ 'uni5960' に交差がある
INFO:最終チェックのグリフ 'uni5969' に交差がある
INFO:最終チェックのグリフ 'uni597C' に交差がある
INFO:最終チェックのグリフ 'uni5999' に交差がある
INFO:最終チェックのグリフ 'uni59A5' に交差がある
INFO:最終チェックのグリフ 'uni59AC' に交差がある
INFO:最終チェックのグリフ 'uni59BA' に交差がある
INFO:最終チェックのグリフ 'uni59C8' に交差がある
INFO:最終チェックのグリフ 'uni59CD' に交差がある
INFO:最終チェックのグリフ 'uni59D3' に交差がある
INFO:最終チェックのグリフ 'uni59D4' に交差がある
INFO:最終チェックのグリフ 'uni59DD' に交差がある
INFO:最終チェックのグリフ 'uni59E4' に交差がある
INFO:最終チェックのグリフ 'uni59E5' に交差がある
INFO:最終チェックのグリフ 'uni59E7' に交差がある
INFO:最終チェックのグリフ 'uni59EE' に交差がある
INFO:最終チェックのグリフ 'uni5A01' に交差がある
INFO:最終チェックのグリフ 'uni5A09' に交差がある
INFO:最終チェックのグリフ 'uni5A0D' に交差がある
INFO:最終チェックのグリフ 'uni5A23' に交差がある
INFO:最終チェックのグリフ 'uni5A27' に交差がある
INFO:最終チェックのグリフ 'uni5A40' の参照が不正
INFO:最終チェックのグリフ 'uni5A49' に交差がある
INFO:最終チェックのグリフ 'uni5A66' の参照が不正
INFO:最終チェックのグリフ 'uni5A67' に交差がある
INFO:最終チェックのグリフ 'uni5A6C' に交差がある
INFO:最終チェックのグリフ 'uni5A77' に交差がある
INFO:最終チェックのグリフ 'uni5A7A' に交差がある
INFO:最終チェックのグリフ 'uni5A7F' に交差がある
INFO:最終チェックのグリフ 'uni5A9E' に交差がある
INFO:最終チェックのグリフ 'uni5AA0' に交差がある
INFO:最終チェックのグリフ 'uni5AA2' に交差がある
INFO:最終チェックのグリフ 'uni5AA7' に交差がある
INFO:最終チェックのグリフ 'uni5AB1' に交差がある
INFO:最終チェックのグリフ 'uni5AB3' に交差がある
INFO:最終チェックのグリフ 'uni5ABA' に交差がある
INFO:最終チェックのグリフ 'uni5ABF' に交差がある
INFO:最終チェックのグリフ 'uni5AC4' に交差がある
INFO:最終チェックのグリフ 'uni5AC9' に交差がある
INFO:最終チェックのグリフ 'uni5ACB' に交差がある
INFO:最終チェックのグリフ 'uni5ADA' に交差がある
INFO:最終チェックのグリフ 'uni5AE0' に交差がある
INFO:最終チェックのグリフ 'uni5AE1' に交差がある
INFO:最終チェックのグリフ 'uni5AE3' に交差がある
INFO:最終チェックのグリフ 'uni5AE5' に交差がある
INFO:最終チェックのグリフ 'uni5AE6' に交差がある
INFO:最終チェックのグリフ 'uni5AFA' に交差がある
INFO:最終チェックのグリフ 'uni5AFB' に交差がある
INFO:最終チェックのグリフ 'uni5B00' に交差がある
INFO:最終チェックのグリフ 'uni5B08' に交差がある
INFO:最終チェックのグリフ 'uni5B09' に交差がある
INFO:最終チェックのグリフ 'uni5B0C' に交差がある
INFO:最終チェックのグリフ 'uni5B22' に交差がある
INFO:最終チェックのグリフ 'uni5B2C' に交差がある
INFO:最終チェックのグリフ 'uni5B2D' に交差がある
INFO:最終チェックのグリフ 'uni5B34' に交差がある
INFO:最終チェックのグリフ 'uni5B36' に交差がある
INFO:最終チェックのグリフ 'uni5B40' に交差がある
INFO:最終チェックのグリフ 'uni5B45' に交差がある
INFO:最終チェックのグリフ 'uni5B5C' に交差がある
INFO:最終チェックのグリフ 'uni5B65' に交差がある
INFO:最終チェックのグリフ 'uni5B6F' に交差がある
INFO:最終チェックのグリフ 'uni5B71' に交差がある
INFO:最終チェックのグリフ 'uni5B7F' に交差がある
INFO:最終チェックのグリフ 'uni5B9A' に交差がある
INFO:最終チェックのグリフ 'uni5BA2' に交差がある
INFO:最終チェックのグリフ 'uni5BA5' に交差がある
INFO:最終チェックのグリフ 'uni5BB4' に交差がある
INFO:最終チェックのグリフ 'uni5BB6' に交差がある
INFO:最終チェックのグリフ 'uni5BB8' に交差がある
INFO:最終チェックのグリフ 'uni5BC6' に交差がある
INFO:最終チェックのグリフ 'uni5BD3' に交差がある
INFO:最終チェックのグリフ 'uni5BDD' に交差がある
INFO:最終チェックのグリフ 'uni5BE6' に交差がある
INFO:最終チェックのグリフ 'uni5BE7' に交差がある
INFO:最終チェックのグリフ 'uni5BFA' に交差がある
INFO:最終チェックのグリフ 'uni5C08' に交差がある
INFO:最終チェックのグリフ 'uni5C09' に交差がある
INFO:最終チェックのグリフ 'uni5C0A' に交差がある
INFO:最終チェックのグリフ 'uni5C0B' に交差がある
INFO:最終チェックのグリフ 'uni5C0E' に交差がある
INFO:最終チェックのグリフ 'uni5C11' に交差がある
INFO:最終チェックのグリフ 'uni5C12' に交差がある
INFO:最終チェックのグリフ 'uni5C1E' に交差がある
INFO:最終チェックのグリフ 'uni5C31' に交差がある
INFO:最終チェックのグリフ 'uni5C38' に交差がある
INFO:最終チェックのグリフ 'uni5C3D' に交差がある
INFO:最終チェックのグリフ 'uni5C4B' に交差がある
INFO:最終チェックのグリフ 'uni5C4D' に交差がある
INFO:最終チェックのグリフ 'uni5C4E' に交差がある
INFO:最終チェックのグリフ 'uni5C5E' に交差がある
INFO:最終チェックのグリフ 'uni5C5F' に交差がある
INFO:最終チェックのグリフ 'uni5C60' に交差がある
INFO:最終チェックのグリフ 'uni5C61' に交差がある
INFO:最終チェックのグリフ 'uni5C68' に交差がある
INFO:最終チェックのグリフ 'uni5CA9' に交差がある
INFO:最終チェックのグリフ 'uni5CE8' に交差がある
INFO:最終チェックのグリフ 'uni5CEF' に交差がある
INFO:最終チェックのグリフ 'uni5D14' に交差がある
INFO:最終チェックのグリフ 'uni5D17' に交差がある
INFO:最終チェックのグリフ 'uni5D18' に交差がある
INFO:最終チェックのグリフ 'uni5D24' に交差がある
INFO:最終チェックのグリフ 'uni5D27' に交差がある
INFO:最終チェックのグリフ 'uni5D29' に交差がある
INFO:最終チェックのグリフ 'uni5D39' に交差がある
INFO:最終チェックのグリフ 'uni5D76' に交差がある
INFO:最終チェックのグリフ 'uni5D88' に交差がある
INFO:最終チェックのグリフ 'uni5D8B' に交差がある
INFO:最終チェックのグリフ 'uni5D8C' に交差がある
INFO:最終チェックのグリフ 'uni5D90' に交差がある
INFO:最終チェックのグリフ 'uni5D97' に交差がある
INFO:最終チェックのグリフ 'uni5DB7' に交差がある
INFO:最終チェックのグリフ 'uni5DC9' に交差がある
INFO:最終チェックのグリフ 'uni5DCB' に交差がある
INFO:最終チェックのグリフ 'uni5DD3' に交差がある
INFO:最終チェックのグリフ 'uni5DD8' に交差がある
INFO:最終チェックのグリフ 'uni5DDD' に交差がある
INFO:最終チェックのグリフ 'uni5DE2' に交差がある
INFO:最終チェックのグリフ 'uni5DFD' に交差がある
INFO:最終チェックのグリフ 'uni5E76' に交差がある
INFO:最終チェックのグリフ 'uni5E7C' に交差がある
INFO:最終チェックのグリフ 'uni5E7E' に交差がある
INFO:最終チェックのグリフ 'uni5E87' に交差がある
INFO:最終チェックのグリフ 'uni5E9C' に交差がある
INFO:最終チェックのグリフ 'uni5EA6' に交差がある
INFO:最終チェックのグリフ 'uni5EAA' に交差がある
INFO:最終チェックのグリフ 'uni5EB6' に交差がある
INFO:最終チェックのグリフ 'uni5EB7' に交差がある
INFO:最終チェックのグリフ 'uni5EB8' に交差がある
INFO:最終チェックのグリフ 'uni5EC1' に交差がある
INFO:最終チェックのグリフ 'uni5EC6' に交差がある
INFO:最終チェックのグリフ 'uni5EC9' に交差がある
INFO:最終チェックのグリフ 'uni5ECA' に交差がある
INFO:最終チェックのグリフ 'uni5ECB' に交差がある
INFO:最終チェックのグリフ 'uni5ED2' に交差がある
INFO:最終チェックのグリフ 'uni5ED3' に交差がある
INFO:最終チェックのグリフ 'uni5ED9' に交差がある
INFO:最終チェックのグリフ 'uni5EDA' に交差がある
INFO:最終チェックのグリフ 'uni5EDD' に交差がある
INFO:最終チェックのグリフ 'uni5EE0' に交差がある
INFO:最終チェックのグリフ 'uni5EE1' に交差がある
INFO:最終チェックのグリフ 'uni5EE2' に交差がある
INFO:最終チェックのグリフ 'uni5EE3' に交差がある
INFO:最終チェックのグリフ 'uni5EE8' に交差がある
INFO:最終チェックのグリフ 'uni5EEC' に交差がある
INFO:最終チェックのグリフ 'uni5EFB' に交差がある
INFO:最終チェックのグリフ 'uni5F1F' に交差がある
INFO:最終チェックのグリフ 'uni5F2F' に交差がある
INFO:最終チェックのグリフ 'uni5F31' に交差がある
INFO:最終チェックのグリフ 'uni5F34' に交差がある
INFO:最終チェックのグリフ 'uni5F3E' に交差がある
INFO:最終チェックのグリフ 'uni5F4C' に交差がある
INFO:最終チェックのグリフ 'uni5F4E' に交差がある
INFO:最終チェックのグリフ 'uni5F64' に交差がある
INFO:最終チェックのグリフ 'uni5F77' に交差がある
INFO:最終チェックのグリフ 'uni5F7F' に交差がある
INFO:最終チェックのグリフ 'uni5F84' に交差がある
INFO:最終チェックのグリフ 'uni5F85' に交差がある
INFO:最終チェックのグリフ 'uni5F88' に交差がある
INFO:最終チェックのグリフ 'uni5F8B' に交差がある
INFO:最終チェックのグリフ 'uni5F8C' に交差がある
INFO:最終チェックのグリフ 'uni5F8F' に交差がある
INFO:最終チェックのグリフ 'uni5F90' に交差がある
INFO:最終チェックのグリフ 'uni5F92' に交差がある
INFO:最終チェックのグリフ 'uni5F93' に交差がある
INFO:最終チェックのグリフ 'uni5F97' に交差がある
INFO:最終チェックのグリフ 'uni5F98' に交差がある
INFO:最終チェックのグリフ 'uni5F99' に交差がある
INFO:最終チェックのグリフ 'uni5FA0' に交差がある
INFO:最終チェックのグリフ 'uni5FB3' に交差がある
INFO:最終チェックのグリフ 'uni5FCC' に交差がある
INFO:最終チェックのグリフ 'uni5FD3' に交差がある
INFO:最終チェックのグリフ 'uni5FDC' に交差がある
INFO:最終チェックのグリフ 'uni5FE9' に交差がある
INFO:最終チェックのグリフ 'uni5FFD' に交差がある
INFO:最終チェックのグリフ 'uni601D' に交差がある
INFO:最終チェックのグリフ 'uni6020' に交差がある
INFO:最終チェックのグリフ 'uni6024' に交差がある
INFO:最終チェックのグリフ 'uni6025' に交差がある
INFO:最終チェックのグリフ 'uni6028' に交差がある
INFO:最終チェックのグリフ 'uni602A' に交差がある
INFO:最終チェックのグリフ 'uni602B' に交差がある
INFO:最終チェックのグリフ 'uni6031' に交差がある
INFO:最終チェックのグリフ 'uni604A' に交差がある
INFO:最終チェックのグリフ 'uni604B' に交差がある
INFO:最終チェックのグリフ 'uni6050' に交差がある
INFO:最終チェックのグリフ 'uni6062' に交差がある
INFO:最終チェックのグリフ 'uni6063' に交差がある
INFO:最終チェックのグリフ 'uni6084' に交差がある
INFO:最終チェックのグリフ 'uni6094' に交差がある
INFO:最終チェックのグリフ 'uni6095' に交差がある
INFO:最終チェックのグリフ 'uni60A0' に交差がある
INFO:最終チェックのグリフ 'uni60B2' に交差がある
INFO:最終チェックのグリフ 'uni60B6' に交差がある
INFO:最終チェックのグリフ 'uni60B8' に交差がある
INFO:最終チェックのグリフ 'uni60C5' に交差がある
INFO:最終チェックのグリフ 'uni60C7' に交差がある
INFO:最終チェックのグリフ 'uni60D8' に交差がある
INFO:最終チェックのグリフ 'uni60E1' に交差がある
INFO:最終チェックのグリフ 'uni60E3' に交差がある
INFO:最終チェックのグリフ 'uni60E8' に交差がある
INFO:最終チェックのグリフ 'uni60F3' に交差がある
INFO:最終チェックのグリフ 'uni60F9' に交差がある
INFO:最終チェックのグリフ 'uni6106' に交差がある
INFO:最終チェックのグリフ 'uni6109' に交差がある
INFO:最終チェックのグリフ 'uni6111' に交差がある
INFO:最終チェックのグリフ 'uni6119' に交差がある
INFO:最終チェックのグリフ 'uni611A' に交差がある
INFO:最終チェックのグリフ 'uni611B' に交差がある
INFO:最終チェックのグリフ 'uni612C' に交差がある
INFO:最終チェックのグリフ 'uni613C' に交差がある
INFO:最終チェックのグリフ 'uni613D' に交差がある
INFO:最終チェックのグリフ 'uni613F' に交差がある
INFO:最終チェックのグリフ 'uni6141' に交差がある
INFO:最終チェックのグリフ 'uni6142' に交差がある
INFO:最終チェックのグリフ 'uni614A' に交差がある
INFO:最終チェックのグリフ 'uni6159' に交差がある
INFO:最終チェックのグリフ 'uni615D' に交差がある
INFO:最終チェックのグリフ 'uni6160' に交差がある
INFO:最終チェックのグリフ 'uni6167' に交差がある
INFO:最終チェックのグリフ 'uni6168' に交差がある
INFO:最終チェックのグリフ 'uni616B' に交差がある
INFO:最終チェックのグリフ 'uni616E' に交差がある
INFO:最終チェックのグリフ 'uni616F' に交差がある
INFO:最終チェックのグリフ 'uni6176' に交差がある
INFO:最終チェックのグリフ 'uni6182' に交差がある
INFO:最終チェックのグリフ 'uni6193' に交差がある
INFO:最終チェックのグリフ 'uni6196' に交差がある
INFO:最終チェックのグリフ 'uni61A5' に交差がある
INFO:最終チェックのグリフ 'uni61A8' に交差がある
INFO:最終チェックのグリフ 'uni61AB' に交差がある
INFO:最終チェックのグリフ 'uni61BC' に交差がある
INFO:最終チェックのグリフ 'uni61BE' に交差がある
INFO:最終チェックのグリフ 'uni61C8' に交差がある
INFO:最終チェックのグリフ 'uni61D0' に交差がある
INFO:最終チェックのグリフ 'uni61DD' に交差がある
INFO:最終チェックのグリフ 'uni61E3' に交差がある
INFO:最終チェックのグリフ 'uni61E6' に交差がある
INFO:最終チェックのグリフ 'uni61F8' に交差がある
INFO:最終チェックのグリフ 'uni61FF' に交差がある
INFO:最終チェックのグリフ 'uni620C' に交差がある
INFO:最終チェックのグリフ 'uni6212' に交差がある
INFO:最終チェックのグリフ 'uni6216' に交差がある
INFO:最終チェックのグリフ 'uni6222' に交差がある
INFO:最終チェックのグリフ 'uni6226' に交差がある
INFO:最終チェックのグリフ 'uni6234' に交差がある
INFO:最終チェックのグリフ 'uni6241' に交差がある
INFO:最終チェックのグリフ 'uni6243' に交差がある
INFO:最終チェックのグリフ 'uni6268' に交差がある
INFO:最終チェックのグリフ 'uni6273' に交差がある
INFO:最終チェックのグリフ 'uni627B' に交差がある
INFO:最終チェックのグリフ 'uni627E' に交差がある
INFO:最終チェックのグリフ 'uni6280' に交差がある
INFO:最終チェックのグリフ 'uni6283' に交差がある
INFO:最終チェックのグリフ 'uni6295' に交差がある
INFO:最終チェックのグリフ 'uni629E' に交差がある
INFO:最終チェックのグリフ 'uni62B9' に交差がある
INFO:最終チェックのグリフ 'uni62C4' に交差がある
INFO:最終チェックのグリフ 'uni62C8' に交差がある
INFO:最終チェックのグリフ 'uni62C9' に交差がある
INFO:最終チェックのグリフ 'uni62D7' に交差がある
INFO:最終チェックのグリフ 'uni62DC' に交差がある
INFO:最終チェックのグリフ 'uni62DD' に交差がある
INFO:最終チェックのグリフ 'uni62E0' に交差がある
INFO:最終チェックのグリフ 'uni62F5' に交差がある
INFO:最終チェックのグリフ 'uni6301' に交差がある
INFO:最終チェックのグリフ 'uni630D' に交差がある
INFO:最終チェックのグリフ 'uni6311' に交差がある
INFO:最終チェックのグリフ 'uni6318' に交差がある
INFO:最終チェックのグリフ 'uni6319' に交差がある
INFO:最終チェックのグリフ 'uni633D' に交差がある
INFO:最終チェックのグリフ 'uni634C' に交差がある
INFO:最終チェックのグリフ 'uni634E' に交差がある
INFO:最終チェックのグリフ 'uni6350' に交差がある
INFO:最終チェックのグリフ 'uni636C' に交差がある
INFO:最終チェックのグリフ 'uni6383' に交差がある
INFO:最終チェックのグリフ 'uni638F' に交差がある
INFO:最終チェックのグリフ 'uni6392' に交差がある
INFO:最終チェックのグリフ 'uni63A2' に交差がある
INFO:最終チェックのグリフ 'uni63BE' に交差がある
INFO:最終チェックのグリフ 'uni63C4' に交差がある
INFO:最終チェックのグリフ 'uni63D0' に交差がある
INFO:最終チェックのグリフ 'uni63D6' に交差がある
INFO:最終チェックのグリフ 'uni63E5' に交差がある
INFO:最終チェックのグリフ 'uni63F5' に交差がある
INFO:最終チェックのグリフ 'uni6406' に交差がある
INFO:最終チェックのグリフ 'uni640D' に交差がある
INFO:最終チェックのグリフ 'uni640F' に交差がある
INFO:最終チェックのグリフ 'uni6410' に交差がある
INFO:最終チェックのグリフ 'uni6413' に交差がある
INFO:最終チェックのグリフ 'uni6426' に交差がある
INFO:最終チェックのグリフ 'uni6428' に交差がある
INFO:最終チェックのグリフ 'uni642D' に交差がある
INFO:最終チェックのグリフ 'uni6434' に交差がある
INFO:最終チェックのグリフ 'uni643E' に交差がある
INFO:最終チェックのグリフ 'uni6458' に交差がある
INFO:最終チェックのグリフ 'uni645A' に交差がある
INFO:最終チェックのグリフ 'uni6469' に交差がある
INFO:最終チェックのグリフ 'uni6478' に交差がある
INFO:最終チェックのグリフ 'uni6479' に交差がある
INFO:最終チェックのグリフ 'uni649D' に交差がある
INFO:最終チェックのグリフ 'uni649F' に交差がある
INFO:最終チェックのグリフ 'uni64B0' に交差がある
INFO:最終チェックのグリフ 'uni64BE' に交差がある
INFO:最終チェックのグリフ 'uni64D4' に交差がある
INFO:最終チェックのグリフ 'uni64DA' に交差がある
INFO:最終チェックのグリフ 'uni64E1' に交差がある
INFO:最終チェックのグリフ 'uni64E5' に交差がある
INFO:最終チェックのグリフ 'uni64E6' に交差がある
INFO:最終チェックのグリフ 'uni64FA' に交差がある
INFO:最終チェックのグリフ 'uni64FE' に交差がある
INFO:最終チェックのグリフ 'uni6504' に交差がある
INFO:最終チェックのグリフ 'uni6523' に交差がある
INFO:最終チェックのグリフ 'uni6529' に交差がある
INFO:最終チェックのグリフ 'uni652F' に交差がある
INFO:最終チェックのグリフ 'uni6532' に交差がある
INFO:最終チェックのグリフ 'uni6537' に交差がある
INFO:最終チェックのグリフ 'uni6548' に交差がある
INFO:最終チェックのグリフ 'uni654E' に交差がある
INFO:最終チェックのグリフ 'uni654F' に交差がある
INFO:最終チェックのグリフ 'uni6557' に交差がある
INFO:最終チェックのグリフ 'uni6570' に交差がある
INFO:最終チェックのグリフ 'uni6575' に交差がある
INFO:最終チェックのグリフ 'uni6582' に交差がある
INFO:最終チェックのグリフ 'uni6584' に交差がある
INFO:最終チェックのグリフ 'uni6585' に交差がある
INFO:最終チェックのグリフ 'uni6587' に交差がある
INFO:最終チェックのグリフ 'uni658C' に交差がある
INFO:最終チェックのグリフ 'uni65B7' に交差がある
INFO:最終チェックのグリフ 'uni65BC' に交差がある
INFO:最終チェックのグリフ 'uni65BD' に交差がある
INFO:最終チェックのグリフ 'uni65C3' に交差がある
INFO:最終チェックのグリフ 'uni65CC' に交差がある
INFO:最終チェックのグリフ 'uni65D9' に交差がある
INFO:最終チェックのグリフ 'uni65DB' に交差がある
INFO:最終チェックのグリフ 'uni65FB' に交差がある
INFO:最終チェックのグリフ 'uni6641' に交差がある
INFO:最終チェックのグリフ 'uni6678' に交差がある
INFO:最終チェックのグリフ 'uni6691' に交差がある
INFO:最終チェックのグリフ 'uni6696' に交差がある
INFO:最終チェックのグリフ 'uni66A2' に交差がある
INFO:最終チェックのグリフ 'uni66D6' に交差がある
INFO:最終チェックのグリフ 'uni66DC' に交差がある
INFO:最終チェックのグリフ 'uni66DD' に交差がある
INFO:最終チェックのグリフ 'uni66E0' に交差がある
INFO:最終チェックのグリフ 'uni66EC' に交差がある
INFO:最終チェックのグリフ 'uni66F7' に交差がある
INFO:最終チェックのグリフ 'uni66FE' に交差がある
INFO:最終チェックのグリフ 'uni66FF' に交差がある
INFO:最終チェックのグリフ 'uni670B' に交差がある
INFO:最終チェックのグリフ 'uni6712' に交差がある
INFO:最終チェックのグリフ 'uni6714' に交差がある
INFO:最終チェックのグリフ 'uni6717' に交差がある
INFO:最終チェックのグリフ 'uni671D' に交差がある
INFO:最終チェックのグリフ 'uni6727' に交差がある
INFO:最終チェックのグリフ 'uni672D' に交差がある
INFO:最終チェックのグリフ 'uni6733' に交差がある
INFO:最終チェックのグリフ 'uni673F' に交差がある
INFO:最終チェックのグリフ 'uni6749' に交差がある
INFO:最終チェックのグリフ 'uni674E' に交差がある
INFO:最終チェックのグリフ 'uni674F' に交差がある
INFO:最終チェックのグリフ 'uni6759' に交差がある
INFO:最終チェックのグリフ 'uni6770' に交差がある
INFO:最終チェックのグリフ 'uni677B' に交差がある
INFO:最終チェックのグリフ 'uni677E' に交差がある
INFO:最終チェックのグリフ 'uni67A9' に交差がある
INFO:最終チェックのグリフ 'uni67B6' に交差がある
INFO:最終チェックのグリフ 'uni67CA' に交差がある
INFO:最終チェックのグリフ 'uni67F1' に交差がある
INFO:最終チェックのグリフ 'uni67FB' に交差がある
INFO:最終チェックのグリフ 'uni682D' に交差がある
INFO:最終チェックのグリフ 'uni6834' に交差がある
INFO:最終チェックのグリフ 'uni6848' に交差がある
INFO:最終チェックのグリフ 'uni685D' に交差がある
INFO:最終チェックのグリフ 'uni687C' に交差がある
INFO:最終チェックのグリフ 'uni689A' に交差がある
INFO:最終チェックのグリフ 'uni689B' に交差がある
INFO:最終チェックのグリフ 'uni68A6' に交差がある
INFO:最終チェックのグリフ 'uni68A8' に交差がある
INFO:最終チェックのグリフ 'uni68B5' に交差がある
INFO:最終チェックのグリフ 'uni68B9' に交差がある
INFO:最終チェックのグリフ 'uni68C8' に交差がある
INFO:最終チェックのグリフ 'uni68E5' に交差がある
INFO:最終チェックのグリフ 'uni68E7' に交差がある
INFO:最終チェックのグリフ 'uni68E8' に交差がある
INFO:最終チェックのグリフ 'uni68FB' に交差がある
INFO:最終チェックのグリフ 'uni6905' に交差がある
INFO:最終チェックのグリフ 'uni6921' に交差がある
INFO:最終チェックのグリフ 'uni6926' に交差がある
INFO:最終チェックのグリフ 'uni694A' に交差がある
INFO:最終チェックのグリフ 'uni695A' に交差がある
INFO:最終チェックのグリフ 'uni6961' に交差がある
INFO:最終チェックのグリフ 'uni6964' に交差がある
INFO:最終チェックのグリフ 'uni6968' に交差がある
INFO:最終チェックのグリフ 'uni696E' に交差がある
INFO:最終チェックのグリフ 'uni6972' に交差がある
INFO:最終チェックのグリフ 'uni6974' に交差がある
INFO:最終チェックのグリフ 'uni6978' に交差がある
INFO:最終チェックのグリフ 'uni6992' に交差がある
INFO:最終チェックのグリフ 'uni699C' に交差がある
INFO:最終チェックのグリフ 'uni69BB' に交差がある
INFO:最終チェックのグリフ 'uni69CA' に交差がある
INFO:最終チェックのグリフ 'uni69CB' に交差がある
INFO:最終チェックのグリフ 'uni69CC' に交差がある
INFO:最終チェックのグリフ 'uni69CD' に交差がある
INFO:最終チェックのグリフ 'uni69E8' に交差がある
INFO:最終チェックのグリフ 'uni69EB' に交差がある
INFO:最終チェックのグリフ 'uni69F2' に交差がある
INFO:最終チェックのグリフ 'uni69F5' に交差がある
INFO:最終チェックのグリフ 'uni6A05' に交差がある
INFO:最終チェックのグリフ 'uni6A0F' に交差がある
INFO:最終チェックのグリフ 'uni6A12' に交差がある
INFO:最終チェックのグリフ 'uni6A1A' に交差がある
INFO:最終チェックのグリフ 'uni6A1D' に交差がある
INFO:最終チェックのグリフ 'uni6A29' に交差がある
INFO:最終チェックのグリフ 'uni6A33' に交差がある
INFO:最終チェックのグリフ 'uni6A4E' に交差がある
INFO:最終チェックのグリフ 'uni6A62' に交差がある
INFO:最終チェックのグリフ 'uni6A73' に交差がある
INFO:最終チェックのグリフ 'uni6A7F' に交差がある
INFO:最終チェックのグリフ 'uni6A8B' に交差がある
INFO:最終チェックのグリフ 'uni6A8D' に交差がある
INFO:最終チェックのグリフ 'uni6A8E' に交差がある
INFO:最終チェックのグリフ 'uni6A9E' に交差がある
INFO:最終チェックのグリフ 'uni6A9F' に交差がある
INFO:最終チェックのグリフ 'uni6AAC' に交差がある
INFO:最終チェックのグリフ 'uni6AB8' に交差がある
INFO:最終チェックのグリフ 'uni6AD3' に交差がある
INFO:最終チェックのグリフ 'uni6ADC' に交差がある
INFO:最終チェックのグリフ 'uni6AE4' に交差がある
INFO:最終チェックのグリフ 'uni6AE8' に交差がある
INFO:最終チェックのグリフ 'uni6AFB' に交差がある
INFO:最終チェックのグリフ 'uni6B04' に交差がある
INFO:最終チェックのグリフ 'uni6B12' に交差がある
INFO:最終チェックのグリフ 'uni6B1E' に交差がある
INFO:最終チェックのグリフ 'uni6B1F' に交差がある
INFO:最終チェックのグリフ 'uni6B2C' に交差がある
INFO:最終チェックのグリフ 'uni6B3D' に交差がある
INFO:最終チェックのグリフ 'uni6B47' に交差がある
INFO:最終チェックのグリフ 'uni6B4A' に交差がある
INFO:最終チェックのグリフ 'uni6B4C' に交差がある
INFO:最終チェックのグリフ 'uni6B53' に交差がある
INFO:最終チェックのグリフ 'uni6B54' に交差がある
INFO:最終チェックのグリフ 'uni6B59' に交差がある
INFO:最終チェックのグリフ 'uni6B5B' に交差がある
INFO:最終チェックのグリフ 'uni6B65' に交差がある
INFO:最終チェックのグリフ 'uni6B66' に交差がある
INFO:最終チェックのグリフ 'uni6B6C' に交差がある
INFO:最終チェックのグリフ 'uni6B73' に交差がある
INFO:最終チェックのグリフ 'uni6B75' に交差がある
INFO:最終チェックのグリフ 'uni6B77' に交差がある
INFO:最終チェックのグリフ 'uni6B7A' に交差がある
INFO:最終チェックのグリフ 'uni6B7B' に交差がある
INFO:最終チェックのグリフ 'uni6B80' に交差がある
INFO:最終チェックのグリフ 'uni6B83' に交差がある
INFO:最終チェックのグリフ 'uni6B86' に交差がある
INFO:最終チェックのグリフ 'uni6B8A' に交差がある
INFO:最終チェックのグリフ 'uni6B98' に交差がある
INFO:最終チェックのグリフ 'uni6BA9' に交差がある
INFO:最終チェックのグリフ 'uni6BAA' に交差がある
INFO:最終チェックのグリフ 'uni6BAB' に交差がある
INFO:最終チェックのグリフ 'uni6BB3' に交差がある
INFO:最終チェックのグリフ 'uni6BBB' に交差がある
INFO:最終チェックのグリフ 'uni6BBD' に交差がある
INFO:最終チェックのグリフ 'uni6BC0' に交差がある
INFO:最終チェックのグリフ 'uni6BC5' に交差がある
INFO:最終チェックのグリフ 'uni6BC8' に交差がある
INFO:最終チェックのグリフ 'uni6BD3' に交差がある
INFO:最終チェックのグリフ 'uni6BD8' に交差がある
INFO:最終チェックのグリフ 'uni6BDF' に交差がある
INFO:最終チェックのグリフ 'uni6BEB' に交差がある
INFO:最終チェックのグリフ 'uni6BEC' に交差がある
INFO:最終チェックのグリフ 'uni6BEF' に交差がある
INFO:最終チェックのグリフ 'uni6BFF' に交差がある
INFO:最終チェックのグリフ 'uni6C05' に交差がある
INFO:最終チェックのグリフ 'uni6C08' に交差がある
INFO:最終チェックのグリフ 'uni6C0A' に交差がある
INFO:最終チェックのグリフ 'uni6C14' に交差がある
INFO:最終チェックのグリフ 'uni6C23' に交差がある
INFO:最終チェックのグリフ 'uni6C33' に交差がある
INFO:最終チェックのグリフ 'uni6C40' に交差がある
INFO:最終チェックのグリフ 'uni6C42' に交差がある
INFO:最終チェックのグリフ 'uni6C5E' に交差がある
INFO:最終チェックのグリフ 'uni6C5F' に交差がある
INFO:最終チェックのグリフ 'uni6C7E' に交差がある
INFO:最終チェックのグリフ 'uni6C88' に交差がある
INFO:最終チェックのグリフ 'uni6C8C' に交差がある
INFO:最終チェックのグリフ 'uni6C93' に交差がある
INFO:最終チェックのグリフ 'uni6CB1' に交差がある
INFO:最終チェックのグリフ 'uni6CC4' に交差がある
INFO:最終チェックのグリフ 'uni6CD3' に交差がある
INFO:最終チェックのグリフ 'uni6CDB' に交差がある
INFO:最終チェックのグリフ 'uni6CDC' に交差がある
INFO:最終チェックのグリフ 'uni6CF0' に交差がある
INFO:最終チェックのグリフ 'uni6CF1' に交差がある
INFO:最終チェックのグリフ 'uni6CFB' に交差がある
INFO:最終チェックのグリフ 'uni6D19' に交差がある
INFO:最終チェックのグリフ 'uni6D2F' に交差がある
INFO:最終チェックのグリフ 'uni6D32' に交差がある
INFO:最終チェックのグリフ 'uni6D33' に交差がある
INFO:最終チェックのグリフ 'uni6D3C' に交差がある
INFO:最終チェックのグリフ 'uni6D82' に交差がある
INFO:最終チェックのグリフ 'uni6D85' に交差がある
INFO:最終チェックのグリフ 'uni6D88' に交差がある
INFO:最終チェックのグリフ 'uni6D8E' に交差がある
INFO:最終チェックのグリフ 'uni6D95' に交差がある
INFO:最終チェックのグリフ 'uni6DBF' に交差がある
INFO:最終チェックのグリフ 'uni6DD1' に交差がある
INFO:最終チェックのグリフ 'uni6DDA' に交差がある
INFO:最終チェックのグリフ 'uni6DDE' に交差がある
INFO:最終チェックのグリフ 'uni6DE8' に交差がある
INFO:最終チェックのグリフ 'uni6DF3' に交差がある
INFO:最終チェックのグリフ 'uni6DF5' に交差がある
INFO:最終チェックのグリフ 'uni6DF6' に交差がある
INFO:最終チェックのグリフ 'uni6DFB' に交差がある
INFO:最終チェックのグリフ 'uni6E05' に交差がある
INFO:最終チェックのグリフ 'uni6E07' に交差がある
INFO:最終チェックのグリフ 'uni6E08' に交差がある
INFO:最終チェックのグリフ 'uni6E09' に交差がある
INFO:最終チェックのグリフ 'uni6E17' に交差がある
INFO:最終チェックのグリフ 'uni6E1B' に交差がある
INFO:最終チェックのグリフ 'uni6E1D' に交差がある
INFO:最終チェックのグリフ 'uni6E25' に交差がある
INFO:最終チェックのグリフ 'uni6E26' に交差がある
INFO:最終チェックのグリフ 'uni6E27' に交差がある
INFO:最終チェックのグリフ 'uni6E2C' に交差がある
INFO:最終チェックのグリフ 'uni6E2D' に交差がある
INFO:最終チェックのグリフ 'uni6E38' に交差がある
INFO:最終チェックのグリフ 'uni6E39' に交差がある
INFO:最終チェックのグリフ 'uni6E3A' に交差がある
INFO:最終チェックのグリフ 'uni6E4A' に交差がある
INFO:最終チェックのグリフ 'uni6E4E' に交差がある
INFO:最終チェックのグリフ 'uni6E51' に交差がある
INFO:最終チェックのグリフ 'uni6E5E' に交差がある
INFO:最終チェックのグリフ 'uni6E6F' に交差がある
INFO:最終チェックのグリフ 'uni6E80' に交差がある
INFO:最終チェックのグリフ 'uni6E8C' に交差がある
INFO:最終チェックのグリフ 'uni6E8F' に交差がある
INFO:最終チェックのグリフ 'uni6E93' に交差がある
INFO:最終チェックのグリフ 'uni6E9F' に交差がある
INFO:最終チェックのグリフ 'uni6EB1' に交差がある
INFO:最終チェックのグリフ 'uni6EB4' に交差がある
INFO:最終チェックのグリフ 'uni6EB6' に交差がある
INFO:最終チェックのグリフ 'uni6EC1' に交差がある
INFO:最終チェックのグリフ 'uni6EC5' に交差がある
INFO:最終チェックのグリフ 'uni6ECB' に交差がある
INFO:最終チェックのグリフ 'uni6ECE' に交差がある
INFO:最終チェックのグリフ 'uni6ED1' に交差がある
INFO:最終チェックのグリフ 'uni6EEC' に交差がある
INFO:最終チェックのグリフ 'uni6EEF' に交差がある
INFO:最終チェックのグリフ 'uni6EF2' に交差がある
INFO:最終チェックのグリフ 'uni6EF4' に交差がある
INFO:最終チェックのグリフ 'uni6EF7' に交差がある
INFO:最終チェックのグリフ 'uni6EF9' に交差がある
INFO:最終チェックのグリフ 'uni6F02' に交差がある
INFO:最終チェックのグリフ 'uni6F06' に交差がある
INFO:最終チェックのグリフ 'uni6F09' に交差がある
INFO:最終チェックのグリフ 'uni6F11' に交差がある
INFO:最終チェックのグリフ 'uni6F13' に交差がある
INFO:最終チェックのグリフ 'uni6F2B' に交差がある
INFO:最終チェックのグリフ 'uni6F31' に交差がある
INFO:最終チェックのグリフ 'uni6F32' に交差がある
INFO:最終チェックのグリフ 'uni6F51' に交差がある
INFO:最終チェックのグリフ 'uni6F59' に交差がある
INFO:最終チェックのグリフ 'uni6F5C' に交差がある
INFO:最終チェックのグリフ 'uni6F5F' に交差がある
INFO:最終チェックのグリフ 'uni6F64' に交差がある
INFO:最終チェックのグリフ 'uni6F66' に交差がある
INFO:最終チェックのグリフ 'uni6F68' に交差がある
INFO:最終チェックのグリフ 'uni6F6E' に交差がある
INFO:最終チェックのグリフ 'uni6F6F' に交差がある
INFO:最終チェックのグリフ 'uni6F84' に交差がある
INFO:最終チェックのグリフ 'uni6F96' に交差がある
INFO:最終チェックのグリフ 'uni6F97' に交差がある
INFO:最終チェックのグリフ 'uni6F98' に交差がある
INFO:最終チェックのグリフ 'uni6FA1' に交差がある
INFO:最終チェックのグリフ 'uni6FC0' に交差がある
INFO:最終チェックのグリフ 'uni6FC6' に交差がある
INFO:最終チェックのグリフ 'uni6FC8' の参照が不正
INFO:最終チェックのグリフ 'uni6FCA' に交差がある
INFO:最終チェックのグリフ 'uni6FD5' に交差がある
INFO:最終チェックのグリフ 'uni6FD8' に交差がある
INFO:最終チェックのグリフ 'uni6FE1' に交差がある
INFO:最終チェックのグリフ 'uni6FEC' に交差がある
INFO:最終チェックのグリフ 'uni6FF6' に交差がある
INFO:最終チェックのグリフ 'uni6FFE' に交差がある
INFO:最終チェックのグリフ 'uni7000' に交差がある
INFO:最終チェックのグリフ 'uni7005' に交差がある
INFO:最終チェックのグリフ 'uni700A' に交差がある
INFO:最終チェックのグリフ 'uni7018' に交差がある
INFO:最終チェックのグリフ 'uni701B' に交差がある
INFO:最終チェックのグリフ 'uni7026' に交差がある
INFO:最終チェックのグリフ 'uni7027' に交差がある
INFO:最終チェックのグリフ 'uni703A' に交差がある
INFO:最終チェックのグリフ 'uni703C' に交差がある
INFO:最終チェックのグリフ 'uni703E' に交差がある
INFO:最終チェックのグリフ 'uni704B' に交差がある
INFO:最終チェックのグリフ 'uni704C' に交差がある
INFO:最終チェックのグリフ 'uni7054' に交差がある
INFO:最終チェックのグリフ 'uni7064' に交差がある
INFO:最終チェックのグリフ 'uni7065' に交差がある
INFO:最終チェックのグリフ 'uni7069' に交差がある
INFO:最終チェックのグリフ 'uni707C' に交差がある
INFO:最終チェックのグリフ 'uni708A' に交差がある
INFO:最終チェックのグリフ 'uni7095' に交差がある
INFO:最終チェックのグリフ 'uni70BA' に交差がある
INFO:最終チェックのグリフ 'uni70D1' に交差がある
INFO:最終チェックのグリフ 'uni70D3' に交差がある
INFO:最終チェックのグリフ 'uni70D4' に交差がある
INFO:最終チェックのグリフ 'uni70DC' に交差がある
INFO:最終チェックのグリフ 'uni70DD' に交差がある
INFO:最終チェックのグリフ 'uni70DF' に交差がある
INFO:最終チェックのグリフ 'uni70F1' に交差がある
INFO:最終チェックのグリフ 'uni7103' に交差がある
INFO:最終チェックのグリフ 'uni7106' に交差がある
INFO:最終チェックのグリフ 'uni710C' に交差がある
INFO:最終チェックのグリフ 'uni711A' に交差がある
INFO:最終チェックのグリフ 'uni7121' に交差がある
INFO:最終チェックのグリフ 'uni712F' に交差がある
INFO:最終チェックのグリフ 'uni7131' に交差がある
INFO:最終チェックのグリフ 'uni7150' に交差がある
INFO:最終チェックのグリフ 'uni7152' に交差がある
INFO:最終チェックのグリフ 'uni7153' に交差がある
INFO:最終チェックのグリフ 'uni7156' に交差がある
INFO:最終チェックのグリフ 'uni715C' に交差がある
INFO:最終チェックのグリフ 'uni7160' に交差がある
INFO:最終チェックのグリフ 'uni7165' に交差がある
INFO:最終チェックのグリフ 'uni7166' に交差がある
INFO:最終チェックのグリフ 'uni7167' に交差がある
INFO:最終チェックのグリフ 'uni7168' に交差がある
INFO:最終チェックのグリフ 'uni716C' に交差がある
INFO:最終チェックのグリフ 'uni717D' に交差がある
INFO:最終チェックのグリフ 'uni7180' に交差がある
INFO:最終チェックのグリフ 'uni7184' に交差がある
INFO:最終チェックのグリフ 'uni7185' に交差がある
INFO:最終チェックのグリフ 'uni7187' に交差がある
INFO:最終チェックのグリフ 'uni718A' に交差がある
INFO:最終チェックのグリフ 'uni719F' に交差がある
INFO:最終チェックのグリフ 'uni71A2' に交差がある
INFO:最終チェックのグリフ 'uni71A8' に交差がある
INFO:最終チェックのグリフ 'uni71AC' に交差がある
INFO:最終チェックのグリフ 'uni71AE' に交差がある
INFO:最終チェックのグリフ 'uni71AF' に交差がある
INFO:最終チェックのグリフ 'uni71B1' に交差がある
INFO:最終チェックのグリフ 'uni71B3' に交差がある
INFO:最終チェックのグリフ 'uni71BA' に交差がある
INFO:最終チェックのグリフ 'uni71BE' に交差がある
INFO:最終チェックのグリフ 'uni71C3' に交差がある
INFO:最終チェックのグリフ 'uni71C4' に交差がある
INFO:最終チェックのグリフ 'uni71CB' に交差がある
INFO:最終チェックのグリフ 'uni71CE' に交差がある
INFO:最終チェックのグリフ 'uni71D0' に交差がある
INFO:最終チェックのグリフ 'uni71D2' に交差がある
INFO:最終チェックのグリフ 'uni71D3' に交差がある
INFO:最終チェックのグリフ 'uni71D4' に交差がある
INFO:最終チェックのグリフ 'uni71D7' に交差がある
INFO:最終チェックのグリフ 'uni71E0' に交差がある
INFO:最終チェックのグリフ 'uni71EC' に交差がある
INFO:最終チェックのグリフ 'uni71EE' に交差がある
INFO:最終チェックのグリフ 'uni71F9' に交差がある
INFO:最終チェックのグリフ 'uni71FB' に交差がある
INFO:最終チェックのグリフ 'uni71FE' に交差がある
INFO:最終チェックのグリフ 'uni7200' に交差がある
INFO:最終チェックのグリフ 'uni7207' に交差がある
INFO:最終チェックのグリフ 'uni720D' に交差がある
INFO:最終チェックのグリフ 'uni7210' に交差がある
INFO:最終チェックのグリフ 'uni7215' に交差がある
INFO:最終チェックのグリフ 'uni7234' に交差がある
INFO:最終チェックのグリフ 'uni7235' に交差がある
INFO:最終チェックのグリフ 'uni723A' に交差がある
INFO:最終チェックのグリフ 'uni723E' に交差がある
INFO:最終チェックのグリフ 'uni7253' に交差がある
INFO:最終チェックのグリフ 'uni7255' に交差がある
INFO:最終チェックのグリフ 'uni7261' に交差がある
INFO:最終チェックのグリフ 'uni7267' に交差がある
INFO:最終チェックのグリフ 'uni726E' に交差がある
INFO:最終チェックのグリフ 'uni7272' に交差がある
INFO:最終チェックのグリフ 'uni7278' に交差がある
INFO:最終チェックのグリフ 'uni727F' に交差がある
INFO:最終チェックのグリフ 'uni7287' に交差がある
INFO:最終チェックのグリフ 'uni7296' に交差がある
INFO:最終チェックのグリフ 'uni72B0' に交差がある
INFO:最終チェックのグリフ 'uni72B1' に交差がある
INFO:最終チェックのグリフ 'uni72B2' に交差がある
INFO:最終チェックのグリフ 'uni72B9' に交差がある
INFO:最終チェックのグリフ 'uni72C4' に交差がある
INFO:最終チェックのグリフ 'uni72C6' に交差がある
INFO:最終チェックのグリフ 'uni72CE' に交差がある
INFO:最終チェックのグリフ 'uni72E9' に交差がある
INFO:最終チェックのグリフ 'uni72F3' に交差がある
INFO:最終チェックのグリフ 'uni72F9' に交差がある
INFO:最終チェックのグリフ 'uni72FB' に交差がある
INFO:最終チェックのグリフ 'uni7307' に交差がある
INFO:最終チェックのグリフ 'uni730A' に交差がある
INFO:最終チェックのグリフ 'uni7316' に交差がある
INFO:最終チェックのグリフ 'uni7319' に交差がある
INFO:最終チェックのグリフ 'uni731C' に交差がある
INFO:最終チェックのグリフ 'uni731D' に交差がある
INFO:最終チェックのグリフ 'uni7324' に交差がある
INFO:最終チェックのグリフ 'uni7325' に交差がある
INFO:最終チェックのグリフ 'uni7327' に交差がある
INFO:最終チェックのグリフ 'uni7329' に交差がある
INFO:最終チェックのグリフ 'uni732A' に交差がある
INFO:最終チェックのグリフ 'uni732B' に交差がある
INFO:最終チェックのグリフ 'uni732C' に交差がある
INFO:最終チェックのグリフ 'uni732F' に交差がある
INFO:最終チェックのグリフ 'uni7331' に交差がある
INFO:最終チェックのグリフ 'uni7339' に交差がある
INFO:最終チェックのグリフ 'uni733D' に交差がある
INFO:最終チェックのグリフ 'uni733E' に交差がある
INFO:最終チェックのグリフ 'uni7350' に交差がある
INFO:最終チェックのグリフ 'uni7357' に交差がある
INFO:最終チェックのグリフ 'uni7366' に交差がある
INFO:最終チェックのグリフ 'uni7368' に交差がある
INFO:最終チェックのグリフ 'uni736B' に交差がある
INFO:最終チェックのグリフ 'uni7370' に交差がある
INFO:最終チェックのグリフ 'uni7371' に交差がある
INFO:最終チェックのグリフ 'uni7377' に交差がある
INFO:最終チェックのグリフ 'uni737A' に交差がある
INFO:最終チェックのグリフ 'uni737B' に交差がある
INFO:最終チェックのグリフ 'uni7385' に交差がある
INFO:最終チェックのグリフ 'uni73C8' に交差がある
INFO:最終チェックのグリフ 'uni73CA' に交差がある
INFO:最終チェックのグリフ 'uni73CB' に交差がある
INFO:最終チェックのグリフ 'uni73F5' に交差がある
INFO:最終チェックのグリフ 'uni7407' に交差がある
INFO:最終チェックのグリフ 'uni7409' に交差がある
INFO:最終チェックのグリフ 'uni740A' に交差がある
INFO:最終チェックのグリフ 'uni7433' に交差がある
INFO:最終チェックのグリフ 'uni7434' に交差がある
INFO:最終チェックのグリフ 'uni7435' に交差がある
INFO:最終チェックのグリフ 'uni7439' に交差がある
INFO:最終チェックのグリフ 'uni7457' に交差がある
INFO:最終チェックのグリフ 'uni745C' に交差がある
INFO:最終チェックのグリフ 'uni745D' に交差がある
INFO:最終チェックのグリフ 'uni7469' に交差がある
INFO:最終チェックのグリフ 'uni7470' に交差がある
INFO:最終チェックのグリフ 'uni7471' に交差がある
INFO:最終チェックのグリフ 'uni7483' に交差がある
INFO:最終チェックのグリフ 'uni7487' に交差がある
INFO:最終チェックのグリフ 'uni7497' に交差がある
INFO:最終チェックのグリフ 'uni74A2' に交差がある
INFO:最終チェックのグリフ 'uni74A3' に交差がある
INFO:最終チェックのグリフ 'uni74A5' に交差がある
INFO:最終チェックのグリフ 'uni74BB' に交差がある
INFO:最終チェックのグリフ 'uni74BD' に交差がある
INFO:最終チェックのグリフ 'uni74C9' に交差がある
INFO:最終チェックのグリフ 'uni74E2' に交差がある
INFO:最終チェックのグリフ 'uni74F0' に交差がある
INFO:最終チェックのグリフ 'uni74F1' に交差がある
INFO:最終チェックのグリフ 'uni74F2' に交差がある
INFO:最終チェックのグリフ 'uni74F8' に交差がある
INFO:最終チェックのグリフ 'uni7501' に交差がある
INFO:最終チェックのグリフ 'uni750D' に交差がある
INFO:最終チェックのグリフ 'uni750E' に交差がある
INFO:最終チェックのグリフ 'uni7513' に交差がある
INFO:最終チェックのグリフ 'uni751C' に交差がある
INFO:最終チェックのグリフ 'uni7523' に交差がある
INFO:最終チェックのグリフ 'uni752A' に交差がある
INFO:最終チェックのグリフ 'uni752C' に交差がある
INFO:最終チェックのグリフ 'uni752F' に交差がある
INFO:最終チェックのグリフ 'uni7546' に交差がある
INFO:最終チェックのグリフ 'uni755B' に交差がある
INFO:最終チェックのグリフ 'uni755C' に交差がある
INFO:最終チェックのグリフ 'uni756A' に交差がある
INFO:最終チェックのグリフ 'uni756D' に交差がある
INFO:最終チェックのグリフ 'uni7572' に交差がある
INFO:最終チェックのグリフ 'uni757F' に交差がある
INFO:最終チェックのグリフ 'uni758A' に交差がある
INFO:最終チェックのグリフ 'uni758E' に交差がある
INFO:最終チェックのグリフ 'uni7591' に交差がある
INFO:最終チェックのグリフ 'uni759A' に交差がある
INFO:最終チェックのグリフ 'uni75BC' に交差がある
INFO:最終チェックのグリフ 'uni75C5' に交差がある
INFO:最終チェックのグリフ 'uni75CE' に交差がある
INFO:最終チェックのグリフ 'uni75D4' に交差がある
INFO:最終チェックのグリフ 'uni75D8' に交差がある
INFO:最終チェックのグリフ 'uni75DB' に交差がある
INFO:最終チェックのグリフ 'uni75E0' に交差がある
INFO:最終チェックのグリフ 'uni75E3' に交差がある
INFO:最終チェックのグリフ 'uni75E4' に交差がある
INFO:最終チェックのグリフ 'uni75EC' に交差がある
INFO:最終チェックのグリフ 'uni75F4' に交差がある
INFO:最終チェックのグリフ 'uni75FE' に交差がある
INFO:最終チェックのグリフ 'uni7600' に交差がある
INFO:最終チェックのグリフ 'uni7602' に交差がある
INFO:最終チェックのグリフ 'uni7607' に交差がある
INFO:最終チェックのグリフ 'uni7616' に交差がある
INFO:最終チェックのグリフ 'uni761B' に交差がある
INFO:最終チェックのグリフ 'uni761E' に交差がある
INFO:最終チェックのグリフ 'uni7622' に交差がある
INFO:最終チェックのグリフ 'uni7625' に交差がある
INFO:最終チェックのグリフ 'uni7642' に交差がある
INFO:最終チェックのグリフ 'uni7643' に交差がある
INFO:最終チェックのグリフ 'uni7648' に交差がある
INFO:最終チェックのグリフ 'uni7655' に交差がある
INFO:最終チェックのグリフ 'uni7661' に交差がある
INFO:最終チェックのグリフ 'uni766C' に交差がある
INFO:最終チェックのグリフ 'uni766D' に交差がある
INFO:最終チェックのグリフ 'uni766F' に交差がある
INFO:最終チェックのグリフ 'uni768B' に交差がある
INFO:最終チェックのグリフ 'uni76A6' に交差がある
INFO:最終チェックのグリフ 'uni76AE' に交差がある
INFO:最終チェックのグリフ 'uni76AF' に交差がある
INFO:最終チェックのグリフ 'uni76B0' に交差がある
INFO:最終チェックのグリフ 'uni76B6' に交差がある
INFO:最終チェックのグリフ 'uni76BA' に交差がある
INFO:最終チェックのグリフ 'uni76C3' に交差がある
INFO:最終チェックのグリフ 'uni76D4' に交差がある
INFO:最終チェックのグリフ 'uni76DC' に交差がある
INFO:最終チェックのグリフ 'uni76E1' に交差がある
INFO:最終チェックのグリフ 'uni76E7' に交差がある
INFO:最終チェックのグリフ 'uni7709' に交差がある
INFO:最終チェックのグリフ 'uni771F' に交差がある
INFO:最終チェックのグリフ 'uni774E' に交差がある
INFO:最終チェックのグリフ 'uni775B' に交差がある
INFO:最終チェックのグリフ 'uni775C' に交差がある
INFO:最終チェックのグリフ 'uni7779' に交差がある
INFO:最終チェックのグリフ 'uni77A0' に交差がある
INFO:最終チェックのグリフ 'uni77A4' に交差がある
INFO:最終チェックのグリフ 'uni77A9' に交差がある
INFO:最終チェックのグリフ 'uni77B6' に交差がある
INFO:最終チェックのグリフ 'uni77B9' に交差がある
INFO:最終チェックのグリフ 'uni77BD' に交差がある
INFO:最終チェックのグリフ 'uni77CD' に交差がある
INFO:最終チェックのグリフ 'uni77DB' に交差がある
INFO:最終チェックのグリフ 'uni77DE' に交差がある
INFO:最終チェックのグリフ 'uni7819' に交差がある
INFO:最終チェックのグリフ 'uni7821' に交差がある
INFO:最終チェックのグリフ 'uni783A' に交差がある
INFO:最終チェックのグリフ 'uni7851' に交差がある
INFO:最終チェックのグリフ 'uni786A' に交差がある
INFO:最終チェックのグリフ 'uni7872' に交差がある
INFO:最終チェックのグリフ 'uni788E' に交差がある
INFO:最終チェックのグリフ 'uni789D' に交差がある
INFO:最終チェックのグリフ 'uni78AD' に交差がある
INFO:最終チェックのグリフ 'uni78BA' に交差がある
INFO:最終チェックのグリフ 'uni78BB' に交差がある
INFO:最終チェックのグリフ 'uni78CC' に交差がある
INFO:最終チェックのグリフ 'uni78CE' に交差がある
INFO:最終チェックのグリフ 'uni78D5' に交差がある
INFO:最終チェックのグリフ 'uni78E0' に交差がある
INFO:最終チェックのグリフ 'uni78E1' に交差がある
INFO:最終チェックのグリフ 'uni78E8' に交差がある
INFO:最終チェックのグリフ 'uni78EF' に交差がある
INFO:最終チェックのグリフ 'uni78FA' に交差がある
INFO:最終チェックのグリフ 'uni78FB' に交差がある
INFO:最終チェックのグリフ 'uni78FE' に交差がある
INFO:最終チェックのグリフ 'uni7912' に交差がある
INFO:最終チェックのグリフ 'uni791B' に交差がある
INFO:最終チェックのグリフ 'uni792E' に交差がある
INFO:最終チェックのグリフ 'uni7930' に交差がある
INFO:最終チェックのグリフ 'uni7934' に交差がある
INFO:最終チェックのグリフ 'uni7946' に交差がある
INFO:最終チェックのグリフ 'uni7950' に交差がある
INFO:最終チェックのグリフ 'uni7965' に交差がある
INFO:最終チェックのグリフ 'uni7967' に交差がある
INFO:最終チェックのグリフ 'uni7980' に交差がある
INFO:最終チェックのグリフ 'uni798D' に交差がある
INFO:最終チェックのグリフ 'uni7995' に交差がある
INFO:最終チェックのグリフ 'uni7998' に交差がある
INFO:最終チェックのグリフ 'uni79A1' に交差がある
INFO:最終チェックのグリフ 'uni79A9' に交差がある
INFO:最終チェックのグリフ 'uni79B0' に交差がある
INFO:最終チェックのグリフ 'uni79B4' に交差がある
INFO:最終チェックのグリフ 'uni79B9' に交差がある
INFO:最終チェックのグリフ 'uni79BD' に交差がある
INFO:最終チェックのグリフ 'uni79C0' に交差がある
INFO:最終チェックのグリフ 'uni79C2' に交差がある
INFO:最終チェックのグリフ 'uni79C8' に交差がある
INFO:最終チェックのグリフ 'uni79C9' に交差がある
INFO:最終チェックのグリフ 'uni79D1' に交差がある
INFO:最終チェックのグリフ 'uni79D2' に交差がある
INFO:最終チェックのグリフ 'uni79D5' に交差がある
INFO:最終チェックのグリフ 'uni79DE' に交差がある
INFO:最終チェックのグリフ 'uni79E4' に交差がある
INFO:最終チェックのグリフ 'uni79E6' に交差がある
INFO:最終チェックのグリフ 'uni79E7' に交差がある
INFO:最終チェックのグリフ 'uni79EC' に交差がある
INFO:最終チェックのグリフ 'uni79FB' に交差がある
INFO:最終チェックのグリフ 'uni7A00' に交差がある
INFO:最終チェックのグリフ 'uni7A0A' に交差がある
INFO:最終チェックのグリフ 'uni7A0B' に交差がある
INFO:最終チェックのグリフ 'uni7A0E' に交差がある
INFO:最終チェックのグリフ 'uni7A11' に交差がある
INFO:最終チェックのグリフ 'uni7A15' に交差がある
INFO:最終チェックのグリフ 'uni7A19' に交差がある
INFO:最終チェックのグリフ 'uni7A1A' に交差がある
INFO:最終チェックのグリフ 'uni7A1B' に交差がある
INFO:最終チェックのグリフ 'uni7A1E' に交差がある
INFO:最終チェックのグリフ 'uni7A20' に交差がある
INFO:最終チェックのグリフ 'uni7A2D' に交差がある
INFO:最終チェックのグリフ 'uni7A2E' に交差がある
INFO:最終チェックのグリフ 'uni7A32' に交差がある
INFO:最終チェックのグリフ 'uni7A37' に交差がある
INFO:最終チェックのグリフ 'uni7A3C' に交差がある
INFO:最終チェックのグリフ 'uni7A3D' に交差がある
INFO:最終チェックのグリフ 'uni7A40' に交差がある
INFO:最終チェックのグリフ 'uni7A42' に交差がある
INFO:最終チェックのグリフ 'uni7A47' に交差がある
INFO:最終チェックのグリフ 'uni7A4D' に交差がある
INFO:最終チェックのグリフ 'uni7A4F' に交差がある
INFO:最終チェックのグリフ 'uni7A56' に交差がある
INFO:最終チェックのグリフ 'uni7A57' に交差がある
INFO:最終チェックのグリフ 'uni7A59' に交差がある
INFO:最終チェックのグリフ 'uni7A5C' に交差がある
INFO:最終チェックのグリフ 'uni7A5F' に交差がある
INFO:最終チェックのグリフ 'uni7A67' に交差がある
INFO:最終チェックのグリフ 'uni7A69' に交差がある
INFO:最終チェックのグリフ 'uni7A6A' に交差がある
INFO:最終チェックのグリフ 'uni7A6D' に交差がある
INFO:最終チェックのグリフ 'uni7A74' に交差がある
INFO:最終チェックのグリフ 'uni7A79' に交差がある
INFO:最終チェックのグリフ 'uni7A7F' に交差がある
INFO:最終チェックのグリフ 'uni7A8A' に交差がある
INFO:最終チェックのグリフ 'uni7AAE' に交差がある
INFO:最終チェックのグリフ 'uni7ABC' に交差がある
INFO:最終チェックのグリフ 'uni7AC4' に交差がある
INFO:最終チェックのグリフ 'uni7AE7' に交差がある
INFO:最終チェックのグリフ 'uni7AE8' に交差がある
INFO:最終チェックのグリフ 'uni7AEB' に交差がある
INFO:最終チェックのグリフ 'uni7AED' に交差がある
INFO:最終チェックのグリフ 'uni7AF0' に交差がある
INFO:最終チェックのグリフ 'uni7AF4' に交差がある
INFO:最終チェックのグリフ 'uni7B04' に交差がある
INFO:最終チェックのグリフ 'uni7B08' に交差がある
INFO:最終チェックのグリフ 'uni7B11' に交差がある
INFO:最終チェックのグリフ 'uni7B27' に交差がある
INFO:最終チェックのグリフ 'uni7B2C' に交差がある
INFO:最終チェックのグリフ 'uni7B31' に交差がある
INFO:最終チェックのグリフ 'uni7B33' に交差がある
INFO:最終チェックのグリフ 'uni7B45' に交差がある
INFO:最終チェックのグリフ 'uni7B4D' に交差がある
INFO:最終チェックのグリフ 'uni7B4F' に交差がある
INFO:最終チェックのグリフ 'uni7B55' に交差がある
INFO:最終チェックのグリフ 'uni7B5D' に交差がある
INFO:最終チェックのグリフ 'uni7B64' に交差がある
INFO:最終チェックのグリフ 'uni7B66' に交差がある
INFO:最終チェックのグリフ 'uni7B69' に交差がある
INFO:最終チェックのグリフ 'uni7B72' に交差がある
INFO:最終チェックのグリフ 'uni7B73' に交差がある
INFO:最終チェックのグリフ 'uni7B79' に交差がある
INFO:最終チェックのグリフ 'uni7B7A' に交差がある
INFO:最終チェックのグリフ 'uni7B7F' に交差がある
INFO:最終チェックのグリフ 'uni7B8B' に交差がある
INFO:最終チェックのグリフ 'uni7B91' に交差がある
INFO:最終チェックのグリフ 'uni7B9B' に交差がある
INFO:最終チェックのグリフ 'uni7B9C' に交差がある
INFO:最終チェックのグリフ 'uni7B9E' に交差がある
INFO:最終チェックのグリフ 'uni7BB1' に交差がある
INFO:最終チェックのグリフ 'uni7BB5' に交差がある
INFO:最終チェックのグリフ 'uni7BB8' に交差がある
INFO:最終チェックのグリフ 'uni7BBC' に交差がある
INFO:最終チェックのグリフ 'uni7BC0' に交差がある
INFO:最終チェックのグリフ 'uni7BC5' に交差がある
INFO:最終チェックのグリフ 'uni7BC9' に交差がある
INFO:最終チェックのグリフ 'uni7BCA' に交差がある
INFO:最終チェックのグリフ 'uni7BD4' に交差がある
INFO:最終チェックのグリフ 'uni7BD9' に交差がある
INFO:最終チェックのグリフ 'uni7BE4' に交差がある
INFO:最終チェックのグリフ 'uni7BE6' に交差がある
INFO:最終チェックのグリフ 'uni7BF0' に交差がある
INFO:最終チェックのグリフ 'uni7BF6' に交差がある
INFO:最終チェックのグリフ 'uni7BF7' に交差がある
INFO:最終チェックのグリフ 'uni7C01' に交差がある
INFO:最終チェックのグリフ 'uni7C07' に交差がある
INFO:最終チェックのグリフ 'uni7C0B' に交差がある
INFO:最終チェックのグリフ 'uni7C0E' に交差がある
INFO:最終チェックのグリフ 'uni7C0F' に交差がある
INFO:最終チェックのグリフ 'uni7C11' に交差がある
INFO:最終チェックのグリフ 'uni7C13' に交差がある
INFO:最終チェックのグリフ 'uni7C17' に交差がある
INFO:最終チェックのグリフ 'uni7C33' に交差がある
INFO:最終チェックのグリフ 'uni7C36' に交差がある
INFO:最終チェックのグリフ 'uni7C38' に交差がある
INFO:最終チェックのグリフ 'uni7C3F' に交差がある
INFO:最終チェックのグリフ 'uni7C43' に交差がある
INFO:最終チェックのグリフ 'uni7C45' に交差がある
INFO:最終チェックのグリフ 'uni7C51' に交差がある
INFO:最終チェックのグリフ 'uni7C56' に交差がある
INFO:最終チェックのグリフ 'uni7C57' に交差がある
INFO:最終チェックのグリフ 'uni7C58' に交差がある
INFO:最終チェックのグリフ 'uni7C5F' に交差がある
INFO:最終チェックのグリフ 'uni7C69' に交差がある
INFO:最終チェックのグリフ 'uni7C6E' に交差がある
INFO:最終チェックのグリフ 'uni7C6F' に交差がある
INFO:最終チェックのグリフ 'uni7C70' に交差がある
INFO:最終チェックのグリフ 'uni7C8D' に交差がある
INFO:最終チェックのグリフ 'uni7C90' に交差がある
INFO:最終チェックのグリフ 'uni7C97' に交差がある
INFO:最終チェックのグリフ 'uni7C98' に交差がある
INFO:最終チェックのグリフ 'uni7CA6' に交差がある
INFO:最終チェックのグリフ 'uni7CB7' に交差がある
INFO:最終チェックのグリフ 'uni7CBC' に交差がある
INFO:最終チェックのグリフ 'uni7CBE' に交差がある
INFO:最終チェックのグリフ 'uni7CCD' に交差がある
INFO:最終チェックのグリフ 'uni7CD7' に交差がある
INFO:最終チェックのグリフ 'uni7CDC' に交差がある
INFO:最終チェックのグリフ 'uni7CE7' に交差がある
INFO:最終チェックのグリフ 'uni7CEF' に交差がある
INFO:最終チェックのグリフ 'uni7CF5' に交差がある
INFO:最終チェックのグリフ 'uni7CFA' に交差がある
INFO:最終チェックのグリフ 'uni7CFE' に交差がある
INFO:最終チェックのグリフ 'uni7D00' に交差がある
INFO:最終チェックのグリフ 'uni7D09' に交差がある
INFO:最終チェックのグリフ 'uni7D0D' に交差がある
INFO:最終チェックのグリフ 'uni7D10' に交差がある
INFO:最終チェックのグリフ 'uni7D12' に交差がある
INFO:最終チェックのグリフ 'uni7D14' に交差がある
INFO:最終チェックのグリフ 'uni7D15' に交差がある
INFO:最終チェックのグリフ 'uni7D17' に交差がある
INFO:最終チェックのグリフ 'uni7D19' に交差がある
INFO:最終チェックのグリフ 'uni7D1A' に交差がある
INFO:最終チェックのグリフ 'uni7D1B' に交差がある
INFO:最終チェックのグリフ 'uni7D23' に交差がある
INFO:最終チェックのグリフ 'uni7D2B' に交差がある
INFO:最終チェックのグリフ 'uni7D31' に交差がある
INFO:最終チェックのグリフ 'uni7D32' に交差がある
INFO:最終チェックのグリフ 'uni7D33' に交差がある
INFO:最終チェックのグリフ 'uni7D39' に交差がある
INFO:最終チェックのグリフ 'uni7D3E' に交差がある
INFO:最終チェックのグリフ 'uni7D3F' に交差がある
INFO:最終チェックのグリフ 'uni7D40' に交差がある
INFO:最終チェックのグリフ 'uni7D41' に交差がある
INFO:最終チェックのグリフ 'uni7D42' に交差がある
INFO:最終チェックのグリフ 'uni7D46' に交差がある
INFO:最終チェックのグリフ 'uni7D48' に交差がある
INFO:最終チェックのグリフ 'uni7D4B' に交差がある
INFO:最終チェックのグリフ 'uni7D4F' に交差がある
INFO:最終チェックのグリフ 'uni7D50' に交差がある
INFO:最終チェックのグリフ 'uni7D53' に交差がある
INFO:最終チェックのグリフ 'uni7D56' に交差がある
INFO:最終チェックのグリフ 'uni7D59' に交差がある
INFO:最終チェックのグリフ 'uni7D5A' に交差がある
INFO:最終チェックのグリフ 'uni7D5E' に交差がある
INFO:最終チェックのグリフ 'uni7D61' に交差がある
INFO:最終チェックのグリフ 'uni7D62' に交差がある
INFO:最終チェックのグリフ 'uni7D66' に交差がある
INFO:最終チェックのグリフ 'uni7D68' に交差がある
INFO:最終チェックのグリフ 'uni7D6A' に交差がある
INFO:最終チェックのグリフ 'uni7D6E' に交差がある
INFO:最終チェックのグリフ 'uni7D70' に交差がある
INFO:最終チェックのグリフ 'uni7D72' に交差がある
INFO:最終チェックのグリフ 'uni7D73' に交差がある
INFO:最終チェックのグリフ 'uni7D76' に交差がある
INFO:最終チェックのグリフ 'uni7D79' に交差がある
INFO:最終チェックのグリフ 'uni7D83' に交差がある
INFO:最終チェックのグリフ 'uni7D88' に交差がある
INFO:最終チェックのグリフ 'uni7D89' に交差がある
INFO:最終チェックのグリフ 'uni7D8B' に交差がある
INFO:最終チェックのグリフ 'uni7D8C' に交差がある
INFO:最終チェックのグリフ 'uni7D99' に交差がある
INFO:最終チェックのグリフ 'uni7D9A' に交差がある
INFO:最終チェックのグリフ 'uni7D9B' に交差がある
INFO:最終チェックのグリフ 'uni7D9C' に交差がある
INFO:最終チェックのグリフ 'uni7D9F' に交差がある
INFO:最終チェックのグリフ 'uni7DA2' に交差がある
INFO:最終チェックのグリフ 'uni7DA6' に交差がある
INFO:最終チェックのグリフ 'uni7DA7' に交差がある
INFO:最終チェックのグリフ 'uni7DAA' に交差がある
INFO:最終チェックのグリフ 'uni7DAD' に交差がある
INFO:最終チェックのグリフ 'uni7DAF' に交差がある
INFO:最終チェックのグリフ 'uni7DB0' に交差がある
INFO:最終チェックのグリフ 'uni7DB1' に交差がある
INFO:最終チェックのグリフ 'uni7DB2' に交差がある
INFO:最終チェックのグリフ 'uni7DB7' に交差がある
INFO:最終チェックのグリフ 'uni7DBB' に交差がある
INFO:最終チェックのグリフ 'uni7DBD' に交差がある
INFO:最終チェックのグリフ 'uni7DBF' に交差がある
INFO:最終チェックのグリフ 'uni7DC0' に交差がある
INFO:最終チェックのグリフ 'uni7DC2' に交差がある
INFO:最終チェックのグリフ 'uni7DCB' に交差がある
INFO:最終チェックのグリフ 'uni7DD2' に交差がある
INFO:最終チェックのグリフ 'uni7DD6' に交差がある
INFO:最終チェックのグリフ 'uni7DD7' に交差がある
INFO:最終チェックのグリフ 'uni7DD9' に交差がある
INFO:最終チェックのグリフ 'uni7DDA' に交差がある
INFO:最終チェックのグリフ 'uni7DDD' に交差がある
INFO:最終チェックのグリフ 'uni7DE0' に交差がある
INFO:最終チェックのグリフ 'uni7DE3' に交差がある
INFO:最終チェックのグリフ 'uni7DE4' に交差がある
INFO:最終チェックのグリフ 'uni7DE8' に交差がある
INFO:最終チェックのグリフ 'uni7DE9' に交差がある
INFO:最終チェックのグリフ 'uni7DEF' に交差がある
INFO:最終チェックのグリフ 'uni7DF4' に交差がある
INFO:最終チェックのグリフ 'uni7DF9' に交差がある
INFO:最終チェックのグリフ 'uni7DFB' に交差がある
INFO:最終チェックのグリフ 'uni7E05' に交差がある
INFO:最終チェックのグリフ 'uni7E09' に交差がある
INFO:最終チェックのグリフ 'uni7E0B' に交差がある
INFO:最終チェックのグリフ 'uni7E10' に交差がある
INFO:最終チェックのグリフ 'uni7E11' に交差がある
INFO:最終チェックのグリフ 'uni7E1B' に交差がある
INFO:最終チェックのグリフ 'uni7E1D' に交差がある
INFO:最終チェックのグリフ 'uni7E1E' に交差がある
INFO:最終チェックのグリフ 'uni7E1F' に交差がある
INFO:最終チェックのグリフ 'uni7E21' に交差がある
INFO:最終チェックのグリフ 'uni7E23' に交差がある
INFO:最終チェックのグリフ 'uni7E26' に交差がある
INFO:最終チェックのグリフ 'uni7E2B' に交差がある
INFO:最終チェックのグリフ 'uni7E2C' に交差がある
INFO:最終チェックのグリフ 'uni7E2E' に交差がある
INFO:最終チェックのグリフ 'uni7E31' に交差がある
INFO:最終チェックのグリフ 'uni7E32' に交差がある
INFO:最終チェックのグリフ 'uni7E35' に交差がある
INFO:最終チェックのグリフ 'uni7E37' に交差がある
INFO:最終チェックのグリフ 'uni7E3E' に交差がある
INFO:最終チェックのグリフ 'uni7E41' に交差がある
INFO:最終チェックのグリフ 'uni7E43' に交差がある
INFO:最終チェックのグリフ 'uni7E45' に交差がある
INFO:最終チェックのグリフ 'uni7E47' に交差がある
INFO:最終チェックのグリフ 'uni7E4A' に交差がある
INFO:最終チェックのグリフ 'uni7E4D' に交差がある
INFO:最終チェックのグリフ 'uni7E54' に交差がある
INFO:最終チェックのグリフ 'uni7E55' に交差がある
INFO:最終チェックのグリフ 'uni7E59' に交差がある
INFO:最終チェックのグリフ 'uni7E5A' に交差がある
INFO:最終チェックのグリフ 'uni7E61' に交差がある
INFO:最終チェックのグリフ 'uni7E67' に交差がある
INFO:最終チェックのグリフ 'uni7E6A' に交差がある
INFO:最終チェックのグリフ 'uni7E6B' に交差がある
INFO:最終チェックのグリフ 'uni7E73' に交差がある
INFO:最終チェックのグリフ 'uni7E75' に交差がある
INFO:最終チェックのグリフ 'uni7E79' に交差がある
INFO:最終チェックのグリフ 'uni7E7C' に交差がある
INFO:最終チェックのグリフ 'uni7E7D' に交差がある
INFO:最終チェックのグリフ 'uni7E7F' に交差がある
INFO:最終チェックのグリフ 'uni7E83' に交差がある
INFO:最終チェックのグリフ 'uni7E87' に交差がある
INFO:最終チェックのグリフ 'uni7E88' に交差がある
INFO:最終チェックのグリフ 'uni7E8A' に交差がある
INFO:最終チェックのグリフ 'uni7E8E' に交差がある
INFO:最終チェックのグリフ 'uni7E91' に交差がある
INFO:最終チェックのグリフ 'uni7E92' に交差がある
INFO:最終チェックのグリフ 'uni7E93' に交差がある
INFO:最終チェックのグリフ 'uni7E96' に交差がある
INFO:最終チェックのグリフ 'uni7E98' に交差がある
INFO:最終チェックのグリフ 'uni7E9C' に交差がある
INFO:最終チェックのグリフ 'uni7F38' に交差がある
INFO:最終チェックのグリフ 'uni7F3B' に交差がある
INFO:最終チェックのグリフ 'uni7F3E' に交差がある
INFO:最終チェックのグリフ 'uni7F43' に交差がある
INFO:最終チェックのグリフ 'uni7F47' に交差がある
INFO:最終チェックのグリフ 'uni7F4C' に交差がある
INFO:最終チェックのグリフ 'uni7F4F' に交差がある
INFO:最終チェックのグリフ 'uni7F67' に交差がある
INFO:最終チェックのグリフ 'uni7F6A' に交差がある
INFO:最終チェックのグリフ 'uni7F75' に交差がある
INFO:最終チェックのグリフ 'uni7F7D' に交差がある
INFO:最終チェックのグリフ 'uni7F7E' に交差がある
INFO:最終チェックのグリフ 'uni7F82' に交差がある
INFO:最終チェックのグリフ 'uni7F86' に交差がある
INFO:最終チェックのグリフ 'uni7F88' に交差がある
INFO:最終チェックのグリフ 'uni7F8E' に交差がある
INFO:最終チェックのグリフ 'uni7F91' に交差がある
INFO:最終チェックのグリフ 'uni7F96' に交差がある
INFO:最終チェックのグリフ 'uni7F9A' に交差がある
INFO:最終チェックのグリフ 'uni7F9E' に交差がある
INFO:最終チェックのグリフ 'uni7FA1' に交差がある
INFO:最終チェックのグリフ 'uni7FAF' に交差がある
INFO:最終チェックのグリフ 'uni7FB2' に交差がある
INFO:最終チェックのグリフ 'uni7FBD' に交差がある
INFO:最終チェックのグリフ 'uni7FCA' に交差がある
INFO:最終チェックのグリフ 'uni7FCE' に交差がある
INFO:最終チェックのグリフ 'uni7FCF' に交差がある
INFO:最終チェックのグリフ 'uni7FD5' に交差がある
INFO:最終チェックのグリフ 'uni7FE1' に交差がある
INFO:最終チェックのグリフ 'uni7FE5' に交差がある
INFO:最終チェックのグリフ 'uni7FE6' に交差がある
INFO:最終チェックのグリフ 'uni7FE9' に交差がある
INFO:最終チェックのグリフ 'uni7FEE' に交差がある
INFO:最終チェックのグリフ 'uni7FF0' に交差がある
INFO:最終チェックのグリフ 'uni7FF2' に交差がある
INFO:最終チェックのグリフ 'uni7FFB' に交差がある
INFO:最終チェックのグリフ 'uni800A' に交差がある
INFO:最終チェックのグリフ 'uni800B' に交差がある
INFO:最終チェックのグリフ 'uni800C' に交差がある
INFO:最終チェックのグリフ 'uni8010' に交差がある
INFO:最終チェックのグリフ 'uni8012' に交差がある
INFO:最終チェックのグリフ 'uni8021' に交差がある
INFO:最終チェックのグリフ 'uni8026' に交差がある
INFO:最終チェックのグリフ 'uni802C' に交差がある
INFO:最終チェックのグリフ 'uni8030' に交差がある
INFO:最終チェックのグリフ 'uni8033' に交差がある
INFO:最終チェックのグリフ 'uni8061' に交差がある
INFO:最終チェックのグリフ 'uni8066' に交差がある
INFO:最終チェックのグリフ 'uni8068' に交差がある
INFO:最終チェックのグリフ 'uni8073' に交差がある
INFO:最終チェックのグリフ 'uni8074' に交差がある
INFO:最終チェックのグリフ 'uni8075' に交差がある
INFO:最終チェックのグリフ 'uni808B' に交差がある
INFO:最終チェックのグリフ 'uni808C' に交差がある
INFO:最終チェックのグリフ 'uni809B' に交差がある
INFO:最終チェックのグリフ 'uni80AF' に交差がある
INFO:最終チェックのグリフ 'uni80D9' に交差がある
INFO:最終チェックのグリフ 'uni80E0' に交差がある
INFO:最終チェックのグリフ 'uni80E6' に交差がある
INFO:最終チェックのグリフ 'uni80EF' に交差がある
INFO:最終チェックのグリフ 'uni80F1' に交差がある
INFO:最終チェックのグリフ 'uni80F5' に交差がある
INFO:最終チェックのグリフ 'uni8106' に交差がある
INFO:最終チェックのグリフ 'uni8107' に交差がある
INFO:最終チェックのグリフ 'uni8108' に交差がある
INFO:最終チェックのグリフ 'uni810A' に交差がある
INFO:最終チェックのグリフ 'uni810D' に交差がある
INFO:最終チェックのグリフ 'uni8118' に交差がある
INFO:最終チェックのグリフ 'uni811E' に交差がある
INFO:最終チェックのグリフ 'uni8124' に交差がある
INFO:最終チェックのグリフ 'uni8127' に交差がある
INFO:最終チェックのグリフ 'uni8129' に交差がある
INFO:最終チェックのグリフ 'uni812C' に交差がある
INFO:最終チェックのグリフ 'uni814A' に交差がある
INFO:最終チェックのグリフ 'uni8165' に交差がある
INFO:最終チェックのグリフ 'uni816D' に交差がある
INFO:最終チェックのグリフ 'uni8174' に交差がある
INFO:最終チェックのグリフ 'uni817A' に交差がある
INFO:最終チェックのグリフ 'uni8181' に交差がある
INFO:最終チェックのグリフ 'uni8188' に交差がある
INFO:最終チェックのグリフ 'uni818A' に交差がある
INFO:最終チェックのグリフ 'uni8198' に交差がある
INFO:最終チェックのグリフ 'uni81B2' に交差がある
INFO:最終チェックのグリフ 'uni81B5' に交差がある
INFO:最終チェックのグリフ 'uni81B8' に交差がある
INFO:最終チェックのグリフ 'uni81BF' に交差がある
INFO:最終チェックのグリフ 'uni81C3' に交差がある
INFO:最終チェックのグリフ 'uni81CD' に交差がある
INFO:最終チェックのグリフ 'uni81CF' に交差がある
INFO:最終チェックのグリフ 'uni81D3' に交差がある
INFO:最終チェックのグリフ 'uni81D9' に交差がある
INFO:最終チェックのグリフ 'uni81DA' に交差がある
INFO:最終チェックのグリフ 'uni81E0' に交差がある
INFO:最終チェックのグリフ 'uni81E7' に交差がある
INFO:最終チェックのグリフ 'uni81F4' に交差がある
INFO:最終チェックのグリフ 'uni81FB' に交差がある
INFO:最終チェックのグリフ 'uni8207' に交差がある
INFO:最終チェックのグリフ 'uni8219' に交差がある
INFO:最終チェックのグリフ 'uni821C' に交差がある
INFO:最終チェックのグリフ 'uni822C' に交差がある
INFO:最終チェックのグリフ 'uni8240' に交差がある
INFO:最終チェックのグリフ 'uni8258' に交差がある
INFO:最終チェックのグリフ 'uni8259' に交差がある
INFO:最終チェックのグリフ 'uni8264' に交差がある
INFO:最終チェックのグリフ 'uni826B' に交差がある
INFO:最終チェックのグリフ 'uni8271' に交差がある
INFO:最終チェックのグリフ 'uni8274' に交差がある
INFO:最終チェックのグリフ 'uni829F' に交差がある
INFO:最終チェックのグリフ 'uni82A7' に交差がある
INFO:最終チェックのグリフ 'uni82AC' に交差がある
INFO:最終チェックのグリフ 'uni82AF' に交差がある
INFO:最終チェックのグリフ 'uni82B2' に交差がある
INFO:最終チェックのグリフ 'uni82B4' に交差がある
INFO:最終チェックのグリフ 'uni82D1' に交差がある
INFO:最終チェックのグリフ 'uni82DE' に交差がある
INFO:最終チェックのグリフ 'uni82F3' に交差がある
INFO:最終チェックのグリフ 'uni82FA' に交差がある
INFO:最終チェックのグリフ 'uni82FD' に交差がある
INFO:最終チェックのグリフ 'uni82FE' に交差がある
INFO:最終チェックのグリフ 'uni8302' に交差がある
INFO:最終チェックのグリフ 'uni8305' に交差がある
INFO:最終チェックのグリフ 'uni8306' に交差がある
INFO:最終チェックのグリフ 'uni8318' に交差がある
INFO:最終チェックのグリフ 'uni831B' に交差がある
INFO:最終チェックのグリフ 'uni8331' に交差がある
INFO:最終チェックのグリフ 'uni8332' に交差がある
INFO:最終チェックのグリフ 'uni833C' に交差がある
INFO:最終チェックのグリフ 'uni8340' に交差がある
INFO:最終チェックのグリフ 'uni8347' に交差がある
INFO:最終チェックのグリフ 'uni8350' に交差がある
INFO:最終チェックのグリフ 'uni8354' に交差がある
INFO:最終チェックのグリフ 'uni837B' に交差がある
INFO:最終チェックのグリフ 'uni838A' に交差がある
INFO:最終チェックのグリフ 'uni838D' に交差がある
INFO:最終チェックのグリフ 'uni8393' に交差がある
INFO:最終チェックのグリフ 'uni839A' に交差がある
INFO:最終チェックのグリフ 'uni839F' に交差がある
INFO:最終チェックのグリフ 'uni83A0' に交差がある
INFO:最終チェックのグリフ 'uni83A9' に交差がある
INFO:最終チェックのグリフ 'uni83B1' に交差がある
INFO:最終チェックのグリフ 'uni83BF' に交差がある
INFO:最終チェックのグリフ 'uni83C0' に交差がある
INFO:最終チェックのグリフ 'uni83C7' に交差がある
INFO:最終チェックのグリフ 'uni83CF' に交差がある
INFO:最終チェックのグリフ 'uni83D0' に交差がある
INFO:最終チェックのグリフ 'uni83F0' に交差がある
INFO:最終チェックのグリフ 'uni83F1' に交差がある
INFO:最終チェックのグリフ 'uni83F2' に交差がある
INFO:最終チェックのグリフ 'uni83FB' に交差がある
INFO:最終チェックのグリフ 'uni8404' に交差がある
INFO:最終チェックのグリフ 'uni840A' に交差がある
INFO:最終チェックのグリフ 'uni840C' に交差がある
INFO:最終チェックのグリフ 'uni840F' に交差がある
INFO:最終チェックのグリフ 'uni8420' に交差がある
INFO:最終チェックのグリフ 'uni8438' に交差がある
INFO:最終チェックのグリフ 'uni8439' に交差がある
INFO:最終チェックのグリフ 'uni8449' に交差がある
INFO:最終チェックのグリフ 'uni844E' に交差がある
INFO:最終チェックのグリフ 'uni8459' に交差がある
INFO:最終チェックのグリフ 'uni8470' に交差がある
INFO:最終チェックのグリフ 'uni8479' に交差がある
INFO:最終チェックのグリフ 'uni847A' に交差がある
INFO:最終チェックのグリフ 'uni847C' に交差がある
INFO:最終チェックのグリフ 'uni8481' に交差がある
INFO:最終チェックのグリフ 'uni8494' に交差がある
INFO:最終チェックのグリフ 'uni84B4' に交差がある
INFO:最終チェックのグリフ 'uni84BB' に交差がある
INFO:最終チェックのグリフ 'uni84C0' に交差がある
INFO:最終チェックのグリフ 'uni84C1' に交差がある
INFO:最終チェックのグリフ 'uni84C2' に交差がある
INFO:最終チェックのグリフ 'uni84C9' に交差がある
INFO:最終チェックのグリフ 'uni84CA' に交差がある
INFO:最終チェックのグリフ 'uni84CB' に交差がある
INFO:最終チェックのグリフ 'uni84CF' に交差がある
INFO:最終チェックのグリフ 'uni84D3' に交差がある
INFO:最終チェックのグリフ 'uni84EF' に交差がある
INFO:最終チェックのグリフ 'uni84F0' に交差がある
INFO:最終チェックのグリフ 'uni84F1' に交差がある
INFO:最終チェックのグリフ 'uni84FA' に交差がある
INFO:最終チェックのグリフ 'uni8511' に交差がある
INFO:最終チェックのグリフ 'uni8513' に交差がある
INFO:最終チェックのグリフ 'uni851B' に交差がある
INFO:最終チェックのグリフ 'uni8521' に交差がある
INFO:最終チェックのグリフ 'uni8526' に交差がある
INFO:最終チェックのグリフ 'uni852B' に交差がある
INFO:最終チェックのグリフ 'uni852C' に交差がある
INFO:最終チェックのグリフ 'uni853D' に交差がある
INFO:最終チェックのグリフ 'uni8541' に交差がある
INFO:最終チェックのグリフ 'uni854F' に交差がある
INFO:最終チェックのグリフ 'uni8551' に交差がある
INFO:最終チェックのグリフ 'uni8564' に交差がある
INFO:最終チェックのグリフ 'uni8568' に交差がある
INFO:最終チェックのグリフ 'uni856D' に交差がある
INFO:最終チェックのグリフ 'uni8593' に交差がある
INFO:最終チェックのグリフ 'uni8597' に交差がある
INFO:最終チェックのグリフ 'uni8599' に交差がある
INFO:最終チェックのグリフ 'uni859D' に交差がある
INFO:最終チェックのグリフ 'uni85A6' に交差がある
INFO:最終チェックのグリフ 'uni85A9' に交差がある
INFO:最終チェックのグリフ 'uni85AE' に交差がある
INFO:最終チェックのグリフ 'uni85BA' に交差がある
INFO:最終チェックのグリフ 'uni85CA' に交差がある
INFO:最終チェックのグリフ 'uni85D8' に交差がある
INFO:最終チェックのグリフ 'uni85E4' に交差がある
INFO:最終チェックのグリフ 'uni85E9' に交差がある
INFO:最終チェックのグリフ 'uni85ED' に交差がある
INFO:最終チェックのグリフ 'uni85F6' に交差がある
INFO:最終チェックのグリフ 'uni85FE' に交差がある
INFO:最終チェックのグリフ 'uni8600' に交差がある
INFO:最終チェックのグリフ 'uni8602' に交差がある
INFO:最終チェックのグリフ 'uni860A' に交差がある
INFO:最終チェックのグリフ 'uni8621' に交差がある
INFO:最終チェックのグリフ 'uni8624' に交差がある
INFO:最終チェックのグリフ 'uni863C' に交差がある
INFO:最終チェックのグリフ 'uni8640' に交差がある
INFO:最終チェックのグリフ 'uni8641' に交差がある
INFO:最終チェックのグリフ 'uni865C' に交差がある
INFO:最終チェックのグリフ 'uni8671' に交差がある
INFO:最終チェックのグリフ 'uni8677' に交差がある
INFO:最終チェックのグリフ 'uni8679' に交差がある
INFO:最終チェックのグリフ 'uni867B' に交差がある
INFO:最終チェックのグリフ 'uni8687' に交差がある
INFO:最終チェックのグリフ 'uni868D' に交差がある
INFO:最終チェックのグリフ 'uni8691' に交差がある
INFO:最終チェックのグリフ 'uni86A4' に交差がある
INFO:最終チェックのグリフ 'uni86AB' に交差がある
INFO:最終チェックのグリフ 'uni86B0' に交差がある
INFO:最終チェックのグリフ 'uni86C1' に交差がある
INFO:最終チェックのグリフ 'uni86C6' に交差がある
INFO:最終チェックのグリフ 'uni86E3' に交差がある
INFO:最終チェックのグリフ 'uni86E9' に交差がある
INFO:最終チェックのグリフ 'uni86F8' に交差がある
INFO:最終チェックのグリフ 'uni86FA' に交差がある
INFO:最終チェックのグリフ 'uni86FB' に交差がある
INFO:最終チェックのグリフ 'uni86FD' に交差がある
INFO:最終チェックのグリフ 'uni8703' に交差がある
INFO:最終チェックのグリフ 'uni8705' に交差がある
INFO:最終チェックのグリフ 'uni8706' に交差がある
INFO:最終チェックのグリフ 'uni8707' に交差がある
INFO:最終チェックのグリフ 'uni870A' に交差がある
INFO:最終チェックのグリフ 'uni8710' に交差がある
INFO:最終チェックのグリフ 'uni8712' に交差がある
INFO:最終チェックのグリフ 'uni8713' に交差がある
INFO:最終チェックのグリフ 'uni871A' に交差がある
INFO:最終チェックのグリフ 'uni8734' に交差がある
INFO:最終チェックのグリフ 'uni874E' に交差がある
INFO:最終チェックのグリフ 'uni875F' に交差がある
INFO:最終チェックのグリフ 'uni8760' に交差がある
INFO:最終チェックのグリフ 'uni8771' に交差がある
INFO:最終チェックのグリフ 'uni8772' に交差がある
INFO:最終チェックのグリフ 'uni8778' に交差がある
INFO:最終チェックのグリフ 'uni8787' に交差がある
INFO:最終チェックのグリフ 'uni8788' に交差がある
INFO:最終チェックのグリフ 'uni8789' に交差がある
INFO:最終チェックのグリフ 'uni8793' に交差がある
INFO:最終チェックのグリフ 'uni87A0' に交差がある
INFO:最終チェックのグリフ 'uni87B3' に交差がある
INFO:最終チェックのグリフ 'uni87BE' に交差がある
INFO:最終チェックのグリフ 'uni87C1' に交差がある
INFO:最終チェックのグリフ 'uni87DF' に交差がある
INFO:最終チェックのグリフ 'uni87E3' に交差がある
INFO:最終チェックのグリフ 'uni87E5' に交差がある
INFO:最終チェックのグリフ 'uni87ED' に交差がある
INFO:最終チェックのグリフ 'uni87F6' に交差がある
INFO:最終チェックのグリフ 'uni8805' に交差がある
INFO:最終チェックのグリフ 'uni8806' に交差がある
INFO:最終チェックのグリフ 'uni880D' に交差がある
INFO:最終チェックのグリフ 'uni8821' に交差がある
INFO:最終チェックのグリフ 'uni8822' に交差がある
INFO:最終チェックのグリフ 'uni8823' に交差がある
INFO:最終チェックのグリフ 'uni8827' に交差がある
INFO:最終チェックのグリフ 'uni882E' に交差がある
INFO:最終チェックのグリフ 'uni8831' に交差がある
INFO:最終チェックのグリフ 'uni8836' に交差がある
INFO:最終チェックのグリフ 'uni8839' に交差がある
INFO:最終チェックのグリフ 'uni883C' に交差がある
INFO:最終チェックのグリフ 'uni884C' に交差がある
INFO:最終チェックのグリフ 'uni8858' に交差がある
INFO:最終チェックのグリフ 'uni8859' に交差がある
INFO:最終チェックのグリフ 'uni885B' に交差がある
INFO:最終チェックのグリフ 'uni885D' に交差がある
INFO:最終チェックのグリフ 'uni8863' に交差がある
INFO:最終チェックのグリフ 'uni886F' に交差がある
INFO:最終チェックのグリフ 'uni888B' に交差がある
INFO:最終チェックのグリフ 'uni8897' に交差がある
INFO:最終チェックのグリフ 'uni88A4' に交差がある
INFO:最終チェックのグリフ 'uni88B0' に交差がある
INFO:最終チェックのグリフ 'uni88BD' に交差がある
INFO:最終チェックのグリフ 'uni88C2' に交差がある
INFO:最終チェックのグリフ 'uni88C4' に交差がある
INFO:最終チェックのグリフ 'uni88C5' に交差がある
INFO:最終チェックのグリフ 'uni88D1' に交差がある
INFO:最終チェックのグリフ 'uni88D2' に交差がある
INFO:最終チェックのグリフ 'uni88D4' に交差がある
INFO:最終チェックのグリフ 'uni88F0' に交差がある
INFO:最終チェックのグリフ 'uni88F2' に交差がある
INFO:最終チェックのグリフ 'uni88F3' に交差がある
INFO:最終チェックのグリフ 'uni88F5' に交差がある
INFO:最終チェックのグリフ 'uni88FC' に交差がある
INFO:最終チェックのグリフ 'uni8927' に交差がある
INFO:最終チェックのグリフ 'uni892A' に交差がある
INFO:最終チェックのグリフ 'uni8937' に交差がある
INFO:最終チェックのグリフ 'uni8938' に交差がある
INFO:最終チェックのグリフ 'uni8939' に交差がある
INFO:最終チェックのグリフ 'uni8943' に交差がある
INFO:最終チェックのグリフ 'uni8945' に交差がある
INFO:最終チェックのグリフ 'uni895F' に交差がある
INFO:最終チェックのグリフ 'uni8964' に交差がある
INFO:最終チェックのグリフ 'uni896F' に交差がある
INFO:最終チェックのグリフ 'uni8989' に交差がある
INFO:最終チェックのグリフ 'uni898B' に交差がある
INFO:最終チェックのグリフ 'uni8997' に交差がある
INFO:最終チェックのグリフ 'uni8998' に交差がある
INFO:最終チェックのグリフ 'uni89A1' に交差がある
INFO:最終チェックのグリフ 'uni89A7' に交差がある
INFO:最終チェックのグリフ 'uni89A9' に交差がある
INFO:最終チェックのグリフ 'uni89B0' に交差がある
INFO:最終チェックのグリフ 'uni89B2' に交差がある
INFO:最終チェックのグリフ 'uni89BA' に交差がある
INFO:最終チェックのグリフ 'uni89BD' に交差がある
INFO:最終チェックのグリフ 'uni89DA' に交差がある
INFO:最終チェックのグリフ 'uni89EB' に交差がある
INFO:最終チェックのグリフ 'uni89F1' に交差がある
INFO:最終チェックのグリフ 'uni89F3' に交差がある
INFO:最終チェックのグリフ 'uni89F4' に交差がある
INFO:最終チェックのグリフ 'uni89FD' に交差がある
INFO:最終チェックのグリフ 'uni8A55' に交差がある
INFO:最終チェックのグリフ 'uni8A5E' に交差がある
INFO:最終チェックのグリフ 'uni8A60' に交差がある
INFO:最終チェックのグリフ 'uni8A69' に交差がある
INFO:最終チェックのグリフ 'uni8A79' に交差がある
INFO:最終チェックのグリフ 'uni8A90' に交差がある
INFO:最終チェックのグリフ 'uni8A98' に交差がある
INFO:最終チェックのグリフ 'uni8AA7' に交差がある
INFO:最終チェックのグリフ 'uni8AB7' に交差がある
INFO:最終チェックのグリフ 'uni8AC7' に交差がある
INFO:最終チェックのグリフ 'uni8ACB' に交差がある
INFO:最終チェックのグリフ 'uni8AD6' に交差がある
INFO:最終チェックのグリフ 'uni8AE6' に交差がある
INFO:最終チェックのグリフ 'uni8AED' に交差がある
INFO:最終チェックのグリフ 'uni8AFA' に交差がある
INFO:最終チェックのグリフ 'uni8B05' に交差がある
INFO:最終チェックのグリフ 'uni8B0C' に交差がある
INFO:最終チェックのグリフ 'uni8B17' に交差がある
INFO:最終チェックのグリフ 'uni8B1C' に交差がある
INFO:最終チェックのグリフ 'uni8B1D' に交差がある
INFO:最終チェックのグリフ 'uni8B21' に交差がある
INFO:最終チェックのグリフ 'uni8B26' に交差がある
INFO:最終チェックのグリフ 'uni8B2B' に交差がある
INFO:最終チェックのグリフ 'uni8B4E' に交差がある
INFO:最終チェックのグリフ 'uni8B66' に交差がある
INFO:最終チェックのグリフ 'uni8B69' に交差がある
INFO:最終チェックのグリフ 'uni8B6B' に交差がある
INFO:最終チェックのグリフ 'uni8B74' に交差がある
INFO:最終チェックのグリフ 'uni8B7F' に交差がある
INFO:最終チェックのグリフ 'uni8B8A' に交差がある
INFO:最終チェックのグリフ 'uni8C39' に交差がある
INFO:最終チェックのグリフ 'uni8C3D' に交差がある
INFO:最終チェックのグリフ 'uni8C45' に交差がある
INFO:最終チェックのグリフ 'uni8C49' に交差がある
INFO:最終チェックのグリフ 'uni8C54' に交差がある
INFO:最終チェックのグリフ 'uni8C5A' に交差がある
INFO:最終チェックのグリフ 'uni8C68' に交差がある
INFO:最終チェックのグリフ 'uni8C69' に交差がある
INFO:最終チェックのグリフ 'uni8C6C' に交差がある
INFO:最終チェックのグリフ 'uni8C73' に交差がある
INFO:最終チェックのグリフ 'uni8C79' に交差がある
INFO:最終チェックのグリフ 'uni8C7C' に交差がある
INFO:最終チェックのグリフ 'uni8C82' に交差がある
INFO:最終チェックのグリフ 'uni8C8E' に交差がある
INFO:最終チェックのグリフ 'uni8C93' に交差がある
INFO:最終チェックのグリフ 'uni8C9B' に交差がある
INFO:最終チェックのグリフ 'uni8C9D' に交差がある
INFO:最終チェックのグリフ 'uni8CA7' に交差がある
INFO:最終チェックのグリフ 'uni8CAD' に交差がある
INFO:最終チェックのグリフ 'uni8CB0' に交差がある
INFO:最終チェックのグリフ 'uni8CB4' に交差がある
INFO:最終チェックのグリフ 'uni8CB7' に交差がある
INFO:最終チェックのグリフ 'uni8CBF' に交差がある
INFO:最終チェックのグリフ 'uni8CC2' に交差がある
INFO:最終チェックのグリフ 'uni8CC7' に交差がある
INFO:最終チェックのグリフ 'uni8CC8' に交差がある
INFO:最終チェックのグリフ 'uni8CCE' に交差がある
INFO:最終チェックのグリフ 'uni8CD1' に交差がある
INFO:最終チェックのグリフ 'uni8CD6' に交差がある
INFO:最終チェックのグリフ 'uni8CDA' に交差がある
INFO:最終チェックのグリフ 'uni8CDB' に交差がある
INFO:最終チェックのグリフ 'uni8CFA' に交差がある
INFO:最終チェックのグリフ 'uni8CFB' に交差がある
INFO:最終チェックのグリフ 'uni8D04' に交差がある
INFO:最終チェックのグリフ 'uni8D05' に交差がある
INFO:最終チェックのグリフ 'uni8D07' に交差がある
INFO:最終チェックのグリフ 'uni8D0A' に交差がある
INFO:最終チェックのグリフ 'uni8D0E' に交差がある
INFO:最終チェックのグリフ 'uni8D10' に交差がある
INFO:最終チェックのグリフ 'uni8D12' に交差がある
INFO:最終チェックのグリフ 'uni8D16' に交差がある
INFO:最終チェックのグリフ 'uni8D66' に交差がある
INFO:最終チェックのグリフ 'uni8D67' に交差がある
INFO:最終チェックのグリフ 'uni8D77' に交差がある
INFO:最終チェックのグリフ 'uni8DA3' に交差がある
INFO:最終チェックのグリフ 'uni8DD9' に交差がある
INFO:最終チェックのグリフ 'uni8DEF' に交差がある
INFO:最終チェックのグリフ 'uni8DFD' に交差がある
INFO:最終チェックのグリフ 'uni8E09' に交差がある
INFO:最終チェックのグリフ 'uni8E27' に交差がある
INFO:最終チェックのグリフ 'uni8E2A' に交差がある
INFO:最終チェックのグリフ 'uni8E39' に交差がある
INFO:最終チェックのグリフ 'uni8E44' に交差がある
INFO:最終チェックのグリフ 'uni8E4B' に交差がある
INFO:最終チェックのグリフ 'uni8E59' に交差がある
INFO:最終チェックのグリフ 'uni8E5F' に交差がある
INFO:最終チェックのグリフ 'uni8E62' に交差がある
INFO:最終チェックのグリフ 'uni8E63' に交差がある
INFO:最終チェックのグリフ 'uni8E6C' に交差がある
INFO:最終チェックのグリフ 'uni8E6D' に交差がある
INFO:最終チェックのグリフ 'uni8E72' に交差がある
INFO:最終チェックのグリフ 'uni8E7B' に交差がある
INFO:最終チェックのグリフ 'uni8E84' に交差がある
INFO:最終チェックのグリフ 'uni8E85' に交差がある
INFO:最終チェックのグリフ 'uni8E98' に交差がある
INFO:最終チェックのグリフ 'uni8EB5' に交差がある
INFO:最終チェックのグリフ 'uni8EBB' に交差がある
INFO:最終チェックのグリフ 'uni8EC0' に交差がある
INFO:最終チェックのグリフ 'uni8ED4' に交差がある
INFO:最終チェックのグリフ 'uni8EE2' に交差がある
INFO:最終チェックのグリフ 'uni8F17' に交差がある
INFO:最終チェックのグリフ 'uni8F1D' に交差がある
INFO:最終チェックのグリフ 'uni8F1F' に交差がある
INFO:最終チェックのグリフ 'uni8F38' に交差がある
INFO:最終チェックのグリフ 'uni8F3F' に交差がある
INFO:最終チェックのグリフ 'uni8F49' に交差がある
INFO:最終チェックのグリフ 'uni8F4D' に交差がある
INFO:最終チェックのグリフ 'uni8F54' に交差がある
INFO:最終チェックのグリフ 'uni8F57' に交差がある
INFO:最終チェックのグリフ 'uni8F5C' に交差がある
INFO:最終チェックのグリフ 'uni8F61' に交差がある
INFO:最終チェックのグリフ 'uni8F62' に交差がある
INFO:最終チェックのグリフ 'uni8F64' に交差がある
INFO:最終チェックのグリフ 'uni8F9E' に交差がある
INFO:最終チェックのグリフ 'uni8FA8' に交差がある
INFO:最終チェックのグリフ 'uni8FAE' に交差がある
INFO:最終チェックのグリフ 'uni8FAF' に交差がある
INFO:最終チェックのグリフ 'uni8FB1' に交差がある
INFO:最終チェックのグリフ 'uni8FB2' に交差がある
INFO:最終チェックのグリフ 'uni8FB6' に交差がある
INFO:最終チェックのグリフ 'uni8FC4' に交差がある
INFO:最終チェックのグリフ 'uni8FD4' に交差がある
INFO:最終チェックのグリフ 'uni8FE4' に交差がある
INFO:最終チェックのグリフ 'uni8FE9' に交差がある
INFO:最終チェックのグリフ 'uni8FEE' に交差がある
INFO:最終チェックのグリフ 'uni8FF1' に交差がある
INFO:最終チェックのグリフ 'uni8FF5' に交差がある
INFO:最終チェックのグリフ 'uni8FF8' に交差がある
INFO:最終チェックのグリフ 'uni8FFB' に交差がある
INFO:最終チェックのグリフ 'uni8FFD' に交差がある
INFO:最終チェックのグリフ 'uni9001' に交差がある
INFO:最終チェックのグリフ 'uni9003' に交差がある
INFO:最終チェックのグリフ 'uni9008' に交差がある
INFO:最終チェックのグリフ 'uni900D' に交差がある
INFO:最終チェックのグリフ 'uni9015' に交差がある
INFO:最終チェックのグリフ 'uni9016' に交差がある
INFO:最終チェックのグリフ 'uni9017' に交差がある
INFO:最終チェックのグリフ 'uni9019' に交差がある
INFO:最終チェックのグリフ 'uni9020' に交差がある
INFO:最終チェックのグリフ 'uni9027' に交差がある
INFO:最終チェックのグリフ 'uni903E' に交差がある
INFO:最終チェックのグリフ 'uni904A' に交差がある
INFO:最終チェックのグリフ 'uni9051' に交差がある
INFO:最終チェックのグリフ 'uni9055' に交差がある
INFO:最終チェックのグリフ 'uni9059' に交差がある
INFO:最終チェックのグリフ 'uni905C' に交差がある
INFO:最終チェックのグリフ 'uni9061' に交差がある
INFO:最終チェックのグリフ 'uni9075' に交差がある
INFO:最終チェックのグリフ 'uni907C' に交差がある
INFO:最終チェックのグリフ 'uni9088' に交差がある
INFO:最終チェックのグリフ 'uni908F' に交差がある
INFO:最終チェックのグリフ 'uni9090' に交差がある
INFO:最終チェックのグリフ 'uni909B' に交差がある
INFO:最終チェックのグリフ 'uni90B8' に交差がある
INFO:最終チェックのグリフ 'uni90BE' に交差がある
INFO:最終チェックのグリフ 'uni90C4' に交差がある
INFO:最終チェックのグリフ 'uni90CE' に交差がある
INFO:最終チェックのグリフ 'uni90D7' に交差がある
INFO:最終チェックのグリフ 'uni90DF' に交差がある
INFO:最終チェックのグリフ 'uni90ED' に交差がある
INFO:最終チェックのグリフ 'uni90F7' に交差がある
INFO:最終チェックのグリフ 'uni9112' に交差がある
INFO:最終チェックのグリフ 'uni9114' に交差がある
INFO:最終チェックのグリフ 'uni9122' に交差がある
INFO:最終チェックのグリフ 'uni9130' に交差がある
INFO:最終チェックのグリフ 'uni9147' に交差がある
INFO:最終チェックのグリフ 'uni9165' に交差がある
INFO:最終チェックのグリフ 'uni9174' に交差がある
INFO:最終チェックのグリフ 'uni9187' に交差がある
INFO:最終チェックのグリフ 'uni918E' に交差がある
INFO:最終チェックのグリフ 'uni9190' に交差がある
INFO:最終チェックのグリフ 'uni91A2' に交差がある
INFO:最終チェックのグリフ 'uni91C6' に交差がある
INFO:最終チェックのグリフ 'uni91C9' に交差がある
INFO:最終チェックのグリフ 'uni91D8' に交差がある
INFO:最終チェックのグリフ 'uni91DA' に交差がある
INFO:最終チェックのグリフ 'uni91DB' に交差がある
INFO:最終チェックのグリフ 'uni91DE' に交差がある
INFO:最終チェックのグリフ 'uni91DF' に交差がある
INFO:最終チェックのグリフ 'uni91E3' に交差がある
INFO:最終チェックのグリフ 'uni91EC' に交差がある
INFO:最終チェックのグリフ 'uni91F1' に交差がある
INFO:最終チェックのグリフ 'uni91FF' に交差がある
INFO:最終チェックのグリフ 'uni9201' に交差がある
INFO:最終チェックのグリフ 'uni9206' に交差がある
INFO:最終チェックのグリフ 'uni9207' に交差がある
INFO:最終チェックのグリフ 'uni920A' に交差がある
INFO:最終チェックのグリフ 'uni920D' に交差がある
INFO:最終チェックのグリフ 'uni9210' に交差がある
INFO:最終チェックのグリフ 'uni9211' に交差がある
INFO:最終チェックのグリフ 'uni9214' に交差がある
INFO:最終チェックのグリフ 'uni9215' に交差がある
INFO:最終チェックのグリフ 'uni9216' に交差がある
INFO:最終チェックのグリフ 'uni922C' に交差がある
INFO:最終チェックのグリフ 'uni9238' に交差がある
INFO:最終チェックのグリフ 'uni9239' に交差がある
INFO:最終チェックのグリフ 'uni9242' に交差がある
INFO:最終チェックのグリフ 'uni9245' に交差がある
INFO:最終チェックのグリフ 'uni9247' に交差がある
INFO:最終チェックのグリフ 'uni9249' に交差がある
INFO:最終チェックのグリフ 'uni924A' に交差がある
INFO:最終チェックのグリフ 'uni924B' に交差がある
INFO:最終チェックのグリフ 'uni924F' に交差がある
INFO:最終チェックのグリフ 'uni9250' に交差がある
INFO:最終チェックのグリフ 'uni9251' に交差がある
INFO:最終チェックのグリフ 'uni9256' に交差がある
INFO:最終チェックのグリフ 'uni9257' に交差がある
INFO:最終チェックのグリフ 'uni9259' に交差がある
INFO:最終チェックのグリフ 'uni925A' に交差がある
INFO:最終チェックのグリフ 'uni925E' に交差がある
INFO:最終チェックのグリフ 'uni9261' に交差がある
INFO:最終チェックのグリフ 'uni9262' に交差がある
INFO:最終チェックのグリフ 'uni9265' に交差がある
INFO:最終チェックのグリフ 'uni9268' に交差がある
INFO:最終チェックのグリフ 'uni9277' に交差がある
INFO:最終チェックのグリフ 'uni9278' に交差がある
INFO:最終チェックのグリフ 'uni927C' に交差がある
INFO:最終チェックのグリフ 'uni927D' に交差がある
INFO:最終チェックのグリフ 'uni927F' に交差がある
INFO:最終チェックのグリフ 'uni9285' に交差がある
INFO:最終チェックのグリフ 'uni9289' に交差がある
INFO:最終チェックのグリフ 'uni9296' に交差がある
INFO:最終チェックのグリフ 'uni9297' に交差がある
INFO:最終チェックのグリフ 'uni9298' に交差がある
INFO:最終チェックのグリフ 'uni9299' に交差がある
INFO:最終チェックのグリフ 'uni92AB' に交差がある
INFO:最終チェックのグリフ 'uni92AD' に交差がある
INFO:最終チェックのグリフ 'uni92B2' に交差がある
INFO:最終チェックのグリフ 'uni92B9' に交差がある
INFO:最終チェックのグリフ 'uni92BF' に交差がある
INFO:最終チェックのグリフ 'uni92C2' に交差がある
INFO:最終チェックのグリフ 'uni92CC' に交差がある
INFO:最終チェックのグリフ 'uni92CE' に交差がある
INFO:最終チェックのグリフ 'uni92CF' に交差がある
INFO:最終チェックのグリフ 'uni92D3' に交差がある
INFO:最終チェックのグリフ 'uni92D5' に交差がある
INFO:最終チェックのグリフ 'uni92D9' に交差がある
INFO:最終チェックのグリフ 'uni92E0' に交差がある
INFO:最終チェックのグリフ 'uni92EA' に交差がある
INFO:最終チェックのグリフ 'uni92ED' に交差がある
INFO:最終チェックのグリフ 'uni92F8' に交差がある
INFO:最終チェックのグリフ 'uni92F9' に交差がある
INFO:最終チェックのグリフ 'uni92FA' に交差がある
INFO:最終チェックのグリフ 'uni92FC' に交差がある
INFO:最終チェックのグリフ 'uni92FF' に交差がある
INFO:最終チェックのグリフ 'uni9302' に交差がある
INFO:最終チェックのグリフ 'uni9306' に交差がある
INFO:最終チェックのグリフ 'uni930D' に交差がある
INFO:最終チェックのグリフ 'uni9310' に交差がある
INFO:最終チェックのグリフ 'uni9311' に交差がある
INFO:最終チェックのグリフ 'uni9315' に交差がある
INFO:最終チェックのグリフ 'uni9318' に交差がある
INFO:最終チェックのグリフ 'uni931A' に交差がある
INFO:最終チェックのグリフ 'uni931D' に交差がある
INFO:最終チェックのグリフ 'uni931E' に交差がある
INFO:最終チェックのグリフ 'uni9321' に交差がある
INFO:最終チェックのグリフ 'uni9322' に交差がある
INFO:最終チェックのグリフ 'uni9323' に交差がある
INFO:最終チェックのグリフ 'uni932B' に交差がある
INFO:最終チェックのグリフ 'uni9332' に交差がある
INFO:最終チェックのグリフ 'uni9335' に交差がある
INFO:最終チェックのグリフ 'uni933A' に交差がある
INFO:最終チェックのグリフ 'uni933B' に交差がある
INFO:最終チェックのグリフ 'uni9344' に交差がある
INFO:最終チェックのグリフ 'uni9347' に交差がある
INFO:最終チェックのグリフ 'uni9348' に交差がある
INFO:最終チェックのグリフ 'uni9349' に交差がある
INFO:最終チェックのグリフ 'uni934A' に交差がある
INFO:最終チェックのグリフ 'uni934B' に交差がある
INFO:最終チェックのグリフ 'uni934D' に交差がある
INFO:最終チェックのグリフ 'uni9351' に交差がある
INFO:最終チェックのグリフ 'uni9354' に交差がある
INFO:最終チェックのグリフ 'uni9357' に交差がある
INFO:最終チェックのグリフ 'uni935B' に交差がある
INFO:最終チェックのグリフ 'uni935C' に交差がある
INFO:最終チェックのグリフ 'uni9364' に交差がある
INFO:最終チェックのグリフ 'uni9365' に交差がある
INFO:最終チェックのグリフ 'uni936C' に交差がある
INFO:最終チェックのグリフ 'uni936E' に交差がある
INFO:最終チェックのグリフ 'uni9375' に交差がある
INFO:最終チェックのグリフ 'uni937E' に交差がある
INFO:最終チェックのグリフ 'uni9388' に交差がある
INFO:最終チェックのグリフ 'uni938C' に交差がある
INFO:最終チェックのグリフ 'uni9394' に交差がある
INFO:最終チェックのグリフ 'uni9396' に交差がある
INFO:最終チェックのグリフ 'uni93A1' に交差がある
INFO:最終チェックのグリフ 'uni93A4' に交差がある
INFO:最終チェックのグリフ 'uni93AD' に交差がある
INFO:最終チェックのグリフ 'uni93AE' に交差がある
INFO:最終チェックのグリフ 'uni93B0' に交差がある
INFO:最終チェックのグリフ 'uni93BA' に交差がある
INFO:最終チェックのグリフ 'uni93C1' に交差がある
INFO:最終チェックのグリフ 'uni93C6' に交差がある
INFO:最終チェックのグリフ 'uni93C7' に交差がある
INFO:最終チェックのグリフ 'uni93C8' に交差がある
INFO:最終チェックのグリフ 'uni93D0' に交差がある
INFO:最終チェックのグリフ 'uni93D1' に交差がある
INFO:最終チェックのグリフ 'uni93D8' に交差がある
INFO:最終チェックのグリフ 'uni93DC' に交差がある
INFO:最終チェックのグリフ 'uni93DD' に交差がある
INFO:最終チェックのグリフ 'uni93DE' に交差がある
INFO:最終チェックのグリフ 'uni93DF' に交差がある
INFO:最終チェックのグリフ 'uni93E1' に交差がある
INFO:最終チェックのグリフ 'uni93E2' に交差がある
INFO:最終チェックのグリフ 'uni93E7' に交差がある
INFO:最終チェックのグリフ 'uni93F5' に交差がある
INFO:最終チェックのグリフ 'uni93F8' に交差がある
INFO:最終チェックのグリフ 'uni93FB' に交差がある
INFO:最終チェックのグリフ 'uni9403' に交差がある
INFO:最終チェックのグリフ 'uni9409' に交差がある
INFO:最終チェックのグリフ 'uni9410' に交差がある
INFO:最終チェックのグリフ 'uni9414' に交差がある
INFO:最終チェックのグリフ 'uni9417' に交差がある
INFO:最終チェックのグリフ 'uni9418' に交差がある
INFO:最終チェックのグリフ 'uni9419' に交差がある
INFO:最終チェックのグリフ 'uni941A' に交差がある
INFO:最終チェックのグリフ 'uni942B' に交差がある
INFO:最終チェックのグリフ 'uni9431' に交差がある
INFO:最終チェックのグリフ 'uni9432' に交差がある
INFO:最終チェックのグリフ 'uni9433' に交差がある
INFO:最終チェックのグリフ 'uni9438' に交差がある
INFO:最終チェックのグリフ 'uni943A' に交差がある
INFO:最終チェックのグリフ 'uni9445' に交差がある
INFO:最終チェックのグリフ 'uni9448' に交差がある
INFO:最終チェックのグリフ 'uni944A' に交差がある
INFO:最終チェックのグリフ 'uni9451' に交差がある
INFO:最終チェックのグリフ 'uni945A' に交差がある
INFO:最終チェックのグリフ 'uni945E' に交差がある
INFO:最終チェックのグリフ 'uni9460' に交差がある
INFO:最終チェックのグリフ 'uni9463' に交差がある
INFO:最終チェックのグリフ 'uni946A' に交差がある
INFO:最終チェックのグリフ 'uni946F' に交差がある
INFO:最終チェックのグリフ 'uni9470' に交差がある
INFO:最終チェックのグリフ 'uni9472' に交差がある
INFO:最終チェックのグリフ 'uni947C' に交差がある
INFO:最終チェックのグリフ 'uni958A' に交差がある
INFO:最終チェックのグリフ 'uni9593' に交差がある
INFO:最終チェックのグリフ 'uni9598' に交差がある
INFO:最終チェックのグリフ 'uni9599' に交差がある
INFO:最終チェックのグリフ 'uni959F' に交差がある
INFO:最終チェックのグリフ 'uni95A6' に交差がある
INFO:最終チェックのグリフ 'uni95C3' に交差がある
INFO:最終チェックのグリフ 'uni95CB' に交差がある
INFO:最終チェックのグリフ 'uni95CD' に交差がある
INFO:最終チェックのグリフ 'uni95E2' に交差がある
INFO:最終チェックのグリフ 'uni962F' に交差がある
INFO:最終チェックのグリフ 'uni963B' に交差がある
INFO:最終チェックのグリフ 'uni9670' に交差がある
INFO:最終チェックのグリフ 'uni9676' に交差がある
INFO:最終チェックのグリフ 'uni9677' に交差がある
INFO:最終チェックのグリフ 'uni9682' に交差がある
INFO:最終チェックのグリフ 'uni9685' に交差がある
INFO:最終チェックのグリフ 'uni9686' に交差がある
INFO:最終チェックのグリフ 'uni9698' に交差がある
INFO:最終チェックのグリフ 'uni969A' に交差がある
INFO:最終チェックのグリフ 'uni969B' に交差がある
INFO:最終チェックのグリフ 'uni969D' に交差がある
INFO:最終チェックのグリフ 'uni96A3' に交差がある
INFO:最終チェックのグリフ 'uni96B1' に交差がある
INFO:最終チェックのグリフ 'uni96B4' に交差がある
INFO:最終チェックのグリフ 'uni96B9' に交差がある
INFO:最終チェックのグリフ 'uni96BB' に交差がある
INFO:最終チェックのグリフ 'uni96C4' に交差がある
INFO:最終チェックのグリフ 'uni96C6' に交差がある
INFO:最終チェックのグリフ 'uni96CB' に交差がある
INFO:最終チェックのグリフ 'uni96CE' に交差がある
INFO:最終チェックのグリフ 'uni96D1' に交差がある
INFO:最終チェックのグリフ 'uni9707' に交差がある
INFO:最終チェックのグリフ 'uni970A' に交差がある
INFO:最終チェックのグリフ 'uni9713' に交差がある
INFO:最終チェックのグリフ 'uni9723' に交差がある
INFO:最終チェックのグリフ 'uni972A' に交差がある
INFO:最終チェックのグリフ 'uni9732' に交差がある
INFO:最終チェックのグリフ 'uni9736' に交差がある
INFO:最終チェックのグリフ 'uni973D' に交差がある
INFO:最終チェックのグリフ 'uni9742' に交差がある
INFO:最終チェックのグリフ 'uni975A' に交差がある
INFO:最終チェックのグリフ 'uni975C' に交差がある
INFO:最終チェックのグリフ 'uni9761' に交差がある
INFO:最終チェックのグリフ 'uni976D' に交差がある
INFO:最終チェックのグリフ 'uni9786' に交差がある
INFO:最終チェックのグリフ 'uni978F' に交差がある
INFO:最終チェックのグリフ 'uni979A' に交差がある
INFO:最終チェックのグリフ 'uni97B4' に交差がある
INFO:最終チェックのグリフ 'uni97BA' に交差がある
INFO:最終チェックのグリフ 'uni97DB' に交差がある
INFO:最終チェックのグリフ 'uni97DE' に交差がある
INFO:最終チェックのグリフ 'uni97F2' に交差がある
INFO:最終チェックのグリフ 'uni97FB' に交差がある
INFO:最終チェックのグリフ 'uni9806' に交差がある
INFO:最終チェックのグリフ 'uni9808' に交差がある
INFO:最終チェックのグリフ 'uni9812' に交差がある
INFO:最終チェックのグリフ 'uni9817' に交差がある
INFO:最終チェックのグリフ 'uni9821' に交差がある
INFO:最終チェックのグリフ 'uni982C' に交差がある
INFO:最終チェックのグリフ 'uni982D' に交差がある
INFO:最終チェックのグリフ 'uni983B' に交差がある
INFO:最終チェックのグリフ 'uni983D' に交差がある
INFO:最終チェックのグリフ 'uni9847' に交差がある
INFO:最終チェックのグリフ 'uni984F' に交差がある
INFO:最終チェックのグリフ 'uni9853' に交差がある
INFO:最終チェックのグリフ 'uni9857' に交差がある
INFO:最終チェックのグリフ 'uni9858' に交差がある
INFO:最終チェックのグリフ 'uni985B' に交差がある
INFO:最終チェックのグリフ 'uni986F' に交差がある
INFO:最終チェックのグリフ 'uni9870' に交差がある
INFO:最終チェックのグリフ 'uni98A8' に交差がある
INFO:最終チェックのグリフ 'uni98AB' に交差がある
INFO:最終チェックのグリフ 'uni98AD' に交差がある
INFO:最終チェックのグリフ 'uni98B0' に交差がある
INFO:最終チェックのグリフ 'uni98B1' に交差がある
INFO:最終チェックのグリフ 'uni98B6' に交差がある
INFO:最終チェックのグリフ 'uni98BB' に交差がある
INFO:最終チェックのグリフ 'uni98C4' に交差がある
INFO:最終チェックのグリフ 'uni98C6' に交差がある
INFO:最終チェックのグリフ 'uni98DF' に交差がある
INFO:最終チェックのグリフ 'uni98E2' に交差がある
INFO:最終チェックのグリフ 'uni98EF' に交差がある
INFO:最終チェックのグリフ 'uni98FC' に交差がある
INFO:最終チェックのグリフ 'uni98FD' に交差がある
INFO:最終チェックのグリフ 'uni98FE' に交差がある
INFO:最終チェックのグリフ 'uni990C' に交差がある
INFO:最終チェックのグリフ 'uni9910' に交差がある
INFO:最終チェックのグリフ 'uni9912' に交差がある
INFO:最終チェックのグリフ 'uni991A' に交差がある
INFO:最終チェックのグリフ 'uni991B' に交差がある
INFO:最終チェックのグリフ 'uni9927' に交差がある
INFO:最終チェックのグリフ 'uni993A' に交差がある
INFO:最終チェックのグリフ 'uni994E' に交差がある
INFO:最終チェックのグリフ 'uni9951' に交差がある
INFO:最終チェックのグリフ 'uni9957' に交差がある
INFO:最終チェックのグリフ 'uni995C' に交差がある
INFO:最終チェックのグリフ 'uni9960' に交差がある
INFO:最終チェックのグリフ 'uni999E' に交差がある
INFO:最終チェックのグリフ 'uni99A5' に交差がある
INFO:最終チェックのグリフ 'uni99A6' に交差がある
INFO:最終チェックのグリフ 'uni99AC' に交差がある
INFO:最終チェックのグリフ 'uni99AD' に交差がある
INFO:最終チェックのグリフ 'uni99B3' に交差がある
INFO:最終チェックのグリフ 'uni99B4' に交差がある
INFO:最終チェックのグリフ 'uni99BC' に交差がある
INFO:最終チェックのグリフ 'uni99C1' に交差がある
INFO:最終チェックのグリフ 'uni99C4' に交差がある
INFO:最終チェックのグリフ 'uni99DF' に交差がある
INFO:最終チェックのグリフ 'uni99E2' に交差がある
INFO:最終チェックのグリフ 'uni99ED' に交差がある
INFO:最終チェックのグリフ 'uni99EE' に交差がある
INFO:最終チェックのグリフ 'uni99FB' に交差がある
INFO:最終チェックのグリフ 'uni99FF' に交差がある
INFO:最終チェックのグリフ 'uni9A01' に交差がある
INFO:最終チェックのグリフ 'uni9A03' に交差がある
INFO:最終チェックのグリフ 'uni9A05' に交差がある
INFO:最終チェックのグリフ 'uni9A0A' に交差がある
INFO:最終チェックのグリフ 'uni9A0F' に交差がある
INFO:最終チェックのグリフ 'uni9A11' に交差がある
INFO:最終チェックのグリフ 'uni9A12' に交差がある
INFO:最終チェックのグリフ 'uni9A13' に交差がある
INFO:最終チェックのグリフ 'uni9A16' に交差がある
INFO:最終チェックのグリフ 'uni9A19' に交差がある
INFO:最終チェックのグリフ 'uni9A2E' に交差がある
INFO:最終チェックのグリフ 'uni9A30' に交差がある
INFO:最終チェックのグリフ 'uni9A31' に交差がある
INFO:最終チェックのグリフ 'uni9A36' に交差がある
INFO:最終チェックのグリフ 'uni9A42' に交差がある
INFO:最終チェックのグリフ 'uni9A4E' に交差がある
INFO:最終チェックのグリフ 'uni9A5B' に交差がある
INFO:最終チェックのグリフ 'uni9A5F' に交差がある
INFO:最終チェックのグリフ 'uni9A62' に交差がある
INFO:最終チェックのグリフ 'uni9A65' に交差がある
INFO:最終チェックのグリフ 'uni9AC3' に交差がある
INFO:最終チェックのグリフ 'uni9AD1' に交差がある
INFO:最終チェックのグリフ 'uni9AD6' に交差がある
INFO:最終チェックのグリフ 'uni9AD9' に交差がある
INFO:最終チェックのグリフ 'uni9ADF' に交差がある
INFO:最終チェックのグリフ 'uni9AE0' に交差がある
INFO:最終チェックのグリフ 'uni9AF7' に交差がある
INFO:最終チェックのグリフ 'uni9AF9' に交差がある
INFO:最終チェックのグリフ 'uni9B03' に交差がある
INFO:最終チェックのグリフ 'uni9B08' に交差がある
INFO:最終チェックのグリフ 'uni9B0C' に交差がある
INFO:最終チェックのグリフ 'uni9B16' に交差がある
INFO:最終チェックのグリフ 'uni9B18' に交差がある
INFO:最終チェックのグリフ 'uni9B1C' に交差がある
INFO:最終チェックのグリフ 'uni9B1D' に交差がある
INFO:最終チェックのグリフ 'uni9B1F' に交差がある
INFO:最終チェックのグリフ 'uni9B22' に交差がある
INFO:最終チェックのグリフ 'uni9B23' に交差がある
INFO:最終チェックのグリフ 'uni9B31' に交差がある
INFO:最終チェックのグリフ 'uni9B32' に交差がある
INFO:最終チェックのグリフ 'uni9B33' に交差がある
INFO:最終チェックのグリフ 'uni9B3C' に交差がある
INFO:最終チェックのグリフ 'uni9B42' に交差がある
INFO:最終チェックのグリフ 'uni9B51' に交差がある
INFO:最終チェックのグリフ 'uni9B58' に交差がある
INFO:最終チェックのグリフ 'uni9B6C' に交差がある
INFO:最終チェックのグリフ 'uni9B6F' に交差がある
INFO:最終チェックのグリフ 'uni9BAA' に交差がある
INFO:最終チェックのグリフ 'uni9BAC' に交差がある
INFO:最終チェックのグリフ 'uni9BCA' に交差がある
INFO:最終チェックのグリフ 'uni9BE2' に交差がある
INFO:最終チェックのグリフ 'uni9BE8' に交差がある
INFO:最終チェックのグリフ 'uni9BFD' に交差がある
INFO:最終チェックのグリフ 'uni9C00' に交差がある
INFO:最終チェックのグリフ 'uni9C04' に交差がある
INFO:最終チェックのグリフ 'uni9C09' に交差がある
INFO:最終チェックのグリフ 'uni9C10' に交差がある
INFO:最終チェックのグリフ 'uni9C16' に交差がある
INFO:最終チェックのグリフ 'uni9C22' に交差がある
INFO:最終チェックのグリフ 'uni9C2F' に交差がある
INFO:最終チェックのグリフ 'uni9C30' に交差がある
INFO:最終チェックのグリフ 'uni9C45' に交差がある
INFO:最終チェックのグリフ 'uni9C47' に交差がある
INFO:最終チェックのグリフ 'uni9C4A' に交差がある
INFO:最終チェックのグリフ 'uni9C58' に交差がある
INFO:最終チェックのグリフ 'uni9C65' に交差がある
INFO:最終チェックのグリフ 'uni9C6B' に交差がある
INFO:最終チェックのグリフ 'uni9C6D' に交差がある
INFO:最終チェックのグリフ 'uni9C72' に交差がある
INFO:最終チェックのグリフ 'uni9C75' に交差がある
INFO:最終チェックのグリフ 'uni9C78' に交差がある
INFO:最終チェックのグリフ 'uni9CE5' に交差がある
INFO:最終チェックのグリフ 'uni9CE6' に交差がある
INFO:最終チェックのグリフ 'uni9CE7' に交差がある
INFO:最終チェックのグリフ 'uni9CEB' に交差がある
INFO:最終チェックのグリフ 'uni9D02' に交差がある
INFO:最終チェックのグリフ 'uni9D09' に交差がある
INFO:最終チェックのグリフ 'uni9D0B' に交差がある
INFO:最終チェックのグリフ 'uni9D17' に交差がある
INFO:最終チェックのグリフ 'uni9D18' に交差がある
INFO:最終チェックのグリフ 'uni9D1E' に交差がある
INFO:最終チェックのグリフ 'uni9D28' に交差がある
INFO:最終チェックのグリフ 'uni9D2B' に交差がある
INFO:最終チェックのグリフ 'uni9D2C' に交差がある
INFO:最終チェックのグリフ 'uni9D3B' に交差がある
INFO:最終チェックのグリフ 'uni9D3E' に交差がある
INFO:最終チェックのグリフ 'uni9D3F' に交差がある
INFO:最終チェックのグリフ 'uni9D43' に交差がある
INFO:最終チェックのグリフ 'uni9D44' に交差がある
INFO:最終チェックのグリフ 'uni9D48' に交差がある
INFO:最終チェックのグリフ 'uni9D5C' に交差がある
INFO:最終チェックのグリフ 'uni9D5E' に交差がある
INFO:最終チェックのグリフ 'uni9D5F' に交差がある
INFO:最終チェックのグリフ 'uni9D60' に交差がある
INFO:最終チェックのグリフ 'uni9D61' に交差がある
INFO:最終チェックのグリフ 'uni9D62' に交差がある
INFO:最終チェックのグリフ 'uni9D64' に交差がある
INFO:最終チェックのグリフ 'uni9D69' に交差がある
INFO:最終チェックのグリフ 'uni9D6C' に交差がある
INFO:最終チェックのグリフ 'uni9D70' に交差がある
INFO:最終チェックのグリフ 'uni9D72' に交差がある
INFO:最終チェックのグリフ 'uni9D73' に交差がある
INFO:最終チェックのグリフ 'uni9D7E' に交差がある
INFO:最終チェックのグリフ 'uni9D84' に交差がある
INFO:最終チェックのグリフ 'uni9D8D' に交差がある
INFO:最終チェックのグリフ 'uni9D96' に交差がある
INFO:最終チェックのグリフ 'uni9D9A' に交差がある
INFO:最終チェックのグリフ 'uni9DA4' に交差がある
INFO:最終チェックのグリフ 'uni9DA9' に交差がある
INFO:最終チェックのグリフ 'uni9DAB' に交差がある
INFO:最終チェックのグリフ 'uni9DB5' に交差がある
INFO:最終チェックのグリフ 'uni9DB8' に交差がある
INFO:最終チェックのグリフ 'uni9DB9' に交差がある
INFO:最終チェックのグリフ 'uni9DBA' に交差がある
INFO:最終チェックのグリフ 'uni9DBB' に交差がある
INFO:最終チェックのグリフ 'uni9DBF' に交差がある
INFO:最終チェックのグリフ 'uni9DC0' に交差がある
INFO:最終チェックのグリフ 'uni9DC1' に交差がある
INFO:最終チェックのグリフ 'uni9DC2' に交差がある
INFO:最終チェックのグリフ 'uni9DC4' に交差がある
INFO:最終チェックのグリフ 'uni9DC6' に交差がある
INFO:最終チェックのグリフ 'uni9DCF' に交差がある
INFO:最終チェックのグリフ 'uni9DD3' に交差がある
INFO:最終チェックのグリフ 'uni9DD6' に交差がある
INFO:最終チェックのグリフ 'uni9DD9' に交差がある
INFO:最終チェックのグリフ 'uni9DDA' に交差がある
INFO:最終チェックのグリフ 'uni9DDF' に交差がある
INFO:最終チェックのグリフ 'uni9DE7' に交差がある
INFO:最終チェックのグリフ 'uni9DED' に交差がある
INFO:最終チェックのグリフ 'uni9DF2' に交差がある
INFO:最終チェックのグリフ 'uni9DFD' に交差がある
INFO:最終チェックのグリフ 'uni9E02' に交差がある
INFO:最終チェックのグリフ 'uni9E1D' に交差がある
INFO:最終チェックのグリフ 'uni9E78' に交差がある
INFO:最終チェックのグリフ 'uni9E79' に交差がある
INFO:最終チェックのグリフ 'uni9E7D' に交差がある
INFO:最終チェックのグリフ 'uni9E80' に交差がある
INFO:最終チェックのグリフ 'uni9E81' に交差がある
INFO:最終チェックのグリフ 'uni9E85' に交差がある
INFO:最終チェックのグリフ 'uni9E8B' に交差がある
INFO:最終チェックのグリフ 'uni9E91' に交差がある
INFO:最終チェックのグリフ 'uni9E97' に交差がある
INFO:最終チェックのグリフ 'uni9E9F' に交差がある
INFO:最終チェックのグリフ 'uni9EA4' に交差がある
INFO:最終チェックのグリフ 'uni9EA8' に交差がある
INFO:最終チェックのグリフ 'uni9EAA' に交差がある
INFO:最終チェックのグリフ 'uni9EAD' に交差がある
INFO:最終チェックのグリフ 'uni9EAF' に交差がある
INFO:最終チェックのグリフ 'uni9EB4' に交差がある
INFO:最終チェックのグリフ 'uni9EB8' に交差がある
INFO:最終チェックのグリフ 'uni9EBF' に交差がある
INFO:最終チェックのグリフ 'uni9ECD' に交差がある
INFO:最終チェックのグリフ 'uni9ECE' に交差がある
INFO:最終チェックのグリフ 'uni9ECF' に交差がある
INFO:最終チェックのグリフ 'uni9ED0' に交差がある
INFO:最終チェックのグリフ 'uni9ED1' に交差がある
INFO:最終チェックのグリフ 'uni9EDD' に交差がある
INFO:最終チェックのグリフ 'uni9EDF' に交差がある
INFO:最終チェックのグリフ 'uni9EE5' に交差がある
INFO:最終チェックのグリフ 'uni9EE7' に交差がある
INFO:最終チェックのグリフ 'uni9EE8' に交差がある
INFO:最終チェックのグリフ 'uni9EEE' に交差がある
INFO:最終チェックのグリフ 'uni9EF4' に交差がある
INFO:最終チェックのグリフ 'uni9EF6' に交差がある
INFO:最終チェックのグリフ 'uni9EF7' に交差がある
INFO:最終チェックのグリフ 'uni9EF9' に交差がある
INFO:最終チェックのグリフ 'uni9F08' に交差がある
INFO:最終チェックのグリフ 'uni9F17' に交差がある
INFO:最終チェックのグリフ 'uni9F19' に交差がある
INFO:最終チェックのグリフ 'uni9F2C' に交差がある
INFO:最終チェックのグリフ 'uni9F37' に交差がある
INFO:最終チェックのグリフ 'uni9F39' に交差がある
INFO:最終チェックのグリフ 'uni9F45' に交差がある
INFO:最終チェックのグリフ 'uni9F4F' に交差がある
INFO:最終チェックのグリフ 'uni9F5D' に交差がある
INFO:最終チェックのグリフ 'uni9F67' に交差がある
INFO:最終チェックのグリフ 'uni9F69' に交差がある
INFO:最終チェックのグリフ 'uni9F90' に交差がある
INFO:最終チェックのグリフ 'uni9F9C' に交差がある
INFO:最終チェックのグリフ 'uni9F9D' に交差がある
INFO:最終チェックのグリフ 'uni9FA2' に交差がある
INFO:最終チェックのグリフ 'uniF936' に交差がある
INFO:最終チェックのグリフ 'uniF970' に交差がある
INFO:最終チェックのグリフ 'uniF9D0' に交差がある
INFO:最終チェックのグリフ 'uniF9DC' に交差がある
INFO:最終チェックのグリフ 'uniFA0E' に交差がある
INFO:最終チェックのグリフ 'uniFA17' に交差がある
INFO:最終チェックのグリフ 'uniFA1C' に交差がある
INFO:最終チェックのグリフ 'uniFA27' に交差がある
INFO:最終チェックのグリフ 'uniFA29' に交差がある
INFO:最終チェックのグリフ 'uniFA2A' に交差がある
INFO:最終チェックのグリフ 'uniFA32' に交差がある
INFO:最終チェックのグリフ 'uniFA33' に交差がある
INFO:最終チェックのグリフ 'uniFA38' に交差がある
INFO:最終チェックのグリフ 'uniFA3B' に交差がある
INFO:最終チェックのグリフ 'uniFA43' に交差がある
INFO:最終チェックのグリフ 'uniFA48' に交差がある
INFO:最終チェックのグリフ 'uniFA4D' に交差がある
INFO:最終チェックのグリフ 'uniFA4E' に交差がある
INFO:最終チェックのグリフ 'uniFA50' に交差がある
INFO:最終チェックのグリフ 'uniFA51' に交差がある
INFO:最終チェックのグリフ 'uniFA52' に交差がある
INFO:最終チェックのグリフ 'uniFA55' に交差がある
INFO:最終チェックのグリフ 'uniFA58' に交差がある
INFO:最終チェックのグリフ 'uniFA59' に交差がある
INFO:最終チェックのグリフ 'uniFA64' に交差がある
INFO:最終チェックのグリフ 'uniFA66' に交差がある
INFO:最終チェックのグリフ 'uniFF1E' に交差がある
INFO:最終チェックのグリフ 'uniFF3A' に交差がある
INFO:最終チェックのグリフ 'uniFF41' に交差がある
INFO:最終チェックのグリフ 'uniFF58' に交差がある
INFO:最終チェックのグリフ 'uniFF8D' に交差がある
INFO:最終チェックのグリフ 'u20213' に交差がある
INFO:最終チェックのグリフ 'u20807' に交差がある
INFO:最終チェックのグリフ 'u20AD3' に交差がある
INFO:最終チェックのグリフ 'u20E64' に交差がある
INFO:最終チェックのグリフ 'u212D7' に交差がある
INFO:最終チェックのグリフ 'u212E4' に交差がある
INFO:最終チェックのグリフ 'u21336' に交差がある
INFO:最終チェックのグリフ 'u21344' に交差がある
INFO:最終チェックのグリフ 'u213C4' に交差がある
INFO:最終チェックのグリフ 'u215D7' に交差がある
INFO:最終チェックのグリフ 'u218BD' に交差がある
INFO:最終チェックのグリフ 'u21D45' に交差がある
INFO:最終チェックのグリフ 'u21D92' に交差がある
INFO:最終チェックのグリフ 'u2231E' に交差がある
INFO:最終チェックのグリフ 'u23372' に交差がある
INFO:最終チェックのグリフ 'u233D5' に交差がある
INFO:最終チェックのグリフ 'u233DA' に交差がある
INFO:最終チェックのグリフ 'u23451' に交差がある
INFO:最終チェックのグリフ 'u23647' に交差がある
INFO:最終チェックのグリフ 'u23763' に交差がある
INFO:最終チェックのグリフ 'u237FF' に交差がある
INFO:最終チェックのグリフ 'u23CFE' に交差がある
INFO:最終チェックのグリフ 'u23D00' に交差がある
INFO:最終チェックのグリフ 'u24103' に交差がある
INFO:最終チェックのグリフ 'u243D0' に交差がある
INFO:最終チェックのグリフ 'u247F1' に交差がある
INFO:最終チェックのグリフ 'u24A4D' に交差がある
INFO:最終チェックのグリフ 'u24D14' に交差がある
INFO:最終チェックのグリフ 'u24E37' に交差がある
INFO:最終チェックのグリフ 'u24E8B' に交差がある
INFO:最終チェックのグリフ 'u2521E' に交差がある
INFO:最終チェックのグリフ 'u255A7' に交差がある
INFO:最終チェックのグリフ 'u25771' に交差がある
INFO:最終チェックのグリフ 'u257A9' に交差がある
INFO:最終チェックのグリフ 'u25874' に交差がある
INFO:最終チェックのグリフ 'u259D4' に交差がある
INFO:最終チェックのグリフ 'u25AE4' に交差がある
INFO:最終チェックのグリフ 'u25AF1' に交差がある
INFO:最終チェックのグリフ 'u25BB2' に交差がある
INFO:最終チェックのグリフ 'u25C4B' に交差がある
INFO:最終チェックのグリフ 'u25C64' に交差がある
INFO:最終チェックのグリフ 'u25E62' に交差がある
INFO:最終チェックのグリフ 'u25ED8' に交差がある
INFO:最終チェックのグリフ 'u25FD4' に交差がある
INFO:最終チェックのグリフ 'u25FE0' に交差がある
INFO:最終チェックのグリフ 'u260ED' に交差がある
INFO:最終チェックのグリフ 'u266B0' に交差がある
INFO:最終チェックのグリフ 'u2671D' に交差がある
INFO:最終チェックのグリフ 'u26FF6' に交差がある
INFO:最終チェックのグリフ 'u26FF7' に交差がある
INFO:最終チェックのグリフ 'u26FF8' に交差がある
INFO:最終チェックのグリフ 'u273DB' に交差がある
INFO:最終チェックのグリフ 'u27410' に交差がある
INFO:最終チェックのグリフ 'u27449' に交差がある
INFO:最終チェックのグリフ 'u27614' に交差がある
INFO:最終チェックのグリフ 'u27BB3' に交差がある
INFO:最終チェックのグリフ 'u27CB8' に交差がある
INFO:最終チェックのグリフ 'u27DA0' に交差がある
INFO:最終チェックのグリフ 'u283CD' に交差がある
INFO:最終チェックのグリフ 'u285C8' に交差がある
INFO:最終チェックのグリフ 'u285C9' に交差がある
INFO:最終チェックのグリフ 'u28949' に交差がある
INFO:最終チェックのグリフ 'u2896B' に交差がある
INFO:最終チェックのグリフ 'u28987' に交差がある
INFO:最終チェックのグリフ 'u28988' に交差がある
INFO:最終チェックのグリフ 'u289BA' に交差がある
INFO:最終チェックのグリフ 'u289BB' に交差がある
INFO:最終チェックのグリフ 'u28A43' に交差がある
INFO:最終チェックのグリフ 'u28A71' に交差がある
INFO:最終チェックのグリフ 'u28ACD' に交差がある
INFO:最終チェックのグリフ 'u28ADD' に交差がある
INFO:最終チェックのグリフ 'u28BC1' に交差がある
INFO:最終チェックのグリフ 'u28F32' に交差がある
INFO:最終チェックのグリフ 'u292B1' に交差がある
INFO:最終チェックのグリフ 'u29490' に交差がある
INFO:最終チェックのグリフ 'u2967F' に交差がある
INFO:最終チェックのグリフ 'u29DDB' に交差がある
INFO:最終チェックのグリフ 'u29EDB' に交差がある
INFO:最終チェックのグリフ 'u29FCE' に交差がある
INFO:最終チェックのグリフ 'u2A02F' に交差がある
INFO:最終チェックのグリフ 'u2A082' に交差がある
INFO:最終チェックのグリフ 'u2A602' に交差がある
INFO:最終チェックのグリフ 'u2A6B2' に交差がある
INFO:最終チェックのグリフ 'uni301C.vert' に交差がある
INFO:最終チェックのグリフ 'uni3318.vert' に交差がある
INFO:最終チェックのグリフ 'uni337B.aalt' に交差がある
INFO:最終チェックのグリフ 'uni3061.aalt' に交差がある
INFO:最終チェックのグリフ 'uni3062.aalt' に交差がある
INFO:最終チェックのグリフ 'uni3065.aalt' に交差がある
INFO:最終チェックのグリフ 'uni3075.aalt' に交差がある
INFO:最終チェックのグリフ 'uni3076.aalt' に交差がある
INFO:最終チェックのグリフ 'uni3077.aalt' に交差がある
INFO:最終チェックのグリフ 'uni308F.aalt' に交差がある
INFO:最終チェックのグリフ 'uni3090.aalt' に交差がある
INFO:最終チェックのグリフ 'uni3093.aalt' に交差がある
INFO:最終チェックのグリフ 'uni30AE.aalt' に交差がある
INFO:最終チェックのグリフ 'uni30F9.aalt' に交差がある
INFO:最終チェックのグリフ 'uni304D_uni309A.ccmp' に交差がある
INFO:最終チェックのグリフ 'uni304F_uni309A.ccmp' に交差がある
INFO:最終チェックのグリフ 'uni3053_uni309A.ccmp' に交差がある
INFO:最終チェックのグリフ 'uni30AB_uni309A.ccmp' に交差がある
INFO:最終チェックのグリフ 'uni30B1_uni309A.ccmp' に交差がある
INFO:最終チェックのグリフ 'uni304D.aalt_uni309A.ccmp' に交差がある
INFO:最終チェックのグリフ 'uni30B1_uni309A.ccmp.vert' に交差がある
INFO:最終チェックのグリフ 'uni30C4_uni309A.ccmp.vert' に交差がある
INFO:最終チェックのグリフ 'uniFF09.vert' に交差がある
INFO:最終チェックのグリフ 'uniFF5F.vert' に交差がある
INFO:最終チェックのグリフ 'uni8328.aalt' に交差がある
INFO:最終チェックのグリフ 'uni9C2F.aalt' に交差がある
INFO:最終チェックのグリフ 'uni6DEB.jp83' に交差がある
INFO:最終チェックのグリフ 'uni5642.aalt' に交差がある
INFO:最終チェックのグリフ 'uni990C.jp90' に交差がある
INFO:最終チェックのグリフ 'uni8956.aalt' に交差がある
INFO:最終チェックのグリフ 'uni6666.aalt' に交差がある
INFO:最終チェックのグリフ 'uni845B.aalt' に交差がある
INFO:最終チェックのグリフ 'uni5FBD.aalt' に交差がある
INFO:最終チェックのグリフ 'uni7B08.jp78' に交差がある
INFO:最終チェックのグリフ 'uni9957.aalt' に交差がある
INFO:最終チェックのグリフ 'uni5026.aalt' に交差がある
INFO:最終チェックのグリフ 'uni9375.aalt' に交差がある
INFO:最終チェックのグリフ 'uni53C9.aalt' に交差がある
INFO:最終チェックのグリフ 'uni9306.aalt' に交差がある
INFO:最終チェックのグリフ 'uni707C.aalt' に交差がある
INFO:最終チェックのグリフ 'uni9017.aalt' に交差がある
INFO:最終チェックのグリフ 'uni717D.jp83' に交差がある
INFO:最終チェックのグリフ 'uni7A7F.aalt' に交差がある
INFO:最終チェックのグリフ 'uni905C.aalt' に交差がある
INFO:最終チェックのグリフ 'uni6B4E.aalt' に交差がある
INFO:最終チェックのグリフ 'uni7026.jp83' に交差がある
INFO:最終チェックのグリフ 'uni5835.aalt' に交差がある
INFO:最終チェックのグリフ 'uni7058.aalt' に交差がある
INFO:最終チェックのグリフ 'uni79B0.jp83' に交差がある
INFO:最終チェックのグリフ 'uni9019.aalt' に交差がある
INFO:最終チェックのグリフ 'uni79E4.aalt' に交差がある
INFO:最終チェックのグリフ 'uni99C1.aalt' に交差がある
INFO:最終チェックのグリフ 'uni7A17.jp83' に交差がある
INFO:最終チェックのグリフ 'uni853D.aalt' に交差がある
INFO:最終チェックのグリフ 'uni5A29.aalt' に交差がある
INFO:最終チェックのグリフ 'uni8FC4.aalt' に交差がある
INFO:最終チェックのグリフ 'uni723A.aalt' に交差がある
INFO:最終チェックのグリフ 'uni51A4.jp83' に交差がある
INFO:最終チェックのグリフ 'uni53DF.aalt' に交差がある
INFO:最終チェックのグリフ 'uni6241.aalt' に交差がある
INFO:最終チェックのグリフ 'uni7AC8.expt' に交差がある
INFO:最終チェックのグリフ 'uni8258.aalt' に交差がある
INFO:最終チェックのグリフ 'uni8703.aalt' に交差がある
INFO:最終チェックのグリフ 'uni9D09.expt' に交差がある
INFO:最終チェックのグリフ 'uni6B1D.expt' に交差がある
INFO:最終チェックのグリフ 'uni6062.expt' に交差がある
INFO:最終チェックのグリフ 'uni5ACC.aalt' に交差がある
INFO:最終チェックのグリフ 'uni73CA.aalt' に交差がある
INFO:最終チェックのグリフ 'uni53F1.jp78' に交差がある
INFO:最終チェックのグリフ 'uni906E.aalt' に交差がある
INFO:最終チェックのグリフ 'uni5EE0.expt' に交差がある
INFO:最終チェックのグリフ 'uni51CB.aalt' に交差がある
INFO:最終チェックのグリフ 'uni9D07.aalt' に交差がある
INFO:最終チェックのグリフ 'uni5A9B.aalt' に交差がある
INFO:最終チェックのグリフ 'uni7652.jp78' に交差がある
INFO:最終チェックのグリフ 'uni7194.aalt' に交差がある
INFO:最終チェックのグリフ 'uni8000.expt' に交差がある
INFO:最終チェックのグリフ 'uni5539.aalt' に交差がある
INFO:最終チェックのグリフ 'uni5ABE.aalt' に交差がある
INFO:最終チェックのグリフ 'uni6097.aalt' に交差がある
INFO:最終チェックのグリフ 'uni689B.aalt' に交差がある
INFO:最終チェックのグリフ 'uni7504.aalt' に交差がある
INFO:最終チェックのグリフ 'uni787C.aalt' に交差がある
INFO:最終チェックのグリフ 'uni7C90.aalt' に交差がある
INFO:最終チェックのグリフ 'uni7DAE.aalt' に交差がある
INFO:最終チェックのグリフ 'uni7D9F.aalt' に交差がある
INFO:最終チェックのグリフ 'uni890A.aalt' に交差がある
INFO:最終チェックのグリフ 'uni8DDA.aalt' に交差がある
INFO:最終チェックのグリフ 'uni9087.expt' に交差がある
INFO:最終チェックのグリフ 'uni91C1.aalt' に交差がある
INFO:最終チェックのグリフ 'uni9BF2.aalt' に交差がある
INFO:最終チェックのグリフ 'uni9EAA.expt' に交差がある
INFO:最終チェックのグリフ 'uni9F9C.expt' に交差がある
INFO:最終チェックのグリフ 'uni7B08.expt' に交差がある
INFO:最終チェックのグリフ 'uni976D.expt' に交差がある
INFO:最終チェックのグリフ 'uni7962.expt' に交差がある
INFO:最終チェックのグリフ 'uni56AE.aalt' に交差がある
INFO:最終チェックのグリフ 'uni7A97.expt' に交差がある
INFO:最終チェックのグリフ 'uni8759.aalt' に交差がある
INFO:最終チェックのグリフ 'uni880E.expt' に交差がある
INFO:最終チェックのグリフ 'uni9EAD.aalt' に交差がある
INFO:最終チェックのグリフ 'glyph12018' に交差がある
INFO:最終チェックのグリフ 'uni7D5C.aalt' に交差がある
INFO:最終チェックのグリフ 'glyph12027' に交差がある
INFO:最終チェックのグリフ 'glyph12029' に交差がある
INFO:最終チェックのグリフ 'glyph12030' に交差がある
INFO:最終チェックのグリフ 'section.aalt' に交差がある
INFO:最終チェックのグリフ 'glyph12051' に交差がある
INFO:最終チェックのグリフ 'glyph12060' に交差がある
INFO:最終チェックのグリフ 'uni30DE_uni30F3_uni30B7_uni30E7_uni30F3.dlig' に交差がある
INFO:最終チェックのグリフ 'glyph12104' に交差がある
INFO:最終チェックのグリフ 'copyright.fwid' に交差がある
INFO:最終チェックのグリフ 'registered.fwid' に交差がある
INFO:最終チェックのグリフ 'glyph12222' に交差がある
INFO:最終チェックのグリフ 'uni6709_uni9650_uni4F1A_uni793E.dlig' に交差がある
INFO:最終チェックのグリフ 'uni337F.vert' に交差がある
INFO:最終チェックのグリフ 'cent.vert' に交差がある
INFO:最終チェックのグリフ 'AE.aalt' に交差がある
INFO:最終チェックのグリフ 'oslash.aalt' に交差がある
INFO:最終チェックのグリフ 'threequarters.aalt' に交差がある
INFO:最終チェックのグリフ 'Odieresis.aalt' に交差がある
INFO:最終チェックのグリフ 'uniFF6F.vert' に交差がある
INFO:最終チェックのグリフ 'uniFF92.vert' に交差がある
INFO:最終チェックのグリフ 'percent.vert' に交差がある
INFO:最終チェックのグリフ 'parenright.vert' に交差がある
INFO:最終チェックのグリフ 'comma.vert' に交差がある
INFO:最終チェックのグリフ 'semicolon.vert' に交差がある
INFO:最終チェックのグリフ 'R.vert' に交差がある
INFO:最終チェックのグリフ 'uniFF21.vert' に交差がある
INFO:最終チェックのグリフ 'uniFF24.vert' に交差がある
INFO:最終チェックのグリフ 'uniFF28.vert' に交差がある
INFO:最終チェックのグリフ 'uniFF2B.vert' に交差がある
INFO:最終チェックのグリフ 'uniFF2D.vert' に交差がある
INFO:最終チェックのグリフ 'uniFF2E.vert' に交差がある
INFO:最終チェックのグリフ 'uniFF32.vert' に交差がある
INFO:最終チェックのグリフ 'uniFF34.vert' に交差がある
INFO:最終チェックのグリフ 'uniFF38.vert' に交差がある
INFO:最終チェックのグリフ 'uniFF39.vert' に交差がある
INFO:最終チェックのグリフ 'uniFF47.vert' に交差がある
