INFO:最終チェックのグリフ 'numbersign' に交差がある
INFO:最終チェックのグリフ 'percent' に交差がある
INFO:最終チェックのグリフ 'asterisk' に交差がある
INFO:最終チェックのグリフ 'A' に交差がある
INFO:最終チェックのグリフ 'K' に交差がある
INFO:最終チェックのグリフ 'R' に交差がある
INFO:最終チェックのグリフ 'X' に交差がある
INFO:最終チェックのグリフ 'backslash' に交差がある
INFO:最終チェックのグリフ 'a' に交差がある
INFO:最終チェックのグリフ 'k' に交差がある
INFO:最終チェックのグリフ 'x' に交差がある
INFO:最終チェックのグリフ 'section' に交差がある
INFO:最終チェックのグリフ 'ordfeminine' に交差がある
INFO:最終チェックのグリフ 'acute' に交差がある
INFO:最終チェックのグリフ 'guillemotright' に交差がある
INFO:最終チェックのグリフ 'onequarter' に交差がある
INFO:最終チェックのグリフ 'onehalf' に交差がある
INFO:最終チェックのグリフ 'threequarters' に交差がある
INFO:最終チェックのグリフ 'Agrave' に交差がある
INFO:最終チェックのグリフ 'Aacute' に交差がある
INFO:最終チェックのグリフ 'Acircumflex' に交差がある
INFO:最終チェックのグリフ 'Atilde' に交差がある
INFO:最終チェックのグリフ 'Adieresis' に交差がある
INFO:最終チェックのグリフ 'Aring' に交差がある
INFO:最終チェックのグリフ 'Ccedilla' に交差がある
INFO:最終チェックのグリフ 'agrave' に交差がある
INFO:最終チェックのグリフ 'aacute' に交差がある
INFO:最終チェックのグリフ 'acircumflex' に交差がある
INFO:最終チェックのグリフ 'atilde' に交差がある
INFO:最終チェックのグリフ 'adieresis' に交差がある
INFO:最終チェックのグリフ 'aring' に交差がある
INFO:最終チェックのグリフ 'ccedilla' に交差がある
INFO:最終チェックのグリフ 'iacute' に交差がある
INFO:最終チェックのグリフ 'eth' に交差がある
INFO:最終チェックのグリフ 'oacute' に交差がある
INFO:最終チェックのグリフ 'Amacron' に交差がある
INFO:最終チェックのグリフ 'amacron' に交差がある
INFO:最終チェックのグリフ 'Abreve' に交差がある
INFO:最終チェックのグリフ 'abreve' に交差がある
INFO:最終チェックのグリフ 'Aogonek' に交差がある
INFO:最終チェックのグリフ 'Cacute' に交差がある
INFO:最終チェックのグリフ 'IJ' に交差がある
INFO:最終チェックのグリフ 'uni0136' に交差がある
INFO:最終チェックのグリフ 'kgreenlandic' に交差がある
INFO:最終チェックのグリフ 'lacute' に交差がある
INFO:最終チェックのグリフ 'Nacute' に交差がある
INFO:最終チェックのグリフ 'Ohungarumlaut' に交差がある
INFO:最終チェックのグリフ 'Racute' に交差がある
INFO:最終チェックのグリフ 'Rcaron' に交差がある
INFO:最終チェックのグリフ 'Scedilla' に交差がある
INFO:最終チェックのグリフ 'uni0162' に交差がある
INFO:最終チェックのグリフ 'uni0163' に交差がある
INFO:最終チェックのグリフ 'Uhungarumlaut' に交差がある
INFO:最終チェックのグリフ 'Zacute' に交差がある
INFO:最終チェックのグリフ 'Zdotaccent' に交差がある
INFO:最終チェックのグリフ 'Zcaron' に交差がある
INFO:最終チェックのグリフ 'uni01CD' に交差がある
INFO:最終チェックのグリフ 'uni01CE' に交差がある
INFO:最終チェックのグリフ 'aeacute' に交差がある
INFO:最終チェックのグリフ 'uni0251' に交差がある
INFO:最終チェックのグリフ 'uni028C' に交差がある
INFO:最終チェックのグリフ 'uni028D' に交差がある
INFO:最終チェックのグリフ 'uni028E' に交差がある
INFO:最終チェックのグリフ 'acutecomb' に交差がある
INFO:最終チェックのグリフ 'uni0318' に交差がある
INFO:最終チェックのグリフ 'uni0319' に交差がある
INFO:最終チェックのグリフ 'Alphatonos' に交差がある
INFO:最終チェックのグリフ 'Alpha' に交差がある
INFO:最終チェックのグリフ 'Zeta' に交差がある
INFO:最終チェックのグリフ 'Kappa' に交差がある
INFO:最終チェックのグリフ 'Lambda' に交差がある
INFO:最終チェックのグリフ 'Chi' に交差がある
INFO:最終チェックのグリフ 'zeta' に交差がある
INFO:最終チェックのグリフ 'lambda' に交差がある
INFO:最終チェックのグリフ 'uni040C' に交差がある
INFO:最終チェックのグリフ 'uni0410' に交差がある
INFO:最終チェックのグリフ 'uni0416' に交差がある
INFO:最終チェックのグリフ 'uni041A' に交差がある
INFO:最終チェックのグリフ 'uni0425' に交差がある
INFO:最終チェックのグリフ 'uni0430' に交差がある
INFO:最終チェックのグリフ 'uni0436' に交差がある
INFO:最終チェックのグリフ 'uni043A' に交差がある
INFO:最終チェックのグリフ 'uni0445' に交差がある
INFO:最終チェックのグリフ 'uni0454' に交差がある
INFO:最終チェックのグリフ 'uni0458' に交差がある
INFO:最終チェックのグリフ 'uni045C' に交差がある
INFO:最終チェックのグリフ 'uni1F70' に交差がある
INFO:最終チェックのグリフ 'uni1F71' に交差がある
INFO:最終チェックのグリフ 'uni1F72' に交差がある
INFO:最終チェックのグリフ 'uni1F73' に交差がある
INFO:最終チェックのグリフ 'perthousand' に交差がある
INFO:最終チェックのグリフ 'uni203B' に交差がある
INFO:最終チェックのグリフ 'uni2116' に交差がある
INFO:最終チェックのグリフ 'uni212B' に交差がある
INFO:最終チェックのグリフ 'aleph' に交差がある
INFO:最終チェックのグリフ 'uni213B' に交差がある
INFO:最終チェックのグリフ 'onethird' に交差がある
INFO:最終チェックのグリフ 'uni2155' に交差がある
INFO:最終チェックのグリフ 'uni2163' に交差がある
INFO:最終チェックのグリフ 'uni2168' に交差がある
INFO:最終チェックのグリフ 'uni2169' に交差がある
INFO:最終チェックのグリフ 'uni216A' に交差がある
INFO:最終チェックのグリフ 'uni216B' に交差がある
INFO:最終チェックのグリフ 'uni2178' に交差がある
INFO:最終チェックのグリフ 'uni2179' に交差がある
INFO:最終チェックのグリフ 'uni217A' に交差がある
INFO:最終チェックのグリフ 'uni217B' に交差がある
INFO:最終チェックのグリフ 'arrowleft' に交差がある
INFO:最終チェックのグリフ 'arrowright' に交差がある
INFO:最終チェックのグリフ 'uni2196' に交差がある
INFO:最終チェックのグリフ 'emptyset' に交差がある
INFO:最終チェックのグリフ 'uni226A' に交差がある
INFO:最終チェックのグリフ 'uni226B' に交差がある
INFO:最終チェックのグリフ 'uni23C3' に交差がある
INFO:最終チェックのグリフ 'uni23C4' に交差がある
INFO:最終チェックのグリフ 'uni23C5' に交差がある
INFO:最終チェックのグリフ 'uni23C6' に交差がある
INFO:最終チェックのグリフ 'uni23C7' に交差がある
INFO:最終チェックのグリフ 'uni23C8' に交差がある
INFO:最終チェックのグリフ 'uni2464' に交差がある
INFO:最終チェックのグリフ 'uni247E' に交差がある
INFO:最終チェックのグリフ 'uni24A0' に交差がある
INFO:最終チェックのグリフ 'uni24AF' に交差がある
INFO:最終チェックのグリフ 'uni24E5' に交差がある
INFO:最終チェックのグリフ 'uni24E8' に交差がある
INFO:最終チェックのグリフ 'uni24F7' に交差がある
INFO:最終チェックのグリフ 'uni25B6' に交差がある
INFO:最終チェックのグリフ 'uni25B7' に交差がある
INFO:最終チェックのグリフ 'uni25C0' に交差がある
INFO:最終チェックのグリフ 'uni25C1' に交差がある
INFO:最終チェックのグリフ 'uni2600' に交差がある
INFO:最終チェックのグリフ 'uni2605' に交差がある
INFO:最終チェックのグリフ 'uni2606' に交差がある
INFO:最終チェックのグリフ 'uni261F' に交差がある
INFO:最終チェックのグリフ 'spade' に交差がある
INFO:最終チェックのグリフ 'club' に交差がある
INFO:最終チェックのグリフ 'uni2664' に交差がある
INFO:最終チェックのグリフ 'uni2667' に交差がある
INFO:最終チェックのグリフ 'uni277D' に交差がある
INFO:最終チェックのグリフ 'uni27A1' に交差がある
INFO:最終チェックのグリフ 'uni2934' に交差がある
INFO:最終チェックのグリフ 'uni3020' に交差がある
INFO:最終チェックのグリフ 'uni3041' に交差がある
INFO:最終チェックのグリフ 'uni3049' に交差がある
INFO:最終チェックのグリフ 'uni304C' に交差がある
INFO:最終チェックのグリフ 'uni306B' に交差がある
INFO:最終チェックのグリフ 'uni308E' に交差がある
INFO:最終チェックのグリフ 'uni308F' に交差がある
INFO:最終チェックのグリフ 'uni3093' に交差がある
INFO:最終チェックのグリフ 'uni3095' に交差がある
INFO:最終チェックのグリフ 'uni30A1' に交差がある
INFO:最終チェックのグリフ 'uni30A6' に交差がある
INFO:最終チェックのグリフ 'uni30B1' に交差がある
INFO:最終チェックのグリフ 'uni30B2' に交差がある
INFO:最終チェックのグリフ 'uni30B7' に交差がある
INFO:最終チェックのグリフ 'uni30C3' に交差がある
INFO:最終チェックのグリフ 'uni30C6' に交差がある
INFO:最終チェックのグリフ 'uni30CC' に交差がある
INFO:最終チェックのグリフ 'uni30D2' に交差がある
INFO:最終チェックのグリフ 'uni30FE' に交差がある
INFO:最終チェックのグリフ 'uni31FA' に交差がある
INFO:最終チェックのグリフ 'uni322E' に交差がある
INFO:最終チェックのグリフ 'uni3234' に交差がある
INFO:最終チェックのグリフ 'uni323B' に交差がある
INFO:最終チェックのグリフ 'uni3243' に交差がある
INFO:最終チェックのグリフ 'uni3252' に交差がある
INFO:最終チェックのグリフ 'uni325E' に交差がある
INFO:最終チェックのグリフ 'uni32AB' に交差がある
INFO:最終チェックのグリフ 'uni32AF' に交差がある
INFO:最終チェックのグリフ 'uni32B0' に交差がある
INFO:最終チェックのグリフ 'uni32B6' に交差がある
INFO:最終チェックのグリフ 'uni32B7' に交差がある
INFO:最終チェックのグリフ 'uni32BF' に交差がある
INFO:最終チェックのグリフ 'uni32D8' に交差がある
INFO:最終チェックのグリフ 'uni32DB' に交差がある
INFO:最終チェックのグリフ 'uni32DD' に交差がある
INFO:最終チェックのグリフ 'uni3322' に交差がある
INFO:最終チェックのグリフ 'uni3333' に交差がある
INFO:最終チェックのグリフ 'uni3336' に交差がある
INFO:最終チェックのグリフ 'uni334A' に交差がある
INFO:最終チェックのグリフ 'uni334D' に交差がある
INFO:最終チェックのグリフ 'uni337D' に交差がある
INFO:最終チェックのグリフ 'uni3385' に交差がある
INFO:最終チェックのグリフ 'uni338F' に交差がある
INFO:最終チェックのグリフ 'uni3398' に交差がある
INFO:最終チェックのグリフ 'uni339E' に交差がある
INFO:最終チェックのグリフ 'uni33A2' に交差がある
INFO:最終チェックのグリフ 'uni33A6' に交差がある
INFO:最終チェックのグリフ 'uni33CD' に交差がある
INFO:最終チェックのグリフ 'uni342C' に交差がある
INFO:最終チェックのグリフ 'uni3468' に交差がある
INFO:最終チェックのグリフ 'uni34DB' に交差がある
INFO:最終チェックのグリフ 'uni35F4' に交差がある
INFO:最終チェックのグリフ 'uni3605' に交差がある
INFO:最終チェックのグリフ 'uni3761' に交差がある
INFO:最終チェックのグリフ 'uni376B' に交差がある
INFO:最終チェックのグリフ 'uni378D' に交差がある
INFO:最終チェックのグリフ 'uni37F4' に交差がある
INFO:最終チェックのグリフ 'uni3861' に交差がある
INFO:最終チェックのグリフ 'uni396F' に交差がある
INFO:最終チェックのグリフ 'uni3B22' に交差がある
INFO:最終チェックのグリフ 'uni3B6D' に交差がある
INFO:最終チェックのグリフ 'uni3B87' に交差がある
INFO:最終チェックのグリフ 'uni3BC3' に交差がある
INFO:最終チェックのグリフ 'uni3CC3' に交差がある
INFO:最終チェックのグリフ 'uni3D64' に交差がある
INFO:最終チェックのグリフ 'uni3E3F' に交差がある
INFO:最終チェックのグリフ 'uni3E83' に交差がある
INFO:最終チェックのグリフ 'uni3FD7' に交差がある
INFO:最終チェックのグリフ 'uni4039' に交差がある
INFO:最終チェックのグリフ 'uni4093' に交差がある
INFO:最終チェックのグリフ 'uni414F' に交差がある
INFO:最終チェックのグリフ 'uni41B4' に交差がある
INFO:最終チェックのグリフ 'uni41F3' に交差がある
INFO:最終チェックのグリフ 'uni4207' に交差がある
INFO:最終チェックのグリフ 'uni420E' に交差がある
INFO:最終チェックのグリフ 'uni4264' に交差がある
INFO:最終チェックのグリフ 'uni42C6' に交差がある
INFO:最終チェックのグリフ 'uni4302' に交差がある
INFO:最終チェックのグリフ 'uni445B' に交差がある
INFO:最終チェックのグリフ 'uni447A' に交差がある
INFO:最終チェックのグリフ 'uni44BE' に交差がある
INFO:最終チェックのグリフ 'uni4508' に交差がある
INFO:最終チェックのグリフ 'uni45E5' に交差がある
INFO:最終チェックのグリフ 'uni45EA' に交差がある
INFO:最終チェックのグリフ 'uni4764' に交差がある
INFO:最終チェックのグリフ 'uni47FD' に交差がある
INFO:最終チェックのグリフ 'uni4E0F' に交差がある
INFO:最終チェックのグリフ 'uni4E31' に交差がある
INFO:最終チェックのグリフ 'uni4E38' に交差がある
INFO:最終チェックのグリフ 'uni4E48' に交差がある
INFO:最終チェックのグリフ 'uni4E80' に交差がある
INFO:最終チェックのグリフ 'uni4E89' に交差がある
INFO:最終チェックのグリフ 'uni4E8A' に交差がある
INFO:最終チェックのグリフ 'uni4E94' に交差がある
INFO:最終チェックのグリフ 'uni4EA4' に交差がある
INFO:最終チェックのグリフ 'uni4ECD' に交差がある
INFO:最終チェックのグリフ 'uni4ECE' に交差がある
INFO:最終チェックのグリフ 'uni4ED8' に交差がある
INFO:最終チェックのグリフ 'uni4EDE' に交差がある
INFO:最終チェックのグリフ 'uni4F0B' に交差がある
INFO:最終チェックのグリフ 'uni4F0D' に交差がある
INFO:最終チェックのグリフ 'uni4F0F' に交差がある
INFO:最終チェックのグリフ 'uni4F11' に交差がある
INFO:最終チェックのグリフ 'uni4F1D' に交差がある
INFO:最終チェックのグリフ 'uni4F46' に交差がある
INFO:最終チェックのグリフ 'uni4F48' に交差がある
INFO:最終チェックのグリフ 'uni4F4E' に交差がある
INFO:最終チェックのグリフ 'uni4F50' に交差がある
INFO:最終チェックのグリフ 'uni4F60' に交差がある
INFO:最終チェックのグリフ 'uni4F7D' に交差がある
INFO:最終チェックのグリフ 'uni4F7E' に交差がある
INFO:最終チェックのグリフ 'uni4F8A' に交差がある
INFO:最終チェックのグリフ 'uni4F8B' に交差がある
INFO:最終チェックのグリフ 'uni4F9D' に交差がある
INFO:最終チェックのグリフ 'uni4FAB' に交差がある
INFO:最終チェックのグリフ 'uni4FBF' に交差がある
INFO:最終チェックのグリフ 'uni4FD1' に交差がある
INFO:最終チェックのグリフ 'uni4FD8' に交差がある
INFO:最終チェックのグリフ 'uni4FDB' に交差がある
INFO:最終チェックのグリフ 'uni4FE3' に交差がある
INFO:最終チェックのグリフ 'uni4FEF' に交差がある
INFO:最終チェックのグリフ 'uni4FF2' に交差がある
INFO:最終チェックのグリフ 'uni4FFE' に交差がある
INFO:最終チェックのグリフ 'uni500F' に交差がある
INFO:最終チェックのグリフ 'uni501E' に交差がある
INFO:最終チェックのグリフ 'uni5028' に交差がある
INFO:最終チェックのグリフ 'uni505A' に交差がある
INFO:最終チェックのグリフ 'uni5066' に交差がある
INFO:最終チェックのグリフ 'uni5070' に交差がある
INFO:最終チェックのグリフ 'uni5072' に交差がある
INFO:最終チェックのグリフ 'uni5076' に交差がある
INFO:最終チェックのグリフ 'uni5093' に交差がある
INFO:最終チェックのグリフ 'uni509A' に交差がある
INFO:最終チェックのグリフ 'uni50B1' に交差がある
INFO:最終チェックのグリフ 'uni50B3' に交差がある
INFO:最終チェックのグリフ 'uni50CC' に交差がある
INFO:最終チェックのグリフ 'uni50CF' に交差がある
INFO:最終チェックのグリフ 'uni50D5' に交差がある
INFO:最終チェックのグリフ 'uni50D6' に交差がある
INFO:最終チェックのグリフ 'uni50D8' に交差がある
INFO:最終チェックのグリフ 'uni50DE' に交差がある
INFO:最終チェックのグリフ 'uni50E5' に交差がある
INFO:最終チェックのグリフ 'uni50EE' に交差がある
INFO:最終チェックのグリフ 'uni50F2' に交差がある
INFO:最終チェックのグリフ 'uni50F3' に交差がある
INFO:最終チェックのグリフ 'uni50F4' に交差がある
INFO:最終チェックのグリフ 'uni50FB' に交差がある
INFO:最終チェックのグリフ 'uni5101' に交差がある
INFO:最終チェックのグリフ 'uni5106' に交差がある
INFO:最終チェックのグリフ 'uni5117' に交差がある
INFO:最終チェックのグリフ 'uni5118' に交差がある
INFO:最終チェックのグリフ 'uni511E' に交差がある
INFO:最終チェックのグリフ 'uni513A' に交差がある
INFO:最終チェックのグリフ 'uni514A' に交差がある
INFO:最終チェックのグリフ 'uni5164' に交差がある
INFO:最終チェックのグリフ 'uni51A9' に交差がある
INFO:最終チェックのグリフ 'uni51AC' に交差がある
INFO:最終チェックのグリフ 'uni51AD' に交差がある
INFO:最終チェックのグリフ 'uni51B3' に交差がある
INFO:最終チェックのグリフ 'uni51B6' に交差がある
INFO:最終チェックのグリフ 'uni51BC' に交差がある
INFO:最終チェックのグリフ 'uni51BD' に交差がある
INFO:最終チェックのグリフ 'uni51BE' に交差がある
INFO:最終チェックのグリフ 'uni51CC' に交差がある
INFO:最終チェックのグリフ 'uni51DD' に交差がある
INFO:最終チェックのグリフ 'uni51E0' に交差がある
INFO:最終チェックのグリフ 'uni51EE' に交差がある
INFO:最終チェックのグリフ 'uni51F3' に交差がある
INFO:最終チェックのグリフ 'uni5214' に交差がある
INFO:最終チェックのグリフ 'uni5229' に交差がある
INFO:最終チェックのグリフ 'uni5236' に交差がある
INFO:最終チェックのグリフ 'uni523B' に交差がある
INFO:最終チェックのグリフ 'uni5257' に交差がある
INFO:最終チェックのグリフ 'uni5263' に交差がある
INFO:最終チェックのグリフ 'uni5283' に交差がある
INFO:最終チェックのグリフ 'uni5293' に交差がある
INFO:最終チェックのグリフ 'uni52A4' に交差がある
INFO:最終チェックのグリフ 'uni52DD' に交差がある
INFO:最終チェックのグリフ 'uni52DE' に交差がある
INFO:最終チェックのグリフ 'uni52E2' に交差がある
INFO:最終チェックのグリフ 'uni52E3' に交差がある
INFO:最終チェックのグリフ 'uni5306' に交差がある
INFO:最終チェックのグリフ 'uni5317' に交差がある
INFO:最終チェックのグリフ 'uni5319' に交差がある
INFO:最終チェックのグリフ 'uni5339' に交差がある
INFO:最終チェックのグリフ 'uni533F' に交差がある
INFO:最終チェックのグリフ 'uni5354' に交差がある
INFO:最終チェックのグリフ 'uni536F' に交差がある
INFO:最終チェックのグリフ 'uni537F' に交差がある
INFO:最終チェックのグリフ 'uni5384' に交差がある
INFO:最終チェックのグリフ 'uni5396' に交差がある
INFO:最終チェックのグリフ 'uni539F' に交差がある
INFO:最終チェックのグリフ 'uni53A4' に交差がある
INFO:最終チェックのグリフ 'uni53AD' に交差がある
INFO:最終チェックのグリフ 'uni53B3' に交差がある
INFO:最終チェックのグリフ 'uni53D9' に交差がある
INFO:最終チェックのグリフ 'uni53DA' に交差がある
INFO:最終チェックのグリフ 'uni53E1' に交差がある
INFO:最終チェックのグリフ 'uni53F0' に交差がある
INFO:最終チェックのグリフ 'uni540A' に交差がある
INFO:最終チェックのグリフ 'uni541F' に交差がある
INFO:最終チェックのグリフ 'uni544A' に交差がある
INFO:最終チェックのグリフ 'uni547D' に交差がある
INFO:最終チェックのグリフ 'uni548A' に交差がある
INFO:最終チェックのグリフ 'uni548D' に交差がある
INFO:最終チェックのグリフ 'uni54A5' に交差がある
INFO:最終チェックのグリフ 'uni54AE' に交差がある
INFO:最終チェックのグリフ 'uni54B8' に交差がある
INFO:最終チェックのグリフ 'uni54C6' に交差がある
INFO:最終チェックのグリフ 'uni54EC' に交差がある
INFO:最終チェックのグリフ 'uni5506' に交差がある
INFO:最終チェックのグリフ 'uni553C' に交差がある
INFO:最終チェックのグリフ 'uni5544' に交差がある
INFO:最終チェックのグリフ 'uni557C' に交差がある
INFO:最終チェックのグリフ 'uni5581' に交差がある
INFO:最終チェックのグリフ 'uni5589' に交差がある
INFO:最終チェックのグリフ 'uni558A' に交差がある
INFO:最終チェックのグリフ 'uni558E' に交差がある
INFO:最終チェックのグリフ 'uni55AD' に交差がある
INFO:最終チェックのグリフ 'uni55C9' に交差がある
INFO:最終チェックのグリフ 'uni55D2' に交差がある
INFO:最終チェックのグリフ 'uni55DF' に交差がある
INFO:最終チェックのグリフ 'uni55F9' に交差がある
INFO:最終チェックのグリフ 'uni560E' に交差がある
INFO:最終チェックのグリフ 'uni5618' に交差がある
INFO:最終チェックのグリフ 'uni5630' に交差がある
INFO:最終チェックのグリフ 'uni5631' に交差がある
INFO:最終チェックのグリフ 'uni5642' に交差がある
INFO:最終チェックのグリフ 'uni5647' に交差がある
INFO:最終チェックのグリフ 'uni5649' に交差がある
INFO:最終チェックのグリフ 'uni566F' に交差がある
INFO:最終チェックのグリフ 'uni567A' に交差がある
INFO:最終チェックのグリフ 'uni5699' に交差がある
INFO:最終チェックのグリフ 'uni56AE' に交差がある
INFO:最終チェックのグリフ 'uni56B3' に交差がある
INFO:最終チェックのグリフ 'uni56B6' に交差がある
INFO:最終チェックのグリフ 'uni56C0' に交差がある
INFO:最終チェックのグリフ 'uni56C8' に交差がある
INFO:最終チェックのグリフ 'uni56CA' に交差がある
INFO:最終チェックのグリフ 'uni56CE' に交差がある
INFO:最終チェックのグリフ 'uni56D1' に交差がある
INFO:最終チェックのグリフ 'uni56D3' に交差がある
INFO:最終チェックのグリフ 'uni56FD' に交差がある
INFO:最終チェックのグリフ 'uni5734' に交差がある
INFO:最終チェックのグリフ 'uni5746' に交差がある
INFO:最終チェックのグリフ 'uni574D' に交差がある
INFO:最終チェックのグリフ 'uni5751' に交差がある
INFO:最終チェックのグリフ 'uni576F' に交差がある
INFO:最終チェックのグリフ 'uni5775' に交差がある
INFO:最終チェックのグリフ 'uni577B' に交差がある
INFO:最終チェックのグリフ 'uni57D2' に交差がある
INFO:最終チェックのグリフ 'uni57D3' に交差がある
INFO:最終チェックのグリフ 'uni57DE' に交差がある
INFO:最終チェックのグリフ 'uni57DF' に交差がある
INFO:最終チェックのグリフ 'uni57E3' に交差がある
INFO:最終チェックのグリフ 'uni57E6' に交差がある
INFO:最終チェックのグリフ 'uni57FC' に交差がある
INFO:最終チェックのグリフ 'uni5805' に交差がある
INFO:最終チェックのグリフ 'uni5840' に交差がある
INFO:最終チェックのグリフ 'uni5857' に交差がある
INFO:最終チェックのグリフ 'uni5867' に交差がある
INFO:最終チェックのグリフ 'uni586B' に交差がある
INFO:最終チェックのグリフ 'uni5872' に交差がある
INFO:最終チェックのグリフ 'uni5889' に交差がある
INFO:最終チェックのグリフ 'uni589D' に交差がある
INFO:最終チェックのグリフ 'uni58AB' に交差がある
INFO:最終チェックのグリフ 'uni58AE' に交差がある
INFO:最終チェックのグリフ 'uni58B1' に交差がある
INFO:最終チェックのグリフ 'uni58B9' に交差がある
INFO:最終チェックのグリフ 'uni58BB' に交差がある
INFO:最終チェックのグリフ 'uni58BE' に交差がある
INFO:最終チェックのグリフ 'uni58C7' に交差がある
INFO:最終チェックのグリフ 'uni58CC' に交差がある
INFO:最終チェックのグリフ 'uni58D5' に交差がある
INFO:最終チェックのグリフ 'uni58D7' に交差がある
INFO:最終チェックのグリフ 'uni58E2' に交差がある
INFO:最終チェックのグリフ 'uni58FA' に交差がある
INFO:最終チェックのグリフ 'uni590B' に交差がある
INFO:最終チェックのグリフ 'uni5919' に交差がある
INFO:最終チェックのグリフ 'uni591B' に交差がある
INFO:最終チェックのグリフ 'uni593E' に交差がある
INFO:最終チェックのグリフ 'uni5947' に交差がある
INFO:最終チェックのグリフ 'uni5948' に交差がある
INFO:最終チェックのグリフ 'uni5950' に交差がある
INFO:最終チェックのグリフ 'uni5953' に交差がある
INFO:最終チェックのグリフ 'uni5957' に交差がある
INFO:最終チェックのグリフ 'uni5960' に交差がある
INFO:最終チェックのグリフ 'uni596C' に交差がある
INFO:最終チェックのグリフ 'uni5974' に交差がある
INFO:最終チェックのグリフ 'uni5978' に交差がある
INFO:最終チェックのグリフ 'uni5996' に交差がある
INFO:最終チェックのグリフ 'uni59AC' に交差がある
INFO:最終チェックのグリフ 'uni59AE' に交差がある
INFO:最終チェックのグリフ 'uni59D2' に交差がある
INFO:最終チェックのグリフ 'uni59D9' に交差がある
INFO:最終チェックのグリフ 'uni59DD' に交差がある
INFO:最終チェックのグリフ 'uni59E4' に交差がある
INFO:最終チェックのグリフ 'uni59F8' に交差がある
INFO:最終チェックのグリフ 'uni59FF' に交差がある
INFO:最終チェックのグリフ 'uni5A01' に交差がある
INFO:最終チェックのグリフ 'uni5A13' に交差がある
INFO:最終チェックのグリフ 'uni5A17' に交差がある
INFO:最終チェックのグリフ 'uni5A18' に交差がある
INFO:最終チェックのグリフ 'uni5A25' に交差がある
INFO:最終チェックのグリフ 'uni5A49' に交差がある
INFO:最終チェックのグリフ 'uni5A65' に交差がある
INFO:最終チェックのグリフ 'uni5A66' に交差がある
INFO:最終チェックのグリフ 'uni5A67' に交差がある
INFO:最終チェックのグリフ 'uni5A77' に交差がある
INFO:最終チェックのグリフ 'uni5A7A' に交差がある
INFO:最終チェックのグリフ 'uni5A9E' に交差がある
INFO:最終チェックのグリフ 'uni5A9F' に交差がある
INFO:最終チェックのグリフ 'uni5AA2' に交差がある
INFO:最終チェックのグリフ 'uni5AB1' に交差がある
INFO:最終チェックのグリフ 'uni5AB3' に交差がある
INFO:最終チェックのグリフ 'uni5AB5' に交差がある
INFO:最終チェックのグリフ 'uni5ABE' に交差がある
INFO:最終チェックのグリフ 'uni5ABF' に交差がある
INFO:最終チェックのグリフ 'uni5AC1' に交差がある
INFO:最終チェックのグリフ 'uni5AD0' に交差がある
INFO:最終チェックのグリフ 'uni5AD7' に交差がある
INFO:最終チェックのグリフ 'uni5AE0' に交差がある
INFO:最終チェックのグリフ 'uni5AE1' に交差がある
INFO:最終チェックのグリフ 'uni5AE9' に交差がある
INFO:最終チェックのグリフ 'uni5AFB' に交差がある
INFO:最終チェックのグリフ 'uni5B09' に交差がある
INFO:最終チェックのグリフ 'uni5B25' に交差がある
INFO:最終チェックのグリフ 'uni5B30' に交差がある
INFO:最終チェックのグリフ 'uni5B43' に交差がある
INFO:最終チェックのグリフ 'uni5B45' に交差がある
INFO:最終チェックのグリフ 'uni5B4C' に交差がある
INFO:最終チェックのグリフ 'uni5B69' に交差がある
INFO:最終チェックのグリフ 'uni5B71' に交差がある
INFO:最終チェックのグリフ 'uni5B9A' に交差がある
INFO:最終チェックのグリフ 'uni5BB8' に交差がある
INFO:最終チェックのグリフ 'uni5BC2' に交差がある
INFO:最終チェックのグリフ 'uni5BC6' に交差がある
INFO:最終チェックのグリフ 'uni5BE5' に交差がある
INFO:最終チェックのグリフ 'uni5BEB' に交差がある
INFO:最終チェックのグリフ 'uni5BF0' に交差がある
INFO:最終チェックのグリフ 'uni5BF3' に交差がある
INFO:最終チェックのグリフ 'uni5BF6' に交差がある
INFO:最終チェックのグリフ 'uni5C01' に交差がある
INFO:最終チェックのグリフ 'uni5C0A' に交差がある
INFO:最終チェックのグリフ 'uni5C11' に交差がある
INFO:最終チェックのグリフ 'uni5C20' に交差がある
INFO:最終チェックのグリフ 'uni5C29' に交差がある
INFO:最終チェックのグリフ 'uni5C3A' に交差がある
INFO:最終チェックのグリフ 'uni5C4B' に交差がある
INFO:最終チェックのグリフ 'uni5C4D' に交差がある
INFO:最終チェックのグリフ 'uni5C50' に交差がある
INFO:最終チェックのグリフ 'uni5C60' に交差がある
INFO:最終チェックのグリフ 'uni5C61' に交差がある
INFO:最終チェックのグリフ 'uni5C63' に交差がある
INFO:最終チェックのグリフ 'uni5C64' に交差がある
INFO:最終チェックのグリフ 'uni5C65' に交差がある
INFO:最終チェックのグリフ 'uni5CA0' に交差がある
INFO:最終チェックのグリフ 'uni5CBB' に交差がある
INFO:最終チェックのグリフ 'uni5D1A' に交差がある
INFO:最終チェックのグリフ 'uni5D24' に交差がある
INFO:最終チェックのグリフ 'uni5D39' に交差がある
INFO:最終チェックのグリフ 'uni5D4A' に交差がある
INFO:最終チェックのグリフ 'uni5D5C' に交差がある
INFO:最終チェックのグリフ 'uni5D61' に交差がある
INFO:最終チェックのグリフ 'uni5D88' に交差がある
INFO:最終チェックのグリフ 'uni5D9D' に交差がある
INFO:最終チェックのグリフ 'uni5DBD' に交差がある
INFO:最終チェックのグリフ 'uni5DC9' に交差がある
INFO:最終チェックのグリフ 'uni5DD1' に交差がある
INFO:最終チェックのグリフ 'uni5DD2' に交差がある
INFO:最終チェックのグリフ 'uni5DD6' に交差がある
INFO:最終チェックのグリフ 'uni5DD7' に交差がある
INFO:最終チェックのグリフ 'uni5DD8' に交差がある
INFO:最終チェックのグリフ 'uni5DE4' に交差がある
INFO:最終チェックのグリフ 'uni5DE7' に交差がある
INFO:最終チェックのグリフ 'uni5DE9' に交差がある
INFO:最終チェックのグリフ 'uni5DEB' に交差がある
INFO:最終チェックのグリフ 'uni5DEE' に交差がある
INFO:最終チェックのグリフ 'uni5E0C' に交差がある
INFO:最終チェックのグリフ 'uni5E19' に交差がある
INFO:最終チェックのグリフ 'uni5E1D' に交差がある
INFO:最終チェックのグリフ 'uni5E54' に交差がある
INFO:最終チェックのグリフ 'uni5E58' に交差がある
INFO:最終チェックのグリフ 'uni5E5E' に交差がある
INFO:最終チェックのグリフ 'uni5E5F' に交差がある
INFO:最終チェックのグリフ 'uni5E61' に交差がある
INFO:最終チェックのグリフ 'uni5E6D' に交差がある
INFO:最終チェックのグリフ 'uni5E7F' に交差がある
INFO:最終チェックのグリフ 'uni5E83' に交差がある
INFO:最終チェックのグリフ 'uni5E8F' に交差がある
INFO:最終チェックのグリフ 'uni5E9C' に交差がある
INFO:最終チェックのグリフ 'uni5EA7' に交差がある
INFO:最終チェックのグリフ 'uni5EAC' に交差がある
INFO:最終チェックのグリフ 'uni5EB7' に交差がある
INFO:最終チェックのグリフ 'uni5EB8' に交差がある
INFO:最終チェックのグリフ 'uni5EC1' に交差がある
INFO:最終チェックのグリフ 'uni5EC2' に交差がある
INFO:最終チェックのグリフ 'uni5EC6' に交差がある
INFO:最終チェックのグリフ 'uni5ECF' に交差がある
INFO:最終チェックのグリフ 'uni5ED0' に交差がある
INFO:最終チェックのグリフ 'uni5EDB' に交差がある
INFO:最終チェックのグリフ 'uni5EDD' に交差がある
INFO:最終チェックのグリフ 'uni5EF3' に交差がある
INFO:最終チェックのグリフ 'uni5EF6' に交差がある
INFO:最終チェックのグリフ 'uni5EF9' に交差がある
INFO:最終チェックのグリフ 'uni5EFA' に交差がある
INFO:最終チェックのグリフ 'uni5EFC' に交差がある
INFO:最終チェックのグリフ 'uni5F03' に交差がある
INFO:最終チェックのグリフ 'uni5F10' に交差がある
INFO:最終チェックのグリフ 'uni5F18' に交差がある
INFO:最終チェックのグリフ 'uni5F27' に交差がある
INFO:最終チェックのグリフ 'uni5F4E' に交差がある
INFO:最終チェックのグリフ 'uni5F51' に交差がある
INFO:最終チェックのグリフ 'uni5F5D' に交差がある
INFO:最終チェックのグリフ 'uni5F64' に交差がある
INFO:最終チェックのグリフ 'uni5F67' に交差がある
INFO:最終チェックのグリフ 'uni5F71' に交差がある
INFO:最終チェックのグリフ 'uni5F7D' に交差がある
INFO:最終チェックのグリフ 'uni5F81' に交差がある
INFO:最終チェックのグリフ 'uni5F83' に交差がある
INFO:最終チェックのグリフ 'uni5F88' に交差がある
INFO:最終チェックのグリフ 'uni5F8C' に交差がある
INFO:最終チェックのグリフ 'uni5F93' に交差がある
INFO:最終チェックのグリフ 'uni5F99' に交差がある
INFO:最終チェックのグリフ 'uni5FB5' に交差がある
INFO:最終チェックのグリフ 'uni5FB8' に交差がある
INFO:最終チェックのグリフ 'uni5FBD' に交差がある
INFO:最終チェックのグリフ 'uni5FD2' に交差がある
INFO:最終チェックのグリフ 'uni5FDE' に交差がある
INFO:最終チェックのグリフ 'uni5FE0' に交差がある
INFO:最終チェックのグリフ 'uni5FE2' に交差がある
INFO:最終チェックのグリフ 'uni5FEF' に交差がある
INFO:最終チェックのグリフ 'uni5FF0' に交差がある
INFO:最終チェックのグリフ 'uni5FF5' に交差がある
INFO:最終チェックのグリフ 'uni5FFF' に交差がある
INFO:最終チェックのグリフ 'uni6014' に交差がある
INFO:最終チェックのグリフ 'uni6024' に交差がある
INFO:最終チェックのグリフ 'uni6031' に交差がある
INFO:最終チェックのグリフ 'uni603A' に交差がある
INFO:最終チェックのグリフ 'uni6083' に交差がある
INFO:最終チェックのグリフ 'uni6084' に交差がある
INFO:最終チェックのグリフ 'uni6085' に交差がある
INFO:最終チェックのグリフ 'uni608C' に交差がある
INFO:最終チェックのグリフ 'uni6097' に交差がある
INFO:最終チェックのグリフ 'uni60A7' に交差がある
INFO:最終チェックのグリフ 'uni60B6' に交差がある
INFO:最終チェックのグリフ 'uni60BD' に交差がある
INFO:最終チェックのグリフ 'uni60DD' に交差がある
INFO:最終チェックのグリフ 'uni60DE' に交差がある
INFO:最終チェックのグリフ 'uni60E0' に交差がある
INFO:最終チェックのグリフ 'uni6106' に交差がある
INFO:最終チェックのグリフ 'uni6108' に交差がある
INFO:最終チェックのグリフ 'uni610D' に交差がある
INFO:最終チェックのグリフ 'uni6130' に交差がある
INFO:最終チェックのグリフ 'uni6134' に交差がある
INFO:最終チェックのグリフ 'uni6146' に交差がある
INFO:最終チェックのグリフ 'uni6148' に交差がある
INFO:最終チェックのグリフ 'uni614B' に交差がある
INFO:最終チェックのグリフ 'uni614C' に交差がある
INFO:最終チェックのグリフ 'uni6155' に交差がある
INFO:最終チェックのグリフ 'uni6173' に交差がある
INFO:最終チェックのグリフ 'uni618D' に交差がある
INFO:最終チェックのグリフ 'uni6193' に交差がある
INFO:最終チェックのグリフ 'uni61A7' に交差がある
INFO:最終チェックのグリフ 'uni61BA' に交差がある
INFO:最終チェックのグリフ 'uni61C7' に交差がある
INFO:最終チェックのグリフ 'uni61C8' に交差がある
INFO:最終チェックのグリフ 'uni61C9' に交差がある
INFO:最終チェックのグリフ 'uni61CB' に交差がある
INFO:最終チェックのグリフ 'uni61DD' に交差がある
INFO:最終チェックのグリフ 'uni61F4' に交差がある
INFO:最終チェックのグリフ 'uni61F8' に交差がある
INFO:最終チェックのグリフ 'uni61FE' に交差がある
INFO:最終チェックのグリフ 'uni61FF' に交差がある
INFO:最終チェックのグリフ 'uni6200' に交差がある
INFO:最終チェックのグリフ 'uni6209' に交差がある
INFO:最終チェックのグリフ 'uni620A' に交差がある
INFO:最終チェックのグリフ 'uni6213' に交差がある
INFO:最終チェックのグリフ 'uni6214' に交差がある
INFO:最終チェックのグリフ 'uni621F' に交差がある
INFO:最終チェックのグリフ 'uni6221' に交差がある
INFO:最終チェックのグリフ 'uni623B' に交差がある
INFO:最終チェックのグリフ 'uni623E' に交差がある
INFO:最終チェックのグリフ 'uni6240' に交差がある
INFO:最終チェックのグリフ 'uni6249' に交差がある
INFO:最終チェックのグリフ 'uni6253' に交差がある
INFO:最終チェックのグリフ 'uni6260' に交差がある
INFO:最終チェックのグリフ 'uni6261' に交差がある
INFO:最終チェックのグリフ 'uni6279' に交差がある
INFO:最終チェックのグリフ 'uni627E' に交差がある
INFO:最終チェックのグリフ 'uni6284' に交差がある
INFO:最終チェックのグリフ 'uni6291' に交差がある
INFO:最終チェックのグリフ 'uni6292' に交差がある
INFO:最終チェックのグリフ 'uni6296' に交差がある
INFO:最終チェックのグリフ 'uni6297' に交差がある
INFO:最終チェックのグリフ 'uni62B5' に交差がある
INFO:最終チェックのグリフ 'uni62BD' に交差がある
INFO:最終チェックのグリフ 'uni62C2' に交差がある
INFO:最終チェックのグリフ 'uni62C6' に交差がある
INFO:最終チェックのグリフ 'uni62C9' に交差がある
INFO:最終チェックのグリフ 'uni62CA' に交差がある
INFO:最終チェックのグリフ 'uni62D3' に交差がある
INFO:最終チェックのグリフ 'uni62DD' に交差がある
INFO:最終チェックのグリフ 'uni62E0' に交差がある
INFO:最終チェックのグリフ 'uni62E1' に交差がある
INFO:最終チェックのグリフ 'uni62ED' に交差がある
INFO:最終チェックのグリフ 'uni62F7' に交差がある
INFO:最終チェックのグリフ 'uni62FD' に交差がある
INFO:最終チェックのグリフ 'uni62FE' に交差がある
INFO:最終チェックのグリフ 'uni630D' に交差がある
INFO:最終チェックのグリフ 'uni6311' に交差がある
INFO:最終チェックのグリフ 'uni631F' に交差がある
INFO:最終チェックのグリフ 'uni6327' に交差がある
INFO:最終チェックのグリフ 'uni6328' に交差がある
INFO:最終チェックのグリフ 'uni633A' に交差がある
INFO:最終チェックのグリフ 'uni633B' に交差がある
INFO:最終チェックのグリフ 'uni633D' に交差がある
INFO:最終チェックのグリフ 'uni633E' に交差がある
INFO:最終チェックのグリフ 'uni6344' に交差がある
INFO:最終チェックのグリフ 'uni6365' に交差がある
INFO:最終チェックのグリフ 'uni6367' に交差がある
INFO:最終チェックのグリフ 'uni6368' に交差がある
INFO:最終チェックのグリフ 'uni636B' に交差がある
INFO:最終チェックのグリフ 'uni6372' に交差がある
INFO:最終チェックのグリフ 'uni6376' に交差がある
INFO:最終チェックのグリフ 'uni637B' に交差がある
INFO:最終チェックのグリフ 'uni6384' に交差がある
INFO:最終チェックのグリフ 'uni638F' に交差がある
INFO:最終チェックのグリフ 'uni6392' に交差がある
INFO:最終チェックのグリフ 'uni6396' に交差がある
INFO:最終チェックのグリフ 'uni639F' に交差がある
INFO:最終チェックのグリフ 'uni63A0' に交差がある
INFO:最終チェックのグリフ 'uni63A2' に交差がある
INFO:最終チェックのグリフ 'uni63A7' に交差がある
INFO:最終チェックのグリフ 'uni63A9' に交差がある
INFO:最終チェックのグリフ 'uni63B4' に交差がある
INFO:最終チェックのグリフ 'uni63B5' に交差がある
INFO:最終チェックのグリフ 'uni63BB' に交差がある
INFO:最終チェックのグリフ 'uni63BE' に交差がある
INFO:最終チェックのグリフ 'uni63C0' に交差がある
INFO:最終チェックのグリフ 'uni63C3' に交差がある
INFO:最終チェックのグリフ 'uni63C4' に交差がある
INFO:最終チェックのグリフ 'uni63CF' に交差がある
INFO:最終チェックのグリフ 'uni63D0' に交差がある
INFO:最終チェックのグリフ 'uni63DB' に交差がある
INFO:最終チェックのグリフ 'uni63E0' に交差がある
INFO:最終チェックのグリフ 'uni63E5' に交差がある
INFO:最終チェックのグリフ 'uni63E9' に交差がある
INFO:最終チェックのグリフ 'uni63EC' に交差がある
INFO:最終チェックのグリフ 'uni63ED' に交差がある
INFO:最終チェックのグリフ 'uni63EE' に交差がある
INFO:最終チェックのグリフ 'uni63F5' に交差がある
INFO:最終チェックのグリフ 'uni63F6' に交差がある
INFO:最終チェックのグリフ 'uni6406' に交差がある
INFO:最終チェックのグリフ 'uni640F' に交差がある
INFO:最終チェックのグリフ 'uni6413' に交差がある
INFO:最終チェックのグリフ 'uni6414' に交差がある
INFO:最終チェックのグリフ 'uni6417' に交差がある
INFO:最終チェックのグリフ 'uni6426' に交差がある
INFO:最終チェックのグリフ 'uni6428' に交差がある
INFO:最終チェックのグリフ 'uni643E' に交差がある
INFO:最終チェックのグリフ 'uni6442' に交差がある
INFO:最終チェックのグリフ 'uni644E' に交差がある
INFO:最終チェックのグリフ 'uni6451' に交差がある
INFO:最終チェックのグリフ 'uni6458' に交差がある
INFO:最終チェックのグリフ 'uni6478' に交差がある
INFO:最終チェックのグリフ 'uni647A' に交差がある
INFO:最終チェックのグリフ 'uni6492' に交差がある
INFO:最終チェックのグリフ 'uni649A' に交差がある
INFO:最終チェックのグリフ 'uni649D' に交差がある
INFO:最終チェックのグリフ 'uni649E' に交差がある
INFO:最終チェックのグリフ 'uni649F' に交差がある
INFO:最終チェックのグリフ 'uni64A5' に交差がある
INFO:最終チェックのグリフ 'uni64A9' に交差がある
INFO:最終チェックのグリフ 'uni64AE' に交差がある
INFO:最終チェックのグリフ 'uni64B0' に交差がある
INFO:最終チェックのグリフ 'uni64B2' に交差がある
INFO:最終チェックのグリフ 'uni64B9' に交差がある
INFO:最終チェックのグリフ 'uni64C2' に交差がある
INFO:最終チェックのグリフ 'uni64C4' に交差がある
INFO:最終チェックのグリフ 'uni64C5' に交差がある
INFO:最終チェックのグリフ 'uni64CA' に交差がある
INFO:最終チェックのグリフ 'uni64D0' に交差がある
INFO:最終チェックのグリフ 'uni64D2' に交差がある
INFO:最終チェックのグリフ 'uni64D5' に交差がある
INFO:最終チェックのグリフ 'uni64DA' に交差がある
INFO:最終チェックのグリフ 'uni64E2' に交差がある
INFO:最終チェックのグリフ 'uni64E3' に交差がある
INFO:最終チェックのグリフ 'uni64E6' に交差がある
INFO:最終チェックのグリフ 'uni64EC' に交差がある
INFO:最終チェックのグリフ 'uni64F2' に交差がある
INFO:最終チェックのグリフ 'uni64F4' に交差がある
INFO:最終チェックのグリフ 'uni64F7' に交差がある
INFO:最終チェックのグリフ 'uni64FD' に交差がある
INFO:最終チェックのグリフ 'uni6504' に交差がある
INFO:最終チェックのグリフ 'uni6518' に交差がある
INFO:最終チェックのグリフ 'uni651D' に交差がある
INFO:最終チェックのグリフ 'uni6523' に交差がある
INFO:最終チェックのグリフ 'uni652A' に交差がある
INFO:最終チェックのグリフ 'uni652F' に交差がある
INFO:最終チェックのグリフ 'uni6532' に交差がある
INFO:最終チェックのグリフ 'uni6536' に交差がある
INFO:最終チェックのグリフ 'uni653B' に交差がある
INFO:最終チェックのグリフ 'uni653F' に交差がある
INFO:最終チェックのグリフ 'uni6545' に交差がある
INFO:最終チェックのグリフ 'uni6551' に交差がある
INFO:最終チェックのグリフ 'uni6554' に交差がある
INFO:最終チェックのグリフ 'uni6559' に交差がある
INFO:最終チェックのグリフ 'uni655D' に交差がある
INFO:最終チェックのグリフ 'uni656C' に交差がある
INFO:最終チェックのグリフ 'uni6572' に交差がある
INFO:最終チェックのグリフ 'uni6574' に交差がある
INFO:最終チェックのグリフ 'uni6577' に交差がある
INFO:最終チェックのグリフ 'uni6584' に交差がある
INFO:最終チェックのグリフ 'uni6585' に交差がある
INFO:最終チェックのグリフ 'uni6591' に交差がある
INFO:最終チェックのグリフ 'uni659C' に交差がある
INFO:最終チェックのグリフ 'uni65A5' に交差がある
INFO:最終チェックのグリフ 'uni65A7' に交差がある
INFO:最終チェックのグリフ 'uni65B2' に交差がある
INFO:最終チェックのグリフ 'uni65B7' に交差がある
INFO:最終チェックのグリフ 'uni65BC' に交差がある
INFO:最終チェックのグリフ 'uni65CB' に交差がある
INFO:最終チェックのグリフ 'uni65CC' に交差がある
INFO:最終チェックのグリフ 'uni65D2' に交差がある
INFO:最終チェックのグリフ 'uni65DB' に交差がある
INFO:最終チェックのグリフ 'uni65E8' に交差がある
INFO:最終チェックのグリフ 'uni662B' に交差がある
INFO:最終チェックのグリフ 'uni6642' に交差がある
INFO:最終チェックのグリフ 'uni6663' に交差がある
INFO:最終チェックのグリフ 'uni6666' に交差がある
INFO:最終チェックのグリフ 'uni6667' に交差がある
INFO:最終チェックのグリフ 'uni6670' に交差がある
INFO:最終チェックのグリフ 'uni667A' に交差がある
INFO:最終チェックのグリフ 'uni6690' に交差がある
INFO:最終チェックのグリフ 'uni66BE' に交差がある
INFO:最終チェックのグリフ 'uni66E0' に交差がある
INFO:最終チェックのグリフ 'uni66E9' に交差がある
INFO:最終チェックのグリフ 'uni66EC' に交差がある
INFO:最終チェックのグリフ 'uni66F3' に交差がある
INFO:最終チェックのグリフ 'uni66F7' に交差がある
INFO:最終チェックのグリフ 'uni66FB' に交差がある
INFO:最終チェックのグリフ 'uni6701' に交差がある
INFO:最終チェックのグリフ 'uni6717' に交差がある
INFO:最終チェックのグリフ 'uni671F' に交差がある
INFO:最終チェックのグリフ 'uni672C' に交差がある
INFO:最終チェックのグリフ 'uni674C' に交差がある
INFO:最終チェックのグリフ 'uni674D' に交差がある
INFO:最終チェックのグリフ 'uni6750' に交差がある
INFO:最終チェックのグリフ 'uni675C' に交差がある
INFO:最終チェックのグリフ 'uni676F' に交差がある
INFO:最終チェックのグリフ 'uni6770' に交差がある
INFO:最終チェックのグリフ 'uni6787' に交差がある
INFO:最終チェックのグリフ 'uni678B' に交差がある
INFO:最終チェックのグリフ 'uni6797' に交差がある
INFO:最終チェックのグリフ 'uni679A' に交差がある
INFO:最終チェックのグリフ 'uni679B' に交差がある
INFO:最終チェックのグリフ 'uni67C4' に交差がある
INFO:最終チェックのグリフ 'uni67D4' に交差がある
INFO:最終チェックのグリフ 'uni67E2' に交差がある
INFO:最終チェックのグリフ 'uni67F0' に交差がある
INFO:最終チェックのグリフ 'uni67F3' に交差がある
INFO:最終チェックのグリフ 'uni67FB' に交差がある
INFO:最終チェックのグリフ 'uni6801' に交差がある
INFO:最終チェックのグリフ 'uni681F' に交差がある
INFO:最終チェックのグリフ 'uni6821' に交差がある
INFO:最終チェックのグリフ 'uni682C' に交差がある
INFO:最終チェックのグリフ 'uni6831' に交差がある
INFO:最終チェックのグリフ 'uni6832' に交差がある
INFO:最終チェックのグリフ 'uni683B' に交差がある
INFO:最終チェックのグリフ 'uni6843' に交差がある
INFO:最終チェックのグリフ 'uni6849' に交差がある
INFO:最終チェックのグリフ 'uni684C' に交差がある
INFO:最終チェックのグリフ 'uni684D' に交差がある
INFO:最終チェックのグリフ 'uni6850' に交差がある
INFO:最終チェックのグリフ 'uni6851' に交差がある
INFO:最終チェックのグリフ 'uni6867' に交差がある
INFO:最終チェックのグリフ 'uni6872' に交差がある
INFO:最終チェックのグリフ 'uni6875' に交差がある
INFO:最終チェックのグリフ 'uni6876' に交差がある
INFO:最終チェックのグリフ 'uni687C' に交差がある
INFO:最終チェックのグリフ 'uni6882' に交差がある
INFO:最終チェックのグリフ 'uni6890' に交差がある
INFO:最終チェックのグリフ 'uni6894' に交差がある
INFO:最終チェックのグリフ 'uni6899' に交差がある
INFO:最終チェックのグリフ 'uni689A' に交差がある
INFO:最終チェックのグリフ 'uni68A3' に交差がある
INFO:最終チェックのグリフ 'uni68A7' に交差がある
INFO:最終チェックのグリフ 'uni68B0' に交差がある
INFO:最終チェックのグリフ 'uni68B1' に交差がある
INFO:最終チェックのグリフ 'uni68B2' に交差がある
INFO:最終チェックのグリフ 'uni68BC' に交差がある
INFO:最終チェックのグリフ 'uni68D0' に交差がある
INFO:最終チェックのグリフ 'uni68D6' に交差がある
INFO:最終チェックのグリフ 'uni68E4' に交差がある
INFO:最終チェックのグリフ 'uni68E8' に交差がある
INFO:最終チェックのグリフ 'uni68EF' に交差がある
INFO:最終チェックのグリフ 'uni68F0' に交差がある
INFO:最終チェックのグリフ 'uni68F1' に交差がある
INFO:最終チェックのグリフ 'uni6908' に交差がある
INFO:最終チェックのグリフ 'uni6923' に交差がある
INFO:最終チェックのグリフ 'uni6925' に交差がある
INFO:最終チェックのグリフ 'uni6926' に交差がある
INFO:最終チェックのグリフ 'uni6942' に交差がある
INFO:最終チェックのグリフ 'uni6949' に交差がある
INFO:最終チェックのグリフ 'uni6954' に交差がある
INFO:最終チェックのグリフ 'uni6960' に交差がある
INFO:最終チェックのグリフ 'uni6974' に交差がある
INFO:最終チェックのグリフ 'uni697C' に交差がある
INFO:最終チェックのグリフ 'uni697E' に交差がある
INFO:最終チェックのグリフ 'uni697F' に交差がある
INFO:最終チェックのグリフ 'uni6981' に交差がある
INFO:最終チェックのグリフ 'uni698A' に交差がある
INFO:最終チェックのグリフ 'uni6996' に交差がある
INFO:最終チェックのグリフ 'uni69C1' に交差がある
INFO:最終チェックのグリフ 'uni69C3' に交差がある
INFO:最終チェックのグリフ 'uni69CD' に交差がある
INFO:最終チェックのグリフ 'uni69CE' に交差がある
INFO:最終チェックのグリフ 'uni69D8' に交差がある
INFO:最終チェックのグリフ 'uni69DD' に交差がある
INFO:最終チェックのグリフ 'uni69E2' に交差がある
INFO:最終チェックのグリフ 'uni69E9' に交差がある
INFO:最終チェックのグリフ 'uni69EB' に交差がある
INFO:最終チェックのグリフ 'uni69ED' に交差がある
INFO:最終チェックのグリフ 'uni69EE' に交差がある
INFO:最終チェックのグリフ 'uni69FD' に交差がある
INFO:最終チェックのグリフ 'uni6A05' に交差がある
INFO:最終チェックのグリフ 'uni6A0B' に交差がある
INFO:最終チェックのグリフ 'uni6A0C' に交差がある
INFO:最終チェックのグリフ 'uni6A11' に交差がある
INFO:最終チェックのグリフ 'uni6A12' に交差がある
INFO:最終チェックのグリフ 'uni6A14' に交差がある
INFO:最終チェックのグリフ 'uni6A19' に交差がある
INFO:最終チェックのグリフ 'uni6A1B' に交差がある
INFO:最終チェックのグリフ 'uni6A23' に交差がある
INFO:最終チェックのグリフ 'uni6A2B' に交差がある
INFO:最終チェックのグリフ 'uni6A30' に交差がある
INFO:最終チェックのグリフ 'uni6A32' に交差がある
INFO:最終チェックのグリフ 'uni6A38' に交差がある
INFO:最終チェックのグリフ 'uni6A3B' に交差がある
INFO:最終チェックのグリフ 'uni6A47' に交差がある
INFO:最終チェックのグリフ 'uni6A48' に交差がある
INFO:最終チェックのグリフ 'uni6A56' に交差がある
INFO:最終チェックのグリフ 'uni6A59' に交差がある
INFO:最終チェックのグリフ 'uni6A5B' に交差がある
INFO:最終チェックのグリフ 'uni6A66' に交差がある
INFO:最終チェックのグリフ 'uni6A6B' に交差がある
INFO:最終チェックのグリフ 'uni6A72' に交差がある
INFO:最終チェックのグリフ 'uni6A78' に交差がある
INFO:最終チェックのグリフ 'uni6A7A' に交差がある
INFO:最終チェックのグリフ 'uni6A89' に交差がある
INFO:最終チェックのグリフ 'uni6A90' に交差がある
INFO:最終チェックのグリフ 'uni6AA0' に交差がある
INFO:最終チェックのグリフ 'uni6AA2' に交差がある
INFO:最終チェックのグリフ 'uni6AA3' に交差がある
INFO:最終チェックのグリフ 'uni6AA5' に交差がある
INFO:最終チェックのグリフ 'uni6AAC' に交差がある
INFO:最終チェックのグリフ 'uni6AB3' に交差がある
INFO:最終チェックのグリフ 'uni6AC1' に交差がある
INFO:最終チェックのグリフ 'uni6AC3' に交差がある
INFO:最終チェックのグリフ 'uni6AC6' に交差がある
INFO:最終チェックのグリフ 'uni6AD3' に交差がある
INFO:最終チェックのグリフ 'uni6AEA' に交差がある
INFO:最終チェックのグリフ 'uni6AF2' に交差がある
INFO:最終チェックのグリフ 'uni6AFB' に交差がある
INFO:最終チェックのグリフ 'uni6AFD' に交差がある
INFO:最終チェックのグリフ 'uni6B05' に交差がある
INFO:最終チェックのグリフ 'uni6B11' に交差がある
INFO:最終チェックのグリフ 'uni6B12' に交差がある
INFO:最終チェックのグリフ 'uni6B20' に交差がある
INFO:最終チェックのグリフ 'uni6B21' に交差がある
INFO:最終チェックのグリフ 'uni6B23' に交差がある
INFO:最終チェックのグリフ 'uni6B32' に交差がある
INFO:最終チェックのグリフ 'uni6B37' に交差がある
INFO:最終チェックのグリフ 'uni6B39' に交差がある
INFO:最終チェックのグリフ 'uni6B46' に交差がある
INFO:最終チェックのグリフ 'uni6B58' に交差がある
INFO:最終チェックのグリフ 'uni6B5F' に交差がある
INFO:最終チェックのグリフ 'uni6B60' に交差がある
INFO:最終チェックのグリフ 'uni6B66' に交差がある
INFO:最終チェックのグリフ 'uni6B73' に交差がある
INFO:最終チェックのグリフ 'uni6B74' に交差がある
INFO:最終チェックのグリフ 'uni6B77' に交差がある
INFO:最終チェックのグリフ 'uni6B83' に交差がある
INFO:最終チェックのグリフ 'uni6B84' に交差がある
INFO:最終チェックのグリフ 'uni6B86' に交差がある
INFO:最終チェックのグリフ 'uni6B8B' に交差がある
INFO:最終チェックのグリフ 'uni6BB1' に交差がある
INFO:最終チェックのグリフ 'uni6BB7' に交差がある
INFO:最終チェックのグリフ 'uni6BBE' に交差がある
INFO:最終チェックのグリフ 'uni6BBF' に交差がある
INFO:最終チェックのグリフ 'uni6BD6' に交差がある
INFO:最終チェックのグリフ 'uni6BDA' に交差がある
INFO:最終チェックのグリフ 'uni6BDF' に交差がある
INFO:最終チェックのグリフ 'uni6BEB' に交差がある
INFO:最終チェックのグリフ 'uni6BEE' に交差がある
INFO:最終チェックのグリフ 'uni6BF1' に交差がある
INFO:最終チェックのグリフ 'uni6BFF' に交差がある
INFO:最終チェックのグリフ 'uni6C02' に交差がある
INFO:最終チェックのグリフ 'uni6C17' に交差がある
INFO:最終チェックのグリフ 'uni6C33' に交差がある
INFO:最終チェックのグリフ 'uni6C3E' に交差がある
INFO:最終チェックのグリフ 'uni6C41' に交差がある
INFO:最終チェックのグリフ 'uni6C50' に交差がある
INFO:最終チェックのグリフ 'uni6C57' に交差がある
INFO:最終チェックのグリフ 'uni6C67' に交差がある
INFO:最終チェックのグリフ 'uni6C7A' に交差がある
INFO:最終チェックのグリフ 'uni6C81' に交差がある
INFO:最終チェックのグリフ 'uni6C84' に交差がある
INFO:最終チェックのグリフ 'uni6CAA' に交差がある
INFO:最終チェックのグリフ 'uni6CAD' に交差がある
INFO:最終チェックのグリフ 'uni6CB1' に交差がある
INFO:最終チェックのグリフ 'uni6CC4' に交差がある
INFO:最終チェックのグリフ 'uni6CC5' に交差がある
INFO:最終チェックのグリフ 'uni6CCC' に交差がある
INFO:最終チェックのグリフ 'uni6CD3' に交差がある
INFO:最終チェックのグリフ 'uni6CD4' に交差がある
INFO:最終チェックのグリフ 'uni6CD5' に交差がある
INFO:最終チェックのグリフ 'uni6CD6' に交差がある
INFO:最終チェックのグリフ 'uni6CDC' に交差がある
INFO:最終チェックのグリフ 'uni6CDD' に交差がある
INFO:最終チェックのグリフ 'uni6CE2' に交差がある
INFO:最終チェックのグリフ 'uni6CEE' に交差がある
INFO:最終チェックのグリフ 'uni6D0A' に交差がある
INFO:最終チェックのグリフ 'uni6D0C' に交差がある
INFO:最終チェックのグリフ 'uni6D2F' に交差がある
INFO:最終チェックのグリフ 'uni6D32' に交差がある
INFO:最終チェックのグリフ 'uni6D59' に交差がある
INFO:最終チェックのグリフ 'uni6D60' に交差がある
INFO:最終チェックのグリフ 'uni6D64' に交差がある
INFO:最終チェックのグリフ 'uni6D69' に交差がある
INFO:最終チェックのグリフ 'uni6D6F' に交差がある
INFO:最終チェックのグリフ 'uni6D70' に交差がある
INFO:最終チェックのグリフ 'uni6D79' に交差がある
INFO:最終チェックのグリフ 'uni6D81' に交差がある
INFO:最終チェックのグリフ 'uni6D8E' に交差がある
INFO:最終チェックのグリフ 'uni6D95' に交差がある
INFO:最終チェックのグリフ 'uni6D96' に交差がある
INFO:最終チェックのグリフ 'uni6D9C' に交差がある
INFO:最終チェックのグリフ 'uni6DAC' に交差がある
INFO:最終チェックのグリフ 'uni6DAF' に交差がある
INFO:最終チェックのグリフ 'uni6DB2' に交差がある
INFO:最終チェックのグリフ 'uni6DB5' に交差がある
INFO:最終チェックのグリフ 'uni6DC7' に交差がある
INFO:最終チェックのグリフ 'uni6DC8' に交差がある
INFO:最終チェックのグリフ 'uni6DCF' に交差がある
INFO:最終チェックのグリフ 'uni6DD5' に交差がある
INFO:最終チェックのグリフ 'uni6DD8' に交差がある
INFO:最終チェックのグリフ 'uni6DDB' に交差がある
INFO:最終チェックのグリフ 'uni6DF2' に交差がある
INFO:最終チェックのグリフ 'uni6DFC' に交差がある
INFO:最終チェックのグリフ 'uni6E09' に交差がある
INFO:最終チェックのグリフ 'uni6E17' に交差がある
INFO:最終チェックのグリフ 'uni6E20' に交差がある
INFO:最終チェックのグリフ 'uni6E22' に交差がある
INFO:最終チェックのグリフ 'uni6E23' に交差がある
INFO:最終チェックのグリフ 'uni6E27' に交差がある
INFO:最終チェックのグリフ 'uni6E29' に交差がある
INFO:最終チェックのグリフ 'uni6E32' に交差がある
INFO:最終チェックのグリフ 'uni6E34' に交差がある
INFO:最終チェックのグリフ 'uni6E3A' に交差がある
INFO:最終チェックのグリフ 'uni6E49' に交差がある
INFO:最終チェックのグリフ 'uni6E54' に交差がある
INFO:最終チェックのグリフ 'uni6E56' に交差がある
INFO:最終チェックのグリフ 'uni6E57' に交差がある
INFO:最終チェックのグリフ 'uni6E63' に交差がある
INFO:最終チェックのグリフ 'uni6E6B' に交差がある
INFO:最終チェックのグリフ 'uni6E6E' に交差がある
INFO:最終チェックのグリフ 'uni6E72' に交差がある
INFO:最終チェックのグリフ 'uni6E80' に交差がある
INFO:最終チェックのグリフ 'uni6E8F' に交差がある
INFO:最終チェックのグリフ 'uni6E9C' に交差がある
INFO:最終チェックのグリフ 'uni6EA2' に交差がある
INFO:最終チェックのグリフ 'uni6EA7' に交差がある
INFO:最終チェックのグリフ 'uni6EAF' に交差がある
INFO:最終チェックのグリフ 'uni6EB7' に交差がある
INFO:最終チェックのグリフ 'uni6EBD' に交差がある
INFO:最終チェックのグリフ 'uni6EC2' に交差がある
INFO:最終チェックのグリフ 'uni6EC3' に交差がある
INFO:最終チェックのグリフ 'uni6ECA' に交差がある
INFO:最終チェックのグリフ 'uni6ECB' に交差がある
INFO:最終チェックのグリフ 'uni6ECC' に交差がある
INFO:最終チェックのグリフ 'uni6ECE' に交差がある
INFO:最終チェックのグリフ 'uni6ED4' に交差がある
INFO:最終チェックのグリフ 'uni6ED5' に交差がある
INFO:最終チェックのグリフ 'uni6ED9' に交差がある
INFO:最終チェックのグリフ 'uni6EEB' に交差がある
INFO:最終チェックのグリフ 'uni6EF4' に交差がある
INFO:最終チェックのグリフ 'uni6F02' に交差がある
INFO:最終チェックのグリフ 'uni6F09' に交差がある
INFO:最終チェックのグリフ 'uni6F0C' に交差がある
INFO:最終チェックのグリフ 'uni6F0F' に交差がある
INFO:最終チェックのグリフ 'uni6F10' に交差がある
INFO:最終チェックのグリフ 'uni6F25' に交差がある
INFO:最終チェックのグリフ 'uni6F2A' に交差がある
INFO:最終チェックのグリフ 'uni6F2C' に交差がある
INFO:最終チェックのグリフ 'uni6F2F' に交差がある
INFO:最終チェックのグリフ 'uni6F31' に交差がある
INFO:最終チェックのグリフ 'uni6F32' に交差がある
INFO:最終チェックのグリフ 'uni6F35' に交差がある
INFO:最終チェックのグリフ 'uni6F3C' に交差がある
INFO:最終チェックのグリフ 'uni6F52' に交差がある
INFO:最終チェックのグリフ 'uni6F58' に交差がある
INFO:最終チェックのグリフ 'uni6F61' に交差がある
INFO:最終チェックのグリフ 'uni6F62' に交差がある
INFO:最終チェックのグリフ 'uni6F66' に交差がある
INFO:最終チェックのグリフ 'uni6F7C' に交差がある
INFO:最終チェックのグリフ 'uni6F7D' に交差がある
INFO:最終チェックのグリフ 'uni6F80' に交差がある
INFO:最終チェックのグリフ 'uni6F81' に交差がある
INFO:最終チェックのグリフ 'uni6F84' に交差がある
INFO:最終チェックのグリフ 'uni6F8D' に交差がある
INFO:最終チェックのグリフ 'uni6F8E' に交差がある
INFO:最終チェックのグリフ 'uni6F96' に交差がある
INFO:最終チェックのグリフ 'uni6F97' に交差がある
INFO:最終チェックのグリフ 'uni6FA3' に交差がある
INFO:最終チェックのグリフ 'uni6FAF' に交差がある
INFO:最終チェックのグリフ 'uni6FB3' に交差がある
INFO:最終チェックのグリフ 'uni6FB9' に交差がある
INFO:最終チェックのグリフ 'uni6FC2' に交差がある
INFO:最終チェックのグリフ 'uni6FC3' に交差がある
INFO:最終チェックのグリフ 'uni6FC8' に交差がある
INFO:最終チェックのグリフ 'uni6FC9' に交差がある
INFO:最終チェックのグリフ 'uni6FD8' に交差がある
INFO:最終チェックのグリフ 'uni6FE4' に交差がある
INFO:最終チェックのグリフ 'uni6FEF' に交差がある
INFO:最終チェックのグリフ 'uni6FFA' に交差がある
INFO:最終チェックのグリフ 'uni6FFC' に交差がある
INFO:最終チェックのグリフ 'uni7001' に交差がある
INFO:最終チェックのグリフ 'uni7005' に交差がある
INFO:最終チェックのグリフ 'uni700A' に交差がある
INFO:最終チェックのグリフ 'uni700F' に交差がある
INFO:最終チェックのグリフ 'uni7011' に交差がある
INFO:最終チェックのグリフ 'uni701D' に交差がある
INFO:最終チェックのグリフ 'uni701F' に交差がある
INFO:最終チェックのグリフ 'uni7027' に交差がある
INFO:最終チェックのグリフ 'uni7028' に交差がある
INFO:最終チェックのグリフ 'uni703A' に交差がある
INFO:最終チェックのグリフ 'uni704A' に交差がある
INFO:最終チェックのグリフ 'uni704B' に交差がある
INFO:最終チェックのグリフ 'uni704C' に交差がある
INFO:最終チェックのグリフ 'uni704E' に交差がある
INFO:最終チェックのグリフ 'uni7058' に交差がある
INFO:最終チェックのグリフ 'uni7063' に交差がある
INFO:最終チェックのグリフ 'uni7065' に交差がある
INFO:最終チェックのグリフ 'uni7069' に交差がある
INFO:最終チェックのグリフ 'uni7070' に交差がある
INFO:最終チェックのグリフ 'uni7078' に交差がある
INFO:最終チェックのグリフ 'uni7086' に交差がある
INFO:最終チェックのグリフ 'uni7089' に交差がある
INFO:最終チェックのグリフ 'uni70AD' に交差がある
INFO:最終チェックのグリフ 'uni70D1' に交差がある
INFO:最終チェックのグリフ 'uni70D9' に交差がある
INFO:最終チェックのグリフ 'uni70DF' に交差がある
INFO:最終チェックのグリフ 'uni70FD' に交差がある
INFO:最終チェックのグリフ 'uni710F' に交差がある
INFO:最終チェックのグリフ 'uni7136' に交差がある
INFO:最終チェックのグリフ 'uni714C' に交差がある
INFO:最終チェックのグリフ 'uni7168' に交差がある
INFO:最終チェックのグリフ 'uni716C' に交差がある
INFO:最終チェックのグリフ 'uni7184' に交差がある
INFO:最終チェックのグリフ 'uni7185' に交差がある
INFO:最終チェックのグリフ 'uni7187' に交差がある
INFO:最終チェックのグリフ 'uni7194' に交差がある
INFO:最終チェックのグリフ 'uni7196' に交差がある
INFO:最終チェックのグリフ 'uni71AE' に交差がある
INFO:最終チェックのグリフ 'uni71B1' に交差がある
INFO:最終チェックのグリフ 'uni71C3' に交差がある
INFO:最終チェックのグリフ 'uni71C8' に交差がある
INFO:最終チェックのグリフ 'uni71C9' に交差がある
INFO:最終チェックのグリフ 'uni71D0' に交差がある
INFO:最終チェックのグリフ 'uni71D7' に交差がある
INFO:最終チェックのグリフ 'uni71D9' に交差がある
INFO:最終チェックのグリフ 'uni71ED' に交差がある
INFO:最終チェックのグリフ 'uni71F9' に交差がある
INFO:最終チェックのグリフ 'uni71FC' に交差がある
INFO:最終チェックのグリフ 'uni71FF' に交差がある
INFO:最終チェックのグリフ 'uni7200' に交差がある
INFO:最終チェックのグリフ 'uni7206' に交差がある
INFO:最終チェックのグリフ 'uni720D' に交差がある
INFO:最終チェックのグリフ 'uni7230' に交差がある
INFO:最終チェックのグリフ 'uni7235' に交差がある
INFO:最終チェックのグリフ 'uni7239' に交差がある
INFO:最終チェックのグリフ 'uni723A' に交差がある
INFO:最終チェックのグリフ 'uni723D' に交差がある
INFO:最終チェックのグリフ 'uni7240' に交差がある
INFO:最終チェックのグリフ 'uni7246' に交差がある
INFO:最終チェックのグリフ 'uni724C' に交差がある
INFO:最終チェックのグリフ 'uni7253' に交差がある
INFO:最終チェックのグリフ 'uni7255' に交差がある
INFO:最終チェックのグリフ 'uni7257' に交差がある
INFO:最終チェックのグリフ 'uni7267' に交差がある
INFO:最終チェックのグリフ 'uni7274' に交差がある
INFO:最終チェックのグリフ 'uni7279' に交差がある
INFO:最終チェックのグリフ 'uni727F' に交差がある
INFO:最終チェックのグリフ 'uni729B' に交差がある
INFO:最終チェックのグリフ 'uni72A0' に交差がある
INFO:最終チェックのグリフ 'uni72AE' に交差がある
INFO:最終チェックのグリフ 'uni72B1' に交差がある
INFO:最終チェックのグリフ 'uni72C0' に交差がある
INFO:最終チェックのグリフ 'uni72C3' に交差がある
INFO:最終チェックのグリフ 'uni72E1' に交差がある
INFO:最終チェックのグリフ 'uni72F3' に交差がある
INFO:最終チェックのグリフ 'uni72F7' に交差がある
INFO:最終チェックのグリフ 'uni72F8' に交差がある
INFO:最終チェックのグリフ 'uni72F9' に交差がある
INFO:最終チェックのグリフ 'uni72FD' に交差がある
INFO:最終チェックのグリフ 'uni7318' に交差がある
INFO:最終チェックのグリフ 'uni7319' に交差がある
INFO:最終チェックのグリフ 'uni7325' に交差がある
INFO:最終チェックのグリフ 'uni7327' に交差がある
INFO:最終チェックのグリフ 'uni7328' に交差がある
INFO:最終チェックのグリフ 'uni7329' に交差がある
INFO:最終チェックのグリフ 'uni732A' に交差がある
INFO:最終チェックのグリフ 'uni732B' に交差がある
INFO:最終チェックのグリフ 'uni7336' に交差がある
INFO:最終チェックのグリフ 'uni7339' に交差がある
INFO:最終チェックのグリフ 'uni733F' に交差がある
INFO:最終チェックのグリフ 'uni7344' に交差がある
INFO:最終チェックのグリフ 'uni7345' に交差がある
INFO:最終チェックのグリフ 'uni734F' に交差がある
INFO:最終チェックのグリフ 'uni7350' に交差がある
INFO:最終チェックのグリフ 'uni7357' に交差がある
INFO:最終チェックのグリフ 'uni7368' に交差がある
INFO:最終チェックのグリフ 'uni736A' に交差がある
INFO:最終チェックのグリフ 'uni736B' に交差がある
INFO:最終チェックのグリフ 'uni7370' に交差がある
INFO:最終チェックのグリフ 'uni7372' に交差がある
INFO:最終チェックのグリフ 'uni7377' に交差がある
INFO:最終チェックのグリフ 'uni737B' に交差がある
INFO:最終チェックのグリフ 'uni7384' に交差がある
INFO:最終チェックのグリフ 'uni7385' に交差がある
INFO:最終チェックのグリフ 'uni7387' に交差がある
INFO:最終チェックのグリフ 'uni739C' に交差がある
INFO:最終チェックのグリフ 'uni73B2' に交差がある
INFO:最終チェックのグリフ 'uni73D9' に交差がある
INFO:最終チェックのグリフ 'uni73DE' に交差がある
INFO:最終チェックのグリフ 'uni73E9' に交差がある
INFO:最終チェックのグリフ 'uni73F9' に交差がある
INFO:最終チェックのグリフ 'uni7401' に交差がある
INFO:最終チェックのグリフ 'uni7405' に交差がある
INFO:最終チェックのグリフ 'uni7409' に交差がある
INFO:最終チェックのグリフ 'uni7452' に交差がある
INFO:最終チェックのグリフ 'uni745E' に交差がある
INFO:最終チェックのグリフ 'uni7463' に交差がある
INFO:最終チェックのグリフ 'uni7464' に交差がある
INFO:最終チェックのグリフ 'uni7473' に交差がある
INFO:最終チェックのグリフ 'uni7483' に交差がある
INFO:最終チェックのグリフ 'uni7487' に交差がある
INFO:最終チェックのグリフ 'uni7492' に交差がある
INFO:最終チェックのグリフ 'uni74A3' に交差がある
INFO:最終チェックのグリフ 'uni74BA' に交差がある
INFO:最終チェックのグリフ 'uni7501' に交差がある
INFO:最終チェックのグリフ 'uni751A' に交差がある
INFO:最終チェックのグリフ 'uni7524' に交差がある
INFO:最終チェックのグリフ 'uni753D' に交差がある
INFO:最終チェックのグリフ 'uni756F' に交差がある
INFO:最終チェックのグリフ 'uni7577' に交差がある
INFO:最終チェックのグリフ 'uni757F' に交差がある
INFO:最終チェックのグリフ 'uni758E' に交差がある
INFO:最終チェックのグリフ 'uni758F' に交差がある
INFO:最終チェックのグリフ 'uni75A2' に交差がある
INFO:最終チェックのグリフ 'uni75B2' に交差がある
INFO:最終チェックのグリフ 'uni75BF' に交差がある
INFO:最終チェックのグリフ 'uni75CE' に交差がある
INFO:最終チェックのグリフ 'uni75D3' に交差がある
INFO:最終チェックのグリフ 'uni75D4' に交差がある
INFO:最終チェックのグリフ 'uni75D5' に交差がある
INFO:最終チェックのグリフ 'uni75D9' に交差がある
INFO:最終チェックのグリフ 'uni75DD' に交差がある
INFO:最終チェックのグリフ 'uni75DE' に交差がある
INFO:最終チェックのグリフ 'uni75DF' に交差がある
INFO:最終チェックのグリフ 'uni75E0' に交差がある
INFO:最終チェックのグリフ 'uni75E2' に交差がある
INFO:最終チェックのグリフ 'uni75F1' に交差がある
INFO:最終チェックのグリフ 'uni75F3' に交差がある
INFO:最終チェックのグリフ 'uni75FA' に交差がある
INFO:最終チェックのグリフ 'uni7600' に交差がある
INFO:最終チェックのグリフ 'uni761F' に交差がある
INFO:最終チェックのグリフ 'uni7620' に交差がある
INFO:最終チェックのグリフ 'uni7621' に交差がある
INFO:最終チェックのグリフ 'uni7622' に交差がある
INFO:最終チェックのグリフ 'uni7630' に交差がある
INFO:最終チェックのグリフ 'uni7642' に交差がある
INFO:最終チェックのグリフ 'uni7643' に交差がある
INFO:最終チェックのグリフ 'uni764C' に交差がある
INFO:最終チェックのグリフ 'uni7652' に交差がある
INFO:最終チェックのグリフ 'uni7661' に交差がある
INFO:最終チェックのグリフ 'uni7662' に交差がある
INFO:最終チェックのグリフ 'uni7665' に交差がある
INFO:最終チェックのグリフ 'uni7669' に交差がある
INFO:最終チェックのグリフ 'uni7670' に交差がある
INFO:最終チェックのグリフ 'uni7671' に交差がある
INFO:最終チェックのグリフ 'uni7672' に交差がある
INFO:最終チェックのグリフ 'uni767B' に交差がある
INFO:最終チェックのグリフ 'uni76AA' に交差がある
INFO:最終チェックのグリフ 'uni76B0' に交差がある
INFO:最終チェックのグリフ 'uni76B6' に交差がある
INFO:最終チェックのグリフ 'uni76BA' に交差がある
INFO:最終チェックのグリフ 'uni76CD' に交差がある
INFO:最終チェックのグリフ 'uni76DB' に交差がある
INFO:最終チェックのグリフ 'uni76DC' に交差がある
INFO:最終チェックのグリフ 'uni76DE' に交差がある
INFO:最終チェックのグリフ 'uni76EA' に交差がある
INFO:最終チェックのグリフ 'uni76EC' に交差がある
INFO:最終チェックのグリフ 'uni7701' に交差がある
INFO:最終チェックのグリフ 'uni771F' に交差がある
INFO:最終チェックのグリフ 'uni775F' に交差がある
INFO:最終チェックのグリフ 'uni776B' に交差がある
INFO:最終チェックのグリフ 'uni77A0' に交差がある
INFO:最終チェックのグリフ 'uni77A5' に交差がある
INFO:最終チェックのグリフ 'uni77AA' に交差がある
INFO:最終チェックのグリフ 'uni77B3' に交差がある
INFO:最終チェックのグリフ 'uni77BB' に交差がある
INFO:最終チェックのグリフ 'uni77D7' に交差がある
INFO:最終チェックのグリフ 'uni77DF' に交差がある
INFO:最終チェックのグリフ 'uni77E9' に交差がある
INFO:最終チェックのグリフ 'uni7820' に交差がある
INFO:最終チェックのグリフ 'uni7825' に交差がある
INFO:最終チェックのグリフ 'uni784F' に交差がある
INFO:最終チェックのグリフ 'uni7864' に交差がある
INFO:最終チェックのグリフ 'uni786A' に交差がある
INFO:最終チェックのグリフ 'uni786B' に交差がある
INFO:最終チェックのグリフ 'uni786C' に交差がある
INFO:最終チェックのグリフ 'uni7872' に交差がある
INFO:最終チェックのグリフ 'uni787A' に交差がある
INFO:最終チェックのグリフ 'uni7887' に交差がある
INFO:最終チェックのグリフ 'uni788C' に交差がある
INFO:最終チェックのグリフ 'uni7897' に交差がある
INFO:最終チェックのグリフ 'uni789F' に交差がある
INFO:最終チェックのグリフ 'uni78B0' に交差がある
INFO:最終チェックのグリフ 'uni78CB' に交差がある
INFO:最終チェックのグリフ 'uni78D0' に交差がある
INFO:最終チェックのグリフ 'uni78E0' に交差がある
INFO:最終チェックのグリフ 'uni78E1' に交差がある
INFO:最終チェックのグリフ 'uni78E4' に交差がある
INFO:最終チェックのグリフ 'uni78EF' に交差がある
INFO:最終チェックのグリフ 'uni78F4' に交差がある
INFO:最終チェックのグリフ 'uni78FD' に交差がある
INFO:最終チェックのグリフ 'uni7907' に交差がある
INFO:最終チェックのグリフ 'uni790E' に交差がある
INFO:最終チェックのグリフ 'uni7919' に交差がある
INFO:最終チェックのグリフ 'uni791B' に交差がある
INFO:最終チェックのグリフ 'uni792B' に交差がある
INFO:最終チェックのグリフ 'uni7930' に交差がある
INFO:最終チェックのグリフ 'uni7931' に交差がある
INFO:最終チェックのグリフ 'uni7945' に交差がある
INFO:最終チェックのグリフ 'uni7957' に交差がある
INFO:最終チェックのグリフ 'uni7958' に交差がある
INFO:最終チェックのグリフ 'uni795B' に交差がある
INFO:最終チェックのグリフ 'uni7985' に交差がある
INFO:最終チェックのグリフ 'uni798A' に交差がある
INFO:最終チェックのグリフ 'uni798E' に交差がある
INFO:最終チェックのグリフ 'uni7994' に交差がある
INFO:最終チェックのグリフ 'uni7998' に交差がある
INFO:最終チェックのグリフ 'uni799B' に交差がある
INFO:最終チェックのグリフ 'uni79B0' に交差がある
INFO:最終チェックのグリフ 'uni79B9' に交差がある
INFO:最終チェックのグリフ 'uni79BB' に交差がある
INFO:最終チェックのグリフ 'uni79D8' に交差がある
INFO:最終チェックのグリフ 'uni79E9' に交差がある
INFO:最終チェックのグリフ 'uni79EC' に交差がある
INFO:最終チェックのグリフ 'uni7A0A' に交差がある
INFO:最終チェックのグリフ 'uni7A11' に交差がある
INFO:最終チェックのグリフ 'uni7A1B' に交差がある
INFO:最終チェックのグリフ 'uni7A20' に交差がある
INFO:最終チェックのグリフ 'uni7A2D' に交差がある
INFO:最終チェックのグリフ 'uni7A31' に交差がある
INFO:最終チェックのグリフ 'uni7A3F' に交差がある
INFO:最終チェックのグリフ 'uni7A40' に交差がある
INFO:最終チェックのグリフ 'uni7A46' に交差がある
INFO:最終チェックのグリフ 'uni7A49' に交差がある
INFO:最終チェックのグリフ 'uni7A4C' に交差がある
INFO:最終チェックのグリフ 'uni7A4E' に交差がある
INFO:最終チェックのグリフ 'uni7A56' に交差がある
INFO:最終チェックのグリフ 'uni7A5C' に交差がある
INFO:最終チェックのグリフ 'uni7A5D' に交差がある
INFO:最終チェックのグリフ 'uni7A5F' に交差がある
INFO:最終チェックのグリフ 'uni7A60' に交差がある
INFO:最終チェックのグリフ 'uni7A61' に交差がある
INFO:最終チェックのグリフ 'uni7A69' に交差がある
INFO:最終チェックのグリフ 'uni7A6D' に交差がある
INFO:最終チェックのグリフ 'uni7A7D' に交差がある
INFO:最終チェックのグリフ 'uni7A88' に交差がある
INFO:最終チェックのグリフ 'uni7A95' に交差がある
INFO:最終チェックのグリフ 'uni7A97' に交差がある
INFO:最終チェックのグリフ 'uni7AB3' に交差がある
INFO:最終チェックのグリフ 'uni7AC4' に交差がある
INFO:最終チェックのグリフ 'uni7AC7' に交差がある
INFO:最終チェックのグリフ 'uni7ACA' に交差がある
INFO:最終チェックのグリフ 'uni7ACC' に交差がある
INFO:最終チェックのグリフ 'uni7ACD' に交差がある
INFO:最終チェックのグリフ 'uni7AD1' に交差がある
INFO:最終チェックのグリフ 'uni7AE1' に交差がある
INFO:最終チェックのグリフ 'uni7AE2' に交差がある
INFO:最終チェックのグリフ 'uni7AE5' に交差がある
INFO:最終チェックのグリフ 'uni7AF0' に交差がある
INFO:最終チェックのグリフ 'uni7AF8' に交差がある
INFO:最終チェックのグリフ 'uni7B08' に交差がある
INFO:最終チェックのグリフ 'uni7B0B' に交差がある
INFO:最終チェックのグリフ 'uni7B18' に交差がある
INFO:最終チェックのグリフ 'uni7B19' に交差がある
INFO:最終チェックのグリフ 'uni7B1B' に交差がある
INFO:最終チェックのグリフ 'uni7B33' に交差がある
INFO:最終チェックのグリフ 'uni7B48' に交差がある
INFO:最終チェックのグリフ 'uni7B49' に交差がある
INFO:最終チェックのグリフ 'uni7B4F' に交差がある
INFO:最終チェックのグリフ 'uni7B52' に交差がある
INFO:最終チェックのグリフ 'uni7B64' に交差がある
INFO:最終チェックのグリフ 'uni7B65' に交差がある
INFO:最終チェックのグリフ 'uni7B66' に交差がある
INFO:最終チェックのグリフ 'uni7B75' に交差がある
INFO:最終チェックのグリフ 'uni7B79' に交差がある
INFO:最終チェックのグリフ 'uni7B90' に交差がある
INFO:最終チェックのグリフ 'uni7B92' に交差がある
INFO:最終チェックのグリフ 'uni7B95' に交差がある
INFO:最終チェックのグリフ 'uni7B98' に交差がある
INFO:最終チェックのグリフ 'uni7B9A' に交差がある
INFO:最終チェックのグリフ 'uni7B9E' に交差がある
INFO:最終チェックのグリフ 'uni7BB4' に交差がある
INFO:最終チェックのグリフ 'uni7BC0' に交差がある
INFO:最終チェックのグリフ 'uni7BC1' に交差がある
INFO:最終チェックのグリフ 'uni7BC6' に交差がある
INFO:最終チェックのグリフ 'uni7BCA' に交差がある
INFO:最終チェックのグリフ 'uni7BCF' に交差がある
INFO:最終チェックのグリフ 'uni7BD6' に交差がある
INFO:最終チェックのグリフ 'uni7BD9' に交差がある
INFO:最終チェックのグリフ 'uni7BDA' に交差がある
INFO:最終チェックのグリフ 'uni7BE6' に交差がある
INFO:最終チェックのグリフ 'uni7BE9' に交差がある
INFO:最終チェックのグリフ 'uni7BEA' に交差がある
INFO:最終チェックのグリフ 'uni7BF0' に交差がある
INFO:最終チェックのグリフ 'uni7BF6' に交差がある
INFO:最終チェックのグリフ 'uni7C01' に交差がある
INFO:最終チェックのグリフ 'uni7C03' に交差がある
INFO:最終チェックのグリフ 'uni7C0E' に交差がある
INFO:最終チェックのグリフ 'uni7C0F' に交差がある
INFO:最終チェックのグリフ 'uni7C14' に交差がある
INFO:最終チェックのグリフ 'uni7C2B' に交差がある
INFO:最終チェックのグリフ 'uni7C33' に交差がある
INFO:最終チェックのグリフ 'uni7C38' に交差がある
INFO:最終チェックのグリフ 'uni7C40' に交差がある
INFO:最終チェックのグリフ 'uni7C43' に交差がある
INFO:最終チェックのグリフ 'uni7C4A' に交差がある
INFO:最終チェックのグリフ 'uni7C56' に交差がある
INFO:最終チェックのグリフ 'uni7C61' に交差がある
INFO:最終チェックのグリフ 'uni7C64' に交差がある
INFO:最終チェックのグリフ 'uni7C69' に交差がある
INFO:最終チェックのグリフ 'uni7C79' に交差がある
INFO:最終チェックのグリフ 'uni7C83' に交差がある
INFO:最終チェックのグリフ 'uni7C89' に交差がある
INFO:最終チェックのグリフ 'uni7C94' に交差がある
INFO:最終チェックのグリフ 'uni7CA0' に交差がある
INFO:最終チェックのグリフ 'uni7CA6' に交差がある
INFO:最終チェックのグリフ 'uni7CB7' に交差がある
INFO:最終チェックのグリフ 'uni7CBF' に交差がある
INFO:最終チェックのグリフ 'uni7CC5' に交差がある
INFO:最終チェックのグリフ 'uni7CCD' に交差がある
INFO:最終チェックのグリフ 'uni7CD7' に交差がある
INFO:最終チェックのグリフ 'uni7CDC' に交差がある
INFO:最終チェックのグリフ 'uni7CDD' に交差がある
INFO:最終チェックのグリフ 'uni7CEF' に交差がある
INFO:最終チェックのグリフ 'uni7CF4' に交差がある
INFO:最終チェックのグリフ 'uni7CF6' に交差がある
INFO:最終チェックのグリフ 'uni7CF8' に交差がある
INFO:最終チェックのグリフ 'uni7CFB' に交差がある
INFO:最終チェックのグリフ 'uni7CFE' に交差がある
INFO:最終チェックのグリフ 'uni7D00' に交差がある
INFO:最終チェックのグリフ 'uni7D02' に交差がある
INFO:最終チェックのグリフ 'uni7D06' に交差がある
INFO:最終チェックのグリフ 'uni7D07' に交差がある
INFO:最終チェックのグリフ 'uni7D08' に交差がある
INFO:最終チェックのグリフ 'uni7D0A' に交差がある
INFO:最終チェックのグリフ 'uni7D10' に交差がある
INFO:最終チェックのグリフ 'uni7D13' に交差がある
INFO:最終チェックのグリフ 'uni7D18' に交差がある
INFO:最終チェックのグリフ 'uni7D19' に交差がある
INFO:最終チェックのグリフ 'uni7D22' に交差がある
INFO:最終チェックのグリフ 'uni7D2B' に交差がある
INFO:最終チェックのグリフ 'uni7D2F' に交差がある
INFO:最終チェックのグリフ 'uni7D30' に交差がある
INFO:最終チェックのグリフ 'uni7D31' に交差がある
INFO:最終チェックのグリフ 'uni7D3D' に交差がある
INFO:最終チェックのグリフ 'uni7D3E' に交差がある
INFO:最終チェックのグリフ 'uni7D40' に交差がある
INFO:最終チェックのグリフ 'uni7D42' に交差がある
INFO:最終チェックのグリフ 'uni7D44' に交差がある
INFO:最終チェックのグリフ 'uni7D47' に交差がある
INFO:最終チェックのグリフ 'uni7D4B' に交差がある
INFO:最終チェックのグリフ 'uni7D4C' に交差がある
INFO:最終チェックのグリフ 'uni7D4F' に交差がある
INFO:最終チェックのグリフ 'uni7D61' に交差がある
INFO:最終チェックのグリフ 'uni7D68' に交差がある
INFO:最終チェックのグリフ 'uni7D6E' に交差がある
INFO:最終チェックのグリフ 'uni7D75' に交差がある
INFO:最終チェックのグリフ 'uni7D79' に交差がある
INFO:最終チェックのグリフ 'uni7D7A' に交差がある
INFO:最終チェックのグリフ 'uni7D99' に交差がある
INFO:最終チェックのグリフ 'uni7D9B' に交差がある
INFO:最終チェックのグリフ 'uni7D9C' に交差がある
INFO:最終チェックのグリフ 'uni7D9D' に交差がある
INFO:最終チェックのグリフ 'uni7DA2' に交差がある
INFO:最終チェックのグリフ 'uni7DAD' に交差がある
INFO:最終チェックのグリフ 'uni7DAE' に交差がある
INFO:最終チェックのグリフ 'uni7DB1' に交差がある
INFO:最終チェックのグリフ 'uni7DB2' に交差がある
INFO:最終チェックのグリフ 'uni7DB4' に交差がある
INFO:最終チェックのグリフ 'uni7DB6' に交差がある
INFO:最終チェックのグリフ 'uni7DBB' に交差がある
INFO:最終チェックのグリフ 'uni7DC0' に交差がある
INFO:最終チェックのグリフ 'uni7DC2' に交差がある
INFO:最終チェックのグリフ 'uni7DC7' に交差がある
INFO:最終チェックのグリフ 'uni7DCC' に交差がある
INFO:最終チェックのグリフ 'uni7DCF' に交差がある
INFO:最終チェックのグリフ 'uni7DD1' に交差がある
INFO:最終チェックのグリフ 'uni7DD5' に交差がある
INFO:最終チェックのグリフ 'uni7DDA' に交差がある
INFO:最終チェックのグリフ 'uni7DDE' に交差がある
INFO:最終チェックのグリフ 'uni7DE0' に交差がある
INFO:最終チェックのグリフ 'uni7DE1' に交差がある
INFO:最終チェックのグリフ 'uni7DE8' に交差がある
INFO:最終チェックのグリフ 'uni7DE9' に交差がある
INFO:最終チェックのグリフ 'uni7DEF' に交差がある
INFO:最終チェックのグリフ 'uni7DF2' に交差がある
INFO:最終チェックのグリフ 'uni7DF4' に交差がある
INFO:最終チェックのグリフ 'uni7E01' に交差がある
INFO:最終チェックのグリフ 'uni7E05' に交差がある
INFO:最終チェックのグリフ 'uni7E09' に交差がある
INFO:最終チェックのグリフ 'uni7E0A' に交差がある
INFO:最終チェックのグリフ 'uni7E12' に交差がある
INFO:最終チェックのグリフ 'uni7E15' に交差がある
INFO:最終チェックのグリフ 'uni7E1D' に交差がある
INFO:最終チェックのグリフ 'uni7E1E' に交差がある
INFO:最終チェックのグリフ 'uni7E1F' に交差がある
INFO:最終チェックのグリフ 'uni7E22' に交差がある
INFO:最終チェックのグリフ 'uni7E23' に交差がある
INFO:最終チェックのグリフ 'uni7E26' に交差がある
INFO:最終チェックのグリフ 'uni7E28' に交差がある
INFO:最終チェックのグリフ 'uni7E2B' に交差がある
INFO:最終チェックのグリフ 'uni7E2E' に交差がある
INFO:最終チェックのグリフ 'uni7E37' に交差がある
INFO:最終チェックのグリフ 'uni7E3B' に交差がある
INFO:最終チェックのグリフ 'uni7E3D' に交差がある
INFO:最終チェックのグリフ 'uni7E3E' に交差がある
INFO:最終チェックのグリフ 'uni7E43' に交差がある
INFO:最終チェックのグリフ 'uni7E45' に交差がある
INFO:最終チェックのグリフ 'uni7E47' に交差がある
INFO:最終チェックのグリフ 'uni7E52' に交差がある
INFO:最終チェックのグリフ 'uni7E54' に交差がある
INFO:最終チェックのグリフ 'uni7E56' に交差がある
INFO:最終チェックのグリフ 'uni7E5A' に交差がある
INFO:最終チェックのグリフ 'uni7E67' に交差がある
INFO:最終チェックのグリフ 'uni7E6A' に交差がある
INFO:最終チェックのグリフ 'uni7E6B' に交差がある
INFO:最終チェックのグリフ 'uni7E70' に交差がある
INFO:最終チェックのグリフ 'uni7E75' に交差がある
INFO:最終チェックのグリフ 'uni7E7C' に交差がある
INFO:最終チェックのグリフ 'uni7E7D' に交差がある
INFO:最終チェックのグリフ 'uni7E7F' に交差がある
INFO:最終チェックのグリフ 'uni7E82' に交差がある
INFO:最終チェックのグリフ 'uni7E83' に交差がある
INFO:最終チェックのグリフ 'uni7E86' に交差がある
INFO:最終チェックのグリフ 'uni7E89' に交差がある
INFO:最終チェックのグリフ 'uni7E8A' に交差がある
INFO:最終チェックのグリフ 'uni7E8D' に交差がある
INFO:最終チェックのグリフ 'uni7E8E' に交差がある
INFO:最終チェックのグリフ 'uni7E8F' に交差がある
INFO:最終チェックのグリフ 'uni7E90' に交差がある
INFO:最終チェックのグリフ 'uni7E92' に交差がある
INFO:最終チェックのグリフ 'uni7E93' に交差がある
INFO:最終チェックのグリフ 'uni7E94' に交差がある
INFO:最終チェックのグリフ 'uni7E96' に交差がある
INFO:最終チェックのグリフ 'uni7E9A' に交差がある
INFO:最終チェックのグリフ 'uni7E9B' に交差がある
INFO:最終チェックのグリフ 'uni7E9C' に交差がある
INFO:最終チェックのグリフ 'uni7F3B' に交差がある
INFO:最終チェックのグリフ 'uni7F44' に交差がある
INFO:最終チェックのグリフ 'uni7F47' に交差がある
INFO:最終チェックのグリフ 'uni7F4F' に交差がある
INFO:最終チェックのグリフ 'uni7F6D' に交差がある
INFO:最終チェックのグリフ 'uni7F7D' に交差がある
INFO:最終チェックのグリフ 'uni7F86' に交差がある
INFO:最終チェックのグリフ 'uni7F9D' に交差がある
INFO:最終チェックのグリフ 'uni7F9E' に交差がある
INFO:最終チェックのグリフ 'uni7FA1' に交差がある
INFO:最終チェックのグリフ 'uni7FA3' に交差がある
INFO:最終チェックのグリフ 'uni7FA9' に交差がある
INFO:最終チェックのグリフ 'uni7FAD' に交差がある
INFO:最終チェックのグリフ 'uni7FB9' に交差がある
INFO:最終チェックのグリフ 'uni7FC1' に交差がある
INFO:最終チェックのグリフ 'uni7FCE' に交差がある
INFO:最終チェックのグリフ 'uni7FCF' に交差がある
INFO:最終チェックのグリフ 'uni7FD5' に交差がある
INFO:最終チェックのグリフ 'uni7FDF' に交差がある
INFO:最終チェックのグリフ 'uni7FE1' に交差がある
INFO:最終チェックのグリフ 'uni7FE3' に交差がある
INFO:最終チェックのグリフ 'uni7FE5' に交差がある
INFO:最終チェックのグリフ 'uni7FE6' に交差がある
INFO:最終チェックのグリフ 'uni7FE9' に交差がある
INFO:最終チェックのグリフ 'uni7FEC' に交差がある
INFO:最終チェックのグリフ 'uni7FEF' に交差がある
INFO:最終チェックのグリフ 'uni7FF3' に交差がある
INFO:最終チェックのグリフ 'uni7FFB' に交差がある
INFO:最終チェックのグリフ 'uni8000' に交差がある
INFO:最終チェックのグリフ 'uni8001' に交差がある
INFO:最終チェックのグリフ 'uni8030' に交差がある
INFO:最終チェックのグリフ 'uni8036' に交差がある
INFO:最終チェックのグリフ 'uni8062' に交差がある
INFO:最終チェックのグリフ 'uni8072' に交差がある
INFO:最終チェックのグリフ 'uni8073' に交差がある
INFO:最終チェックのグリフ 'uni8075' に交差がある
INFO:最終チェックのグリフ 'uni8077' に交差がある
INFO:最終チェックのグリフ 'uni8079' に交差がある
INFO:最終チェックのグリフ 'uni807B' に交差がある
INFO:最終チェックのグリフ 'uni807D' に交差がある
INFO:最終チェックのグリフ 'uni8087' に交差がある
INFO:最終チェックのグリフ 'uni809D' に交差がある
INFO:最終チェックのグリフ 'uni80C5' に交差がある
INFO:最終チェックのグリフ 'uni80D7' に交差がある
INFO:最終チェックのグリフ 'uni80DD' に交差がある
INFO:最終チェックのグリフ 'uni80F4' に交差がある
INFO:最終チェックのグリフ 'uni80F8' に交差がある
INFO:最終チェックのグリフ 'uni8106' に交差がある
INFO:最終チェックのグリフ 'uni8109' に交差がある
INFO:最終チェックのグリフ 'uni8123' に交差がある
INFO:最終チェックのグリフ 'uni812C' に交差がある
INFO:最終チェックのグリフ 'uni8150' に交差がある
INFO:最終チェックのグリフ 'uni8153' に交差がある
INFO:最終チェックのグリフ 'uni8154' に交差がある
INFO:最終チェックのグリフ 'uni815F' に交差がある
INFO:最終チェックのグリフ 'uni8160' に交差がある
INFO:最終チェックのグリフ 'uni816B' に交差がある
INFO:最終チェックのグリフ 'uni816E' に交差がある
INFO:最終チェックのグリフ 'uni8178' に交差がある
INFO:最終チェックのグリフ 'uni8183' に交差がある
INFO:最終チェックのグリフ 'uni8195' に交差がある
INFO:最終チェックのグリフ 'uni819D' に交差がある
INFO:最終チェックのグリフ 'uni81A0' に交差がある
INFO:最終チェックのグリフ 'uni81A4' に交差がある
INFO:最終チェックのグリフ 'uni81A8' に交差がある
INFO:最終チェックのグリフ 'uni81B0' に交差がある
INFO:最終チェックのグリフ 'uni81B3' に交差がある
INFO:最終チェックのグリフ 'uni81B5' に交差がある
INFO:最終チェックのグリフ 'uni81BD' に交差がある
INFO:最終チェックのグリフ 'uni81BF' に交差がある
INFO:最終チェックのグリフ 'uni81C0' に交差がある
INFO:最終チェックのグリフ 'uni81C3' に交差がある
INFO:最終チェックのグリフ 'uni81C8' に交差がある
INFO:最終チェックのグリフ 'uni81DA' に交差がある
INFO:最終チェックのグリフ 'uni81DB' に交差がある
INFO:最終チェックのグリフ 'uni81E5' に交差がある
INFO:最終チェックのグリフ 'uni81E7' に交差がある
INFO:最終チェックのグリフ 'uni81FD' に交差がある
INFO:最終チェックのグリフ 'uni81FE' に交差がある
INFO:最終チェックのグリフ 'uni8219' に交差がある
INFO:最終チェックのグリフ 'uni8229' に交差がある
INFO:最終チェックのグリフ 'uni822A' に交差がある
INFO:最終チェックのグリフ 'uni8239' に交差がある
INFO:最終チェックのグリフ 'uni8247' に交差がある
INFO:最終チェックのグリフ 'uni824B' に交差がある
INFO:最終チェックのグリフ 'uni8257' に交差がある
INFO:最終チェックのグリフ 'uni8258' に交差がある
INFO:最終チェックのグリフ 'uni825F' に交差がある
INFO:最終チェックのグリフ 'uni8260' に交差がある
INFO:最終チェックのグリフ 'uni8266' に交差がある
INFO:最終チェックのグリフ 'uni826B' に交差がある
INFO:最終チェックのグリフ 'uni826E' に交差がある
INFO:最終チェックのグリフ 'uni82A3' に交差がある
INFO:最終チェックのグリフ 'uni82BA' に交差がある
INFO:最終チェックのグリフ 'uni82D5' に交差がある
INFO:最終チェックのグリフ 'uni82E1' に交差がある
INFO:最終チェックのグリフ 'uni8316' に交差がある
INFO:最終チェックのグリフ 'uni8343' に交差がある
INFO:最終チェックのグリフ 'uni837B' に交差がある
INFO:最終チェックのグリフ 'uni837F' に交差がある
INFO:最終チェックのグリフ 'uni8389' に交差がある
INFO:最終チェックのグリフ 'uni83A0' に交差がある
INFO:最終チェックのグリフ 'uni83AA' に交差がある
INFO:最終チェックのグリフ 'uni83F9' に交差がある
INFO:最終チェックのグリフ 'uni8401' に交差がある
INFO:最終チェックのグリフ 'uni8407' に交差がある
INFO:最終チェックのグリフ 'uni840A' に交差がある
INFO:最終チェックのグリフ 'uni8415' に交差がある
INFO:最終チェックのグリフ 'uni8420' に交差がある
INFO:最終チェックのグリフ 'uni842C' に交差がある
INFO:最終チェックのグリフ 'uni8439' に交差がある
INFO:最終チェックのグリフ 'uni8449' に交差がある
INFO:最終チェックのグリフ 'uni844F' に交差がある
INFO:最終チェックのグリフ 'uni8457' に交差がある
INFO:最終チェックのグリフ 'uni845C' に交差がある
INFO:最終チェックのグリフ 'uni846F' に交差がある
INFO:最終チェックのグリフ 'uni8475' に交差がある
INFO:最終チェックのグリフ 'uni847A' に交差がある
INFO:最終チェックのグリフ 'uni8484' に交差がある
INFO:最終チェックのグリフ 'uni8499' に交差がある
INFO:最終チェックのグリフ 'uni84BE' に交差がある
INFO:最終チェックのグリフ 'uni84C9' に交差がある
INFO:最終チェックのグリフ 'uni84CA' に交差がある
INFO:最終チェックのグリフ 'uni84CD' に交差がある
INFO:最終チェックのグリフ 'uni84CF' に交差がある
INFO:最終チェックのグリフ 'uni84D6' に交差がある
INFO:最終チェックのグリフ 'uni84DA' に交差がある
INFO:最終チェックのグリフ 'uni84DC' に交差がある
INFO:最終チェックのグリフ 'uni84EA' に交差がある
INFO:最終チェックのグリフ 'uni84FA' に交差がある
INFO:最終チェックのグリフ 'uni8515' に交差がある
INFO:最終チェックのグリフ 'uni8518' に交差がある
INFO:最終チェックのグリフ 'uni851A' に交差がある
INFO:最終チェックのグリフ 'uni851B' に交差がある
INFO:最終チェックのグリフ 'uni852C' に交差がある
INFO:最終チェックのグリフ 'uni8534' に交差がある
INFO:最終チェックのグリフ 'uni853E' に交差がある
INFO:最終チェックのグリフ 'uni8540' に交差がある
INFO:最終チェックのグリフ 'uni854B' に交差がある
INFO:最終チェックのグリフ 'uni8564' に交差がある
INFO:最終チェックのグリフ 'uni8568' に交差がある
INFO:最終チェックのグリフ 'uni8569' に交差がある
INFO:最終チェックのグリフ 'uni856D' に交差がある
INFO:最終チェックのグリフ 'uni857F' に交差がある
INFO:最終チェックのグリフ 'uni8580' に交差がある
INFO:最終チェックのグリフ 'uni8586' に交差がある
INFO:最終チェックのグリフ 'uni8587' に交差がある
INFO:最終チェックのグリフ 'uni858C' に交差がある
INFO:最終チェックのグリフ 'uni8590' に交差がある
INFO:最終チェックのグリフ 'uni85A2' に交差がある
INFO:最終チェックのグリフ 'uni85A4' に交差がある
INFO:最終チェックのグリフ 'uni85A9' に交差がある
INFO:最終チェックのグリフ 'uni85AA' に交差がある
INFO:最終チェックのグリフ 'uni85AF' に交差がある
INFO:最終チェックのグリフ 'uni85BA' に交差がある
INFO:最終チェックのグリフ 'uni85C1' に交差がある
INFO:最終チェックのグリフ 'uni85CA' に交差がある
INFO:最終チェックのグリフ 'uni85CB' に交差がある
INFO:最終チェックのグリフ 'uni85DC' に交差がある
INFO:最終チェックのグリフ 'uni8602' に交差がある
INFO:最終チェックのグリフ 'uni860B' に交差がある
INFO:最終チェックのグリフ 'uni8613' に交差がある
INFO:最終チェックのグリフ 'uni8618' に交差がある
INFO:最終チェックのグリフ 'uni861E' に交差がある
INFO:最終チェックのグリフ 'uni8621' に交差がある
INFO:最終チェックのグリフ 'uni8629' に交差がある
INFO:最終チェックのグリフ 'uni862F' に交差がある
INFO:最終チェックのグリフ 'uni863F' に交差がある
INFO:最終チェックのグリフ 'uni865A' に交差がある
INFO:最終チェックのグリフ 'uni8662' に交差がある
INFO:最終チェックのグリフ 'uni866C' に交差がある
INFO:最終チェックのグリフ 'uni8687' に交差がある
INFO:最終チェックのグリフ 'uni8698' に交差がある
INFO:最終チェックのグリフ 'uni86A8' に交差がある
INFO:最終チェックのグリフ 'uni86AF' に交差がある
INFO:最終チェックのグリフ 'uni86B3' に交差がある
INFO:最終チェックのグリフ 'uni86B8' に交差がある
INFO:最終チェックのグリフ 'uni86C6' に交差がある
INFO:最終チェックのグリフ 'uni86CB' に交差がある
INFO:最終チェックのグリフ 'uni86D5' に交差がある
INFO:最終チェックのグリフ 'uni86DF' に交差がある
INFO:最終チェックのグリフ 'uni86EC' に交差がある
INFO:最終チェックのグリフ 'uni86FA' に交差がある
INFO:最終チェックのグリフ 'uni86FC' に交差がある
INFO:最終チェックのグリフ 'uni86FE' に交差がある
INFO:最終チェックのグリフ 'uni8706' に交差がある
INFO:最終チェックのグリフ 'uni870D' に交差がある
INFO:最終チェックのグリフ 'uni8711' に交差がある
INFO:最終チェックのグリフ 'uni8712' に交差がある
INFO:最終チェックのグリフ 'uni8713' に交差がある
INFO:最終チェックのグリフ 'uni871C' に交差がある
INFO:最終チェックのグリフ 'uni871F' に交差がある
INFO:最終チェックのグリフ 'uni873F' に交差がある
INFO:最終チェックのグリフ 'uni8753' に交差がある
INFO:最終チェックのグリフ 'uni8757' に交差がある
INFO:最終チェックのグリフ 'uni8763' に交差がある
INFO:最終チェックのグリフ 'uni8764' に交差がある
INFO:最終チェックのグリフ 'uni8772' に交差がある
INFO:最終チェックのグリフ 'uni877C' に交差がある
INFO:最終チェックのグリフ 'uni8793' に交差がある
INFO:最終チェックのグリフ 'uni87A0' に交差がある
INFO:最終チェックのグリフ 'uni87A7' に交差がある
INFO:最終チェックのグリフ 'uni87AC' に交差がある
INFO:最終チェックのグリフ 'uni87AD' に交差がある
INFO:最終チェックのグリフ 'uni87AF' に交差がある
INFO:最終チェックのグリフ 'uni87BD' に交差がある
INFO:最終チェックのグリフ 'uni87BE' に交差がある
INFO:最終チェックのグリフ 'uni87C7' に交差がある
INFO:最終チェックのグリフ 'uni87D0' に交差がある
INFO:最終チェックのグリフ 'uni87DF' に交差がある
INFO:最終チェックのグリフ 'uni87EB' に交差がある
INFO:最終チェックのグリフ 'uni87EF' に交差がある
INFO:最終チェックのグリフ 'uni87F5' に交差がある
INFO:最終チェックのグリフ 'uni87F9' に交差がある
INFO:最終チェックのグリフ 'uni87FB' に交差がある
INFO:最終チェックのグリフ 'uni880D' に交差がある
INFO:最終チェックのグリフ 'uni880E' に交差がある
INFO:最終チェックのグリフ 'uni8813' に交差がある
INFO:最終チェックのグリフ 'uni881F' に交差がある
INFO:最終チェックのグリフ 'uni8827' に交差がある
INFO:最終チェックのグリフ 'uni882E' に交差がある
INFO:最終チェックのグリフ 'uni8831' に交差がある
INFO:最終チェックのグリフ 'uni8832' に交差がある
INFO:最終チェックのグリフ 'uni883B' に交差がある
INFO:最終チェックのグリフ 'uni8846' に交差がある
INFO:最終チェックのグリフ 'uni884D' に交差がある
INFO:最終チェックのグリフ 'uni8857' に交差がある
INFO:最終チェックのグリフ 'uni8859' に交差がある
INFO:最終チェックのグリフ 'uni885B' に交差がある
INFO:最終チェックのグリフ 'uni885D' に交差がある
INFO:最終チェックのグリフ 'uni8861' に交差がある
INFO:最終チェックのグリフ 'uni8881' に交差がある
INFO:最終チェックのグリフ 'uni8888' に交差がある
INFO:最終チェックのグリフ 'uni888D' に交差がある
INFO:最終チェックのグリフ 'uni889E' に交差がある
INFO:最終チェックのグリフ 'uni88A0' に交差がある
INFO:最終チェックのグリフ 'uni88AA' に交差がある
INFO:最終チェックのグリフ 'uni88AB' に交差がある
INFO:最終チェックのグリフ 'uni88B1' に交差がある
INFO:最終チェックのグリフ 'uni88B5' に交差がある
INFO:最終チェックのグリフ 'uni88BE' に交差がある
INFO:最終チェックのグリフ 'uni88BF' に交差がある
INFO:最終チェックのグリフ 'uni88C1' に交差がある
INFO:最終チェックのグリフ 'uni88C3' に交差がある
INFO:最終チェックのグリフ 'uni88D2' に交差がある
INFO:最終チェックのグリフ 'uni88D3' に交差がある
INFO:最終チェックのグリフ 'uni88D8' に交差がある
INFO:最終チェックのグリフ 'uni88DC' に交差がある
INFO:最終チェックのグリフ 'uni88DF' に交差がある
INFO:最終チェックのグリフ 'uni88F0' に交差がある
INFO:最終チェックのグリフ 'uni88FC' に交差がある
INFO:最終チェックのグリフ 'uni8901' に交差がある
INFO:最終チェックのグリフ 'uni890C' に交差がある
INFO:最終チェックのグリフ 'uni891A' に交差がある
INFO:最終チェックのグリフ 'uni891D' に交差がある
INFO:最終チェックのグリフ 'uni892A' に交差がある
INFO:最終チェックのグリフ 'uni892B' に交差がある
INFO:最終チェックのグリフ 'uni8937' に交差がある
INFO:最終チェックのグリフ 'uni8940' に交差がある
INFO:最終チェックのグリフ 'uni8941' に交差がある
INFO:最終チェックのグリフ 'uni8942' に交差がある
INFO:最終チェックのグリフ 'uni8945' に交差がある
INFO:最終チェックのグリフ 'uni894D' に交差がある
INFO:最終チェックのグリフ 'uni895E' に交差がある
INFO:最終チェックのグリフ 'uni8962' に交差がある
INFO:最終チェックのグリフ 'uni8964' に交差がある
INFO:最終チェックのグリフ 'uni896F' に交差がある
INFO:最終チェックのグリフ 'uni8972' に交差がある
INFO:最終チェックのグリフ 'uni8977' に交差がある
INFO:最終チェックのグリフ 'uni8986' に交差がある
INFO:最終チェックのグリフ 'uni899A' に交差がある
INFO:最終チェックのグリフ 'uni89AC' に交差がある
INFO:最終チェックのグリフ 'uni89C0' に交差がある
INFO:最終チェックのグリフ 'uni89D4' に交差がある
INFO:最終チェックのグリフ 'uni89DA' に交差がある
INFO:最終チェックのグリフ 'uni89DD' に交差がある
INFO:最終チェックのグリフ 'uni89F3' に交差がある
INFO:最終チェックのグリフ 'uni89F6' に交差がある
INFO:最終チェックのグリフ 'uni89F8' に交差がある
INFO:最終チェックのグリフ 'uni89FD' に交差がある
INFO:最終チェックのグリフ 'uni89FF' に交差がある
INFO:最終チェックのグリフ 'uni8A1B' に交差がある
INFO:最終チェックのグリフ 'uni8A1F' に交差がある
INFO:最終チェックのグリフ 'uni8A2A' に交差がある
INFO:最終チェックのグリフ 'uni8A46' に交差がある
INFO:最終チェックのグリフ 'uni8A4E' に交差がある
INFO:最終チェックのグリフ 'uni8A52' に交差がある
INFO:最終チェックのグリフ 'uni8A5B' に交差がある
INFO:最終チェックのグリフ 'uni8A6E' に交差がある
INFO:最終チェックのグリフ 'uni8A72' に交差がある
INFO:最終チェックのグリフ 'uni8A84' に交差がある
INFO:最終チェックのグリフ 'uni8A90' に交差がある
INFO:最終チェックのグリフ 'uni8A95' に交差がある
INFO:最終チェックのグリフ 'uni8A9E' に交差がある
INFO:最終チェックのグリフ 'uni8AA3' に交差がある
INFO:最終チェックのグリフ 'uni8AA5' に交差がある
INFO:最終チェックのグリフ 'uni8ABC' に交差がある
INFO:最終チェックのグリフ 'uni8ABF' に交差がある
INFO:最終チェックのグリフ 'uni8AC7' に交差がある
INFO:最終チェックのグリフ 'uni8AD2' に交差がある
INFO:最終チェックのグリフ 'uni8ADA' に交差がある
INFO:最終チェックのグリフ 'uni8ADE' に交差がある
INFO:最終チェックのグリフ 'uni8ADF' に交差がある
INFO:最終チェックのグリフ 'uni8AE1' に交差がある
INFO:最終チェックのグリフ 'uni8AE6' に交差がある
INFO:最終チェックのグリフ 'uni8AE7' に交差がある
INFO:最終チェックのグリフ 'uni8AEB' に交差がある
INFO:最終チェックのグリフ 'uni8AF1' に交差がある
INFO:最終チェックのグリフ 'uni8AF7' に交差がある
INFO:最終チェックのグリフ 'uni8AFC' に交差がある
INFO:最終チェックのグリフ 'uni8B0A' に交差がある
INFO:最終チェックのグリフ 'uni8B0C' に交差がある
INFO:最終チェックのグリフ 'uni8B10' に交差がある
INFO:最終チェックのグリフ 'uni8B14' に交差がある
INFO:最終チェックのグリフ 'uni8B1A' に交差がある
INFO:最終チェックのグリフ 'uni8B2B' に交差がある
INFO:最終チェックのグリフ 'uni8B49' に交差がある
INFO:最終チェックのグリフ 'uni8B4F' に交差がある
INFO:最終チェックのグリフ 'uni8B56' に交差がある
INFO:最終チェックのグリフ 'uni8B6B' に交差がある
INFO:最終チェックのグリフ 'uni8B70' に交差がある
INFO:最終チェックのグリフ 'uni8B81' に交差がある
INFO:最終チェックのグリフ 'uni8B90' に交差がある
INFO:最終チェックのグリフ 'uni8B92' に交差がある
INFO:最終チェックのグリフ 'uni8B94' に交差がある
INFO:最終チェックのグリフ 'uni8B9A' に交差がある
INFO:最終チェックのグリフ 'uni8C3F' に交差がある
INFO:最終チェックのグリフ 'uni8C49' に交差がある
INFO:最終チェックのグリフ 'uni8C54' に交差がある
INFO:最終チェックのグリフ 'uni8C5A' に交差がある
INFO:最終チェックのグリフ 'uni8C62' に交差がある
INFO:最終チェックのグリフ 'uni8C68' に交差がある
INFO:最終チェックのグリフ 'uni8C69' に交差がある
INFO:最終チェックのグリフ 'uni8C6C' に交差がある
INFO:最終チェックのグリフ 'uni8C73' に交差がある
INFO:最終チェックのグリフ 'uni8C7A' に交差がある
INFO:最終チェックのグリフ 'uni8C8A' に交差がある
INFO:最終チェックのグリフ 'uni8C8C' に交差がある
INFO:最終チェックのグリフ 'uni8C8E' に交差がある
INFO:最終チェックのグリフ 'uni8C93' に交差がある
INFO:最終チェックのグリフ 'uni8CAE' に交差がある
INFO:最終チェックのグリフ 'uni8CC2' に交差がある
INFO:最終チェックのグリフ 'uni8CC8' に交差がある
INFO:最終チェックのグリフ 'uni8CCE' に交差がある
INFO:最終チェックのグリフ 'uni8CD5' に交差がある
INFO:最終チェックのグリフ 'uni8CD6' に交差がある
INFO:最終チェックのグリフ 'uni8CDC' に交差がある
INFO:最終チェックのグリフ 'uni8CE4' に交差がある
INFO:最終チェックのグリフ 'uni8D04' に交差がある
INFO:最終チェックのグリフ 'uni8D09' に交差がある
INFO:最終チェックのグリフ 'uni8D0A' に交差がある
INFO:最終チェックのグリフ 'uni8D0E' に交差がある
INFO:最終チェックのグリフ 'uni8D0F' に交差がある
INFO:最終チェックのグリフ 'uni8D10' に交差がある
INFO:最終チェックのグリフ 'uni8D1B' に交差がある
INFO:最終チェックのグリフ 'uni8D6D' に交差がある
INFO:最終チェックのグリフ 'uni8D77' に交差がある
INFO:最終チェックのグリフ 'uni8D85' に交差がある
INFO:最終チェックのグリフ 'uni8DCF' に交差がある
INFO:最終チェックのグリフ 'uni8DD7' に交差がある
INFO:最終チェックのグリフ 'uni8DD9' に交差がある
INFO:最終チェックのグリフ 'uni8DDB' に交差がある
INFO:最終チェックのグリフ 'uni8DEB' に交差がある
INFO:最終チェックのグリフ 'uni8DEF' に交差がある
INFO:最終チェックのグリフ 'uni8DF5' に交差がある
INFO:最終チェックのグリフ 'uni8DFC' に交差がある
INFO:最終チェックのグリフ 'uni8DFF' に交差がある
INFO:最終チェックのグリフ 'uni8E10' に交差がある
INFO:最終チェックのグリフ 'uni8E21' に交差がある
INFO:最終チェックのグリフ 'uni8E34' に交差がある
INFO:最終チェックのグリフ 'uni8E35' に交差がある
INFO:最終チェックのグリフ 'uni8E44' に交差がある
INFO:最終チェックのグリフ 'uni8E49' に交差がある
INFO:最終チェックのグリフ 'uni8E62' に交差がある
INFO:最終チェックのグリフ 'uni8E6C' に交差がある
INFO:最終チェックのグリフ 'uni8E76' に交差がある
INFO:最終チェックのグリフ 'uni8E7B' に交差がある
INFO:最終チェックのグリフ 'uni8E7C' に交差がある
INFO:最終チェックのグリフ 'uni8E81' に交差がある
INFO:最終チェックのグリフ 'uni8E84' に交差がある
INFO:最終チェックのグリフ 'uni8E85' に交差がある
INFO:最終チェックのグリフ 'uni8E93' に交差がある
INFO:最終チェックのグリフ 'uni8E9E' に交差がある
INFO:最終チェックのグリフ 'uni8EA1' に交差がある
INFO:最終チェックのグリフ 'uni8EAE' に交差がある
INFO:最終チェックのグリフ 'uni8EAF' に交差がある
INFO:最終チェックのグリフ 'uni8EB1' に交差がある
INFO:最終チェックのグリフ 'uni8EB3' に交差がある
INFO:最終チェックのグリフ 'uni8EB5' に交差がある
INFO:最終チェックのグリフ 'uni8EC0' に交差がある
INFO:最終チェックのグリフ 'uni8EC8' に交差がある
INFO:最終チェックのグリフ 'uni8F03' に交差がある
INFO:最終チェックのグリフ 'uni8F3E' に交差がある
INFO:最終チェックのグリフ 'uni8F4D' に交差がある
INFO:最終チェックのグリフ 'uni8F57' に交差がある
INFO:最終チェックのグリフ 'uni8F61' に交差がある
INFO:最終チェックのグリフ 'uni8F62' に交差がある
INFO:最終チェックのグリフ 'uni8F63' に交差がある
INFO:最終チェックのグリフ 'uni8F64' に交差がある
INFO:最終チェックのグリフ 'uni8FA6' に交差がある
INFO:最終チェックのグリフ 'uni8FAD' に交差がある
INFO:最終チェックのグリフ 'uni8FB2' に交差がある
INFO:最終チェックのグリフ 'uni8FB5' に交差がある
INFO:最終チェックのグリフ 'uni8FC6' に交差がある
INFO:最終チェックのグリフ 'uni8FCE' に交差がある
INFO:最終チェックのグリフ 'uni8FD4' に交差がある
INFO:最終チェックのグリフ 'uni8FDA' に交差がある
INFO:最終チェックのグリフ 'uni8FF0' に交差がある
INFO:最終チェックのグリフ 'uni8FF4' に交差がある
INFO:最終チェックのグリフ 'uni8FFB' に交差がある
INFO:最終チェックのグリフ 'uni9003' に交差がある
INFO:最終チェックのグリフ 'uni9016' に交差がある
INFO:最終チェックのグリフ 'uni901A' に交差がある
INFO:最終チェックのグリフ 'uni903E' に交差がある
INFO:最終チェックのグリフ 'uni9045' に交差がある
INFO:最終チェックのグリフ 'uni904A' に交差がある
INFO:最終チェックのグリフ 'uni904D' に交差がある
INFO:最終チェックのグリフ 'uni904E' に交差がある
INFO:最終チェックのグリフ 'uni9053' に交差がある
INFO:最終チェックのグリフ 'uni9058' に交差がある
INFO:最終チェックのグリフ 'uni9059' に交差がある
INFO:最終チェックのグリフ 'uni905E' に交差がある
INFO:最終チェックのグリフ 'uni9060' に交差がある
INFO:最終チェックのグリフ 'uni9065' に交差がある
INFO:最終チェックのグリフ 'uni906E' に交差がある
INFO:最終チェックのグリフ 'uni907A' に交差がある
INFO:最終チェックのグリフ 'uni9082' に交差がある
INFO:最終チェックのグリフ 'uni9083' に交差がある
INFO:最終チェックのグリフ 'uni9087' に交差がある
INFO:最終チェックのグリフ 'uni9095' に交差がある
INFO:最終チェックのグリフ 'uni90A1' に交差がある
INFO:最終チェックのグリフ 'uni90A2' に交差がある
INFO:最終チェックのグリフ 'uni90B1' に交差がある
INFO:最終チェックのグリフ 'uni90B8' に交差がある
INFO:最終チェックのグリフ 'uni90C5' に交差がある
INFO:最終チェックのグリフ 'uni90D7' に交差がある
INFO:最終チェックのグリフ 'uni90DF' に交差がある
INFO:最終チェックのグリフ 'uni90F4' に交差がある
INFO:最終チェックのグリフ 'uni9114' に交差がある
INFO:最終チェックのグリフ 'uni9122' に交差がある
INFO:最終チェックのグリフ 'uni9127' に交差がある
INFO:最終チェックのグリフ 'uni912D' に交差がある
INFO:最終チェックのグリフ 'uni9131' に交差がある
INFO:最終チェックのグリフ 'uni9139' に交差がある
INFO:最終チェックのグリフ 'uni914C' に交差がある
INFO:最終チェックのグリフ 'uni9159' に交差がある
INFO:最終チェックのグリフ 'uni9169' に交差がある
INFO:最終チェックのグリフ 'uni9174' に交差がある
INFO:最終チェックのグリフ 'uni9178' に交差がある
INFO:最終チェックのグリフ 'uni9179' に交差がある
INFO:最終チェックのグリフ 'uni919C' に交差がある
INFO:最終チェックのグリフ 'uni919E' に交差がある
INFO:最終チェックのグリフ 'uni91A2' に交差がある
INFO:最終チェックのグリフ 'uni91AF' に交差がある
INFO:最終チェックのグリフ 'uni91B4' に交差がある
INFO:最終チェックのグリフ 'uni91B6' に交差がある
INFO:最終チェックのグリフ 'uni91B8' に交差がある
INFO:最終チェックのグリフ 'uni91BA' に交差がある
INFO:最終チェックのグリフ 'uni91C4' に交差がある
INFO:最終チェックのグリフ 'uni91DF' に交差がある
INFO:最終チェックのグリフ 'uni91F1' に交差がある
INFO:最終チェックのグリフ 'uni91FC' に交差がある
INFO:最終チェックのグリフ 'uni9207' に交差がある
INFO:最終チェックのグリフ 'uni920A' に交差がある
INFO:最終チェックのグリフ 'uni920D' に交差がある
INFO:最終チェックのグリフ 'uni920E' に交差がある
INFO:最終チェックのグリフ 'uni9211' に交差がある
INFO:最終チェックのグリフ 'uni9214' に交差がある
INFO:最終チェックのグリフ 'uni9216' に交差がある
INFO:最終チェックのグリフ 'uni9233' に交差がある
INFO:最終チェックのグリフ 'uni9234' に交差がある
INFO:最終チェックのグリフ 'uni9237' に交差がある
INFO:最終チェックのグリフ 'uni9239' に交差がある
INFO:最終チェックのグリフ 'uni923C' に交差がある
INFO:最終チェックのグリフ 'uni923F' に交差がある
INFO:最終チェックのグリフ 'uni9240' に交差がある
INFO:最終チェックのグリフ 'uni9245' に交差がある
INFO:最終チェックのグリフ 'uni924A' に交差がある
INFO:最終チェックのグリフ 'uni9251' に交差がある
INFO:最終チェックのグリフ 'uni9259' に交差がある
INFO:最終チェックのグリフ 'uni925A' に交差がある
INFO:最終チェックのグリフ 'uni925E' に交差がある
INFO:最終チェックのグリフ 'uni9264' に交差がある
INFO:最終チェックのグリフ 'uni9268' に交差がある
INFO:最終チェックのグリフ 'uni927C' に交差がある
INFO:最終チェックのグリフ 'uni927E' に交差がある
INFO:最終チェックのグリフ 'uni9280' に交差がある
INFO:最終チェックのグリフ 'uni928D' に交差がある
INFO:最終チェックのグリフ 'uni9291' に交差がある
INFO:最終チェックのグリフ 'uni9296' に交差がある
INFO:最終チェックのグリフ 'uni9299' に交差がある
INFO:最終チェックのグリフ 'uni929C' に交差がある
INFO:最終チェックのグリフ 'uni92B7' に交差がある
INFO:最終チェックのグリフ 'uni92BF' に交差がある
INFO:最終チェックのグリフ 'uni92CB' に交差がある
INFO:最終チェックのグリフ 'uni92CC' に交差がある
INFO:最終チェックのグリフ 'uni92CE' に交差がある
INFO:最終チェックのグリフ 'uni92D0' に交差がある
INFO:最終チェックのグリフ 'uni92D5' に交差がある
INFO:最終チェックのグリフ 'uni92F2' に交差がある
INFO:最終チェックのグリフ 'uni92FA' に交差がある
INFO:最終チェックのグリフ 'uni9315' に交差がある
INFO:最終チェックのグリフ 'uni9318' に交差がある
INFO:最終チェックのグリフ 'uni931A' に交差がある
INFO:最終チェックのグリフ 'uni931D' に交差がある
INFO:最終チェックのグリフ 'uni9320' に交差がある
INFO:最終チェックのグリフ 'uni9326' に交差がある
INFO:最終チェックのグリフ 'uni932B' に交差がある
INFO:最終チェックのグリフ 'uni932F' に交差がある
INFO:最終チェックのグリフ 'uni9332' に交差がある
INFO:最終チェックのグリフ 'uni933A' に交差がある
INFO:最終チェックのグリフ 'uni933B' に交差がある
INFO:最終チェックのグリフ 'uni934A' に交差がある
INFO:最終チェックのグリフ 'uni934D' に交差がある
INFO:最終チェックのグリフ 'uni9357' に交差がある
INFO:最終チェックのグリフ 'uni935C' に交差がある
INFO:最終チェックのグリフ 'uni9365' に交差がある
INFO:最終チェックのグリフ 'uni936C' に交差がある
INFO:最終チェックのグリフ 'uni936E' に交差がある
INFO:最終チェックのグリフ 'uni9375' に交差がある
INFO:最終チェックのグリフ 'uni937E' に交差がある
INFO:最終チェックのグリフ 'uni9388' に交差がある
INFO:最終チェックのグリフ 'uni938C' に交差がある
INFO:最終チェックのグリフ 'uni9397' に交差がある
INFO:最終チェックのグリフ 'uni939A' に交差がある
INFO:最終チェックのグリフ 'uni939B' に交差がある
INFO:最終チェックのグリフ 'uni939E' に交差がある
INFO:最終チェックのグリフ 'uni93A1' に交差がある
INFO:最終チェックのグリフ 'uni93A4' に交差がある
INFO:最終チェックのグリフ 'uni93B0' に交差がある
INFO:最終チェックのグリフ 'uni93BA' に交差がある
INFO:最終チェックのグリフ 'uni93C7' に交差がある
INFO:最終チェックのグリフ 'uni93C8' に交差がある
INFO:最終チェックのグリフ 'uni93D0' に交差がある
INFO:最終チェックのグリフ 'uni93D1' に交差がある
INFO:最終チェックのグリフ 'uni93D7' に交差がある
INFO:最終チェックのグリフ 'uni93DC' に交差がある
INFO:最終チェックのグリフ 'uni93DF' に交差がある
INFO:最終チェックのグリフ 'uni9407' に交差がある
INFO:最終チェックのグリフ 'uni9410' に交差がある
INFO:最終チェックのグリフ 'uni9416' に交差がある
INFO:最終チェックのグリフ 'uni9418' に交差がある
INFO:最終チェックのグリフ 'uni9419' に交差がある
INFO:最終チェックのグリフ 'uni941A' に交差がある
INFO:最終チェックのグリフ 'uni942B' に交差がある
INFO:最終チェックのグリフ 'uni9434' に交差がある
INFO:最終チェックのグリフ 'uni9435' に交差がある
INFO:最終チェックのグリフ 'uni9441' に交差がある
INFO:最終チェックのグリフ 'uni9445' に交差がある
INFO:最終チェックのグリフ 'uni9451' に交差がある
INFO:最終チェックのグリフ 'uni945A' に交差がある
INFO:最終チェックのグリフ 'uni9460' に交差がある
INFO:最終チェックのグリフ 'uni946A' に交差がある
INFO:最終チェックのグリフ 'uni946B' に交差がある
INFO:最終チェックのグリフ 'uni946F' に交差がある
INFO:最終チェックのグリフ 'uni9470' に交差がある
INFO:最終チェックのグリフ 'uni947C' に交差がある
INFO:最終チェックのグリフ 'uni947D' に交差がある
INFO:最終チェックのグリフ 'uni958E' に交差がある
INFO:最終チェックのグリフ 'uni95A6' に交差がある
INFO:最終チェックのグリフ 'uni95B4' に交差がある
INFO:最終チェックのグリフ 'uni95BC' に交差がある
INFO:最終チェックのグリフ 'uni95CA' に交差がある
INFO:最終チェックのグリフ 'uni95D4' に交差がある
INFO:最終チェックのグリフ 'uni95D5' に交差がある
INFO:最終チェックのグリフ 'uni95DC' に交差がある
INFO:最終チェックのグリフ 'uni95E2' に交差がある
INFO:最終チェックのグリフ 'uni962E' に交差がある
INFO:最終チェックのグリフ 'uni963C' に交差がある
INFO:最終チェックのグリフ 'uni9644' に交差がある
INFO:最終チェックのグリフ 'uni964D' に交差がある
INFO:最終チェックのグリフ 'uni9658' に交差がある
INFO:最終チェックのグリフ 'uni965C' に交差がある
INFO:最終チェックのグリフ 'uni965E' に交差がある
INFO:最終チェックのグリフ 'uni9662' に交差がある
INFO:最終チェックのグリフ 'uni9664' に交差がある
INFO:最終チェックのグリフ 'uni9673' に交差がある
INFO:最終チェックのグリフ 'uni9682' に交差がある
INFO:最終チェックのグリフ 'uni9684' に交差がある
INFO:最終チェックのグリフ 'uni9686' に交差がある
INFO:最終チェックのグリフ 'uni9698' に交差がある
INFO:最終チェックのグリフ 'uni969A' に交差がある
INFO:最終チェックのグリフ 'uni96A5' に交差がある
INFO:最終チェックのグリフ 'uni96C1' に交差がある
INFO:最終チェックのグリフ 'uni96C4' に交差がある
INFO:最終チェックのグリフ 'uni96C9' に交差がある
INFO:最終チェックのグリフ 'uni96CB' に交差がある
INFO:最終チェックのグリフ 'uni96CC' に交差がある
INFO:最終チェックのグリフ 'uni96D2' に交差がある
INFO:最終チェックのグリフ 'uni96DC' に交差がある
INFO:最終チェックのグリフ 'uni96DE' に交差がある
INFO:最終チェックのグリフ 'uni96E2' に交差がある
INFO:最終チェックのグリフ 'uni96F0' に交差がある
INFO:最終チェックのグリフ 'uni9724' に交差がある
INFO:最終チェックのグリフ 'uni972A' に交差がある
INFO:最終チェックのグリフ 'uni9736' に交差がある
INFO:最終チェックのグリフ 'uni9739' に交差がある
INFO:最終チェックのグリフ 'uni973E' に交差がある
INFO:最終チェックのグリフ 'uni9743' に交差がある
INFO:最終チェックのグリフ 'uni9744' に交差がある
INFO:最終チェックのグリフ 'uni9746' に交差がある
INFO:最終チェックのグリフ 'uni974F' に交差がある
INFO:最終チェックのグリフ 'uni975B' に交差がある
INFO:最終チェックのグリフ 'uni9761' に交差がある
INFO:最終チェックのグリフ 'uni9785' に交差がある
INFO:最終チェックのグリフ 'uni979C' に交差がある
INFO:最終チェックのグリフ 'uni979E' に交差がある
INFO:最終チェックのグリフ 'uni97BA' に交差がある
INFO:最終チェックのグリフ 'uni97C6' に交差がある
INFO:最終チェックのグリフ 'uni97C9' に交差がある
INFO:最終チェックのグリフ 'uni97D4' に交差がある
INFO:最終チェックのグリフ 'uni97DE' に交差がある
INFO:最終チェックのグリフ 'uni97F4' に交差がある
INFO:最終チェックのグリフ 'uni97F5' に交差がある
INFO:最終チェックのグリフ 'uni97FF' に交差がある
INFO:最終チェックのグリフ 'uni9802' に交差がある
INFO:最終チェックのグリフ 'uni9803' に交差がある
INFO:最終チェックのグリフ 'uni9808' に交差がある
INFO:最終チェックのグリフ 'uni980F' に交差がある
INFO:最終チェックのグリフ 'uni9812' に交差がある
INFO:最終チェックのグリフ 'uni982D' に交差がある
INFO:最終チェックのグリフ 'uni9830' に交差がある
INFO:最終チェックのグリフ 'uni983C' に交差がある
INFO:最終チェックのグリフ 'uni983D' に交差がある
INFO:最終チェックのグリフ 'uni984D' に交差がある
INFO:最終チェックのグリフ 'uni9854' に交差がある
INFO:最終チェックのグリフ 'uni9857' に交差がある
INFO:最終チェックのグリフ 'uni9858' に交差がある
INFO:最終チェックのグリフ 'uni9859' に交差がある
INFO:最終チェックのグリフ 'uni986C' に交差がある
INFO:最終チェックのグリフ 'uni986F' に交差がある
INFO:最終チェックのグリフ 'uni9870' に交差がある
INFO:最終チェックのグリフ 'uni9874' に交差がある
INFO:最終チェックのグリフ 'uni98B0' に交差がある
INFO:最終チェックのグリフ 'uni98B1' に交差がある
INFO:最終チェックのグリフ 'uni98B6' に交差がある
INFO:最終チェックのグリフ 'uni98BB' に交差がある
INFO:最終チェックのグリフ 'uni98BC' に交差がある
INFO:最終チェックのグリフ 'uni98BF' に交差がある
INFO:最終チェックのグリフ 'uni98C6' に交差がある
INFO:最終チェックのグリフ 'uni98CB' に交差がある
INFO:最終チェックのグリフ 'uni98DC' に交差がある
INFO:最終チェックのグリフ 'uni98E1' に交差がある
INFO:最終チェックのグリフ 'uni98E5' に交差がある
INFO:最終チェックのグリフ 'uni98ED' に交差がある
INFO:最終チェックのグリフ 'uni98EE' に交差がある
INFO:最終チェックのグリフ 'uni98EF' に交差がある
INFO:最終チェックのグリフ 'uni9903' に交差がある
INFO:最終チェックのグリフ 'uni9908' に交差がある
INFO:最終チェックのグリフ 'uni9910' に交差がある
INFO:最終チェックのグリフ 'uni9912' に交差がある
INFO:最終チェックのグリフ 'uni991A' に交差がある
INFO:最終チェックのグリフ 'uni991C' に交差がある
INFO:最終チェックのグリフ 'uni9928' に交差がある
INFO:最終チェックのグリフ 'uni992E' に交差がある
INFO:最終チェックのグリフ 'uni9940' に交差がある
INFO:最終チェックのグリフ 'uni9941' に交差がある
INFO:最終チェックのグリフ 'uni9942' に交差がある
INFO:最終チェックのグリフ 'uni994C' に交差がある
INFO:最終チェックのグリフ 'uni9950' に交差がある
INFO:最終チェックのグリフ 'uni9951' に交差がある
INFO:最終チェックのグリフ 'uni995C' に交差がある
INFO:最終チェックのグリフ 'uni9960' に交差がある
INFO:最終チェックのグリフ 'uni9998' に交差がある
INFO:最終チェックのグリフ 'uni99A5' に交差がある
INFO:最終チェックのグリフ 'uni99AE' に交差がある
INFO:最終チェックのグリフ 'uni99B3' に交差がある
INFO:最終チェックのグリフ 'uni99BF' に交差がある
INFO:最終チェックのグリフ 'uni99C1' に交差がある
INFO:最終チェックのグリフ 'uni99C5' に交差がある
INFO:最終チェックのグリフ 'uni99D4' に交差がある
INFO:最終チェックのグリフ 'uni99D8' に交差がある
INFO:最終チェックのグリフ 'uni99D9' に交差がある
INFO:最終チェックのグリフ 'uni99F9' に交差がある
INFO:最終チェックのグリフ 'uni9A0F' に交差がある
INFO:最終チェックのグリフ 'uni9A11' に交差がある
INFO:最終チェックのグリフ 'uni9A13' に交差がある
INFO:最終チェックのグリフ 'uni9A19' に交差がある
INFO:最終チェックのグリフ 'uni9A20' に交差がある
INFO:最終チェックのグリフ 'uni9A24' に交差がある
INFO:最終チェックのグリフ 'uni9A2D' に交差がある
INFO:最終チェックのグリフ 'uni9A30' に交差がある
INFO:最終チェックのグリフ 'uni9A31' に交差がある
INFO:最終チェックのグリフ 'uni9A37' に交差がある
INFO:最終チェックのグリフ 'uni9A42' に交差がある
INFO:最終チェックのグリフ 'uni9A44' に交差がある
INFO:最終チェックのグリフ 'uni9A57' に交差がある
INFO:最終チェックのグリフ 'uni9A62' に交差がある
INFO:最終チェックのグリフ 'uni9A65' に交差がある
INFO:最終チェックのグリフ 'uni9AB6' に交差がある
INFO:最終チェックのグリフ 'uni9ABC' に交差がある
INFO:最終チェックのグリフ 'uni9AC4' に交差がある
INFO:最終チェックのグリフ 'uni9AD1' に交差がある
INFO:最終チェックのグリフ 'uni9AD4' に交差がある
INFO:最終チェックのグリフ 'uni9AD5' に交差がある
INFO:最終チェックのグリフ 'uni9ADF' に交差がある
INFO:最終チェックのグリフ 'uni9AE0' に交差がある
INFO:最終チェックのグリフ 'uni9AEA' に交差がある
INFO:最終チェックのグリフ 'uni9AED' に交差がある
INFO:最終チェックのグリフ 'uni9AEF' に交差がある
INFO:最終チェックのグリフ 'uni9AF1' に交差がある
INFO:最終チェックのグリフ 'uni9AF7' に交差がある
INFO:最終チェックのグリフ 'uni9B02' に交差がある
INFO:最終チェックのグリフ 'uni9B03' に交差がある
INFO:最終チェックのグリフ 'uni9B06' に交差がある
INFO:最終チェックのグリフ 'uni9B08' に交差がある
INFO:最終チェックのグリフ 'uni9B0C' に交差がある
INFO:最終チェックのグリフ 'uni9B10' に交差がある
INFO:最終チェックのグリフ 'uni9B12' に交差がある
INFO:最終チェックのグリフ 'uni9B1F' に交差がある
INFO:最終チェックのグリフ 'uni9B22' に交差がある
INFO:最終チェックのグリフ 'uni9B27' に交差がある
INFO:最終チェックのグリフ 'uni9B2A' に交差がある
INFO:最終チェックのグリフ 'uni9B2D' に交差がある
INFO:最終チェックのグリフ 'uni9B31' に交差がある
INFO:最終チェックのグリフ 'uni9B3B' に交差がある
INFO:最終チェックのグリフ 'uni9B41' に交差がある
INFO:最終チェックのグリフ 'uni9B42' に交差がある
INFO:最終チェックのグリフ 'uni9B45' に交差がある
INFO:最終チェックのグリフ 'uni9B58' に交差がある
INFO:最終チェックのグリフ 'uni9B6C' に交差がある
INFO:最終チェックのグリフ 'uni9B72' に交差がある
INFO:最終チェックのグリフ 'uni9B84' に交差がある
INFO:最終チェックのグリフ 'uni9B9F' に交差がある
INFO:最終チェックのグリフ 'uni9BB2' に交差がある
INFO:最終チェックのグリフ 'uni9BB4' に交差がある
INFO:最終チェックのグリフ 'uni9BBB' に交差がある
INFO:最終チェックのグリフ 'uni9BC0' に交差がある
INFO:最終チェックのグリフ 'uni9BCF' に交差がある
INFO:最終チェックのグリフ 'uni9BD1' に交差がある
INFO:最終チェックのグリフ 'uni9BE2' に交差がある
INFO:最終チェックのグリフ 'uni9BEF' に交差がある
INFO:最終チェックのグリフ 'uni9BF0' に交差がある
INFO:最終チェックのグリフ 'uni9BF1' に交差がある
INFO:最終チェックのグリフ 'uni9BF3' に交差がある
INFO:最終チェックのグリフ 'uni9C16' に交差がある
INFO:最終チェックのグリフ 'uni9C24' に交差がある
INFO:最終チェックのグリフ 'uni9C2A' に交差がある
INFO:最終チェックのグリフ 'uni9C2E' に交差がある
INFO:最終チェックのグリフ 'uni9C2F' に交差がある
INFO:最終チェックのグリフ 'uni9C37' に交差がある
INFO:最終チェックのグリフ 'uni9C39' に交差がある
INFO:最終チェックのグリフ 'uni9C3A' に交差がある
INFO:最終チェックのグリフ 'uni9C3B' に交差がある
INFO:最終チェックのグリフ 'uni9C45' に交差がある
INFO:最終チェックのグリフ 'uni9C50' に交差がある
INFO:最終チェックのグリフ 'uni9C52' に交差がある
INFO:最終チェックのグリフ 'uni9C57' に交差がある
INFO:最終チェックのグリフ 'uni9C5C' に交差がある
INFO:最終チェックのグリフ 'uni9C5F' に交差がある
INFO:最終チェックのグリフ 'uni9C6A' に交差がある
INFO:最終チェックのグリフ 'uni9C6B' に交差がある
INFO:最終チェックのグリフ 'uni9C6E' に交差がある
INFO:最終チェックのグリフ 'uni9C75' に交差がある
INFO:最終チェックのグリフ 'uni9C76' に交差がある
INFO:最終チェックのグリフ 'uni9C78' に交差がある
INFO:最終チェックのグリフ 'uni9C7A' に交差がある
INFO:最終チェックのグリフ 'uni9CF0' に交差がある
INFO:最終チェックのグリフ 'uni9D08' に交差がある
INFO:最終チェックのグリフ 'uni9D11' に交差がある
INFO:最終チェックのグリフ 'uni9D12' に交差がある
INFO:最終チェックのグリフ 'uni9D18' に交差がある
INFO:最終チェックのグリフ 'uni9D1E' に交差がある
INFO:最終チェックのグリフ 'uni9D2B' に交差がある
INFO:最終チェックのグリフ 'uni9D41' に交差がある
INFO:最終チェックのグリフ 'uni9D47' に交差がある
INFO:最終チェックのグリフ 'uni9D5E' に交差がある
INFO:最終チェックのグリフ 'uni9D60' に交差がある
INFO:最終チェックのグリフ 'uni9D6C' に交差がある
INFO:最終チェックのグリフ 'uni9D73' に交差がある
INFO:最終チェックのグリフ 'uni9D7A' に交差がある
INFO:最終チェックのグリフ 'uni9D89' に交差がある
INFO:最終チェックのグリフ 'uni9D8F' に交差がある
INFO:最終チェックのグリフ 'uni9DA1' に交差がある
INFO:最終チェックのグリフ 'uni9DA9' に交差がある
INFO:最終チェックのグリフ 'uni9DB4' に交差がある
INFO:最終チェックのグリフ 'uni9DB5' に交差がある
INFO:最終チェックのグリフ 'uni9DB8' に交差がある
INFO:最終チェックのグリフ 'uni9DBC' に交差がある
INFO:最終チェックのグリフ 'uni9DBD' に交差がある
INFO:最終チェックのグリフ 'uni9DC0' に交差がある
INFO:最終チェックのグリフ 'uni9DC4' に交差がある
INFO:最終チェックのグリフ 'uni9DC6' に交差がある
INFO:最終チェックのグリフ 'uni9DCF' に交差がある
INFO:最終チェックのグリフ 'uni9DD3' に交差がある
INFO:最終チェックのグリフ 'uni9DD9' に交差がある
INFO:最終チェックのグリフ 'uni9DDA' に交差がある
INFO:最終チェックのグリフ 'uni9DFD' に交差がある
INFO:最終チェックのグリフ 'uni9E0A' に交差がある
INFO:最終チェックのグリフ 'uni9E0D' に交差がある
INFO:最終チェックのグリフ 'uni9E15' に交差がある
INFO:最終チェックのグリフ 'uni9E78' に交差がある
INFO:最終チェックのグリフ 'uni9E7C' に交差がある
INFO:最終チェックのグリフ 'uni9E81' に交差がある
INFO:最終チェックのグリフ 'uni9E91' に交差がある
INFO:最終チェックのグリフ 'uni9E93' に交差がある
INFO:最終チェックのグリフ 'uni9EA8' に交差がある
INFO:最終チェックのグリフ 'uni9EAD' に交差がある
INFO:最終チェックのグリフ 'uni9EB5' に交差がある
INFO:最終チェックのグリフ 'uni9EB9' に交差がある
INFO:最終チェックのグリフ 'uni9ECC' に交差がある
INFO:最終チェックのグリフ 'uni9ECF' に交差がある
INFO:最終チェックのグリフ 'uni9ED0' に交差がある
INFO:最終チェックのグリフ 'uni9ED4' に交差がある
INFO:最終チェックのグリフ 'uni9EDB' に交差がある
INFO:最終チェックのグリフ 'uni9EFC' に交差がある
INFO:最終チェックのグリフ 'uni9F07' に交差がある
INFO:最終チェックのグリフ 'uni9F08' に交差がある
INFO:最終チェックのグリフ 'uni9F10' に交差がある
INFO:最終チェックのグリフ 'uni9F37' に交差がある
INFO:最終チェックのグリフ 'uni9F4A' に交差がある
INFO:最終チェックのグリフ 'uni9F4F' に交差がある
INFO:最終チェックのグリフ 'uni9F58' に交差がある
INFO:最終チェックのグリフ 'uni9F5D' に交差がある
INFO:最終チェックのグリフ 'uni9F63' に交差がある
INFO:最終チェックのグリフ 'uni9F6A' に交差がある
INFO:最終チェックのグリフ 'uni9F6D' に交差がある
INFO:最終チェックのグリフ 'uni9F70' に交差がある
INFO:最終チェックのグリフ 'uni9F75' に交差がある
INFO:最終チェックのグリフ 'uniFA13' に交差がある
INFO:最終チェックのグリフ 'uniFA16' に交差がある
INFO:最終チェックのグリフ 'uniFA1A' に交差がある
INFO:最終チェックのグリフ 'uniFA20' に交差がある
INFO:最終チェックのグリフ 'uniFA21' に交差がある
INFO:最終チェックのグリフ 'uniFA28' に交差がある
INFO:最終チェックのグリフ 'uniFA2A' に交差がある
INFO:最終チェックのグリフ 'uniFA2B' に交差がある
INFO:最終チェックのグリフ 'uniFA31' に交差がある
INFO:最終チェックのグリフ 'uniFA38' に交差がある
INFO:最終チェックのグリフ 'uniFA3A' に交差がある
INFO:最終チェックのグリフ 'uniFA46' に交差がある
INFO:最終チェックのグリフ 'uniFA52' に交差がある
INFO:最終チェックのグリフ 'uniFA53' に交差がある
INFO:最終チェックのグリフ 'uniFA54' に交差がある
INFO:最終チェックのグリフ 'uniFA58' に交差がある
INFO:最終チェックのグリフ 'uniFA5B' に交差がある
INFO:最終チェックのグリフ 'uniFA64' に交差がある
INFO:最終チェックのグリフ 'uniFA67' に交差がある
INFO:最終チェックのグリフ 'uniFA68' に交差がある
INFO:最終チェックのグリフ 'uniFA69' に交差がある
INFO:最終チェックのグリフ 'uniFF03' に交差がある
INFO:最終チェックのグリフ 'uniFF05' に交差がある
INFO:最終チェックのグリフ 'uniFF21' に交差がある
INFO:最終チェックのグリフ 'uniFF2B' に交差がある
INFO:最終チェックのグリフ 'uniFF32' に交差がある
INFO:最終チェックのグリフ 'uniFF38' に交差がある
INFO:最終チェックのグリフ 'uniFF3C' に交差がある
INFO:最終チェックのグリフ 'uniFF41' に交差がある
INFO:最終チェックのグリフ 'uniFF4B' に交差がある
INFO:最終チェックのグリフ 'uniFF58' に交差がある
INFO:最終チェックのグリフ 'uniFF6C' に交差がある
INFO:最終チェックのグリフ 'uniFF77' に交差がある
INFO:最終チェックのグリフ 'uniFF7B' に交差がある
INFO:最終チェックのグリフ 'uniFF7E' に交差がある
INFO:最終チェックのグリフ 'u2000B' に交差がある
INFO:最終チェックのグリフ 'u201A2' に交差がある
INFO:最終チェックのグリフ 'u2044A' に交差がある
INFO:最終チェックのグリフ 'u20807' に交差がある
INFO:最終チェックのグリフ 'u20B9F' に交差がある
INFO:最終チェックのグリフ 'u212FD' に交差がある
INFO:最終チェックのグリフ 'u21344' に交差がある
INFO:最終チェックのグリフ 'u2146E' に交差がある
INFO:最終チェックのグリフ 'u21742' に交差がある
INFO:最終チェックのグリフ 'u21D45' に交差がある
INFO:最終チェックのグリフ 'u21DE0' に交差がある
INFO:最終チェックのグリフ 'u22DE1' に交差がある
INFO:最終チェックのグリフ 'u231B6' に交差がある
INFO:最終チェックのグリフ 'u231C4' に交差がある
INFO:最終チェックのグリフ 'u2363A' に交差がある
INFO:最終チェックのグリフ 'u23647' に交差がある
INFO:最終チェックのグリフ 'u237E7' に交差がある
INFO:最終チェックのグリフ 'u23DF9' に交差がある
INFO:最終チェックのグリフ 'u24096' に交差がある
INFO:最終チェックのグリフ 'u24103' に交差がある
INFO:最終チェックのグリフ 'u241C6' に交差がある
INFO:最終チェックのグリフ 'u243D0' に交差がある
INFO:最終チェックのグリフ 'u247F1' に交差がある
INFO:最終チェックのグリフ 'u24B6F' に交差がある
INFO:最終チェックのグリフ 'u259D4' に交差がある
INFO:最終チェックのグリフ 'u25C64' に交差がある
INFO:最終チェックのグリフ 'u25E56' に交差がある
INFO:最終チェックのグリフ 'u25E62' に交差がある
INFO:最終チェックのグリフ 'u25EE8' に交差がある
INFO:最終チェックのグリフ 'u25F23' に交差がある
INFO:最終チェックのグリフ 'u25FD4' に交差がある
INFO:最終チェックのグリフ 'u25FE0' に交差がある
INFO:最終チェックのグリフ 'u25FFB' に交差がある
INFO:最終チェックのグリフ 'u2600C' に交差がある
INFO:最終チェックのグリフ 'u2671D' に交差がある
INFO:最終チェックのグリフ 'u269DD' に交差がある
INFO:最終チェックのグリフ 'u26A8C' に交差がある
INFO:最終チェックのグリフ 'u26AFF' に交差がある
INFO:最終チェックのグリフ 'u26E40' に交差がある
INFO:最終チェックのグリフ 'u26FF6' に交差がある
INFO:最終チェックのグリフ 'u270F4' に交差がある
INFO:最終チェックのグリフ 'u27410' に交差がある
INFO:最終チェックのグリフ 'u27631' に交差がある
INFO:最終チェックのグリフ 'u27684' に交差がある
INFO:最終チェックのグリフ 'u27693' に交差がある
INFO:最終チェックのグリフ 'u2770E' に交差がある
INFO:最終チェックのグリフ 'u27BBE' に交差がある
INFO:最終チェックのグリフ 'u27CB8' に交差がある
INFO:最終チェックのグリフ 'u280BB' に交差がある
INFO:最終チェックのグリフ 'u285C8' に交差がある
INFO:最終チェックのグリフ 'u285C9' に交差がある
INFO:最終チェックのグリフ 'u28946' に交差がある
INFO:最終チェックのグリフ 'u28949' に交差がある
INFO:最終チェックのグリフ 'u2896B' に交差がある
INFO:最終チェックのグリフ 'u28987' に交差がある
INFO:最終チェックのグリフ 'u289BB' に交差がある
INFO:最終チェックのグリフ 'u28A29' に交差がある
INFO:最終チェックのグリフ 'u28A71' に交差がある
INFO:最終チェックのグリフ 'u28ACD' に交差がある
INFO:最終チェックのグリフ 'u28AE4' に交差がある
INFO:最終チェックのグリフ 'u28D10' に交差がある
INFO:最終チェックのグリフ 'u28DFB' に交差がある
INFO:最終チェックのグリフ 'u292A0' に交差がある
INFO:最終チェックのグリフ 'u292B1' に交差がある
INFO:最終チェックのグリフ 'u29490' に交差がある
INFO:最終チェックのグリフ 'u296F0' に交差がある
INFO:最終チェックのグリフ 'u29719' に交差がある
INFO:最終チェックのグリフ 'u29750' に交差がある
INFO:最終チェックのグリフ 'u29EDB' に交差がある
INFO:最終チェックのグリフ 'u29EE9' に交差がある
INFO:最終チェックのグリフ 'u2A02F' に交差がある
INFO:最終チェックのグリフ 'u2A38C' に交差がある
INFO:最終チェックのグリフ 'u2A5F1' に交差がある
INFO:最終チェックのグリフ 'u2A602' に交差がある
INFO:最終チェックのグリフ 'uni301C.vert' に交差がある
INFO:最終チェックのグリフ 'uni3314.aalt' に交差がある
INFO:最終チェックのグリフ 'uni334D.vert' に交差がある
INFO:最終チェックのグリフ 'uni3336.aalt' に交差がある
INFO:最終チェックのグリフ 'uni3322.vert' に交差がある
INFO:最終チェックのグリフ 'uni3303.vert' に交差がある
INFO:最終チェックのグリフ 'uni333B.vert' に交差がある
INFO:最終チェックのグリフ 'uni3018.vert' に交差がある
INFO:最終チェックのグリフ 'uni3046.aalt' に交差がある
INFO:最終チェックのグリフ 'uni3047.aalt' に交差がある
INFO:最終チェックのグリフ 'uni3048.aalt' に交差がある
INFO:最終チェックのグリフ 'uni304C.aalt' に交差がある
INFO:最終チェックのグリフ 'uni305F.aalt' に交差がある
INFO:最終チェックのグリフ 'uni3060.aalt' に交差がある
INFO:最終チェックのグリフ 'uni3062.aalt' に交差がある
INFO:最終チェックのグリフ 'uni3064.aalt' に交差がある
INFO:最終チェックのグリフ 'uni308B.aalt' に交差がある
INFO:最終チェックのグリフ 'uni308D.aalt' に交差がある
INFO:最終チェックのグリフ 'uni30AC.aalt' に交差がある
INFO:最終チェックのグリフ 'uni30D8.vert' に交差がある
INFO:最終チェックのグリフ 'uni30D9.aalt' に交差がある
INFO:最終チェックのグリフ 'uni30DA.aalt' に交差がある
INFO:最終チェックのグリフ 'uni31F0.aalt' に交差がある
INFO:最終チェックのグリフ 'uni31FB.aalt' に交差がある
INFO:最終チェックのグリフ 'uni2225.vert' に交差がある
INFO:最終チェックのグリフ 'uni304B_uni309A.ccmp' に交差がある
INFO:最終チェックのグリフ 'uni3051_uni309A.ccmp' に交差がある
INFO:最終チェックのグリフ 'uni30B1_uni309A.ccmp' に交差がある
INFO:最終チェックのグリフ 'uni028C_gravecomb.ccmp' に交差がある
INFO:最終チェックのグリフ 'uni028C_acutecomb.ccmp' に交差がある
INFO:最終チェックのグリフ 'uni304B.aalt_uni309A.ccmp' に交差がある
INFO:最終チェックのグリフ 'uni30AB_uni309A.ccmp.vert' に交差がある
INFO:最終チェックのグリフ 'acute.vert' に交差がある
INFO:最終チェックのグリフ 'glyph11704' に交差がある
INFO:最終チェックのグリフ 'uni8328.aalt' に交差がある
INFO:最終チェックのグリフ 'uni8956.aalt' に交差がある
INFO:最終チェックのグリフ 'uni7078.aalt' に交差がある
INFO:最終チェックのグリフ 'uni7B08.jp78' に交差がある
INFO:最終チェックのグリフ 'uni9957.aalt' に交差がある
INFO:最終チェックのグリフ 'uni5C51.aalt' に交差がある
INFO:最終チェックのグリフ 'uni9699.expt' に交差がある
INFO:最終チェックのグリフ 'uni6372.aalt' に交差がある
INFO:最終チェックのグリフ 'uni9375.aalt' に交差がある
INFO:最終チェックのグリフ 'uni85A9.aalt' に交差がある
INFO:最終チェックのグリフ 'uni707C.aalt' に交差がある
INFO:最終チェックのグリフ 'uni63C3.aalt' に交差がある
INFO:最終チェックのグリフ 'uni817F.aalt' に交差がある
INFO:最終チェックのグリフ 'uni6A3D.aalt' に交差がある
INFO:最終チェックのグリフ 'uni939A.aalt' に交差がある
INFO:最終チェックのグリフ 'uni633A.aalt' に交差がある
INFO:最終チェックのグリフ 'uni912D.aalt' に交差がある
INFO:最終チェックのグリフ 'uni64E2.aalt' に交差がある
INFO:最終チェックのグリフ 'uni5C60.aalt' に交差がある
INFO:最終チェックのグリフ 'uni7058.aalt' に交差がある
INFO:最終チェックのグリフ 'uni6962.aalt' に交差がある
INFO:最終チェックのグリフ 'uni79B0.jp83' に交差がある
INFO:最終チェックのグリフ 'uni9019.aalt' に交差がある
INFO:最終チェックのグリフ 'uni99C1.aalt' に交差がある
INFO:最終チェックのグリフ 'uni633D.aalt' に交差がある
INFO:最終チェックのグリフ 'uni6A0B.aalt' に交差がある
INFO:最終チェックのグリフ 'uni7A17.jp83' に交差がある
INFO:最終チェックのグリフ 'uni8B2C.aalt' に交差がある
INFO:最終チェックのグリフ 'uni8C79.aalt' に交差がある
INFO:最終チェックのグリフ 'uni7015.aalt' に交差がある
INFO:最終チェックのグリフ 'uni65A7.aalt' に交差がある
INFO:最終チェックのグリフ 'uni853D.aalt' に交差がある
INFO:最終チェックのグリフ 'uni8511.aalt' に交差がある
INFO:最終チェックのグリフ 'uni723A.aalt' に交差がある
INFO:最終チェックのグリフ 'uni6108.aalt' に交差がある
INFO:最終チェックのグリフ 'uni7C3E.jp78' に交差がある
INFO:最終チェックのグリフ 'uni51A4.jp83' に交差がある
INFO:最終チェックのグリフ 'uni56C0.aalt' に交差がある
INFO:最終チェックのグリフ 'uni72E1.aalt' に交差がある
INFO:最終チェックのグリフ 'uni7AC8.expt' に交差がある
INFO:最終チェックのグリフ 'uni7B75.aalt' に交差がある
INFO:最終チェックのグリフ 'uni8805.expt' に交差がある
INFO:最終チェックのグリフ 'uni8A1D.aalt' に交差がある
INFO:最終チェックのグリフ 'uni7511.expt' に交差がある
INFO:最終チェックのグリフ 'uni73CA.aalt' に交差がある
INFO:最終チェックのグリフ 'uni66D9.aalt' に交差がある
INFO:最終チェックのグリフ 'uni7FE0.jp78' に交差がある
INFO:最終チェックのグリフ 'uni9EDB.aalt' に交差がある
INFO:最終チェックのグリフ 'uni90A3.aalt' に交差がある
INFO:最終チェックのグリフ 'uni5A9B.aalt' に交差がある
INFO:最終チェックのグリフ 'uni7652.jp78' に交差がある
INFO:最終チェックのグリフ 'uni55E4.aalt' に交差がある
INFO:最終チェックのグリフ 'uni5E64.jp78' に交差がある
INFO:最終チェックのグリフ 'uni6406.aalt' に交差がある
INFO:最終チェックのグリフ 'uni73CE.expt' に交差がある
INFO:最終チェックのグリフ 'uni7504.aalt' に交差がある
INFO:最終チェックのグリフ 'uni7A31.expt' に交差がある
INFO:最終チェックのグリフ 'uni7C90.aalt' に交差がある
INFO:最終チェックのグリフ 'uni7DAE.aalt' に交差がある
INFO:最終チェックのグリフ 'uni7D9F.aalt' に交差がある
INFO:最終チェックのグリフ 'uni87D2.jp78' に交差がある
INFO:最終チェックのグリフ 'uni8DDA.aalt' に交差がある
INFO:最終チェックのグリフ 'uni7B08.expt' に交差がある
INFO:最終チェックのグリフ 'uni7C3E.expt' に交差がある
INFO:最終チェックのグリフ 'uni56AE.aalt' に交差がある
INFO:最終チェックのグリフ 'uni5819.aalt' に交差がある
INFO:最終チェックのグリフ 'uni5C28.aalt' に交差がある
INFO:最終チェックのグリフ 'uni6E23.aalt' に交差がある
INFO:最終チェックのグリフ 'uni7A97.expt' に交差がある
INFO:最終チェックのグリフ 'uni7FE9.aalt' に交差がある
INFO:最終チェックのグリフ 'glyph12023' に交差がある
INFO:最終チェックのグリフ 'uni7462.aalt' に交差がある
INFO:最終チェックのグリフ 'section.aalt' に交差がある
INFO:最終チェックのグリフ 'glyph12039' に交差がある
INFO:最終チェックのグリフ 'perthousand.aalt' に交差がある
INFO:最終チェックのグリフ 'glyph12071' に交差がある
INFO:最終チェックのグリフ 'uni30D3_uni30EB.dlig' に交差がある
INFO:最終チェックのグリフ 'uni30DE_uni30F3_uni30B7_uni30E7_uni30F3.dlig' に交差がある
INFO:最終チェックのグリフ 'glyph12104' に交差がある
INFO:最終チェックのグリフ 'onehalf.fwid' に交差がある
INFO:最終チェックのグリフ 'onequarter.fwid' に交差がある
INFO:最終チェックのグリフ 'glyph12223' に交差がある
INFO:最終チェックのグリフ 'glyph12251' に交差がある
INFO:最終チェックのグリフ 'glyph12264' に交差がある
INFO:最終チェックのグリフ 'uni3316.vert' に交差がある
INFO:最終チェックのグリフ 'glyph12282' に交差がある
INFO:最終チェックのグリフ 'uni3305.vert' に交差がある
INFO:最終チェックのグリフ 'uni3333.vert' に交差がある
INFO:最終チェックのグリフ 'threequarters.aalt' に交差がある
INFO:最終チェックのグリフ 'Acircumflex.aalt' に交差がある
INFO:最終チェックのグリフ 'Ccedilla.aalt' に交差がある
INFO:最終チェックのグリフ 'Ecircumflex.aalt' に交差がある
INFO:最終チェックのグリフ 'Icircumflex.aalt' に交差がある
INFO:最終チェックのグリフ 'Ocircumflex.aalt' に交差がある
INFO:最終チェックのグリフ 'Ucircumflex.aalt' に交差がある
INFO:最終チェックのグリフ 'Yacute.aalt' に交差がある
INFO:最終チェックのグリフ 'eth.aalt' に交差がある
INFO:最終チェックのグリフ 'Scaron.aalt' に交差がある
INFO:最終チェックのグリフ 'Zcaron.aalt' に交差がある
INFO:最終チェックのグリフ 'uniFF6C.vert' に交差がある
INFO:最終チェックのグリフ 'uniFF6F.vert' に交差がある
INFO:最終チェックのグリフ 'uniFF79.vert' に交差がある
INFO:最終チェックのグリフ 'uniFF81.vert' に交差がある
INFO:最終チェックのグリフ 'S.vert' に交差がある
INFO:最終チェックのグリフ 'x.vert' に交差がある
INFO:最終チェックのグリフ 'uniFF17.vert' に交差がある
INFO:最終チェックのグリフ 'uniFF21.vert' に交差がある
INFO:最終チェックのグリフ 'uniFF27.vert' に交差がある
INFO:最終チェックのグリフ 'uniFF28.vert' に交差がある
INFO:最終チェックのグリフ 'uniFF2B.vert' に交差がある
INFO:最終チェックのグリフ 'uniFF2D.vert' に交差がある
INFO:最終チェックのグリフ 'uniFF32.vert' に交差がある
INFO:最終チェックのグリフ 'uniFF34.vert' に交差がある
INFO:最終チェックのグリフ 'uniFF38.vert' に交差がある
INFO:最終チェックのグリフ 'uniFF39.vert' に交差がある
INFO:最終チェックのグリフ 'uniFF43.vert' に交差がある
INFO:最終チェックのグリフ 'uniFF47.vert' に交差がある
INFO:最終チェックのグリフ 'uniFF4A.vert' に交差がある
INFO:最終チェックのグリフ 'uniFF4B.vert' に交差がある
