INFO:最終チェックのグリフ 'at' に交差がある
INFO:最終チェックのグリフ 'F' に交差がある
INFO:最終チェックのグリフ 'Q' に交差がある
INFO:最終チェックのグリフ 'backslash' の参照が不正
INFO:最終チェックのグリフ 'b' に交差がある
INFO:最終チェックのグリフ 'h' に交差がある
INFO:最終チェックのグリフ 'k' に交差がある
INFO:最終チェックのグリフ 'n' に交差がある
INFO:最終チェックのグリフ 'yen' に交差がある
INFO:最終チェックのグリフ 'threequarters' に交差がある
INFO:最終チェックのグリフ 'Agrave' に交差がある
INFO:最終チェックのグリフ 'Aacute' に交差がある
INFO:最終チェックのグリフ 'Acircumflex' に交差がある
INFO:最終チェックのグリフ 'Adieresis' に交差がある
INFO:最終チェックのグリフ 'Ntilde' に交差がある
INFO:最終チェックのグリフ 'multiply' に交差がある
INFO:最終チェックのグリフ 'Yacute' に交差がある
INFO:最終チェックのグリフ 'Amacron' に交差がある
INFO:最終チェックのグリフ 'Hcircumflex' に交差がある
INFO:最終チェックのグリフ 'Hbar' に交差がある
INFO:最終チェックのグリフ 'hbar' に交差がある
INFO:最終チェックのグリフ 'kgreenlandic' に交差がある
INFO:最終チェックのグリフ 'Nacute' に交差がある
INFO:最終チェックのグリフ 'nacute' に交差がある
INFO:最終チェックのグリフ 'uni0145' に交差がある
INFO:最終チェックのグリフ 'Ncaron' に交差がある
INFO:最終チェックのグリフ 'ncaron' に交差がある
INFO:最終チェックのグリフ 'napostrophe' に交差がある
INFO:最終チェックのグリフ 'OE' に交差がある
INFO:最終チェックのグリフ 'Tbar' に交差がある
INFO:最終チェックのグリフ 'Wcircumflex' に交差がある
INFO:最終チェックのグリフ 'Ycircumflex' に交差がある
INFO:最終チェックのグリフ 'Ydieresis' に交差がある
INFO:最終チェックのグリフ 'uni01CD' に交差がある
INFO:最終チェックのグリフ 'uni01F8' に交差がある
INFO:最終チェックのグリフ 'uni01F9' に交差がある
INFO:最終チェックのグリフ 'uni028D' に交差がある
INFO:最終チェックのグリフ 'uni02D0' に交差がある
INFO:最終チェックのグリフ 'ogonek' に交差がある
INFO:最終チェックのグリフ 'Alphatonos' に交差がある
INFO:最終チェックのグリフ 'Epsilontonos' に交差がある
INFO:最終チェックのグリフ 'Etatonos' に交差がある
INFO:最終チェックのグリフ 'Iotatonos' に交差がある
INFO:最終チェックのグリフ 'Omegatonos' に交差がある
INFO:最終チェックのグリフ 'Iotadieresis' に交差がある
INFO:最終チェックのグリフ 'alphatonos' に交差がある
INFO:最終チェックのグリフ 'alpha' に交差がある
INFO:最終チェックのグリフ 'uni0403' に交差がある
INFO:最終チェックのグリフ 'uni0406' に交差がある
INFO:最終チェックのグリフ 'uni0407' に交差がある
INFO:最終チェックのグリフ 'uni040B' に交差がある
INFO:最終チェックのグリフ 'uni040C' に交差がある
INFO:最終チェックのグリフ 'uni0430' に交差がある
INFO:最終チェックのグリフ 'uni0456' に交差がある
INFO:最終チェックのグリフ 'uni0457' に交差がある
INFO:最終チェックのグリフ 'uni045B' に交差がある
INFO:最終チェックのグリフ 'uni045C' に交差がある
INFO:最終チェックのグリフ 'uni0491' に交差がある
INFO:最終チェックのグリフ 'uni1E3E' に交差がある
INFO:最終チェックのグリフ 'uni203B' に交差がある
INFO:最終チェックのグリフ 'uni213B' に交差がある
INFO:最終チェックのグリフ 'uni216A' に交差がある
INFO:最終チェックのグリフ 'universal' に交差がある
INFO:最終チェックのグリフ 'gradient' に交差がある
INFO:最終チェックのグリフ 'uni226A' に交差がある
INFO:最終チェックのグリフ 'uni2277' に交差がある
INFO:最終チェックのグリフ 'uni22DB' に交差がある
INFO:最終チェックのグリフ 'uni2473' に交差がある
INFO:最終チェックのグリフ 'uni2488' に交差がある
INFO:最終チェックのグリフ 'uni2489' に交差がある
INFO:最終チェックのグリフ 'uni248B' に交差がある
INFO:最終チェックのグリフ 'uni24A5' に交差がある
INFO:最終チェックのグリフ 'uni24B2' に交差がある
INFO:最終チェックのグリフ 'triagdn' に交差がある
INFO:最終チェックのグリフ 'uni25BD' に交差がある
INFO:最終チェックのグリフ 'lozenge' に交差がある
INFO:最終チェックのグリフ 'uni2600' に交差がある
INFO:最終チェックのグリフ 'uni2661' に交差がある
INFO:最終チェックのグリフ 'uni2662' に交差がある
INFO:最終チェックのグリフ 'diamond' に交差がある
INFO:最終チェックのグリフ 'uni2756' に交差がある
INFO:最終チェックのグリフ 'uni27A1' に交差がある
INFO:最終チェックのグリフ 'uni2935' に交差がある
INFO:最終チェックのグリフ 'uni2B05' に交差がある
INFO:最終チェックのグリフ 'uni307B' に交差がある
INFO:最終チェックのグリフ 'uni307C' に交差がある
INFO:最終チェックのグリフ 'uni307D' に交差がある
INFO:最終チェックのグリフ 'uni308E' に交差がある
INFO:最終チェックのグリフ 'uni3091' に交差がある
INFO:最終チェックのグリフ 'uni30DF' に交差がある
INFO:最終チェックのグリフ 'uni30E6' に交差がある
INFO:最終チェックのグリフ 'uni322D' に交差がある
INFO:最終チェックのグリフ 'uni322E' に交差がある
INFO:最終チェックのグリフ 'uni322F' に交差がある
INFO:最終チェックのグリフ 'uni3233' に交差がある
INFO:最終チェックのグリフ 'uni323C' に交差がある
INFO:最終チェックのグリフ 'uni323D' に交差がある
INFO:最終チェックのグリフ 'uni323E' に交差がある
INFO:最終チェックのグリフ 'uni323F' に交差がある
INFO:最終チェックのグリフ 'uni3241' に交差がある
INFO:最終チェックのグリフ 'uni3243' に交差がある
INFO:最終チェックのグリフ 'uni3255' に交差がある
INFO:最終チェックのグリフ 'uni32AF' に交差がある
INFO:最終チェックのグリフ 'uni32B9' に交差がある
INFO:最終チェックのグリフ 'uni3327' に交差がある
INFO:最終チェックのグリフ 'uni332B' に交差がある
INFO:最終チェックのグリフ 'uni333B' に交差がある
INFO:最終チェックのグリフ 'uni337B' に交差がある
INFO:最終チェックのグリフ 'uni337D' に交差がある
INFO:最終チェックのグリフ 'uni337F' に交差がある
INFO:最終チェックのグリフ 'uni3389' に交差がある
INFO:最終チェックのグリフ 'uni3390' に交差がある
INFO:最終チェックのグリフ 'uni3396' に交差がある
INFO:最終チェックのグリフ 'uni3398' に交差がある
INFO:最終チェックのグリフ 'uni339E' に交差がある
INFO:最終チェックのグリフ 'uni339F' に交差がある
INFO:最終チェックのグリフ 'uni33A2' に交差がある
INFO:最終チェックのグリフ 'uni33B0' に交差がある
INFO:最終チェックのグリフ 'uni33B1' に交差がある
INFO:最終チェックのグリフ 'uni33B2' に交差がある
INFO:最終チェックのグリフ 'uni33B3' に交差がある
INFO:最終チェックのグリフ 'uni33CC' に交差がある
INFO:最終チェックのグリフ 'uni33D4' に交差がある
INFO:最終チェックのグリフ 'uni342C' に交差がある
INFO:最終チェックのグリフ 'uni34BC' に交差がある
INFO:最終チェックのグリフ 'uni355E' に交差がある
INFO:最終チェックのグリフ 'uni36CF' に交差がある
INFO:最終チェックのグリフ 'uni3761' に交差がある
INFO:最終チェックのグリフ 'uni376B' に交差がある
INFO:最終チェックのグリフ 'uni376C' に交差がある
INFO:最終チェックのグリフ 'uni37F4' に交差がある
INFO:最終チェックのグリフ 'uni3800' に交差がある
INFO:最終チェックのグリフ 'uni385C' に交差がある
INFO:最終チェックのグリフ 'uni3861' に交差がある
INFO:最終チェックのグリフ 'uni3A6E' に交差がある
INFO:最終チェックのグリフ 'uni3BF0' に交差がある
INFO:最終チェックのグリフ 'uni3C26' に交差がある
INFO:最終チェックのグリフ 'uni3D64' に交差がある
INFO:最終チェックのグリフ 'uni3E05' に交差がある
INFO:最終チェックのグリフ 'uni3E94' に交差がある
INFO:最終チェックのグリフ 'uni3F57' に交差がある
INFO:最終チェックのグリフ 'uni3F77' に交差がある
INFO:最終チェックのグリフ 'uni414F' に交差がある
INFO:最終チェックのグリフ 'uni4163' に交差がある
INFO:最終チェックのグリフ 'uni41B4' に交差がある
INFO:最終チェックのグリフ 'uni41BF' に交差がある
INFO:最終チェックのグリフ 'uni41F3' に交差がある
INFO:最終チェックのグリフ 'uni4302' に交差がある
INFO:最終チェックのグリフ 'uni43EE' に交差がある
INFO:最終チェックのグリフ 'uni4408' に交差がある
INFO:最終チェックのグリフ 'uni4417' に交差がある
INFO:最終チェックのグリフ 'uni445B' に交差がある
INFO:最終チェックのグリフ 'uni447A' に交差がある
INFO:最終チェックのグリフ 'uni45EA' に交差がある
INFO:最終チェックのグリフ 'uni49FA' に交差がある
INFO:最終チェックのグリフ 'uni4A04' に交差がある
INFO:最終チェックのグリフ 'uni4A29' に交差がある
INFO:最終チェックのグリフ 'uni4ABC' に交差がある
INFO:最終チェックのグリフ 'uni4BC2' に交差がある
INFO:最終チェックのグリフ 'uni4BE8' に交差がある
INFO:最終チェックのグリフ 'uni4C17' に交差がある
INFO:最終チェックのグリフ 'uni4C20' に交差がある
INFO:最終チェックのグリフ 'uni4E0A' に交差がある
INFO:最終チェックのグリフ 'uni4E11' に交差がある
INFO:最終チェックのグリフ 'uni4E12' に交差がある
INFO:最終チェックのグリフ 'uni4E14' に交差がある
INFO:最終チェックのグリフ 'uni4E16' に交差がある
INFO:最終チェックのグリフ 'uni4E26' に交差がある
INFO:最終チェックのグリフ 'uni4E2D' に交差がある
INFO:最終チェックのグリフ 'uni4E3B' に交差がある
INFO:最終チェックのグリフ 'uni4E8E' に交差がある
INFO:最終チェックのグリフ 'uni4E92' に交差がある
INFO:最終チェックのグリフ 'uni4E98' に交差がある
INFO:最終チェックのグリフ 'uni4E99' に交差がある
INFO:最終チェックのグリフ 'uni4E9B' に交差がある
INFO:最終チェックのグリフ 'uni4E9D' に交差がある
INFO:最終チェックのグリフ 'uni4E9E' に交差がある
INFO:最終チェックのグリフ 'uni4EA2' に交差がある
INFO:最終チェックのグリフ 'uni4EB3' に交差がある
INFO:最終チェックのグリフ 'uni4EB6' に交差がある
INFO:最終チェックのグリフ 'uni4EB9' に交差がある
INFO:最終チェックのグリフ 'uni4EBC' に交差がある
INFO:最終チェックのグリフ 'uni4EC7' に交差がある
INFO:最終チェックのグリフ 'uni4EC8' に交差がある
INFO:最終チェックのグリフ 'uni4ECE' に交差がある
INFO:最終チェックのグリフ 'uni4ED6' に交差がある
INFO:最終チェックのグリフ 'uni4EF2' に交差がある
INFO:最終チェックのグリフ 'uni4EFB' に交差がある
INFO:最終チェックのグリフ 'uni4EFC' に交差がある
INFO:最終チェックのグリフ 'uni4F01' に交差がある
INFO:最終チェックのグリフ 'uni4F09' に交差がある
INFO:最終チェックのグリフ 'uni4F11' に交差がある
INFO:最終チェックのグリフ 'uni4F39' に交差がある
INFO:最終チェックのグリフ 'uni4F3E' に交差がある
INFO:最終チェックのグリフ 'uni4F46' に交差がある
INFO:最終チェックのグリフ 'uni4F48' に交差がある
INFO:最終チェックのグリフ 'uni4F49' に交差がある
INFO:最終チェックのグリフ 'uni4F4D' に交差がある
INFO:最終チェックのグリフ 'uni4F4F' に交差がある
INFO:最終チェックのグリフ 'uni4F50' に交差がある
INFO:最終チェックのグリフ 'uni4F53' に交差がある
INFO:最終チェックのグリフ 'uni4F6A' に交差がある
INFO:最終チェックのグリフ 'uni4F7A' に交差がある
INFO:最終チェックのグリフ 'uni4F7D' に交差がある
INFO:最終チェックのグリフ 'uni4F96' に交差がある
INFO:最終チェックのグリフ 'uni4F98' に交差がある
INFO:最終チェックのグリフ 'uni4F9A' に交差がある
INFO:最終チェックのグリフ 'uni4F9D' に交差がある
INFO:最終チェックのグリフ 'uni4FAD' に交差がある
INFO:最終チェックのグリフ 'uni4FC5' に交差がある
INFO:最終チェックのグリフ 'uni4FC9' に交差がある
INFO:最終チェックのグリフ 'uni4FCB' に交差がある
INFO:最終チェックのグリフ 'uni4FCE' に交差がある
INFO:最終チェックのグリフ 'uni4FD7' に交差がある
INFO:最終チェックのグリフ 'uni4FDA' に交差がある
INFO:最終チェックのグリフ 'uni4FDB' に交差がある
INFO:最終チェックのグリフ 'uni4FE6' に交差がある
INFO:最終チェックのグリフ 'uni4FF6' に交差がある
INFO:最終チェックのグリフ 'uni4FFF' に交差がある
INFO:最終チェックのグリフ 'uni5006' に交差がある
INFO:最終チェックのグリフ 'uni5011' に交差がある
INFO:最終チェックのグリフ 'uni501A' に交差がある
INFO:最終チェックのグリフ 'uni5023' に交差がある
INFO:最終チェックのグリフ 'uni5024' に交差がある
INFO:最終チェックのグリフ 'uni5025' に交差がある
INFO:最終チェックのグリフ 'uni5042' に交差がある
INFO:最終チェックのグリフ 'uni5053' に交差がある
INFO:最終チェックのグリフ 'uni505A' に交差がある
INFO:最終チェックのグリフ 'uni5091' の参照が不正
INFO:最終チェックのグリフ 'uni5095' に交差がある
INFO:最終チェックのグリフ 'uni509A' に交差がある
INFO:最終チェックのグリフ 'uni50A3' に交差がある
INFO:最終チェックのグリフ 'uni50AC' に交差がある
INFO:最終チェックのグリフ 'uni50B2' に交差がある
INFO:最終チェックのグリフ 'uni50B3' に交差がある
INFO:最終チェックのグリフ 'uni50BE' に交差がある
INFO:最終チェックのグリフ 'uni50C2' に交差がある
INFO:最終チェックのグリフ 'uni50C7' に交差がある
INFO:最終チェックのグリフ 'uni50CC' に交差がある
INFO:最終チェックのグリフ 'uni50D1' に交差がある
INFO:最終チェックのグリフ 'uni50D8' に交差がある
INFO:最終チェックのグリフ 'uni50DA' に交差がある
INFO:最終チェックのグリフ 'uni50E6' に交差がある
INFO:最終チェックのグリフ 'uni50E7' に交差がある
INFO:最終チェックのグリフ 'uni50F3' に交差がある
INFO:最終チェックのグリフ 'uni5103' に交差がある
INFO:最終チェックのグリフ 'uni5116' に交差がある
INFO:最終チェックのグリフ 'uni5118' に交差がある
INFO:最終チェックのグリフ 'uni511A' に交差がある
INFO:最終チェックのグリフ 'uni511E' に交差がある
INFO:最終チェックのグリフ 'uni513A' に交差がある
INFO:最終チェックのグリフ 'uni5141' に交差がある
INFO:最終チェックのグリフ 'uni514D' に交差がある
INFO:最終チェックのグリフ 'uni5154' に交差がある
INFO:最終チェックのグリフ 'uni515C' に交差がある
INFO:最終チェックのグリフ 'uni5169' に交差がある
INFO:最終チェックのグリフ 'uni516B' に交差がある
INFO:最終チェックのグリフ 'uni516E' に交差がある
INFO:最終チェックのグリフ 'uni5189' に交差がある
INFO:最終チェックのグリフ 'uni5195' に交差がある
INFO:最終チェックのグリフ 'uni519D' に交差がある
INFO:最終チェックのグリフ 'uni51A3' に交差がある
INFO:最終チェックのグリフ 'uni51AA' に交差がある
INFO:最終チェックのグリフ 'uni51B0' に交差がある
INFO:最終チェックのグリフ 'uni51B1' に交差がある
INFO:最終チェックのグリフ 'uni51B3' に交差がある
INFO:最終チェックのグリフ 'uni51B4' に交差がある
INFO:最終チェックのグリフ 'uni51B7' に交差がある
INFO:最終チェックのグリフ 'uni51BE' に交差がある
INFO:最終チェックのグリフ 'uni51C3' に交差がある
INFO:最終チェックのグリフ 'uni51C4' に交差がある
INFO:最終チェックのグリフ 'uni51C6' に交差がある
INFO:最終チェックのグリフ 'uni51CD' に交差がある
INFO:最終チェックのグリフ 'uni51DB' に交差がある
INFO:最終チェックのグリフ 'uni51EA' に交差がある
INFO:最終チェックのグリフ 'uni51EC' に交差がある
INFO:最終チェックのグリフ 'uni51EE' に交差がある
INFO:最終チェックのグリフ 'uni51F0' に交差がある
INFO:最終チェックのグリフ 'uni520B' に交差がある
INFO:最終チェックのグリフ 'uni5213' に交差がある
INFO:最終チェックのグリフ 'uni521D' に交差がある
INFO:最終チェックのグリフ 'uni522A' に交差がある
INFO:最終チェックのグリフ 'uni5247' に交差がある
INFO:最終チェックのグリフ 'uni5249' に交差がある
INFO:最終チェックのグリフ 'uni524B' に交差がある
INFO:最終チェックのグリフ 'uni5261' に交差がある
INFO:最終チェックのグリフ 'uni526C' に交差がある
INFO:最終チェックのグリフ 'uni5271' に交差がある
INFO:最終チェックのグリフ 'uni5273' に交差がある
INFO:最終チェックのグリフ 'uni5284' に交差がある
INFO:最終チェックのグリフ 'uni5298' に交差がある
INFO:最終チェックのグリフ 'uni52A3' に交差がある
INFO:最終チェックのグリフ 'uni52AB' に交差がある
INFO:最終チェックのグリフ 'uni52AC' に交差がある
INFO:最終チェックのグリフ 'uni52AD' に交差がある
INFO:最終チェックのグリフ 'uni52AF' に交差がある
INFO:最終チェックのグリフ 'uni52B5' に交差がある
INFO:最終チェックのグリフ 'uni52BC' に交差がある
INFO:最終チェックのグリフ 'uni52C0' に交差がある
INFO:最終チェックのグリフ 'uni52C7' に交差がある
INFO:最終チェックのグリフ 'uni52CD' に交差がある
INFO:最終チェックのグリフ 'uni52D0' に交差がある
INFO:最終チェックのグリフ 'uni52D5' に交差がある
INFO:最終チェックのグリフ 'uni52D6' に交差がある
INFO:最終チェックのグリフ 'uni52DD' に交差がある
INFO:最終チェックのグリフ 'uni52E2' に交差がある
INFO:最終チェックのグリフ 'uni52F5' に交差がある
INFO:最終チェックのグリフ 'uni52F8' に交差がある
INFO:最終チェックのグリフ 'uni5308' に交差がある
INFO:最終チェックのグリフ 'uni530D' に交差がある
INFO:最終チェックのグリフ 'uni5310' に交差がある
INFO:最終チェックのグリフ 'uni5315' に交差がある
INFO:最終チェックのグリフ 'uni531C' に交差がある
INFO:最終チェックのグリフ 'uni531D' に交差がある
INFO:最終チェックのグリフ 'uni5320' に交差がある
INFO:最終チェックのグリフ 'uni5323' に交差がある
INFO:最終チェックのグリフ 'uni5324' に交差がある
INFO:最終チェックのグリフ 'uni532A' に交差がある
INFO:最終チェックのグリフ 'uni5333' に交差がある
INFO:最終チェックのグリフ 'uni5335' に交差がある
INFO:最終チェックのグリフ 'uni533A' に交差がある
INFO:最終チェックのグリフ 'uni533B' に交差がある
INFO:最終チェックのグリフ 'uni533F' に交差がある
INFO:最終チェックのグリフ 'uni5340' に交差がある
INFO:最終チェックのグリフ 'uni5354' に交差がある
INFO:最終チェックのグリフ 'uni5378' に交差がある
INFO:最終チェックのグリフ 'uni5393' に交差がある
INFO:最終チェックのグリフ 'uni5398' に交差がある
INFO:最終チェックのグリフ 'uni539A' に交差がある
INFO:最終チェックのグリフ 'uni53A4' に交差がある
INFO:最終チェックのグリフ 'uni53A5' に交差がある
INFO:最終チェックのグリフ 'uni53A8' に交差がある
INFO:最終チェックのグリフ 'uni53AD' に交差がある
INFO:最終チェックのグリフ 'uni53B0' に交差がある
INFO:最終チェックのグリフ 'uni53B7' に交差がある
INFO:最終チェックのグリフ 'uni53D6' に交差がある
INFO:最終チェックのグリフ 'uni53D9' に交差がある
INFO:最終チェックのグリフ 'uni53E1' に交差がある
INFO:最終チェックのグリフ 'uni53ED' に交差がある
INFO:最終チェックのグリフ 'uni53EF' に交差がある
INFO:最終チェックのグリフ 'uni53F5' に交差がある
INFO:最終チェックのグリフ 'uni53FA' に交差がある
INFO:最終チェックのグリフ 'uni540C' に交差がある
INFO:最終チェックのグリフ 'uni540F' に交差がある
INFO:最終チェックのグリフ 'uni5410' に交差がある
INFO:最終チェックのグリフ 'uni5420' に交差がある
INFO:最終チェックのグリフ 'uni5436' に交差がある
INFO:最終チェックのグリフ 'uni5448' に交差がある
INFO:最終チェックのグリフ 'uni5455' に交差がある
INFO:最終チェックのグリフ 'uni5466' に交差がある
INFO:最終チェックのグリフ 'uni5471' に交差がある
INFO:最終チェックのグリフ 'uni5476' に交差がある
INFO:最終チェックのグリフ 'uni547F' に交差がある
INFO:最終チェックのグリフ 'uni5480' に交差がある
INFO:最終チェックのグリフ 'uni548F' に交差がある
INFO:最終チェックのグリフ 'uni54A5' に交差がある
INFO:最終チェックのグリフ 'uni54B7' に交差がある
INFO:最終チェックのグリフ 'uni54BA' に交差がある
INFO:最終チェックのグリフ 'uni54C7' に交差がある
INFO:最終チェックのグリフ 'uni54E8' に交差がある
INFO:最終チェックのグリフ 'uni54E9' に交差がある
INFO:最終チェックのグリフ 'uni54FF' に交差がある
INFO:最終チェックのグリフ 'uni5516' に交差がある
INFO:最終チェックのグリフ 'uni552B' に交差がある
INFO:最終チェックのグリフ 'uni552F' に交差がある
INFO:最終チェックのグリフ 'uni5539' に交差がある
INFO:最終チェックのグリフ 'uni553E' に交差がある
INFO:最終チェックのグリフ 'uni5540' に交差がある
INFO:最終チェックのグリフ 'uni555E' に交差がある
INFO:最終チェックのグリフ 'uni557E' に交差がある
INFO:最終チェックのグリフ 'uni5587' に交差がある
INFO:最終チェックのグリフ 'uni55AC' に交差がある
INFO:最終チェックのグリフ 'uni55B6' に交差がある
INFO:最終チェックのグリフ 'uni55BF' に交差がある
INFO:最終チェックのグリフ 'uni55CC' に交差がある
INFO:最終チェックのグリフ 'uni55D1' に交差がある
INFO:最終チェックのグリフ 'uni55DF' に交差がある
INFO:最終チェックのグリフ 'uni55E2' に交差がある
INFO:最終チェックのグリフ 'uni55F7' に交差がある
INFO:最終チェックのグリフ 'uni55FD' に交差がある
INFO:最終チェックのグリフ 'uni55FE' に交差がある
INFO:最終チェックのグリフ 'uni560E' に交差がある
INFO:最終チェックのグリフ 'uni5610' に交差がある
INFO:最終チェックのグリフ 'uni5614' に交差がある
INFO:最終チェックのグリフ 'uni5618' に交差がある
INFO:最終チェックのグリフ 'uni561B' に交差がある
INFO:最終チェックのグリフ 'uni5632' に交差がある
INFO:最終チェックのグリフ 'uni5649' に交差がある
INFO:最終チェックのグリフ 'uni564E' に交差がある
INFO:最終チェックのグリフ 'uni5653' に交差がある
INFO:最終チェックのグリフ 'uni565E' の参照が不正
INFO:最終チェックのグリフ 'uni5660' に交差がある
INFO:最終チェックのグリフ 'uni566C' に交差がある
INFO:最終チェックのグリフ 'uni566D' に交差がある
INFO:最終チェックのグリフ 'uni5672' に交差がある
INFO:最終チェックのグリフ 'uni5678' に交差がある
INFO:最終チェックのグリフ 'uni5688' に交差がある
INFO:最終チェックのグリフ 'uni568C' に交差がある
INFO:最終チェックのグリフ 'uni56A9' に交差がある
INFO:最終チェックのグリフ 'uni56BC' に交差がある
INFO:最終チェックのグリフ 'uni56C0' に交差がある
INFO:最終チェックのグリフ 'uni56C3' に交差がある
INFO:最終チェックのグリフ 'uni56C9' に交差がある
INFO:最終チェックのグリフ 'uni56CA' に交差がある
INFO:最終チェックのグリフ 'uni56CE' に交差がある
INFO:最終チェックのグリフ 'uni56D3' に交差がある
INFO:最終チェックのグリフ 'uni5704' に交差がある
INFO:最終チェックのグリフ 'uni570D' に交差がある
INFO:最終チェックのグリフ 'uni570F' に交差がある
INFO:最終チェックのグリフ 'uni5726' に交差がある
INFO:最終チェックのグリフ 'uni5727' に交差がある
INFO:最終チェックのグリフ 'uni5728' に交差がある
INFO:最終チェックのグリフ 'uni572D' に交差がある
INFO:最終チェックのグリフ 'uni5734' に交差がある
INFO:最終チェックのグリフ 'uni5740' に交差がある
INFO:最終チェックのグリフ 'uni5765' に交差がある
INFO:最終チェックのグリフ 'uni5766' に交差がある
INFO:最終チェックのグリフ 'uni576F' に交差がある
INFO:最終チェックのグリフ 'uni5773' に交差がある
INFO:最終チェックのグリフ 'uni5775' に交差がある
INFO:最終チェックのグリフ 'uni5777' に交差がある
INFO:最終チェックのグリフ 'uni577B' に交差がある
INFO:最終チェックのグリフ 'uni5782' に交差がある
INFO:最終チェックのグリフ 'uni579A' に交差がある
INFO:最終チェックのグリフ 'uni57A4' に交差がある
INFO:最終チェックのグリフ 'uni57B3' に交差がある
INFO:最終チェックのグリフ 'uni57C0' に交差がある
INFO:最終チェックのグリフ 'uni57CB' に交差がある
INFO:最終チェックのグリフ 'uni57DC' に交差がある
INFO:最終チェックのグリフ 'uni57E6' に交差がある
INFO:最終チェックのグリフ 'uni57ED' に交差がある
INFO:最終チェックのグリフ 'uni57F5' に交差がある
INFO:最終チェックのグリフ 'uni5809' に交差がある
INFO:最終チェックのグリフ 'uni580B' に交差がある
INFO:最終チェックのグリフ 'uni5819' に交差がある
INFO:最終チェックのグリフ 'uni5827' に交差がある
INFO:最終チェックのグリフ 'uni583D' に交差がある
INFO:最終チェックのグリフ 'uni584B' に交差がある
INFO:最終チェックのグリフ 'uni5857' に交差がある
INFO:最終チェックのグリフ 'uni5858' に交差がある
INFO:最終チェックのグリフ 'uni5859' に交差がある
INFO:最終チェックのグリフ 'uni585A' に交差がある
INFO:最終チェックのグリフ 'uni5867' に交差がある
INFO:最終チェックのグリフ 'uni5869' に交差がある
INFO:最終チェックのグリフ 'uni587E' に交差がある
INFO:最終チェックのグリフ 'uni5890' に交差がある
INFO:最終チェックのグリフ 'uni5893' に交差がある
INFO:最終チェックのグリフ 'uni5894' に交差がある
INFO:最終チェックのグリフ 'uni5897' に交差がある
INFO:最終チェックのグリフ 'uni589F' に交差がある
INFO:最終チェックのグリフ 'uni58B3' に交差がある
INFO:最終チェックのグリフ 'uni58B9' に交差がある
INFO:最終チェックのグリフ 'uni58C7' に交差がある
INFO:最終チェックのグリフ 'uni58D1' に交差がある
INFO:最終チェックのグリフ 'uni58D2' に交差がある
INFO:最終チェックのグリフ 'uni58D5' に交差がある
INFO:最終チェックのグリフ 'uni58D7' に交差がある
INFO:最終チェックのグリフ 'uni58DA' に交差がある
INFO:最終チェックのグリフ 'uni58E4' に交差がある
INFO:最終チェックのグリフ 'uni58E5' に交差がある
INFO:最終チェックのグリフ 'uni58EB' に交差がある
INFO:最終チェックのグリフ 'uni58EE' に交差がある
INFO:最終チェックのグリフ 'uni58EF' に交差がある
INFO:最終チェックのグリフ 'uni58F2' に交差がある
INFO:最終チェックのグリフ 'uni58F4' に交差がある
INFO:最終チェックのグリフ 'uni58F7' に交差がある
INFO:最終チェックのグリフ 'uni58F9' に交差がある
INFO:最終チェックのグリフ 'uni58FC' に交差がある
INFO:最終チェックのグリフ 'uni58FD' に交差がある
INFO:最終チェックのグリフ 'uni5910' に交差がある
INFO:最終チェックのグリフ 'uni5938' に交差がある
INFO:最終チェックのグリフ 'uni5944' に交差がある
INFO:最終チェックのグリフ 'uni594E' に交差がある
INFO:最終チェックのグリフ 'uni5957' に交差がある
INFO:最終チェックのグリフ 'uni595F' に交差がある
INFO:最終チェックのグリフ 'uni596A' に交差がある
INFO:最終チェックのグリフ 'uni596D' に交差がある
INFO:最終チェックのグリフ 'uni5983' に交差がある
INFO:最終チェックのグリフ 'uni598A' に交差がある
INFO:最終チェックのグリフ 'uni5996' に交差がある
INFO:最終チェックのグリフ 'uni59A8' に交差がある
INFO:最終チェックのグリフ 'uni59B2' に交差がある
INFO:最終チェックのグリフ 'uni59BB' に交差がある
INFO:最終チェックのグリフ 'uni59C3' に交差がある
INFO:最終チェックのグリフ 'uni59D0' に交差がある
INFO:最終チェックのグリフ 'uni59D3' に交差がある
INFO:最終チェックのグリフ 'uni59D9' に交差がある
INFO:最終チェックのグリフ 'uni59E8' に交差がある
INFO:最終チェックのグリフ 'uni59EA' に交差がある
INFO:最終チェックのグリフ 'uni59EB' に交差がある
INFO:最終チェックのグリフ 'uni59EE' に交差がある
INFO:最終チェックのグリフ 'uni59F6' に交差がある
INFO:最終チェックのグリフ 'uni5A03' に交差がある
INFO:最終チェックのグリフ 'uni5A09' に交差がある
INFO:最終チェックのグリフ 'uni5A0C' に交差がある
INFO:最終チェックのグリフ 'uni5A0D' に交差がある
INFO:最終チェックのグリフ 'uni5A13' に交差がある
INFO:最終チェックのグリフ 'uni5A20' に交差がある
INFO:最終チェックのグリフ 'uni5A27' に交差がある
INFO:最終チェックのグリフ 'uni5A35' に交差がある
INFO:最終チェックのグリフ 'uni5A55' に交差がある
INFO:最終チェックのグリフ 'uni5A6D' に交差がある
INFO:最終チェックのグリフ 'uni5A7A' に交差がある
INFO:最終チェックのグリフ 'uni5A7E' に交差がある
INFO:最終チェックのグリフ 'uni5A8B' に交差がある
INFO:最終チェックのグリフ 'uni5A9F' に交差がある
INFO:最終チェックのグリフ 'uni5AB1' に交差がある
INFO:最終チェックのグリフ 'uni5AB3' に交差がある
INFO:最終チェックのグリフ 'uni5ABA' に交差がある
INFO:最終チェックのグリフ 'uni5ABC' に交差がある
INFO:最終チェックのグリフ 'uni5ABE' に交差がある
INFO:最終チェックのグリフ 'uni5ABF' に交差がある
INFO:最終チェックのグリフ 'uni5AC1' に交差がある
INFO:最終チェックのグリフ 'uni5AC4' に交差がある
INFO:最終チェックのグリフ 'uni5AC9' に交差がある
INFO:最終チェックのグリフ 'uni5ACB' に交差がある
INFO:最終チェックのグリフ 'uni5AD7' に交差がある
INFO:最終チェックのグリフ 'uni5AE9' に交差がある
INFO:最終チェックのグリフ 'uni5AEE' に交差がある
INFO:最終チェックのグリフ 'uni5AF0' に交差がある
INFO:最終チェックのグリフ 'uni5AFA' に交差がある
INFO:最終チェックのグリフ 'uni5B08' に交差がある
INFO:最終チェックのグリフ 'uni5B0C' に交差がある
INFO:最終チェックのグリフ 'uni5B17' に交差がある
INFO:最終チェックのグリフ 'uni5B25' に交差がある
INFO:最終チェックのグリフ 'uni5B2D' に交差がある
INFO:最終チェックのグリフ 'uni5B32' に交差がある
INFO:最終チェックのグリフ 'uni5B34' に交差がある
INFO:最終チェックのグリフ 'uni5B3E' に交差がある
INFO:最終チェックのグリフ 'uni5B40' に交差がある
INFO:最終チェックのグリフ 'uni5B56' に交差がある
INFO:最終チェックのグリフ 'uni5B75' に交差がある
INFO:最終チェックのグリフ 'uni5B7A' に交差がある
INFO:最終チェックのグリフ 'uni5B89' に交差がある
INFO:最終チェックのグリフ 'uni5B8D' に交差がある
INFO:最終チェックのグリフ 'uni5B98' に交差がある
INFO:最終チェックのグリフ 'uni5B9C' に交差がある
INFO:最終チェックのグリフ 'uni5B9D' に交差がある
INFO:最終チェックのグリフ 'uni5B9F' に交差がある
INFO:最終チェックのグリフ 'uni5BA2' に交差がある
INFO:最終チェックのグリフ 'uni5BA6' に交差がある
INFO:最終チェックのグリフ 'uni5BAE' に交差がある
INFO:最終チェックのグリフ 'uni5BC3' に交差がある
INFO:最終チェックのグリフ 'uni5BC7' に交差がある
INFO:最終チェックのグリフ 'uni5BCC' に交差がある
INFO:最終チェックのグリフ 'uni5BCE' に交差がある
INFO:最終チェックのグリフ 'uni5BE2' に交差がある
INFO:最終チェックのグリフ 'uni5BE9' に交差がある
INFO:最終チェックのグリフ 'uni5BEC' に交差がある
INFO:最終チェックのグリフ 'uni5BEE' に交差がある
INFO:最終チェックのグリフ 'uni5C12' に交差がある
INFO:最終チェックのグリフ 'uni5C1E' に交差がある
INFO:最終チェックのグリフ 'uni5C3A' に交差がある
INFO:最終チェックのグリフ 'uni5C4B' に交差がある
INFO:最終チェックのグリフ 'uni5C68' に交差がある
INFO:最終チェックのグリフ 'uni5C9F' に交差がある
INFO:最終チェックのグリフ 'uni5CA0' に交差がある
INFO:最終チェックのグリフ 'uni5CA6' に交差がある
INFO:最終チェックのグリフ 'uni5CA8' に交差がある
INFO:最終チェックのグリフ 'uni5CB6' に交差がある
INFO:最終チェックのグリフ 'uni5CBB' に交差がある
INFO:最終チェックのグリフ 'uni5CCB' に交差がある
INFO:最終チェックのグリフ 'uni5CED' に交差がある
INFO:最終チェックのグリフ 'uni5D06' に交差がある
INFO:最終チェックのグリフ 'uni5D14' に交差がある
INFO:最終チェックのグリフ 'uni5D18' に交差がある
INFO:最終チェックのグリフ 'uni5D1F' に交差がある
INFO:最終チェックのグリフ 'uni5D2B' に交差がある
INFO:最終チェックのグリフ 'uni5D42' に交差がある
INFO:最終チェックのグリフ 'uni5D50' に交差がある
INFO:最終チェックのグリフ 'uni5D6F' に交差がある
INFO:最終チェックのグリフ 'uni5D70' に交差がある
INFO:最終チェックのグリフ 'uni5D73' に交差がある
INFO:最終チェックのグリフ 'uni5D81' に交差がある
INFO:最終チェックのグリフ 'uni5D87' に交差がある
INFO:最終チェックのグリフ 'uni5D90' に交差がある
INFO:最終チェックのグリフ 'uni5D9D' に交差がある
INFO:最終チェックのグリフ 'uni5DA0' に交差がある
INFO:最終チェックのグリフ 'uni5DA7' に交差がある
INFO:最終チェックのグリフ 'uni5DAC' に交差がある
INFO:最終チェックのグリフ 'uni5DB0' に交差がある
INFO:最終チェックのグリフ 'uni5DB9' に交差がある
INFO:最終チェックのグリフ 'uni5DBD' に交差がある
INFO:最終チェックのグリフ 'uni5DC9' に交差がある
INFO:最終チェックのグリフ 'uni5DD0' に交差がある
INFO:最終チェックのグリフ 'uni5DD2' に交差がある
INFO:最終チェックのグリフ 'uni5DD6' に交差がある
INFO:最終チェックのグリフ 'uni5DD8' に交差がある
INFO:最終チェックのグリフ 'uni5DE5' に交差がある
INFO:最終チェックのグリフ 'uni5DE6' に交差がある
INFO:最終チェックのグリフ 'uni5DEB' に交差がある
INFO:最終チェックのグリフ 'uni5DEE' に交差がある
INFO:最終チェックのグリフ 'uni5DF1' に交差がある
INFO:最終チェックのグリフ 'uni5DF5' に交差がある
INFO:最終チェックのグリフ 'uni5DF7' に交差がある
INFO:最終チェックのグリフ 'uni5E06' に交差がある
INFO:最終チェックのグリフ 'uni5E0C' に交差がある
INFO:最終チェックのグリフ 'uni5E1F' に交差がある
INFO:最終チェックのグリフ 'uni5E2B' に交差がある
INFO:最終チェックのグリフ 'uni5E2E' に交差がある
INFO:最終チェックのグリフ 'uni5E37' に交差がある
INFO:最終チェックのグリフ 'uni5E44' に交差がある
INFO:最終チェックのグリフ 'uni5E45' に交差がある
INFO:最終チェックのグリフ 'uni5E47' に交差がある
INFO:最終チェックのグリフ 'uni5E57' に交差がある
INFO:最終チェックのグリフ 'uni5E5F' に交差がある
INFO:最終チェックのグリフ 'uni5E6B' に交差がある
INFO:最終チェックのグリフ 'uni5E6E' に交差がある
INFO:最終チェックのグリフ 'uni5E7B' に交差がある
INFO:最終チェックのグリフ 'uni5E7D' に交差がある
INFO:最終チェックのグリフ 'uni5E84' に交差がある
INFO:最終チェックのグリフ 'uni5EA5' に交差がある
INFO:最終チェックのグリフ 'uni5EAB' に交差がある
INFO:最終チェックのグリフ 'uni5EB5' に交差がある
INFO:最終チェックのグリフ 'uni5EC9' に交差がある
INFO:最終チェックのグリフ 'uni5EDF' に交差がある
INFO:最終チェックのグリフ 'uni5EE9' に交差がある
INFO:最終チェックのグリフ 'uni5EF3' に交差がある
INFO:最終チェックのグリフ 'uni5EFC' に交差がある
INFO:最終チェックのグリフ 'uni5F0A' に交差がある
INFO:最終チェックのグリフ 'uni5F16' に交差がある
INFO:最終チェックのグリフ 'uni5F18' に交差がある
INFO:最終チェックのグリフ 'uni5F1B' に交差がある
INFO:最終チェックのグリフ 'uni5F1D' に交差がある
INFO:最終チェックのグリフ 'uni5F1E' に交差がある
INFO:最終チェックのグリフ 'uni5F21' に交差がある
INFO:最終チェックのグリフ 'uni5F27' に交差がある
INFO:最終チェックのグリフ 'uni5F40' に交差がある
INFO:最終チェックのグリフ 'uni5F4C' に交差がある
INFO:最終チェックのグリフ 'uni5F4E' に交差がある
INFO:最終チェックのグリフ 'uni5F54' に交差がある
INFO:最終チェックのグリフ 'uni5F56' に交差がある
INFO:最終チェックのグリフ 'uni5F72' に交差がある
INFO:最終チェックのグリフ 'uni5F7D' に交差がある
INFO:最終チェックのグリフ 'uni5F7F' に交差がある
INFO:最終チェックのグリフ 'uni5F80' に交差がある
INFO:最終チェックのグリフ 'uni5F81' に交差がある
INFO:最終チェックのグリフ 'uni5F82' に交差がある
INFO:最終チェックのグリフ 'uni5F83' に交差がある
INFO:最終チェックのグリフ 'uni5F84' に交差がある
INFO:最終チェックのグリフ 'uni5F87' に交差がある
INFO:最終チェックのグリフ 'uni5F91' に交差がある
INFO:最終チェックのグリフ 'uni5FA8' に交差がある
INFO:最終チェックのグリフ 'uni5FAE' に交差がある
INFO:最終チェックのグリフ 'uni5FB4' に交差がある
INFO:最終チェックのグリフ 'uni5FB5' に交差がある
INFO:最終チェックのグリフ 'uni5FB9' に交差がある
INFO:最終チェックのグリフ 'uni5FBC' に交差がある
INFO:最終チェックのグリフ 'uni5FBD' に交差がある
INFO:最終チェックのグリフ 'uni5FCD' に交差がある
INFO:最終チェックのグリフ 'uni5FD8' に交差がある
INFO:最終チェックのグリフ 'uni5FF0' に交差がある
INFO:最終チェックのグリフ 'uni5FF8' に交差がある
INFO:最終チェックのグリフ 'uni6014' に交差がある
INFO:最終チェックのグリフ 'uni601B' に交差がある
INFO:最終チェックのグリフ 'uni601C' に交差がある
INFO:最終チェックのグリフ 'uni6027' に交差がある
INFO:最終チェックのグリフ 'uni602A' に交差がある
INFO:最終チェックのグリフ 'uni6031' に交差がある
INFO:最終チェックのグリフ 'uni603A' に交差がある
INFO:最終チェックのグリフ 'uni6046' に交差がある
INFO:最終チェックのグリフ 'uni604C' に交差がある
INFO:最終チェックのグリフ 'uni6052' に交差がある
INFO:最終チェックのグリフ 'uni605F' に交差がある
INFO:最終チェックのグリフ 'uni6060' に交差がある
INFO:最終チェックのグリフ 'uni6063' に交差がある
INFO:最終チェックのグリフ 'uni6064' に交差がある
INFO:最終チェックのグリフ 'uni6065' に交差がある
INFO:最終チェックのグリフ 'uni606B' に交差がある
INFO:最終チェックのグリフ 'uni6083' に交差がある
INFO:最終チェックのグリフ 'uni6095' に交差がある
INFO:最終チェックのグリフ 'uni6096' に交差がある
INFO:最終チェックのグリフ 'uni6097' に交差がある
INFO:最終チェックのグリフ 'uni609F' に交差がある
INFO:最終チェックのグリフ 'uni60A7' に交差がある
INFO:最終チェックのグリフ 'uni60B8' に交差がある
INFO:最終チェックのグリフ 'uni60BE' に交差がある
INFO:最終チェックのグリフ 'uni60C5' に交差がある
INFO:最終チェックのグリフ 'uni60D8' に交差がある
INFO:最終チェックのグリフ 'uni60DE' に交差がある
INFO:最終チェックのグリフ 'uni60DF' に交差がある
INFO:最終チェックのグリフ 'uni60F6' に交差がある
INFO:最終チェックのグリフ 'uni60F9' に交差がある
INFO:最終チェックのグリフ 'uni6100' に交差がある
INFO:最終チェックのグリフ 'uni6101' に交差がある
INFO:最終チェックのグリフ 'uni6111' に交差がある
INFO:最終チェックのグリフ 'uni611F' に交差がある
INFO:最終チェックのグリフ 'uni6120' に交差がある
INFO:最終チェックのグリフ 'uni6130' に交差がある
INFO:最終チェックのグリフ 'uni6137' に交差がある
INFO:最終チェックのグリフ 'uni613F' に交差がある
INFO:最終チェックのグリフ 'uni6141' に交差がある
INFO:最終チェックのグリフ 'uni614B' に交差がある
INFO:最終チェックのグリフ 'uni614D' に交差がある
INFO:最終チェックのグリフ 'uni615A' に交差がある
INFO:最終チェックのグリフ 'uni615F' に交差がある
INFO:最終チェックのグリフ 'uni6160' に交差がある
INFO:最終チェックのグリフ 'uni6173' に交差がある
INFO:最終チェックのグリフ 'uni6187' に交差がある
INFO:最終チェックのグリフ 'uni618D' に交差がある
INFO:最終チェックのグリフ 'uni6191' に交差がある
INFO:最終チェックのグリフ 'uni6193' に交差がある
INFO:最終チェックのグリフ 'uni61A5' に交差がある
INFO:最終チェックのグリフ 'uni61A9' に交差がある
INFO:最終チェックのグリフ 'uni61CD' に交差がある
INFO:最終チェックのグリフ 'uni61DD' に交差がある
INFO:最終チェックのグリフ 'uni61E3' に交差がある
INFO:最終チェックのグリフ 'uni61F6' に交差がある
INFO:最終チェックのグリフ 'uni61F8' に交差がある
INFO:最終チェックのグリフ 'uni61FD' に交差がある
INFO:最終チェックのグリフ 'uni61FF' に交差がある
INFO:最終チェックのグリフ 'uni6212' に交差がある
INFO:最終チェックのグリフ 'uni6214' に交差がある
INFO:最終チェックのグリフ 'uni621B' に交差がある
INFO:最終チェックのグリフ 'uni621E' に交差がある
INFO:最終チェックのグリフ 'uni6234' に交差がある
INFO:最終チェックのグリフ 'uni6246' に交差がある
INFO:最終チェックのグリフ 'uni6252' に交差がある
INFO:最終チェックのグリフ 'uni6256' に交差がある
INFO:最終チェックのグリフ 'uni625A' に交差がある
INFO:最終チェックのグリフ 'uni625B' に交差がある
INFO:最終チェックのグリフ 'uni625E' に交差がある
INFO:最終チェックのグリフ 'uni626D' に交差がある
INFO:最終チェックのグリフ 'uni626F' に交差がある
INFO:最終チェックのグリフ 'uni6279' に交差がある
INFO:最終チェックのグリフ 'uni6282' に交差がある
INFO:最終チェックのグリフ 'uni6293' に交差がある
INFO:最終チェックのグリフ 'uni62B1' に交差がある
INFO:最終チェックのグリフ 'uni62B5' に交差がある
INFO:最終チェックのグリフ 'uni62C4' に交差がある
INFO:最終チェックのグリフ 'uni62C5' に交差がある
INFO:最終チェックのグリフ 'uni62CF' に交差がある
INFO:最終チェックのグリフ 'uni62D2' に交差がある
INFO:最終チェックのグリフ 'uni62D6' に交差がある
INFO:最終チェックのグリフ 'uni62D7' に交差がある
INFO:最終チェックのグリフ 'uni62E1' に交差がある
INFO:最終チェックのグリフ 'uni62EF' に交差がある
INFO:最終チェックのグリフ 'uni62F1' に交差がある
INFO:最終チェックのグリフ 'uni6303' に交差がある
INFO:最終チェックのグリフ 'uni6319' に交差がある
INFO:最終チェックのグリフ 'uni632B' に交差がある
INFO:最終チェックのグリフ 'uni6344' に交差がある
INFO:最終チェックのグリフ 'uni634F' に交差がある
INFO:最終チェックのグリフ 'uni6365' に交差がある
INFO:最終チェックのグリフ 'uni6368' に交差がある
INFO:最終チェックのグリフ 'uni6369' に交差がある
INFO:最終チェックのグリフ 'uni6372' に交差がある
INFO:最終チェックのグリフ 'uni6376' に交差がある
INFO:最終チェックのグリフ 'uni637B' に交差がある
INFO:最終チェックのグリフ 'uni6380' に交差がある
INFO:最終チェックのグリフ 'uni6383' に交差がある
INFO:最終チェックのグリフ 'uni6384' に交差がある
INFO:最終チェックのグリフ 'uni638C' に交差がある
INFO:最終チェックのグリフ 'uni63AB' に交差がある
INFO:最終チェックのグリフ 'uni63BD' に交差がある
INFO:最終チェックのグリフ 'uni63C0' に交差がある
INFO:最終チェックのグリフ 'uni63DB' に交差がある
INFO:最終チェックのグリフ 'uni63DC' に交差がある
INFO:最終チェックのグリフ 'uni6413' に交差がある
INFO:最終チェックのグリフ 'uni6417' に交差がある
INFO:最終チェックのグリフ 'uni6436' に交差がある
INFO:最終チェックのグリフ 'uni645A' に交差がある
INFO:最終チェックのグリフ 'uni645B' に交差がある
INFO:最終チェックのグリフ 'uni6467' に交差がある
INFO:最終チェックのグリフ 'uni6476' に交差がある
INFO:最終チェックのグリフ 'uni647D' に交差がある
INFO:最終チェックのグリフ 'uni6487' に交差がある
INFO:最終チェックのグリフ 'uni6492' に交差がある
INFO:最終チェックのグリフ 'uni6495' に交差がある
INFO:最終チェックのグリフ 'uni64A4' に交差がある
INFO:最終チェックのグリフ 'uni64A9' に交差がある
INFO:最終チェックのグリフ 'uni64AD' に交差がある
INFO:最終チェックのグリフ 'uni64B9' に交差がある
INFO:最終チェックのグリフ 'uni64BC' に交差がある
INFO:最終チェックのグリフ 'uni64BF' に交差がある
INFO:最終チェックのグリフ 'uni64C5' に交差がある
INFO:最終チェックのグリフ 'uni64C7' に交差がある
INFO:最終チェックのグリフ 'uni64CB' に交差がある
INFO:最終チェックのグリフ 'uni64D2' に交差がある
INFO:最終チェックのグリフ 'uni64F7' に交差がある
INFO:最終チェックのグリフ 'uni64FA' に交差がある
INFO:最終チェックのグリフ 'uni64FB' に交差がある
INFO:最終チェックのグリフ 'uni650F' に交差がある
INFO:最終チェックのグリフ 'uni651E' に交差がある
INFO:最終チェックのグリフ 'uni6522' に交差がある
INFO:最終チェックのグリフ 'uni6524' に交差がある
INFO:最終チェックのグリフ 'uni652A' に交差がある
INFO:最終チェックのグリフ 'uni652C' に交差がある
INFO:最終チェックのグリフ 'uni6555' に交差がある
INFO:最終チェックのグリフ 'uni6556' に交差がある
INFO:最終チェックのグリフ 'uni655D' に交差がある
INFO:最終チェックのグリフ 'uni6562' に交差がある
INFO:最終チェックのグリフ 'uni6575' に交差がある
INFO:最終チェックのグリフ 'uni6578' に交差がある
INFO:最終チェックのグリフ 'uni6581' に交差がある
INFO:最終チェックのグリフ 'uni6582' に交差がある
INFO:最終チェックのグリフ 'uni6583' に交差がある
INFO:最終チェックのグリフ 'uni6591' に交差がある
INFO:最終チェックのグリフ 'uni659C' に交差がある
INFO:最終チェックのグリフ 'uni65B8' に交差がある
INFO:最終チェックのグリフ 'uni65C1' に交差がある
INFO:最終チェックのグリフ 'uni65C3' に交差がある
INFO:最終チェックのグリフ 'uni65C5' に交差がある
INFO:最終チェックのグリフ 'uni65C6' に交差がある
INFO:最終チェックのグリフ 'uni65CC' に交差がある
INFO:最終チェックのグリフ 'uni65D2' に交差がある
INFO:最終チェックのグリフ 'uni65FA' に交差がある
INFO:最終チェックのグリフ 'uni6602' に交差がある
INFO:最終チェックのグリフ 'uni660E' に交差がある
INFO:最終チェックのグリフ 'uni661F' に交差がある
INFO:最終チェックのグリフ 'uni662B' に交差がある
INFO:最終チェックのグリフ 'uni6630' に交差がある
INFO:最終チェックのグリフ 'uni6631' に交差がある
INFO:最終チェックのグリフ 'uni6634' に交差がある
INFO:最終チェックのグリフ 'uni663A' に交差がある
INFO:最終チェックのグリフ 'uni663B' に交差がある
INFO:最終チェックのグリフ 'uni663F' に交差がある
INFO:最終チェックのグリフ 'uni6643' に交差がある
INFO:最終チェックのグリフ 'uni6645' に交差がある
INFO:最終チェックのグリフ 'uni6665' に交差がある
INFO:最終チェックのグリフ 'uni6677' に交差がある
INFO:最終チェックのグリフ 'uni6680' に交差がある
INFO:最終チェックのグリフ 'uni6684' に交差がある
INFO:最終チェックのグリフ 'uni6688' に交差がある
INFO:最終チェックのグリフ 'uni6692' に交差がある
INFO:最終チェックのグリフ 'uni66BF' に交差がある
INFO:最終チェックのグリフ 'uni66C1' に交差がある
INFO:最終チェックのグリフ 'uni66C8' に交差がある
INFO:最終チェックのグリフ 'uni66DC' に交差がある
INFO:最終チェックのグリフ 'uni66E9' に交差がある
INFO:最終チェックのグリフ 'uni66EC' に交差がある
INFO:最終チェックのグリフ 'uni66F2' に交差がある
INFO:最終チェックのグリフ 'uni66F4' に交差がある
INFO:最終チェックのグリフ 'uni6709' に交差がある
INFO:最終チェックのグリフ 'uni670E' に交差がある
INFO:最終チェックのグリフ 'uni6712' に交差がある
INFO:最終チェックのグリフ 'uni6713' に交差がある
INFO:最終チェックのグリフ 'uni6733' に交差がある
INFO:最終チェックのグリフ 'uni6741' に交差がある
INFO:最終チェックのグリフ 'uni6753' に交差がある
INFO:最終チェックのグリフ 'uni6756' に交差がある
INFO:最終チェックのグリフ 'uni675C' に交差がある
INFO:最終チェックのグリフ 'uni6762' に交差がある
INFO:最終チェックのグリフ 'uni6764' に交差がある
INFO:最終チェックのグリフ 'uni6766' に交差がある
INFO:最終チェックのグリフ 'uni6776' に交差がある
INFO:最終チェックのグリフ 'uni677E' に交差がある
INFO:最終チェックのグリフ 'uni6789' に交差がある
INFO:最終チェックのグリフ 'uni6797' に交差がある
INFO:最終チェックのグリフ 'uni6798' に交差がある
INFO:最終チェックのグリフ 'uni679B' に交差がある
INFO:最終チェックのグリフ 'uni67A2' に交差がある
INFO:最終チェックのグリフ 'uni67B8' に交差がある
INFO:最終チェックのグリフ 'uni67BB' に交差がある
INFO:最終チェックのグリフ 'uni67C3' に交差がある
INFO:最終チェックのグリフ 'uni67C6' に交差がある
INFO:最終チェックのグリフ 'uni67CA' に交差がある
INFO:最終チェックのグリフ 'uni67D9' に交差がある
INFO:最終チェックのグリフ 'uni67DA' に交差がある
INFO:最終チェックのグリフ 'uni67DB' に交差がある
INFO:最終チェックのグリフ 'uni67E2' に交差がある
INFO:最終チェックのグリフ 'uni67E7' に交差がある
INFO:最終チェックのグリフ 'uni67F1' に交差がある
INFO:最終チェックのグリフ 'uni67F3' に交差がある
INFO:最終チェックのグリフ 'uni67FE' に交差がある
INFO:最終チェックのグリフ 'uni6801' に交差がある
INFO:最終チェックのグリフ 'uni6810' に交差がある
INFO:最終チェックのグリフ 'uni6813' に交差がある
INFO:最終チェックのグリフ 'uni684E' に交差がある
INFO:最終チェックのグリフ 'uni6853' に交差がある
INFO:最終チェックのグリフ 'uni6867' に交差がある
INFO:最終チェックのグリフ 'uni6872' に交差がある
INFO:最終チェックのグリフ 'uni6874' に交差がある
INFO:最終チェックのグリフ 'uni687E' に交差がある
INFO:最終チェックのグリフ 'uni687F' に交差がある
INFO:最終チェックのグリフ 'uni68A7' に交差がある
INFO:最終チェックのグリフ 'uni68AA' に交差がある
INFO:最終チェックのグリフ 'uni68B0' に交差がある
INFO:最終チェックのグリフ 'uni68B3' に交差がある
INFO:最終チェックのグリフ 'uni68BB' に交差がある
INFO:最終チェックのグリフ 'uni68BC' に交差がある
INFO:最終チェックのグリフ 'uni68C9' に交差がある
INFO:最終チェックのグリフ 'uni68E7' に交差がある
INFO:最終チェックのグリフ 'uni68EE' に交差がある
INFO:最終チェックのグリフ 'uni68F0' に交差がある
INFO:最終チェックのグリフ 'uni68F7' に交差がある
INFO:最終チェックのグリフ 'uni6900' に交差がある
INFO:最終チェックのグリフ 'uni6907' に交差がある
INFO:最終チェックのグリフ 'uni690C' に交差がある
INFO:最終チェックのグリフ 'uni690D' に交差がある
INFO:最終チェックのグリフ 'uni690F' に交差がある
INFO:最終チェックのグリフ 'uni6912' に交差がある
INFO:最終チェックのグリフ 'uni693B' に交差がある
INFO:最終チェックのグリフ 'uni6942' に交差がある
INFO:最終チェックのグリフ 'uni6946' に交差がある
INFO:最終チェックのグリフ 'uni6959' に交差がある
INFO:最終チェックのグリフ 'uni695C' に交差がある
INFO:最終チェックのグリフ 'uni6961' に交差がある
INFO:最終チェックのグリフ 'uni6968' に交差がある
INFO:最終チェックのグリフ 'uni6972' に交差がある
INFO:最終チェックのグリフ 'uni6975' に交差がある
INFO:最終チェックのグリフ 'uni6978' に交差がある
INFO:最終チェックのグリフ 'uni6992' に交差がある
INFO:最終チェックのグリフ 'uni69A0' に交差がある
INFO:最終チェックのグリフ 'uni69A7' に交差がある
INFO:最終チェックのグリフ 'uni69BC' に交差がある
INFO:最終チェックのグリフ 'uni69BF' に交差がある
INFO:最終チェックのグリフ 'uni69C1' に交差がある
INFO:最終チェックのグリフ 'uni69CB' に交差がある
INFO:最終チェックのグリフ 'uni69CE' に交差がある
INFO:最終チェックのグリフ 'uni69CF' に交差がある
INFO:最終チェックのグリフ 'uni69D0' に交差がある
INFO:最終チェックのグリフ 'uni69D8' に交差がある
INFO:最終チェックのグリフ 'uni69ED' に交差がある
INFO:最終チェックのグリフ 'uni69EF' に交差がある
INFO:最終チェックのグリフ 'uni69F5' に交差がある
INFO:最終チェックのグリフ 'uni69FB' に交差がある
INFO:最終チェックのグリフ 'uni69FF' に交差がある
INFO:最終チェックのグリフ 'uni6A15' に交差がある
INFO:最終チェックのグリフ 'uni6A17' に交差がある
INFO:最終チェックのグリフ 'uni6A19' に交差がある
INFO:最終チェックのグリフ 'uni6A1A' に交差がある
INFO:最終チェックのグリフ 'uni6A1D' に交差がある
INFO:最終チェックのグリフ 'uni6A29' に交差がある
INFO:最終チェックのグリフ 'uni6A2B' に交差がある
INFO:最終チェックのグリフ 'uni6A34' に交差がある
INFO:最終チェックのグリフ 'uni6A36' に交差がある
INFO:最終チェックのグリフ 'uni6A39' に交差がある
INFO:最終チェックのグリフ 'uni6A3B' に交差がある
INFO:最終チェックのグリフ 'uni6A3E' に交差がある
INFO:最終チェックのグリフ 'uni6A44' に交差がある
INFO:最終チェックのグリフ 'uni6A4B' に交差がある
INFO:最終チェックのグリフ 'uni6A4E' に交差がある
INFO:最終チェックのグリフ 'uni6A58' に交差がある
INFO:最終チェックのグリフ 'uni6A59' に交差がある
INFO:最終チェックのグリフ 'uni6A5B' に交差がある
INFO:最終チェックのグリフ 'uni6A64' に交差がある
INFO:最終チェックのグリフ 'uni6A73' に交差がある
INFO:最終チェックのグリフ 'uni6A7F' に交差がある
INFO:最終チェックのグリフ 'uni6A80' に交差がある
INFO:最終チェックのグリフ 'uni6A84' に交差がある
INFO:最終チェックのグリフ 'uni6A89' に交差がある
INFO:最終チェックのグリフ 'uni6A9F' に交差がある
INFO:最終チェックのグリフ 'uni6AA2' に交差がある
INFO:最終チェックのグリフ 'uni6AA5' に交差がある
INFO:最終チェックのグリフ 'uni6AB3' に交差がある
INFO:最終チェックのグリフ 'uni6ABB' に交差がある
INFO:最終チェックのグリフ 'uni6AC1' に交差がある
INFO:最終チェックのグリフ 'uni6AC2' に交差がある
INFO:最終チェックのグリフ 'uni6AC3' に交差がある
INFO:最終チェックのグリフ 'uni6AD0' に交差がある
INFO:最終チェックのグリフ 'uni6AD4' に交差がある
INFO:最終チェックのグリフ 'uni6ADA' に交差がある
INFO:最終チェックのグリフ 'uni6ADE' に交差がある
INFO:最終チェックのグリフ 'uni6ADF' の参照が不正
INFO:最終チェックのグリフ 'uni6AE2' に交差がある
INFO:最終チェックのグリフ 'uni6AE8' に交差がある
INFO:最終チェックのグリフ 'uni6AEA' に交差がある
INFO:最終チェックのグリフ 'uni6AEC' に交差がある
INFO:最終チェックのグリフ 'uni6AF1' に交差がある
INFO:最終チェックのグリフ 'uni6AF2' に交差がある
INFO:最終チェックのグリフ 'uni6B05' に交差がある
INFO:最終チェックのグリフ 'uni6B0A' に交差がある
INFO:最終チェックのグリフ 'uni6B10' に交差がある
INFO:最終チェックのグリフ 'uni6B12' に交差がある
INFO:最終チェックのグリフ 'uni6B1D' に交差がある
INFO:最終チェックのグリフ 'uni6B1E' に交差がある
INFO:最終チェックのグリフ 'uni6B1F' に交差がある
INFO:最終チェックのグリフ 'uni6B23' に交差がある
INFO:最終チェックのグリフ 'uni6B27' に交差がある
INFO:最終チェックのグリフ 'uni6B2C' に交差がある
INFO:最終チェックのグリフ 'uni6B2F' に交差がある
INFO:最終チェックのグリフ 'uni6B32' に交差がある
INFO:最終チェックのグリフ 'uni6B35' に交差がある
INFO:最終チェックのグリフ 'uni6B38' に交差がある
INFO:最終チェックのグリフ 'uni6B39' に交差がある
INFO:最終チェックのグリフ 'uni6B3A' に交差がある
INFO:最終チェックのグリフ 'uni6B3D' に交差がある
INFO:最終チェックのグリフ 'uni6B43' に交差がある
INFO:最終チェックのグリフ 'uni6B46' に交差がある
INFO:最終チェックのグリフ 'uni6B47' に交差がある
INFO:最終チェックのグリフ 'uni6B49' に交差がある
INFO:最終チェックのグリフ 'uni6B4E' に交差がある
INFO:最終チェックのグリフ 'uni6B50' に交差がある
INFO:最終チェックのグリフ 'uni6B53' に交差がある
INFO:最終チェックのグリフ 'uni6B54' に交差がある
INFO:最終チェックのグリフ 'uni6B56' に交差がある
INFO:最終チェックのグリフ 'uni6B59' に交差がある
INFO:最終チェックのグリフ 'uni6B5B' に交差がある
INFO:最終チェックのグリフ 'uni6B5F' に交差がある
INFO:最終チェックのグリフ 'uni6B61' に交差がある
INFO:最終チェックのグリフ 'uni6B62' に交差がある
INFO:最終チェックのグリフ 'uni6B63' に交差がある
INFO:最終チェックのグリフ 'uni6B6A' に交差がある
INFO:最終チェックのグリフ 'uni6B73' に交差がある
INFO:最終チェックのグリフ 'uni6B74' に交差がある
INFO:最終チェックのグリフ 'uni6B77' に交差がある
INFO:最終チェックのグリフ 'uni6B80' に交差がある
INFO:最終チェックのグリフ 'uni6B82' に交差がある
INFO:最終チェックのグリフ 'uni6B8A' に交差がある
INFO:最終チェックのグリフ 'uni6B98' に交差がある
INFO:最終チェックのグリフ 'uni6B9B' に交差がある
INFO:最終チェックのグリフ 'uni6BAA' に交差がある
INFO:最終チェックのグリフ 'uni6BAD' に交差がある
INFO:最終チェックのグリフ 'uni6BCE' に交差がある
INFO:最終チェックのグリフ 'uni6BCF' に交差がある
INFO:最終チェックのグリフ 'uni6BD2' に交差がある
INFO:最終チェックのグリフ 'uni6BDA' に交差がある
INFO:最終チェックのグリフ 'uni6BEB' に交差がある
INFO:最終チェックのグリフ 'uni6BF3' に交差がある
INFO:最終チェックのグリフ 'uni6C02' に交差がある
INFO:最終チェックのグリフ 'uni6C08' に交差がある
INFO:最終チェックのグリフ 'uni6C0A' に交差がある
INFO:最終チェックのグリフ 'uni6C0E' に交差がある
INFO:最終チェックのグリフ 'uni6C1B' に交差がある
INFO:最終チェックのグリフ 'uni6C33' に交差がある
INFO:最終チェックのグリフ 'uni6C3F' に交差がある
INFO:最終チェックのグリフ 'uni6C55' に交差がある
INFO:最終チェックのグリフ 'uni6C6A' に交差がある
INFO:最終チェックのグリフ 'uni6C6D' に交差がある
INFO:最終チェックのグリフ 'uni6C70' に交差がある
INFO:最終チェックのグリフ 'uni6C83' に交差がある
INFO:最終チェックのグリフ 'uni6C85' に交差がある
INFO:最終チェックのグリフ 'uni6C89' に交差がある
INFO:最終チェックのグリフ 'uni6C8D' に交差がある
INFO:最終チェックのグリフ 'uni6C90' に交差がある
INFO:最終チェックのグリフ 'uni6C9A' に交差がある
INFO:最終チェックのグリフ 'uni6CA2' に交差がある
INFO:最終チェックのグリフ 'uni6CAA' に交差がある
INFO:最終チェックのグリフ 'uni6CAE' に交差がある
INFO:最終チェックのグリフ 'uni6CC1' に交差がある
INFO:最終チェックのグリフ 'uni6CC4' に交差がある
INFO:最終チェックのグリフ 'uni6CD3' に交差がある
INFO:最終チェックのグリフ 'uni6CDC' に交差がある
INFO:最終チェックのグリフ 'uni6CE5' に交差がある
INFO:最終チェックのグリフ 'uni6CE8' に交差がある
INFO:最終チェックのグリフ 'uni6CE9' に交差がある
INFO:最終チェックのグリフ 'uni6CEC' に交差がある
INFO:最終チェックのグリフ 'uni6D2B' に交差がある
INFO:最終チェックのグリフ 'uni6D38' に交差がある
INFO:最終チェックのグリフ 'uni6D39' に交差がある
INFO:最終チェックのグリフ 'uni6D3C' に交差がある
INFO:最終チェックのグリフ 'uni6D3D' に交差がある
INFO:最終チェックのグリフ 'uni6D41' に交差がある
INFO:最終チェックのグリフ 'uni6D58' に交差がある
INFO:最終チェックのグリフ 'uni6D5C' に交差がある
INFO:最終チェックのグリフ 'uni6D6A' に交差がある
INFO:最終チェックのグリフ 'uni6D6F' に交差がある
INFO:最終チェックのグリフ 'uni6D77' に交差がある
INFO:最終チェックのグリフ 'uni6D80' に交差がある
INFO:最終チェックのグリフ 'uni6D81' に交差がある
INFO:最終チェックのグリフ 'uni6D85' に交差がある
INFO:最終チェックのグリフ 'uni6D87' に交差がある
INFO:最終チェックのグリフ 'uni6D96' に交差がある
INFO:最終チェックのグリフ 'uni6D9B' に交差がある
INFO:最終チェックのグリフ 'uni6DAB' に交差がある
INFO:最終チェックのグリフ 'uni6DAF' に交差がある
INFO:最終チェックのグリフ 'uni6DB4' に交差がある
INFO:最終チェックのグリフ 'uni6DB5' に交差がある
INFO:最終チェックのグリフ 'uni6DBF' に交差がある
INFO:最終チェックのグリフ 'uni6DC5' に交差がある
INFO:最終チェックのグリフ 'uni6DD1' に交差がある
INFO:最終チェックのグリフ 'uni6DD5' に交差がある
INFO:最終チェックのグリフ 'uni6DD9' に交差がある
INFO:最終チェックのグリフ 'uni6DDB' に交差がある
INFO:最終チェックのグリフ 'uni6DDF' に交差がある
INFO:最終チェックのグリフ 'uni6DE6' に交差がある
INFO:最終チェックのグリフ 'uni6DE8' に交差がある
INFO:最終チェックのグリフ 'uni6DEA' に交差がある
INFO:最終チェックのグリフ 'uni6DEE' に交差がある
INFO:最終チェックのグリフ 'uni6DF5' に交差がある
INFO:最終チェックのグリフ 'uni6DFC' に交差がある
INFO:最終チェックのグリフ 'uni6E0A' に交差がある
INFO:最終チェックのグリフ 'uni6E17' に交差がある
INFO:最終チェックのグリフ 'uni6E1D' に交差がある
INFO:最終チェックのグリフ 'uni6E29' に交差がある
INFO:最終チェックのグリフ 'uni6E32' に交差がある
INFO:最終チェックのグリフ 'uni6E38' に交差がある
INFO:最終チェックのグリフ 'uni6E39' に交差がある
INFO:最終チェックのグリフ 'uni6E3C' に交差がある
INFO:最終チェックのグリフ 'uni6E53' に交差がある
INFO:最終チェックのグリフ 'uni6E56' に交差がある
INFO:最終チェックのグリフ 'uni6E58' に交差がある
INFO:最終チェックのグリフ 'uni6E5F' に交差がある
INFO:最終チェックのグリフ 'uni6E67' に交差がある
INFO:最終チェックのグリフ 'uni6E6B' に交差がある
INFO:最終チェックのグリフ 'uni6E6E' に交差がある
INFO:最終チェックのグリフ 'uni6E98' に交差がある
INFO:最終チェックのグリフ 'uni6EA2' に交差がある
INFO:最終チェックのグリフ 'uni6EAB' に交差がある
INFO:最終チェックのグリフ 'uni6EC1' に交差がある
INFO:最終チェックのグリフ 'uni6EC9' に交差がある
INFO:最終チェックのグリフ 'uni6ED1' に交差がある
INFO:最終チェックのグリフ 'uni6ED4' に交差がある
INFO:最終チェックのグリフ 'uni6ED9' に交差がある
INFO:最終チェックのグリフ 'uni6EDE' に交差がある
INFO:最終チェックのグリフ 'uni6EEF' に交差がある
INFO:最終チェックのグリフ 'uni6EFB' に交差がある
INFO:最終チェックのグリフ 'uni6EFF' に交差がある
INFO:最終チェックのグリフ 'uni6F02' に交差がある
INFO:最終チェックのグリフ 'uni6F06' に交差がある
INFO:最終チェックのグリフ 'uni6F0F' に交差がある
INFO:最終チェックのグリフ 'uni6F10' に交差がある
INFO:最終チェックのグリフ 'uni6F13' に交差がある
INFO:最終チェックのグリフ 'uni6F18' に交差がある
INFO:最終チェックのグリフ 'uni6F2C' に交差がある
INFO:最終チェックのグリフ 'uni6F31' に交差がある
INFO:最終チェックのグリフ 'uni6F35' に交差がある
INFO:最終チェックのグリフ 'uni6F36' に交差がある
INFO:最終チェックのグリフ 'uni6F3C' に交差がある
INFO:最終チェックのグリフ 'uni6F41' に交差がある
INFO:最終チェックのグリフ 'uni6F61' に交差がある
INFO:最終チェックのグリフ 'uni6F7C' に交差がある
INFO:最終チェックのグリフ 'uni6F80' に交差がある
INFO:最終チェックのグリフ 'uni6F82' に交差がある
INFO:最終チェックのグリフ 'uni6F88' に交差がある
INFO:最終チェックのグリフ 'uni6F8D' に交差がある
INFO:最終チェックのグリフ 'uni6F94' に交差がある
INFO:最終チェックのグリフ 'uni6F96' に交差がある
INFO:最終チェックのグリフ 'uni6F9F' に交差がある
INFO:最終チェックのグリフ 'uni6FA3' に交差がある
INFO:最終チェックのグリフ 'uni6FB6' に交差がある
INFO:最終チェックのグリフ 'uni6FC0' に交差がある
INFO:最終チェックのグリフ 'uni6FC1' に交差がある
INFO:最終チェックのグリフ 'uni6FC9' に交差がある
INFO:最終チェックのグリフ 'uni6FCA' に交差がある
INFO:最終チェックのグリフ 'uni6FD4' に交差がある
INFO:最終チェックのグリフ 'uni6FDF' の参照が不正
INFO:最終チェックのグリフ 'uni6FEB' に交差がある
INFO:最終チェックのグリフ 'uni6FF0' に交差がある
INFO:最終チェックのグリフ 'uni6FFC' に交差がある
INFO:最終チェックのグリフ 'uni7005' に交差がある
INFO:最終チェックのグリフ 'uni7009' に交差がある
INFO:最終チェックのグリフ 'uni700A' に交差がある
INFO:最終チェックのグリフ 'uni701A' に交差がある
INFO:最終チェックのグリフ 'uni702C' に交差がある
INFO:最終チェックのグリフ 'uni7030' に交差がある
INFO:最終チェックのグリフ 'uni7032' に交差がある
INFO:最終チェックのグリフ 'uni703A' に交差がある
INFO:最終チェックのグリフ 'uni7047' に交差がある
INFO:最終チェックのグリフ 'uni704B' に交差がある
INFO:最終チェックのグリフ 'uni704E' に交差がある
INFO:最終チェックのグリフ 'uni7054' に交差がある
INFO:最終チェックのグリフ 'uni705E' に交差がある
INFO:最終チェックのグリフ 'uni7063' に交差がある
INFO:最終チェックのグリフ 'uni7064' に交差がある
INFO:最終チェックのグリフ 'uni7065' に交差がある
INFO:最終チェックのグリフ 'uni7069' に交差がある
INFO:最終チェックのグリフ 'uni7076' に交差がある
INFO:最終チェックのグリフ 'uni709F' に交差がある
INFO:最終チェックのグリフ 'uni70B7' に交差がある
INFO:最終チェックのグリフ 'uni70D1' に交差がある
INFO:最終チェックのグリフ 'uni70D3' に交差がある
INFO:最終チェックのグリフ 'uni70DC' に交差がある
INFO:最終チェックのグリフ 'uni70EC' に交差がある
INFO:最終チェックのグリフ 'uni712E' に交差がある
INFO:最終チェックのグリフ 'uni7149' に交差がある
INFO:最終チェックのグリフ 'uni714A' に交差がある
INFO:最終チェックのグリフ 'uni714C' に交差がある
INFO:最終チェックのグリフ 'uni715C' に交差がある
INFO:最終チェックのグリフ 'uni7168' に交差がある
INFO:最終チェックのグリフ 'uni7184' に交差がある
INFO:最終チェックのグリフ 'uni7185' に交差がある
INFO:最終チェックのグリフ 'uni7196' に交差がある
INFO:最終チェックのグリフ 'uni71BE' に交差がある
INFO:最終チェックのグリフ 'uni71C8' に交差がある
INFO:最終チェックのグリフ 'uni71C9' に交差がある
INFO:最終チェックのグリフ 'uni71CE' に交差がある
INFO:最終チェックのグリフ 'uni71D7' に交差がある
INFO:最終チェックのグリフ 'uni71EC' に交差がある
INFO:最終チェックのグリフ 'uni71EE' に交差がある
INFO:最終チェックのグリフ 'uni71F9' に交差がある
INFO:最終チェックのグリフ 'uni71FF' に交差がある
INFO:最終チェックのグリフ 'uni7210' に交差がある
INFO:最終チェックのグリフ 'uni7228' に交差がある
INFO:最終チェックのグリフ 'uni722A' に交差がある
INFO:最終チェックのグリフ 'uni7234' に交差がある
INFO:最終チェックのグリフ 'uni723C' に交差がある
INFO:最終チェックのグリフ 'uni7261' に交差がある
INFO:最終チェックのグリフ 'uni7272' に交差がある
INFO:最終チェックのグリフ 'uni7274' に交差がある
INFO:最終チェックのグリフ 'uni7278' に交差がある
INFO:最終チェックのグリフ 'uni72A7' に交差がある
INFO:最終チェックのグリフ 'uni72B0' に交差がある
INFO:最終チェックのグリフ 'uni72BE' に交差がある
INFO:最終チェックのグリフ 'uni72C0' に交差がある
INFO:最終チェックのグリフ 'uni72C2' に交差がある
INFO:最終チェックのグリフ 'uni72C3' に交差がある
INFO:最終チェックのグリフ 'uni72CC' に交差がある
INFO:最終チェックのグリフ 'uni72D0' に交差がある
INFO:最終チェックのグリフ 'uni72F7' に交差がある
INFO:最終チェックのグリフ 'uni730A' に交差がある
INFO:最終チェックのグリフ 'uni7318' に交差がある
INFO:最終チェックのグリフ 'uni7329' に交差がある
INFO:最終チェックのグリフ 'uni732E' に交差がある
INFO:最終チェックのグリフ 'uni7337' に交差がある
INFO:最終チェックのグリフ 'uni7339' に交差がある
INFO:最終チェックのグリフ 'uni7344' に交差がある
INFO:最終チェックのグリフ 'uni734E' に交差がある
INFO:最終チェックのグリフ 'uni7357' に交差がある
INFO:最終チェックのグリフ 'uni7368' に交差がある
INFO:最終チェックのグリフ 'uni736B' に交差がある
INFO:最終チェックのグリフ 'uni736E' に交差がある
INFO:最終チェックのグリフ 'uni7378' に交差がある
INFO:最終チェックのグリフ 'uni737A' に交差がある
INFO:最終チェックのグリフ 'uni737B' に交差がある
INFO:最終チェックのグリフ 'uni737C' に交差がある
INFO:最終チェックのグリフ 'uni7381' に交差がある
INFO:最終チェックのグリフ 'uni7396' に交差がある
INFO:最終チェックのグリフ 'uni73A6' に交差がある
INFO:最終チェックのグリフ 'uni73B2' に交差がある
INFO:最終チェックのグリフ 'uni73C2' に交差がある
INFO:最終チェックのグリフ 'uni73E3' に交差がある
INFO:最終チェックのグリフ 'uni73E7' に交差がある
INFO:最終チェックのグリフ 'uni73EA' に交差がある
INFO:最終チェックのグリフ 'uni73ED' に交差がある
INFO:最終チェックのグリフ 'uni73F5' に交差がある
INFO:最終チェックのグリフ 'uni73F9' に交差がある
INFO:最終チェックのグリフ 'uni7403' に交差がある
INFO:最終チェックのグリフ 'uni7406' に交差がある
INFO:最終チェックのグリフ 'uni740A' に交差がある
INFO:最終チェックのグリフ 'uni7426' に交差がある
INFO:最終チェックのグリフ 'uni742C' に交差がある
INFO:最終チェックのグリフ 'uni7433' に交差がある
INFO:最終チェックのグリフ 'uni7435' に交差がある
INFO:最終チェックのグリフ 'uni7444' に交差がある
INFO:最終チェックのグリフ 'uni7446' に交差がある
INFO:最終チェックのグリフ 'uni7453' に交差がある
INFO:最終チェックのグリフ 'uni745D' に交差がある
INFO:最終チェックのグリフ 'uni7473' に交差がある
INFO:最終チェックのグリフ 'uni7485' に交差がある
INFO:最終チェックのグリフ 'uni7489' に交差がある
INFO:最終チェックのグリフ 'uni7492' に交差がある
INFO:最終チェックのグリフ 'uni7497' に交差がある
INFO:最終チェックのグリフ 'uni74B5' に交差がある
INFO:最終チェックのグリフ 'uni74BA' に交差がある
INFO:最終チェックのグリフ 'uni74C8' に交差がある
INFO:最終チェックのグリフ 'uni74D4' に交差がある
INFO:最終チェックのグリフ 'uni74DC' に交差がある
INFO:最終チェックのグリフ 'uni74E2' に交差がある
INFO:最終チェックのグリフ 'uni74E3' に交差がある
INFO:最終チェックのグリフ 'uni74E9' に交差がある
INFO:最終チェックのグリフ 'uni74EB' に交差がある
INFO:最終チェックのグリフ 'uni74EF' に交差がある
INFO:最終チェックのグリフ 'uni74F6' に交差がある
INFO:最終チェックのグリフ 'uni74FA' に交差がある
INFO:最終チェックのグリフ 'uni7505' に交差がある
INFO:最終チェックのグリフ 'uni750D' に交差がある
INFO:最終チェックのグリフ 'uni7513' に交差がある
INFO:最終チェックのグリフ 'uni7517' に交差がある
INFO:最終チェックのグリフ 'uni751C' に交差がある
INFO:最終チェックのグリフ 'uni7520' に交差がある
INFO:最終チェックのグリフ 'uni752F' に交差がある
INFO:最終チェックのグリフ 'uni7531' に交差がある
INFO:最終チェックのグリフ 'uni754E' に交差がある
INFO:最終チェックのグリフ 'uni7552' に交差がある
INFO:最終チェックのグリフ 'uni755D' に交差がある
INFO:最終チェックのグリフ 'uni7566' に交差がある
INFO:最終チェックのグリフ 'uni756C' に交差がある
INFO:最終チェックのグリフ 'uni756F' に交差がある
INFO:最終チェックのグリフ 'uni7573' に交差がある
INFO:最終チェックのグリフ 'uni7574' に交差がある
INFO:最終チェックのグリフ 'uni7582' に交差がある
INFO:最終チェックのグリフ 'uni7586' に交差がある
INFO:最終チェックのグリフ 'uni7589' に交差がある
INFO:最終チェックのグリフ 'uni758A' に交差がある
INFO:最終チェックのグリフ 'uni758F' に交差がある
INFO:最終チェックのグリフ 'uni7594' に交差がある
INFO:最終チェックのグリフ 'uni75B0' に交差がある
INFO:最終チェックのグリフ 'uni75B8' に交差がある
INFO:最終チェックのグリフ 'uni75BC' に交差がある
INFO:最終チェックのグリフ 'uni75BD' に交差がある
INFO:最終チェックのグリフ 'uni75C7' に交差がある
INFO:最終チェックのグリフ 'uni75D8' に交差がある
INFO:最終チェックのグリフ 'uni75E2' に交差がある
INFO:最終チェックのグリフ 'uni75F2' に交差がある
INFO:最終チェックのグリフ 'uni75F3' に交差がある
INFO:最終チェックのグリフ 'uni75FE' に交差がある
INFO:最終チェックのグリフ 'uni75FF' に交差がある
INFO:最終チェックのグリフ 'uni7602' に交差がある
INFO:最終チェックのグリフ 'uni7607' に交差がある
INFO:最終チェックのグリフ 'uni760D' に交差がある
INFO:最終チェックのグリフ 'uni761C' に交差がある
INFO:最終チェックのグリフ 'uni7621' に交差がある
INFO:最終チェックのグリフ 'uni7625' に交差がある
INFO:最終チェックのグリフ 'uni7627' に交差がある
INFO:最終チェックのグリフ 'uni7634' に交差がある
INFO:最終チェックのグリフ 'uni7647' に交差がある
INFO:最終チェックのグリフ 'uni764B' に交差がある
INFO:最終チェックのグリフ 'uni7655' に交差がある
INFO:最終チェックのグリフ 'uni7662' に交差がある
INFO:最終チェックのグリフ 'uni7665' に交差がある
INFO:最終チェックのグリフ 'uni7667' に交差がある
INFO:最終チェックのグリフ 'uni7669' に交差がある
INFO:最終チェックのグリフ 'uni766E' に交差がある
INFO:最終チェックのグリフ 'uni7671' に交差がある
INFO:最終チェックのグリフ 'uni7672' に交差がある
INFO:最終チェックのグリフ 'uni767A' に交差がある
INFO:最終チェックのグリフ 'uni767B' に交差がある
INFO:最終チェックのグリフ 'uni768E' に交差がある
INFO:最終チェックのグリフ 'uni7693' に交差がある
INFO:最終チェックのグリフ 'uni769A' に交差がある
INFO:最終チェックのグリフ 'uni769C' に交差がある
INFO:最終チェックのグリフ 'uni76A0' に交差がある
INFO:最終チェックのグリフ 'uni76A6' に交差がある
INFO:最終チェックのグリフ 'uni76BF' に交差がある
INFO:最終チェックのグリフ 'uni76C2' に交差がある
INFO:最終チェックのグリフ 'uni76C3' に交差がある
INFO:最終チェックのグリフ 'uni76C5' に交差がある
INFO:最終チェックのグリフ 'uni76C6' に交差がある
INFO:最終チェックのグリフ 'uni76C9' に交差がある
INFO:最終チェックのグリフ 'uni76CA' に交差がある
INFO:最終チェックのグリフ 'uni76CC' に交差がある
INFO:最終チェックのグリフ 'uni76CD' に交差がある
INFO:最終チェックのグリフ 'uni76CE' に交差がある
INFO:最終チェックのグリフ 'uni76D2' に交差がある
INFO:最終チェックのグリフ 'uni76D4' に交差がある
INFO:最終チェックのグリフ 'uni76D6' に交差がある
INFO:最終チェックのグリフ 'uni76DB' に交差がある
INFO:最終チェックのグリフ 'uni76DC' に交差がある
INFO:最終チェックのグリフ 'uni76DE' に交差がある
INFO:最終チェックのグリフ 'uni76DF' に交差がある
INFO:最終チェックのグリフ 'uni76E1' に交差がある
INFO:最終チェックのグリフ 'uni76E3' に交差がある
INFO:最終チェックのグリフ 'uni76E5' に交差がある
INFO:最終チェックのグリフ 'uni76E6' に交差がある
INFO:最終チェックのグリフ 'uni76E7' に交差がある
INFO:最終チェックのグリフ 'uni76EA' に交差がある
INFO:最終チェックのグリフ 'uni76FB' に交差がある
INFO:最終チェックのグリフ 'uni7707' に交差がある
INFO:最終チェックのグリフ 'uni770A' に交差がある
INFO:最終チェックのグリフ 'uni772D' に交差がある
INFO:最終チェックのグリフ 'uni775A' に交差がある
INFO:最終チェックのグリフ 'uni775C' に交差がある
INFO:最終チェックのグリフ 'uni7760' に交差がある
INFO:最終チェックのグリフ 'uni7761' に交差がある
INFO:最終チェックのグリフ 'uni7762' に交差がある
INFO:最終チェックのグリフ 'uni7766' に交差がある
INFO:最終チェックのグリフ 'uni7772' に交差がある
INFO:最終チェックのグリフ 'uni7779' の参照が不正
INFO:最終チェックのグリフ 'uni777D' に交差がある
INFO:最終チェックのグリフ 'uni779E' に交差がある
INFO:最終チェックのグリフ 'uni77AA' に交差がある
INFO:最終チェックのグリフ 'uni77B0' に交差がある
INFO:最終チェックのグリフ 'uni77BF' に交差がある
INFO:最終チェックのグリフ 'uni77D7' に交差がある
INFO:最終チェックのグリフ 'uni77EC' に交差がある
INFO:最終チェックのグリフ 'uni77ED' に交差がある
INFO:最終チェックのグリフ 'uni77EE' に交差がある
INFO:最終チェックのグリフ 'uni77EF' に交差がある
INFO:最終チェックのグリフ 'uni77FC' に交差がある
INFO:最終チェックのグリフ 'uni7805' に交差がある
INFO:最終チェックのグリフ 'uni7806' に交差がある
INFO:最終チェックのグリフ 'uni780D' に交差がある
INFO:最終チェックのグリフ 'uni7814' に交差がある
INFO:最終チェックのグリフ 'uni7819' に交差がある
INFO:最終チェックのグリフ 'uni7820' に交差がある
INFO:最終チェックのグリフ 'uni7821' に交差がある
INFO:最終チェックのグリフ 'uni782C' に交差がある
INFO:最終チェックのグリフ 'uni782D' に交差がある
INFO:最終チェックのグリフ 'uni7832' に交差がある
INFO:最終チェックのグリフ 'uni783A' に交差がある
INFO:最終チェックのグリフ 'uni7843' に交差がある
INFO:最終チェックのグリフ 'uni7845' に交差がある
INFO:最終チェックのグリフ 'uni7847' に交差がある
INFO:最終チェックのグリフ 'uni784E' に交差がある
INFO:最終チェックのグリフ 'uni784F' に交差がある
INFO:最終チェックのグリフ 'uni7851' に交差がある
INFO:最終チェックのグリフ 'uni7868' に交差がある
INFO:最終チェックのグリフ 'uni786A' に交差がある
INFO:最終チェックのグリフ 'uni786C' に交差がある
INFO:最終チェックのグリフ 'uni786F' に交差がある
INFO:最終チェックのグリフ 'uni787A' に交差がある
INFO:最終チェックのグリフ 'uni787C' に交差がある
INFO:最終チェックのグリフ 'uni7893' に交差がある
INFO:最終チェックのグリフ 'uni7894' に交差がある
INFO:最終チェックのグリフ 'uni7897' に交差がある
INFO:最終チェックのグリフ 'uni789D' に交差がある
INFO:最終チェックのグリフ 'uni789E' に交差がある
INFO:最終チェックのグリフ 'uni78A4' に交差がある
INFO:最終チェックのグリフ 'uni78A9' に交差がある
INFO:最終チェックのグリフ 'uni78B0' に交差がある
INFO:最終チェックのグリフ 'uni78B5' に交差がある
INFO:最終チェックのグリフ 'uni78BB' に交差がある
INFO:最終チェックのグリフ 'uni78C8' に交差がある
INFO:最終チェックのグリフ 'uni78CB' に交差がある
INFO:最終チェックのグリフ 'uni78CC' に交差がある
INFO:最終チェックのグリフ 'uni78CE' に交差がある
INFO:最終チェックのグリフ 'uni78D1' に交差がある
INFO:最終チェックのグリフ 'uni78D5' に交差がある
INFO:最終チェックのグリフ 'uni78E0' に交差がある
INFO:最終チェックのグリフ 'uni78E1' に交差がある
INFO:最終チェックのグリフ 'uni78E6' に交差がある
INFO:最終チェックのグリフ 'uni78F2' に交差がある
INFO:最終チェックのグリフ 'uni78F4' に交差がある
INFO:最終チェックのグリフ 'uni78F7' に交差がある
INFO:最終チェックのグリフ 'uni78F9' に交差がある
INFO:最終チェックのグリフ 'uni78FA' に交差がある
INFO:最終チェックのグリフ 'uni78FB' に交差がある
INFO:最終チェックのグリフ 'uni78FE' に交差がある
INFO:最終チェックのグリフ 'uni7907' に交差がある
INFO:最終チェックのグリフ 'uni7919' に交差がある
INFO:最終チェックのグリフ 'uni791B' に交差がある
INFO:最終チェックのグリフ 'uni7925' に交差がある
INFO:最終チェックのグリフ 'uni792B' の参照が不正
INFO:最終チェックのグリフ 'uni792C' に交差がある
INFO:最終チェックのグリフ 'uni792E' に交差がある
INFO:最終チェックのグリフ 'uni7930' に交差がある
INFO:最終チェックのグリフ 'uni7934' に交差がある
INFO:最終チェックのグリフ 'uni793E' に交差がある
INFO:最終チェックのグリフ 'uni7945' に交差がある
INFO:最終チェックのグリフ 'uni7946' に交差がある
INFO:最終チェックのグリフ 'uni7956' に交差がある
INFO:最終チェックのグリフ 'uni7957' に交差がある
INFO:最終チェックのグリフ 'uni7958' に交差がある
INFO:最終チェックのグリフ 'uni7979' に交差がある
INFO:最終チェックのグリフ 'uni797A' に交差がある
INFO:最終チェックのグリフ 'uni797F' に交差がある
INFO:最終チェックのグリフ 'uni7984' に交差がある
INFO:最終チェックのグリフ 'uni798F' に交差がある
INFO:最終チェックのグリフ 'uni799B' に交差がある
INFO:最終チェックのグリフ 'uni79AE' に交差がある
INFO:最終チェックのグリフ 'uni79B0' に交差がある
INFO:最終チェックのグリフ 'uni79B8' に交差がある
INFO:最終チェックのグリフ 'uni79BF' に交差がある
INFO:最終チェックのグリフ 'uni79C9' に交差がある
INFO:最終チェックのグリフ 'uni79CB' に交差がある
INFO:最終チェックのグリフ 'uni79CC' に交差がある
INFO:最終チェックのグリフ 'uni79DF' に交差がある
INFO:最終チェックのグリフ 'uni79EB' に交差がある
INFO:最終チェックのグリフ 'uni79EC' に交差がある
INFO:最終チェックのグリフ 'uni79ED' に交差がある
INFO:最終チェックのグリフ 'uni7A0B' に交差がある
INFO:最終チェックのグリフ 'uni7A11' に交差がある
INFO:最終チェックのグリフ 'uni7A19' に交差がある
INFO:最終チェックのグリフ 'uni7A1A' に交差がある
INFO:最終チェックのグリフ 'uni7A3E' に交差がある
INFO:最終チェックのグリフ 'uni7A3F' に交差がある
INFO:最終チェックのグリフ 'uni7A47' に交差がある
INFO:最終チェックのグリフ 'uni7A49' に交差がある
INFO:最終チェックのグリフ 'uni7A4C' に交差がある
INFO:最終チェックのグリフ 'uni7A5D' に交差がある
INFO:最終チェックのグリフ 'uni7A60' に交差がある
INFO:最終チェックのグリフ 'uni7A67' に交差がある
INFO:最終チェックのグリフ 'uni7A69' に交差がある
INFO:最終チェックのグリフ 'uni7A6D' に交差がある
INFO:最終チェックのグリフ 'uni7A8A' に交差がある
INFO:最終チェックのグリフ 'uni7A90' に交差がある
INFO:最終チェックのグリフ 'uni7AB3' に交差がある
INFO:最終チェックのグリフ 'uni7ABB' に交差がある
INFO:最終チェックのグリフ 'uni7ABF' に交差がある
INFO:最終チェックのグリフ 'uni7AC7' に交差がある
INFO:最終チェックのグリフ 'uni7ACA' に交差がある
INFO:最終チェックのグリフ 'uni7ACB' に交差がある
INFO:最終チェックのグリフ 'uni7AD1' に交差がある
INFO:最終チェックのグリフ 'uni7AD3' に交差がある
INFO:最終チェックのグリフ 'uni7AE0' に交差がある
INFO:最終チェックのグリフ 'uni7AE6' に交差がある
INFO:最終チェックのグリフ 'uni7AEF' に交差がある
INFO:最終チェックのグリフ 'uni7AFA' に交差がある
INFO:最終チェックのグリフ 'uni7B02' に交差がある
INFO:最終チェックのグリフ 'uni7B06' に交差がある
INFO:最終チェックのグリフ 'uni7B19' に交差がある
INFO:最終チェックのグリフ 'uni7B20' に交差がある
INFO:最終チェックのグリフ 'uni7B3D' に交差がある
INFO:最終チェックのグリフ 'uni7B4C' に交差がある
INFO:最終チェックのグリフ 'uni7B50' に交差がある
INFO:最終チェックのグリフ 'uni7B56' に交差がある
INFO:最終チェックのグリフ 'uni7B64' に交差がある
INFO:最終チェックのグリフ 'uni7B6E' に交差がある
INFO:最終チェックのグリフ 'uni7B75' に交差がある
INFO:最終チェックのグリフ 'uni7B86' に交差がある
INFO:最終チェックのグリフ 'uni7B8D' に交差がある
INFO:最終チェックのグリフ 'uni7B92' に交差がある
INFO:最終チェックのグリフ 'uni7B97' に交差がある
INFO:最終チェックのグリフ 'uni7B9C' に交差がある
INFO:最終チェックのグリフ 'uni7B9F' に交差がある
INFO:最終チェックのグリフ 'uni7BC4' に交差がある
INFO:最終チェックのグリフ 'uni7BCB' に交差がある
INFO:最終チェックのグリフ 'uni7BE4' に交差がある
INFO:最終チェックのグリフ 'uni7BE9' に交差がある
INFO:最終チェックのグリフ 'uni7C07' に交差がある
INFO:最終チェックのグリフ 'uni7C0B' に交差がある
INFO:最終チェックのグリフ 'uni7C13' に交差がある
INFO:最終チェックのグリフ 'uni7C1E' に交差がある
INFO:最終チェックのグリフ 'uni7C1F' に交差がある
INFO:最終チェックのグリフ 'uni7C20' に交差がある
INFO:最終チェックのグリフ 'uni7C21' に交差がある
INFO:最終チェックのグリフ 'uni7C37' に交差がある
INFO:最終チェックのグリフ 'uni7C3D' に交差がある
INFO:最終チェックのグリフ 'uni7C40' に交差がある
INFO:最終チェックのグリフ 'uni7C43' に交差がある
INFO:最終チェックのグリフ 'uni7C4A' に交差がある
INFO:最終チェックのグリフ 'uni7C4C' に交差がある
INFO:最終チェックのグリフ 'uni7C51' の参照が不正
INFO:最終チェックのグリフ 'uni7C54' に交差がある
INFO:最終チェックのグリフ 'uni7C56' に交差がある
INFO:最終チェックのグリフ 'uni7C5F' に交差がある
INFO:最終チェックのグリフ 'uni7C65' に交差がある
INFO:最終チェックのグリフ 'uni7C69' に交差がある
INFO:最終チェックのグリフ 'uni7C6C' に交差がある
INFO:最終チェックのグリフ 'uni7C6D' に交差がある
INFO:最終チェックのグリフ 'uni7C6E' に交差がある
INFO:最終チェックのグリフ 'uni7C8D' に交差がある
INFO:最終チェックのグリフ 'uni7C8F' に交差がある
INFO:最終チェックのグリフ 'uni7C92' に交差がある
INFO:最終チェックのグリフ 'uni7C94' に交差がある
INFO:最終チェックのグリフ 'uni7C97' に交差がある
INFO:最終チェックのグリフ 'uni7CA1' に交差がある
INFO:最終チェックのグリフ 'uni7CA4' に交差がある
INFO:最終チェックのグリフ 'uni7CA7' に交差がある
INFO:最終チェックのグリフ 'uni7CB6' に交差がある
INFO:最終チェックのグリフ 'uni7CCE' に交差がある
INFO:最終チェックのグリフ 'uni7CD6' に交差がある
INFO:最終チェックのグリフ 'uni7CD8' に交差がある
INFO:最終チェックのグリフ 'uni7CE2' に交差がある
INFO:最終チェックのグリフ 'uni7CE6' に交差がある
INFO:最終チェックのグリフ 'uni7CEB' に交差がある
INFO:最終チェックのグリフ 'uni7CF2' に交差がある
INFO:最終チェックのグリフ 'uni7CF4' に交差がある
INFO:最終チェックのグリフ 'uni7D00' に交差がある
INFO:最終チェックのグリフ 'uni7D05' に交差がある
INFO:最終チェックのグリフ 'uni7D07' に交差がある
INFO:最終チェックのグリフ 'uni7D10' に交差がある
INFO:最終チェックのグリフ 'uni7D1D' に交差がある
INFO:最終チェックのグリフ 'uni7D2F' に交差がある
INFO:最終チェックのグリフ 'uni7D41' に交差がある
INFO:最終チェックのグリフ 'uni7D44' に交差がある
INFO:最終チェックのグリフ 'uni7D45' に交差がある
INFO:最終チェックのグリフ 'uni7D47' に交差がある
INFO:最終チェックのグリフ 'uni7D4C' に交差がある
INFO:最終チェックのグリフ 'uni7D4F' の参照が不正
INFO:最終チェックのグリフ 'uni7D53' に交差がある
INFO:最終チェックのグリフ 'uni7D59' に交差がある
INFO:最終チェックのグリフ 'uni7D70' に交差がある
INFO:最終チェックのグリフ 'uni7D7F' に交差がある
INFO:最終チェックのグリフ 'uni7D86' に交差がある
INFO:最終チェックのグリフ 'uni7D8B' に交差がある
INFO:最終チェックのグリフ 'uni7D93' に交差がある
INFO:最終チェックのグリフ 'uni7D9B' に交差がある
INFO:最終チェックのグリフ 'uni7D9C' に交差がある
INFO:最終チェックのグリフ 'uni7D9D' に交差がある
INFO:最終チェックのグリフ 'uni7DA0' に交差がある
INFO:最終チェックのグリフ 'uni7DB8' に交差がある
INFO:最終チェックのグリフ 'uni7DBE' に交差がある
INFO:最終チェックのグリフ 'uni7DBF' に交差がある
INFO:最終チェックのグリフ 'uni7DC0' に交差がある
INFO:最終チェックのグリフ 'uni7DD9' に交差がある
INFO:最終チェックのグリフ 'uni7DDC' に交差がある
INFO:最終チェックのグリフ 'uni7DDD' に交差がある
INFO:最終チェックのグリフ 'uni7DE3' に交差がある
INFO:最終チェックのグリフ 'uni7DF2' に交差がある
INFO:最終チェックのグリフ 'uni7DFB' に交差がある
INFO:最終チェックのグリフ 'uni7E01' に交差がある
INFO:最終チェックのグリフ 'uni7E10' に交差がある
INFO:最終チェックのグリフ 'uni7E12' に交差がある
INFO:最終チェックのグリフ 'uni7E15' に交差がある
INFO:最終チェックのグリフ 'uni7E1D' に交差がある
INFO:最終チェックのグリフ 'uni7E2C' に交差がある
INFO:最終チェックのグリフ 'uni7E4A' に交差がある
INFO:最終チェックのグリフ 'uni7E4D' に交差がある
INFO:最終チェックのグリフ 'uni7E54' に交差がある
INFO:最終チェックのグリフ 'uni7E5D' に交差がある
INFO:最終チェックのグリフ 'uni7E69' に交差がある
INFO:最終チェックのグリフ 'uni7E70' に交差がある
INFO:最終チェックのグリフ 'uni7E75' に交差がある
INFO:最終チェックのグリフ 'uni7E7B' に交差がある
INFO:最終チェックのグリフ 'uni7E7C' に交差がある
INFO:最終チェックのグリフ 'uni7E7F' に交差がある
INFO:最終チェックのグリフ 'uni7E8F' に交差がある
INFO:最終チェックのグリフ 'uni7E91' に交差がある
INFO:最終チェックのグリフ 'uni7E92' に交差がある
INFO:最終チェックのグリフ 'uni7E96' に交差がある
INFO:最終チェックのグリフ 'uni7E9A' に交差がある
INFO:最終チェックのグリフ 'uni7E9B' に交差がある
INFO:最終チェックのグリフ 'uni7F3A' に交差がある
INFO:最終チェックのグリフ 'uni7F3B' に交差がある
INFO:最終チェックのグリフ 'uni7F3C' に交差がある
INFO:最終チェックのグリフ 'uni7F4E' に交差がある
INFO:最終チェックのグリフ 'uni7F4F' に交差がある
INFO:最終チェックのグリフ 'uni7F50' に交差がある
INFO:最終チェックのグリフ 'uni7F60' に交差がある
INFO:最終チェックのグリフ 'uni7F61' に交差がある
INFO:最終チェックのグリフ 'uni7F6E' に交差がある
INFO:最終チェックのグリフ 'uni7F77' に交差がある
INFO:最終チェックのグリフ 'uni7F79' に交差がある
INFO:最終チェックのグリフ 'uni7F85' に交差がある
INFO:最終チェックのグリフ 'uni7F8E' に交差がある
INFO:最終チェックのグリフ 'uni7F9D' に交差がある
INFO:最終チェックのグリフ 'uni7F9E' に交差がある
INFO:最終チェックのグリフ 'uni7FA3' に交差がある
INFO:最終チェックのグリフ 'uni7FA9' に交差がある
INFO:最終チェックのグリフ 'uni7FAD' に交差がある
INFO:最終チェックのグリフ 'uni7FB6' に交差がある
INFO:最終チェックのグリフ 'uni7FB9' に交差がある
INFO:最終チェックのグリフ 'uni7FC5' に交差がある
INFO:最終チェックのグリフ 'uni7FCA' に交差がある
INFO:最終チェックのグリフ 'uni7FCC' に交差がある
INFO:最終チェックのグリフ 'uni7FCF' に交差がある
INFO:最終チェックのグリフ 'uni7FD4' に交差がある
INFO:最終チェックのグリフ 'uni7FDF' に交差がある
INFO:最終チェックのグリフ 'uni7FE0' に交差がある
INFO:最終チェックのグリフ 'uni7FE3' に交差がある
INFO:最終チェックのグリフ 'uni7FE9' に交差がある
INFO:最終チェックのグリフ 'uni7FEE' に交差がある
INFO:最終チェックのグリフ 'uni7FF2' に交差がある
INFO:最終チェックのグリフ 'uni8004' に交差がある
INFO:最終チェックのグリフ 'uni8012' に交差がある
INFO:最終チェックのグリフ 'uni8017' に交差がある
INFO:最終チェックのグリフ 'uni803B' に交差がある
INFO:最終チェックのグリフ 'uni803F' に交差がある
INFO:最終チェックのグリフ 'uni8046' に交差がある
INFO:最終チェックのグリフ 'uni804A' に交差がある
INFO:最終チェックのグリフ 'uni8052' に交差がある
INFO:最終チェックのグリフ 'uni8058' に交差がある
INFO:最終チェックのグリフ 'uni806F' に交差がある
INFO:最終チェックのグリフ 'uni8076' に交差がある
INFO:最終チェックのグリフ 'uni8077' に交差がある
INFO:最終チェックのグリフ 'uni807B' に交差がある
INFO:最終チェックのグリフ 'uni8084' に交差がある
INFO:最終チェックのグリフ 'uni8086' に交差がある
INFO:最終チェックのグリフ 'uni809A' に交差がある
INFO:最終チェックのグリフ 'uni809B' に交差がある
INFO:最終チェックのグリフ 'uni80BA' に交差がある
INFO:最終チェックのグリフ 'uni80C6' に交差がある
INFO:最終チェックのグリフ 'uni80D7' に交差がある
INFO:最終チェックのグリフ 'uni80DA' に交差がある
INFO:最終チェックのグリフ 'uni80DD' に交差がある
INFO:最終チェックのグリフ 'uni80F5' に交差がある
INFO:最終チェックのグリフ 'uni80FB' に交差がある
INFO:最終チェックのグリフ 'uni80FD' に交差がある
INFO:最終チェックのグリフ 'uni8106' に交差がある
INFO:最終チェックのグリフ 'uni8108' に交差がある
INFO:最終チェックのグリフ 'uni8109' に交差がある
INFO:最終チェックのグリフ 'uni8116' に交差がある
INFO:最終チェックのグリフ 'uni811A' に交差がある
INFO:最終チェックのグリフ 'uni811E' に交差がある
INFO:最終チェックのグリフ 'uni813D' に交差がある
INFO:最終チェックのグリフ 'uni8154' に交差がある
INFO:最終チェックのグリフ 'uni815F' に交差がある
INFO:最終チェックのグリフ 'uni8160' に交差がある
INFO:最終チェックのグリフ 'uni8167' に交差がある
INFO:最終チェックのグリフ 'uni819D' に交差がある
INFO:最終チェックのグリフ 'uni81A3' に交差がある
INFO:最終チェックのグリフ 'uni81A4' に交差がある
INFO:最終チェックのグリフ 'uni81BB' に交差がある
INFO:最終チェックのグリフ 'uni81C3' に交差がある
INFO:最終チェックのグリフ 'uni81C8' に交差がある
INFO:最終チェックのグリフ 'uni81C9' に交差がある
INFO:最終チェックのグリフ 'uni81CD' に交差がある
INFO:最終チェックのグリフ 'uni81D3' に交差がある
INFO:最終チェックのグリフ 'uni81DA' に交差がある
INFO:最終チェックのグリフ 'uni81DF' に交差がある
INFO:最終チェックのグリフ 'uni81E4' に交差がある
INFO:最終チェックのグリフ 'uni81E5' に交差がある
INFO:最終チェックのグリフ 'uni8221' に交差がある
INFO:最終チェックのグリフ 'uni8229' に交差がある
INFO:最終チェックのグリフ 'uni822C' に交差がある
INFO:最終チェックのグリフ 'uni8245' に交差がある
INFO:最終チェックのグリフ 'uni8257' に交差がある
INFO:最終チェックのグリフ 'uni8260' に交差がある
INFO:最終チェックのグリフ 'uni8266' に交差がある
INFO:最終チェックのグリフ 'uni8268' に交差がある
INFO:最終チェックのグリフ 'uni826B' に交差がある
INFO:最終チェックのグリフ 'uni8272' に交差がある
INFO:最終チェックのグリフ 'uni8274' に交差がある
INFO:最終チェックのグリフ 'uni82B7' に交差がある
INFO:最終チェックのグリフ 'uni82E2' に交差がある
INFO:最終チェックのグリフ 'uni82F4' に交差がある
INFO:最終チェックのグリフ 'uni8305' に交差がある
INFO:最終チェックのグリフ 'uni831D' に交差がある
INFO:最終チェックのグリフ 'uni8330' に交差がある
INFO:最終チェックのグリフ 'uni8334' に交差がある
INFO:最終チェックのグリフ 'uni8338' に交差がある
INFO:最終チェックのグリフ 'uni8343' に交差がある
INFO:最終チェックのグリフ 'uni834F' に交差がある
INFO:最終チェックのグリフ 'uni8351' に交差がある
INFO:最終チェックのグリフ 'uni8358' に交差がある
INFO:最終チェックのグリフ 'uni8385' に交差がある
INFO:最終チェックのグリフ 'uni8387' に交差がある
INFO:最終チェックのグリフ 'uni838A' に交差がある
INFO:最終チェックのグリフ 'uni8394' に交差がある
INFO:最終チェックのグリフ 'uni8396' に交差がある
INFO:最終チェックのグリフ 'uni83AB' に交差がある
INFO:最終チェックのグリフ 'uni83C0' に交差がある
INFO:最終チェックのグリフ 'uni83CC' に交差がある
INFO:最終チェックのグリフ 'uni83D4' に交差がある
INFO:最終チェックのグリフ 'uni83EB' に交差がある
INFO:最終チェックのグリフ 'uni83F9' に交差がある
INFO:最終チェックのグリフ 'uni8404' に交差がある
INFO:最終チェックのグリフ 'uni842C' に交差がある
INFO:最終チェックのグリフ 'uni843C' に交差がある
INFO:最終チェックのグリフ 'uni8452' に交差がある
INFO:最終チェックのグリフ 'uni845A' に交差がある
INFO:最終チェックのグリフ 'uni8462' に交差がある
INFO:最終チェックのグリフ 'uni8466' に交差がある
INFO:最終チェックのグリフ 'uni846E' に交差がある
INFO:最終チェックのグリフ 'uni8471' に交差がある
INFO:最終チェックのグリフ 'uni8478' に交差がある
INFO:最終チェックのグリフ 'uni849C' に交差がある
INFO:最終チェックのグリフ 'uni849E' に交差がある
INFO:最終チェックのグリフ 'uni84CB' に交差がある
INFO:最終チェックのグリフ 'uni84CF' に交差がある
INFO:最終チェックのグリフ 'uni84D9' に交差がある
INFO:最終チェックのグリフ 'uni84DA' に交差がある
INFO:最終チェックのグリフ 'uni84F4' に交差がある
INFO:最終チェックのグリフ 'uni850C' に交差がある
INFO:最終チェックのグリフ 'uni8514' に交差がある
INFO:最終チェックのグリフ 'uni8515' に交差がある
INFO:最終チェックのグリフ 'uni8523' に交差がある
INFO:最終チェックのグリフ 'uni8525' に交差がある
INFO:最終チェックのグリフ 'uni8534' に交差がある
INFO:最終チェックのグリフ 'uni8548' に交差がある
INFO:最終チェックのグリフ 'uni854B' に交差がある
INFO:最終チェックのグリフ 'uni855A' に交差がある
INFO:最終チェックのグリフ 'uni856F' に交差がある
INFO:最終チェックのグリフ 'uni8580' に交差がある
INFO:最終チェックのグリフ 'uni8587' に交差がある
INFO:最終チェックのグリフ 'uni8599' に交差がある
INFO:最終チェックのグリフ 'uni859C' に交差がある
INFO:最終チェックのグリフ 'uni85A4' に交差がある
INFO:最終チェックのグリフ 'uni85CB' に交差がある
INFO:最終チェックのグリフ 'uni85CD' に交差がある
INFO:最終チェックのグリフ 'uni85CE' に交差がある
INFO:最終チェックのグリフ 'uni85DD' に交差がある
INFO:最終チェックのグリフ 'uni85F6' に交差がある
INFO:最終チェックのグリフ 'uni85FB' に交差がある
INFO:最終チェックのグリフ 'uni8600' に交差がある
INFO:最終チェックのグリフ 'uni8606' に交差がある
INFO:最終チェックのグリフ 'uni860A' に交差がある
INFO:最終チェックのグリフ 'uni8612' に交差がある
INFO:最終チェックのグリフ 'uni8613' に交差がある
INFO:最終チェックのグリフ 'uni8621' に交差がある
INFO:最終チェックのグリフ 'uni8627' に交差がある
INFO:最終チェックのグリフ 'uni862D' に交差がある
INFO:最終チェックのグリフ 'uni862F' に交差がある
INFO:最終チェックのグリフ 'uni863F' に交差がある
INFO:最終チェックのグリフ 'uni864D' に交差がある
INFO:最終チェックのグリフ 'uni864E' に交差がある
INFO:最終チェックのグリフ 'uni8653' に交差がある
INFO:最終チェックのグリフ 'uni865C' に交差がある
INFO:最終チェックのグリフ 'uni865F' に交差がある
INFO:最終チェックのグリフ 'uni8675' に交差がある
INFO:最終チェックのグリフ 'uni8679' に交差がある
INFO:最終チェックのグリフ 'uni8687' に交差がある
INFO:最終チェックのグリフ 'uni8689' に交差がある
INFO:最終チェックのグリフ 'uni868B' に交差がある
INFO:最終チェックのグリフ 'uni869D' に交差がある
INFO:最終チェックのグリフ 'uni86AB' に交差がある
INFO:最終チェックのグリフ 'uni86AF' に交差がある
INFO:最終チェックのグリフ 'uni86B3' に交差がある
INFO:最終チェックのグリフ 'uni86C6' に交差がある
INFO:最終チェックのグリフ 'uni86CE' に交差がある
INFO:最終チェックのグリフ 'uni86D9' に交差がある
INFO:最終チェックのグリフ 'uni86DB' に交差がある
INFO:最終チェックのグリフ 'uni86ED' に交差がある
INFO:最終チェックのグリフ 'uni86EF' に交差がある
INFO:最終チェックのグリフ 'uni86FE' に交差がある
INFO:最終チェックのグリフ 'uni8707' に交差がある
INFO:最終チェックのグリフ 'uni8710' に交差がある
INFO:最終チェックのグリフ 'uni8719' に交差がある
INFO:最終チェックのグリフ 'uni871F' に交差がある
INFO:最終チェックのグリフ 'uni8731' に交差がある
INFO:最終チェックのグリフ 'uni874E' に交差がある
INFO:最終チェックのグリフ 'uni8757' に交差がある
INFO:最終チェックのグリフ 'uni8758' に交差がある
INFO:最終チェックのグリフ 'uni8763' に交差がある
INFO:最終チェックのグリフ 'uni8766' に交差がある
INFO:最終チェックのグリフ 'uni8774' に交差がある
INFO:最終チェックのグリフ 'uni877F' に交差がある
INFO:最終チェックのグリフ 'uni878D' に交差がある
INFO:最終チェックのグリフ 'uni879F' に交差がある
INFO:最終チェックのグリフ 'uni87A0' に交差がある
INFO:最終チェックのグリフ 'uni87A2' に交差がある
INFO:最終チェックのグリフ 'uni87C7' に交差がある
INFO:最終チェックのグリフ 'uni87CB' に交差がある
INFO:最終チェックのグリフ 'uni87CE' に交差がある
INFO:最終チェックのグリフ 'uni87ED' に交差がある
INFO:最終チェックのグリフ 'uni87F2' に交差がある
INFO:最終チェックのグリフ 'uni87F6' に交差がある
INFO:最終チェックのグリフ 'uni8801' に交差がある
INFO:最終チェックのグリフ 'uni8805' に交差がある
INFO:最終チェックのグリフ 'uni8806' に交差がある
INFO:最終チェックのグリフ 'uni8807' に交差がある
INFO:最終チェックのグリフ 'uni880A' に交差がある
INFO:最終チェックのグリフ 'uni880D' に交差がある
INFO:最終チェックのグリフ 'uni880F' に交差がある
INFO:最終チェックのグリフ 'uni8816' の参照が不正
INFO:最終チェックのグリフ 'uni8821' に交差がある
INFO:最終チェックのグリフ 'uni8822' に交差がある
INFO:最終チェックのグリフ 'uni8823' に交差がある
INFO:最終チェックのグリフ 'uni882E' に交差がある
INFO:最終チェックのグリフ 'uni8831' に交差がある
INFO:最終チェックのグリフ 'uni8839' に交差がある
INFO:最終チェックのグリフ 'uni8840' に交差がある
INFO:最終チェックのグリフ 'uni8844' に交差がある
INFO:最終チェックのグリフ 'uni884D' に交差がある
INFO:最終チェックのグリフ 'uni8858' に交差がある
INFO:最終チェックのグリフ 'uni885F' に交差がある
INFO:最終チェックのグリフ 'uni8862' に交差がある
INFO:最終チェックのグリフ 'uni887D' に交差がある
INFO:最終チェックのグリフ 'uni8881' に交差がある
INFO:最終チェックのグリフ 'uni8892' に交差がある
INFO:最終チェックのグリフ 'uni8898' に交差がある
INFO:最終チェックのグリフ 'uni88B1' に交差がある
INFO:最終チェックのグリフ 'uni88B5' に交差がある
INFO:最終チェックのグリフ 'uni88BF' に交差がある
INFO:最終チェックのグリフ 'uni88D3' に交差がある
INFO:最終チェックのグリフ 'uni88DB' に交差がある
INFO:最終チェックのグリフ 'uni88DD' に交差がある
INFO:最終チェックのグリフ 'uni88E1' に交差がある
INFO:最終チェックのグリフ 'uni88F2' に交差がある
INFO:最終チェックのグリフ 'uni891E' に交差がある
INFO:最終チェックのグリフ 'uni892B' に交差がある
INFO:最終チェックのグリフ 'uni8939' に交差がある
INFO:最終チェックのグリフ 'uni8949' に交差がある
INFO:最終チェックのグリフ 'uni8962' に交差がある
INFO:最終チェックのグリフ 'uni8964' に交差がある
INFO:最終チェックのグリフ 'uni896D' に交差がある
INFO:最終チェックのグリフ 'uni896F' に交差がある
INFO:最終チェックのグリフ 'uni8988' に交差がある
INFO:最終チェックのグリフ 'uni8989' に交差がある
INFO:最終チェックのグリフ 'uni8990' に交差がある
INFO:最終チェックのグリフ 'uni899F' に交差がある
INFO:最終チェックのグリフ 'uni89B2' に交差がある
INFO:最終チェックのグリフ 'uni89BA' に交差がある
INFO:最終チェックのグリフ 'uni89C0' に交差がある
INFO:最終チェックのグリフ 'uni89DD' に交差がある
INFO:最終チェックのグリフ 'uni89EB' に交差がある
INFO:最終チェックのグリフ 'uni89F1' に交差がある
INFO:最終チェックのグリフ 'uni89F8' に交差がある
INFO:最終チェックのグリフ 'uni89FD' に交差がある
INFO:最終チェックのグリフ 'uni89FF' に交差がある
INFO:最終チェックのグリフ 'uni8A0C' に交差がある
INFO:最終チェックのグリフ 'uni8A12' に交差がある
INFO:最終チェックのグリフ 'uni8A21' に交差がある
INFO:最終チェックのグリフ 'uni8A22' に交差がある
INFO:最終チェックのグリフ 'uni8A33' に交差がある
INFO:最終チェックのグリフ 'uni8A3B' に交差がある
INFO:最終チェックのグリフ 'uni8A48' に交差がある
INFO:最終チェックのグリフ 'uni8A4E' に交差がある
INFO:最終チェックのグリフ 'uni8A5B' に交差がある
INFO:最終チェックのグリフ 'uni8A61' に交差がある
INFO:最終チェックのグリフ 'uni8A62' に交差がある
INFO:最終チェックのグリフ 'uni8A6E' に交差がある
INFO:最終チェックのグリフ 'uni8A85' に交差がある
INFO:最終チェックのグリフ 'uni8A91' に交差がある
INFO:最終チェックのグリフ 'uni8A95' に交差がある
INFO:最終チェックのグリフ 'uni8AA1' に交差がある
INFO:最終チェックのグリフ 'uni8AA3' に交差がある
INFO:最終チェックのグリフ 'uni8AB0' に交差がある
INFO:最終チェックのグリフ 'uni8AB2' に交差がある
INFO:最終チェックのグリフ 'uni8AB7' に交差がある
INFO:最終チェックのグリフ 'uni8ABC' に交差がある
INFO:最終チェックのグリフ 'uni8ABF' に交差がある
INFO:最終チェックのグリフ 'uni8ACC' に交差がある
INFO:最終チェックのグリフ 'uni8ACF' に交差がある
INFO:最終チェックのグリフ 'uni8AD2' に交差がある
INFO:最終チェックのグリフ 'uni8AE0' に交差がある
INFO:最終チェックのグリフ 'uni8AE1' に交差がある
INFO:最終チェックのグリフ 'uni8AE6' に交差がある
INFO:最終チェックのグリフ 'uni8AEB' に交差がある
INFO:最終チェックのグリフ 'uni8AED' に交差がある
INFO:最終チェックのグリフ 'uni8AF6' に交差がある
INFO:最終チェックのグリフ 'uni8AF7' に交差がある
INFO:最終チェックのグリフ 'uni8AFC' に交差がある
INFO:最終チェックのグリフ 'uni8B04' に交差がある
INFO:最終チェックのグリフ 'uni8B0C' に交差がある
INFO:最終チェックのグリフ 'uni8B0E' に交差がある
INFO:最終チェックのグリフ 'uni8B10' に交差がある
INFO:最終チェックのグリフ 'uni8B14' に交差がある
INFO:最終チェックのグリフ 'uni8B1A' に交差がある
INFO:最終チェックのグリフ 'uni8B1C' に交差がある
INFO:最終チェックのグリフ 'uni8B1D' に交差がある
INFO:最終チェックのグリフ 'uni8B26' に交差がある
INFO:最終チェックのグリフ 'uni8B39' に交差がある
INFO:最終チェックのグリフ 'uni8B41' に交差がある
INFO:最終チェックのグリフ 'uni8B46' の参照が不正
INFO:最終チェックのグリフ 'uni8B49' に交差がある
INFO:最終チェックのグリフ 'uni8B4C' に交差がある
INFO:最終チェックのグリフ 'uni8B51' に交差がある
INFO:最終チェックのグリフ 'uni8B54' に交差がある
INFO:最終チェックのグリフ 'uni8B58' に交差がある
INFO:最終チェックのグリフ 'uni8B59' に交差がある
INFO:最終チェックのグリフ 'uni8B74' に交差がある
INFO:最終チェックのグリフ 'uni8B92' に交差がある
INFO:最終チェックのグリフ 'uni8B95' に交差がある
INFO:最終チェックのグリフ 'uni8B96' に交差がある
INFO:最終チェックのグリフ 'uni8B99' に交差がある
INFO:最終チェックのグリフ 'uni8B9C' に交差がある
INFO:最終チェックのグリフ 'uni8B9D' に交差がある
INFO:最終チェックのグリフ 'uni8B9E' に交差がある
INFO:最終チェックのグリフ 'uni8C46' に交差がある
INFO:最終チェックのグリフ 'uni8C48' に交差がある
INFO:最終チェックのグリフ 'uni8C54' に交差がある
INFO:最終チェックのグリフ 'uni8C5A' に交差がある
INFO:最終チェックのグリフ 'uni8C62' に交差がある
INFO:最終チェックのグリフ 'uni8C69' に交差がある
INFO:最終チェックのグリフ 'uni8C73' に交差がある
INFO:最終チェックのグリフ 'uni8C7A' に交差がある
INFO:最終チェックのグリフ 'uni8C85' に交差がある
INFO:最終チェックのグリフ 'uni8C8D' に交差がある
INFO:最終チェックのグリフ 'uni8CC3' に交差がある
INFO:最終チェックのグリフ 'uni8CCD' に交差がある
INFO:最終チェックのグリフ 'uni8CD1' に交差がある
INFO:最終チェックのグリフ 'uni8CD5' に交差がある
INFO:最終チェックのグリフ 'uni8CD6' に交差がある
INFO:最終チェックのグリフ 'uni8CDE' に交差がある
INFO:最終チェックのグリフ 'uni8CE2' に交差がある
INFO:最終チェックのグリフ 'uni8CFA' に交差がある
INFO:最終チェックのグリフ 'uni8CFC' に交差がある
INFO:最終チェックのグリフ 'uni8D08' に交差がある
INFO:最終チェックのグリフ 'uni8D0E' に交差がある
INFO:最終チェックのグリフ 'uni8D10' に交差がある
INFO:最終チェックのグリフ 'uni8D6B' に交差がある
INFO:最終チェックのグリフ 'uni8D6C' に交差がある
INFO:最終チェックのグリフ 'uni8DA3' に交差がある
INFO:最終チェックのグリフ 'uni8DBE' に交差がある
INFO:最終チェックのグリフ 'uni8DD9' に交差がある
INFO:最終チェックのグリフ 'uni8DDD' に交差がある
INFO:最終チェックのグリフ 'uni8DEA' に交差がある
INFO:最終チェックのグリフ 'uni8DEC' に交差がある
INFO:最終チェックのグリフ 'uni8E27' に交差がある
INFO:最終チェックのグリフ 'uni8E30' に交差がある
INFO:最終チェックのグリフ 'uni8E35' に交差がある
INFO:最終チェックのグリフ 'uni8E44' に交差がある
INFO:最終チェックのグリフ 'uni8E48' に交差がある
INFO:最終チェックのグリフ 'uni8E4C' に交差がある
INFO:最終チェックのグリフ 'uni8E55' に交差がある
INFO:最終チェックのグリフ 'uni8E63' に交差がある
INFO:最終チェックのグリフ 'uni8E64' に交差がある
INFO:最終チェックのグリフ 'uni8E6C' に交差がある
INFO:最終チェックのグリフ 'uni8E6F' に交差がある
INFO:最終チェックのグリフ 'uni8E74' に交差がある
INFO:最終チェックのグリフ 'uni8E76' に交差がある
INFO:最終チェックのグリフ 'uni8E7B' に交差がある
INFO:最終チェックのグリフ 'uni8E81' に交差がある
INFO:最終チェックのグリフ 'uni8E8D' に交差がある
INFO:最終チェックのグリフ 'uni8E94' に交差がある
INFO:最終チェックのグリフ 'uni8E99' に交差がある
INFO:最終チェックのグリフ 'uni8EAA' に交差がある
INFO:最終チェックのグリフ 'uni8EAF' に交差がある
INFO:最終チェックのグリフ 'uni8EB0' に交差がある
INFO:最終チェックのグリフ 'uni8EB5' に交差がある
INFO:最終チェックのグリフ 'uni8EBB' に交差がある
INFO:最終チェックのグリフ 'uni8EC6' に交差がある
INFO:最終チェックのグリフ 'uni8ECC' に交差がある
INFO:最終チェックのグリフ 'uni8ED1' に交差がある
INFO:最終チェックのグリフ 'uni8EDF' に交差がある
INFO:最終チェックのグリフ 'uni8EFD' に交差がある
INFO:最終チェックのグリフ 'uni8F05' に交差がある
INFO:最終チェックのグリフ 'uni8F0A' に交差がある
INFO:最終チェックのグリフ 'uni8F15' に交差がある
INFO:最終チェックのグリフ 'uni8F19' に交差がある
INFO:最終チェックのグリフ 'uni8F1B' に交差がある
INFO:最終チェックのグリフ 'uni8F29' に交差がある
INFO:最終チェックのグリフ 'uni8F2A' に交差がある
INFO:最終チェックのグリフ 'uni8F40' に交差がある
INFO:最終チェックのグリフ 'uni8F42' に交差がある
INFO:最終チェックのグリフ 'uni8F46' に交差がある
INFO:最終チェックのグリフ 'uni8F4D' に交差がある
INFO:最終チェックのグリフ 'uni8F4E' に交差がある
INFO:最終チェックのグリフ 'uni8F63' に交差がある
INFO:最終チェックのグリフ 'uni8F64' に交差がある
INFO:最終チェックのグリフ 'uni8FA3' に交差がある
INFO:最終チェックのグリフ 'uni8FB4' に交差がある
INFO:最終チェックのグリフ 'uni8FBA' に交差がある
INFO:最終チェックのグリフ 'uni8FF4' に交差がある
INFO:最終チェックのグリフ 'uni8FFD' に交差がある
INFO:最終チェックのグリフ 'uni9008' に交差がある
INFO:最終チェックのグリフ 'uni900F' に交差がある
INFO:最終チェックのグリフ 'uni9016' に交差がある
INFO:最終チェックのグリフ 'uni9017' に交差がある
INFO:最終チェックのグリフ 'uni902E' に交差がある
INFO:最終チェックのグリフ 'uni9031' に交差がある
INFO:最終チェックのグリフ 'uni9036' に交差がある
INFO:最終チェックのグリフ 'uni9044' に交差がある
INFO:最終チェックのグリフ 'uni904A' に交差がある
INFO:最終チェックのグリフ 'uni904E' に交差がある
INFO:最終チェックのグリフ 'uni9056' に交差がある
INFO:最終チェックのグリフ 'uni9061' に交差がある
INFO:最終チェックのグリフ 'uni9078' に交差がある
INFO:最終チェックのグリフ 'uni907F' に交差がある
INFO:最終チェックのグリフ 'uni9082' に交差がある
INFO:最終チェックのグリフ 'uni9085' に交差がある
INFO:最終チェックのグリフ 'uni9087' に交差がある
INFO:最終チェックのグリフ 'uni9095' に交差がある
INFO:最終チェックのグリフ 'uni90B3' に交差がある
INFO:最終チェックのグリフ 'uni90B8' に交差がある
INFO:最終チェックのグリフ 'uni90C8' に交差がある
INFO:最終チェックのグリフ 'uni90F4' に交差がある
INFO:最終チェックのグリフ 'uni90F7' に交差がある
INFO:最終チェックのグリフ 'uni9139' に交差がある
INFO:最終チェックのグリフ 'uni9154' に交差がある
INFO:最終チェックのグリフ 'uni9161' に交差がある
INFO:最終チェックのグリフ 'uni9165' に交差がある
INFO:最終チェックのグリフ 'uni9172' に交差がある
INFO:最終チェックのグリフ 'uni9182' に交差がある
INFO:最終チェックのグリフ 'uni9187' に交差がある
INFO:最終チェックのグリフ 'uni9190' に交差がある
INFO:最終チェックのグリフ 'uni9192' に交差がある
INFO:最終チェックのグリフ 'uni919E' に交差がある
INFO:最終チェックのグリフ 'uni91A2' に交差がある
INFO:最終チェックのグリフ 'uni91AA' の参照が不正
INFO:最終チェックのグリフ 'uni91AE' に交差がある
INFO:最終チェックのグリフ 'uni91AF' に交差がある
INFO:最終チェックのグリフ 'uni91B4' に交差がある
INFO:最終チェックのグリフ 'uni91B6' に交差がある
INFO:最終チェックのグリフ 'uni91B8' に交差がある
INFO:最終チェックのグリフ 'uni91BC' に交差がある
INFO:最終チェックのグリフ 'uni91C3' に交差がある
INFO:最終チェックのグリフ 'uni91C8' に交差がある
INFO:最終チェックのグリフ 'uni91CC' に交差がある
INFO:最終チェックのグリフ 'uni91D1' に交差がある
INFO:最終チェックのグリフ 'uni91D8' に交差がある
INFO:最終チェックのグリフ 'uni91DA' に交差がある
INFO:最終チェックのグリフ 'uni91DE' に交差がある
INFO:最終チェックのグリフ 'uni91DF' に交差がある
INFO:最終チェックのグリフ 'uni91ED' に交差がある
INFO:最終チェックのグリフ 'uni91F1' に交差がある
INFO:最終チェックのグリフ 'uni9207' に交差がある
INFO:最終チェックのグリフ 'uni920D' に交差がある
INFO:最終チェックのグリフ 'uni9215' に交差がある
INFO:最終チェックのグリフ 'uni922C' に交差がある
INFO:最終チェックのグリフ 'uni9238' に交差がある
INFO:最終チェックのグリフ 'uni923A' に交差がある
INFO:最終チェックのグリフ 'uni9245' に交差がある
INFO:最終チェックのグリフ 'uni9247' に交差がある
INFO:最終チェックのグリフ 'uni9249' に交差がある
INFO:最終チェックのグリフ 'uni924E' に交差がある
INFO:最終チェックのグリフ 'uni924F' に交差がある
INFO:最終チェックのグリフ 'uni9262' に交差がある
INFO:最終チェックのグリフ 'uni9277' に交差がある
INFO:最終チェックのグリフ 'uni9288' に交差がある
INFO:最終チェックのグリフ 'uni9289' に交差がある
INFO:最終チェックのグリフ 'uni9296' に交差がある
INFO:最終チェックのグリフ 'uni92AB' に交差がある
INFO:最終チェックのグリフ 'uni92AD' に交差がある
INFO:最終チェックのグリフ 'uni92C0' に交差がある
INFO:最終チェックのグリフ 'uni92D0' に交差がある
INFO:最終チェックのグリフ 'uni92D9' に交差がある
INFO:最終チェックのグリフ 'uni92E0' に交差がある
INFO:最終チェックのグリフ 'uni92E5' に交差がある
INFO:最終チェックのグリフ 'uni92EA' に交差がある
INFO:最終チェックのグリフ 'uni92F3' に交差がある
INFO:最終チェックのグリフ 'uni9304' に交差がある
INFO:最終チェックのグリフ 'uni930F' に交差がある
INFO:最終チェックのグリフ 'uni9310' に交差がある
INFO:最終チェックのグリフ 'uni9318' に交差がある
INFO:最終チェックのグリフ 'uni9319' に交差がある
INFO:最終チェックのグリフ 'uni9322' に交差がある
INFO:最終チェックのグリフ 'uni9326' に交差がある
INFO:最終チェックのグリフ 'uni9332' に交差がある
INFO:最終チェックのグリフ 'uni9356' に交差がある
INFO:最終チェックのグリフ 'uni935B' に交差がある
INFO:最終チェックのグリフ 'uni9360' に交差がある
INFO:最終チェックのグリフ 'uni936C' に交差がある
INFO:最終チェックのグリフ 'uni9373' に交差がある
INFO:最終チェックのグリフ 'uni9375' に交差がある
INFO:最終チェックのグリフ 'uni937E' に交差がある
INFO:最終チェックのグリフ 'uni9388' に交差がある
INFO:最終チェックのグリフ 'uni939A' に交差がある
INFO:最終チェックのグリフ 'uni93AC' に交差がある
INFO:最終チェックのグリフ 'uni93B0' に交差がある
INFO:最終チェックのグリフ 'uni93BA' に交差がある
INFO:最終チェックのグリフ 'uni93C3' に交差がある
INFO:最終チェックのグリフ 'uni93C6' に交差がある
INFO:最終チェックのグリフ 'uni93C7' に交差がある
INFO:最終チェックのグリフ 'uni93D7' に交差がある
INFO:最終チェックのグリフ 'uni93DC' に交差がある
INFO:最終チェックのグリフ 'uni93DE' に交差がある
INFO:最終チェックのグリフ 'uni93DF' に交差がある
INFO:最終チェックのグリフ 'uni93E2' に交差がある
INFO:最終チェックのグリフ 'uni9403' に交差がある
INFO:最終チェックのグリフ 'uni9404' に交差がある
INFO:最終チェックのグリフ 'uni9413' に交差がある
INFO:最終チェックのグリフ 'uni9417' に交差がある
INFO:最終チェックのグリフ 'uni941A' に交差がある
INFO:最終チェックのグリフ 'uni9433' に交差がある
INFO:最終チェックのグリフ 'uni9434' に交差がある
INFO:最終チェックのグリフ 'uni9444' に交差がある
INFO:最終チェックのグリフ 'uni9448' に交差がある
INFO:最終チェックのグリフ 'uni9452' に交差がある
INFO:最終チェックのグリフ 'uni9453' に交差がある
INFO:最終チェックのグリフ 'uni946A' に交差がある
INFO:最終チェックのグリフ 'uni9470' に交差がある
INFO:最終チェックのグリフ 'uni9475' に交差がある
INFO:最終チェックのグリフ 'uni947C' に交差がある
INFO:最終チェックのグリフ 'uni947D' に交差がある
INFO:最終チェックのグリフ 'uni947E' に交差がある
INFO:最終チェックのグリフ 'uni9579' に交差がある
INFO:最終チェックのグリフ 'uni958E' に交差がある
INFO:最終チェックのグリフ 'uni958F' に交差がある
INFO:最終チェックのグリフ 'uni9592' に交差がある
INFO:最終チェックのグリフ 'uni95A0' に交差がある
INFO:最終チェックのグリフ 'uni95B2' に交差がある
INFO:最終チェックのグリフ 'uni95BC' に交差がある
INFO:最終チェックのグリフ 'uni95BE' に交差がある
INFO:最終チェックのグリフ 'uni95C3' に交差がある
INFO:最終チェックのグリフ 'uni95D4' に交差がある
INFO:最終チェックのグリフ 'uni95D5' に交差がある
INFO:最終チェックのグリフ 'uni962F' に交差がある
INFO:最終チェックのグリフ 'uni9641' に交差がある
INFO:最終チェックのグリフ 'uni965E' に交差がある
INFO:最終チェックのグリフ 'uni9666' に交差がある
INFO:最終チェックのグリフ 'uni966C' に交差がある
INFO:最終チェックのグリフ 'uni9670' に交差がある
INFO:最終チェックのグリフ 'uni9672' に交差がある
INFO:最終チェックのグリフ 'uni9678' に交差がある
INFO:最終チェックのグリフ 'uni968A' に交差がある
INFO:最終チェックのグリフ 'uni968D' に交差がある
INFO:最終チェックのグリフ 'uni9698' に交差がある
INFO:最終チェックのグリフ 'uni9699' に交差がある
INFO:最終チェックのグリフ 'uni969A' に交差がある
INFO:最終チェックのグリフ 'uni96A0' に交差がある
INFO:最終チェックのグリフ 'uni96A3' に交差がある
INFO:最終チェックのグリフ 'uni96A7' に交差がある
INFO:最終チェックのグリフ 'uni96AF' に交差がある
INFO:最終チェックのグリフ 'uni96B1' に交差がある
INFO:最終チェックのグリフ 'uni96B8' に交差がある
INFO:最終チェックのグリフ 'uni96B9' に交差がある
INFO:最終チェックのグリフ 'uni96C1' に交差がある
INFO:最終チェックのグリフ 'uni96C9' に交差がある
INFO:最終チェックのグリフ 'uni96CC' に交差がある
INFO:最終チェックのグリフ 'uni96CD' に交差がある
INFO:最終チェックのグリフ 'uni96CE' に交差がある
INFO:最終チェックのグリフ 'uni96D1' に交差がある
INFO:最終チェックのグリフ 'uni96D2' に交差がある
INFO:最終チェックのグリフ 'uni96D5' に交差がある
INFO:最終チェックのグリフ 'uni96D6' に交差がある
INFO:最終チェックのグリフ 'uni96D9' に交差がある
INFO:最終チェックのグリフ 'uni96DA' に交差がある
INFO:最終チェックのグリフ 'uni96DC' に交差がある
INFO:最終チェックのグリフ 'uni96DD' に交差がある
INFO:最終チェックのグリフ 'uni96DE' に交差がある
INFO:最終チェックのグリフ 'uni96E2' に交差がある
INFO:最終チェックのグリフ 'uni96E3' に交差がある
INFO:最終チェックのグリフ 'uni9706' に交差がある
INFO:最終チェックのグリフ 'uni970D' に交差がある
INFO:最終チェックのグリフ 'uni9713' に交差がある
INFO:最終チェックのグリフ 'uni9714' に交差がある
INFO:最終チェックのグリフ 'uni9727' に交差がある
INFO:最終チェックのグリフ 'uni9742' に交差がある
INFO:最終チェックのグリフ 'uni9743' に交差がある
INFO:最終チェックのグリフ 'uni9744' に交差がある
INFO:最終チェックのグリフ 'uni974D' に交差がある
INFO:最終チェックのグリフ 'uni974F' に交差がある
INFO:最終チェックのグリフ 'uni9760' に交差がある
INFO:最終チェックのグリフ 'uni9762' に交差がある
INFO:最終チェックのグリフ 'uni976B' に交差がある
INFO:最終チェックのグリフ 'uni977C' に交差がある
INFO:最終チェックのグリフ 'uni978B' に交差がある
INFO:最終チェックのグリフ 'uni979A' に交差がある
INFO:最終チェックのグリフ 'uni97A6' に交差がある
INFO:最終チェックのグリフ 'uni97AD' の参照が不正
INFO:最終チェックのグリフ 'uni97B4' の参照が不正
INFO:最終チェックのグリフ 'uni97BA' に交差がある
INFO:最終チェックのグリフ 'uni97C1' に交差がある
INFO:最終チェックのグリフ 'uni97DE' に交差がある
INFO:最終チェックのグリフ 'uni97ED' に交差がある
INFO:最終チェックのグリフ 'uni97EE' に交差がある
INFO:最終チェックのグリフ 'uni97FB' に交差がある
INFO:最終チェックのグリフ 'uni9805' に交差がある
INFO:最終チェックのグリフ 'uni980C' に交差がある
INFO:最終チェックのグリフ 'uni9811' に交差がある
INFO:最終チェックのグリフ 'uni9814' に交差がある
INFO:最終チェックのグリフ 'uni9825' に交差がある
INFO:最終チェックのグリフ 'uni982B' に交差がある
INFO:最終チェックのグリフ 'uni9838' に交差がある
INFO:最終チェックのグリフ 'uni983C' に交差がある
INFO:最終チェックのグリフ 'uni9865' に交差がある
INFO:最終チェックのグリフ 'uni9871' に交差がある
INFO:最終チェックのグリフ 'uni98BB' に交差がある
INFO:最終チェックのグリフ 'uni98C2' に交差がある
INFO:最終チェックのグリフ 'uni98C4' に交差がある
INFO:最終チェックのグリフ 'uni98C6' に交差がある
INFO:最終チェックのグリフ 'uni98C7' に交差がある
INFO:最終チェックのグリフ 'uni98CB' に交差がある
INFO:最終チェックのグリフ 'uni98DC' に交差がある
INFO:最終チェックのグリフ 'uni98DF' に交差がある
INFO:最終チェックのグリフ 'uni98E1' に交差がある
INFO:最終チェックのグリフ 'uni98E9' に交差がある
INFO:最終チェックのグリフ 'uni98EA' に交差がある
INFO:最終チェックのグリフ 'uni98EB' に交差がある
INFO:最終チェックのグリフ 'uni98ED' に交差がある
INFO:最終チェックのグリフ 'uni98EE' に交差がある
INFO:最終チェックのグリフ 'uni98F1' に交差がある
INFO:最終チェックのグリフ 'uni98F2' に交差がある
INFO:最終チェックのグリフ 'uni98F3' に交差がある
INFO:最終チェックのグリフ 'uni98FD' に交差がある
INFO:最終チェックのグリフ 'uni9909' に交差がある
INFO:最終チェックのグリフ 'uni9913' に交差がある
INFO:最終チェックのグリフ 'uni9916' に交差がある
INFO:最終チェックのグリフ 'uni9918' に交差がある
INFO:最終チェックのグリフ 'uni991A' に交差がある
INFO:最終チェックのグリフ 'uni991B' に交差がある
INFO:最終チェックのグリフ 'uni992C' に交差がある
INFO:最終チェックのグリフ 'uni993D' に交差がある
INFO:最終チェックのグリフ 'uni9941' に交差がある
INFO:最終チェックのグリフ 'uni9946' に交差がある
INFO:最終チェックのグリフ 'uni9949' に交差がある
INFO:最終チェックのグリフ 'uni994E' に交差がある
INFO:最終チェックのグリフ 'uni9950' に交差がある
INFO:最終チェックのグリフ 'uni9958' に交差がある
INFO:最終チェックのグリフ 'uni9960' に交差がある
INFO:最終チェックのグリフ 'uni9999' に交差がある
INFO:最終チェックのグリフ 'uni99A6' に交差がある
INFO:最終チェックのグリフ 'uni99A8' に交差がある
INFO:最終チェックのグリフ 'uni99AD' に交差がある
INFO:最終チェックのグリフ 'uni99AE' に交差がある
INFO:最終チェックのグリフ 'uni99C4' に交差がある
INFO:最終チェックのグリフ 'uni99C5' に交差がある
INFO:最終チェックのグリフ 'uni99C6' に交差がある
INFO:最終チェックのグリフ 'uni99C8' に交差がある
INFO:最終チェックのグリフ 'uni99D0' に交差がある
INFO:最終チェックのグリフ 'uni99D2' に交差がある
INFO:最終チェックのグリフ 'uni99D4' に交差がある
INFO:最終チェックのグリフ 'uni99D5' に交差がある
INFO:最終チェックのグリフ 'uni99DB' に交差がある
INFO:最終チェックのグリフ 'uni99DE' に交差がある
INFO:最終チェックのグリフ 'uni99F0' に交差がある
INFO:最終チェックのグリフ 'uni99F2' に交差がある
INFO:最終チェックのグリフ 'uni99FB' に交差がある
INFO:最終チェックのグリフ 'uni9A05' に交差がある
INFO:最終チェックのグリフ 'uni9A16' に交差がある
INFO:最終チェックのグリフ 'uni9A2B' に交差がある
INFO:最終チェックのグリフ 'uni9A30' に交差がある
INFO:最終チェックのグリフ 'uni9A36' に交差がある
INFO:最終チェックのグリフ 'uni9A38' に交差がある
INFO:最終チェックのグリフ 'uni9A55' に交差がある
INFO:最終チェックのグリフ 'uni9A5F' に交差がある
INFO:最終チェックのグリフ 'uni9AB6' に交差がある
INFO:最終チェックのグリフ 'uni9AC4' に交差がある
INFO:最終チェックのグリフ 'uni9AC6' に交差がある
INFO:最終チェックのグリフ 'uni9ACE' に交差がある
INFO:最終チェックのグリフ 'uni9AD0' に交差がある
INFO:最終チェックのグリフ 'uni9AD1' に交差がある
INFO:最終チェックのグリフ 'uni9AD4' に交差がある
INFO:最終チェックのグリフ 'uni9AD6' に交差がある
INFO:最終チェックのグリフ 'uni9AE0' に交差がある
INFO:最終チェックのグリフ 'uni9AE2' に交差がある
INFO:最終チェックのグリフ 'uni9AE9' に交差がある
INFO:最終チェックのグリフ 'uni9AED' に交差がある
INFO:最終チェックのグリフ 'uni9B03' に交差がある
INFO:最終チェックのグリフ 'uni9B08' に交差がある
INFO:最終チェックのグリフ 'uni9B0C' に交差がある
INFO:最終チェックのグリフ 'uni9B12' に交差がある
INFO:最終チェックのグリフ 'uni9B16' に交差がある
INFO:最終チェックのグリフ 'uni9B1D' に交差がある
INFO:最終チェックのグリフ 'uni9B1F' に交差がある
INFO:最終チェックのグリフ 'uni9B29' に交差がある
INFO:最終チェックのグリフ 'uni9B2A' に交差がある
INFO:最終チェックのグリフ 'uni9B2D' に交差がある
INFO:最終チェックのグリフ 'uni9B43' に交差がある
INFO:最終チェックのグリフ 'uni9B44' に交差がある
INFO:最終チェックのグリフ 'uni9B45' に交差がある
INFO:最終チェックのグリフ 'uni9B4B' に交差がある
INFO:最終チェックのグリフ 'uni9B54' に交差がある
INFO:最終チェックのグリフ 'uni9B63' に交差がある
INFO:最終チェックのグリフ 'uni9B66' に交差がある
INFO:最終チェックのグリフ 'uni9B6B' に交差がある
INFO:最終チェックのグリフ 'uni9B6C' に交差がある
INFO:最終チェックのグリフ 'uni9B73' に交差がある
INFO:最終チェックのグリフ 'uni9B74' に交差がある
INFO:最終チェックのグリフ 'uni9B76' に交差がある
INFO:最終チェックのグリフ 'uni9B77' に交差がある
INFO:最終チェックのグリフ 'uni9B79' に交差がある
INFO:最終チェックのグリフ 'uni9B8A' に交差がある
INFO:最終チェックのグリフ 'uni9B8F' に交差がある
INFO:最終チェックのグリフ 'uni9B92' に交差がある
INFO:最終チェックのグリフ 'uni9B96' に交差がある
INFO:最終チェックのグリフ 'uni9B9E' に交差がある
INFO:最終チェックのグリフ 'uni9BA0' に交差がある
INFO:最終チェックのグリフ 'uni9BAA' に交差がある
INFO:最終チェックのグリフ 'uni9BAC' に交差がある
INFO:最終チェックのグリフ 'uni9BB1' に交差がある
INFO:最終チェックのグリフ 'uni9BB2' に交差がある
INFO:最終チェックのグリフ 'uni9BB4' に交差がある
INFO:最終チェックのグリフ 'uni9BC7' に交差がある
INFO:最終チェックのグリフ 'uni9BC9' に交差がある
INFO:最終チェックのグリフ 'uni9BD1' に交差がある
INFO:最終チェックのグリフ 'uni9BD2' に交差がある
INFO:最終チェックのグリフ 'uni9BE4' に交差がある
INFO:最終チェックのグリフ 'uni9BE5' に交差がある
INFO:最終チェックのグリフ 'uni9BEB' に交差がある
INFO:最終チェックのグリフ 'uni9BEE' に交差がある
INFO:最終チェックのグリフ 'uni9BEF' に交差がある
INFO:最終チェックのグリフ 'uni9C00' に交差がある
INFO:最終チェックのグリフ 'uni9C04' に交差がある
INFO:最終チェックのグリフ 'uni9C09' に交差がある
INFO:最終チェックのグリフ 'uni9C0D' に交差がある
INFO:最終チェックのグリフ 'uni9C16' に交差がある
INFO:最終チェックのグリフ 'uni9C1A' に交差がある
INFO:最終チェックのグリフ 'uni9C1B' に交差がある
INFO:最終チェックのグリフ 'uni9C23' に交差がある
INFO:最終チェックのグリフ 'uni9C25' に交差がある
INFO:最終チェックのグリフ 'uni9C27' に交差がある
INFO:最終チェックのグリフ 'uni9C2A' に交差がある
INFO:最終チェックのグリフ 'uni9C2D' に交差がある
INFO:最終チェックのグリフ 'uni9C2E' に交差がある
INFO:最終チェックのグリフ 'uni9C32' に交差がある
INFO:最終チェックのグリフ 'uni9C3B' に交差がある
INFO:最終チェックのグリフ 'uni9C3E' に交差がある
INFO:最終チェックのグリフ 'uni9C45' に交差がある
INFO:最終チェックのグリフ 'uni9C46' に交差がある
INFO:最終チェックのグリフ 'uni9C47' に交差がある
INFO:最終チェックのグリフ 'uni9C4A' に交差がある
INFO:最終チェックのグリフ 'uni9C5C' に交差がある
INFO:最終チェックのグリフ 'uni9C5F' に交差がある
INFO:最終チェックのグリフ 'uni9C6E' に交差がある
INFO:最終チェックのグリフ 'uni9C72' に交差がある
INFO:最終チェックのグリフ 'uni9C78' に交差がある
INFO:最終チェックのグリフ 'uni9C7A' に交差がある
INFO:最終チェックのグリフ 'uni9CE5' に交差がある
INFO:最終チェックのグリフ 'uni9CEC' に交差がある
INFO:最終チェックのグリフ 'uni9CF0' に交差がある
INFO:最終チェックのグリフ 'uni9D11' に交差がある
INFO:最終チェックのグリフ 'uni9D15' に交差がある
INFO:最終チェックのグリフ 'uni9D1B' に交差がある
INFO:最終チェックのグリフ 'uni9D1F' に交差がある
INFO:最終チェックのグリフ 'uni9D3F' に交差がある
INFO:最終チェックのグリフ 'uni9D4A' に交差がある
INFO:最終チェックのグリフ 'uni9D5F' に交差がある
INFO:最終チェックのグリフ 'uni9D62' に交差がある
INFO:最終チェックのグリフ 'uni9D69' に交差がある
INFO:最終チェックのグリフ 'uni9D70' に交差がある
INFO:最終チェックのグリフ 'uni9D7A' に交差がある
INFO:最終チェックのグリフ 'uni9D8A' に交差がある
INFO:最終チェックのグリフ 'uni9D96' に交差がある
INFO:最終チェックのグリフ 'uni9DA1' に交差がある
INFO:最終チェックのグリフ 'uni9DA4' に交差がある
INFO:最終チェックのグリフ 'uni9DAB' に交差がある
INFO:最終チェックのグリフ 'uni9DBA' に交差がある
INFO:最終チェックのグリフ 'uni9DBC' に交差がある
INFO:最終チェックのグリフ 'uni9DC1' に交差がある
INFO:最終チェックのグリフ 'uni9DC9' に交差がある
INFO:最終チェックのグリフ 'uni9DD9' に交差がある
INFO:最終チェックのグリフ 'uni9DDA' に交差がある
INFO:最終チェックのグリフ 'uni9DDF' に交差がある
INFO:最終チェックのグリフ 'uni9DE0' に交差がある
INFO:最終チェックのグリフ 'uni9DEF' に交差がある
INFO:最終チェックのグリフ 'uni9DF2' に交差がある
INFO:最終チェックのグリフ 'uni9DF4' に交差がある
INFO:最終チェックのグリフ 'uni9DFA' に交差がある
INFO:最終チェックのグリフ 'uni9E02' に交差がある
INFO:最終チェックのグリフ 'uni9E0A' に交差がある
INFO:最終チェックのグリフ 'uni9E0D' に交差がある
INFO:最終チェックのグリフ 'uni9E19' に交差がある
INFO:最終チェックのグリフ 'uni9E1B' に交差がある
INFO:最終チェックのグリフ 'uni9E1C' に交差がある
INFO:最終チェックのグリフ 'uni9E1D' に交差がある
INFO:最終チェックのグリフ 'uni9E7B' に交差がある
INFO:最終チェックのグリフ 'uni9E7C' に交差がある
INFO:最終チェックのグリフ 'uni9E91' に交差がある
INFO:最終チェックのグリフ 'uni9E95' に交差がある
INFO:最終チェックのグリフ 'uni9EBB' に交差がある
INFO:最終チェックのグリフ 'uni9ECE' に交差がある
INFO:最終チェックのグリフ 'uni9ECF' に交差がある
INFO:最終チェックのグリフ 'uni9ED4' の参照が不正
INFO:最終チェックのグリフ 'uni9ED8' に交差がある
INFO:最終チェックのグリフ 'uni9EDD' に交差がある
INFO:最終チェックのグリフ 'uni9EE0' に交差がある
INFO:最終チェックのグリフ 'uni9EEF' に交差がある
INFO:最終チェックのグリフ 'uni9EF4' に交差がある
INFO:最終チェックのグリフ 'uni9EF6' に交差がある
INFO:最終チェックのグリフ 'uni9EF7' に交差がある
INFO:最終チェックのグリフ 'uni9EF9' に交差がある
INFO:最終チェックのグリフ 'uni9EFB' に交差がある
INFO:最終チェックのグリフ 'uni9F03' に交差がある
INFO:最終チェックのグリフ 'uni9F08' に交差がある
INFO:最終チェックのグリフ 'uni9F37' に交差がある
INFO:最終チェックのグリフ 'uni9F3A' に交差がある
INFO:最終チェックのグリフ 'uni9F3E' に交差がある
INFO:最終チェックのグリフ 'uni9F46' に交差がある
INFO:最終チェックのグリフ 'uni9F53' に交差がある
INFO:最終チェックのグリフ 'uni9F54' に交差がある
INFO:最終チェックのグリフ 'uni9F55' に交差がある
INFO:最終チェックのグリフ 'uni9F57' に交差がある
INFO:最終チェックのグリフ 'uni9F58' に交差がある
INFO:最終チェックのグリフ 'uni9F5F' に交差がある
INFO:最終チェックのグリフ 'uni9F61' に交差がある
INFO:最終チェックのグリフ 'uni9F62' に交差がある
INFO:最終チェックのグリフ 'uni9F63' に交差がある
INFO:最終チェックのグリフ 'uni9F6A' に交差がある
INFO:最終チェックのグリフ 'uni9F6C' に交差がある
INFO:最終チェックのグリフ 'uni9F72' に交差がある
INFO:最終チェックのグリフ 'uni9F77' に交差がある
INFO:最終チェックのグリフ 'uni9F90' に交差がある
INFO:最終チェックのグリフ 'uni9F97' に交差がある
INFO:最終チェックのグリフ 'uni9F9D' に交差がある
INFO:最終チェックのグリフ 'uni9FA2' に交差がある
INFO:最終チェックのグリフ 'uniF936' に交差がある
INFO:最終チェックのグリフ 'uniFA10' に交差がある
INFO:最終チェックのグリフ 'uniFA14' に交差がある
INFO:最終チェックのグリフ 'uniFA16' に交差がある
INFO:最終チェックのグリフ 'uniFA1F' に交差がある
INFO:最終チェックのグリフ 'uniFA20' に交差がある
INFO:最終チェックのグリフ 'uniFA21' に交差がある
INFO:最終チェックのグリフ 'uniFA29' に交差がある
INFO:最終チェックのグリフ 'uniFA2D' に交差がある
INFO:最終チェックのグリフ 'uniFA36' に交差がある
INFO:最終チェックのグリフ 'uniFA42' に交差がある
INFO:最終チェックのグリフ 'uniFA4C' に交差がある
INFO:最終チェックのグリフ 'uniFA4D' に交差がある
INFO:最終チェックのグリフ 'uniFA50' に交差がある
INFO:最終チェックのグリフ 'uniFA51' に交差がある
INFO:最終チェックのグリフ 'uniFA5F' に交差がある
INFO:最終チェックのグリフ 'uniFA61' に交差がある
INFO:最終チェックのグリフ 'uniFA63' に交差がある
INFO:最終チェックのグリフ 'uniFA68' に交差がある
INFO:最終チェックのグリフ 'uniFB01' に交差がある
INFO:最終チェックのグリフ 'uniFB02' に交差がある
INFO:最終チェックのグリフ 'uniFF11' に交差がある
INFO:最終チェックのグリフ 'uniFF14' に交差がある
INFO:最終チェックのグリフ 'uniFF20' に交差がある
INFO:最終チェックのグリフ 'uniFF21' に交差がある
INFO:最終チェックのグリフ 'uniFF26' に交差がある
INFO:最終チェックのグリフ 'uniFF28' に交差がある
INFO:最終チェックのグリフ 'uniFF2B' に交差がある
INFO:最終チェックのグリフ 'uniFF2D' に交差がある
INFO:最終チェックのグリフ 'uniFF2E' に交差がある
INFO:最終チェックのグリフ 'uniFF31' に交差がある
INFO:最終チェックのグリフ 'uniFF37' に交差がある
INFO:最終チェックのグリフ 'uniFF38' に交差がある
INFO:最終チェックのグリフ 'uniFF39' に交差がある
INFO:最終チェックのグリフ 'uniFF3C' に交差がある
INFO:最終チェックのグリフ 'uniFF42' に交差がある
INFO:最終チェックのグリフ 'uniFF48' に交差がある
INFO:最終チェックのグリフ 'uniFF4B' に交差がある
INFO:最終チェックのグリフ 'uniFF4E' に交差がある
INFO:最終チェックのグリフ 'uniFF6A' に交差がある
INFO:最終チェックのグリフ 'uniFF6B' に交差がある
INFO:最終チェックのグリフ 'uniFF9C' に交差がある
INFO:最終チェックのグリフ 'uniFFE1' に交差がある
INFO:最終チェックのグリフ 'u200A2' に交差がある
INFO:最終チェックのグリフ 'u2044A' に交差がある
INFO:最終チェックのグリフ 'u20807' に交差がある
INFO:最終チェックのグリフ 'u20B9F' に交差がある
INFO:最終チェックのグリフ 'u20D45' の参照が不正
INFO:最終チェックのグリフ 'u20F5F' に交差がある
INFO:最終チェックのグリフ 'u2127B' に交差がある
INFO:最終チェックのグリフ 'u212D7' に交差がある
INFO:最終チェックのグリフ 'u212E4' に交差がある
INFO:最終チェックのグリフ 'u2146D' に交差がある
INFO:最終チェックのグリフ 'u21742' に交差がある
INFO:最終チェックのグリフ 'u21A1A' に交差がある
INFO:最終チェックのグリフ 'u21D45' に交差がある
INFO:最終チェックのグリフ 'u21D78' に交差がある
INFO:最終チェックのグリフ 'u21D92' に交差がある
INFO:最終チェックのグリフ 'u2231E' に交差がある
INFO:最終チェックのグリフ 'u22B4F' に交差がある
INFO:最終チェックのグリフ 'u22DE1' に交差がある
INFO:最終チェックのグリフ 'u231F5' に交差がある
INFO:最終チェックのグリフ 'u2344A' に交差がある
INFO:最終チェックのグリフ 'u23763' に交差がある
INFO:最終チェックのグリフ 'u23824' に交差がある
INFO:最終チェックのグリフ 'u23C7F' に交差がある
INFO:最終チェックのグリフ 'u23D40' に交差がある
INFO:最終チェックのグリフ 'u24103' に交差がある
INFO:最終チェックのグリフ 'u24B56' に交差がある
INFO:最終チェックのグリフ 'u24B6F' に交差がある
INFO:最終チェックのグリフ 'u24E37' に交差がある
INFO:最終チェックのグリフ 'u2504A' に交差がある
INFO:最終チェックのグリフ 'u25055' に交差がある
INFO:最終チェックのグリフ 'u25122' に交差がある
INFO:最終チェックのグリフ 'u251E5' に交差がある
INFO:最終チェックのグリフ 'u25C64' に交差がある
INFO:最終チェックのグリフ 'u25E62' に交差がある
INFO:最終チェックのグリフ 'u26060' に交差がある
INFO:最終チェックのグリフ 'u26286' に交差がある
INFO:最終チェックのグリフ 'u2634C' に交差がある
INFO:最終チェックのグリフ 'u2667E' に交差がある
INFO:最終チェックのグリフ 'u268EA' に交差がある
INFO:最終チェックのグリフ 'u26FF6' に交差がある
INFO:最終チェックのグリフ 'u26FF7' に交差がある
INFO:最終チェックのグリフ 'u2710D' に交差がある
INFO:最終チェックのグリフ 'u27139' に交差がある
INFO:最終チェックのグリフ 'u273FE' に交差がある
INFO:最終チェックのグリフ 'u27615' に交差がある
INFO:最終チェックのグリフ 'u27985' に交差がある
INFO:最終チェックのグリフ 'u27DA0' に交差がある
INFO:最終チェックのグリフ 'u27FB7' に交差がある
INFO:最終チェックのグリフ 'u282F3' に交差がある
INFO:最終チェックのグリフ 'u28946' に交差がある
INFO:最終チェックのグリフ 'u2896B' に交差がある
INFO:最終チェックのグリフ 'u28988' に交差がある
INFO:最終チェックのグリフ 'u289BA' に交差がある
INFO:最終チェックのグリフ 'u28A43' に交差がある
INFO:最終チェックのグリフ 'u28ACD' に交差がある
INFO:最終チェックのグリフ 'u28ADD' に交差がある
INFO:最終チェックのグリフ 'u28BC1' に交差がある
INFO:最終チェックのグリフ 'u28DFB' に交差がある
INFO:最終チェックのグリフ 'u28E1F' に交差がある
INFO:最終チェックのグリフ 'u28FF8' に交差がある
INFO:最終チェックのグリフ 'u29490' に交差がある
INFO:最終チェックのグリフ 'u29E8A' に交差がある
INFO:最終チェックのグリフ 'u29EC4' に交差がある
INFO:最終チェックのグリフ 'u29EE9' に交差がある
INFO:最終チェックのグリフ 'u2A01A' に交差がある
INFO:最終チェックのグリフ 'u2A5F1' に交差がある
INFO:最終チェックのグリフ 'u2F920' に交差がある
INFO:最終チェックのグリフ 'multiply.vert' に交差がある
INFO:最終チェックのグリフ 'uni3323.vert' に交差がある
INFO:最終チェックのグリフ 'uni337E.aalt' に交差がある
INFO:最終チェックのグリフ 'uni337C.aalt' に交差がある
INFO:最終チェックのグリフ 'uni31FE.aalt' に交差がある
INFO:最終チェックのグリフ 'uni3016.vert' に交差がある
INFO:最終チェックのグリフ 'uni02E5_uni02E9.ccmp' に交差がある
INFO:最終チェックのグリフ 'uni6DEB.jp83' に交差がある
INFO:最終チェックのグリフ 'uni990C.jp90' に交差がある
INFO:最終チェックのグリフ 'uni9784.aalt' に交差がある
INFO:最終チェックのグリフ 'uni7FF0.aalt' に交差がある
INFO:最終チェックのグリフ 'uni5FBD.aalt' に交差がある
INFO:最終チェックのグリフ 'uni9375.aalt' に交差がある
INFO:最終チェックのグリフ 'uni8AFA.aalt' に交差がある
INFO:最終チェックのグリフ 'uni7511.jp83' に交差がある
INFO:最終チェックのグリフ 'uni9BD6.aalt' に交差がある
INFO:最終チェックのグリフ 'uni9910.jp78' に交差がある
INFO:最終チェックのグリフ 'uni6753.jp83' に交差がある
INFO:最終チェックのグリフ 'uni6756.aalt' に交差がある
INFO:最終チェックのグリフ 'uni8755.aalt' に交差がある
INFO:最終チェックのグリフ 'uni9017.aalt' に交差がある
INFO:最終チェックのグリフ 'uni717D.jp83' に交差がある
INFO:最終チェックのグリフ 'uni564C.aalt' に交差がある
INFO:最終チェックのグリフ 'uni9061.jp83' に交差がある
INFO:最終チェックのグリフ 'uni905C.aalt' に交差がある
INFO:最終チェックのグリフ 'uni6B4E.aalt' に交差がある
INFO:最終チェックのグリフ 'uni8A3B.jp83' に交差がある
INFO:最終チェックのグリフ 'uni939A.aalt' に交差がある
INFO:最終チェックのグリフ 'uni514E.expt' に交差がある
INFO:最終チェックのグリフ 'uni8B0E.aalt' に交差がある
INFO:最終チェックのグリフ 'uni79B0.jp83' に交差がある
INFO:最終チェックのグリフ 'uni5EDF.aalt' に交差がある
INFO:最終チェックのグリフ 'uni5A29.aalt' に交差がある
INFO:最終チェックのグリフ 'uni97AD.aalt' の参照が不正
INFO:最終チェックのグリフ 'uni9905.jp83' に交差がある
INFO:最終チェックのグリフ 'uni7337.jp83' に交差がある
INFO:最終チェックのグリフ 'uni51A4.jp83' に交差がある
INFO:最終チェックのグリフ 'uni5632.aalt' に交差がある
INFO:最終チェックのグリフ 'uni7B75.aalt' に交差がある
INFO:最終チェックのグリフ 'uni53A9.jp78' に交差がある
INFO:最終チェックのグリフ 'uni990C.expt' に交差がある
INFO:最終チェックのグリフ 'uni5ACC.aalt' に交差がある
INFO:最終チェックのグリフ 'uni6E9D.aalt' に交差がある
INFO:最終チェックのグリフ 'uni66D9.aalt' の参照が不正
INFO:最終チェックのグリフ 'uni976D.jp78' に交差がある
INFO:最終チェックのグリフ 'uni7FE0.jp78' に交差がある
INFO:最終チェックのグリフ 'uni901D.aalt' に交差がある
INFO:最終チェックのグリフ 'uni6813.aalt' に交差がある
INFO:最終チェックのグリフ 'uni717D.jp78' に交差がある
INFO:最終チェックのグリフ 'uni6FEF.aalt' に交差がある
INFO:最終チェックのグリフ 'uni5858.aalt' に交差がある
INFO:最終チェックのグリフ 'uni5678.aalt' に交差がある
INFO:最終チェックのグリフ 'uni7652.jp78' に交差がある
INFO:最終チェックのグリフ 'uni7337.expt' に交差がある
INFO:最終チェックのグリフ 'uni8000.expt' に交差がある
INFO:最終チェックのグリフ 'uni5539.aalt' に交差がある
INFO:最終チェックのグリフ 'uni5ABE.aalt' に交差がある
INFO:最終チェックのグリフ 'uni5E64.jp78' に交差がある
INFO:最終チェックのグリフ 'uni6583.aalt' に交差がある
INFO:最終チェックのグリフ 'uni6E6E.aalt' に交差がある
INFO:最終チェックのグリフ 'uni7515.jp78' に交差がある
INFO:最終チェックのグリフ 'uni7693.aalt' に交差がある
INFO:最終チェックのグリフ 'uni787C.aalt' に交差がある
INFO:最終チェックのグリフ 'uni7D9B.aalt' に交差がある
INFO:最終チェックのグリフ 'uni7D9F.aalt' に交差がある
INFO:最終チェックのグリフ 'uni8517.aalt' に交差がある
INFO:最終チェックのグリフ 'uni8782.aalt' に交差がある
INFO:最終チェックのグリフ 'uni9058.aalt' に交差がある
INFO:最終チェックのグリフ 'uni6248.aalt' に交差がある
INFO:最終チェックのグリフ 'uni91C1.aalt' に交差がある
INFO:最終チェックのグリフ 'uni9724.aalt' に交差がある
INFO:最終チェックのグリフ 'uni9B2E.expt' に交差がある
INFO:最終チェックのグリフ 'uni5315.aalt' に交差がある
INFO:最終チェックのグリフ 'uni5819.aalt' に交差がある
INFO:最終チェックのグリフ 'uni5C28.aalt' に交差がある
INFO:最終チェックのグリフ 'uni6C08.expt' に交差がある
INFO:最終チェックのグリフ 'uni6EEC.aalt' に交差がある
INFO:最終チェックのグリフ 'uni7FE9.aalt' に交差がある
INFO:最終チェックのグリフ 'uni9EAD.aalt' に交差がある
INFO:最終チェックのグリフ 'glyph12018' に交差がある
INFO:最終チェックのグリフ 'uni5BDB.trad' に交差がある
INFO:最終チェックのグリフ 'glyph12023' に交差がある
INFO:最終チェックのグリフ 'glyph12027' に交差がある
INFO:最終チェックのグリフ 'glyph12030' に交差がある
INFO:最終チェックのグリフ 'f_i.liga' に交差がある
INFO:最終チェックのグリフ 'uni03BC.aalt' に交差がある
INFO:最終チェックのグリフ 'glyph12054' に交差がある
INFO:最終チェックのグリフ 'glyph12063' に交差がある
INFO:最終チェックのグリフ 'T_E_L.dlig' に交差がある
INFO:最終チェックのグリフ 'glyph12075' に交差がある
INFO:最終チェックのグリフ 'uni30DE_uni30F3_uni30B7_uni30E7_uni30F3.dlig' に交差がある
INFO:最終チェックのグリフ 'glyph12104' に交差がある
INFO:最終チェックのグリフ 'm_i_n.dlig' に交差がある
INFO:最終チェックのグリフ 'glyph12247' に交差がある
INFO:最終チェックのグリフ 'glyph12252' に交差がある
INFO:最終チェックのグリフ 'glyph12270' に交差がある
INFO:最終チェックのグリフ 'uni6709_uni9650_uni4F1A_uni793E.dlig' に交差がある
INFO:最終チェックのグリフ 'uni8CA1_uni56E3_uni6CD5_uni4EBA.dlig' に交差がある
INFO:最終チェックのグリフ 'uni337F.vert' に交差がある
INFO:最終チェックのグリフ 'glyph12282' に交差がある
INFO:最終チェックのグリフ 'uni3305.vert' に交差がある
INFO:最終チェックのグリフ 'currency.aalt' に交差がある
INFO:最終チェックのグリフ 'uni0302.vert' に交差がある
INFO:最終チェックのグリフ 'ecircumflex.aalt' に交差がある
INFO:最終チェックのグリフ 'ucircumflex.aalt' に交差がある
INFO:最終チェックのグリフ 'W.vert' に交差がある
INFO:最終チェックのグリフ 'asciicircum.vert' に交差がある
INFO:最終チェックのグリフ 'uniFF27.vert' に交差がある
INFO:最終チェックのグリフ 'uniFF2E.vert' に交差がある
INFO:最終チェックのグリフ 'uniFF49.vert' に交差がある
INFO:最終チェックのグリフ 'uni32FF.vert' に交差がある
