INFO:最終チェックのグリフ 'D' に交差がある
INFO:最終チェックのグリフ 'Q' に交差がある
INFO:最終チェックのグリフ 'u' に交差がある
INFO:最終チェックのグリフ 'x' に交差がある
INFO:最終チェックのグリフ 'braceright' に交差がある
INFO:最終チェックのグリフ 'yen' に交差がある
INFO:最終チェックのグリフ 'questiondown' に交差がある
INFO:最終チェックのグリフ 'Egrave' に交差がある
INFO:最終チェックのグリフ 'Eacute' に交差がある
INFO:最終チェックのグリフ 'Ecircumflex' に交差がある
INFO:最終チェックのグリフ 'Edieresis' に交差がある
INFO:最終チェックのグリフ 'Eth' に交差がある
INFO:最終チェックのグリフ 'thorn' に交差がある
INFO:最終チェックのグリフ 'Aogonek' に交差がある
INFO:最終チェックのグリフ 'aogonek' に交差がある
INFO:最終チェックのグリフ 'Dcaron' に交差がある
INFO:最終チェックのグリフ 'Emacron' に交差がある
INFO:最終チェックのグリフ 'Ecaron' に交差がある
INFO:最終チェックのグリフ 'ldot' に交差がある
INFO:最終チェックのグリフ 'OE' に交差がある
INFO:最終チェックのグリフ 'oe' に交差がある
INFO:最終チェックのグリフ 'Tbar' に交差がある
INFO:最終チェックのグリフ 'uogonek' に交差がある
INFO:最終チェックのグリフ 'Ycircumflex' に交差がある
INFO:最終チェックのグリフ 'Ydieresis' に交差がある
INFO:最終チェックのグリフ 'uni0271' に交差がある
INFO:最終チェックのグリフ 'uni0330' に交差がある
INFO:最終チェックのグリフ 'Alphatonos' に交差がある
INFO:最終チェックのグリフ 'Epsilontonos' に交差がある
INFO:最終チェックのグリフ 'Etatonos' に交差がある
INFO:最終チェックのグリフ 'Iotatonos' に交差がある
INFO:最終チェックのグリフ 'Upsilontonos' に交差がある
INFO:最終チェックのグリフ 'Omegatonos' に交差がある
INFO:最終チェックのグリフ 'Iotadieresis' に交差がある
INFO:最終チェックのグリフ 'Upsilondieresis' に交差がある
INFO:最終チェックのグリフ 'uni0402' に交差がある
INFO:最終チェックのグリフ 'uni0403' に交差がある
INFO:最終チェックのグリフ 'uni0406' に交差がある
INFO:最終チェックのグリフ 'uni0407' に交差がある
INFO:最終チェックのグリフ 'uni040C' に交差がある
INFO:最終チェックのグリフ 'uni0423' に交差がある
INFO:最終チェックのグリフ 'uni0428' に交差がある
INFO:最終チェックのグリフ 'uni0445' に交差がある
INFO:最終チェックのグリフ 'uni0452' に交差がある
INFO:最終チェックのグリフ 'uni0453' に交差がある
INFO:最終チェックのグリフ 'uni045A' に交差がある
INFO:最終チェックのグリフ 'uni045C' に交差がある
INFO:最終チェックのグリフ 'uni0490' に交差がある
INFO:最終チェックのグリフ 'uni0491' に交差がある
INFO:最終チェックのグリフ 'uni203B' に交差がある
INFO:最終チェックのグリフ 'uni203F' に交差がある
INFO:最終チェックのグリフ 'onethird' に交差がある
INFO:最終チェックのグリフ 'uni2162' に交差がある
INFO:最終チェックのグリフ 'uni2167' に交差がある
INFO:最終チェックのグリフ 'uni2172' に交差がある
INFO:最終チェックのグリフ 'uni2179' に交差がある
INFO:最終チェックのグリフ 'uni217F' に交差がある
INFO:最終チェックのグリフ 'universal' に交差がある
INFO:最終チェックのグリフ 'gradient' に交差がある
INFO:最終チェックのグリフ 'uni2277' に交差がある
INFO:最終チェックのグリフ 'uni22DB' に交差がある
INFO:最終チェックのグリフ 'uni23A9' に交差がある
INFO:最終チェックのグリフ 'uni23AD' に交差がある
INFO:最終チェックのグリフ 'uni2469' に交差がある
INFO:最終チェックのグリフ 'uni246B' に交差がある
INFO:最終チェックのグリフ 'uni246C' に交差がある
INFO:最終チェックのグリフ 'uni246D' に交差がある
INFO:最終チェックのグリフ 'uni246E' に交差がある
INFO:最終チェックのグリフ 'uni246F' に交差がある
INFO:最終チェックのグリフ 'uni2470' に交差がある
INFO:最終チェックのグリフ 'uni2471' に交差がある
INFO:最終チェックのグリフ 'uni2472' に交差がある
INFO:最終チェックのグリフ 'uni2477' に交差がある
INFO:最終チェックのグリフ 'lozenge' に交差がある
INFO:最終チェックのグリフ 'uni261C' に交差がある
INFO:最終チェックのグリフ 'uni261F' に交差がある
INFO:最終チェックのグリフ 'uni2661' に交差がある
INFO:最終チェックのグリフ 'uni2662' に交差がある
INFO:最終チェックのグリフ 'heart' に交差がある
INFO:最終チェックのグリフ 'diamond' に交差がある
INFO:最終チェックのグリフ 'uni2713' に交差がある
INFO:最終チェックのグリフ 'uni27A1' に交差がある
INFO:最終チェックのグリフ 'uni3035' に交差がある
INFO:最終チェックのグリフ 'uni303B' に交差がある
INFO:最終チェックのグリフ 'uni3045' に交差がある
INFO:最終チェックのグリフ 'uni3046' に交差がある
INFO:最終チェックのグリフ 'uni3047' に交差がある
INFO:最終チェックのグリフ 'uni304F' に交差がある
INFO:最終チェックのグリフ 'uni3050' に交差がある
INFO:最終チェックのグリフ 'uni306D' に交差がある
INFO:最終チェックのグリフ 'uni307E' に交差がある
INFO:最終チェックのグリフ 'uni308C' に交差がある
INFO:最終チェックのグリフ 'uni308E' に交差がある
INFO:最終チェックのグリフ 'uni308F' に交差がある
INFO:最終チェックのグリフ 'uni3094' に交差がある
INFO:最終チェックのグリフ 'uni30AB' に交差がある
INFO:最終チェックのグリフ 'uni30AC' に交差がある
INFO:最終チェックのグリフ 'uni30CC' に交差がある
INFO:最終チェックのグリフ 'uni30D9' に交差がある
INFO:最終チェックのグリフ 'uni30DA' に交差がある
INFO:最終チェックのグリフ 'uni30DF' に交差がある
INFO:最終チェックのグリフ 'uni31F5' に交差がある
INFO:最終チェックのグリフ 'uni322C' に交差がある
INFO:最終チェックのグリフ 'uni3235' に交差がある
INFO:最終チェックのグリフ 'uni323A' に交差がある
INFO:最終チェックのグリフ 'uni3240' に交差がある
INFO:最終チェックのグリフ 'uni3241' に交差がある
INFO:最終チェックのグリフ 'uni32AA' に交差がある
INFO:最終チェックのグリフ 'uni32AF' に交差がある
INFO:最終チェックのグリフ 'uni32B0' に交差がある
INFO:最終チェックのグリフ 'uni32BD' に交差がある
INFO:最終チェックのグリフ 'uni32D3' に交差がある
INFO:最終チェックのグリフ 'uni3314' に交差がある
INFO:最終チェックのグリフ 'uni3315' に交差がある
INFO:最終チェックのグリフ 'uni3316' に交差がある
INFO:最終チェックのグリフ 'uni3326' に交差がある
INFO:最終チェックのグリフ 'uni3336' に交差がある
INFO:最終チェックのグリフ 'uni334A' に交差がある
INFO:最終チェックのグリフ 'uni334E' に交差がある
INFO:最終チェックのグリフ 'uni3357' に交差がある
INFO:最終チェックのグリフ 'uni337F' に交差がある
INFO:最終チェックのグリフ 'uni3388' に交差がある
INFO:最終チェックのグリフ 'uni3390' に交差がある
INFO:最終チェックのグリフ 'uni339F' に交差がある
INFO:最終チェックのグリフ 'uni33B1' に交差がある
INFO:最終チェックのグリフ 'uni33B2' に交差がある
INFO:最終チェックのグリフ 'uni33B3' に交差がある
INFO:最終チェックのグリフ 'uni33C8' に交差がある
INFO:最終チェックのグリフ 'uni342C' に交差がある
INFO:最終チェックのグリフ 'uni34BC' に交差がある
INFO:最終チェックのグリフ 'uni351F' に交差がある
INFO:最終チェックのグリフ 'uni35A6' に交差がある
INFO:最終チェックのグリフ 'uni35A8' に交差がある
INFO:最終チェックのグリフ 'uni364A' に交差がある
INFO:最終チェックのグリフ 'uni36CF' に交差がある
INFO:最終チェックのグリフ 'uni376B' に交差がある
INFO:最終チェックのグリフ 'uni378D' に交差がある
INFO:最終チェックのグリフ 'uni37E2' に交差がある
INFO:最終チェックのグリフ 'uni3836' に交差がある
INFO:最終チェックのグリフ 'uni3917' に交差がある
INFO:最終チェックのグリフ 'uni3A6E' に交差がある
INFO:最終チェックのグリフ 'uni3B1A' に交差がある
INFO:最終チェックのグリフ 'uni3B88' に交差がある
INFO:最終チェックのグリフ 'uni3BA4' に交差がある
INFO:最終チェックのグリフ 'uni3BB6' に交差がある
INFO:最終チェックのグリフ 'uni3BCD' に交差がある
INFO:最終チェックのグリフ 'uni3BF0' に交差がある
INFO:最終チェックのグリフ 'uni3C0F' に交差がある
INFO:最終チェックのグリフ 'uni3F72' に交差がある
INFO:最終チェックのグリフ 'uni3F75' に交差がある
INFO:最終チェックのグリフ 'uni3F77' に交差がある
INFO:最終チェックのグリフ 'uni3FAE' に交差がある
INFO:最終チェックのグリフ 'uni4039' に交差がある
INFO:最終チェックのグリフ 'uni4105' に交差がある
INFO:最終チェックのグリフ 'uni41B4' の参照が不正
INFO:最終チェックのグリフ 'uni41BF' の参照が不正
INFO:最終チェックのグリフ 'uni4264' に交差がある
INFO:最終チェックのグリフ 'uni4302' に交差がある
INFO:最終チェックのグリフ 'uni43EE' に交差がある
INFO:最終チェックのグリフ 'uni43F0' に交差がある
INFO:最終チェックのグリフ 'uni4408' に交差がある
INFO:最終チェックのグリフ 'uni441C' に交差がある
INFO:最終チェックのグリフ 'uni4422' に交差がある
INFO:最終チェックのグリフ 'uni4453' に交差がある
INFO:最終チェックのグリフ 'uni445B' に交差がある
INFO:最終チェックのグリフ 'uni447A' に交差がある
INFO:最終チェックのグリフ 'uni4508' に交差がある
INFO:最終チェックのグリフ 'uni4525' に交差がある
INFO:最終チェックのグリフ 'uni46A1' に交差がある
INFO:最終チェックのグリフ 'uni4844' に交差がある
INFO:最終チェックのグリフ 'uni49E7' に交差がある
INFO:最終チェックのグリフ 'uni4A04' に交差がある
INFO:最終チェックのグリフ 'uni4ABC' に交差がある
INFO:最終チェックのグリフ 'uni4B3B' に交差がある
INFO:最終チェックのグリフ 'uni4BC2' に交差がある
INFO:最終チェックのグリフ 'uni4C17' に交差がある
INFO:最終チェックのグリフ 'uni4CC4' に交差がある
INFO:最終チェックのグリフ 'uni4CD1' に交差がある
INFO:最終チェックのグリフ 'uni4D07' に交差がある
INFO:最終チェックのグリフ 'uni4E0D' に交差がある
INFO:最終チェックのグリフ 'uni4E19' に交差がある
INFO:最終チェックのグリフ 'uni4E29' に交差がある
INFO:最終チェックのグリフ 'uni4E51' に交差がある
INFO:最終チェックのグリフ 'uni4E57' に交差がある
INFO:最終チェックのグリフ 'uni4E5E' に交差がある
INFO:最終チェックのグリフ 'uni4E73' に交差がある
INFO:最終チェックのグリフ 'uni4E82' に交差がある
INFO:最終チェックのグリフ 'uni4EB0' に交差がある
INFO:最終チェックのグリフ 'uni4ECF' に交差がある
INFO:最終チェックのグリフ 'uni4EEB' に交差がある
INFO:最終チェックのグリフ 'uni4EED' に交差がある
INFO:最終チェックのグリフ 'uni4EF0' に交差がある
INFO:最終チェックのグリフ 'uni4F11' に交差がある
INFO:最終チェックのグリフ 'uni4F1D' に交差がある
INFO:最終チェックのグリフ 'uni4F3C' に交差がある
INFO:最終チェックのグリフ 'uni4F3D' に交差がある
INFO:最終チェックのグリフ 'uni4F4D' に交差がある
INFO:最終チェックのグリフ 'uni4F5F' に交差がある
INFO:最終チェックのグリフ 'uni4F77' に交差がある
INFO:最終チェックのグリフ 'uni4F82' に交差がある
INFO:最終チェックのグリフ 'uni4F91' に交差がある
INFO:最終チェックのグリフ 'uni4FAD' に交差がある
INFO:最終チェックのグリフ 'uni4FC3' に交差がある
INFO:最終チェックのグリフ 'uni4FC5' に交差がある
INFO:最終チェックのグリフ 'uni4FDD' に交差がある
INFO:最終チェックのグリフ 'uni5002' に交差がある
INFO:最終チェックのグリフ 'uni500E' に交差がある
INFO:最終チェックのグリフ 'uni5012' に交差がある
INFO:最終チェックのグリフ 'uni501E' に交差がある
INFO:最終チェックのグリフ 'uni5023' に交差がある
INFO:最終チェックのグリフ 'uni502A' に交差がある
INFO:最終チェックのグリフ 'uni502E' に交差がある
INFO:最終チェックのグリフ 'uni5036' に交差がある
INFO:最終チェックのグリフ 'uni5039' に交差がある
INFO:最終チェックのグリフ 'uni5053' に交差がある
INFO:最終チェックのグリフ 'uni5065' に交差がある
INFO:最終チェックのグリフ 'uni5070' に交差がある
INFO:最終チェックのグリフ 'uni5076' に交差がある
INFO:最終チェックのグリフ 'uni5078' に交差がある
INFO:最終チェックのグリフ 'uni507D' に交差がある
INFO:最終チェックのグリフ 'uni5085' に交差がある
INFO:最終チェックのグリフ 'uni5091' に交差がある
INFO:最終チェックのグリフ 'uni5093' に交差がある
INFO:最終チェックのグリフ 'uni5094' に交差がある
INFO:最終チェックのグリフ 'uni5099' に交差がある
INFO:最終チェックのグリフ 'uni509A' に交差がある
INFO:最終チェックのグリフ 'uni50AD' に交差がある
INFO:最終チェックのグリフ 'uni50B7' に交差がある
INFO:最終チェックのグリフ 'uni50BA' に交差がある
INFO:最終チェックのグリフ 'uni50C5' に交差がある
INFO:最終チェックのグリフ 'uni50CF' に交差がある
INFO:最終チェックのグリフ 'uni50EE' に交差がある
INFO:最終チェックのグリフ 'uni50F5' に交差がある
INFO:最終チェックのグリフ 'uni5104' に交差がある
INFO:最終チェックのグリフ 'uni5109' に交差がある
INFO:最終チェックのグリフ 'uni5114' に交差がある
INFO:最終チェックのグリフ 'uni5115' に交差がある
INFO:最終チェックのグリフ 'uni5116' に交差がある
INFO:最終チェックのグリフ 'uni5118' に交差がある
INFO:最終チェックのグリフ 'uni511E' に交差がある
INFO:最終チェックのグリフ 'uni5121' に交差がある
INFO:最終チェックのグリフ 'uni5137' に交差がある
INFO:最終チェックのグリフ 'uni513A' に交差がある
INFO:最終チェックのグリフ 'uni513B' に交差がある
INFO:最終チェックのグリフ 'uni5157' に交差がある
INFO:最終チェックのグリフ 'uni515C' に交差がある
INFO:最終チェックのグリフ 'uni5160' に交差がある
INFO:最終チェックのグリフ 'uni5164' に交差がある
INFO:最終チェックのグリフ 'uni5183' に交差がある
INFO:最終チェックのグリフ 'uni5196' に交差がある
INFO:最終チェックのグリフ 'uni51A2' に交差がある
INFO:最終チェックのグリフ 'uni51AC' に交差がある
INFO:最終チェックのグリフ 'uni51B4' に交差がある
INFO:最終チェックのグリフ 'uni51C3' に交差がある
INFO:最終チェックのグリフ 'uni51C9' に交差がある
INFO:最終チェックのグリフ 'uni51CD' に交差がある
INFO:最終チェックのグリフ 'uni51D6' に交差がある
INFO:最終チェックのグリフ 'uni51E2' に交差がある
INFO:最終チェックのグリフ 'uni51EC' に交差がある
INFO:最終チェックのグリフ 'uni51ED' に交差がある
INFO:最終チェックのグリフ 'uni51F4' に交差がある
INFO:最終チェックのグリフ 'uni51FD' に交差がある
INFO:最終チェックのグリフ 'uni520E' に交差がある
INFO:最終チェックのグリフ 'uni5224' に交差がある
INFO:最終チェックのグリフ 'uni5236' に交差がある
INFO:最終チェックのグリフ 'uni5239' に交差がある
INFO:最終チェックのグリフ 'uni524C' に交差がある
INFO:最終チェックのグリフ 'uni524F' に交差がある
INFO:最終チェックのグリフ 'uni5254' に交差がある
INFO:最終チェックのグリフ 'uni5263' に交差がある
INFO:最終チェックのグリフ 'uni5265' に交差がある
INFO:最終チェックのグリフ 'uni5269' に交差がある
INFO:最終チェックのグリフ 'uni5271' に交差がある
INFO:最終チェックのグリフ 'uni5274' に交差がある
INFO:最終チェックのグリフ 'uni527F' に交差がある
INFO:最終チェックのグリフ 'uni5294' に交差がある
INFO:最終チェックのグリフ 'uni5298' に交差がある
INFO:最終チェックのグリフ 'uni529F' に交差がある
INFO:最終チェックのグリフ 'uni52A4' に交差がある
INFO:最終チェックのグリフ 'uni52AB' に交差がある
INFO:最終チェックのグリフ 'uni52AD' に交差がある
INFO:最終チェックのグリフ 'uni52AF' に交差がある
INFO:最終チェックのグリフ 'uni52C5' に交差がある
INFO:最終チェックのグリフ 'uni52C8' に交差がある
INFO:最終チェックのグリフ 'uni52D6' に交差がある
INFO:最終チェックのグリフ 'uni52D7' に交差がある
INFO:最終チェックのグリフ 'uni52E6' に交差がある
INFO:最終チェックのグリフ 'uni52F0' に交差がある
INFO:最終チェックのグリフ 'uni52F3' に交差がある
INFO:最終チェックのグリフ 'uni52F8' に交差がある
INFO:最終チェックのグリフ 'uni5301' に交差がある
INFO:最終チェックのグリフ 'uni530A' に交差がある
INFO:最終チェックのグリフ 'uni5319' に交差がある
INFO:最終チェックのグリフ 'uni5331' に交差がある
INFO:最終チェックのグリフ 'uni5333' に交差がある
INFO:最終チェックのグリフ 'uni5335' に交差がある
INFO:最終チェックのグリフ 'uni533B' に交差がある
INFO:最終チェックのグリフ 'uni5371' に交差がある
INFO:最終チェックのグリフ 'uni53A4' に交差がある
INFO:最終チェックのグリフ 'uni53B3' に交差がある
INFO:最終チェックのグリフ 'uni53B4' に交差がある
INFO:最終チェックのグリフ 'uni53D4' に交差がある
INFO:最終チェックのグリフ 'uni53D5' に交差がある
INFO:最終チェックのグリフ 'uni53D9' に交差がある
INFO:最終チェックのグリフ 'uni53DD' に交差がある
INFO:最終チェックのグリフ 'uni53EB' に交差がある
INFO:最終チェックのグリフ 'uni5455' に交差がある
INFO:最終チェックのグリフ 'uni5462' に交差がある
INFO:最終チェックのグリフ 'uni5473' に交差がある
INFO:最終チェックのグリフ 'uni548A' に交差がある
INFO:最終チェックのグリフ 'uni548F' に交差がある
INFO:最終チェックのグリフ 'uni54AE' に交差がある
INFO:最終チェックのグリフ 'uni54AF' に交差がある
INFO:最終チェックのグリフ 'uni54B7' に交差がある
INFO:最終チェックのグリフ 'uni54C3' の参照が不正
INFO:最終チェックのグリフ 'uni54C6' に交差がある
INFO:最終チェックのグリフ 'uni54D8' に交差がある
INFO:最終チェックのグリフ 'uni54E6' に交差がある
INFO:最終チェックのグリフ 'uni54EC' に交差がある
INFO:最終チェックのグリフ 'uni54F2' に交差がある
INFO:最終チェックのグリフ 'uni550E' に交差がある
INFO:最終チェックのグリフ 'uni550F' に交差がある
INFO:最終チェックのグリフ 'uni5514' に交差がある
INFO:最終チェックのグリフ 'uni5538' の参照が不正
INFO:最終チェックのグリフ 'uni5546' に交差がある
INFO:最終チェックのグリフ 'uni5547' に交差がある
INFO:最終チェックのグリフ 'uni554A' に交差がある
INFO:最終チェックのグリフ 'uni5561' に交差がある
INFO:最終チェックのグリフ 'uni5587' に交差がある
INFO:最終チェックのグリフ 'uni558A' に交差がある
INFO:最終チェックのグリフ 'uni558B' に交差がある
INFO:最終チェックのグリフ 'uni5599' に交差がある
INFO:最終チェックのグリフ 'uni55A7' に交差がある
INFO:最終チェックのグリフ 'uni55B0' に交差がある
INFO:最終チェックのグリフ 'uni55CE' に交差がある
INFO:最終チェックのグリフ 'uni55E9' に交差がある
INFO:最終チェックのグリフ 'uni55F9' に交差がある
INFO:最終チェックのグリフ 'uni5609' に交差がある
INFO:最終チェックのグリフ 'uni5618' に交差がある
INFO:最終チェックのグリフ 'uni561B' に交差がある
INFO:最終チェックのグリフ 'uni5636' に交差がある
INFO:最終チェックのグリフ 'uni5637' に交差がある
INFO:最終チェックのグリフ 'uni563D' に交差がある
INFO:最終チェックのグリフ 'uni563F' に交差がある
INFO:最終チェックのグリフ 'uni5647' に交差がある
INFO:最終チェックのグリフ 'uni564E' に交差がある
INFO:最終チェックのグリフ 'uni5653' に交差がある
INFO:最終チェックのグリフ 'uni5664' に交差がある
INFO:最終チェックのグリフ 'uni566C' に交差がある
INFO:最終チェックのグリフ 'uni5671' に交差がある
INFO:最終チェックのグリフ 'uni5688' に交差がある
INFO:最終チェックのグリフ 'uni5694' に交差がある
INFO:最終チェックのグリフ 'uni5699' に交差がある
INFO:最終チェックのグリフ 'uni569D' に交差がある
INFO:最終チェックのグリフ 'uni56A0' に交差がある
INFO:最終チェックのグリフ 'uni56A2' に交差がある
INFO:最終チェックのグリフ 'uni56A8' に交差がある
INFO:最終チェックのグリフ 'uni56A9' に交差がある
INFO:最終チェックのグリフ 'uni56AC' に交差がある
INFO:最終チェックのグリフ 'uni56BC' の参照が不正
INFO:最終チェックのグリフ 'uni56C2' に交差がある
INFO:最終チェックのグリフ 'uni56C8' に交差がある
INFO:最終チェックのグリフ 'uni56C9' に交差がある
INFO:最終チェックのグリフ 'uni56CE' に交差がある
INFO:最終チェックのグリフ 'uni56D1' に交差がある
INFO:最終チェックのグリフ 'uni56D3' に交差がある
INFO:最終チェックのグリフ 'uni56F3' に交差がある
INFO:最終チェックのグリフ 'uni570B' に交差がある
INFO:最終チェックのグリフ 'uni570D' に交差がある
INFO:最終チェックのグリフ 'uni5718' に交差がある
INFO:最終チェックのグリフ 'uni5730' に交差がある
INFO:最終チェックのグリフ 'uni5745' に交差がある
INFO:最終チェックのグリフ 'uni5746' に交差がある
INFO:最終チェックのグリフ 'uni574D' に交差がある
INFO:最終チェックのグリフ 'uni5751' に交差がある
INFO:最終チェックのグリフ 'uni5769' に交差がある
INFO:最終チェックのグリフ 'uni576F' に交差がある
INFO:最終チェックのグリフ 'uni577B' に交差がある
INFO:最終チェックのグリフ 'uni577C' に交差がある
INFO:最終チェックのグリフ 'uni579C' に交差がある
INFO:最終チェックのグリフ 'uni57A0' の参照が不正
INFO:最終チェックのグリフ 'uni57A8' に交差がある
INFO:最終チェックのグリフ 'uni57AC' に交差がある
INFO:最終チェックのグリフ 'uni57B8' に交差がある
INFO:最終チェックのグリフ 'uni57C7' に交差がある
INFO:最終チェックのグリフ 'uni57CF' に交差がある
INFO:最終チェックのグリフ 'uni57ED' に交差がある
INFO:最終チェックのグリフ 'uni57F0' に交差がある
INFO:最終チェックのグリフ 'uni57F5' に交差がある
INFO:最終チェックのグリフ 'uni57F7' に交差がある
INFO:最終チェックのグリフ 'uni5802' に交差がある
INFO:最終チェックのグリフ 'uni5831' に交差がある
INFO:最終チェックのグリフ 'uni5834' に交差がある
INFO:最終チェックのグリフ 'uni5839' に交差がある
INFO:最終チェックのグリフ 'uni5849' に交差がある
INFO:最終チェックのグリフ 'uni584C' に交差がある
INFO:最終チェックのグリフ 'uni5851' に交差がある
INFO:最終チェックのグリフ 'uni585A' に交差がある
INFO:最終チェックのグリフ 'uni5861' に交差がある
INFO:最終チェックのグリフ 'uni586B' に交差がある
INFO:最終チェックのグリフ 'uni5870' に交差がある
INFO:最終チェックのグリフ 'uni5872' に交差がある
INFO:最終チェックのグリフ 'uni5875' に交差がある
INFO:最終チェックのグリフ 'uni5890' に交差がある
INFO:最終チェックのグリフ 'uni589F' に交差がある
INFO:最終チェックのグリフ 'uni58A8' に交差がある
INFO:最終チェックのグリフ 'uni58AB' に交差がある
INFO:最終チェックのグリフ 'uni58C3' に交差がある
INFO:最終チェックのグリフ 'uni58C7' に交差がある
INFO:最終チェックのグリフ 'uni58CA' に交差がある
INFO:最終チェックのグリフ 'uni58CD' に交差がある
INFO:最終チェックのグリフ 'uni58D1' に交差がある
INFO:最終チェックのグリフ 'uni58D2' に交差がある
INFO:最終チェックのグリフ 'uni58D4' に交差がある
INFO:最終チェックのグリフ 'uni58D5' に交差がある
INFO:最終チェックのグリフ 'uni58D7' に交差がある
INFO:最終チェックのグリフ 'uni58DA' に交差がある
INFO:最終チェックのグリフ 'uni58DC' に交差がある
INFO:最終チェックのグリフ 'uni58DE' に交差がある
INFO:最終チェックのグリフ 'uni58E5' に交差がある
INFO:最終チェックのグリフ 'uni58E9' に交差がある
INFO:最終チェックのグリフ 'uni58F3' に交差がある
INFO:最終チェックのグリフ 'uni5914' に交差がある
INFO:最終チェックのグリフ 'uni5915' に交差がある
INFO:最終チェックのグリフ 'uni593D' に交差がある
INFO:最終チェックのグリフ 'uni5947' に交差がある
INFO:最終チェックのグリフ 'uni595D' に交差がある
INFO:最終チェックのグリフ 'uni5960' に交差がある
INFO:最終チェックのグリフ 'uni5967' に交差がある
INFO:最終チェックのグリフ 'uni5968' に交差がある
INFO:最終チェックのグリフ 'uni5982' に交差がある
INFO:最終チェックのグリフ 'uni5992' に交差がある
INFO:最終チェックのグリフ 'uni5996' に交差がある
INFO:最終チェックのグリフ 'uni59A8' に交差がある
INFO:最終チェックのグリフ 'uni59B9' に交差がある
INFO:最終チェックのグリフ 'uni59BA' に交差がある
INFO:最終チェックのグリフ 'uni59C6' に交差がある
INFO:最終チェックのグリフ 'uni59C9' に交差がある
INFO:最終チェックのグリフ 'uni59D0' に交差がある
INFO:最終チェックのグリフ 'uni59D2' に交差がある
INFO:最終チェックのグリフ 'uni59D9' に交差がある
INFO:最終チェックのグリフ 'uni59DA' に交差がある
INFO:最終チェックのグリフ 'uni59DD' に交差がある
INFO:最終チェックのグリフ 'uni59E5' に交差がある
INFO:最終チェックのグリフ 'uni59E6' に交差がある
INFO:最終チェックのグリフ 'uni59EA' に交差がある
INFO:最終チェックのグリフ 'uni5A13' に交差がある
INFO:最終チェックのグリフ 'uni5A17' に交差がある
INFO:最終チェックのグリフ 'uni5A20' に交差がある
INFO:最終チェックのグリフ 'uni5A27' に交差がある
INFO:最終チェックのグリフ 'uni5A35' に交差がある
INFO:最終チェックのグリフ 'uni5A40' に交差がある
INFO:最終チェックのグリフ 'uni5A49' に交差がある
INFO:最終チェックのグリフ 'uni5A62' に交差がある
INFO:最終チェックのグリフ 'uni5A65' に交差がある
INFO:最終チェックのグリフ 'uni5A67' の参照が不正
INFO:最終チェックのグリフ 'uni5A6C' に交差がある
INFO:最終チェックのグリフ 'uni5A7F' に交差がある
INFO:最終チェックのグリフ 'uni5A92' に交差がある
INFO:最終チェックのグリフ 'uni5A9E' に交差がある
INFO:最終チェックのグリフ 'uni5A9F' に交差がある
INFO:最終チェックのグリフ 'uni5AA7' に交差がある
INFO:最終チェックのグリフ 'uni5AB1' に交差がある
INFO:最終チェックのグリフ 'uni5AB3' に交差がある
INFO:最終チェックのグリフ 'uni5ABD' に交差がある
INFO:最終チェックのグリフ 'uni5ABF' に交差がある
INFO:最終チェックのグリフ 'uni5ACC' に交差がある
INFO:最終チェックのグリフ 'uni5ADA' に交差がある
INFO:最終チェックのグリフ 'uni5ADC' に交差がある
INFO:最終チェックのグリフ 'uni5AE1' に交差がある
INFO:最終チェックのグリフ 'uni5AE5' に交差がある
INFO:最終チェックのグリフ 'uni5AFA' に交差がある
INFO:最終チェックのグリフ 'uni5AFB' に交差がある
INFO:最終チェックのグリフ 'uni5B00' に交差がある
INFO:最終チェックのグリフ 'uni5B0B' に交差がある
INFO:最終チェックのグリフ 'uni5B0C' に交差がある
INFO:最終チェックのグリフ 'uni5B17' に交差がある
INFO:最終チェックのグリフ 'uni5B19' に交差がある
INFO:最終チェックのグリフ 'uni5B22' に交差がある
INFO:最終チェックのグリフ 'uni5B25' に交差がある
INFO:最終チェックのグリフ 'uni5B2D' に交差がある
INFO:最終チェックのグリフ 'uni5B30' に交差がある
INFO:最終チェックのグリフ 'uni5B34' に交差がある
INFO:最終チェックのグリフ 'uni5B3E' に交差がある
INFO:最終チェックのグリフ 'uni5B40' に交差がある
INFO:最終チェックのグリフ 'uni5B41' に交差がある
INFO:最終チェックのグリフ 'uni5B43' の参照が不正
INFO:最終チェックのグリフ 'uni5B45' に交差がある
INFO:最終チェックのグリフ 'uni5B6B' に交差がある
INFO:最終チェックのグリフ 'uni5B71' に交差がある
INFO:最終チェックのグリフ 'uni5B7A' に交差がある
INFO:最終チェックのグリフ 'uni5B81' に交差がある
INFO:最終チェックのグリフ 'uni5B84' に交差がある
INFO:最終チェックのグリフ 'uni5B89' に交差がある
INFO:最終チェックのグリフ 'uni5B8B' に交差がある
INFO:最終チェックのグリフ 'uni5B8D' に交差がある
INFO:最終チェックのグリフ 'uni5B96' に交差がある
INFO:最終チェックのグリフ 'uni5BB6' に交差がある
INFO:最終チェックのグリフ 'uni5BB8' に交差がある
INFO:最終チェックのグリフ 'uni5BC7' に交差がある
INFO:最終チェックのグリフ 'uni5BD0' に交差がある
INFO:最終チェックのグリフ 'uni5BD3' に交差がある
INFO:最終チェックのグリフ 'uni5BD6' に交差がある
INFO:最終チェックのグリフ 'uni5BDD' に交差がある
INFO:最終チェックのグリフ 'uni5BE6' に交差がある
INFO:最終チェックのグリフ 'uni5BF3' に交差がある
INFO:最終チェックのグリフ 'uni5BFD' に交差がある
INFO:最終チェックのグリフ 'uni5C02' に交差がある
INFO:最終チェックのグリフ 'uni5C03' に交差がある
INFO:最終チェックのグリフ 'uni5C04' に交差がある
INFO:最終チェックのグリフ 'uni5C05' に交差がある
INFO:最終チェックのグリフ 'uni5C06' に交差がある
INFO:最終チェックのグリフ 'uni5C08' に交差がある
INFO:最終チェックのグリフ 'uni5C09' に交差がある
INFO:最終チェックのグリフ 'uni5C13' に交差がある
INFO:最終チェックのグリフ 'uni5C1E' に交差がある
INFO:最終チェックのグリフ 'uni5C29' に交差がある
INFO:最終チェックのグリフ 'uni5C2D' に交差がある
INFO:最終チェックのグリフ 'uni5C30' に交差がある
INFO:最終チェックのグリフ 'uni5C3E' に交差がある
INFO:最終チェックのグリフ 'uni5C3F' に交差がある
INFO:最終チェックのグリフ 'uni5C46' に交差がある
INFO:最終チェックのグリフ 'uni5C50' に交差がある
INFO:最終チェックのグリフ 'uni5C65' に交差がある
INFO:最終チェックのグリフ 'uni5C68' に交差がある
INFO:最終チェックのグリフ 'uni5C7C' に交差がある
INFO:最終チェックのグリフ 'uni5C8F' に交差がある
INFO:最終チェックのグリフ 'uni5C9F' に交差がある
INFO:最終チェックのグリフ 'uni5CA3' に交差がある
INFO:最終チェックのグリフ 'uni5CAD' に交差がある
INFO:最終チェックのグリフ 'uni5CD9' に交差がある
INFO:最終チェックのグリフ 'uni5CE0' に交差がある
INFO:最終チェックのグリフ 'uni5CED' に交差がある
INFO:最終チェックのグリフ 'uni5CF0' に交差がある
INFO:最終チェックのグリフ 'uni5D0D' に交差がある
INFO:最終チェックのグリフ 'uni5D11' に交差がある
INFO:最終チェックのグリフ 'uni5D20' に交差がある
INFO:最終チェックのグリフ 'uni5D22' に交差がある
INFO:最終チェックのグリフ 'uni5D27' に交差がある
INFO:最終チェックのグリフ 'uni5D47' に交差がある
INFO:最終チェックのグリフ 'uni5D4A' に交差がある
INFO:最終チェックのグリフ 'uni5D61' に交差がある
INFO:最終チェックのグリフ 'uni5D6C' に交差がある
INFO:最終チェックのグリフ 'uni5D6D' に交差がある
INFO:最終チェックのグリフ 'uni5D70' に交差がある
INFO:最終チェックのグリフ 'uni5D76' に交差がある
INFO:最終チェックのグリフ 'uni5D90' に交差がある
INFO:最終チェックのグリフ 'uni5D94' に交差がある
INFO:最終チェックのグリフ 'uni5D97' に交差がある
INFO:最終チェックのグリフ 'uni5D99' に交差がある
INFO:最終チェックのグリフ 'uni5DAE' の参照が不正
INFO:最終チェックのグリフ 'uni5DB8' に交差がある
INFO:最終チェックのグリフ 'uni5DC9' に交差がある
INFO:最終チェックのグリフ 'uni5DCB' に交差がある
INFO:最終チェックのグリフ 'uni5DCD' に交差がある
INFO:最終チェックのグリフ 'uni5DD3' に交差がある
INFO:最終チェックのグリフ 'uni5DD6' に交差がある
INFO:最終チェックのグリフ 'uni5DD8' に交差がある
INFO:最終チェックのグリフ 'uni5DE4' に交差がある
INFO:最終チェックのグリフ 'uni5E02' に交差がある
INFO:最終チェックのグリフ 'uni5E06' に交差がある
INFO:最終チェックのグリフ 'uni5E0B' に交差がある
INFO:最終チェックのグリフ 'uni5E15' に交差がある
INFO:最終チェックのグリフ 'uni5E2D' に交差がある
INFO:最終チェックのグリフ 'uni5E3E' に交差がある
INFO:最終チェックのグリフ 'uni5E49' に交差がある
INFO:最終チェックのグリフ 'uni5E56' に交差がある
INFO:最終チェックのグリフ 'uni5E61' に交差がある
INFO:最終チェックのグリフ 'uni5E62' に交差がある
INFO:最終チェックのグリフ 'uni5E6E' に交差がある
INFO:最終チェックのグリフ 'uni5E7A' に交差がある
INFO:最終チェックのグリフ 'uni5E7B' に交差がある
INFO:最終チェックのグリフ 'uni5E84' に交差がある
INFO:最終チェックのグリフ 'uni5EA5' に交差がある
INFO:最終チェックのグリフ 'uni5EB5' に交差がある
INFO:最終チェックのグリフ 'uni5EB7' に交差がある
INFO:最終チェックのグリフ 'uni5EB8' に交差がある
INFO:最終チェックのグリフ 'uni5EC6' に交差がある
INFO:最終チェックのグリフ 'uni5ECB' に交差がある
INFO:最終チェックのグリフ 'uni5ED6' に交差がある
INFO:最終チェックのグリフ 'uni5EDB' に交差がある
INFO:最終チェックのグリフ 'uni5EEC' に交差がある
INFO:最終チェックのグリフ 'uni5EF1' に交差がある
INFO:最終チェックのグリフ 'uni5EF3' に交差がある
INFO:最終チェックのグリフ 'uni5EF4' に交差がある
INFO:最終チェックのグリフ 'uni5EF6' に交差がある
INFO:最終チェックのグリフ 'uni5EF7' に交差がある
INFO:最終チェックのグリフ 'uni5EFA' に交差がある
INFO:最終チェックのグリフ 'uni5F0A' に交差がある
INFO:最終チェックのグリフ 'uni5F25' に交差がある
INFO:最終チェックのグリフ 'uni5F26' に交差がある
INFO:最終チェックのグリフ 'uni5F27' に交差がある
INFO:最終チェックのグリフ 'uni5F31' に交差がある
INFO:最終チェックのグリフ 'uni5F36' に交差がある
INFO:最終チェックのグリフ 'uni5F3D' に交差がある
INFO:最終チェックのグリフ 'uni5F3E' に交差がある
INFO:最終チェックのグリフ 'uni5F40' に交差がある
INFO:最終チェックのグリフ 'uni5F4A' に交差がある
INFO:最終チェックのグリフ 'uni5F54' に交差がある
INFO:最終チェックのグリフ 'uni5F56' に交差がある
INFO:最終チェックのグリフ 'uni5F58' に交差がある
INFO:最終チェックのグリフ 'uni5F6D' に交差がある
INFO:最終チェックのグリフ 'uni5F72' に交差がある
INFO:最終チェックのグリフ 'uni5F7E' に交差がある
INFO:最終チェックのグリフ 'uni5F91' に交差がある
INFO:最終チェックのグリフ 'uni5F97' に交差がある
INFO:最終チェックのグリフ 'uni5FA0' に交差がある
INFO:最終チェックのグリフ 'uni5FA1' に交差がある
INFO:最終チェックのグリフ 'uni5FAA' に交差がある
INFO:最終チェックのグリフ 'uni5FAE' に交差がある
INFO:最終チェックのグリフ 'uni5FB4' に交差がある
INFO:最終チェックのグリフ 'uni5FB8' に交差がある
INFO:最終チェックのグリフ 'uni5FBC' に交差がある
INFO:最終チェックのグリフ 'uni5FBD' に交差がある
INFO:最終チェックのグリフ 'uni5FCC' に交差がある
INFO:最終チェックのグリフ 'uni5FCD' に交差がある
INFO:最終チェックのグリフ 'uni5FD2' に交差がある
INFO:最終チェックのグリフ 'uni5FD8' に交差がある
INFO:最終チェックのグリフ 'uni5FE1' に交差がある
INFO:最終チェックのグリフ 'uni5FE2' に交差がある
INFO:最終チェックのグリフ 'uni5FE9' に交差がある
INFO:最終チェックのグリフ 'uni5FFD' に交差がある
INFO:最終チェックのグリフ 'uni5FFF' に交差がある
INFO:最終チェックのグリフ 'uni600E' に交差がある
INFO:最終チェックのグリフ 'uni6012' に交差がある
INFO:最終チェックのグリフ 'uni6018' に交差がある
INFO:最終チェックのグリフ 'uni6024' に交差がある
INFO:最終チェックのグリフ 'uni6027' に交差がある
INFO:最終チェックのグリフ 'uni6028' に交差がある
INFO:最終チェックのグリフ 'uni603A' に交差がある
INFO:最終チェックのグリフ 'uni604B' に交差がある
INFO:最終チェックのグリフ 'uni604C' に交差がある
INFO:最終チェックのグリフ 'uni6052' に交差がある
INFO:最終チェックのグリフ 'uni6055' に交差がある
INFO:最終チェックのグリフ 'uni605A' に交差がある
INFO:最終チェックのグリフ 'uni605F' に交差がある
INFO:最終チェックのグリフ 'uni6068' に交差がある
INFO:最終チェックのグリフ 'uni6069' に交差がある
INFO:最終チェックのグリフ 'uni606D' に交差がある
INFO:最終チェックのグリフ 'uni606F' に交差がある
INFO:最終チェックのグリフ 'uni6075' に交差がある
INFO:最終チェックのグリフ 'uni607F' に交差がある
INFO:最終チェックのグリフ 'uni609A' に交差がある
INFO:最終チェックのグリフ 'uni60A0' に交差がある
INFO:最終チェックのグリフ 'uni60A7' に交差がある
INFO:最終チェックのグリフ 'uni60AA' に交差がある
INFO:最終チェックのグリフ 'uni60B0' に交差がある
INFO:最終チェックのグリフ 'uni60BC' に交差がある
INFO:最終チェックのグリフ 'uni60BD' に交差がある
INFO:最終チェックのグリフ 'uni60C6' に交差がある
INFO:最終チェックのグリフ 'uni60C8' に交差がある
INFO:最終チェックのグリフ 'uni60D5' に交差がある
INFO:最終チェックのグリフ 'uni60DA' に交差がある
INFO:最終チェックのグリフ 'uni60E0' に交差がある
INFO:最終チェックのグリフ 'uni60F3' に交差がある
INFO:最終チェックのグリフ 'uni60F5' に交差がある
INFO:最終チェックのグリフ 'uni60F7' に交差がある
INFO:最終チェックのグリフ 'uni60F9' に交差がある
INFO:最終チェックのグリフ 'uni6109' に交差がある
INFO:最終チェックのグリフ 'uni610F' に交差がある
INFO:最終チェックのグリフ 'uni6128' に交差がある
INFO:最終チェックのグリフ 'uni613C' に交差がある
INFO:最終チェックのグリフ 'uni613D' に交差がある
INFO:最終チェックのグリフ 'uni613E' に交差がある
INFO:最終チェックのグリフ 'uni6141' に交差がある
INFO:最終チェックのグリフ 'uni6144' に交差がある
INFO:最終チェックのグリフ 'uni6147' に交差がある
INFO:最終チェックのグリフ 'uni614A' に交差がある
INFO:最終チェックのグリフ 'uni6155' に交差がある
INFO:最終チェックのグリフ 'uni6159' に交差がある
INFO:最終チェックのグリフ 'uni615F' に交差がある
INFO:最終チェックのグリフ 'uni6160' に交差がある
INFO:最終チェックのグリフ 'uni6165' に交差がある
INFO:最終チェックのグリフ 'uni6167' に交差がある
INFO:最終チェックのグリフ 'uni6168' に交差がある
INFO:最終チェックのグリフ 'uni6173' の参照が不正
INFO:最終チェックのグリフ 'uni6177' に交差がある
INFO:最終チェックのグリフ 'uni617C' に交差がある
INFO:最終チェックのグリフ 'uni618A' に交差がある
INFO:最終チェックのグリフ 'uni618D' に交差がある
INFO:最終チェックのグリフ 'uni6190' の参照が不正
INFO:最終チェックのグリフ 'uni6197' に交差がある
INFO:最終チェックのグリフ 'uni6199' に交差がある
INFO:最終チェックのグリフ 'uni61A7' に交差がある
INFO:最終チェックのグリフ 'uni61A8' に交差がある
INFO:最終チェックのグリフ 'uni61A9' に交差がある
INFO:最終チェックのグリフ 'uni61AB' に交差がある
INFO:最終チェックのグリフ 'uni61AD' に交差がある
INFO:最終チェックのグリフ 'uni61B6' に交差がある
INFO:最終チェックのグリフ 'uni61C3' に交差がある
INFO:最終チェックのグリフ 'uni61C6' に交差がある
INFO:最終チェックのグリフ 'uni61CB' に交差がある
INFO:最終チェックのグリフ 'uni61D0' の参照が不正
INFO:最終チェックのグリフ 'uni61DF' に交差がある
INFO:最終チェックのグリフ 'uni61E6' に交差がある
INFO:最終チェックのグリフ 'uni61F2' に交差がある
INFO:最終チェックのグリフ 'uni61F7' の参照が不正
INFO:最終チェックのグリフ 'uni61F8' に交差がある
INFO:最終チェックのグリフ 'uni61FC' に交差がある
INFO:最終チェックのグリフ 'uni61FD' に交差がある
INFO:最終チェックのグリフ 'uni61FF' に交差がある
INFO:最終チェックのグリフ 'uni6215' に交差がある
INFO:最終チェックのグリフ 'uni621A' に交差がある
INFO:最終チェックのグリフ 'uni6221' に交差がある
INFO:最終チェックのグリフ 'uni6226' に交差がある
INFO:最終チェックのグリフ 'uni6246' に交差がある
INFO:最終チェックのグリフ 'uni6253' に交差がある
INFO:最終チェックのグリフ 'uni6255' に交差がある
INFO:最終チェックのグリフ 'uni6258' に交差がある
INFO:最終チェックのグリフ 'uni626D' に交差がある
INFO:最終チェックのグリフ 'uni627E' に交差がある
INFO:最終チェックのグリフ 'uni627F' に交差がある
INFO:最終チェックのグリフ 'uni6284' に交差がある
INFO:最終チェックのグリフ 'uni629C' に交差がある
INFO:最終チェックのグリフ 'uni62B9' に交差がある
INFO:最終チェックのグリフ 'uni62CF' に交差がある
INFO:最終チェックのグリフ 'uni62D8' に交差がある
INFO:最終チェックのグリフ 'uni62DC' に交差がある
INFO:最終チェックのグリフ 'uni62DD' に交差がある
INFO:最終チェックのグリフ 'uni62E1' に交差がある
INFO:最終チェックのグリフ 'uni62ED' に交差がある
INFO:最終チェックのグリフ 'uni62F3' に交差がある
INFO:最終チェックのグリフ 'uni6309' に交差がある
INFO:最終チェックのグリフ 'uni6310' に交差がある
INFO:最終チェックのグリフ 'uni6311' に交差がある
INFO:最終チェックのグリフ 'uni632F' に交差がある
INFO:最終チェックのグリフ 'uni633A' に交差がある
INFO:最終チェックのグリフ 'uni6344' に交差がある
INFO:最終チェックのグリフ 'uni634C' に交差がある
INFO:最終チェックのグリフ 'uni6355' に交差がある
INFO:最終チェックのグリフ 'uni6367' に交差がある
INFO:最終チェックのグリフ 'uni637A' に交差がある
INFO:最終チェックのグリフ 'uni638F' に交差がある
INFO:最終チェックのグリフ 'uni639B' に交差がある
INFO:最終チェックのグリフ 'uni63A1' に交差がある
INFO:最終チェックのグリフ 'uni63A2' に交差がある
INFO:最終チェックのグリフ 'uni63A3' に交差がある
INFO:最終チェックのグリフ 'uni63A9' に交差がある
INFO:最終チェックのグリフ 'uni63AC' に交差がある
INFO:最終チェックのグリフ 'uni63BB' に交差がある
INFO:最終チェックのグリフ 'uni63BE' に交差がある
INFO:最終チェックのグリフ 'uni63C0' に交差がある
INFO:最終チェックのグリフ 'uni63C3' に交差がある
INFO:最終チェックのグリフ 'uni63C4' に交差がある
INFO:最終チェックのグリフ 'uni63C9' に交差がある
INFO:最終チェックのグリフ 'uni63D0' に交差がある
INFO:最終チェックのグリフ 'uni63DA' に交差がある
INFO:最終チェックのグリフ 'uni63E1' に交差がある
INFO:最終チェックのグリフ 'uni63F2' に交差がある
INFO:最終チェックのグリフ 'uni63F6' に交差がある
INFO:最終チェックのグリフ 'uni63F7' に交差がある
INFO:最終チェックのグリフ 'uni63FA' に交差がある
INFO:最終チェックのグリフ 'uni640F' に交差がある
INFO:最終チェックのグリフ 'uni6428' に交差がある
INFO:最終チェックのグリフ 'uni6429' に交差がある
INFO:最終チェックのグリフ 'uni642C' に交差がある
INFO:最終チェックのグリフ 'uni644E' に交差がある
INFO:最終チェックのグリフ 'uni645D' に交差がある
INFO:最終チェックのグリフ 'uni6460' に交差がある
INFO:最終チェックのグリフ 'uni647A' に交差がある
INFO:最終チェックのグリフ 'uni6488' に交差がある
INFO:最終チェックのグリフ 'uni6493' に交差がある
INFO:最終チェックのグリフ 'uni649E' に交差がある
INFO:最終チェックのグリフ 'uni649F' に交差がある
INFO:最終チェックのグリフ 'uni64A4' に交差がある
INFO:最終チェックのグリフ 'uni64B2' に交差がある
INFO:最終チェックのグリフ 'uni64BB' に交差がある
INFO:最終チェックのグリフ 'uni64BC' に交差がある
INFO:最終チェックのグリフ 'uni64BF' に交差がある
INFO:最終チェックのグリフ 'uni64C1' に交差がある
INFO:最終チェックのグリフ 'uni64C2' に交差がある
INFO:最終チェックのグリフ 'uni64C5' に交差がある
INFO:最終チェックのグリフ 'uni64CD' に交差がある
INFO:最終チェックのグリフ 'uni64D2' に交差がある
INFO:最終チェックのグリフ 'uni64D5' に交差がある
INFO:最終チェックのグリフ 'uni64D7' に交差がある
INFO:最終チェックのグリフ 'uni64DA' に交差がある
INFO:最終チェックのグリフ 'uni64E0' に交差がある
INFO:最終チェックのグリフ 'uni64E2' に交差がある
INFO:最終チェックのグリフ 'uni64E4' に交差がある
INFO:最終チェックのグリフ 'uni64E5' に交差がある
INFO:最終チェックのグリフ 'uni64F4' に交差がある
INFO:最終チェックのグリフ 'uni64F7' に交差がある
INFO:最終チェックのグリフ 'uni64FB' に交差がある
INFO:最終チェックのグリフ 'uni6500' に交差がある
INFO:最終チェックのグリフ 'uni6504' に交差がある
INFO:最終チェックのグリフ 'uni6505' に交差がある
INFO:最終チェックのグリフ 'uni650F' に交差がある
INFO:最終チェックのグリフ 'uni6514' に交差がある
INFO:最終チェックのグリフ 'uni6518' に交差がある
INFO:最終チェックのグリフ 'uni651E' に交差がある
INFO:最終チェックのグリフ 'uni6522' に交差がある
INFO:最終チェックのグリフ 'uni6523' に交差がある
INFO:最終チェックのグリフ 'uni6524' に交差がある
INFO:最終チェックのグリフ 'uni652A' に交差がある
INFO:最終チェックのグリフ 'uni6548' に交差がある
INFO:最終チェックのグリフ 'uni655E' に交差がある
INFO:最終チェックのグリフ 'uni6562' に交差がある
INFO:最終チェックのグリフ 'uni657A' に交差がある
INFO:最終チェックのグリフ 'uni658E' に交差がある
INFO:最終チェックのグリフ 'uni6590' に交差がある
INFO:最終チェックのグリフ 'uni6597' に交差がある
INFO:最終チェックのグリフ 'uni6599' に交差がある
INFO:最終チェックのグリフ 'uni65AF' に交差がある
INFO:最終チェックのグリフ 'uni65BC' に交差がある
INFO:最終チェックのグリフ 'uni65C4' に交差がある
INFO:最終チェックのグリフ 'uni65CC' に交差がある
INFO:最終チェックのグリフ 'uni65D2' に交差がある
INFO:最終チェックのグリフ 'uni65D4' に交差がある
INFO:最終チェックのグリフ 'uni65F1' に交差がある
INFO:最終チェックのグリフ 'uni65F2' に交差がある
INFO:最終チェックのグリフ 'uni6627' に交差がある
INFO:最終チェックのグリフ 'uni663A' に交差がある
INFO:最終チェックのグリフ 'uni663F' に交差がある
INFO:最終チェックのグリフ 'uni6657' に交差がある
INFO:最終チェックのグリフ 'uni6668' に交差がある
INFO:最終チェックのグリフ 'uni6669' に交差がある
INFO:最終チェックのグリフ 'uni666A' に交差がある
INFO:最終チェックのグリフ 'uni666E' に交差がある
INFO:最終チェックのグリフ 'uni667A' に交差がある
INFO:最終チェックのグリフ 'uni6680' に交差がある
INFO:最終チェックのグリフ 'uni6698' に交差がある
INFO:最終チェックのグリフ 'uni66A0' に交差がある
INFO:最終チェックのグリフ 'uni66A2' に交差がある
INFO:最終チェックのグリフ 'uni66BB' に交差がある
INFO:最終チェックのグリフ 'uni66BC' に交差がある
INFO:最終チェックのグリフ 'uni66C8' に交差がある
INFO:最終チェックのグリフ 'uni66DA' に交差がある
INFO:最終チェックのグリフ 'uni66DC' に交差がある
INFO:最終チェックのグリフ 'uni66DD' に交差がある
INFO:最終チェックのグリフ 'uni66E0' に交差がある
INFO:最終チェックのグリフ 'uni66E6' に交差がある
INFO:最終チェックのグリフ 'uni6716' の参照が不正
INFO:最終チェックのグリフ 'uni671B' に交差がある
INFO:最終チェックのグリフ 'uni6726' に交差がある
INFO:最終チェックのグリフ 'uni6727' に交差がある
INFO:最終チェックのグリフ 'uni6728' に交差がある
INFO:最終チェックのグリフ 'uni672A' に交差がある
INFO:最終チェックのグリフ 'uni672B' に交差がある
INFO:最終チェックのグリフ 'uni6731' に交差がある
INFO:最終チェックのグリフ 'uni6776' に交差がある
INFO:最終チェックのグリフ 'uni677E' に交差がある
INFO:最終チェックのグリフ 'uni6781' に交差がある
INFO:最終チェックのグリフ 'uni6792' に交差がある
INFO:最終チェックのグリフ 'uni679B' に交差がある
INFO:最終チェックのグリフ 'uni67E7' に交差がある
INFO:最終チェックのグリフ 'uni67F3' に交差がある
INFO:最終チェックのグリフ 'uni67F7' に交差がある
INFO:最終チェックのグリフ 'uni6804' に交差がある
INFO:最終チェックのグリフ 'uni6810' に交差がある
INFO:最終チェックのグリフ 'uni682A' に交差がある
INFO:最終チェックのグリフ 'uni6841' に交差がある
INFO:最終チェックのグリフ 'uni6843' に交差がある
INFO:最終チェックのグリフ 'uni684D' に交差がある
INFO:最終チェックのグリフ 'uni684E' に交差がある
INFO:最終チェックのグリフ 'uni6857' に交差がある
INFO:最終チェックのグリフ 'uni6872' に交差がある
INFO:最終チェックのグリフ 'uni6875' に交差がある
INFO:最終チェックのグリフ 'uni687C' に交差がある
INFO:最終チェックのグリフ 'uni6882' に交差がある
INFO:最終チェックのグリフ 'uni6883' に交差がある
INFO:最終チェックのグリフ 'uni6885' に交差がある
INFO:最終チェックのグリフ 'uni6898' に交差がある
INFO:最終チェックのグリフ 'uni689D' に交差がある
INFO:最終チェックのグリフ 'uni68AB' に交差がある
INFO:最終チェックのグリフ 'uni68AF' に交差がある
INFO:最終チェックのグリフ 'uni68B0' に交差がある
INFO:最終チェックのグリフ 'uni68B4' に交差がある
INFO:最終チェックのグリフ 'uni68B9' に交差がある
INFO:最終チェックのグリフ 'uni68BB' に交差がある
INFO:最終チェックのグリフ 'uni68C5' に交差がある
INFO:最終チェックのグリフ 'uni68CC' に交差がある
INFO:最終チェックのグリフ 'uni68CF' に交差がある
INFO:最終チェックのグリフ 'uni68D6' に交差がある
INFO:最終チェックのグリフ 'uni68D8' に交差がある
INFO:最終チェックのグリフ 'uni68DF' に交差がある
INFO:最終チェックのグリフ 'uni68E3' に交差がある
INFO:最終チェックのグリフ 'uni68E5' に交差がある
INFO:最終チェックのグリフ 'uni68E7' に交差がある
INFO:最終チェックのグリフ 'uni68EE' に交差がある
INFO:最終チェックのグリフ 'uni68F2' に交差がある
INFO:最終チェックのグリフ 'uni68F7' に交差がある
INFO:最終チェックのグリフ 'uni6908' に交差がある
INFO:最終チェックのグリフ 'uni690A' に交差がある
INFO:最終チェックのグリフ 'uni6928' に交差がある
INFO:最終チェックのグリフ 'uni692A' に交差がある
INFO:最終チェックのグリフ 'uni6930' に交差がある
INFO:最終チェックのグリフ 'uni693D' に交差がある
INFO:最終チェックのグリフ 'uni6954' に交差がある
INFO:最終チェックのグリフ 'uni6959' に交差がある
INFO:最終チェックのグリフ 'uni695D' に交差がある
INFO:最終チェックのグリフ 'uni6964' に交差がある
INFO:最終チェックのグリフ 'uni696A' に交差がある
INFO:最終チェックのグリフ 'uni6979' に交差がある
INFO:最終チェックのグリフ 'uni697A' に交差がある
INFO:最終チェックのグリフ 'uni697D' に交差がある
INFO:最終チェックのグリフ 'uni697E' に交差がある
INFO:最終チェックのグリフ 'uni699C' に交差がある
INFO:最終チェックのグリフ 'uni69A5' に交差がある
INFO:最終チェックのグリフ 'uni69A6' に交差がある
INFO:最終チェックのグリフ 'uni69AD' に交差がある
INFO:最終チェックのグリフ 'uni69BB' に交差がある
INFO:最終チェックのグリフ 'uni69C3' に交差がある
INFO:最終チェックのグリフ 'uni69CF' に交差がある
INFO:最終チェックのグリフ 'uni69D1' に交差がある
INFO:最終チェックのグリフ 'uni69D8' に交差がある
INFO:最終チェックのグリフ 'uni69EA' に交差がある
INFO:最終チェックのグリフ 'uni69ED' に交差がある
INFO:最終チェックのグリフ 'uni69FF' に交差がある
INFO:最終チェックのグリフ 'uni6A02' に交差がある
INFO:最終チェックのグリフ 'uni6A0A' に交差がある
INFO:最終チェックのグリフ 'uni6A0B' に交差がある
INFO:最終チェックのグリフ 'uni6A0C' の参照が不正
INFO:最終チェックのグリフ 'uni6A0F' に交差がある
INFO:最終チェックのグリフ 'uni6A11' に交差がある
INFO:最終チェックのグリフ 'uni6A14' に交差がある
INFO:最終チェックのグリフ 'uni6A17' に交差がある
INFO:最終チェックのグリフ 'uni6A1D' に交差がある
INFO:最終チェックのグリフ 'uni6A23' に交差がある
INFO:最終チェックのグリフ 'uni6A30' に交差がある
INFO:最終チェックのグリフ 'uni6A33' に交差がある
INFO:最終チェックのグリフ 'uni6A3E' に交差がある
INFO:最終チェックのグリフ 'uni6A44' に交差がある
INFO:最終チェックのグリフ 'uni6A46' に交差がある
INFO:最終チェックのグリフ 'uni6A47' に交差がある
INFO:最終チェックのグリフ 'uni6A49' に交差がある
INFO:最終チェックのグリフ 'uni6A4B' に交差がある
INFO:最終チェックのグリフ 'uni6A56' に交差がある
INFO:最終チェックのグリフ 'uni6A61' に交差がある
INFO:最終チェックのグリフ 'uni6A66' に交差がある
INFO:最終チェックのグリフ 'uni6A7E' に交差がある
INFO:最終チェックのグリフ 'uni6A7F' に交差がある
INFO:最終チェックのグリフ 'uni6A80' に交差がある
INFO:最終チェックのグリフ 'uni6A89' に交差がある
INFO:最終チェックのグリフ 'uni6A8B' に交差がある
INFO:最終チェックのグリフ 'uni6AA2' に交差がある
INFO:最終チェックのグリフ 'uni6AAA' に交差がある
INFO:最終チェックのグリフ 'uni6AAB' に交差がある
INFO:最終チェックのグリフ 'uni6AAC' に交差がある
INFO:最終チェックのグリフ 'uni6ABB' に交差がある
INFO:最終チェックのグリフ 'uni6AC2' に交差がある
INFO:最終チェックのグリフ 'uni6AD3' に交差がある
INFO:最終チェックのグリフ 'uni6ADA' に交差がある
INFO:最終チェックのグリフ 'uni6ADB' に交差がある
INFO:最終チェックのグリフ 'uni6ADE' に交差がある
INFO:最終チェックのグリフ 'uni6AE2' に交差がある
INFO:最終チェックのグリフ 'uni6AE4' に交差がある
INFO:最終チェックのグリフ 'uni6AE8' に交差がある
INFO:最終チェックのグリフ 'uni6AEA' に交差がある
INFO:最終チェックのグリフ 'uni6AF2' に交差がある
INFO:最終チェックのグリフ 'uni6AF3' に交差がある
INFO:最終チェックのグリフ 'uni6B04' に交差がある
INFO:最終チェックのグリフ 'uni6B05' に交差がある
INFO:最終チェックのグリフ 'uni6B0A' に交差がある
INFO:最終チェックのグリフ 'uni6B0B' に交差がある
INFO:最終チェックのグリフ 'uni6B0F' に交差がある
INFO:最終チェックのグリフ 'uni6B10' に交差がある
INFO:最終チェックのグリフ 'uni6B1E' に交差がある
INFO:最終チェックのグリフ 'uni6B1F' に交差がある
INFO:最終チェックのグリフ 'uni6B21' に交差がある
INFO:最終チェックのグリフ 'uni6B38' に交差がある
INFO:最終チェックのグリフ 'uni6B56' に交差がある
INFO:最終チェックのグリフ 'uni6B58' に交差がある
INFO:最終チェックのグリフ 'uni6B59' に交差がある
INFO:最終チェックのグリフ 'uni6B60' に交差がある
INFO:最終チェックのグリフ 'uni6B6C' に交差がある
INFO:最終チェックのグリフ 'uni6B75' に交差がある
INFO:最終チェックのグリフ 'uni6B7F' に交差がある
INFO:最終チェックのグリフ 'uni6B81' に交差がある
INFO:最終チェックのグリフ 'uni6B8A' に交差がある
INFO:最終チェックのグリフ 'uni6B8B' に交差がある
INFO:最終チェックのグリフ 'uni6B98' に交差がある
INFO:最終チェックのグリフ 'uni6B9B' に交差がある
INFO:最終チェックのグリフ 'uni6BA9' に交差がある
INFO:最終チェックのグリフ 'uni6BAA' に交差がある
INFO:最終チェックのグリフ 'uni6BAD' に交差がある
INFO:最終チェックのグリフ 'uni6BB7' に交差がある
INFO:最終チェックのグリフ 'uni6BBB' に交差がある
INFO:最終チェックのグリフ 'uni6BC0' に交差がある
INFO:最終チェックのグリフ 'uni6BC6' に交差がある
INFO:最終チェックのグリフ 'uni6BC8' に交差がある
INFO:最終チェックのグリフ 'uni6BC9' に交差がある
INFO:最終チェックのグリフ 'uni6BCE' に交差がある
INFO:最終チェックのグリフ 'uni6BD4' に交差がある
INFO:最終チェックのグリフ 'uni6BD7' に交差がある
INFO:最終チェックのグリフ 'uni6BEF' に交差がある
INFO:最終チェックのグリフ 'uni6BF3' に交差がある
INFO:最終チェックのグリフ 'uni6C05' に交差がある
INFO:最終チェックのグリフ 'uni6C08' に交差がある
INFO:最終チェックのグリフ 'uni6C0A' に交差がある
INFO:最終チェックのグリフ 'uni6C0E' に交差がある
INFO:最終チェックのグリフ 'uni6C10' に交差がある
INFO:最終チェックのグリフ 'uni6C13' に交差がある
INFO:最終チェックのグリフ 'uni6C14' に交差がある
INFO:最終チェックのグリフ 'uni6C1B' に交差がある
INFO:最終チェックのグリフ 'uni6C33' に交差がある
INFO:最終チェックのグリフ 'uni6C36' に交差がある
INFO:最終チェックのグリフ 'uni6C37' に交差がある
INFO:最終チェックのグリフ 'uni6C38' に交差がある
INFO:最終チェックのグリフ 'uni6C3A' に交差がある
INFO:最終チェックのグリフ 'uni6C42' に交差がある
INFO:最終チェックのグリフ 'uni6C4D' に交差がある
INFO:最終チェックのグリフ 'uni6C5E' に交差がある
INFO:最終チェックのグリフ 'uni6C67' に交差がある
INFO:最終チェックのグリフ 'uni6C6F' に交差がある
INFO:最終チェックのグリフ 'uni6C74' に交差がある
INFO:最終チェックのグリフ 'uni6C76' に交差がある
INFO:最終チェックのグリフ 'uni6C84' に交差がある
INFO:最終チェックのグリフ 'uni6C88' に交差がある
INFO:最終チェックのグリフ 'uni6C90' に交差がある
INFO:最終チェックのグリフ 'uni6C98' に交差がある
INFO:最終チェックのグリフ 'uni6C99' に交差がある
INFO:最終チェックのグリフ 'uni6CAB' に交差がある
INFO:最終チェックのグリフ 'uni6CC6' に交差がある
INFO:最終チェックのグリフ 'uni6CD3' に交差がある
INFO:最終チェックのグリフ 'uni6CDA' に交差がある
INFO:最終チェックのグリフ 'uni6CDB' に交差がある
INFO:最終チェックのグリフ 'uni6CE0' に交差がある
INFO:最終チェックのグリフ 'uni6CE9' に交差がある
INFO:最終チェックのグリフ 'uni6CF3' に交差がある
INFO:最終チェックのグリフ 'uni6D19' に交差がある
INFO:最終チェックのグリフ 'uni6D1B' に交差がある
INFO:最終チェックのグリフ 'uni6D3C' に交差がある
INFO:最終チェックのグリフ 'uni6D41' に交差がある
INFO:最終チェックのグリフ 'uni6D5A' に交差がある
INFO:最終チェックのグリフ 'uni6D63' に交差がある
INFO:最終チェックのグリフ 'uni6D6A' に交差がある
INFO:最終チェックのグリフ 'uni6D6C' に交差がある
INFO:最終チェックのグリフ 'uni6D78' に交差がある
INFO:最終チェックのグリフ 'uni6D82' に交差がある
INFO:最終チェックのグリフ 'uni6D91' に交差がある
INFO:最終チェックのグリフ 'uni6D98' に交差がある
INFO:最終チェックのグリフ 'uni6D99' に交差がある
INFO:最終チェックのグリフ 'uni6DB2' に交差がある
INFO:最終チェックのグリフ 'uni6DB5' に交差がある
INFO:最終チェックのグリフ 'uni6DBF' に交差がある
INFO:最終チェックのグリフ 'uni6DC2' に交差がある
INFO:最終チェックのグリフ 'uni6DC5' に交差がある
INFO:最終チェックのグリフ 'uni6DC8' に交差がある
INFO:最終チェックのグリフ 'uni6DCB' に交差がある
INFO:最終チェックのグリフ 'uni6DD1' に交差がある
INFO:最終チェックのグリフ 'uni6DD9' に交差がある
INFO:最終チェックのグリフ 'uni6DDB' に交差がある
INFO:最終チェックのグリフ 'uni6DDE' に交差がある
INFO:最終チェックのグリフ 'uni6DDF' に交差がある
INFO:最終チェックのグリフ 'uni6DE1' に交差がある
INFO:最終チェックのグリフ 'uni6DF1' に交差がある
INFO:最終チェックのグリフ 'uni6DF6' に交差がある
INFO:最終チェックのグリフ 'uni6DFC' に交差がある
INFO:最終チェックのグリフ 'uni6E09' に交差がある
INFO:最終チェックのグリフ 'uni6E0A' に交差がある
INFO:最終チェックのグリフ 'uni6E0B' に交差がある
INFO:最終チェックのグリフ 'uni6E15' に交差がある
INFO:最終チェックのグリフ 'uni6E1D' に交差がある
INFO:最終チェックのグリフ 'uni6E25' に交差がある
INFO:最終チェックのグリフ 'uni6E2B' に交差がある
INFO:最終チェックのグリフ 'uni6E2E' に交差がある
INFO:最終チェックのグリフ 'uni6E32' に交差がある
INFO:最終チェックのグリフ 'uni6E38' に交差がある
INFO:最終チェックのグリフ 'uni6E43' に交差がある
INFO:最終チェックのグリフ 'uni6E48' に交差がある
INFO:最終チェックのグリフ 'uni6E4E' に交差がある
INFO:最終チェックのグリフ 'uni6E5C' に交差がある
INFO:最終チェックのグリフ 'uni6E6F' に交差がある
INFO:最終チェックのグリフ 'uni6E72' に交差がある
INFO:最終チェックのグリフ 'uni6E76' に交差がある
INFO:最終チェックのグリフ 'uni6E7F' に交差がある
INFO:最終チェックのグリフ 'uni6E82' に交差がある
INFO:最終チェックのグリフ 'uni6E90' に交差がある
INFO:最終チェックのグリフ 'uni6E93' に交差がある
INFO:最終チェックのグリフ 'uni6E9C' に交差がある
INFO:最終チェックのグリフ 'uni6EA7' に交差がある
INFO:最終チェックのグリフ 'uni6EBD' に交差がある
INFO:最終チェックのグリフ 'uni6EC1' に交差がある
INFO:最終チェックのグリフ 'uni6EC3' に交差がある
INFO:最終チェックのグリフ 'uni6EC7' に交差がある
INFO:最終チェックのグリフ 'uni6EC9' に交差がある
INFO:最終チェックのグリフ 'uni6ECA' に交差がある
INFO:最終チェックのグリフ 'uni6ECB' に交差がある
INFO:最終チェックのグリフ 'uni6ECC' に交差がある
INFO:最終チェックのグリフ 'uni6ED1' に交差がある
INFO:最終チェックのグリフ 'uni6ED5' に交差がある
INFO:最終チェックのグリフ 'uni6EEF' に交差がある
INFO:最終チェックのグリフ 'uni6EF4' に交差がある
INFO:最終チェックのグリフ 'uni6EF7' に交差がある
INFO:最終チェックのグリフ 'uni6EF9' に交差がある
INFO:最終チェックのグリフ 'uni6EFB' に交差がある
INFO:最終チェックのグリフ 'uni6EFF' に交差がある
INFO:最終チェックのグリフ 'uni6F06' に交差がある
INFO:最終チェックのグリフ 'uni6F0C' に交差がある
INFO:最終チェックのグリフ 'uni6F0F' に交差がある
INFO:最終チェックのグリフ 'uni6F13' に交差がある
INFO:最終チェックのグリフ 'uni6F25' に交差がある
INFO:最終チェックのグリフ 'uni6F32' に交差がある
INFO:最終チェックのグリフ 'uni6F35' に交差がある
INFO:最終チェックのグリフ 'uni6F36' に交差がある
INFO:最終チェックのグリフ 'uni6F3E' に交差がある
INFO:最終チェックのグリフ 'uni6F3F' に交差がある
INFO:最終チェックのグリフ 'uni6F41' に交差がある
INFO:最終チェックのグリフ 'uni6F52' に交差がある
INFO:最終チェックのグリフ 'uni6F5E' に交差がある
INFO:最終チェックのグリフ 'uni6F6F' に交差がある
INFO:最終チェックのグリフ 'uni6F70' に交差がある
INFO:最終チェックのグリフ 'uni6F7A' に交差がある
INFO:最終チェックのグリフ 'uni6F7C' に交差がある
INFO:最終チェックのグリフ 'uni6F7D' に交差がある
INFO:最終チェックのグリフ 'uni6F80' に交差がある
INFO:最終チェックのグリフ 'uni6F81' に交差がある
INFO:最終チェックのグリフ 'uni6F84' に交差がある
INFO:最終チェックのグリフ 'uni6F88' に交差がある
INFO:最終チェックのグリフ 'uni6F8C' に交差がある
INFO:最終チェックのグリフ 'uni6F8D' に交差がある
INFO:最終チェックのグリフ 'uni6F96' に交差がある
INFO:最終チェックのグリフ 'uni6F9F' に交差がある
INFO:最終チェックのグリフ 'uni6FA1' に交差がある
INFO:最終チェックのグリフ 'uni6FA7' に交差がある
INFO:最終チェックのグリフ 'uni6FAA' に交差がある
INFO:最終チェックのグリフ 'uni6FB1' に交差がある
INFO:最終チェックのグリフ 'uni6FB6' に交差がある
INFO:最終チェックのグリフ 'uni6FBE' に交差がある
INFO:最終チェックのグリフ 'uni6FC0' に交差がある
INFO:最終チェックのグリフ 'uni6FC2' に交差がある
INFO:最終チェックのグリフ 'uni6FC3' に交差がある
INFO:最終チェックのグリフ 'uni6FD4' に交差がある
INFO:最終チェックのグリフ 'uni6FDA' に交差がある
INFO:最終チェックのグリフ 'uni6FDF' に交差がある
INFO:最終チェックのグリフ 'uni6FE4' に交差がある
INFO:最終チェックのグリフ 'uni6FEB' に交差がある
INFO:最終チェックのグリフ 'uni6FF1' に交差がある
INFO:最終チェックのグリフ 'uni6FF9' に交差がある
INFO:最終チェックのグリフ 'uni6FFA' に交差がある
INFO:最終チェックのグリフ 'uni6FFC' に交差がある
INFO:最終チェックのグリフ 'uni7005' に交差がある
INFO:最終チェックのグリフ 'uni7009' に交差がある
INFO:最終チェックのグリフ 'uni700A' に交差がある
INFO:最終チェックのグリフ 'uni700F' に交差がある
INFO:最終チェックのグリフ 'uni7011' に交差がある
INFO:最終チェックのグリフ 'uni7018' に交差がある
INFO:最終チェックのグリフ 'uni701A' に交差がある
INFO:最終チェックのグリフ 'uni701B' に交差がある
INFO:最終チェックのグリフ 'uni701D' に交差がある
INFO:最終チェックのグリフ 'uni701E' に交差がある
INFO:最終チェックのグリフ 'uni701F' に交差がある
INFO:最終チェックのグリフ 'uni7023' に交差がある
INFO:最終チェックのグリフ 'uni7028' に交差がある
INFO:最終チェックのグリフ 'uni702C' に交差がある
INFO:最終チェックのグリフ 'uni7030' に交差がある
INFO:最終チェックのグリフ 'uni7032' に交差がある
INFO:最終チェックのグリフ 'uni703E' に交差がある
INFO:最終チェックのグリフ 'uni7043' に交差がある
INFO:最終チェックのグリフ 'uni704A' に交差がある
INFO:最終チェックのグリフ 'uni704C' に交差がある
INFO:最終チェックのグリフ 'uni704E' に交差がある
INFO:最終チェックのグリフ 'uni7054' に交差がある
INFO:最終チェックのグリフ 'uni7058' に交差がある
INFO:最終チェックのグリフ 'uni7064' に交差がある
INFO:最終チェックのグリフ 'uni7069' に交差がある
INFO:最終チェックのグリフ 'uni7075' に交差がある
INFO:最終チェックのグリフ 'uni7076' に交差がある
INFO:最終チェックのグリフ 'uni707C' に交差がある
INFO:最終チェックのグリフ 'uni7081' に交差がある
INFO:最終チェックのグリフ 'uni70D4' に交差がある
INFO:最終チェックのグリフ 'uni70EC' に交差がある
INFO:最終チェックのグリフ 'uni70FD' に交差がある
INFO:最終チェックのグリフ 'uni7109' に交差がある
INFO:最終チェックのグリフ 'uni710C' に交差がある
INFO:最終チェックのグリフ 'uni711E' に交差がある
INFO:最終チェックのグリフ 'uni7120' に交差がある
INFO:最終チェックのグリフ 'uni712E' に交差がある
INFO:最終チェックのグリフ 'uni712F' に交差がある
INFO:最終チェックのグリフ 'uni7131' に交差がある
INFO:最終チェックのグリフ 'uni7136' に交差がある
INFO:最終チェックのグリフ 'uni713C' に交差がある
INFO:最終チェックのグリフ 'uni7149' に交差がある
INFO:最終チェックのグリフ 'uni714A' に交差がある
INFO:最終チェックのグリフ 'uni7152' に交差がある
INFO:最終チェックのグリフ 'uni7160' に交差がある
INFO:最終チェックのグリフ 'uni7162' に交差がある
INFO:最終チェックのグリフ 'uni7164' に交差がある
INFO:最終チェックのグリフ 'uni716C' に交差がある
INFO:最終チェックのグリフ 'uni717D' に交差がある
INFO:最終チェックのグリフ 'uni7184' に交差がある
INFO:最終チェックのグリフ 'uni718A' に交差がある
INFO:最終チェックのグリフ 'uni71A2' に交差がある
INFO:最終チェックのグリフ 'uni71BE' に交差がある
INFO:最終チェックのグリフ 'uni71C9' に交差がある
INFO:最終チェックのグリフ 'uni71D3' に交差がある
INFO:最終チェックのグリフ 'uni71D7' に交差がある
INFO:最終チェックのグリフ 'uni71DC' に交差がある
INFO:最終チェックのグリフ 'uni71E5' の参照が不正
INFO:最終チェックのグリフ 'uni71EC' の参照が不正
INFO:最終チェックのグリフ 'uni71ED' に交差がある
INFO:最終チェックのグリフ 'uni71FC' に交差がある
INFO:最終チェックのグリフ 'uni7200' に交差がある
INFO:最終チェックのグリフ 'uni7207' に交差がある
INFO:最終チェックのグリフ 'uni7210' に交差がある
INFO:最終チェックのグリフ 'uni721B' に交差がある
INFO:最終チェックのグリフ 'uni7228' に交差がある
INFO:最終チェックのグリフ 'uni7235' に交差がある
INFO:最終チェックのグリフ 'uni723E' に交差がある
INFO:最終チェックのグリフ 'uni7240' に交差がある
INFO:最終チェックのグリフ 'uni7252' に交差がある
INFO:最終チェックのグリフ 'uni7256' に交差がある
INFO:最終チェックのグリフ 'uni7272' に交差がある
INFO:最終チェックのグリフ 'uni7279' に交差がある
INFO:最終チェックのグリフ 'uni7287' に交差がある
INFO:最終チェックのグリフ 'uni72B2' に交差がある
INFO:最終チェックのグリフ 'uni72C2' に交差がある
INFO:最終チェックのグリフ 'uni72CE' に交差がある
INFO:最終チェックのグリフ 'uni72EC' に交差がある
INFO:最終チェックのグリフ 'uni72F3' に交差がある
INFO:最終チェックのグリフ 'uni72FC' に交差がある
INFO:最終チェックのグリフ 'uni7307' に交差がある
INFO:最終チェックのグリフ 'uni7312' に交差がある
INFO:最終チェックのグリフ 'uni7318' に交差がある
INFO:最終チェックのグリフ 'uni7319' に交差がある
INFO:最終チェックのグリフ 'uni7324' に交差がある
INFO:最終チェックのグリフ 'uni7329' に交差がある
INFO:最終チェックのグリフ 'uni7331' に交差がある
INFO:最終チェックのグリフ 'uni7344' に交差がある
INFO:最終チェックのグリフ 'uni736C' に交差がある
INFO:最終チェックのグリフ 'uni736E' に交差がある
INFO:最終チェックのグリフ 'uni7375' に交差がある
INFO:最終チェックのグリフ 'uni737A' に交差がある
INFO:最終チェックのグリフ 'uni737B' に交差がある
INFO:最終チェックのグリフ 'uni737C' に交差がある
INFO:最終チェックのグリフ 'uni7385' に交差がある
INFO:最終チェックのグリフ 'uni73A5' に交差がある
INFO:最終チェックのグリフ 'uni73A9' に交差がある
INFO:最終チェックのグリフ 'uni73B2' に交差がある
INFO:最終チェックのグリフ 'uni73BC' に交差がある
INFO:最終チェックのグリフ 'uni73C8' の参照が不正
INFO:最終チェックのグリフ 'uni73C9' に交差がある
INFO:最終チェックのグリフ 'uni73CE' に交差がある
INFO:最終チェックのグリフ 'uni73D2' に交差がある
INFO:最終チェックのグリフ 'uni73D9' に交差がある
INFO:最終チェックのグリフ 'uni73DE' に交差がある
INFO:最終チェックのグリフ 'uni73E0' に交差がある
INFO:最終チェックのグリフ 'uni73E7' に交差がある
INFO:最終チェックのグリフ 'uni73E9' に交差がある
INFO:最終チェックのグリフ 'uni73F8' に交差がある
INFO:最終チェックのグリフ 'uni7401' に交差がある
INFO:最終チェックのグリフ 'uni7403' に交差がある
INFO:最終チェックのグリフ 'uni7405' に交差がある
INFO:最終チェックのグリフ 'uni7406' に交差がある
INFO:最終チェックのグリフ 'uni7409' に交差がある
INFO:最終チェックのグリフ 'uni741B' に交差がある
INFO:最終チェックのグリフ 'uni7426' に交差がある
INFO:最終チェックのグリフ 'uni742F' に交差がある
INFO:最終チェックのグリフ 'uni7444' に交差がある
INFO:最終チェックのグリフ 'uni7452' に交差がある
INFO:最終チェックのグリフ 'uni7453' に交差がある
INFO:最終チェックのグリフ 'uni745B' に交差がある
INFO:最終チェックのグリフ 'uni745C' に交差がある
INFO:最終チェックのグリフ 'uni745E' に交差がある
INFO:最終チェックのグリフ 'uni7464' に交差がある
INFO:最終チェックのグリフ 'uni7469' に交差がある
INFO:最終チェックのグリフ 'uni746D' に交差がある
INFO:最終チェックのグリフ 'uni7471' に交差がある
INFO:最終チェックのグリフ 'uni7473' に交差がある
INFO:最終チェックのグリフ 'uni747E' に交差がある
INFO:最終チェックのグリフ 'uni7481' に交差がある
INFO:最終チェックのグリフ 'uni7483' に交差がある
INFO:最終チェックのグリフ 'uni7485' に交差がある
INFO:最終チェックのグリフ 'uni7487' に交差がある
INFO:最終チェックのグリフ 'uni7488' に交差がある
INFO:最終チェックのグリフ 'uni7489' に交差がある
INFO:最終チェックのグリフ 'uni7497' に交差がある
INFO:最終チェックのグリフ 'uni7498' に交差がある
INFO:最終チェックのグリフ 'uni749F' に交差がある
INFO:最終チェックのグリフ 'uni74A3' に交差がある
INFO:最終チェックのグリフ 'uni74A9' に交差がある
INFO:最終チェックのグリフ 'uni74AA' に交差がある
INFO:最終チェックのグリフ 'uni74B9' に交差がある
INFO:最終チェックのグリフ 'uni74BB' に交差がある
INFO:最終チェックのグリフ 'uni74BF' に交差がある
INFO:最終チェックのグリフ 'uni74D6' に交差がある
INFO:最終チェックのグリフ 'uni74D8' に交差がある
INFO:最終チェックのグリフ 'uni74E0' に交差がある
INFO:最終チェックのグリフ 'uni74E2' に交差がある
INFO:最終チェックのグリフ 'uni74E3' に交差がある
INFO:最終チェックのグリフ 'uni74E9' に交差がある
INFO:最終チェックのグリフ 'uni74EF' に交差がある
INFO:最終チェックのグリフ 'uni74F0' に交差がある
INFO:最終チェックのグリフ 'uni74FA' に交差がある
INFO:最終チェックのグリフ 'uni7505' に交差がある
INFO:最終チェックのグリフ 'uni750D' に交差がある
INFO:最終チェックのグリフ 'uni7525' に交差がある
INFO:最終チェックのグリフ 'uni752F' に交差がある
INFO:最終チェックのグリフ 'uni7532' に交差がある
INFO:最終チェックのグリフ 'uni7538' に交差がある
INFO:最終チェックのグリフ 'uni753D' に交差がある
INFO:最終チェックのグリフ 'uni7549' に交差がある
INFO:最終チェックのグリフ 'uni754E' に交差がある
INFO:最終チェックのグリフ 'uni7554' に交差がある
INFO:最終チェックのグリフ 'uni755B' に交差がある
INFO:最終チェックのグリフ 'uni756D' に交差がある
INFO:最終チェックのグリフ 'uni7577' に交差がある
INFO:最終チェックのグリフ 'uni757D' に交差がある
INFO:最終チェックのグリフ 'uni7586' に交差がある
INFO:最終チェックのグリフ 'uni758A' に交差がある
INFO:最終チェックのグリフ 'uni758B' に交差がある
INFO:最終チェックのグリフ 'uni758E' に交差がある
INFO:最終チェックのグリフ 'uni7591' に交差がある
INFO:最終チェックのグリフ 'uni75B5' に交差がある
INFO:最終チェックのグリフ 'uni75B7' に交差がある
INFO:最終チェックのグリフ 'uni75D9' に交差がある
INFO:最終チェックのグリフ 'uni75E0' に交差がある
INFO:最終チェックのグリフ 'uni75E2' に交差がある
INFO:最終チェックのグリフ 'uni75F1' に交差がある
INFO:最終チェックのグリフ 'uni75F2' に交差がある
INFO:最終チェックのグリフ 'uni75F3' に交差がある
INFO:最終チェックのグリフ 'uni75F4' に交差がある
INFO:最終チェックのグリフ 'uni7607' に交差がある
INFO:最終チェックのグリフ 'uni7609' に交差がある
INFO:最終チェックのグリフ 'uni7616' に交差がある
INFO:最終チェックのグリフ 'uni7619' に交差がある
INFO:最終チェックのグリフ 'uni761B' に交差がある
INFO:最終チェックのグリフ 'uni761F' に交差がある
INFO:最終チェックのグリフ 'uni7620' に交差がある
INFO:最終チェックのグリフ 'uni7626' に交差がある
INFO:最終チェックのグリフ 'uni7627' に交差がある
INFO:最終チェックのグリフ 'uni7633' に交差がある
INFO:最終チェックのグリフ 'uni763C' に交差がある
INFO:最終チェックのグリフ 'uni7643' に交差がある
INFO:最終チェックのグリフ 'uni7646' に交差がある
INFO:最終チェックのグリフ 'uni7647' に交差がある
INFO:最終チェックのグリフ 'uni7655' に交差がある
INFO:最終チェックのグリフ 'uni7658' に交差がある
INFO:最終チェックのグリフ 'uni765C' に交差がある
INFO:最終チェックのグリフ 'uni7661' に交差がある
INFO:最終チェックのグリフ 'uni7664' に交差がある
INFO:最終チェックのグリフ 'uni7665' に交差がある
INFO:最終チェックのグリフ 'uni7667' に交差がある
INFO:最終チェックのグリフ 'uni7668' に交差がある
INFO:最終チェックのグリフ 'uni7669' に交差がある
INFO:最終チェックのグリフ 'uni766D' に交差がある
INFO:最終チェックのグリフ 'uni766F' に交差がある
INFO:最終チェックのグリフ 'uni7670' に交差がある
INFO:最終チェックのグリフ 'uni7671' に交差がある
INFO:最終チェックのグリフ 'uni7686' に交差がある
INFO:最終チェックのグリフ 'uni768B' に交差がある
INFO:最終チェックのグリフ 'uni769B' に交差がある
INFO:最終チェックのグリフ 'uni769D' に交差がある
INFO:最終チェックのグリフ 'uni769E' に交差がある
INFO:最終チェックのグリフ 'uni76A8' に交差がある
INFO:最終チェックのグリフ 'uni76AA' に交差がある
INFO:最終チェックのグリフ 'uni76B0' に交差がある
INFO:最終チェックのグリフ 'uni76B4' に交差がある
INFO:最終チェックのグリフ 'uni76BA' に交差がある
INFO:最終チェックのグリフ 'uni76DC' に交差がある
INFO:最終チェックのグリフ 'uni76E4' に交差がある
INFO:最終チェックのグリフ 'uni76E7' に交差がある
INFO:最終チェックのグリフ 'uni771B' に交差がある
INFO:最終チェックのグリフ 'uni7720' に交差がある
INFO:最終チェックのグリフ 'uni7725' に交差がある
INFO:最終チェックのグリフ 'uni773A' に交差がある
INFO:最終チェックのグリフ 'uni773C' に交差がある
INFO:最終チェックのグリフ 'uni7747' に交差がある
INFO:最終チェックのグリフ 'uni774E' に交差がある
INFO:最終チェックのグリフ 'uni7758' に交差がある
INFO:最終チェックのグリフ 'uni776A' に交差がある
INFO:最終チェックのグリフ 'uni7779' に交差がある
INFO:最終チェックのグリフ 'uni779E' に交差がある
INFO:最終チェックのグリフ 'uni779F' に交差がある
INFO:最終チェックのグリフ 'uni77A0' に交差がある
INFO:最終チェックのグリフ 'uni77AC' に交差がある
INFO:最終チェックのグリフ 'uni77B0' に交差がある
INFO:最終チェックのグリフ 'uni77B3' に交差がある
INFO:最終チェックのグリフ 'uni77C7' に交差がある
INFO:最終チェックのグリフ 'uni77CD' に交差がある
INFO:最終チェックのグリフ 'uni77D7' に交差がある
INFO:最終チェックのグリフ 'uni77DA' に交差がある
INFO:最終チェックのグリフ 'uni77DB' に交差がある
INFO:最終チェックのグリフ 'uni77DF' に交差がある
INFO:最終チェックのグリフ 'uni77ED' に交差がある
INFO:最終チェックのグリフ 'uni77EE' に交差がある
INFO:最終チェックのグリフ 'uni77EF' に交差がある
INFO:最終チェックのグリフ 'uni7805' に交差がある
INFO:最終チェックのグリフ 'uni7812' に交差がある
INFO:最終チェックのグリフ 'uni7819' に交差がある
INFO:最終チェックのグリフ 'uni782D' に交差がある
INFO:最終チェックのグリフ 'uni7843' に交差がある
INFO:最終チェックのグリフ 'uni7847' に交差がある
INFO:最終チェックのグリフ 'uni786A' に交差がある
INFO:最終チェックのグリフ 'uni786B' に交差がある
INFO:最終チェックのグリフ 'uni7874' に交差がある
INFO:最終チェックのグリフ 'uni787A' に交差がある
INFO:最終チェックのグリフ 'uni787C' に交差がある
INFO:最終チェックのグリフ 'uni7886' に交差がある
INFO:最終チェックのグリフ 'uni788A' に交差がある
INFO:最終チェックのグリフ 'uni788C' に交差がある
INFO:最終チェックのグリフ 'uni7897' に交差がある
INFO:最終チェックのグリフ 'uni789F' に交差がある
INFO:最終チェックのグリフ 'uni78A4' に交差がある
INFO:最終チェックのグリフ 'uni78AD' に交差がある
INFO:最終チェックのグリフ 'uni78AF' に交差がある
INFO:最終チェックのグリフ 'uni78BB' に交差がある
INFO:最終チェックのグリフ 'uni78C1' に交差がある
INFO:最終チェックのグリフ 'uni78C8' に交差がある
INFO:最終チェックのグリフ 'uni78CA' に交差がある
INFO:最終チェックのグリフ 'uni78D4' に交差がある
INFO:最終チェックのグリフ 'uni78DA' に交差がある
INFO:最終チェックのグリフ 'uni78E0' に交差がある
INFO:最終チェックのグリフ 'uni78E6' に交差がある
INFO:最終チェックのグリフ 'uni78F2' に交差がある
INFO:最終チェックのグリフ 'uni78F4' に交差がある
INFO:最終チェックのグリフ 'uni78FD' に交差がある
INFO:最終チェックのグリフ 'uni7900' に交差がある
INFO:最終チェックのグリフ 'uni7910' に交差がある
INFO:最終チェックのグリフ 'uni7919' に交差がある
INFO:最終チェックのグリフ 'uni791B' に交差がある
INFO:最終チェックのグリフ 'uni791C' に交差がある
INFO:最終チェックのグリフ 'uni7925' に交差がある
INFO:最終チェックのグリフ 'uni792B' に交差がある
INFO:最終チェックのグリフ 'uni792E' に交差がある
INFO:最終チェックのグリフ 'uni7947' に交差がある
INFO:最終チェックのグリフ 'uni7958' に交差がある
INFO:最終チェックのグリフ 'uni795F' に交差がある
INFO:最終チェックのグリフ 'uni797F' に交差がある
INFO:最終チェックのグリフ 'uni7981' に交差がある
INFO:最終チェックのグリフ 'uni7984' に交差がある
INFO:最終チェックのグリフ 'uni798A' に交差がある
INFO:最終チェックのグリフ 'uni798E' に交差がある
INFO:最終チェックのグリフ 'uni799B' に交差がある
INFO:最終チェックのグリフ 'uni79A6' に交差がある
INFO:最終チェックのグリフ 'uni79A7' に交差がある
INFO:最終チェックのグリフ 'uni79AA' に交差がある
INFO:最終チェックのグリフ 'uni79AE' に交差がある
INFO:最終チェックのグリフ 'uni79B0' に交差がある
INFO:最終チェックのグリフ 'uni79B3' に交差がある
INFO:最終チェックのグリフ 'uni79BD' に交差がある
INFO:最終チェックのグリフ 'uni79BE' に交差がある
INFO:最終チェックのグリフ 'uni79D6' に交差がある
INFO:最終チェックのグリフ 'uni79D8' に交差がある
INFO:最終チェックのグリフ 'uni79E3' に交差がある
INFO:最終チェックのグリフ 'uni79EB' に交差がある
INFO:最終チェックのグリフ 'uni7A0B' に交差がある
INFO:最終チェックのグリフ 'uni7A0D' に交差がある
INFO:最終チェックのグリフ 'uni7A1E' に交差がある
INFO:最終チェックのグリフ 'uni7A2E' に交差がある
INFO:最終チェックのグリフ 'uni7A3B' に交差がある
INFO:最終チェックのグリフ 'uni7A46' に交差がある
INFO:最終チェックのグリフ 'uni7A4C' に交差がある
INFO:最終チェックのグリフ 'uni7A4E' に交差がある
INFO:最終チェックのグリフ 'uni7A56' に交差がある
INFO:最終チェックのグリフ 'uni7A5C' に交差がある
INFO:最終チェックのグリフ 'uni7A5F' に交差がある
INFO:最終チェックのグリフ 'uni7A60' に交差がある
INFO:最終チェックのグリフ 'uni7A62' に交差がある
INFO:最終チェックのグリフ 'uni7A6A' に交差がある
INFO:最終チェックのグリフ 'uni7A70' に交差がある
INFO:最終チェックのグリフ 'uni7A75' に交差がある
INFO:最終チェックのグリフ 'uni7A76' に交差がある
INFO:最終チェックのグリフ 'uni7A7A' に交差がある
INFO:最終チェックのグリフ 'uni7A88' に交差がある
INFO:最終チェックのグリフ 'uni7A8A' に交差がある
INFO:最終チェックのグリフ 'uni7AAA' に交差がある
INFO:最終チェックのグリフ 'uni7AAC' に交差がある
INFO:最終チェックのグリフ 'uni7AAE' に交差がある
INFO:最終チェックのグリフ 'uni7AB3' に交差がある
INFO:最終チェックのグリフ 'uni7ABE' に交差がある
INFO:最終チェックのグリフ 'uni7ABF' に交差がある
INFO:最終チェックのグリフ 'uni7AC8' に交差がある
INFO:最終チェックのグリフ 'uni7ACA' に交差がある
INFO:最終チェックのグリフ 'uni7AD1' に交差がある
INFO:最終チェックのグリフ 'uni7AE6' に交差がある
INFO:最終チェックのグリフ 'uni7AED' に交差がある
INFO:最終チェックのグリフ 'uni7AF0' に交差がある
INFO:最終チェックのグリフ 'uni7B02' に交差がある
INFO:最終チェックのグリフ 'uni7B07' に交差がある
INFO:最終チェックのグリフ 'uni7B0F' に交差がある
INFO:最終チェックのグリフ 'uni7B11' に交差がある
INFO:最終チェックのグリフ 'uni7B1B' に交差がある
INFO:最終チェックのグリフ 'uni7B2A' に交差がある
INFO:最終チェックのグリフ 'uni7B2F' に交差がある
INFO:最終チェックのグリフ 'uni7B4D' に交差がある
INFO:最終チェックのグリフ 'uni7B51' に交差がある
INFO:最終チェックのグリフ 'uni7B5D' に交差がある
INFO:最終チェックのグリフ 'uni7B60' に交差がある
INFO:最終チェックのグリフ 'uni7B64' に交差がある
INFO:最終チェックのグリフ 'uni7B66' に交差がある
INFO:最終チェックのグリフ 'uni7B69' に交差がある
INFO:最終チェックのグリフ 'uni7B6E' に交差がある
INFO:最終チェックのグリフ 'uni7B71' に交差がある
INFO:最終チェックのグリフ 'uni7B72' に交差がある
INFO:最終チェックのグリフ 'uni7B73' に交差がある
INFO:最終チェックのグリフ 'uni7B97' に交差がある
INFO:最終チェックのグリフ 'uni7B9A' に交差がある
INFO:最終チェックのグリフ 'uni7B9B' に交差がある
INFO:最終チェックのグリフ 'uni7B9E' に交差がある
INFO:最終チェックのグリフ 'uni7B9F' に交差がある
INFO:最終チェックのグリフ 'uni7BB1' に交差がある
INFO:最終チェックのグリフ 'uni7BB4' に交差がある
INFO:最終チェックのグリフ 'uni7BBC' に交差がある
INFO:最終チェックのグリフ 'uni7BC1' に交差がある
INFO:最終チェックのグリフ 'uni7BC4' に交差がある
INFO:最終チェックのグリフ 'uni7BC6' に交差がある
INFO:最終チェックのグリフ 'uni7BCB' に交差がある
INFO:最終チェックのグリフ 'uni7BE4' に交差がある
INFO:最終チェックのグリフ 'uni7BE9' に交差がある
INFO:最終チェックのグリフ 'uni7BEA' に交差がある
INFO:最終チェックのグリフ 'uni7C0F' に交差がある
INFO:最終チェックのグリフ 'uni7C11' に交差がある
INFO:最終チェックのグリフ 'uni7C12' に交差がある
INFO:最終チェックのグリフ 'uni7C13' に交差がある
INFO:最終チェックのグリフ 'uni7C36' に交差がある
INFO:最終チェックのグリフ 'uni7C37' に交差がある
INFO:最終チェックのグリフ 'uni7C3F' に交差がある
INFO:最終チェックのグリフ 'uni7C4C' に交差がある
INFO:最終チェックのグリフ 'uni7C50' に交差がある
INFO:最終チェックのグリフ 'uni7C54' に交差がある
INFO:最終チェックのグリフ 'uni7C58' に交差がある
INFO:最終チェックのグリフ 'uni7C59' に交差がある
INFO:最終チェックのグリフ 'uni7C5E' に交差がある
INFO:最終チェックのグリフ 'uni7C64' に交差がある
INFO:最終チェックのグリフ 'uni7C6C' に交差がある
INFO:最終チェックのグリフ 'uni7C6E' に交差がある
INFO:最終チェックのグリフ 'uni7C6F' に交差がある
INFO:最終チェックのグリフ 'uni7C73' に交差がある
INFO:最終チェックのグリフ 'uni7C7E' に交差がある
INFO:最終チェックのグリフ 'uni7C83' に交差がある
INFO:最終チェックのグリフ 'uni7C8D' に交差がある
INFO:最終チェックのグリフ 'uni7C92' に交差がある
INFO:最終チェックのグリフ 'uni7C9B' に交差がある
INFO:最終チェックのグリフ 'uni7CA5' に交差がある
INFO:最終チェックのグリフ 'uni7CB1' に交差がある
INFO:最終チェックのグリフ 'uni7CB6' に交差がある
INFO:最終チェックのグリフ 'uni7CB7' に交差がある
INFO:最終チェックのグリフ 'uni7CBF' に交差がある
INFO:最終チェックのグリフ 'uni7CC4' に交差がある
INFO:最終チェックのグリフ 'uni7CC5' に交差がある
INFO:最終チェックのグリフ 'uni7CC8' に交差がある
INFO:最終チェックのグリフ 'uni7CCA' に交差がある
INFO:最終チェックのグリフ 'uni7CE0' に交差がある
INFO:最終チェックのグリフ 'uni7CE2' に交差がある
INFO:最終チェックのグリフ 'uni7CE7' に交差がある
INFO:最終チェックのグリフ 'uni7CEB' に交差がある
INFO:最終チェックのグリフ 'uni7CEF' に交差がある
INFO:最終チェックのグリフ 'uni7CF4' に交差がある
INFO:最終チェックのグリフ 'uni7CF6' に交差がある
INFO:最終チェックのグリフ 'uni7CFA' に交差がある
INFO:最終チェックのグリフ 'uni7D10' に交差がある
INFO:最終チェックのグリフ 'uni7D18' に交差がある
INFO:最終チェックのグリフ 'uni7D2B' に交差がある
INFO:最終チェックのグリフ 'uni7D2C' に交差がある
INFO:最終チェックのグリフ 'uni7D31' に交差がある
INFO:最終チェックのグリフ 'uni7D41' に交差がある
INFO:最終チェックのグリフ 'uni7D43' に交差がある
INFO:最終チェックのグリフ 'uni7D47' に交差がある
INFO:最終チェックのグリフ 'uni7D48' に交差がある
INFO:最終チェックのグリフ 'uni7D62' に交差がある
INFO:最終チェックのグリフ 'uni7D68' に交差がある
INFO:最終チェックのグリフ 'uni7D6E' に交差がある
INFO:最終チェックのグリフ 'uni7D71' に交差がある
INFO:最終チェックのグリフ 'uni7D72' に交差がある
INFO:最終チェックのグリフ 'uni7D75' に交差がある
INFO:最終チェックのグリフ 'uni7D7F' に交差がある
INFO:最終チェックのグリフ 'uni7D83' に交差がある
INFO:最終チェックのグリフ 'uni7D8F' に交差がある
INFO:最終チェックのグリフ 'uni7D93' に交差がある
INFO:最終チェックのグリフ 'uni7D99' に交差がある
INFO:最終チェックのグリフ 'uni7D9C' に交差がある
INFO:最終チェックのグリフ 'uni7DA0' に交差がある
INFO:最終チェックのグリフ 'uni7DA2' に交差がある
INFO:最終チェックのグリフ 'uni7DAA' に交差がある
INFO:最終チェックのグリフ 'uni7DB5' に交差がある
INFO:最終チェックのグリフ 'uni7DB6' に交差がある
INFO:最終チェックのグリフ 'uni7DBA' に交差がある
INFO:最終チェックのグリフ 'uni7DC0' に交差がある
INFO:最終チェックのグリフ 'uni7DCA' に交差がある
INFO:最終チェックのグリフ 'uni7DD1' に交差がある
INFO:最終チェックのグリフ 'uni7DD6' に交差がある
INFO:最終チェックのグリフ 'uni7DDA' に交差がある
INFO:最終チェックのグリフ 'uni7DDC' に交差がある
INFO:最終チェックのグリフ 'uni7DDE' に交差がある
INFO:最終チェックのグリフ 'uni7DE0' に交差がある
INFO:最終チェックのグリフ 'uni7DE1' に交差がある
INFO:最終チェックのグリフ 'uni7DE3' に交差がある
INFO:最終チェックのグリフ 'uni7DE4' に交差がある
INFO:最終チェックのグリフ 'uni7DE6' に交差がある
INFO:最終チェックのグリフ 'uni7DE9' に交差がある
INFO:最終チェックのグリフ 'uni7DF1' に交差がある
INFO:最終チェックのグリフ 'uni7DF4' に交差がある
INFO:最終チェックのグリフ 'uni7E01' に交差がある
INFO:最終チェックのグリフ 'uni7E09' に交差がある
INFO:最終チェックのグリフ 'uni7E0A' に交差がある
INFO:最終チェックのグリフ 'uni7E11' に交差がある
INFO:最終チェックのグリフ 'uni7E20' に交差がある
INFO:最終チェックのグリフ 'uni7E22' に交差がある
INFO:最終チェックのグリフ 'uni7E26' に交差がある
INFO:最終チェックのグリフ 'uni7E27' に交差がある
INFO:最終チェックのグリフ 'uni7E31' に交差がある
INFO:最終チェックのグリフ 'uni7E39' に交差がある
INFO:最終チェックのグリフ 'uni7E3D' に交差がある
INFO:最終チェックのグリフ 'uni7E41' に交差がある
INFO:最終チェックのグリフ 'uni7E47' に交差がある
INFO:最終チェックのグリフ 'uni7E4A' に交差がある
INFO:最終チェックのグリフ 'uni7E4D' に交差がある
INFO:最終チェックのグリフ 'uni7E52' に交差がある
INFO:最終チェックのグリフ 'uni7E55' に交差がある
INFO:最終チェックのグリフ 'uni7E56' に交差がある
INFO:最終チェックのグリフ 'uni7E5D' に交差がある
INFO:最終チェックのグリフ 'uni7E5E' に交差がある
INFO:最終チェックのグリフ 'uni7E61' に交差がある
INFO:最終チェックのグリフ 'uni7E66' に交差がある
INFO:最終チェックのグリフ 'uni7E67' に交差がある
INFO:最終チェックのグリフ 'uni7E6A' に交差がある
INFO:最終チェックのグリフ 'uni7E6B' に交差がある
INFO:最終チェックのグリフ 'uni7E6D' に交差がある
INFO:最終チェックのグリフ 'uni7E70' に交差がある
INFO:最終チェックのグリフ 'uni7E73' に交差がある
INFO:最終チェックのグリフ 'uni7E75' に交差がある
INFO:最終チェックのグリフ 'uni7E79' に交差がある
INFO:最終チェックのグリフ 'uni7E7B' に交差がある
INFO:最終チェックのグリフ 'uni7E7C' に交差がある
INFO:最終チェックのグリフ 'uni7E7F' に交差がある
INFO:最終チェックのグリフ 'uni7E82' に交差がある
INFO:最終チェックのグリフ 'uni7E83' に交差がある
INFO:最終チェックのグリフ 'uni7E86' に交差がある
INFO:最終チェックのグリフ 'uni7E88' に交差がある
INFO:最終チェックのグリフ 'uni7E89' に交差がある
INFO:最終チェックのグリフ 'uni7E8F' に交差がある
INFO:最終チェックのグリフ 'uni7E91' に交差がある
INFO:最終チェックのグリフ 'uni7E92' に交差がある
INFO:最終チェックのグリフ 'uni7E94' に交差がある
INFO:最終チェックのグリフ 'uni7E98' に交差がある
INFO:最終チェックのグリフ 'uni7E9A' に交差がある
INFO:最終チェックのグリフ 'uni7F3A' に交差がある
INFO:最終チェックのグリフ 'uni7F45' に交差がある
INFO:最終チェックのグリフ 'uni7F47' に交差がある
INFO:最終チェックのグリフ 'uni7F4F' に交差がある
INFO:最終チェックのグリフ 'uni7F50' に交差がある
INFO:最終チェックのグリフ 'uni7F51' に交差がある
INFO:最終チェックのグリフ 'uni7F67' に交差がある
INFO:最終チェックのグリフ 'uni7F7D' に交差がある
INFO:最終チェックのグリフ 'uni7F82' に交差がある
INFO:最終チェックのグリフ 'uni7F85' に交差がある
INFO:最終チェックのグリフ 'uni7F97' に交差がある
INFO:最終チェックのグリフ 'uni7F9D' に交差がある
INFO:最終チェックのグリフ 'uni7F9E' に交差がある
INFO:最終チェックのグリフ 'uni7FAF' に交差がある
INFO:最終チェックのグリフ 'uni7FB6' に交差がある
INFO:最終チェックのグリフ 'uni7FB8' に交差がある
INFO:最終チェックのグリフ 'uni7FDB' に交差がある
INFO:最終チェックのグリフ 'uni7FE5' に交差がある
INFO:最終チェックのグリフ 'uni7FE6' に交差がある
INFO:最終チェックのグリフ 'uni7FE9' に交差がある
INFO:最終チェックのグリフ 'uni7FF0' に交差がある
INFO:最終チェックのグリフ 'uni7FF3' に交差がある
INFO:最終チェックのグリフ 'uni8000' に交差がある
INFO:最終チェックのグリフ 'uni8002' に交差がある
INFO:最終チェックのグリフ 'uni800B' に交差がある
INFO:最終チェックのグリフ 'uni8012' に交差がある
INFO:最終チェックのグリフ 'uni8017' に交差がある
INFO:最終チェックのグリフ 'uni801C' に交差がある
INFO:最終チェックのグリフ 'uni8021' に交差がある
INFO:最終チェックのグリフ 'uni8061' に交差がある
INFO:最終チェックのグリフ 'uni8066' に交差がある
INFO:最終チェックのグリフ 'uni806F' に交差がある
INFO:最終チェックのグリフ 'uni8070' に交差がある
INFO:最終チェックのグリフ 'uni8074' に交差がある
INFO:最終チェックのグリフ 'uni8075' に交差がある
INFO:最終チェックのグリフ 'uni8076' に交差がある
INFO:最終チェックのグリフ 'uni8098' に交差がある
INFO:最終チェックのグリフ 'uni80AC' に交差がある
INFO:最終チェックのグリフ 'uni80B1' に交差がある
INFO:最終チェックのグリフ 'uni80D5' に交差がある
INFO:最終チェックのグリフ 'uni80D8' に交差がある
INFO:最終チェックのグリフ 'uni80DE' に交差がある
INFO:最終チェックのグリフ 'uni80E6' に交差がある
INFO:最終チェックのグリフ 'uni8108' に交差がある
INFO:最終チェックのグリフ 'uni8109' に交差がある
INFO:最終チェックのグリフ 'uni8116' に交差がある
INFO:最終チェックのグリフ 'uni8118' に交差がある
INFO:最終チェックのグリフ 'uni811E' に交差がある
INFO:最終チェックのグリフ 'uni8123' に交差がある
INFO:最終チェックのグリフ 'uni8124' に交差がある
INFO:最終チェックのグリフ 'uni8127' に交差がある
INFO:最終チェックのグリフ 'uni812C' に交差がある
INFO:最終チェックのグリフ 'uni812F' に交差がある
INFO:最終チェックのグリフ 'uni8150' に交差がある
INFO:最終チェックのグリフ 'uni8155' に交差がある
INFO:最終チェックのグリフ 'uni8160' に交差がある
INFO:最終チェックのグリフ 'uni8165' に交差がある
INFO:最終チェックのグリフ 'uni816B' に交差がある
INFO:最終チェックのグリフ 'uni816D' に交差がある
INFO:最終チェックのグリフ 'uni816E' に交差がある
INFO:最終チェックのグリフ 'uni817A' に交差がある
INFO:最終チェックのグリフ 'uni817F' に交差がある
INFO:最終チェックのグリフ 'uni8181' に交差がある
INFO:最終チェックのグリフ 'uni8184' に交差がある
INFO:最終チェックのグリフ 'uni8185' に交差がある
INFO:最終チェックのグリフ 'uni8193' に交差がある
INFO:最終チェックのグリフ 'uni819D' に交差がある
INFO:最終チェックのグリフ 'uni81A3' に交差がある
INFO:最終チェックのグリフ 'uni81A9' に交差がある
INFO:最終チェックのグリフ 'uni81B0' に交差がある
INFO:最終チェックのグリフ 'uni81B3' に交差がある
INFO:最終チェックのグリフ 'uni81BB' に交差がある
INFO:最終チェックのグリフ 'uni81C1' に交差がある
INFO:最終チェックのグリフ 'uni81C3' に交差がある
INFO:最終チェックのグリフ 'uni81C9' の参照が不正
INFO:最終チェックのグリフ 'uni81CA' に交差がある
INFO:最終チェックのグリフ 'uni81D7' に交差がある
INFO:最終チェックのグリフ 'uni81D8' に交差がある
INFO:最終チェックのグリフ 'uni81DA' に交差がある
INFO:最終チェックのグリフ 'uni81DB' に交差がある
INFO:最終チェックのグリフ 'uni81FA' に交差がある
INFO:最終チェックのグリフ 'uni8204' に交差がある
INFO:最終チェックのグリフ 'uni8205' に交差がある
INFO:最終チェックのグリフ 'uni8207' に交差がある
INFO:最終チェックのグリフ 'uni8209' に交差がある
INFO:最終チェックのグリフ 'uni8216' に交差がある
INFO:最終チェックのグリフ 'uni822E' に交差がある
INFO:最終チェックのグリフ 'uni8237' に交差がある
INFO:最終チェックのグリフ 'uni8240' に交差がある
INFO:最終チェックのグリフ 'uni8247' に交差がある
INFO:最終チェックのグリフ 'uni8257' に交差がある
INFO:最終チェックのグリフ 'uni825F' に交差がある
INFO:最終チェックのグリフ 'uni8262' に交差がある
INFO:最終チェックのグリフ 'uni8263' に交差がある
INFO:最終チェックのグリフ 'uni8264' に交差がある
INFO:最終チェックのグリフ 'uni8266' に交差がある
INFO:最終チェックのグリフ 'uni8268' に交差がある
INFO:最終チェックのグリフ 'uni826A' の参照が不正
INFO:最終チェックのグリフ 'uni826B' に交差がある
INFO:最終チェックのグリフ 'uni8271' に交差がある
INFO:最終チェックのグリフ 'uni8274' に交差がある
INFO:最終チェックのグリフ 'uni8276' に交差がある
INFO:最終チェックのグリフ 'uni82A4' に交差がある
INFO:最終チェックのグリフ 'uni82A7' に交差がある
INFO:最終チェックのグリフ 'uni82BC' に交差がある
INFO:最終チェックのグリフ 'uni82DF' に交差がある
INFO:最終チェックのグリフ 'uni82F3' に交差がある
INFO:最終チェックのグリフ 'uni82FB' に交差がある
INFO:最終チェックのグリフ 'uni8309' に交差がある
INFO:最終チェックのグリフ 'uni8331' に交差がある
INFO:最終チェックのグリフ 'uni8332' に交差がある
INFO:最終チェックのグリフ 'uni8335' に交差がある
INFO:最終チェックのグリフ 'uni8377' に交差がある
INFO:最終チェックのグリフ 'uni83A7' に交差がある
INFO:最終チェックのグリフ 'uni83C5' に交差がある
INFO:最終チェックのグリフ 'uni83C9' に交差がある
INFO:最終チェックのグリフ 'uni83CA' に交差がある
INFO:最終チェックのグリフ 'uni83CC' に交差がある
INFO:最終チェックのグリフ 'uni83D8' に交差がある
INFO:最終チェックのグリフ 'uni83F6' に交差がある
INFO:最終チェックのグリフ 'uni83FB' に交差がある
INFO:最終チェックのグリフ 'uni83FD' に交差がある
INFO:最終チェックのグリフ 'uni8404' に交差がある
INFO:最終チェックのグリフ 'uni8407' に交差がある
INFO:最終チェックのグリフ 'uni840C' に交差がある
INFO:最終チェックのグリフ 'uni8415' に交差がある
INFO:最終チェックのグリフ 'uni8422' に交差がある
INFO:最終チェックのグリフ 'uni842C' に交差がある
INFO:最終チェックのグリフ 'uni8439' に交差がある
INFO:最終チェックのグリフ 'uni8446' に交差がある
INFO:最終チェックのグリフ 'uni845A' に交差がある
INFO:最終チェックのグリフ 'uni845B' に交差がある
INFO:最終チェックのグリフ 'uni8463' に交差がある
INFO:最終チェックのグリフ 'uni846B' に交差がある
INFO:最終チェックのグリフ 'uni846E' に交差がある
INFO:最終チェックのグリフ 'uni8470' の参照が不正
INFO:最終チェックのグリフ 'uni8471' に交差がある
INFO:最終チェックのグリフ 'uni8473' に交差がある
INFO:最終チェックのグリフ 'uni8485' に交差がある
INFO:最終チェックのグリフ 'uni848B' に交差がある
INFO:最終チェックのグリフ 'uni8497' に交差がある
INFO:最終チェックのグリフ 'uni8499' に交差がある
INFO:最終チェックのグリフ 'uni849C' に交差がある
INFO:最終チェックのグリフ 'uni84AF' に交差がある
INFO:最終チェックのグリフ 'uni84B4' に交差がある
INFO:最終チェックのグリフ 'uni84B8' に交差がある
INFO:最終チェックのグリフ 'uni84C0' に交差がある
INFO:最終チェックのグリフ 'uni84C4' に交差がある
INFO:最終チェックのグリフ 'uni84C9' に交差がある
INFO:最終チェックのグリフ 'uni84CA' に交差がある
INFO:最終チェックのグリフ 'uni84CD' に交差がある
INFO:最終チェックのグリフ 'uni84CE' に交差がある
INFO:最終チェックのグリフ 'uni84D9' に交差がある
INFO:最終チェックのグリフ 'uni84DA' に交差がある
INFO:最終チェックのグリフ 'uni84E7' に交差がある
INFO:最終チェックのグリフ 'uni84EF' に交差がある
INFO:最終チェックのグリフ 'uni84F1' に交差がある
INFO:最終チェックのグリフ 'uni84FA' に交差がある
INFO:最終チェックのグリフ 'uni84FF' に交差がある
INFO:最終チェックのグリフ 'uni8500' に交差がある
INFO:最終チェックのグリフ 'uni8525' に交差がある
INFO:最終チェックのグリフ 'uni852F' に交差がある
INFO:最終チェックのグリフ 'uni8540' に交差がある
INFO:最終チェックのグリフ 'uni854A' に交差がある
INFO:最終チェックのグリフ 'uni854B' に交差がある
INFO:最終チェックのグリフ 'uni8557' に交差がある
INFO:最終チェックのグリフ 'uni855A' に交差がある
INFO:最終チェックのグリフ 'uni8562' に交差がある
INFO:最終チェックのグリフ 'uni8564' に交差がある
INFO:最終チェックのグリフ 'uni856F' に交差がある
INFO:最終チェックのグリフ 'uni857D' に交差がある
INFO:最終チェックのグリフ 'uni857F' に交差がある
INFO:最終チェックのグリフ 'uni8580' に交差がある
INFO:最終チェックのグリフ 'uni8581' に交差がある
INFO:最終チェックのグリフ 'uni8587' に交差がある
INFO:最終チェックのグリフ 'uni858A' に交差がある
INFO:最終チェックのグリフ 'uni858C' に交差がある
INFO:最終チェックのグリフ 'uni858F' に交差がある
INFO:最終チェックのグリフ 'uni8593' に交差がある
INFO:最終チェックのグリフ 'uni8594' に交差がある
INFO:最終チェックのグリフ 'uni8597' に交差がある
INFO:最終チェックのグリフ 'uni859D' に交差がある
INFO:最終チェックのグリフ 'uni859F' に交差がある
INFO:最終チェックのグリフ 'uni85A6' に交差がある
INFO:最終チェックのグリフ 'uni85A9' に交差がある
INFO:最終チェックのグリフ 'uni85AF' に交差がある
INFO:最終チェックのグリフ 'uni85B7' に交差がある
INFO:最終チェックのグリフ 'uni85B9' に交差がある
INFO:最終チェックのグリフ 'uni85BC' に交差がある
INFO:最終チェックのグリフ 'uni85C7' に交差がある
INFO:最終チェックのグリフ 'uni85CE' に交差がある
INFO:最終チェックのグリフ 'uni85D5' に交差がある
INFO:最終チェックのグリフ 'uni85D8' に交差がある
INFO:最終チェックのグリフ 'uni85DC' に交差がある
INFO:最終チェックのグリフ 'uni85DD' に交差がある
INFO:最終チェックのグリフ 'uni85E4' に交差がある
INFO:最終チェックのグリフ 'uni85E5' に交差がある
INFO:最終チェックのグリフ 'uni85E6' に交差がある
INFO:最終チェックのグリフ 'uni85F6' に交差がある
INFO:最終チェックのグリフ 'uni85FE' に交差がある
INFO:最終チェックのグリフ 'uni85FF' に交差がある
INFO:最終チェックのグリフ 'uni8602' に交差がある
INFO:最終チェックのグリフ 'uni8606' に交差がある
INFO:最終チェックのグリフ 'uni8607' に交差がある
INFO:最終チェックのグリフ 'uni860A' の参照が不正
INFO:最終チェックのグリフ 'uni8611' に交差がある
INFO:最終チェックのグリフ 'uni8612' に交差がある
INFO:最終チェックのグリフ 'uni8618' に交差がある
INFO:最終チェックのグリフ 'uni861A' に交差がある
INFO:最終チェックのグリフ 'uni861E' に交差がある
INFO:最終チェックのグリフ 'uni8639' に交差がある
INFO:最終チェックのグリフ 'uni863C' に交差がある
INFO:最終チェックのグリフ 'uni863F' に交差がある
INFO:最終チェックのグリフ 'uni8653' に交差がある
INFO:最終チェックのグリフ 'uni865A' に交差がある
INFO:最終チェックのグリフ 'uni865C' の参照が不正
INFO:最終チェックのグリフ 'uni865E' に交差がある
INFO:最終チェックのグリフ 'uni8667' に交差がある
INFO:最終チェックのグリフ 'uni866F' に交差がある
INFO:最終チェックのグリフ 'uni8687' に交差がある
INFO:最終チェックのグリフ 'uni868B' に交差がある
INFO:最終チェックのグリフ 'uni8695' に交差がある
INFO:最終チェックのグリフ 'uni869C' に交差がある
INFO:最終チェックのグリフ 'uni869D' に交差がある
INFO:最終チェックのグリフ 'uni86A4' に交差がある
INFO:最終チェックのグリフ 'uni86AF' に交差がある
INFO:最終チェックのグリフ 'uni86B8' に交差がある
INFO:最終チェックのグリフ 'uni86C7' の参照が不正
INFO:最終チェックのグリフ 'uni86D7' に交差がある
INFO:最終チェックのグリフ 'uni86DB' に交差がある
INFO:最終チェックのグリフ 'uni86E4' に交差がある
INFO:最終チェックのグリフ 'uni86E6' に交差がある
INFO:最終チェックのグリフ 'uni86E9' に交差がある
INFO:最終チェックのグリフ 'uni86EC' に交差がある
INFO:最終チェックのグリフ 'uni86EE' に交差がある
INFO:最終チェックのグリフ 'uni86F9' に交差がある
INFO:最終チェックのグリフ 'uni86FA' に交差がある
INFO:最終チェックのグリフ 'uni86FC' に交差がある
INFO:最終チェックのグリフ 'uni8718' に交差がある
INFO:最終チェックのグリフ 'uni871F' に交差がある
INFO:最終チェックのグリフ 'uni8729' に交差がある
INFO:最終チェックのグリフ 'uni873A' に交差がある
INFO:最終チェックのグリフ 'uni873E' に交差がある
INFO:最終チェックのグリフ 'uni8740' に交差がある
INFO:最終チェックのグリフ 'uni8753' に交差がある
INFO:最終チェックのグリフ 'uni8755' に交差がある
INFO:最終チェックのグリフ 'uni8758' に交差がある
INFO:最終チェックのグリフ 'uni875F' に交差がある
INFO:最終チェックのグリフ 'uni8760' に交差がある
INFO:最終チェックのグリフ 'uni8768' に交差がある
INFO:最終チェックのグリフ 'uni876A' に交差がある
INFO:最終チェックのグリフ 'uni876E' に交差がある
INFO:最終チェックのグリフ 'uni8771' に交差がある
INFO:最終チェックのグリフ 'uni8772' に交差がある
INFO:最終チェックのグリフ 'uni8776' に交差がある
INFO:最終チェックのグリフ 'uni8778' に交差がある
INFO:最終チェックのグリフ 'uni8782' に交差がある
INFO:最終チェックのグリフ 'uni8787' に交差がある
INFO:最終チェックのグリフ 'uni8788' に交差がある
INFO:最終チェックのグリフ 'uni8789' に交差がある
INFO:最終チェックのグリフ 'uni878B' に交差がある
INFO:最終チェックのグリフ 'uni878D' に交差がある
INFO:最終チェックのグリフ 'uni87AB' に交差がある
INFO:最終チェックのグリフ 'uni87BD' に交差がある
INFO:最終チェックのグリフ 'uni87BE' に交差がある
INFO:最終チェックのグリフ 'uni87C0' に交差がある
INFO:最終チェックのグリフ 'uni87C6' に交差がある
INFO:最終チェックのグリフ 'uni87CB' に交差がある
INFO:最終チェックのグリフ 'uni87CE' に交差がある
INFO:最終チェックのグリフ 'uni87D0' に交差がある
INFO:最終チェックのグリフ 'uni87D2' に交差がある
INFO:最終チェックのグリフ 'uni87D6' に交差がある
INFO:最終チェックのグリフ 'uni87DF' に交差がある
INFO:最終チェックのグリフ 'uni87E5' に交差がある
INFO:最終チェックのグリフ 'uni87EA' に交差がある
INFO:最終チェックのグリフ 'uni87EF' に交差がある
INFO:最終チェックのグリフ 'uni87F2' に交差がある
INFO:最終チェックのグリフ 'uni87F5' に交差がある
INFO:最終チェックのグリフ 'uni87F6' に交差がある
INFO:最終チェックのグリフ 'uni87FE' に交差がある
INFO:最終チェックのグリフ 'uni8803' に交差がある
INFO:最終チェックのグリフ 'uni8807' に交差がある
INFO:最終チェックのグリフ 'uni880A' に交差がある
INFO:最終チェックのグリフ 'uni880D' に交差がある
INFO:最終チェックのグリフ 'uni8813' に交差がある
INFO:最終チェックのグリフ 'uni8814' に交差がある
INFO:最終チェックのグリフ 'uni8815' に交差がある
INFO:最終チェックのグリフ 'uni881F' に交差がある
INFO:最終チェックのグリフ 'uni8821' に交差がある
INFO:最終チェックのグリフ 'uni8822' に交差がある
INFO:最終チェックのグリフ 'uni8827' に交差がある
INFO:最終チェックのグリフ 'uni8828' に交差がある
INFO:最終チェックのグリフ 'uni8831' に交差がある
INFO:最終チェックのグリフ 'uni8832' に交差がある
INFO:最終チェックのグリフ 'uni8836' に交差がある
INFO:最終チェックのグリフ 'uni8839' に交差がある
INFO:最終チェックのグリフ 'uni883B' に交差がある
INFO:最終チェックのグリフ 'uni883C' に交差がある
INFO:最終チェックのグリフ 'uni8842' に交差がある
INFO:最終チェックのグリフ 'uni8844' に交差がある
INFO:最終チェックのグリフ 'uni8853' に交差がある
INFO:最終チェックのグリフ 'uni885E' に交差がある
INFO:最終チェックのグリフ 'uni8862' に交差がある
INFO:最終チェックのグリフ 'uni8881' に交差がある
INFO:最終チェックのグリフ 'uni888D' に交差がある
INFO:最終チェックのグリフ 'uni88BD' に交差がある
INFO:最終チェックのグリフ 'uni88BE' に交差がある
INFO:最終チェックのグリフ 'uni88C1' に交差がある
INFO:最終チェックのグリフ 'uni88C4' に交差がある
INFO:最終チェックのグリフ 'uni88D3' に交差がある
INFO:最終チェックのグリフ 'uni88F0' に交差がある
INFO:最終チェックのグリフ 'uni88F2' に交差がある
INFO:最終チェックのグリフ 'uni88F8' に交差がある
INFO:最終チェックのグリフ 'uni88F9' に交差がある
INFO:最終チェックのグリフ 'uni8901' に交差がある
INFO:最終チェックのグリフ 'uni8902' に交差がある
INFO:最終チェックのグリフ 'uni8907' に交差がある
INFO:最終チェックのグリフ 'uni8912' に交差がある
INFO:最終チェックのグリフ 'uni8913' に交差がある
INFO:最終チェックのグリフ 'uni892B' に交差がある
INFO:最終チェックのグリフ 'uni8939' に交差がある
INFO:最終チェックのグリフ 'uni8943' に交差がある
INFO:最終チェックのグリフ 'uni8949' に交差がある
INFO:最終チェックのグリフ 'uni894C' に交差がある
INFO:最終チェックのグリフ 'uni8960' に交差がある
INFO:最終チェックのグリフ 'uni8962' に交差がある
INFO:最終チェックのグリフ 'uni8964' に交差がある
INFO:最終チェックのグリフ 'uni896D' に交差がある
INFO:最終チェックのグリフ 'uni896F' に交差がある
INFO:最終チェックのグリフ 'uni8972' に交差がある
INFO:最終チェックのグリフ 'uni8974' に交差がある
INFO:最終チェックのグリフ 'uni8988' に交差がある
INFO:最終チェックのグリフ 'uni8997' に交差がある
INFO:最終チェックのグリフ 'uni899F' に交差がある
INFO:最終チェックのグリフ 'uni89A7' に交差がある
INFO:最終チェックのグリフ 'uni89AA' に交差がある
INFO:最終チェックのグリフ 'uni89AF' に交差がある
INFO:最終チェックのグリフ 'uni89B0' に交差がある
INFO:最終チェックのグリフ 'uni89B7' に交差がある
INFO:最終チェックのグリフ 'uni89BA' に交差がある
INFO:最終チェックのグリフ 'uni89D6' に交差がある
INFO:最終チェックのグリフ 'uni89D8' に交差がある
INFO:最終チェックのグリフ 'uni89DA' に交差がある
INFO:最終チェックのグリフ 'uni89DD' に交差がある
INFO:最終チェックのグリフ 'uni89E3' に交差がある
INFO:最終チェックのグリフ 'uni89E6' に交差がある
INFO:最終チェックのグリフ 'uni89EB' に交差がある
INFO:最終チェックのグリフ 'uni89F4' に交差がある
INFO:最終チェックのグリフ 'uni89F6' に交差がある
INFO:最終チェックのグリフ 'uni89FD' に交差がある
INFO:最終チェックのグリフ 'uni89FF' に交差がある
INFO:最終チェックのグリフ 'uni8A0E' に交差がある
INFO:最終チェックのグリフ 'uni8A5E' に交差がある
INFO:最終チェックのグリフ 'uni8A60' に交差がある
INFO:最終チェックのグリフ 'uni8A84' に交差がある
INFO:最終チェックのグリフ 'uni8A85' に交差がある
INFO:最終チェックのグリフ 'uni8A8D' に交差がある
INFO:最終チェックのグリフ 'uni8A90' の参照が不正
INFO:最終チェックのグリフ 'uni8A9A' に交差がある
INFO:最終チェックのグリフ 'uni8AA1' に交差がある
INFO:最終チェックのグリフ 'uni8AA3' に交差がある
INFO:最終チェックのグリフ 'uni8AA4' に交差がある
INFO:最終チェックのグリフ 'uni8AA8' に交差がある
INFO:最終チェックのグリフ 'uni8AB2' に交差がある
INFO:最終チェックのグリフ 'uni8AC7' に交差がある
INFO:最終チェックのグリフ 'uni8ACC' に交差がある
INFO:最終チェックのグリフ 'uni8ACD' に交差がある
INFO:最終チェックのグリフ 'uni8AD2' に交差がある
INFO:最終チェックのグリフ 'uni8AD7' に交差がある
INFO:最終チェックのグリフ 'uni8ADA' に交差がある
INFO:最終チェックのグリフ 'uni8ADC' に交差がある
INFO:最終チェックのグリフ 'uni8ADF' に交差がある
INFO:最終チェックのグリフ 'uni8AEB' に交差がある
INFO:最終チェックのグリフ 'uni8AF8' に交差がある
INFO:最終チェックのグリフ 'uni8B00' に交差がある
INFO:最終チェックのグリフ 'uni8B04' に交差がある
INFO:最終チェックのグリフ 'uni8B0D' に交差がある
INFO:最終チェックのグリフ 'uni8B0E' に交差がある
INFO:最終チェックのグリフ 'uni8B19' に交差がある
INFO:最終チェックのグリフ 'uni8B1C' に交差がある
INFO:最終チェックのグリフ 'uni8B2D' に交差がある
INFO:最終チェックのグリフ 'uni8B39' に交差がある
INFO:最終チェックのグリフ 'uni8B43' に交差がある
INFO:最終チェックのグリフ 'uni8B54' に交差がある
INFO:最終チェックのグリフ 'uni8B58' の参照が不正
INFO:最終チェックのグリフ 'uni8B5B' に交差がある
INFO:最終チェックのグリフ 'uni8B5E' に交差がある
INFO:最終チェックのグリフ 'uni8B5F' に交差がある
INFO:最終チェックのグリフ 'uni8B6C' に交差がある
INFO:最終チェックのグリフ 'uni8B71' に交差がある
INFO:最終チェックのグリフ 'uni8B7F' に交差がある
INFO:最終チェックのグリフ 'uni8B8A' に交差がある
INFO:最終チェックのグリフ 'uni8B8C' に交差がある
INFO:最終チェックのグリフ 'uni8B92' に交差がある
INFO:最終チェックのグリフ 'uni8B93' に交差がある
INFO:最終チェックのグリフ 'uni8B95' に交差がある
INFO:最終チェックのグリフ 'uni8B96' に交差がある
INFO:最終チェックのグリフ 'uni8B99' に交差がある
INFO:最終チェックのグリフ 'uni8B9A' に交差がある
INFO:最終チェックのグリフ 'uni8B9E' に交差がある
INFO:最終チェックのグリフ 'uni8C39' に交差がある
INFO:最終チェックのグリフ 'uni8C4F' に交差がある
INFO:最終チェックのグリフ 'uni8C50' に交差がある
INFO:最終チェックのグリフ 'uni8C54' に交差がある
INFO:最終チェックのグリフ 'uni8C5A' に交差がある
INFO:最終チェックのグリフ 'uni8C61' に交差がある
INFO:最終チェックのグリフ 'uni8C6B' に交差がある
INFO:最終チェックのグリフ 'uni8C79' に交差がある
INFO:最終チェックのグリフ 'uni8C7A' に交差がある
INFO:最終チェックのグリフ 'uni8C7C' に交差がある
INFO:最終チェックのグリフ 'uni8C8D' に交差がある
INFO:最終チェックのグリフ 'uni8C94' に交差がある
INFO:最終チェックのグリフ 'uni8C98' に交差がある
INFO:最終チェックのグリフ 'uni8C9E' に交差がある
INFO:最終チェックのグリフ 'uni8CA1' に交差がある
INFO:最終チェックのグリフ 'uni8CB6' に交差がある
INFO:最終チェックのグリフ 'uni8CBB' に交差がある
INFO:最終チェックのグリフ 'uni8CBD' に交差がある
INFO:最終チェックのグリフ 'uni8CC0' に交差がある
INFO:最終チェックのグリフ 'uni8CC7' に交差がある
INFO:最終チェックのグリフ 'uni8CCA' に交差がある
INFO:最終チェックのグリフ 'uni8CD1' に交差がある
INFO:最終チェックのグリフ 'uni8CD6' に交差がある
INFO:最終チェックのグリフ 'uni8CE6' に交差がある
INFO:最終チェックのグリフ 'uni8CFA' に交差がある
INFO:最終チェックのグリフ 'uni8CFB' に交差がある
INFO:最終チェックのグリフ 'uni8CFE' に交差がある
INFO:最終チェックのグリフ 'uni8D07' に交差がある
INFO:最終チェックのグリフ 'uni8D0F' に交差がある
INFO:最終チェックのグリフ 'uni8D10' に交差がある
INFO:最終チェックのグリフ 'uni8D12' に交差がある
INFO:最終チェックのグリフ 'uni8D13' に交差がある
INFO:最終チェックのグリフ 'uni8D6B' に交差がある
INFO:最終チェックのグリフ 'uni8D6D' に交差がある
INFO:最終チェックのグリフ 'uni8D81' に交差がある
INFO:最終チェックのグリフ 'uni8D8A' に交差がある
INFO:最終チェックのグリフ 'uni8D99' に交差がある
INFO:最終チェックのグリフ 'uni8DA8' に交差がある
INFO:最終チェックのグリフ 'uni8DAF' に交差がある
INFO:最終チェックのグリフ 'uni8DD6' に交差がある
INFO:最終チェックのグリフ 'uni8DEF' に交差がある
INFO:最終チェックのグリフ 'uni8DF3' に交差がある
INFO:最終チェックのグリフ 'uni8DFF' に交差がある
INFO:最終チェックのグリフ 'uni8E08' に交差がある
INFO:最終チェックのグリフ 'uni8E09' に交差がある
INFO:最終チェックのグリフ 'uni8E10' に交差がある
INFO:最終チェックのグリフ 'uni8E14' に交差がある
INFO:最終チェックのグリフ 'uni8E1D' に交差がある
INFO:最終チェックのグリフ 'uni8E27' に交差がある
INFO:最終チェックのグリフ 'uni8E35' に交差がある
INFO:最終チェックのグリフ 'uni8E42' に交差がある
INFO:最終チェックのグリフ 'uni8E48' の参照が不正
INFO:最終チェックのグリフ 'uni8E4B' に交差がある
INFO:最終チェックのグリフ 'uni8E4C' に交差がある
INFO:最終チェックのグリフ 'uni8E50' に交差がある
INFO:最終チェックのグリフ 'uni8E63' に交差がある
INFO:最終チェックのグリフ 'uni8E70' に交差がある
INFO:最終チェックのグリフ 'uni8E72' に交差がある
INFO:最終チェックのグリフ 'uni8E74' に交差がある
INFO:最終チェックのグリフ 'uni8E81' に交差がある
INFO:最終チェックのグリフ 'uni8E85' に交差がある
INFO:最終チェックのグリフ 'uni8E94' に交差がある
INFO:最終チェックのグリフ 'uni8E99' に交差がある
INFO:最終チェックのグリフ 'uni8E9E' に交差がある
INFO:最終チェックのグリフ 'uni8EAB' に交差がある
INFO:最終チェックのグリフ 'uni8EAF' に交差がある
INFO:最終チェックのグリフ 'uni8EB0' に交差がある
INFO:最終チェックのグリフ 'uni8EB1' に交差がある
INFO:最終チェックのグリフ 'uni8EB5' に交差がある
INFO:最終チェックのグリフ 'uni8EB6' に交差がある
INFO:最終チェックのグリフ 'uni8EBB' に交差がある
INFO:最終チェックのグリフ 'uni8EC0' に交差がある
INFO:最終チェックのグリフ 'uni8EC6' に交差がある
INFO:最終チェックのグリフ 'uni8EC8' に交差がある
INFO:最終チェックのグリフ 'uni8ED4' に交差がある
INFO:最終チェックのグリフ 'uni8EE2' に交差がある
INFO:最終チェックのグリフ 'uni8EFA' に交差がある
INFO:最終チェックのグリフ 'uni8EFD' に交差がある
INFO:最終チェックのグリフ 'uni8F0C' に交差がある
INFO:最終チェックのグリフ 'uni8F1C' に交差がある
INFO:最終チェックのグリフ 'uni8F1D' に交差がある
INFO:最終チェックのグリフ 'uni8F2A' に交差がある
INFO:最終チェックのグリフ 'uni8F39' に交差がある
INFO:最終チェックのグリフ 'uni8F44' に交差がある
INFO:最終チェックのグリフ 'uni8F46' に交差がある
INFO:最終チェックのグリフ 'uni8F4A' に交差がある
INFO:最終チェックのグリフ 'uni8F4E' に交差がある
INFO:最終チェックのグリフ 'uni8F58' に交差がある
INFO:最終チェックのグリフ 'uni8F63' に交差がある
INFO:最終チェックのグリフ 'uni8F64' に交差がある
INFO:最終チェックのグリフ 'uni8FA3' に交差がある
INFO:最終チェックのグリフ 'uni8FB4' に交差がある
INFO:最終チェックのグリフ 'uni8FCD' に交差がある
INFO:最終チェックのグリフ 'uni8FD3' に交差がある
INFO:最終チェックのグリフ 'uni8FE6' に交差がある
INFO:最終チェックのグリフ 'uni8FE9' に交差がある
INFO:最終チェックのグリフ 'uni8FF5' に交差がある
INFO:最終チェックのグリフ 'uni9000' に交差がある
INFO:最終チェックのグリフ 'uni9003' に交差がある
INFO:最終チェックのグリフ 'uni9008' に交差がある
INFO:最終チェックのグリフ 'uni9020' に交差がある
INFO:最終チェックのグリフ 'uni9022' に交差がある
INFO:最終チェックのグリフ 'uni902E' に交差がある
INFO:最終チェックのグリフ 'uni9031' に交差がある
INFO:最終チェックのグリフ 'uni9042' に交差がある
INFO:最終チェックのグリフ 'uni9043' に交差がある
INFO:最終チェックのグリフ 'uni9045' に交差がある
INFO:最終チェックのグリフ 'uni9047' に交差がある
INFO:最終チェックのグリフ 'uni904B' に交差がある
INFO:最終チェックのグリフ 'uni9050' に交差がある
INFO:最終チェックのグリフ 'uni9060' に交差がある
INFO:最終チェックのグリフ 'uni9061' に交差がある
INFO:最終チェックのグリフ 'uni9069' に交差がある
INFO:最終チェックのグリフ 'uni906E' に交差がある
INFO:最終チェックのグリフ 'uni906F' に交差がある
INFO:最終チェックのグリフ 'uni9078' に交差がある
INFO:最終チェックのグリフ 'uni907C' に交差がある
INFO:最終チェックのグリフ 'uni907F' に交差がある
INFO:最終チェックのグリフ 'uni9087' に交差がある
INFO:最終チェックのグリフ 'uni908A' に交差がある
INFO:最終チェックのグリフ 'uni908C' に交差がある
INFO:最終チェックのグリフ 'uni90A2' に交差がある
INFO:最終チェックのグリフ 'uni90A6' に交差がある
INFO:最終チェックのグリフ 'uni90AF' に交差がある
INFO:最終チェックのグリフ 'uni90B8' に交差がある
INFO:最終チェックのグリフ 'uni90BE' に交差がある
INFO:最終チェックのグリフ 'uni90C3' に交差がある
INFO:最終チェックのグリフ 'uni90DC' に交差がある
INFO:最終チェックのグリフ 'uni90ED' に交差がある
INFO:最終チェックのグリフ 'uni90FE' に交差がある
INFO:最終チェックのグリフ 'uni9106' に交差がある
INFO:最終チェックのグリフ 'uni9115' に交差がある
INFO:最終チェックのグリフ 'uni9118' に交差がある
INFO:最終チェックのグリフ 'uni9122' に交差がある
INFO:最終チェックのグリフ 'uni9127' に交差がある
INFO:最終チェックのグリフ 'uni912D' に交差がある
INFO:最終チェックのグリフ 'uni9130' に交差がある
INFO:最終チェックのグリフ 'uni9131' に交差がある
INFO:最終チェックのグリフ 'uni9134' に交差がある
INFO:最終チェックのグリフ 'uni9139' に交差がある
INFO:最終チェックのグリフ 'uni913A' に交差がある
INFO:最終チェックのグリフ 'uni913D' に交差がある
INFO:最終チェックのグリフ 'uni9146' に交差がある
INFO:最終チェックのグリフ 'uni9147' に交差がある
INFO:最終チェックのグリフ 'uni914B' に交差がある
INFO:最終チェックのグリフ 'uni9165' に交差がある
INFO:最終チェックのグリフ 'uni9173' に交差がある
INFO:最終チェックのグリフ 'uni9174' に交差がある
INFO:最終チェックのグリフ 'uni919C' に交差がある
INFO:最終チェックのグリフ 'uni91A4' に交差がある
INFO:最終チェックのグリフ 'uni91A8' に交差がある
INFO:最終チェックのグリフ 'uni91AA' に交差がある
INFO:最終チェックのグリフ 'uni91AE' に交差がある
INFO:最終チェックのグリフ 'uni91AF' に交差がある
INFO:最終チェックのグリフ 'uni91B1' に交差がある
INFO:最終チェックのグリフ 'uni91B3' に交差がある
INFO:最終チェックのグリフ 'uni91B4' に交差がある
INFO:最終チェックのグリフ 'uni91B5' に交差がある
INFO:最終チェックのグリフ 'uni91BA' に交差がある
INFO:最終チェックのグリフ 'uni91BC' に交差がある
INFO:最終チェックのグリフ 'uni91C1' に交差がある
INFO:最終チェックのグリフ 'uni91C3' に交差がある
INFO:最終チェックのグリフ 'uni91C4' に交差がある
INFO:最終チェックのグリフ 'uni91C6' に交差がある
INFO:最終チェックのグリフ 'uni91CB' に交差がある
INFO:最終チェックのグリフ 'uni91CF' に交差がある
INFO:最終チェックのグリフ 'uni91D0' に交差がある
INFO:最終チェックのグリフ 'uni91D6' に交差がある
INFO:最終チェックのグリフ 'uni91DA' に交差がある
INFO:最終チェックのグリフ 'uni91E3' の参照が不正
INFO:最終チェックのグリフ 'uni91EE' に交差がある
INFO:最終チェックのグリフ 'uni91F1' に交差がある
INFO:最終チェックのグリフ 'uni91F6' に交差がある
INFO:最終チェックのグリフ 'uni91FC' に交差がある
INFO:最終チェックのグリフ 'uni9206' に交差がある
INFO:最終チェックのグリフ 'uni920D' に交差がある
INFO:最終チェックのグリフ 'uni9214' に交差がある
INFO:最終チェックのグリフ 'uni9215' に交差がある
INFO:最終チェックのグリフ 'uni922C' に交差がある
INFO:最終チェックのグリフ 'uni9234' に交差がある
INFO:最終チェックのグリフ 'uni9237' に交差がある
INFO:最終チェックのグリフ 'uni9239' の参照が不正
INFO:最終チェックのグリフ 'uni923A' の参照が不正
INFO:最終チェックのグリフ 'uni923F' の参照が不正
INFO:最終チェックのグリフ 'uni9240' に交差がある
INFO:最終チェックのグリフ 'uni9249' の参照が不正
INFO:最終チェックのグリフ 'uni924A' に交差がある
INFO:最終チェックのグリフ 'uni924B' に交差がある
INFO:最終チェックのグリフ 'uni924E' に交差がある
INFO:最終チェックのグリフ 'uni9251' の参照が不正
INFO:最終チェックのグリフ 'uni9257' に交差がある
INFO:最終チェックのグリフ 'uni925A' に交差がある
INFO:最終チェックのグリフ 'uni9262' に交差がある
INFO:最終チェックのグリフ 'uni9271' に交差がある
INFO:最終チェックのグリフ 'uni927E' に交差がある
INFO:最終チェックのグリフ 'uni9291' に交差がある
INFO:最終チェックのグリフ 'uni9293' に交差がある
INFO:最終チェックのグリフ 'uni9296' に交差がある
INFO:最終チェックのグリフ 'uni9299' に交差がある
INFO:最終チェックのグリフ 'uni929A' に交差がある
INFO:最終チェックのグリフ 'uni929B' に交差がある
INFO:最終チェックのグリフ 'uni929C' に交差がある
INFO:最終チェックのグリフ 'uni92A7' に交差がある
INFO:最終チェックのグリフ 'uni92C2' に交差がある
INFO:最終チェックのグリフ 'uni92C6' に交差がある
INFO:最終チェックのグリフ 'uni92CB' に交差がある
INFO:最終チェックのグリフ 'uni92CC' に交差がある
INFO:最終チェックのグリフ 'uni92CE' に交差がある
INFO:最終チェックのグリフ 'uni92D3' に交差がある
INFO:最終チェックのグリフ 'uni92D5' に交差がある
INFO:最終チェックのグリフ 'uni92D7' に交差がある
INFO:最終チェックのグリフ 'uni92D9' に交差がある
INFO:最終チェックのグリフ 'uni92E0' に交差がある
INFO:最終チェックのグリフ 'uni92E7' に交差がある
INFO:最終チェックのグリフ 'uni92E9' に交差がある
INFO:最終チェックのグリフ 'uni92ED' に交差がある
INFO:最終チェックのグリフ 'uni92F2' の参照が不正
INFO:最終チェックのグリフ 'uni92F3' に交差がある
INFO:最終チェックのグリフ 'uni92F7' に交差がある
INFO:最終チェックのグリフ 'uni92F8' に交差がある
INFO:最終チェックのグリフ 'uni92FB' に交差がある
INFO:最終チェックのグリフ 'uni92FC' に交差がある
INFO:最終チェックのグリフ 'uni92FF' に交差がある
INFO:最終チェックのグリフ 'uni9304' に交差がある
INFO:最終チェックのグリフ 'uni9311' に交差がある
INFO:最終チェックのグリフ 'uni931E' に交差がある
INFO:最終チェックのグリフ 'uni9322' の参照が不正
INFO:最終チェックのグリフ 'uni9326' に交差がある
INFO:最終チェックのグリフ 'uni932C' に交差がある
INFO:最終チェックのグリフ 'uni9332' に交差がある
INFO:最終チェックのグリフ 'uni9348' に交差がある
INFO:最終チェックのグリフ 'uni9349' に交差がある
INFO:最終チェックのグリフ 'uni934A' に交差がある
INFO:最終チェックのグリフ 'uni9357' に交差がある
INFO:最終チェックのグリフ 'uni935A' に交差がある
INFO:最終チェックのグリフ 'uni935B' に交差がある
INFO:最終チェックのグリフ 'uni936A' に交差がある
INFO:最終チェックのグリフ 'uni936B' に交差がある
INFO:最終チェックのグリフ 'uni936E' に交差がある
INFO:最終チェックのグリフ 'uni9370' に交差がある
INFO:最終チェックのグリフ 'uni9371' に交差がある
INFO:最終チェックのグリフ 'uni9373' に交差がある
INFO:最終チェックのグリフ 'uni937C' に交差がある
INFO:最終チェックのグリフ 'uni937E' に交差がある
INFO:最終チェックのグリフ 'uni938C' に交差がある
INFO:最終チェックのグリフ 'uni938F' に交差がある
INFO:最終チェックのグリフ 'uni9394' に交差がある
INFO:最終チェックのグリフ 'uni9396' に交差がある
INFO:最終チェックのグリフ 'uni939B' に交差がある
INFO:最終チェックのグリフ 'uni93A1' に交差がある
INFO:最終チェックのグリフ 'uni93AD' に交差がある
INFO:最終チェックのグリフ 'uni93AE' に交差がある
INFO:最終チェックのグリフ 'uni93C1' に交差がある
INFO:最終チェックのグリフ 'uni93C3' に交差がある
INFO:最終チェックのグリフ 'uni93C8' に交差がある
INFO:最終チェックのグリフ 'uni93D0' に交差がある
INFO:最終チェックのグリフ 'uni93D6' に交差がある
INFO:最終チェックのグリフ 'uni93D7' に交差がある
INFO:最終チェックのグリフ 'uni93DE' に交差がある
INFO:最終チェックのグリフ 'uni93DF' に交差がある
INFO:最終チェックのグリフ 'uni93E4' に交差がある
INFO:最終チェックのグリフ 'uni93E7' に交差がある
INFO:最終チェックのグリフ 'uni93E8' に交差がある
INFO:最終チェックのグリフ 'uni93F1' に交差がある
INFO:最終チェックのグリフ 'uni93F5' に交差がある
INFO:最終チェックのグリフ 'uni93F8' に交差がある
INFO:最終チェックのグリフ 'uni9403' に交差がある
INFO:最終チェックのグリフ 'uni940F' に交差がある
INFO:最終チェックのグリフ 'uni9410' に交差がある
INFO:最終チェックのグリフ 'uni9413' に交差がある
INFO:最終チェックのグリフ 'uni9414' に交差がある
INFO:最終チェックのグリフ 'uni9416' に交差がある
INFO:最終チェックのグリフ 'uni9417' に交差がある
INFO:最終チェックのグリフ 'uni9418' に交差がある
INFO:最終チェックのグリフ 'uni9419' に交差がある
INFO:最終チェックのグリフ 'uni9421' に交差がある
INFO:最終チェックのグリフ 'uni9432' に交差がある
INFO:最終チェックのグリフ 'uni9433' に交差がある
INFO:最終チェックのグリフ 'uni9434' に交差がある
INFO:最終チェックのグリフ 'uni943B' に交差がある
INFO:最終チェックのグリフ 'uni9444' に交差がある
INFO:最終チェックのグリフ 'uni9445' に交差がある
INFO:最終チェックのグリフ 'uni9448' に交差がある
INFO:最終チェックのグリフ 'uni9451' に交差がある
INFO:最終チェックのグリフ 'uni9452' に交差がある
INFO:最終チェックのグリフ 'uni9453' に交差がある
INFO:最終チェックのグリフ 'uni945E' に交差がある
INFO:最終チェックのグリフ 'uni9460' に交差がある
INFO:最終チェックのグリフ 'uni9462' に交差がある
INFO:最終チェックのグリフ 'uni9463' に交差がある
INFO:最終チェックのグリフ 'uni946A' に交差がある
INFO:最終チェックのグリフ 'uni946B' に交差がある
INFO:最終チェックのグリフ 'uni946F' に交差がある
INFO:最終チェックのグリフ 'uni9470' に交差がある
INFO:最終チェックのグリフ 'uni9471' に交差がある
INFO:最終チェックのグリフ 'uni9472' に交差がある
INFO:最終チェックのグリフ 'uni9477' に交差がある
INFO:最終チェックのグリフ 'uni947C' に交差がある
INFO:最終チェックのグリフ 'uni947D' の参照が不正
INFO:最終チェックのグリフ 'uni947E' に交差がある
INFO:最終チェックのグリフ 'uni947F' に交差がある
INFO:最終チェックのグリフ 'uni9579' に交差がある
INFO:最終チェックのグリフ 'uni9583' に交差がある
INFO:最終チェックのグリフ 'uni958E' に交差がある
INFO:最終チェックのグリフ 'uni959F' に交差がある
INFO:最終チェックのグリフ 'uni95A2' に交差がある
INFO:最終チェックのグリフ 'uni95A3' に交差がある
INFO:最終チェックのグリフ 'uni95A5' に交差がある
INFO:最終チェックのグリフ 'uni95A6' に交差がある
INFO:最終チェックのグリフ 'uni95A7' に交差がある
INFO:最終チェックのグリフ 'uni95A8' に交差がある
INFO:最終チェックのグリフ 'uni95A9' に交差がある
INFO:最終チェックのグリフ 'uni95B4' に交差がある
INFO:最終チェックのグリフ 'uni95BC' に交差がある
INFO:最終チェックのグリフ 'uni95CC' に交差がある
INFO:最終チェックのグリフ 'uni95D3' に交差がある
INFO:最終チェックのグリフ 'uni95DA' に交差がある
INFO:最終チェックのグリフ 'uni95DC' に交差がある
INFO:最終チェックのグリフ 'uni95DE' に交差がある
INFO:最終チェックのグリフ 'uni95E2' に交差がある
INFO:最終チェックのグリフ 'uni962C' に交差がある
INFO:最終チェックのグリフ 'uni964B' に交差がある
INFO:最終チェックのグリフ 'uni964D' に交差がある
INFO:最終チェックのグリフ 'uni965B' に交差がある
INFO:最終チェックのグリフ 'uni9664' に交差がある
INFO:最終チェックのグリフ 'uni9673' に交差がある
INFO:最終チェックのグリフ 'uni967D' に交差がある
INFO:最終チェックのグリフ 'uni9685' に交差がある
INFO:最終チェックのグリフ 'uni968A' に交差がある
INFO:最終チェックのグリフ 'uni969D' に交差がある
INFO:最終チェックのグリフ 'uni96A0' に交差がある
INFO:最終チェックのグリフ 'uni96A4' に交差がある
INFO:最終チェックのグリフ 'uni96AA' に交差がある
INFO:最終チェックのグリフ 'uni96AF' に交差がある
INFO:最終チェックのグリフ 'uni96B1' に交差がある
INFO:最終チェックのグリフ 'uni96B4' に交差がある
INFO:最終チェックのグリフ 'uni96B6' に交差がある
INFO:最終チェックのグリフ 'uni96B7' に交差がある
INFO:最終チェックのグリフ 'uni96B8' に交差がある
INFO:最終チェックのグリフ 'uni96B9' に交差がある
INFO:最終チェックのグリフ 'uni96C0' に交差がある
INFO:最終チェックのグリフ 'uni96C7' に交差がある
INFO:最終チェックのグリフ 'uni96C9' に交差がある
INFO:最終チェックのグリフ 'uni96CD' に交差がある
INFO:最終チェックのグリフ 'uni96CE' に交差がある
INFO:最終チェックのグリフ 'uni96D5' に交差がある
INFO:最終チェックのグリフ 'uni96DA' に交差がある
INFO:最終チェックのグリフ 'uni96DB' に交差がある
INFO:最終チェックのグリフ 'uni96E2' に交差がある
INFO:最終チェックのグリフ 'uni96F0' に交差がある
INFO:最終チェックのグリフ 'uni96F2' に交差がある
INFO:最終チェックのグリフ 'uni970D' に交差がある
INFO:最終チェックのグリフ 'uni9714' に交差がある
INFO:最終チェックのグリフ 'uni9716' に交差がある
INFO:最終チェックのグリフ 'uni9719' に交差がある
INFO:最終チェックのグリフ 'uni972A' に交差がある
INFO:最終チェックのグリフ 'uni9732' に交差がある
INFO:最終チェックのグリフ 'uni9733' に交差がある
INFO:最終チェックのグリフ 'uni9736' に交差がある
INFO:最終チェックのグリフ 'uni9739' に交差がある
INFO:最終チェックのグリフ 'uni973B' に交差がある
INFO:最終チェックのグリフ 'uni973E' に交差がある
INFO:最終チェックのグリフ 'uni9742' に交差がある
INFO:最終チェックのグリフ 'uni9743' に交差がある
INFO:最終チェックのグリフ 'uni9744' に交差がある
INFO:最終チェックのグリフ 'uni9746' に交差がある
INFO:最終チェックのグリフ 'uni9748' に交差がある
INFO:最終チェックのグリフ 'uni9749' に交差がある
INFO:最終チェックのグリフ 'uni974F' に交差がある
INFO:最終チェックのグリフ 'uni975C' に交差がある
INFO:最終チェックのグリフ 'uni9764' に交差がある
INFO:最終チェックのグリフ 'uni9771' に交差がある
INFO:最終チェックのグリフ 'uni977A' に交差がある
INFO:最終チェックのグリフ 'uni9784' に交差がある
INFO:最終チェックのグリフ 'uni978F' に交差がある
INFO:最終チェックのグリフ 'uni9796' に交差がある
INFO:最終チェックのグリフ 'uni979E' に交差がある
INFO:最終チェックのグリフ 'uni97A0' に交差がある
INFO:最終チェックのグリフ 'uni97A2' に交差がある
INFO:最終チェックのグリフ 'uni97A3' に交差がある
INFO:最終チェックのグリフ 'uni97A6' に交差がある
INFO:最終チェックのグリフ 'uni97AE' に交差がある
INFO:最終チェックのグリフ 'uni97C1' に交差がある
INFO:最終チェックのグリフ 'uni97C6' に交差がある
INFO:最終チェックのグリフ 'uni97C9' に交差がある
INFO:最終チェックのグリフ 'uni97D8' に交差がある
INFO:最終チェックのグリフ 'uni97DB' に交差がある
INFO:最終チェックのグリフ 'uni97E1' に交差がある
INFO:最終チェックのグリフ 'uni97F2' に交差がある
INFO:最終チェックのグリフ 'uni97F6' に交差がある
INFO:最終チェックのグリフ 'uni97FF' に交差がある
INFO:最終チェックのグリフ 'uni9802' に交差がある
INFO:最終チェックのグリフ 'uni9804' に交差がある
INFO:最終チェックのグリフ 'uni980A' に交差がある
INFO:最終チェックのグリフ 'uni980E' に交差がある
INFO:最終チェックのグリフ 'uni9813' に交差がある
INFO:最終チェックのグリフ 'uni9816' に交差がある
INFO:最終チェックのグリフ 'uni9823' に交差がある
INFO:最終チェックのグリフ 'uni982B' に交差がある
INFO:最終チェックのグリフ 'uni984D' に交差がある
INFO:最終チェックのグリフ 'uni984F' に交差がある
INFO:最終チェックのグリフ 'uni9852' に交差がある
INFO:最終チェックのグリフ 'uni9853' に交差がある
INFO:最終チェックのグリフ 'uni9856' に交差がある
INFO:最終チェックのグリフ 'uni9859' に交差がある
INFO:最終チェックのグリフ 'uni985A' に交差がある
INFO:最終チェックのグリフ 'uni9865' に交差がある
INFO:最終チェックのグリフ 'uni9866' に交差がある
INFO:最終チェックのグリフ 'uni986C' に交差がある
INFO:最終チェックのグリフ 'uni9871' に交差がある
INFO:最終チェックのグリフ 'uni98AB' に交差がある
INFO:最終チェックのグリフ 'uni98AD' に交差がある
INFO:最終チェックのグリフ 'uni98B0' に交差がある
INFO:最終チェックのグリフ 'uni98B7' に交差がある
INFO:最終チェックのグリフ 'uni98BB' に交差がある
INFO:最終チェックのグリフ 'uni98BF' に交差がある
INFO:最終チェックのグリフ 'uni98C4' に交差がある
INFO:最終チェックのグリフ 'uni98C6' に交差がある
INFO:最終チェックのグリフ 'uni98C7' に交差がある
INFO:最終チェックのグリフ 'uni98E2' に交差がある
INFO:最終チェックのグリフ 'uni98F1' に交差がある
INFO:最終チェックのグリフ 'uni98F3' に交差がある
INFO:最終チェックのグリフ 'uni9905' に交差がある
INFO:最終チェックのグリフ 'uni9909' に交差がある
INFO:最終チェックのグリフ 'uni9914' に交差がある
INFO:最終チェックのグリフ 'uni9917' に交差がある
INFO:最終チェックのグリフ 'uni991C' に交差がある
INFO:最終チェックのグリフ 'uni991E' に交差がある
INFO:最終チェックのグリフ 'uni992C' に交差がある
INFO:最終チェックのグリフ 'uni9933' に交差がある
INFO:最終チェックのグリフ 'uni9941' に交差がある
INFO:最終チェックのグリフ 'uni9946' に交差がある
INFO:最終チェックのグリフ 'uni9949' に交差がある
INFO:最終チェックのグリフ 'uni994C' に交差がある
INFO:最終チェックのグリフ 'uni994E' に交差がある
INFO:最終チェックのグリフ 'uni9950' に交差がある
INFO:最終チェックのグリフ 'uni9958' に交差がある
INFO:最終チェックのグリフ 'uni9960' に交差がある
INFO:最終チェックのグリフ 'uni999E' に交差がある
INFO:最終チェックのグリフ 'uni99A6' に交差がある
INFO:最終チェックのグリフ 'uni99AC' に交差がある
INFO:最終チェックのグリフ 'uni99B9' に交差がある
INFO:最終チェックのグリフ 'uni99C3' に交差がある
INFO:最終チェックのグリフ 'uni99C6' に交差がある
INFO:最終チェックのグリフ 'uni99C9' に交差がある
INFO:最終チェックのグリフ 'uni99D1' に交差がある
INFO:最終チェックのグリフ 'uni99D5' に交差がある
INFO:最終チェックのグリフ 'uni99F9' に交差がある
INFO:最終チェックのグリフ 'uni9A02' に交差がある
INFO:最終チェックのグリフ 'uni9A13' に交差がある
INFO:最終チェックのグリフ 'uni9A16' に交差がある
INFO:最終チェックのグリフ 'uni9A2D' に交差がある
INFO:最終チェックのグリフ 'uni9A30' に交差がある
INFO:最終チェックのグリフ 'uni9A44' に交差がある
INFO:最終チェックのグリフ 'uni9A45' に交差がある
INFO:最終チェックのグリフ 'uni9A4E' に交差がある
INFO:最終チェックのグリフ 'uni9A57' に交差がある
INFO:最終チェックのグリフ 'uni9A58' に交差がある
INFO:最終チェックのグリフ 'uni9A5F' に交差がある
INFO:最終チェックのグリフ 'uni9A62' に交差がある
INFO:最終チェックのグリフ 'uni9A64' に交差がある
INFO:最終チェックのグリフ 'uni9A69' に交差がある
INFO:最終チェックのグリフ 'uni9A6A' に交差がある
INFO:最終チェックのグリフ 'uni9AAF' に交差がある
INFO:最終チェックのグリフ 'uni9ABC' に交差がある
INFO:最終チェックのグリフ 'uni9AC1' に交差がある
INFO:最終チェックのグリフ 'uni9AC4' に交差がある
INFO:最終チェックのグリフ 'uni9AD1' に交差がある
INFO:最終チェックのグリフ 'uni9AD4' に交差がある
INFO:最終チェックのグリフ 'uni9AD6' に交差がある
INFO:最終チェックのグリフ 'uni9ADE' に交差がある
INFO:最終チェックのグリフ 'uni9ADF' に交差がある
INFO:最終チェックのグリフ 'uni9AE2' に交差がある
INFO:最終チェックのグリフ 'uni9AE6' に交差がある
INFO:最終チェックのグリフ 'uni9AED' に交差がある
INFO:最終チェックのグリフ 'uni9AF1' に交差がある
INFO:最終チェックのグリフ 'uni9AF9' に交差がある
INFO:最終チェックのグリフ 'uni9B08' に交差がある
INFO:最終チェックのグリフ 'uni9B10' に交差がある
INFO:最終チェックのグリフ 'uni9B1A' の参照が不正
INFO:最終チェックのグリフ 'uni9B1F' に交差がある
INFO:最終チェックのグリフ 'uni9B23' に交差がある
INFO:最終チェックのグリフ 'uni9B28' に交差がある
INFO:最終チェックのグリフ 'uni9B2A' に交差がある
INFO:最終チェックのグリフ 'uni9B2B' に交差がある
INFO:最終チェックのグリフ 'uni9B2D' に交差がある
INFO:最終チェックのグリフ 'uni9B2E' に交差がある
INFO:最終チェックのグリフ 'uni9B31' に交差がある
INFO:最終チェックのグリフ 'uni9B33' に交差がある
INFO:最終チェックのグリフ 'uni9B3B' に交差がある
INFO:最終チェックのグリフ 'uni9B42' に交差がある
INFO:最終チェックのグリフ 'uni9B43' に交差がある
INFO:最終チェックのグリフ 'uni9B44' に交差がある
INFO:最終チェックのグリフ 'uni9B51' に交差がある
INFO:最終チェックのグリフ 'uni9B58' に交差がある
INFO:最終チェックのグリフ 'uni9B5E' に交差がある
INFO:最終チェックのグリフ 'uni9B63' に交差がある
INFO:最終チェックのグリフ 'uni9B65' に交差がある
INFO:最終チェックのグリフ 'uni9B66' に交差がある
INFO:最終チェックのグリフ 'uni9B6B' に交差がある
INFO:最終チェックのグリフ 'uni9B6C' に交差がある
INFO:最終チェックのグリフ 'uni9B76' に交差がある
INFO:最終チェックのグリフ 'uni9B77' に交差がある
INFO:最終チェックのグリフ 'uni9B79' に交差がある
INFO:最終チェックのグリフ 'uni9B83' に交差がある
INFO:最終チェックのグリフ 'uni9B8A' に交差がある
INFO:最終チェックのグリフ 'uni9B8E' に交差がある
INFO:最終チェックのグリフ 'uni9B8F' に交差がある
INFO:最終チェックのグリフ 'uni9B92' に交差がある
INFO:最終チェックのグリフ 'uni9BA7' に交差がある
INFO:最終チェックのグリフ 'uni9BAB' に交差がある
INFO:最終チェックのグリフ 'uni9BAC' に交差がある
INFO:最終チェックのグリフ 'uni9BB2' に交差がある
INFO:最終チェックのグリフ 'uni9BB4' に交差がある
INFO:最終チェックのグリフ 'uni9BBE' に交差がある
INFO:最終チェックのグリフ 'uni9BC0' に交差がある
INFO:最終チェックのグリフ 'uni9BC9' に交差がある
INFO:最終チェックのグリフ 'uni9BCA' に交差がある
INFO:最終チェックのグリフ 'uni9BCF' に交差がある
INFO:最終チェックのグリフ 'uni9BE4' に交差がある
INFO:最終チェックのグリフ 'uni9BE5' に交差がある
INFO:最終チェックのグリフ 'uni9BE8' に交差がある
INFO:最終チェックのグリフ 'uni9BEB' に交差がある
INFO:最終チェックのグリフ 'uni9BEE' に交差がある
INFO:最終チェックのグリフ 'uni9BEF' に交差がある
INFO:最終チェックのグリフ 'uni9BF1' に交差がある
INFO:最終チェックのグリフ 'uni9BF3' に交差がある
INFO:最終チェックのグリフ 'uni9BF5' に交差がある
INFO:最終チェックのグリフ 'uni9BF7' に交差がある
INFO:最終チェックのグリフ 'uni9BF8' に交差がある
INFO:最終チェックのグリフ 'uni9BFA' に交差がある
INFO:最終チェックのグリフ 'uni9BFD' に交差がある
INFO:最終チェックのグリフ 'uni9C08' に交差がある
INFO:最終チェックのグリフ 'uni9C0A' に交差がある
INFO:最終チェックのグリフ 'uni9C0D' に交差がある
INFO:最終チェックのグリフ 'uni9C10' に交差がある
INFO:最終チェックのグリフ 'uni9C12' に交差がある
INFO:最終チェックのグリフ 'uni9C13' に交差がある
INFO:最終チェックのグリフ 'uni9C14' に交差がある
INFO:最終チェックのグリフ 'uni9C15' に交差がある
INFO:最終チェックのグリフ 'uni9C18' に交差がある
INFO:最終チェックのグリフ 'uni9C19' に交差がある
INFO:最終チェックのグリフ 'uni9C1B' に交差がある
INFO:最終チェックのグリフ 'uni9C22' に交差がある
INFO:最終チェックのグリフ 'uni9C23' に交差がある
INFO:最終チェックのグリフ 'uni9C25' に交差がある
INFO:最終チェックのグリフ 'uni9C27' に交差がある
INFO:最終チェックのグリフ 'uni9C29' に交差がある
INFO:最終チェックのグリフ 'uni9C2E' に交差がある
INFO:最終チェックのグリフ 'uni9C2F' に交差がある
INFO:最終チェックのグリフ 'uni9C31' に交差がある
INFO:最終チェックのグリフ 'uni9C36' に交差がある
INFO:最終チェックのグリフ 'uni9C37' に交差がある
INFO:最終チェックのグリフ 'uni9C39' に交差がある
INFO:最終チェックのグリフ 'uni9C3A' に交差がある
INFO:最終チェックのグリフ 'uni9C3B' に交差がある
INFO:最終チェックのグリフ 'uni9C3E' に交差がある
INFO:最終チェックのグリフ 'uni9C41' に交差がある
INFO:最終チェックのグリフ 'uni9C45' に交差がある
INFO:最終チェックのグリフ 'uni9C46' に交差がある
INFO:最終チェックのグリフ 'uni9C47' に交差がある
INFO:最終チェックのグリフ 'uni9C49' に交差がある
INFO:最終チェックのグリフ 'uni9C4A' に交差がある
INFO:最終チェックのグリフ 'uni9C4F' に交差がある
INFO:最終チェックのグリフ 'uni9C54' に交差がある
INFO:最終チェックのグリフ 'uni9C58' に交差がある
INFO:最終チェックのグリフ 'uni9C5A' に交差がある
INFO:最終チェックのグリフ 'uni9C5B' に交差がある
INFO:最終チェックのグリフ 'uni9C5D' に交差がある
INFO:最終チェックのグリフ 'uni9C60' に交差がある
INFO:最終チェックのグリフ 'uni9C63' に交差がある
INFO:最終チェックのグリフ 'uni9C65' に交差がある
INFO:最終チェックのグリフ 'uni9C67' に交差がある
INFO:最終チェックのグリフ 'uni9C69' に交差がある
INFO:最終チェックのグリフ 'uni9C6A' に交差がある
INFO:最終チェックのグリフ 'uni9C6B' に交差がある
INFO:最終チェックのグリフ 'uni9C6D' に交差がある
INFO:最終チェックのグリフ 'uni9C70' に交差がある
INFO:最終チェックのグリフ 'uni9C72' に交差がある
INFO:最終チェックのグリフ 'uni9C78' に交差がある
INFO:最終チェックのグリフ 'uni9C7A' に交差がある
INFO:最終チェックのグリフ 'uni9CE9' に交差がある
INFO:最終チェックのグリフ 'uni9CF2' に交差がある
INFO:最終チェックのグリフ 'uni9CF6' に交差がある
INFO:最終チェックのグリフ 'uni9D02' に交差がある
INFO:最終チェックのグリフ 'uni9D03' に交差がある
INFO:最終チェックのグリフ 'uni9D06' に交差がある
INFO:最終チェックのグリフ 'uni9D07' に交差がある
INFO:最終チェックのグリフ 'uni9D08' に交差がある
INFO:最終チェックのグリフ 'uni9D0B' に交差がある
INFO:最終チェックのグリフ 'uni9D11' に交差がある
INFO:最終チェックのグリフ 'uni9D12' に交差がある
INFO:最終チェックのグリフ 'uni9D17' に交差がある
INFO:最終チェックのグリフ 'uni9D18' に交差がある
INFO:最終チェックのグリフ 'uni9D1B' に交差がある
INFO:最終チェックのグリフ 'uni9D1D' に交差がある
INFO:最終チェックのグリフ 'uni9D1E' に交差がある
INFO:最終チェックのグリフ 'uni9D1F' に交差がある
INFO:最終チェックのグリフ 'uni9D23' に交差がある
INFO:最終チェックのグリフ 'uni9D28' に交差がある
INFO:最終チェックのグリフ 'uni9D2A' に交差がある
INFO:最終チェックのグリフ 'uni9D2B' に交差がある
INFO:最終チェックのグリフ 'uni9D2C' に交差がある
INFO:最終チェックのグリフ 'uni9D3E' に交差がある
INFO:最終チェックのグリフ 'uni9D3F' に交差がある
INFO:最終チェックのグリフ 'uni9D41' に交差がある
INFO:最終チェックのグリフ 'uni9D43' に交差がある
INFO:最終チェックのグリフ 'uni9D46' に交差がある
INFO:最終チェックのグリフ 'uni9D47' に交差がある
INFO:最終チェックのグリフ 'uni9D48' に交差がある
INFO:最終チェックのグリフ 'uni9D4A' に交差がある
INFO:最終チェックのグリフ 'uni9D51' に交差がある
INFO:最終チェックのグリフ 'uni9D52' に交差がある
INFO:最終チェックのグリフ 'uni9D59' に交差がある
INFO:最終チェックのグリフ 'uni9D5D' に交差がある
INFO:最終チェックのグリフ 'uni9D5E' に交差がある
INFO:最終チェックのグリフ 'uni9D5F' に交差がある
INFO:最終チェックのグリフ 'uni9D62' に交差がある
INFO:最終チェックのグリフ 'uni9D69' に交差がある
INFO:最終チェックのグリフ 'uni9D72' に交差がある
INFO:最終チェックのグリフ 'uni9D73' に交差がある
INFO:最終チェックのグリフ 'uni9D76' に交差がある
INFO:最終チェックのグリフ 'uni9D7C' に交差がある
INFO:最終チェックのグリフ 'uni9D7E' に交差がある
INFO:最終チェックのグリフ 'uni9D84' に交差がある
INFO:最終チェックのグリフ 'uni9D8D' に交差がある
INFO:最終チェックのグリフ 'uni9D96' に交差がある
INFO:最終チェックのグリフ 'uni9DA9' に交差がある
INFO:最終チェックのグリフ 'uni9DAC' に交差がある
INFO:最終チェックのグリフ 'uni9DAF' に交差がある
INFO:最終チェックのグリフ 'uni9DB2' に交差がある
INFO:最終チェックのグリフ 'uni9DB4' に交差がある
WARNING:最終チェックのグリフ 'uni9DB4' に自己交差がある
INFO:最終チェックのグリフ 'uni9DB5' に交差がある
INFO:最終チェックのグリフ 'uni9DB8' に交差がある
INFO:最終チェックのグリフ 'uni9DB9' に交差がある
INFO:最終チェックのグリフ 'uni9DBA' に交差がある
INFO:最終チェックのグリフ 'uni9DBB' に交差がある
INFO:最終チェックのグリフ 'uni9DBC' に交差がある
INFO:最終チェックのグリフ 'uni9DBD' に交差がある
INFO:最終チェックのグリフ 'uni9DBF' に交差がある
INFO:最終チェックのグリフ 'uni9DC2' に交差がある
INFO:最終チェックのグリフ 'uni9DCF' に交差がある
INFO:最終チェックのグリフ 'uni9DD3' に交差がある
INFO:最終チェックのグリフ 'uni9DD6' に交差がある
INFO:最終チェックのグリフ 'uni9DDA' に交差がある
INFO:最終チェックのグリフ 'uni9DDF' に交差がある
INFO:最終チェックのグリフ 'uni9DE3' に交差がある
INFO:最終チェックのグリフ 'uni9DE6' に交差がある
INFO:最終チェックのグリフ 'uni9DF4' に交差がある
INFO:最終チェックのグリフ 'uni9DF8' に交差がある
INFO:最終チェックのグリフ 'uni9DF9' に交差がある
INFO:最終チェックのグリフ 'uni9DFD' に交差がある
INFO:最終チェックのグリフ 'uni9E0A' に交差がある
INFO:最終チェックのグリフ 'uni9E0D' に交差がある
INFO:最終チェックのグリフ 'uni9E1A' に交差がある
INFO:最終チェックのグリフ 'uni9E1C' に交差がある
INFO:最終チェックのグリフ 'uni9E1D' に交差がある
INFO:最終チェックのグリフ 'uni9E79' に交差がある
INFO:最終チェックのグリフ 'uni9E7B' に交差がある
INFO:最終チェックのグリフ 'uni9E7C' に交差がある
INFO:最終チェックのグリフ 'uni9E85' に交差がある
INFO:最終チェックのグリフ 'uni9E88' に交差がある
INFO:最終チェックのグリフ 'uni9E97' に交差がある
INFO:最終チェックのグリフ 'uni9E9B' に交差がある
INFO:最終チェックのグリフ 'uni9E9D' に交差がある
INFO:最終チェックのグリフ 'uni9EA4' に交差がある
INFO:最終チェックのグリフ 'uni9EA8' に交差がある
INFO:最終チェックのグリフ 'uni9EA9' に交差がある
INFO:最終チェックのグリフ 'uni9EAA' に交差がある
INFO:最終チェックのグリフ 'uni9EAC' に交差がある
INFO:最終チェックのグリフ 'uni9EAD' に交差がある
INFO:最終チェックのグリフ 'uni9EB4' に交差がある
INFO:最終チェックのグリフ 'uni9EB5' に交差がある
INFO:最終チェックのグリフ 'uni9EB8' に交差がある
INFO:最終チェックのグリフ 'uni9EBB' に交差がある
INFO:最終チェックのグリフ 'uni9EBD' に交差がある
INFO:最終チェックのグリフ 'uni9ECC' に交差がある
INFO:最終チェックのグリフ 'uni9ED0' に交差がある
INFO:最終チェックのグリフ 'uni9EE0' に交差がある
INFO:最終チェックのグリフ 'uni9EE5' に交差がある
INFO:最終チェックのグリフ 'uni9EEE' に交差がある
INFO:最終チェックのグリフ 'uni9EF4' に交差がある
INFO:最終チェックのグリフ 'uni9EFB' に交差がある
INFO:最終チェックのグリフ 'uni9EFC' に交差がある
INFO:最終チェックのグリフ 'uni9F03' に交差がある
INFO:最終チェックのグリフ 'uni9F15' に交差がある
INFO:最終チェックのグリフ 'uni9F2F' に交差がある
INFO:最終チェックのグリフ 'uni9F3D' に交差がある
INFO:最終チェックのグリフ 'uni9F41' に交差がある
INFO:最終チェックのグリフ 'uni9F4B' に交差がある
INFO:最終チェックのグリフ 'uni9F4F' に交差がある
INFO:最終チェックのグリフ 'uni9F54' に交差がある
INFO:最終チェックのグリフ 'uni9F57' に交差がある
INFO:最終チェックのグリフ 'uni9F5F' に交差がある
INFO:最終チェックのグリフ 'uni9F60' の参照が不正
INFO:最終チェックのグリフ 'uni9F66' に交差がある
INFO:最終チェックのグリフ 'uni9F67' に交差がある
INFO:最終チェックのグリフ 'uni9F77' に交差がある
INFO:最終チェックのグリフ 'uni9F90' に交差がある
INFO:最終チェックのグリフ 'uni9F97' に交差がある
INFO:最終チェックのグリフ 'uni9F9D' に交差がある
INFO:最終チェックのグリフ 'uni9FA2' に交差がある
INFO:最終チェックのグリフ 'uniF91D' に交差がある
INFO:最終チェックのグリフ 'uniF970' に交差がある
INFO:最終チェックのグリフ 'uniF9DC' に交差がある
INFO:最終チェックのグリフ 'uniFA10' に交差がある
INFO:最終チェックのグリフ 'uniFA18' に交差がある
INFO:最終チェックのグリフ 'uniFA1C' に交差がある
INFO:最終チェックのグリフ 'uniFA1D' に交差がある
INFO:最終チェックのグリフ 'uniFA20' に交差がある
INFO:最終チェックのグリフ 'uniFA27' に交差がある
INFO:最終チェックのグリフ 'uniFA2B' に交差がある
INFO:最終チェックのグリフ 'uniFA30' に交差がある
INFO:最終チェックのグリフ 'uniFA34' に交差がある
INFO:最終チェックのグリフ 'uniFA37' に交差がある
INFO:最終チェックのグリフ 'uniFA3A' に交差がある
INFO:最終チェックのグリフ 'uniFA3E' に交差がある
INFO:最終チェックのグリフ 'uniFA3F' に交差がある
INFO:最終チェックのグリフ 'uniFA40' に交差がある
INFO:最終チェックのグリフ 'uniFA41' に交差がある
INFO:最終チェックのグリフ 'uniFA46' に交差がある
INFO:最終チェックのグリフ 'uniFA47' に交差がある
INFO:最終チェックのグリフ 'uniFA4A' に交差がある
INFO:最終チェックのグリフ 'uniFA57' に交差がある
INFO:最終チェックのグリフ 'uniFA61' に交差がある
INFO:最終チェックのグリフ 'uniFA62' に交差がある
INFO:最終チェックのグリフ 'uniFA63' に交差がある
INFO:最終チェックのグリフ 'uniFA65' に交差がある
INFO:最終チェックのグリフ 'uniFA6A' に交差がある
INFO:最終チェックのグリフ 'uniFB01' に交差がある
INFO:最終チェックのグリフ 'uniFB02' に交差がある
INFO:最終チェックのグリフ 'uniFF12' に交差がある
INFO:最終チェックのグリフ 'uniFF14' に交差がある
INFO:最終チェックのグリフ 'uniFF21' に交差がある
INFO:最終チェックのグリフ 'uniFF24' に交差がある
INFO:最終チェックのグリフ 'uniFF2B' に交差がある
INFO:最終チェックのグリフ 'uniFF2D' に交差がある
INFO:最終チェックのグリフ 'uniFF31' に交差がある
INFO:最終チェックのグリフ 'uniFF32' に交差がある
INFO:最終チェックのグリフ 'uniFF34' に交差がある
INFO:最終チェックのグリフ 'uniFF38' に交差がある
INFO:最終チェックのグリフ 'uniFF44' に交差がある
INFO:最終チェックのグリフ 'uniFF48' に交差がある
INFO:最終チェックのグリフ 'uniFF4B' に交差がある
INFO:最終チェックのグリフ 'uniFF4C' に交差がある
INFO:最終チェックのグリフ 'uniFF4D' に交差がある
INFO:最終チェックのグリフ 'uniFF4E' に交差がある
INFO:最終チェックのグリフ 'uniFF55' に交差がある
INFO:最終チェックのグリフ 'uniFF67' に交差がある
INFO:最終チェックのグリフ 'uniFF6C' に交差がある
INFO:最終チェックのグリフ 'uniFF73' に交差がある
INFO:最終チェックのグリフ 'uniFF76' に交差がある
INFO:最終チェックのグリフ 'uniFF89' に交差がある
INFO:最終チェックのグリフ 'uniFF8C' に交差がある
INFO:最終チェックのグリフ 'uniFF8E' に交差がある
INFO:最終チェックのグリフ 'u20371' に交差がある
INFO:最終チェックのグリフ 'u20509' に交差がある
INFO:最終チェックのグリフ 'u20B9F' に交差がある
INFO:最終チェックのグリフ 'u20E95' に交差がある
INFO:最終チェックのグリフ 'u21255' に交差がある
INFO:最終チェックのグリフ 'u212E4' に交差がある
INFO:最終チェックのグリフ 'u21344' に交差がある
INFO:最終チェックのグリフ 'u2146E' に交差がある
INFO:最終チェックのグリフ 'u215D7' に交差がある
INFO:最終チェックのグリフ 'u21706' に交差がある
INFO:最終チェックのグリフ 'u21742' に交差がある
INFO:最終チェックのグリフ 'u21D78' に交差がある
INFO:最終チェックのグリフ 'u21D92' に交差がある
INFO:最終チェックのグリフ 'u21D9C' に交差がある
INFO:最終チェックのグリフ 'u21DA1' に交差がある
INFO:最終チェックのグリフ 'u21E33' に交差がある
INFO:最終チェックのグリフ 'u21F76' に交差がある
INFO:最終チェックのグリフ 'u2217B' に交差がある
INFO:最終チェックのグリフ 'u22218' に交差がある
INFO:最終チェックのグリフ 'u2285B' に交差がある
INFO:最終チェックのグリフ 'u22AB8' に交差がある
INFO:最終チェックのグリフ 'u22B46' に交差がある
INFO:最終チェックのグリフ 'u23372' に交差がある
INFO:最終チェックのグリフ 'u233D5' に交差がある
INFO:最終チェックのグリフ 'u235C4' に交差がある
INFO:最終チェックのグリフ 'u23638' に交差がある
INFO:最終チェックのグリフ 'u23639' に交差がある
INFO:最終チェックのグリフ 'u2363A' に交差がある
INFO:最終チェックのグリフ 'u2370C' に交差がある
INFO:最終チェックのグリフ 'u2373F' に交差がある
INFO:最終チェックのグリフ 'u237FF' に交差がある
INFO:最終チェックのグリフ 'u23D40' に交差がある
INFO:最終チェックのグリフ 'u23DF9' に交差がある
INFO:最終チェックのグリフ 'u24096' に交差がある
INFO:最終チェックのグリフ 'u24103' に交差がある
INFO:最終チェックのグリフ 'u241C6' に交差がある
INFO:最終チェックのグリフ 'u243BC' に交差がある
INFO:最終チェックのグリフ 'u24896' に交差がある
INFO:最終チェックのグリフ 'u24B56' に交差がある
INFO:最終チェックのグリフ 'u24E0E' に交差がある
INFO:最終チェックのグリフ 'u24E6A' に交差がある
INFO:最終チェックのグリフ 'u255A7' に交差がある
INFO:最終チェックのグリフ 'u25C4B' に交差がある
INFO:最終チェックのグリフ 'u25C64' に交差がある
INFO:最終チェックのグリフ 'u25E56' に交差がある
INFO:最終チェックのグリフ 'u25EC2' に交差がある
INFO:最終チェックのグリフ 'u25F5C' に交差がある
INFO:最終チェックのグリフ 'u26060' に交差がある
INFO:最終チェックのグリフ 'u26A58' に交差がある
INFO:最終チェックのグリフ 'u26A8C' に交差がある
INFO:最終チェックのグリフ 'u26AB7' に交差がある
INFO:最終チェックのグリフ 'u26CDD' に交差がある
INFO:最終チェックのグリフ 'u26F94' に交差がある
INFO:最終チェックのグリフ 'u26FF8' に交差がある
INFO:最終チェックのグリフ 'u27139' に交差がある
INFO:最終チェックのグリフ 'u27410' に交差がある
INFO:最終チェックのグリフ 'u27631' に交差がある
INFO:最終チェックのグリフ 'u27684' に交差がある
INFO:最終チェックのグリフ 'u27693' に交差がある
INFO:最終チェックのグリフ 'u27723' に交差がある
INFO:最終チェックのグリフ 'u28277' に交差がある
INFO:最終チェックのグリフ 'u28282' に交差がある
INFO:最終チェックのグリフ 'u282F3' に交差がある
INFO:最終チェックのグリフ 'u283CD' に交差がある
INFO:最終チェックのグリフ 'u285C8' に交差がある
INFO:最終チェックのグリフ 'u286FA' に交差がある
INFO:最終チェックのグリフ 'u2896B' に交差がある
INFO:最終チェックのグリフ 'u28988' に交差がある
INFO:最終チェックのグリフ 'u28A29' に交差がある
INFO:最終チェックのグリフ 'u28A99' に交差がある
INFO:最終チェックのグリフ 'u28ACD' に交差がある
INFO:最終チェックのグリフ 'u28AE4' に交差がある
INFO:最終チェックのグリフ 'u28BEF' に交差がある
INFO:最終チェックのグリフ 'u28D71' に交差がある
INFO:最終チェックのグリフ 'u28DFB' に交差がある
INFO:最終チェックのグリフ 'u28E36' に交差がある
INFO:最終チェックのグリフ 'u28E89' に交差がある
INFO:最終チェックのグリフ 'u29719' に交差がある
INFO:最終チェックのグリフ 'u29DDB' に交差がある
INFO:最終チェックのグリフ 'u29E15' に交差がある
INFO:最終チェックのグリフ 'u29E3D' に交差がある
INFO:最終チェックのグリフ 'u29EC4' に交差がある
INFO:最終チェックのグリフ 'u29EE9' に交差がある
INFO:最終チェックのグリフ 'u29FCE' に交差がある
INFO:最終チェックのグリフ 'u2A01A' に交差がある
INFO:最終チェックのグリフ 'u2A02F' に交差がある
INFO:最終チェックのグリフ 'u2A082' に交差がある
INFO:最終チェックのグリフ 'u2A0F9' に交差がある
INFO:最終チェックのグリフ 'u2A437' に交差がある
INFO:最終チェックのグリフ 'u2A5F1' の参照が不正
INFO:最終チェックのグリフ 'u2A602' に交差がある
INFO:最終チェックのグリフ 'u2A6B2' に交差がある
INFO:最終チェックのグリフ 'u2F920' に交差がある
INFO:最終チェックのグリフ 'uni301C.vert' に交差がある
INFO:最終チェックのグリフ 'uni334D.vert' に交差がある
INFO:最終チェックのグリフ 'uni3326.vert' に交差がある
INFO:最終チェックのグリフ 'uni309D.vert' に交差がある
INFO:最終チェックのグリフ 'uni3051.aalt' に交差がある
INFO:最終チェックのグリフ 'uni3059.aalt' に交差がある
INFO:最終チェックのグリフ 'uni306A.aalt' に交差がある
INFO:最終チェックのグリフ 'uni306D.aalt' に交差がある
INFO:最終チェックのグリフ 'uni306E.aalt' に交差がある
INFO:最終チェックのグリフ 'uni3084.aalt' に交差がある
INFO:最終チェックのグリフ 'uni30AB.vert' に交差がある
INFO:最終チェックのグリフ 'uni30B1.vert' に交差がある
INFO:最終チェックのグリフ 'uni30C8.vert' に交差がある
INFO:最終チェックのグリフ 'uni30EF.vert' に交差がある
INFO:最終チェックのグリフ 'uni31F0.aalt' に交差がある
INFO:最終チェックのグリフ 'uni31FC.aalt' に交差がある
INFO:最終チェックのグリフ 'uni3016.vert' に交差がある
INFO:最終チェックのグリフ 'uni30C8_uni309A.ccmp.vert' に交差がある
INFO:最終チェックのグリフ 'uni9022.aalt' に交差がある
INFO:最終チェックのグリフ 'uni6DEB.jp83' に交差がある
INFO:最終チェックのグリフ 'uni7FF0.aalt' に交差がある
INFO:最終チェックのグリフ 'uni6C72.aalt' に交差がある
INFO:最終チェックのグリフ 'uni537F.aalt' に交差がある
INFO:最終チェックのグリフ 'uni9957.aalt' に交差がある
INFO:最終チェックのグリフ 'uni6ADB.aalt' に交差がある
INFO:最終チェックのグリフ 'uni6372.aalt' に交差がある
INFO:最終チェックのグリフ 'uni5DF7.aalt' に交差がある
INFO:最終チェックのグリフ 'uni85A9.aalt' に交差がある
INFO:最終チェックのグリフ 'uni9BD6.aalt' に交差がある
INFO:最終チェックのグリフ 'uni9306.aalt' に交差がある
INFO:最終チェックのグリフ 'uni9BAB.aalt' に交差がある
INFO:最終チェックのグリフ 'uni8755.aalt' に交差がある
INFO:最終チェックのグリフ 'uni717D.jp83' に交差がある
INFO:最終チェックのグリフ 'uni7BAD.aalt' に交差がある
INFO:最終チェックのグリフ 'uni69CC.aalt' に交差がある
INFO:最終チェックのグリフ 'uni633A.aalt' に交差がある
INFO:最終チェックのグリフ 'uni912D.aalt' に交差がある
INFO:最終チェックのグリフ 'uni8B0E.aalt' に交差がある
INFO:最終チェックのグリフ 'uni7058.aalt' に交差がある
INFO:最終チェックのグリフ 'uni79B0.jp83' に交差がある
INFO:最終チェックのグリフ 'uni53DB.aalt' に交差がある
INFO:最終チェックのグリフ 'uni8C79.aalt' に交差がある
INFO:最終チェックのグリフ 'uni7149.aalt' に交差がある
INFO:最終チェックのグリフ 'uni7AC8.expt' に交差がある
INFO:最終チェックのグリフ 'uni9771.expt' に交差がある
INFO:最終チェックのグリフ 'uni9D09.expt' に交差がある
INFO:最終チェックのグリフ 'uni6B1D.expt' に交差がある
INFO:最終チェックのグリフ 'uni5ACC.aalt' に交差がある
INFO:最終チェックのグリフ 'uni73CA.aalt' に交差がある
INFO:最終チェックのグリフ 'uni976D.jp78' に交差がある
INFO:最終チェックのグリフ 'uni717D.jp78' に交差がある
INFO:最終チェックのグリフ 'uni5275.aalt' に交差がある
INFO:最終チェックのグリフ 'uni75E9.expt' に交差がある
INFO:最終チェックのグリフ 'uni5544.aalt' に交差がある
INFO:最終チェックのグリフ 'uni6FEF.aalt' に交差がある
INFO:最終チェックのグリフ 'uni68DA.aalt' に交差がある
INFO:最終チェックのグリフ 'uni9C48.aalt' に交差がある
INFO:最終チェックのグリフ 'uni5858.aalt' に交差がある
INFO:最終チェックのグリフ 'uni5678.aalt' に交差がある
INFO:最終チェックのグリフ 'uni6249.aalt' に交差がある
INFO:最終チェックのグリフ 'uni7C7E.expt' に交差がある
INFO:最終チェックのグリフ 'uni7194.aalt' に交差がある
INFO:最終チェックのグリフ 'uni8000.expt' に交差がある
INFO:最終チェックのグリフ 'uni56A5.aalt' に交差がある
INFO:最終チェックのグリフ 'uni6097.aalt' に交差がある
INFO:最終チェックのグリフ 'uni689B.aalt' に交差がある
INFO:最終チェックのグリフ 'uni7504.aalt' に交差がある
INFO:最終チェックのグリフ 'uni750D.aalt' に交差がある
INFO:最終チェックのグリフ 'uni7515.jp78' に交差がある
INFO:最終チェックのグリフ 'uni787C.aalt' に交差がある
INFO:最終チェックのグリフ 'uni9F9D.expt' に交差がある
INFO:最終チェックのグリフ 'uni7D9F.aalt' に交差がある
INFO:最終チェックのグリフ 'uni8782.aalt' に交差がある
INFO:最終チェックのグリフ 'uni8DDA.aalt' に交差がある
INFO:最終チェックのグリフ 'uni8E09.aalt' に交差がある
INFO:最終チェックのグリフ 'uni8F13.aalt' に交差がある
INFO:最終チェックのグリフ 'uni91C1.aalt' に交差がある
INFO:最終チェックのグリフ 'uni9B2E.expt' に交差がある
INFO:最終チェックのグリフ 'uni9BF2.aalt' に交差がある
INFO:最終チェックのグリフ 'uni7A97.expt' に交差がある
INFO:最終チェックのグリフ 'uni7FE9.aalt' に交差がある
INFO:最終チェックのグリフ 'uni87D2.expt' に交差がある
INFO:最終チェックのグリフ 'uni9EAD.aalt' に交差がある
INFO:最終チェックのグリフ 'uni7D5C.aalt' に交差がある
INFO:最終チェックのグリフ 'glyph12027' に交差がある
INFO:最終チェックのグリフ 'glyph12030' に交差がある
INFO:最終チェックのグリフ 'f_i.liga' に交差がある
INFO:最終チェックのグリフ 'f_l.liga' に交差がある
INFO:最終チェックのグリフ 'uni03BC.aalt' に交差がある
INFO:最終チェックのグリフ 'glyph12059' に交差がある
INFO:最終チェックのグリフ 'T_E_L.dlig' に交差がある
INFO:最終チェックのグリフ 'uni30D3_uni30EB.dlig' に交差がある
INFO:最終チェックのグリフ 'uni30DE_uni30F3_uni30B7_uni30E7_uni30F3.dlig' に交差がある
INFO:最終チェックのグリフ 'glyph12104' に交差がある
INFO:最終チェックのグリフ 'onehalf.fwid' に交差がある
INFO:最終チェックのグリフ 'onequarter.fwid' に交差がある
INFO:最終チェックのグリフ 'm_i_n.dlig' に交差がある
INFO:最終チェックのグリフ 'glyph12270' に交差がある
INFO:最終チェックのグリフ 'uni6709_uni9650_uni4F1A_uni793E.dlig' に交差がある
INFO:最終チェックのグリフ 'uni8CA1_uni56E3_uni6CD5_uni4EBA.dlig' に交差がある
INFO:最終チェックのグリフ 'uni337F.vert' に交差がある
INFO:最終チェックのグリフ 'Oslash.aalt' に交差がある
INFO:最終チェックのグリフ 'uni00B9.vert' に交差がある
INFO:最終チェックのグリフ 'onequarter.vert' に交差がある
INFO:最終チェックのグリフ 'onehalf.vert' に交差がある
INFO:最終チェックのグリフ 'Q.vert' に交差がある
