INFO:最終チェックのグリフ 'question' に交差がある
INFO:最終チェックのグリフ 'Q' に交差がある
INFO:最終チェックのグリフ 'h' に交差がある
INFO:最終チェックのグリフ 'k' に交差がある
INFO:最終チェックのグリフ 'yen' に交差がある
INFO:最終チェックのグリフ 'AE' に交差がある
INFO:最終チェックのグリフ 'Egrave' に交差がある
INFO:最終チェックのグリフ 'Eacute' に交差がある
INFO:最終チェックのグリフ 'Ecircumflex' に交差がある
INFO:最終チェックのグリフ 'Edieresis' に交差がある
INFO:最終チェックのグリフ 'agrave' に交差がある
INFO:最終チェックのグリフ 'aacute' に交差がある
INFO:最終チェックのグリフ 'acircumflex' に交差がある
INFO:最終チェックのグリフ 'atilde' に交差がある
INFO:最終チェックのグリフ 'adieresis' に交差がある
INFO:最終チェックのグリフ 'aring' に交差がある
INFO:最終チェックのグリフ 'amacron' に交差がある
INFO:最終チェックのグリフ 'abreve' に交差がある
INFO:最終チェックのグリフ 'Emacron' に交差がある
INFO:最終チェックのグリフ 'Ecaron' に交差がある
INFO:最終チェックのグリフ 'Hcircumflex' に交差がある
INFO:最終チェックのグリフ 'Hbar' に交差がある
INFO:最終チェックのグリフ 'kgreenlandic' に交差がある
INFO:最終チェックのグリフ 'oe' に交差がある
INFO:最終チェックのグリフ 'scedilla' に交差がある
INFO:最終チェックのグリフ 'Tbar' に交差がある
INFO:最終チェックのグリフ 'Ycircumflex' に交差がある
INFO:最終チェックのグリフ 'Ydieresis' に交差がある
INFO:最終チェックのグリフ 'uni01CE' に交差がある
INFO:最終チェックのグリフ 'uni0251' に交差がある
INFO:最終チェックのグリフ 'uni0271' に交差がある
INFO:最終チェックのグリフ 'uni0330' に交差がある
INFO:最終チェックのグリフ 'Alphatonos' に交差がある
INFO:最終チェックのグリフ 'Epsilontonos' に交差がある
INFO:最終チェックのグリフ 'Etatonos' に交差がある
INFO:最終チェックのグリフ 'Iotatonos' に交差がある
INFO:最終チェックのグリフ 'alphatonos' に交差がある
INFO:最終チェックのグリフ 'alpha' に交差がある
INFO:最終チェックのグリフ 'uni0406' に交差がある
INFO:最終チェックのグリフ 'uni040C' に交差がある
INFO:最終チェックのグリフ 'uni0430' に交差がある
INFO:最終チェックのグリフ 'uni0453' に交差がある
INFO:最終チェックのグリフ 'uni045C' に交差がある
INFO:最終チェックのグリフ 'uni0491' に交差がある
INFO:最終チェックのグリフ 'uni1F70' に交差がある
INFO:最終チェックのグリフ 'uni1F71' に交差がある
INFO:最終チェックのグリフ 'uni203B' に交差がある
INFO:最終チェックのグリフ 'uni210F' に交差がある
INFO:最終チェックのグリフ 'uni2116' に交差がある
INFO:最終チェックのグリフ 'uni2177' に交差がある
INFO:最終チェックのグリフ 'arrowdown' に交差がある
INFO:最終チェックのグリフ 'universal' に交差がある
INFO:最終チェックのグリフ 'summation' に交差がある
INFO:最終チェックのグリフ 'logicalor' に交差がある
INFO:最終チェックのグリフ 'uni226A' に交差がある
INFO:最終チェックのグリフ 'uni2277' に交差がある
INFO:最終チェックのグリフ 'uni22DB' に交差がある
INFO:最終チェックのグリフ 'uni246A' に交差がある
INFO:最終チェックのグリフ 'uni24DA' に交差がある
INFO:最終チェックのグリフ 'triagdn' に交差がある
INFO:最終チェックのグリフ 'uni25BD' に交差がある
INFO:最終チェックのグリフ 'lozenge' に交差がある
INFO:最終チェックのグリフ 'uni2600' に交差がある
INFO:最終チェックのグリフ 'uni2661' に交差がある
INFO:最終チェックのグリフ 'uni2662' に交差がある
INFO:最終チェックのグリフ 'diamond' に交差がある
INFO:最終チェックのグリフ 'uni2756' に交差がある
INFO:最終チェックのグリフ 'uni27A1' に交差がある
INFO:最終チェックのグリフ 'uni2935' に交差がある
INFO:最終チェックのグリフ 'uni2B05' に交差がある
INFO:最終チェックのグリフ 'uni3018' に交差がある
INFO:最終チェックのグリフ 'uni304B' に交差がある
INFO:最終チェックのグリフ 'uni304C' に交差がある
INFO:最終チェックのグリフ 'uni306D' に交差がある
INFO:最終チェックのグリフ 'uni3095' に交差がある
INFO:最終チェックのグリフ 'uni30AC' に交差がある
INFO:最終チェックのグリフ 'uni322B' に交差がある
INFO:最終チェックのグリフ 'uni322D' に交差がある
INFO:最終チェックのグリフ 'uni322E' に交差がある
INFO:最終チェックのグリフ 'uni3231' に交差がある
INFO:最終チェックのグリフ 'uni323C' に交差がある
INFO:最終チェックのグリフ 'uni323D' に交差がある
INFO:最終チェックのグリフ 'uni323F' に交差がある
INFO:最終チェックのグリフ 'uni3240' に交差がある
INFO:最終チェックのグリフ 'uni3241' に交差がある
INFO:最終チェックのグリフ 'uni3242' に交差がある
INFO:最終チェックのグリフ 'uni3253' に交差がある
INFO:最終チェックのグリフ 'uni3254' に交差がある
INFO:最終チェックのグリフ 'uni3255' に交差がある
INFO:最終チェックのグリフ 'uni3256' に交差がある
INFO:最終チェックのグリフ 'uni3257' に交差がある
INFO:最終チェックのグリフ 'uni3258' に交差がある
INFO:最終チェックのグリフ 'uni3259' に交差がある
INFO:最終チェックのグリフ 'uni3299' に交差がある
INFO:最終チェックのグリフ 'uni329D' に交差がある
INFO:最終チェックのグリフ 'uni32B0' に交差がある
INFO:最終チェックのグリフ 'uni32B5' に交差がある
INFO:最終チェックのグリフ 'uni3314' に交差がある
INFO:最終チェックのグリフ 'uni3327' に交差がある
INFO:最終チェックのグリフ 'uni337C' に交差がある
INFO:最終チェックのグリフ 'uni337D' に交差がある
INFO:最終チェックのグリフ 'uni337E' に交差がある
INFO:最終チェックのグリフ 'uni3385' に交差がある
INFO:最終チェックのグリフ 'uni3386' に交差がある
INFO:最終チェックのグリフ 'uni3387' に交差がある
INFO:最終チェックのグリフ 'uni3388' に交差がある
INFO:最終チェックのグリフ 'uni3390' に交差がある
INFO:最終チェックのグリフ 'uni3398' に交差がある
INFO:最終チェックのグリフ 'uni33A2' に交差がある
INFO:最終チェックのグリフ 'uni33A6' に交差がある
INFO:最終チェックのグリフ 'uni33B0' に交差がある
INFO:最終チェックのグリフ 'uni33B1' に交差がある
INFO:最終チェックのグリフ 'uni33B2' に交差がある
INFO:最終チェックのグリフ 'uni33B3' に交差がある
INFO:最終チェックのグリフ 'uni34BC' に交差がある
INFO:最終チェックのグリフ 'uni364A' に交差がある
INFO:最終チェックのグリフ 'uni3691' に交差がある
INFO:最終チェックのグリフ 'uni3761' に交差がある
INFO:最終チェックのグリフ 'uni3762' に交差がある
INFO:最終チェックのグリフ 'uni376B' に交差がある
INFO:最終チェックのグリフ 'uni378D' に交差がある
INFO:最終チェックのグリフ 'uni37E2' に交差がある
INFO:最終チェックのグリフ 'uni37E8' に交差がある
INFO:最終チェックのグリフ 'uni37FD' に交差がある
INFO:最終チェックのグリフ 'uni391A' に交差がある
INFO:最終チェックのグリフ 'uni3A6E' に交差がある
INFO:最終チェックのグリフ 'uni3AD7' に交差がある
INFO:最終チェックのグリフ 'uni3B1A' に交差がある
INFO:最終チェックのグリフ 'uni3B22' に交差がある
INFO:最終チェックのグリフ 'uni3B87' に交差がある
INFO:最終チェックのグリフ 'uni3B8D' に交差がある
INFO:最終チェックのグリフ 'uni3C0F' に交差がある
INFO:最終チェックのグリフ 'uni3C26' に交差がある
INFO:最終チェックのグリフ 'uni3D1E' に交差がある
INFO:最終チェックのグリフ 'uni3E05' に交差がある
INFO:最終チェックのグリフ 'uni3F57' に交差がある
INFO:最終チェックのグリフ 'uni3FAE' に交差がある
INFO:最終チェックのグリフ 'uni3FC9' に交差がある
INFO:最終チェックのグリフ 'uni3FD7' に交差がある
INFO:最終チェックのグリフ 'uni4163' に交差がある
INFO:最終チェックのグリフ 'uni41BF' に交差がある
INFO:最終チェックのグリフ 'uni4264' に交差がある
INFO:最終チェックのグリフ 'uni441C' に交差がある
INFO:最終チェックのグリフ 'uni447A' に交差がある
INFO:最終チェックのグリフ 'uni4525' に交差がある
INFO:最終チェックのグリフ 'uni4543' に交差がある
INFO:最終チェックのグリフ 'uni4641' に交差がある
INFO:最終チェックのグリフ 'uni46A1' に交差がある
INFO:最終チェックのグリフ 'uni470C' に交差がある
INFO:最終チェックのグリフ 'uni4764' に交差がある
INFO:最終チェックのグリフ 'uni4BC2' に交差がある
INFO:最終チェックのグリフ 'uni4BD2' に交差がある
INFO:最終チェックのグリフ 'uni4C20' に交差がある
INFO:最終チェックのグリフ 'uni4CC4' に交差がある
INFO:最終チェックのグリフ 'uni4E03' に交差がある
INFO:最終チェックのグリフ 'uni4E0A' に交差がある
INFO:最終チェックのグリフ 'uni4E11' に交差がある
INFO:最終チェックのグリフ 'uni4E16' に交差がある
INFO:最終チェックのグリフ 'uni4E18' に交差がある
INFO:最終チェックのグリフ 'uni4E26' に交差がある
INFO:最終チェックのグリフ 'uni4E2A' に交差がある
INFO:最終チェックのグリフ 'uni4E51' に交差がある
INFO:最終チェックのグリフ 'uni4E5E' に交差がある
INFO:最終チェックのグリフ 'uni4E5F' に交差がある
INFO:最終チェックのグリフ 'uni4E82' に交差がある
INFO:最終チェックのグリフ 'uni4E92' に交差がある
INFO:最終チェックのグリフ 'uni4E98' に交差がある
INFO:最終チェックのグリフ 'uni4E99' に交差がある
INFO:最終チェックのグリフ 'uni4E9D' に交差がある
INFO:最終チェックのグリフ 'uni4E9E' に交差がある
INFO:最終チェックのグリフ 'uni4EB6' に交差がある
INFO:最終チェックのグリフ 'uni4EBC' に交差がある
INFO:最終チェックのグリフ 'uni4EC8' に交差がある
INFO:最終チェックのグリフ 'uni4ECE' に交差がある
INFO:最終チェックのグリフ 'uni4ED6' に交差がある
INFO:最終チェックのグリフ 'uni4EED' に交差がある
INFO:最終チェックのグリフ 'uni4EF6' に交差がある
INFO:最終チェックのグリフ 'uni4EFC' に交差がある
INFO:最終チェックのグリフ 'uni4F01' に交差がある
INFO:最終チェックのグリフ 'uni4F03' に交差がある
INFO:最終チェックのグリフ 'uni4F11' に交差がある
INFO:最終チェックのグリフ 'uni4F1D' に交差がある
INFO:最終チェックのグリフ 'uni4F38' に交差がある
INFO:最終チェックのグリフ 'uni4F39' に交差がある
INFO:最終チェックのグリフ 'uni4F3C' に交差がある
INFO:最終チェックのグリフ 'uni4F46' に交差がある
INFO:最終チェックのグリフ 'uni4F4F' に交差がある
INFO:最終チェックのグリフ 'uni4F50' に交差がある
INFO:最終チェックのグリフ 'uni4F53' に交差がある
INFO:最終チェックのグリフ 'uni4F7B' に交差がある
INFO:最終チェックのグリフ 'uni4F7D' に交差がある
INFO:最終チェックのグリフ 'uni4F83' に交差がある
INFO:最終チェックのグリフ 'uni4F86' に交差がある
INFO:最終チェックのグリフ 'uni4F9D' に交差がある
WARNING:最終チェックのグリフ 'uni4F9D' に自己交差がある
INFO:最終チェックのグリフ 'uni4FAD' に交差がある
INFO:最終チェックのグリフ 'uni4FB2' に交差がある
INFO:最終チェックのグリフ 'uni4FC4' に交差がある
INFO:最終チェックのグリフ 'uni4FC9' に交差がある
INFO:最終チェックのグリフ 'uni4FCE' に交差がある
INFO:最終チェックのグリフ 'uni4FD0' に交差がある
INFO:最終チェックのグリフ 'uni4FE4' に交差がある
INFO:最終チェックのグリフ 'uni4FE5' に交差がある
INFO:最終チェックのグリフ 'uni4FF2' に交差がある
INFO:最終チェックのグリフ 'uni4FF6' に交差がある
INFO:最終チェックのグリフ 'uni5006' に交差がある
INFO:最終チェックのグリフ 'uni500B' に交差がある
INFO:最終チェックのグリフ 'uni501A' に交差がある
INFO:最終チェックのグリフ 'uni5025' に交差がある
INFO:最終チェックのグリフ 'uni5028' に交差がある
INFO:最終チェックのグリフ 'uni5029' に交差がある
INFO:最終チェックのグリフ 'uni502D' に交差がある
INFO:最終チェックのグリフ 'uni502E' に交差がある
INFO:最終チェックのグリフ 'uni5043' に交差がある
INFO:最終チェックのグリフ 'uni5056' に交差がある
INFO:最終チェックのグリフ 'uni5057' に交差がある
INFO:最終チェックのグリフ 'uni5072' に交差がある
INFO:最終チェックのグリフ 'uni5076' に交差がある
INFO:最終チェックのグリフ 'uni507D' に交差がある
INFO:最終チェックのグリフ 'uni5091' に交差がある
INFO:最終チェックのグリフ 'uni5092' に交差がある
INFO:最終チェックのグリフ 'uni50B2' に交差がある
INFO:最終チェックのグリフ 'uni50BE' に交差がある
INFO:最終チェックのグリフ 'uni50D8' に交差がある
INFO:最終チェックのグリフ 'uni50E5' に交差がある
INFO:最終チェックのグリフ 'uni50E6' に交差がある
INFO:最終チェックのグリフ 'uni5102' に交差がある
INFO:最終チェックのグリフ 'uni5106' に交差がある
INFO:最終チェックのグリフ 'uni5109' に交差がある
INFO:最終チェックのグリフ 'uni5115' に交差がある
INFO:最終チェックのグリフ 'uni5116' に交差がある
INFO:最終チェックのグリフ 'uni5118' に交差がある
INFO:最終チェックのグリフ 'uni511A' に交差がある
INFO:最終チェックのグリフ 'uni511E' に交差がある
INFO:最終チェックのグリフ 'uni5121' に交差がある
INFO:最終チェックのグリフ 'uni513A' に交差がある
INFO:最終チェックのグリフ 'uni513B' に交差がある
INFO:最終チェックのグリフ 'uni513C' に交差がある
INFO:最終チェックのグリフ 'uni5143' に交差がある
INFO:最終チェックのグリフ 'uni5145' に交差がある
INFO:最終チェックのグリフ 'uni514B' に交差がある
INFO:最終チェックのグリフ 'uni5154' に交差がある
INFO:最終チェックのグリフ 'uni5160' に交差がある
INFO:最終チェックのグリフ 'uni5168' に交差がある
INFO:最終チェックのグリフ 'uni5169' に交差がある
INFO:最終チェックのグリフ 'uni516A' に交差がある
INFO:最終チェックのグリフ 'uni516B' に交差がある
INFO:最終チェックのグリフ 'uni5176' に交差がある
INFO:最終チェックのグリフ 'uni5185' に交差がある
INFO:最終チェックのグリフ 'uni518D' に交差がある
INFO:最終チェックのグリフ 'uni518F' に交差がある
INFO:最終チェックのグリフ 'uni519D' に交差がある
INFO:最終チェックのグリフ 'uni51B0' に交差がある
INFO:最終チェックのグリフ 'uni51BD' に交差がある
INFO:最終チェックのグリフ 'uni51DC' に交差がある
INFO:最終チェックのグリフ 'uni51F4' に交差がある
INFO:最終チェックのグリフ 'uni520B' に交差がある
INFO:最終チェックのグリフ 'uni520E' に交差がある
INFO:最終チェックのグリフ 'uni5217' に交差がある
INFO:最終チェックのグリフ 'uni5230' に交差がある
INFO:最終チェックのグリフ 'uni5233' に交差がある
INFO:最終チェックのグリフ 'uni5236' に交差がある
INFO:最終チェックのグリフ 'uni523A' に交差がある
INFO:最終チェックのグリフ 'uni524B' に交差がある
INFO:最終チェックのグリフ 'uni5265' に交差がある
INFO:最終チェックのグリフ 'uni526C' に交差がある
INFO:最終チェックのグリフ 'uni5270' に交差がある
INFO:最終チェックのグリフ 'uni5274' に交差がある
INFO:最終チェックのグリフ 'uni5284' に交差がある
INFO:最終チェックのグリフ 'uni5289' に交差がある
INFO:最終チェックのグリフ 'uni5292' に交差がある
INFO:最終チェックのグリフ 'uni52AC' に交差がある
INFO:最終チェックのグリフ 'uni52BA' に交差がある
INFO:最終チェックのグリフ 'uni52C1' に交差がある
INFO:最終チェックのグリフ 'uni52C9' に交差がある
INFO:最終チェックのグリフ 'uni52CD' に交差がある
INFO:最終チェックのグリフ 'uni52D5' に交差がある
INFO:最終チェックのグリフ 'uni52D6' の参照が不正
INFO:最終チェックのグリフ 'uni52DF' に交差がある
INFO:最終チェックのグリフ 'uni52E0' に交差がある
INFO:最終チェックのグリフ 'uni52E4' に交差がある
INFO:最終チェックのグリフ 'uni52F8' に交差がある
INFO:最終チェックのグリフ 'uni52FF' に交差がある
INFO:最終チェックのグリフ 'uni5300' に交差がある
INFO:最終チェックのグリフ 'uni5302' に交差がある
INFO:最終チェックのグリフ 'uni5308' に交差がある
INFO:最終チェックのグリフ 'uni530B' に交差がある
INFO:最終チェックのグリフ 'uni530D' に交差がある
INFO:最終チェックのグリフ 'uni5324' に交差がある
INFO:最終チェックのグリフ 'uni532F' に交差がある
INFO:最終チェックのグリフ 'uni5335' に交差がある
INFO:最終チェックのグリフ 'uni5358' に交差がある
INFO:最終チェックのグリフ 'uni535A' に交差がある
INFO:最終チェックのグリフ 'uni535C' に交差がある
INFO:最終チェックのグリフ 'uni5367' に交差がある
INFO:最終チェックのグリフ 'uni5369' に交差がある
INFO:最終チェックのグリフ 'uni536C' に交差がある
INFO:最終チェックのグリフ 'uni536F' に交差がある
INFO:最終チェックのグリフ 'uni5373' に交差がある
INFO:最終チェックのグリフ 'uni5374' に交差がある
INFO:最終チェックのグリフ 'uni5378' に交差がある
INFO:最終チェックのグリフ 'uni53A4' に交差がある
INFO:最終チェックのグリフ 'uni53A5' に交差がある
INFO:最終チェックのグリフ 'uni53AD' に交差がある
INFO:最終チェックのグリフ 'uni53B0' に交差がある
INFO:最終チェックのグリフ 'uni53B2' に交差がある
INFO:最終チェックのグリフ 'uni53B4' に交差がある
INFO:最終チェックのグリフ 'uni53C2' に交差がある
INFO:最終チェックのグリフ 'uni53CE' に交差がある
INFO:最終チェックのグリフ 'uni53D4' に交差がある
INFO:最終チェックのグリフ 'uni53D9' に交差がある
INFO:最終チェックのグリフ 'uni53DF' に交差がある
INFO:最終チェックのグリフ 'uni53E3' に交差がある
INFO:最終チェックのグリフ 'uni53E5' に交差がある
INFO:最終チェックのグリフ 'uni53ED' に交差がある
INFO:最終チェックのグリフ 'uni53FA' に交差がある
INFO:最終チェックのグリフ 'uni5420' に交差がある
INFO:最終チェックのグリフ 'uni5439' に交差がある
INFO:最終チェックのグリフ 'uni543C' に交差がある
INFO:最終チェックのグリフ 'uni5443' に交差がある
INFO:最終チェックのグリフ 'uni5462' に交差がある
INFO:最終チェックのグリフ 'uni5468' に交差がある
INFO:最終チェックのグリフ 'uni546A' に交差がある
INFO:最終チェックのグリフ 'uni5471' に交差がある
INFO:最終チェックのグリフ 'uni5473' に交差がある
INFO:最終チェックのグリフ 'uni5476' に交差がある
INFO:最終チェックのグリフ 'uni547D' に交差がある
INFO:最終チェックのグリフ 'uni547F' に交差がある
INFO:最終チェックのグリフ 'uni5480' に交差がある
INFO:最終チェックのグリフ 'uni548A' に交差がある
INFO:最終チェックのグリフ 'uni54A2' に交差がある
INFO:最終チェックのグリフ 'uni54AE' に交差がある
INFO:最終チェックのグリフ 'uni54B7' に交差がある
INFO:最終チェックのグリフ 'uni54BD' に交差がある
INFO:最終チェックのグリフ 'uni54C4' に交差がある
INFO:最終チェックのグリフ 'uni54C7' に交差がある
INFO:最終チェックのグリフ 'uni54D8' に交差がある
INFO:最終チェックのグリフ 'uni54E8' に交差がある
INFO:最終チェックのグリフ 'uni54EC' に交差がある
INFO:最終チェックのグリフ 'uni54EE' に交差がある
INFO:最終チェックのグリフ 'uni54EF' に交差がある
INFO:最終チェックのグリフ 'uni54F1' の参照が不正
INFO:最終チェックのグリフ 'uni54F3' の参照が不正
INFO:最終チェックのグリフ 'uni5516' に交差がある
INFO:最終チェックのグリフ 'uni552B' に交差がある
INFO:最終チェックのグリフ 'uni552F' に交差がある
INFO:最終チェックのグリフ 'uni5533' に交差がある
INFO:最終チェックのグリフ 'uni5535' に交差がある
INFO:最終チェックのグリフ 'uni5538' に交差がある
INFO:最終チェックのグリフ 'uni553E' に交差がある
INFO:最終チェックのグリフ 'uni5544' に交差がある
INFO:最終チェックのグリフ 'uni5553' の参照が不正
INFO:最終チェックのグリフ 'uni5556' の参照が不正
INFO:最終チェックのグリフ 'uni555D' に交差がある
INFO:最終チェックのグリフ 'uni555E' に交差がある
INFO:最終チェックのグリフ 'uni5561' に交差がある
INFO:最終チェックのグリフ 'uni5563' に交差がある
INFO:最終チェックのグリフ 'uni557E' に交差がある
INFO:最終チェックのグリフ 'uni5583' に交差がある
INFO:最終チェックのグリフ 'uni5599' に交差がある
INFO:最終チェックのグリフ 'uni55A8' に交差がある
INFO:最終チェックのグリフ 'uni55B0' に交差がある
INFO:最終チェックのグリフ 'uni55C5' の参照が不正
INFO:最終チェックのグリフ 'uni55CC' に交差がある
INFO:最終チェックのグリフ 'uni55D1' に交差がある
INFO:最終チェックのグリフ 'uni55E2' に交差がある
INFO:最終チェックのグリフ 'uni55E3' に交差がある
INFO:最終チェックのグリフ 'uni55E9' に交差がある
INFO:最終チェックのグリフ 'uni55F7' に交差がある
INFO:最終チェックのグリフ 'uni55FD' の参照が不正
INFO:最終チェックのグリフ 'uni5610' に交差がある
INFO:最終チェックのグリフ 'uni5634' に交差がある
INFO:最終チェックのグリフ 'uni5638' に交差がある
INFO:最終チェックのグリフ 'uni5640' に交差がある
INFO:最終チェックのグリフ 'uni5649' に交差がある
INFO:最終チェックのグリフ 'uni564C' に交差がある
INFO:最終チェックのグリフ 'uni565B' に交差がある
INFO:最終チェックのグリフ 'uni5660' の参照が不正
INFO:最終チェックのグリフ 'uni5664' に交差がある
INFO:最終チェックのグリフ 'uni566D' に交差がある
INFO:最終チェックのグリフ 'uni5687' に交差がある
INFO:最終チェックのグリフ 'uni5688' に交差がある
INFO:最終チェックのグリフ 'uni568A' に交差がある
INFO:最終チェックのグリフ 'uni5695' に交差がある
INFO:最終チェックのグリフ 'uni569A' に交差がある
INFO:最終チェックのグリフ 'uni56A8' に交差がある
INFO:最終チェックのグリフ 'uni56BC' に交差がある
INFO:最終チェックのグリフ 'uni56C3' に交差がある
INFO:最終チェックのグリフ 'uni56C5' に交差がある
INFO:最終チェックのグリフ 'uni56D1' に交差がある
INFO:最終チェックのグリフ 'uni56DF' に交差がある
INFO:最終チェックのグリフ 'uni56F7' に交差がある
INFO:最終チェックのグリフ 'uni56FD' に交差がある
INFO:最終チェックのグリフ 'uni5709' に交差がある
INFO:最終チェックのグリフ 'uni5715' に交差がある
INFO:最終チェックのグリフ 'uni5721' に交差がある
INFO:最終チェックのグリフ 'uni5726' に交差がある
INFO:最終チェックのグリフ 'uni5740' に交差がある
INFO:最終チェックのグリフ 'uni5747' に交差がある
INFO:最終チェックのグリフ 'uni574E' に交差がある
INFO:最終チェックのグリフ 'uni5765' に交差がある
INFO:最終チェックのグリフ 'uni5766' に交差がある
INFO:最終チェックのグリフ 'uni5775' に交差がある
INFO:最終チェックのグリフ 'uni5777' に交差がある
INFO:最終チェックのグリフ 'uni5782' に交差がある
INFO:最終チェックのグリフ 'uni57A0' に交差がある
INFO:最終チェックのグリフ 'uni57CE' の参照が不正
INFO:最終チェックのグリフ 'uni57D4' に交差がある
INFO:最終チェックのグリフ 'uni57DE' に交差がある
INFO:最終チェックのグリフ 'uni57ED' に交差がある
INFO:最終チェックのグリフ 'uni57F5' に交差がある
INFO:最終チェックのグリフ 'uni57FD' に交差がある
INFO:最終チェックのグリフ 'uni5804' に交差がある
INFO:最終チェックのグリフ 'uni5820' に交差がある
INFO:最終チェックのグリフ 'uni582A' に交差がある
INFO:最終チェックのグリフ 'uni5849' に交差がある
INFO:最終チェックのグリフ 'uni584C' に交差がある
INFO:最終チェックのグリフ 'uni5858' に交差がある
INFO:最終チェックのグリフ 'uni5869' に交差がある
INFO:最終チェックのグリフ 'uni5870' に交差がある
INFO:最終チェックのグリフ 'uni5889' に交差がある
INFO:最終チェックのグリフ 'uni588F' に交差がある
INFO:最終チェックのグリフ 'uni5890' に交差がある
INFO:最終チェックのグリフ 'uni5893' に交差がある
INFO:最終チェックのグリフ 'uni5894' に交差がある
INFO:最終チェックのグリフ 'uni58B3' に交差がある
INFO:最終チェックのグリフ 'uni58CA' に交差がある
INFO:最終チェックのグリフ 'uni58CC' に交差がある
INFO:最終チェックのグリフ 'uni58CD' に交差がある
INFO:最終チェックのグリフ 'uni58CE' に交差がある
INFO:最終チェックのグリフ 'uni58D2' に交差がある
INFO:最終チェックのグリフ 'uni58D5' の参照が不正
INFO:最終チェックのグリフ 'uni58D7' に交差がある
INFO:最終チェックのグリフ 'uni58DA' に交差がある
INFO:最終チェックのグリフ 'uni58DE' に交差がある
INFO:最終チェックのグリフ 'uni58E4' に交差がある
INFO:最終チェックのグリフ 'uni58EF' に交差がある
INFO:最終チェックのグリフ 'uni58F3' に交差がある
INFO:最終チェックのグリフ 'uni58F4' に交差がある
INFO:最終チェックのグリフ 'uni590C' に交差がある
INFO:最終チェックのグリフ 'uni5918' の参照が不正
INFO:最終チェックのグリフ 'uni591C' に交差がある
INFO:最終チェックのグリフ 'uni5924' に交差がある
INFO:最終チェックのグリフ 'uni5931' に交差がある
INFO:最終チェックのグリフ 'uni5947' に交差がある
INFO:最終チェックのグリフ 'uni5950' に交差がある
INFO:最終チェックのグリフ 'uni5957' に交差がある
INFO:最終チェックのグリフ 'uni5960' に交差がある
INFO:最終チェックのグリフ 'uni5962' に交差がある
INFO:最終チェックのグリフ 'uni5965' に交差がある
INFO:最終チェックのグリフ 'uni596C' に交差がある
INFO:最終チェックのグリフ 'uni5978' に交差がある
INFO:最終チェックのグリフ 'uni5999' に交差がある
INFO:最終チェックのグリフ 'uni599B' に交差がある
INFO:最終チェックのグリフ 'uni599F' に交差がある
INFO:最終チェックのグリフ 'uni59A4' に交差がある
INFO:最終チェックのグリフ 'uni59B9' に交差がある
INFO:最終チェックのグリフ 'uni59BA' に交差がある
INFO:最終チェックのグリフ 'uni59C3' に交差がある
INFO:最終チェックのグリフ 'uni59D0' に交差がある
INFO:最終チェックのグリフ 'uni59D9' に交差がある
INFO:最終チェックのグリフ 'uni59EB' の参照が不正
INFO:最終チェックのグリフ 'uni5A0D' に交差がある
INFO:最終チェックのグリフ 'uni5A1A' に交差がある
INFO:最終チェックのグリフ 'uni5A65' に交差がある
INFO:最終チェックのグリフ 'uni5A6C' に交差がある
INFO:最終チェックのグリフ 'uni5A6D' に交差がある
INFO:最終チェックのグリフ 'uni5A9C' に交差がある
INFO:最終チェックのグリフ 'uni5AB1' に交差がある
INFO:最終チェックのグリフ 'uni5ABA' の参照が不正
INFO:最終チェックのグリフ 'uni5ABC' に交差がある
INFO:最終チェックのグリフ 'uni5AC9' に交差がある
INFO:最終チェックのグリフ 'uni5ACB' に交差がある
INFO:最終チェックのグリフ 'uni5AD0' に交差がある
INFO:最終チェックのグリフ 'uni5AE5' に交差がある
INFO:最終チェックのグリフ 'uni5AE9' に交差がある
INFO:最終チェックのグリフ 'uni5AF0' に交差がある
INFO:最終チェックのグリフ 'uni5B00' に交差がある
INFO:最終チェックのグリフ 'uni5B09' に交差がある
INFO:最終チェックのグリフ 'uni5B0C' に交差がある
INFO:最終チェックのグリフ 'uni5B2D' に交差がある
INFO:最終チェックのグリフ 'uni5B41' に交差がある
INFO:最終チェックのグリフ 'uni5B43' に交差がある
INFO:最終チェックのグリフ 'uni5B45' に交差がある
INFO:最終チェックのグリフ 'uni5B4C' に交差がある
INFO:最終チェックのグリフ 'uni5B5F' に交差がある
INFO:最終チェックのグリフ 'uni5B64' に交差がある
INFO:最終チェックのグリフ 'uni5B65' に交差がある
INFO:最終チェックのグリフ 'uni5B75' に交差がある
INFO:最終チェックのグリフ 'uni5B78' に交差がある
INFO:最終チェックのグリフ 'uni5B7F' に交差がある
INFO:最終チェックのグリフ 'uni5B81' に交差がある
INFO:最終チェックのグリフ 'uni5B83' に交差がある
INFO:最終チェックのグリフ 'uni5B96' に交差がある
INFO:最終チェックのグリフ 'uni5B98' に交差がある
INFO:最終チェックのグリフ 'uni5B99' に交差がある
INFO:最終チェックのグリフ 'uni5B9C' に交差がある
INFO:最終チェックのグリフ 'uni5B9F' に交差がある
INFO:最終チェックのグリフ 'uni5BA5' に交差がある
INFO:最終チェックのグリフ 'uni5BB8' に交差がある
INFO:最終チェックのグリフ 'uni5BC2' の参照が不正
INFO:最終チェックのグリフ 'uni5BC4' に交差がある
INFO:最終チェックのグリフ 'uni5BCC' に交差がある
INFO:最終チェックのグリフ 'uni5BCE' の参照が不正
INFO:最終チェックのグリフ 'uni5BDF' に交差がある
INFO:最終チェックのグリフ 'uni5BE4' に交差がある
INFO:最終チェックのグリフ 'uni5BF3' に交差がある
INFO:最終チェックのグリフ 'uni5C08' に交差がある
INFO:最終チェックのグリフ 'uni5C28' に交差がある
INFO:最終チェックのグリフ 'uni5C31' に交差がある
INFO:最終チェックのグリフ 'uni5C3B' に交差がある
INFO:最終チェックのグリフ 'uni5C3C' に交差がある
INFO:最終チェックのグリフ 'uni5C3E' に交差がある
INFO:最終チェックのグリフ 'uni5C40' に交差がある
INFO:最終チェックのグリフ 'uni5C51' に交差がある
INFO:最終チェックのグリフ 'uni5C5E' に交差がある
INFO:最終チェックのグリフ 'uni5C61' に交差がある
INFO:最終チェックのグリフ 'uni5C65' に交差がある
INFO:最終チェックのグリフ 'uni5C6E' に交差がある
INFO:最終チェックのグリフ 'uni5C7C' に交差がある
INFO:最終チェックのグリフ 'uni5C8A' に交差がある
INFO:最終チェックのグリフ 'uni5CA0' に交差がある
INFO:最終チェックのグリフ 'uni5CA2' に交差がある
INFO:最終チェックのグリフ 'uni5CA6' に交差がある
INFO:最終チェックのグリフ 'uni5CA8' に交差がある
INFO:最終チェックのグリフ 'uni5CCB' に交差がある
INFO:最終チェックのグリフ 'uni5CD9' に交差がある
INFO:最終チェックのグリフ 'uni5CE1' に交差がある
INFO:最終チェックのグリフ 'uni5CEF' に交差がある
INFO:最終チェックのグリフ 'uni5CF4' に交差がある
INFO:最終チェックのグリフ 'uni5D10' に交差がある
INFO:最終チェックのグリフ 'uni5D19' に交差がある
INFO:最終チェックのグリフ 'uni5D22' に交差がある
INFO:最終チェックのグリフ 'uni5D39' に交差がある
INFO:最終チェックのグリフ 'uni5D4A' に交差がある
INFO:最終チェックのグリフ 'uni5D5C' に交差がある
INFO:最終チェックのグリフ 'uni5D61' に交差がある
INFO:最終チェックのグリフ 'uni5D70' に交差がある
INFO:最終チェックのグリフ 'uni5D81' に交差がある
INFO:最終チェックのグリフ 'uni5D97' に交差がある
INFO:最終チェックのグリフ 'uni5D99' に交差がある
INFO:最終チェックのグリフ 'uni5DA0' に交差がある
INFO:最終チェックのグリフ 'uni5DA2' に交差がある
INFO:最終チェックのグリフ 'uni5DA7' に交差がある
INFO:最終チェックのグリフ 'uni5DAE' に交差がある
INFO:最終チェックのグリフ 'uni5DB8' の参照が不正
INFO:最終チェックのグリフ 'uni5DBC' に交差がある
INFO:最終チェックのグリフ 'uni5DBD' に交差がある
INFO:最終チェックのグリフ 'uni5DC9' に交差がある
INFO:最終チェックのグリフ 'uni5DCB' に交差がある
INFO:最終チェックのグリフ 'uni5DD0' に交差がある
INFO:最終チェックのグリフ 'uni5DD1' に交差がある
INFO:最終チェックのグリフ 'uni5DD2' に交差がある
INFO:最終チェックのグリフ 'uni5DD6' に交差がある
INFO:最終チェックのグリフ 'uni5DD7' に交差がある
INFO:最終チェックのグリフ 'uni5DD8' に交差がある
INFO:最終チェックのグリフ 'uni5DE4' に交差がある
INFO:最終チェックのグリフ 'uni5DF3' に交差がある
INFO:最終チェックのグリフ 'uni5E02' に交差がある
INFO:最終チェックのグリフ 'uni5E06' に交差がある
INFO:最終チェックのグリフ 'uni5E12' に交差がある
INFO:最終チェックのグリフ 'uni5E14' に交差がある
INFO:最終チェックのグリフ 'uni5E15' に交差がある
INFO:最終チェックのグリフ 'uni5E19' に交差がある
INFO:最終チェックのグリフ 'uni5E1D' に交差がある
INFO:最終チェックのグリフ 'uni5E2D' に交差がある
INFO:最終チェックのグリフ 'uni5E40' に交差がある
INFO:最終チェックのグリフ 'uni5E45' に交差がある
INFO:最終チェックのグリフ 'uni5E64' に交差がある
INFO:最終チェックのグリフ 'uni5E7B' に交差がある
INFO:最終チェックのグリフ 'uni5E81' に交差がある
INFO:最終チェックのグリフ 'uni5E84' に交差がある
INFO:最終チェックのグリフ 'uni5E8A' に交差がある
INFO:最終チェックのグリフ 'uni5EA5' に交差がある
INFO:最終チェックのグリフ 'uni5EAD' に交差がある
INFO:最終チェックのグリフ 'uni5EB7' に交差がある
INFO:最終チェックのグリフ 'uni5EB9' に交差がある
INFO:最終チェックのグリフ 'uni5EC3' に交差がある
INFO:最終チェックのグリフ 'uni5EC6' に交差がある
INFO:最終チェックのグリフ 'uni5ECF' に交差がある
INFO:最終チェックのグリフ 'uni5EE0' に交差がある
INFO:最終チェックのグリフ 'uni5EF3' に交差がある
INFO:最終チェックのグリフ 'uni5EF6' に交差がある
INFO:最終チェックのグリフ 'uni5F0A' に交差がある
INFO:最終チェックのグリフ 'uni5F16' に交差がある
INFO:最終チェックのグリフ 'uni5F17' に交差がある
INFO:最終チェックのグリフ 'uni5F1C' に交差がある
INFO:最終チェックのグリフ 'uni5F1E' に交差がある
INFO:最終チェックのグリフ 'uni5F1F' に交差がある
INFO:最終チェックのグリフ 'uni5F21' に交差がある
INFO:最終チェックのグリフ 'uni5F26' に交差がある
INFO:最終チェックのグリフ 'uni5F27' に交差がある
INFO:最終チェックのグリフ 'uni5F29' に交差がある
INFO:最終チェックのグリフ 'uni5F36' に交差がある
INFO:最終チェックのグリフ 'uni5F3C' に交差がある
INFO:最終チェックのグリフ 'uni5F4C' に交差がある
INFO:最終チェックのグリフ 'uni5F4E' に交差がある
INFO:最終チェックのグリフ 'uni5F51' に交差がある
INFO:最終チェックのグリフ 'uni5F57' に交差がある
INFO:最終チェックのグリフ 'uni5F58' に交差がある
INFO:最終チェックのグリフ 'uni5F66' に交差がある
INFO:最終チェックのグリフ 'uni5F6B' に交差がある
INFO:最終チェックのグリフ 'uni5F72' に交差がある
INFO:最終チェックのグリフ 'uni5F81' に交差がある
INFO:最終チェックのグリフ 'uni5F82' に交差がある
INFO:最終チェックのグリフ 'uni5F87' に交差がある
INFO:最終チェックのグリフ 'uni5F89' に交差がある
INFO:最終チェックのグリフ 'uni5F90' に交差がある
INFO:最終チェックのグリフ 'uni5F92' に交差がある
INFO:最終チェックのグリフ 'uni5F97' に交差がある
INFO:最終チェックのグリフ 'uni5FAA' に交差がある
INFO:最終チェックのグリフ 'uni5FB4' に交差がある
INFO:最終チェックのグリフ 'uni5FB5' に交差がある
INFO:最終チェックのグリフ 'uni5FCB' に交差がある
INFO:最終チェックのグリフ 'uni5FE0' に交差がある
INFO:最終チェックのグリフ 'uni5FF1' に交差がある
INFO:最終チェックのグリフ 'uni5FF8' に交差がある
INFO:最終チェックのグリフ 'uni5FFF' に交差がある
INFO:最終チェックのグリフ 'uni600F' に交差がある
INFO:最終チェックのグリフ 'uni6014' に交差がある
INFO:最終チェックのグリフ 'uni601B' に交差がある
INFO:最終チェックのグリフ 'uni601C' に交差がある
INFO:最終チェックのグリフ 'uni6020' に交差がある
INFO:最終チェックのグリフ 'uni6025' に交差がある
INFO:最終チェックのグリフ 'uni6046' に交差がある
INFO:最終チェックのグリフ 'uni604C' に交差がある
INFO:最終チェックのグリフ 'uni6050' に交差がある
INFO:最終チェックのグリフ 'uni606C' に交差がある
INFO:最終チェックのグリフ 'uni6070' に交差がある
INFO:最終チェックのグリフ 'uni6085' に交差がある
INFO:最終チェックのグリフ 'uni6089' に交差がある
INFO:最終チェックのグリフ 'uni6092' に交差がある
INFO:最終チェックのグリフ 'uni609D' に交差がある
INFO:最終チェックのグリフ 'uni60A8' に交差がある
INFO:最終チェックのグリフ 'uni60B6' に交差がある
INFO:最終チェックのグリフ 'uni60C6' に交差がある
INFO:最終チェックのグリフ 'uni60C8' に交差がある
INFO:最終チェックのグリフ 'uni60CB' に交差がある
INFO:最終チェックのグリフ 'uni60D8' に交差がある
INFO:最終チェックのグリフ 'uni60D9' に交差がある
INFO:最終チェックのグリフ 'uni60DB' に交差がある
INFO:最終チェックのグリフ 'uni60E3' に交差がある
INFO:最終チェックのグリフ 'uni60F1' に交差がある
INFO:最終チェックのグリフ 'uni60F4' に交差がある
INFO:最終チェックのグリフ 'uni60F6' に交差がある
INFO:最終チェックのグリフ 'uni60F7' に交差がある
INFO:最終チェックのグリフ 'uni6101' に交差がある
INFO:最終チェックのグリフ 'uni6108' に交差がある
INFO:最終チェックのグリフ 'uni610D' に交差がある
INFO:最終チェックのグリフ 'uni6119' に交差がある
INFO:最終チェックのグリフ 'uni6120' に交差がある
INFO:最終チェックのグリフ 'uni6127' に交差がある
INFO:最終チェックのグリフ 'uni612B' に交差がある
INFO:最終チェックのグリフ 'uni6142' に交差がある
INFO:最終チェックのグリフ 'uni6147' に交差がある
INFO:最終チェックのグリフ 'uni614D' に交差がある
INFO:最終チェックのグリフ 'uni615D' に交差がある
INFO:最終チェックのグリフ 'uni6167' に交差がある
INFO:最終チェックのグリフ 'uni6168' に交差がある
INFO:最終チェックのグリフ 'uni616E' に交差がある
INFO:最終チェックのグリフ 'uni6171' に交差がある
INFO:最終チェックのグリフ 'uni6174' に交差がある
INFO:最終チェックのグリフ 'uni617C' に交差がある
INFO:最終チェックのグリフ 'uni617E' に交差がある
INFO:最終チェックのグリフ 'uni618D' に交差がある
INFO:最終チェックのグリフ 'uni6191' に交差がある
INFO:最終チェックのグリフ 'uni6196' に交差がある
INFO:最終チェックのグリフ 'uni61A4' の参照が不正
INFO:最終チェックのグリフ 'uni61B2' に交差がある
INFO:最終チェックのグリフ 'uni61BA' に交差がある
INFO:最終チェックのグリフ 'uni61BC' に交差がある
INFO:最終チェックのグリフ 'uni61C3' に交差がある
INFO:最終チェックのグリフ 'uni61C7' に交差がある
INFO:最終チェックのグリフ 'uni61C8' に交差がある
INFO:最終チェックのグリフ 'uni61D0' に交差がある
INFO:最終チェックのグリフ 'uni61F6' の参照が不正
INFO:最終チェックのグリフ 'uni61F8' に交差がある
INFO:最終チェックのグリフ 'uni6200' に交差がある
INFO:最終チェックのグリフ 'uni6211' に交差がある
INFO:最終チェックのグリフ 'uni6215' に交差がある
INFO:最終チェックのグリフ 'uni621A' に交差がある
INFO:最終チェックのグリフ 'uni621B' に交差がある
INFO:最終チェックのグリフ 'uni622E' に交差がある
INFO:最終チェックのグリフ 'uni6232' に交差がある
INFO:最終チェックのグリフ 'uni6233' に交差がある
INFO:最終チェックのグリフ 'uni623E' に交差がある
INFO:最終チェックのグリフ 'uni6241' に交差がある
INFO:最終チェックのグリフ 'uni6246' に交差がある
INFO:最終チェックのグリフ 'uni624E' に交差がある
INFO:最終チェックのグリフ 'uni6252' に交差がある
INFO:最終チェックのグリフ 'uni6256' に交差がある
INFO:最終チェックのグリフ 'uni625E' に交差がある
INFO:最終チェックのグリフ 'uni626D' に交差がある
INFO:最終チェックのグリフ 'uni626F' に交差がある
INFO:最終チェックのグリフ 'uni6282' に交差がある
INFO:最終チェックのグリフ 'uni6284' に交差がある
INFO:最終チェックのグリフ 'uni6293' に交差がある
INFO:最終チェックのグリフ 'uni629B' に交差がある
INFO:最終チェックのグリフ 'uni62A6' に交差がある
INFO:最終チェックのグリフ 'uni62AB' に交差がある
INFO:最終チェックのグリフ 'uni62B1' に交差がある
INFO:最終チェックのグリフ 'uni62BB' に交差がある
INFO:最終チェックのグリフ 'uni62BC' に交差がある
INFO:最終チェックのグリフ 'uni62CC' に交差がある
INFO:最終チェックのグリフ 'uni62CF' に交差がある
INFO:最終チェックのグリフ 'uni62D0' に交差がある
INFO:最終チェックのグリフ 'uni62D2' に交差がある
INFO:最終チェックのグリフ 'uni62D4' に交差がある
INFO:最終チェックのグリフ 'uni62D5' に交差がある
INFO:最終チェックのグリフ 'uni62ED' に交差がある
INFO:最終チェックのグリフ 'uni62F3' に交差がある
INFO:最終チェックのグリフ 'uni62F5' に交差がある
INFO:最終チェックのグリフ 'uni6310' に交差がある
INFO:最終チェックのグリフ 'uni6327' に交差がある
INFO:最終チェックのグリフ 'uni632F' に交差がある
INFO:最終チェックのグリフ 'uni6332' に交差がある
INFO:最終チェックのグリフ 'uni633D' に交差がある
INFO:最終チェックのグリフ 'uni636E' に交差がある
INFO:最終チェックのグリフ 'uni6380' に交差がある
INFO:最終チェックのグリフ 'uni6384' に交差がある
INFO:最終チェックのグリフ 'uni6394' に交差がある
INFO:最終チェックのグリフ 'uni639B' に交差がある
INFO:最終チェックのグリフ 'uni63A0' に交差がある
INFO:最終チェックのグリフ 'uni63A3' に交差がある
INFO:最終チェックのグリフ 'uni63AB' の参照が不正
INFO:最終チェックのグリフ 'uni63C0' に交差がある
INFO:最終チェックのグリフ 'uni63D2' に交差がある
INFO:最終チェックのグリフ 'uni63D4' に交差がある
INFO:最終チェックのグリフ 'uni640F' に交差がある
INFO:最終チェックのグリフ 'uni641C' に交差がある
INFO:最終チェックのグリフ 'uni642C' に交差がある
INFO:最終チェックのグリフ 'uni642D' に交差がある
INFO:最終チェックのグリフ 'uni643A' に交差がある
INFO:最終チェックのグリフ 'uni643E' に交差がある
INFO:最終チェックのグリフ 'uni644E' に交差がある
INFO:最終チェックのグリフ 'uni6458' に交差がある
INFO:最終チェックのグリフ 'uni645B' に交差がある
INFO:最終チェックのグリフ 'uni645D' に交差がある
INFO:最終チェックのグリフ 'uni6473' に交差がある
INFO:最終チェックのグリフ 'uni6492' に交差がある
INFO:最終チェックのグリフ 'uni6493' に交差がある
INFO:最終チェックのグリフ 'uni649E' に交差がある
INFO:最終チェックのグリフ 'uni649F' に交差がある
INFO:最終チェックのグリフ 'uni64A4' に交差がある
INFO:最終チェックのグリフ 'uni64A5' に交差がある
INFO:最終チェックのグリフ 'uni64AB' に交差がある
INFO:最終チェックのグリフ 'uni64B9' に交差がある
INFO:最終チェックのグリフ 'uni64BC' に交差がある
INFO:最終チェックのグリフ 'uni64D0' に交差がある
INFO:最終チェックのグリフ 'uni64D7' の参照が不正
INFO:最終チェックのグリフ 'uni64E3' に交差がある
INFO:最終チェックのグリフ 'uni64F7' に交差がある
INFO:最終チェックのグリフ 'uni64FA' に交差がある
INFO:最終チェックのグリフ 'uni64FD' に交差がある
INFO:最終チェックのグリフ 'uni64FE' に交差がある
INFO:最終チェックのグリフ 'uni650F' に交差がある
INFO:最終チェックのグリフ 'uni651C' に交差がある
INFO:最終チェックのグリフ 'uni6523' に交差がある
INFO:最終チェックのグリフ 'uni6529' に交差がある
INFO:最終チェックのグリフ 'uni652A' に交差がある
INFO:最終チェックのグリフ 'uni6534' に交差がある
INFO:最終チェックのグリフ 'uni6545' に交差がある
INFO:最終チェックのグリフ 'uni654E' に交差がある
INFO:最終チェックのグリフ 'uni654F' に交差がある
INFO:最終チェックのグリフ 'uni655D' に交差がある
INFO:最終チェックのグリフ 'uni6583' に交差がある
INFO:最終チェックのグリフ 'uni6584' に交差がある
INFO:最終チェックのグリフ 'uni6591' に交差がある
INFO:最終チェックのグリフ 'uni659B' の参照が不正
INFO:最終チェックのグリフ 'uni65AD' に交差がある
INFO:最終チェックのグリフ 'uni65B7' に交差がある
INFO:最終チェックのグリフ 'uni65C3' に交差がある
INFO:最終チェックのグリフ 'uni65C9' に交差がある
INFO:最終チェックのグリフ 'uni65D7' に交差がある
INFO:最終チェックのグリフ 'uni65DB' に交差がある
INFO:最終チェックのグリフ 'uni65EC' に交差がある
INFO:最終チェックのグリフ 'uni65F1' に交差がある
INFO:最終チェックのグリフ 'uni65F2' に交差がある
INFO:最終チェックのグリフ 'uni6602' に交差がある
INFO:最終チェックのグリフ 'uni660C' に交差がある
INFO:最終チェックのグリフ 'uni6620' に交差がある
INFO:最終チェックのグリフ 'uni6627' に交差がある
INFO:最終チェックのグリフ 'uni662E' に交差がある
INFO:最終チェックのグリフ 'uni6645' に交差がある
INFO:最終チェックのグリフ 'uni6651' に交差がある
INFO:最終チェックのグリフ 'uni665B' に交差がある
INFO:最終チェックのグリフ 'uni665E' に交差がある
INFO:最終チェックのグリフ 'uni6666' に交差がある
INFO:最終チェックのグリフ 'uni6667' に交差がある
INFO:最終チェックのグリフ 'uni666D' に交差がある
INFO:最終チェックのグリフ 'uni6680' に交差がある
INFO:最終チェックのグリフ 'uni6691' に交差がある
INFO:最終チェックのグリフ 'uni66A0' に交差がある
INFO:最終チェックのグリフ 'uni66A6' に交差がある
INFO:最終チェックのグリフ 'uni66AE' に交差がある
INFO:最終チェックのグリフ 'uni66B1' に交差がある
INFO:最終チェックのグリフ 'uni66B2' に交差がある
INFO:最終チェックのグリフ 'uni66BC' に交差がある
INFO:最終チェックのグリフ 'uni66BE' に交差がある
INFO:最終チェックのグリフ 'uni66C8' に交差がある
INFO:最終チェックのグリフ 'uni66DA' に交差がある
INFO:最終チェックのグリフ 'uni66DB' に交差がある
INFO:最終チェックのグリフ 'uni66DD' に交差がある
INFO:最終チェックのグリフ 'uni66E6' に交差がある
INFO:最終チェックのグリフ 'uni66E8' に交差がある
INFO:最終チェックのグリフ 'uni66E9' に交差がある
INFO:最終チェックのグリフ 'uni66EC' に交差がある
INFO:最終チェックのグリフ 'uni66F2' に交差がある
INFO:最終チェックのグリフ 'uni66F7' に交差がある
INFO:最終チェックのグリフ 'uni66FE' に交差がある
INFO:最終チェックのグリフ 'uni6701' に交差がある
INFO:最終チェックのグリフ 'uni6705' に交差がある
INFO:最終チェックのグリフ 'uni6715' の参照が不正
INFO:最終チェックのグリフ 'uni6716' に交差がある
INFO:最終チェックのグリフ 'uni671B' に交差がある
INFO:最終チェックのグリフ 'uni6726' に交差がある
INFO:最終チェックのグリフ 'uni672B' に交差がある
INFO:最終チェックのグリフ 'uni6731' に交差がある
INFO:最終チェックのグリフ 'uni6733' に交差がある
INFO:最終チェックのグリフ 'uni6737' に交差がある
INFO:最終チェックのグリフ 'uni673D' に交差がある
INFO:最終チェックのグリフ 'uni6741' に交差がある
INFO:最終チェックのグリフ 'uni6760' に交差がある
INFO:最終チェックのグリフ 'uni6762' に交差がある
INFO:最終チェックのグリフ 'uni6766' に交差がある
INFO:最終チェックのグリフ 'uni6772' に交差がある
INFO:最終チェックのグリフ 'uni6774' に交差がある
INFO:最終チェックのグリフ 'uni6776' に交差がある
INFO:最終チェックのグリフ 'uni677B' に交差がある
INFO:最終チェックのグリフ 'uni6785' に交差がある
INFO:最終チェックのグリフ 'uni6789' に交差がある
INFO:最終チェックのグリフ 'uni6797' に交差がある
INFO:最終チェックのグリフ 'uni679B' に交差がある
INFO:最終チェックのグリフ 'uni679C' に交差がある
INFO:最終チェックのグリフ 'uni67A0' に交差がある
INFO:最終チェックのグリフ 'uni67A6' に交差がある
INFO:最終チェックのグリフ 'uni67B8' に交差がある
INFO:最終チェックのグリフ 'uni67BB' に交差がある
INFO:最終チェックのグリフ 'uni67C3' に交差がある
INFO:最終チェックのグリフ 'uni67C4' に交差がある
INFO:最終チェックのグリフ 'uni67C6' に交差がある
INFO:最終チェックのグリフ 'uni67E2' に交差がある
INFO:最終チェックのグリフ 'uni67E4' に交差がある
INFO:最終チェックのグリフ 'uni67E7' に交差がある
INFO:最終チェックのグリフ 'uni67EF' に交差がある
INFO:最終チェックのグリフ 'uni67F1' に交差がある
INFO:最終チェックのグリフ 'uni67FC' に交差がある
INFO:最終チェックのグリフ 'uni67FF' に交差がある
INFO:最終チェックのグリフ 'uni6804' に交差がある
INFO:最終チェックのグリフ 'uni6810' に交差がある
INFO:最終チェックのグリフ 'uni6813' に交差がある
INFO:最終チェックのグリフ 'uni681E' に交差がある
INFO:最終チェックのグリフ 'uni682A' に交差がある
INFO:最終チェックのグリフ 'uni6872' に交差がある
INFO:最終チェックのグリフ 'uni6885' に交差がある
INFO:最終チェックのグリフ 'uni6898' に交差がある
INFO:最終チェックのグリフ 'uni689B' に交差がある
INFO:最終チェックのグリフ 'uni68A6' の参照が不正
INFO:最終チェックのグリフ 'uni68AA' に交差がある
INFO:最終チェックのグリフ 'uni68BB' に交差がある
INFO:最終チェックのグリフ 'uni68E5' に交差がある
INFO:最終チェックのグリフ 'uni68F0' に交差がある
INFO:最終チェックのグリフ 'uni68F2' に交差がある
INFO:最終チェックのグリフ 'uni68F7' に交差がある
INFO:最終チェックのグリフ 'uni68F9' に交差がある
INFO:最終チェックのグリフ 'uni6908' に交差がある
INFO:最終チェックのグリフ 'uni690F' に交差がある
INFO:最終チェックのグリフ 'uni691A' に交差がある
INFO:最終チェックのグリフ 'uni6925' に交差がある
INFO:最終チェックのグリフ 'uni6934' に交差がある
INFO:最終チェックのグリフ 'uni6942' に交差がある
INFO:最終チェックのグリフ 'uni6953' に交差がある
INFO:最終チェックのグリフ 'uni6959' に交差がある
INFO:最終チェックのグリフ 'uni695C' に交差がある
INFO:最終チェックのグリフ 'uni6964' に交差がある
INFO:最終チェックのグリフ 'uni696B' に交差がある
INFO:最終チェックのグリフ 'uni696F' に交差がある
INFO:最終チェックのグリフ 'uni6978' に交差がある
INFO:最終チェックのグリフ 'uni6979' に交差がある
INFO:最終チェックのグリフ 'uni697C' に交差がある
INFO:最終チェックのグリフ 'uni697E' に交差がある
INFO:最終チェックのグリフ 'uni6981' に交差がある
INFO:最終チェックのグリフ 'uni698A' に交差がある
INFO:最終チェックのグリフ 'uni6992' に交差がある
INFO:最終チェックのグリフ 'uni6994' に交差がある
INFO:最終チェックのグリフ 'uni699B' に交差がある
INFO:最終チェックのグリフ 'uni69AE' に交差がある
INFO:最終チェックのグリフ 'uni69B2' に交差がある
INFO:最終チェックのグリフ 'uni69B7' に交差がある
INFO:最終チェックのグリフ 'uni69BA' に交差がある
INFO:最終チェックのグリフ 'uni69BC' に交差がある
INFO:最終チェックのグリフ 'uni69CB' に交差がある
INFO:最終チェックのグリフ 'uni69CE' に交差がある
INFO:最終チェックのグリフ 'uni69D1' に交差がある
INFO:最終チェックのグリフ 'uni69E2' に交差がある
INFO:最終チェックのグリフ 'uni69EA' に交差がある
INFO:最終チェックのグリフ 'uni69F5' に交差がある
INFO:最終チェックのグリフ 'uni69F6' に交差がある
INFO:最終チェックのグリフ 'uni69F9' に交差がある
INFO:最終チェックのグリフ 'uni69FF' の参照が不正
INFO:最終チェックのグリフ 'uni6A0C' に交差がある
INFO:最終チェックのグリフ 'uni6A15' に交差がある
INFO:最終チェックのグリフ 'uni6A19' に交差がある
INFO:最終チェックのグリフ 'uni6A1E' に交差がある
INFO:最終チェックのグリフ 'uni6A1F' の参照が不正
INFO:最終チェックのグリフ 'uni6A21' に交差がある
INFO:最終チェックのグリフ 'uni6A2B' に交差がある
INFO:最終チェックのグリフ 'uni6A38' に交差がある
INFO:最終チェックのグリフ 'uni6A39' に交差がある
INFO:最終チェックのグリフ 'uni6A3E' に交差がある
INFO:最終チェックのグリフ 'uni6A45' に交差がある
INFO:最終チェックのグリフ 'uni6A49' に交差がある
INFO:最終チェックのグリフ 'uni6A4B' に交差がある
INFO:最終チェックのグリフ 'uni6A59' に交差がある
INFO:最終チェックのグリフ 'uni6A5B' に交差がある
INFO:最終チェックのグリフ 'uni6A61' に交差がある
INFO:最終チェックのグリフ 'uni6A73' に交差がある
INFO:最終チェックのグリフ 'uni6A7A' に交差がある
INFO:最終チェックのグリフ 'uni6A80' の参照が不正
INFO:最終チェックのグリフ 'uni6A84' に交差がある
INFO:最終チェックのグリフ 'uni6A89' に交差がある
INFO:最終チェックのグリフ 'uni6A8B' に交差がある
INFO:最終チェックのグリフ 'uni6A8D' に交差がある
INFO:最終チェックのグリフ 'uni6A91' に交差がある
INFO:最終チェックのグリフ 'uni6A97' に交差がある
INFO:最終チェックのグリフ 'uni6A9F' に交差がある
INFO:最終チェックのグリフ 'uni6AAC' に交差がある
INFO:最終チェックのグリフ 'uni6AAE' に交差がある
INFO:最終チェックのグリフ 'uni6ABB' に交差がある
INFO:最終チェックのグリフ 'uni6AC1' に交差がある
INFO:最終チェックのグリフ 'uni6AD3' に交差がある
INFO:最終チェックのグリフ 'uni6ADA' に交差がある
INFO:最終チェックのグリフ 'uni6AF2' に交差がある
INFO:最終チェックのグリフ 'uni6AF3' に交差がある
INFO:最終チェックのグリフ 'uni6AFD' に交差がある
INFO:最終チェックのグリフ 'uni6B12' に交差がある
INFO:最終チェックのグリフ 'uni6B16' に交差がある
INFO:最終チェックのグリフ 'uni6B1D' に交差がある
INFO:最終チェックのグリフ 'uni6B1E' に交差がある
INFO:最終チェックのグリフ 'uni6B23' に交差がある
INFO:最終チェックのグリフ 'uni6B2F' に交差がある
INFO:最終チェックのグリフ 'uni6B37' に交差がある
INFO:最終チェックのグリフ 'uni6B39' に交差がある
INFO:最終チェックのグリフ 'uni6B3A' に交差がある
INFO:最終チェックのグリフ 'uni6B43' に交差がある
INFO:最終チェックのグリフ 'uni6B46' に交差がある
INFO:最終チェックのグリフ 'uni6B47' に交差がある
INFO:最終チェックのグリフ 'uni6B4A' に交差がある
INFO:最終チェックのグリフ 'uni6B4E' に交差がある
INFO:最終チェックのグリフ 'uni6B50' に交差がある
INFO:最終チェックのグリフ 'uni6B56' に交差がある
INFO:最終チェックのグリフ 'uni6B59' に交差がある
INFO:最終チェックのグリフ 'uni6B5B' に交差がある
INFO:最終チェックのグリフ 'uni6B5F' に交差がある
INFO:最終チェックのグリフ 'uni6B61' に交差がある
INFO:最終チェックのグリフ 'uni6B63' に交差がある
INFO:最終チェックのグリフ 'uni6B66' に交差がある
INFO:最終チェックのグリフ 'uni6B6C' に交差がある
INFO:最終チェックのグリフ 'uni6B80' に交差がある
INFO:最終チェックのグリフ 'uni6B82' に交差がある
INFO:最終チェックのグリフ 'uni6B8A' に交差がある
INFO:最終チェックのグリフ 'uni6B8B' に交差がある
INFO:最終チェックのグリフ 'uni6B96' に交差がある
INFO:最終チェックのグリフ 'uni6BA4' に交差がある
INFO:最終チェックのグリフ 'uni6BAA' に交差がある
INFO:最終チェックのグリフ 'uni6BAD' に交差がある
INFO:最終チェックのグリフ 'uni6BBC' に交差がある
INFO:最終チェックのグリフ 'uni6BBD' に交差がある
INFO:最終チェックのグリフ 'uni6BC0' に交差がある
INFO:最終チェックのグリフ 'uni6BC6' に交差がある
INFO:最終チェックのグリフ 'uni6BC7' に交差がある
INFO:最終チェックのグリフ 'uni6BC9' に交差がある
INFO:最終チェックのグリフ 'uni6BD7' に交差がある
INFO:最終チェックのグリフ 'uni6BD8' に交差がある
INFO:最終チェックのグリフ 'uni6BEB' に交差がある
INFO:最終チェックのグリフ 'uni6BEE' に交差がある
INFO:最終チェックのグリフ 'uni6BF1' に交差がある
INFO:最終チェックのグリフ 'uni6BFF' に交差がある
INFO:最終チェックのグリフ 'uni6C02' に交差がある
INFO:最終チェックのグリフ 'uni6C05' に交差がある
INFO:最終チェックのグリフ 'uni6C4E' に交差がある
INFO:最終チェックのグリフ 'uni6C68' に交差がある
INFO:最終チェックのグリフ 'uni6C6A' に交差がある
INFO:最終チェックのグリフ 'uni6C70' に交差がある
INFO:最終チェックのグリフ 'uni6C81' に交差がある
INFO:最終チェックのグリフ 'uni6C8C' に交差がある
INFO:最終チェックのグリフ 'uni6C90' に交差がある
INFO:最終チェックのグリフ 'uni6C9A' に交差がある
INFO:最終チェックのグリフ 'uni6CA1' に交差がある
INFO:最終チェックのグリフ 'uni6CAE' に交差がある
INFO:最終チェックのグリフ 'uni6CD6' に交差がある
INFO:最終チェックのグリフ 'uni6CDA' に交差がある
INFO:最終チェックのグリフ 'uni6CF3' に交差がある
INFO:最終チェックのグリフ 'uni6D0A' に交差がある
INFO:最終チェックのグリフ 'uni6D0C' に交差がある
INFO:最終チェックのグリフ 'uni6D2B' に交差がある
INFO:最終チェックのグリフ 'uni6D2E' に交差がある
INFO:最終チェックのグリフ 'uni6D41' に交差がある
INFO:最終チェックのグリフ 'uni6D58' に交差がある
INFO:最終チェックのグリフ 'uni6D59' に交差がある
INFO:最終チェックのグリフ 'uni6D70' に交差がある
INFO:最終チェックのグリフ 'uni6D95' の参照が不正
INFO:最終チェックのグリフ 'uni6D96' に交差がある
INFO:最終チェックのグリフ 'uni6D99' に交差がある
INFO:最終チェックのグリフ 'uni6DAE' に交差がある
INFO:最終チェックのグリフ 'uni6DAF' に交差がある
INFO:最終チェックのグリフ 'uni6DC2' に交差がある
INFO:最終チェックのグリフ 'uni6DCB' に交差がある
INFO:最終チェックのグリフ 'uni6DD1' に交差がある
INFO:最終チェックのグリフ 'uni6DD5' に交差がある
INFO:最終チェックのグリフ 'uni6DDB' に交差がある
INFO:最終チェックのグリフ 'uni6DDD' に交差がある
INFO:最終チェックのグリフ 'uni6DE4' に交差がある
INFO:最終チェックのグリフ 'uni6DE6' に交差がある
INFO:最終チェックのグリフ 'uni6DEA' に交差がある
INFO:最終チェックのグリフ 'uni6DF2' に交差がある
INFO:最終チェックのグリフ 'uni6DF9' に交差がある
INFO:最終チェックのグリフ 'uni6E08' に交差がある
INFO:最終チェックのグリフ 'uni6E0A' に交差がある
INFO:最終チェックのグリフ 'uni6E20' の参照が不正
INFO:最終チェックのグリフ 'uni6E22' に交差がある
INFO:最終チェックのグリフ 'uni6E23' に交差がある
INFO:最終チェックのグリフ 'uni6E24' に交差がある
INFO:最終チェックのグリフ 'uni6E29' に交差がある
INFO:最終チェックのグリフ 'uni6E34' に交差がある
INFO:最終チェックのグリフ 'uni6E38' に交差がある
INFO:最終チェックのグリフ 'uni6E53' に交差がある
INFO:最終チェックのグリフ 'uni6E5F' の参照が不正
INFO:最終チェックのグリフ 'uni6E67' に交差がある
INFO:最終チェックのグリフ 'uni6E6B' に交差がある
INFO:最終チェックのグリフ 'uni6E72' に交差がある
INFO:最終チェックのグリフ 'uni6E76' に交差がある
INFO:最終チェックのグリフ 'uni6E7E' に交差がある
INFO:最終チェックのグリフ 'uni6E7F' に交差がある
INFO:最終チェックのグリフ 'uni6E80' に交差がある
INFO:最終チェックのグリフ 'uni6E98' に交差がある
INFO:最終チェックのグリフ 'uni6EAB' に交差がある
INFO:最終チェックのグリフ 'uni6EB2' に交差がある
INFO:最終チェックのグリフ 'uni6EB7' に交差がある
INFO:最終チェックのグリフ 'uni6EC5' に交差がある
INFO:最終チェックのグリフ 'uni6ECA' に交差がある
INFO:最終チェックのグリフ 'uni6ECE' に交差がある
INFO:最終チェックのグリフ 'uni6ED5' に交差がある
INFO:最終チェックのグリフ 'uni6EFF' に交差がある
INFO:最終チェックのグリフ 'uni6F11' に交差がある
INFO:最終チェックのグリフ 'uni6F25' に交差がある
INFO:最終チェックのグリフ 'uni6F2B' に交差がある
INFO:最終チェックのグリフ 'uni6F31' に交差がある
INFO:最終チェックのグリフ 'uni6F36' に交差がある
INFO:最終チェックのグリフ 'uni6F3C' に交差がある
INFO:最終チェックのグリフ 'uni6F41' に交差がある
INFO:最終チェックのグリフ 'uni6F5E' に交差がある
INFO:最終チェックのグリフ 'uni6F6E' に交差がある
INFO:最終チェックのグリフ 'uni6F7C' に交差がある
INFO:最終チェックのグリフ 'uni6F80' に交差がある
INFO:最終チェックのグリフ 'uni6F82' に交差がある
INFO:最終チェックのグリフ 'uni6F96' に交差がある
INFO:最終チェックのグリフ 'uni6FA7' に交差がある
INFO:最終チェックのグリフ 'uni6FAF' に交差がある
INFO:最終チェックのグリフ 'uni6FB3' に交差がある
INFO:最終チェックのグリフ 'uni6FC1' に交差がある
INFO:最終チェックのグリフ 'uni6FC7' に交差がある
INFO:最終チェックのグリフ 'uni6FC9' に交差がある
INFO:最終チェックのグリフ 'uni6FD4' に交差がある
INFO:最終チェックのグリフ 'uni6FDA' に交差がある
INFO:最終チェックのグリフ 'uni6FDF' に交差がある
INFO:最終チェックのグリフ 'uni6FEB' に交差がある
INFO:最終チェックのグリフ 'uni6FF9' に交差がある
INFO:最終チェックのグリフ 'uni7001' に交差がある
INFO:最終チェックのグリフ 'uni7005' に交差がある
INFO:最終チェックのグリフ 'uni700F' に交差がある
INFO:最終チェックのグリフ 'uni7015' に交差がある
INFO:最終チェックのグリフ 'uni7018' に交差がある
INFO:最終チェックのグリフ 'uni701B' に交差がある
INFO:最終チェックのグリフ 'uni701D' に交差がある
INFO:最終チェックのグリフ 'uni7028' に交差がある
INFO:最終チェックのグリフ 'uni7030' に交差がある
INFO:最終チェックのグリフ 'uni7039' に交差がある
INFO:最終チェックのグリフ 'uni703E' に交差がある
INFO:最終チェックのグリフ 'uni7043' に交差がある
INFO:最終チェックのグリフ 'uni704A' に交差がある
INFO:最終チェックのグリフ 'uni7058' に交差がある
INFO:最終チェックのグリフ 'uni705D' に交差がある
INFO:最終チェックのグリフ 'uni7063' に交差がある
INFO:最終チェックのグリフ 'uni707D' に交差がある
INFO:最終チェックのグリフ 'uni708A' に交差がある
INFO:最終チェックのグリフ 'uni70AF' に交差がある
INFO:最終チェックのグリフ 'uni70B3' に交差がある
INFO:最終チェックのグリフ 'uni70B7' に交差がある
INFO:最終チェックのグリフ 'uni70B8' に交差がある
INFO:最終チェックのグリフ 'uni70D3' に交差がある
INFO:最終チェックのグリフ 'uni70DC' に交差がある
INFO:最終チェックのグリフ 'uni70DF' に交差がある
INFO:最終チェックのグリフ 'uni70EC' に交差がある
INFO:最終チェックのグリフ 'uni70F1' に交差がある
INFO:最終チェックのグリフ 'uni710F' に交差がある
INFO:最終チェックのグリフ 'uni711C' に交差がある
INFO:最終チェックのグリフ 'uni7121' に交差がある
INFO:最終チェックのグリフ 'uni7131' に交差がある
INFO:最終チェックのグリフ 'uni713C' に交差がある
INFO:最終チェックのグリフ 'uni7149' に交差がある
INFO:最終チェックのグリフ 'uni7162' に交差がある
INFO:最終チェックのグリフ 'uni7185' に交差がある
INFO:最終チェックのグリフ 'uni7195' に交差がある
INFO:最終チェックのグリフ 'uni71A8' に交差がある
INFO:最終チェックのグリフ 'uni71AE' に交差がある
INFO:最終チェックのグリフ 'uni71BE' に交差がある
INFO:最終チェックのグリフ 'uni71C1' に交差がある
INFO:最終チェックのグリフ 'uni71C3' に交差がある
INFO:最終チェックのグリフ 'uni71C8' に交差がある
INFO:最終チェックのグリフ 'uni71C9' に交差がある
INFO:最終チェックのグリフ 'uni71DC' に交差がある
INFO:最終チェックのグリフ 'uni71EE' に交差がある
INFO:最終チェックのグリフ 'uni71FC' に交差がある
INFO:最終チェックのグリフ 'uni7200' に交差がある
INFO:最終チェックのグリフ 'uni7207' に交差がある
INFO:最終チェックのグリフ 'uni7210' に交差がある
INFO:最終チェックのグリフ 'uni721B' に交差がある
INFO:最終チェックのグリフ 'uni7228' に交差がある
INFO:最終チェックのグリフ 'uni722A' に交差がある
INFO:最終チェックのグリフ 'uni7230' に交差がある
INFO:最終チェックのグリフ 'uni7232' に交差がある
INFO:最終チェックのグリフ 'uni7234' に交差がある
INFO:最終チェックのグリフ 'uni723C' に交差がある
INFO:最終チェックのグリフ 'uni723E' に交差がある
INFO:最終チェックのグリフ 'uni7240' に交差がある
INFO:最終チェックのグリフ 'uni724B' に交差がある
INFO:最終チェックのグリフ 'uni7255' に交差がある
INFO:最終チェックのグリフ 'uni7256' に交差がある
INFO:最終チェックのグリフ 'uni7261' に交差がある
INFO:最終チェックのグリフ 'uni7262' に交差がある
INFO:最終チェックのグリフ 'uni7269' に交差がある
INFO:最終チェックのグリフ 'uni7272' に交差がある
INFO:最終チェックのグリフ 'uni7274' に交差がある
INFO:最終チェックのグリフ 'uni7282' に交差がある
INFO:最終チェックのグリフ 'uni728D' に交差がある
INFO:最終チェックのグリフ 'uni72A7' に交差がある
INFO:最終チェックのグリフ 'uni72B0' に交差がある
INFO:最終チェックのグリフ 'uni72B6' に交差がある
INFO:最終チェックのグリフ 'uni72B9' に交差がある
INFO:最終チェックのグリフ 'uni72C0' に交差がある
INFO:最終チェックのグリフ 'uni72C2' に交差がある
INFO:最終チェックのグリフ 'uni72C3' に交差がある
INFO:最終チェックのグリフ 'uni72D0' に交差がある
INFO:最終チェックのグリフ 'uni72E2' に交差がある
INFO:最終チェックのグリフ 'uni730A' に交差がある
INFO:最終チェックのグリフ 'uni7312' に交差がある
INFO:最終チェックのグリフ 'uni7317' に交差がある
INFO:最終チェックのグリフ 'uni7318' に交差がある
INFO:最終チェックのグリフ 'uni732E' に交差がある
INFO:最終チェックのグリフ 'uni7336' に交差がある
INFO:最終チェックのグリフ 'uni7337' に交差がある
INFO:最終チェックのグリフ 'uni7344' に交差がある
INFO:最終チェックのグリフ 'uni734F' の参照が不正
INFO:最終チェックのグリフ 'uni7363' に交差がある
INFO:最終チェックのグリフ 'uni7368' に交差がある
INFO:最終チェックのグリフ 'uni736A' に交差がある
INFO:最終チェックのグリフ 'uni736C' に交差がある
INFO:最終チェックのグリフ 'uni736E' に交差がある
INFO:最終チェックのグリフ 'uni7375' に交差がある
INFO:最終チェックのグリフ 'uni7378' に交差がある
INFO:最終チェックのグリフ 'uni737A' に交差がある
INFO:最終チェックのグリフ 'uni737C' に交差がある
INFO:最終チェックのグリフ 'uni7381' に交差がある
INFO:最終チェックのグリフ 'uni7387' に交差がある
INFO:最終チェックのグリフ 'uni7396' に交差がある
INFO:最終チェックのグリフ 'uni73B3' に交差がある
INFO:最終チェックのグリフ 'uni73BF' に交差がある
INFO:最終チェックのグリフ 'uni73C8' に交差がある
INFO:最終チェックのグリフ 'uni73C9' に交差がある
INFO:最終チェックのグリフ 'uni73CB' に交差がある
INFO:最終チェックのグリフ 'uni73CF' に交差がある
INFO:最終チェックのグリフ 'uni73E7' に交差がある
INFO:最終チェックのグリフ 'uni73EA' に交差がある
INFO:最終チェックのグリフ 'uni73F5' に交差がある
INFO:最終チェックのグリフ 'uni7413' に交差がある
INFO:最終チェックのグリフ 'uni7422' に交差がある
INFO:最終チェックのグリフ 'uni7433' に交差がある
INFO:最終チェックのグリフ 'uni7435' に交差がある
INFO:最終チェックのグリフ 'uni7436' に交差がある
INFO:最終チェックのグリフ 'uni743A' に交差がある
INFO:最終チェックのグリフ 'uni7447' に交差がある
INFO:最終チェックのグリフ 'uni745D' に交差がある
INFO:最終チェックのグリフ 'uni7460' に交差がある
INFO:最終チェックのグリフ 'uni7471' に交差がある
INFO:最終チェックのグリフ 'uni7487' に交差がある
INFO:最終チェックのグリフ 'uni7488' に交差がある
INFO:最終チェックのグリフ 'uni749C' に交差がある
INFO:最終チェックのグリフ 'uni74A2' の参照が不正
INFO:最終チェックのグリフ 'uni74A3' に交差がある
INFO:最終チェックのグリフ 'uni74B5' に交差がある
INFO:最終チェックのグリフ 'uni74BB' に交差がある
INFO:最終チェックのグリフ 'uni74BD' に交差がある
INFO:最終チェックのグリフ 'uni74D4' の参照が不正
INFO:最終チェックのグリフ 'uni74DC' に交差がある
INFO:最終チェックのグリフ 'uni74E3' に交差がある
INFO:最終チェックのグリフ 'uni74F0' に交差がある
INFO:最終チェックのグリフ 'uni7505' に交差がある
INFO:最終チェックのグリフ 'uni7511' に交差がある
INFO:最終チェックのグリフ 'uni7517' に交差がある
INFO:最終チェックのグリフ 'uni7520' に交差がある
INFO:最終チェックのグリフ 'uni7525' に交差がある
INFO:最終チェックのグリフ 'uni752F' に交差がある
INFO:最終チェックのグリフ 'uni7532' に交差がある
INFO:最終チェックのグリフ 'uni7533' に交差がある
INFO:最終チェックのグリフ 'uni7540' に交差がある
INFO:最終チェックのグリフ 'uni7546' の参照が不正
INFO:最終チェックのグリフ 'uni7549' に交差がある
INFO:最終チェックのグリフ 'uni754A' に交差がある
INFO:最終チェックのグリフ 'uni754E' に交差がある
INFO:最終チェックのグリフ 'uni7552' に交差がある
INFO:最終チェックのグリフ 'uni755D' に交差がある
INFO:最終チェックのグリフ 'uni7564' に交差がある
INFO:最終チェックのグリフ 'uni7566' に交差がある
INFO:最終チェックのグリフ 'uni7569' に交差がある
INFO:最終チェックのグリフ 'uni756D' に交差がある
INFO:最終チェックのグリフ 'uni756F' に交差がある
INFO:最終チェックのグリフ 'uni7576' に交差がある
INFO:最終チェックのグリフ 'uni757A' に交差がある
INFO:最終チェックのグリフ 'uni75A5' に交差がある
INFO:最終チェックのグリフ 'uni75B5' に交差がある
INFO:最終チェックのグリフ 'uni75BD' に交差がある
INFO:最終チェックのグリフ 'uni75BE' に交差がある
INFO:最終チェックのグリフ 'uni75C5' に交差がある
INFO:最終チェックのグリフ 'uni75C7' に交差がある
INFO:最終チェックのグリフ 'uni75CA' に交差がある
INFO:最終チェックのグリフ 'uni75D2' に交差がある
INFO:最終チェックのグリフ 'uni75DE' に交差がある
INFO:最終チェックのグリフ 'uni75E2' に交差がある
INFO:最終チェックのグリフ 'uni75FF' に交差がある
INFO:最終チェックのグリフ 'uni7601' に交差がある
INFO:最終チェックのグリフ 'uni7608' に交差がある
INFO:最終チェックのグリフ 'uni760B' に交差がある
INFO:最終チェックのグリフ 'uni7613' に交差がある
INFO:最終チェックのグリフ 'uni7618' に交差がある
INFO:最終チェックのグリフ 'uni761C' に交差がある
INFO:最終チェックのグリフ 'uni761F' に交差がある
INFO:最終チェックのグリフ 'uni7620' に交差がある
INFO:最終チェックのグリフ 'uni7627' に交差がある
INFO:最終チェックのグリフ 'uni7628' に交差がある
INFO:最終チェックのグリフ 'uni7630' に交差がある
INFO:最終チェックのグリフ 'uni7633' に交差がある
INFO:最終チェックのグリフ 'uni7635' に交差がある
INFO:最終チェックのグリフ 'uni763B' に交差がある
INFO:最終チェックのグリフ 'uni763C' に交差がある
INFO:最終チェックのグリフ 'uni7641' に交差がある
INFO:最終チェックのグリフ 'uni7643' に交差がある
INFO:最終チェックのグリフ 'uni7647' に交差がある
INFO:最終チェックのグリフ 'uni7649' に交差がある
INFO:最終チェックのグリフ 'uni764B' に交差がある
INFO:最終チェックのグリフ 'uni7655' に交差がある
INFO:最終チェックのグリフ 'uni7656' に交差がある
INFO:最終チェックのグリフ 'uni765C' に交差がある
INFO:最終チェックのグリフ 'uni7661' に交差がある
INFO:最終チェックのグリフ 'uni7662' に交差がある
INFO:最終チェックのグリフ 'uni7664' に交差がある
INFO:最終チェックのグリフ 'uni7665' に交差がある
INFO:最終チェックのグリフ 'uni7667' に交差がある
INFO:最終チェックのグリフ 'uni7669' の参照が不正
INFO:最終チェックのグリフ 'uni766A' に交差がある
INFO:最終チェックのグリフ 'uni766C' に交差がある
INFO:最終チェックのグリフ 'uni766D' に交差がある
INFO:最終チェックのグリフ 'uni7670' に交差がある
INFO:最終チェックのグリフ 'uni7671' に交差がある
INFO:最終チェックのグリフ 'uni7672' に交差がある
INFO:最終チェックのグリフ 'uni7680' に交差がある
INFO:最終チェックのグリフ 'uni7683' に交差がある
INFO:最終チェックのグリフ 'uni7696' に交差がある
INFO:最終チェックのグリフ 'uni769D' に交差がある
INFO:最終チェックのグリフ 'uni76A1' に交差がある
INFO:最終チェックのグリフ 'uni76A6' に交差がある
INFO:最終チェックのグリフ 'uni76A7' に交差がある
INFO:最終チェックのグリフ 'uni76AA' に交差がある
INFO:最終チェックのグリフ 'uni76AF' に交差がある
INFO:最終チェックのグリフ 'uni76C2' に交差がある
INFO:最終チェックのグリフ 'uni76C3' に交差がある
INFO:最終チェックのグリフ 'uni76C5' に交差がある
INFO:最終チェックのグリフ 'uni76C6' に交差がある
INFO:最終チェックのグリフ 'uni76C8' に交差がある
INFO:最終チェックのグリフ 'uni76C9' に交差がある
INFO:最終チェックのグリフ 'uni76CA' に交差がある
INFO:最終チェックのグリフ 'uni76CC' に交差がある
INFO:最終チェックのグリフ 'uni76CD' に交差がある
INFO:最終チェックのグリフ 'uni76CE' に交差がある
INFO:最終チェックのグリフ 'uni76D2' に交差がある
INFO:最終チェックのグリフ 'uni76D4' に交差がある
INFO:最終チェックのグリフ 'uni76D6' に交差がある
INFO:最終チェックのグリフ 'uni76DB' に交差がある
INFO:最終チェックのグリフ 'uni76DF' に交差がある
INFO:最終チェックのグリフ 'uni76E1' に交差がある
INFO:最終チェックのグリフ 'uni76E3' に交差がある
INFO:最終チェックのグリフ 'uni76E4' に交差がある
INFO:最終チェックのグリフ 'uni76E5' に交差がある
INFO:最終チェックのグリフ 'uni76E6' に交差がある
INFO:最終チェックのグリフ 'uni76E7' に交差がある
INFO:最終チェックのグリフ 'uni7708' に交差がある
INFO:最終チェックのグリフ 'uni7719' に交差がある
INFO:最終チェックのグリフ 'uni771B' に交差がある
INFO:最終チェックのグリフ 'uni7738' に交差がある
INFO:最終チェックのグリフ 'uni773C' に交差がある
INFO:最終チェックのグリフ 'uni774D' に交差がある
INFO:最終チェックのグリフ 'uni775B' に交差がある
INFO:最終チェックのグリフ 'uni775F' の参照が不正
INFO:最終チェックのグリフ 'uni7761' に交差がある
INFO:最終チェックのグリフ 'uni7762' に交差がある
INFO:最終チェックのグリフ 'uni777C' の参照が不正
INFO:最終チェックのグリフ 'uni779E' に交差がある
INFO:最終チェックのグリフ 'uni77A5' に交差がある
INFO:最終チェックのグリフ 'uni77A9' に交差がある
INFO:最終チェックのグリフ 'uni77AC' に交差がある
INFO:最終チェックのグリフ 'uni77B3' に交差がある
INFO:最終チェックのグリフ 'uni77B9' に交差がある
INFO:最終チェックのグリフ 'uni77BD' に交差がある
INFO:最終チェックのグリフ 'uni77C7' に交差がある
INFO:最終チェックのグリフ 'uni77CD' に交差がある
INFO:最終チェックのグリフ 'uni77D7' に交差がある
INFO:最終チェックのグリフ 'uni77DA' に交差がある
INFO:最終チェックのグリフ 'uni77DE' に交差がある
INFO:最終チェックのグリフ 'uni77E2' に交差がある
INFO:最終チェックのグリフ 'uni77E4' に交差がある
INFO:最終チェックのグリフ 'uni77ED' に交差がある
INFO:最終チェックのグリフ 'uni77EF' に交差がある
INFO:最終チェックのグリフ 'uni77FC' に交差がある
INFO:最終チェックのグリフ 'uni7805' に交差がある
INFO:最終チェックのグリフ 'uni7809' に交差がある
INFO:最終チェックのグリフ 'uni780D' に交差がある
INFO:最終チェックのグリフ 'uni7812' に交差がある
INFO:最終チェックのグリフ 'uni7820' に交差がある
INFO:最終チェックのグリフ 'uni7821' に交差がある
INFO:最終チェックのグリフ 'uni782C' に交差がある
INFO:最終チェックのグリフ 'uni7843' に交差がある
INFO:最終チェックのグリフ 'uni7845' に交差がある
INFO:最終チェックのグリフ 'uni7847' に交差がある
INFO:最終チェックのグリフ 'uni784E' に交差がある
INFO:最終チェックのグリフ 'uni784F' に交差がある
INFO:最終チェックのグリフ 'uni7868' に交差がある
INFO:最終チェックのグリフ 'uni786A' に交差がある
INFO:最終チェックのグリフ 'uni786B' に交差がある
INFO:最終チェックのグリフ 'uni7886' の参照が不正
INFO:最終チェックのグリフ 'uni788A' に交差がある
INFO:最終チェックのグリフ 'uni788D' に交差がある
INFO:最終チェックのグリフ 'uni788E' に交差がある
INFO:最終チェックのグリフ 'uni7894' に交差がある
INFO:最終チェックのグリフ 'uni7895' の参照が不正
INFO:最終チェックのグリフ 'uni78A4' に交差がある
INFO:最終チェックのグリフ 'uni78AA' に交差がある
INFO:最終チェックのグリフ 'uni78BB' に交差がある
INFO:最終チェックのグリフ 'uni78BC' に交差がある
INFO:最終チェックのグリフ 'uni78BE' に交差がある
INFO:最終チェックのグリフ 'uni78C5' に交差がある
INFO:最終チェックのグリフ 'uni78C8' に交差がある
INFO:最終チェックのグリフ 'uni78CB' に交差がある
INFO:最終チェックのグリフ 'uni78CC' に交差がある
INFO:最終チェックのグリフ 'uni78D5' に交差がある
INFO:最終チェックのグリフ 'uni78E0' の参照が不正
INFO:最終チェックのグリフ 'uni78E4' に交差がある
INFO:最終チェックのグリフ 'uni78EF' に交差がある
INFO:最終チェックのグリフ 'uni78F7' に交差がある
INFO:最終チェックのグリフ 'uni7900' に交差がある
INFO:最終チェックのグリフ 'uni7912' に交差がある
INFO:最終チェックのグリフ 'uni7919' に交差がある
INFO:最終チェックのグリフ 'uni791B' に交差がある
INFO:最終チェックのグリフ 'uni792B' に交差がある
INFO:最終チェックのグリフ 'uni792C' に交差がある
INFO:最終チェックのグリフ 'uni792E' に交差がある
INFO:最終チェックのグリフ 'uni793E' に交差がある
INFO:最終チェックのグリフ 'uni7941' に交差がある
INFO:最終チェックのグリフ 'uni7945' に交差がある
INFO:最終チェックのグリフ 'uni7947' に交差がある
INFO:最終チェックのグリフ 'uni7949' に交差がある
INFO:最終チェックのグリフ 'uni7955' に交差がある
INFO:最終チェックのグリフ 'uni7956' に交差がある
INFO:最終チェックのグリフ 'uni7958' に交差がある
INFO:最終チェックのグリフ 'uni7960' に交差がある
INFO:最終チェックのグリフ 'uni7967' に交差がある
INFO:最終チェックのグリフ 'uni7979' に交差がある
INFO:最終チェックのグリフ 'uni798A' に交差がある
INFO:最終チェックのグリフ 'uni798E' に交差がある
INFO:最終チェックのグリフ 'uni7998' に交差がある
INFO:最終チェックのグリフ 'uni799D' に交差がある
INFO:最終チェックのグリフ 'uni79B1' の参照が不正
INFO:最終チェックのグリフ 'uni79B3' に交差がある
INFO:最終チェックのグリフ 'uni79B4' に交差がある
INFO:最終チェックのグリフ 'uni79BE' に交差がある
INFO:最終チェックのグリフ 'uni79BF' に交差がある
INFO:最終チェックのグリフ 'uni79C8' に交差がある
INFO:最終チェックのグリフ 'uni79CA' に交差がある
INFO:最終チェックのグリフ 'uni79CC' に交差がある
INFO:最終チェックのグリフ 'uni79D6' に交差がある
INFO:最終チェックのグリフ 'uni79DF' に交差がある
INFO:最終チェックのグリフ 'uni7A0B' に交差がある
INFO:最終チェックのグリフ 'uni7A0D' に交差がある
INFO:最終チェックのグリフ 'uni7A1F' に交差がある
INFO:最終チェックのグリフ 'uni7A37' に交差がある
INFO:最終チェックのグリフ 'uni7A40' に交差がある
INFO:最終チェックのグリフ 'uni7A4C' に交差がある
INFO:最終チェックのグリフ 'uni7A5C' に交差がある
INFO:最終チェックのグリフ 'uni7A61' に交差がある
INFO:最終チェックのグリフ 'uni7A63' に交差がある
INFO:最終チェックのグリフ 'uni7A6A' に交差がある
INFO:最終チェックのグリフ 'uni7A74' に交差がある
INFO:最終チェックのグリフ 'uni7A76' に交差がある
INFO:最終チェックのグリフ 'uni7A81' に交差がある
INFO:最終チェックのグリフ 'uni7A84' に交差がある
INFO:最終チェックのグリフ 'uni7A9F' に交差がある
INFO:最終チェックのグリフ 'uni7AAC' に交差がある
INFO:最終チェックのグリフ 'uni7ABA' に交差がある
INFO:最終チェックのグリフ 'uni7ABB' に交差がある
INFO:最終チェックのグリフ 'uni7AC4' に交差がある
INFO:最終チェックのグリフ 'uni7ACA' に交差がある
INFO:最終チェックのグリフ 'uni7ACC' に交差がある
INFO:最終チェックのグリフ 'uni7AD3' に交差がある
INFO:最終チェックのグリフ 'uni7AE7' に交差がある
INFO:最終チェックのグリフ 'uni7AED' に交差がある
INFO:最終チェックのグリフ 'uni7AF6' に交差がある
INFO:最終チェックのグリフ 'uni7AF9' に交差がある
INFO:最終チェックのグリフ 'uni7B06' に交差がある
INFO:最終チェックのグリフ 'uni7B07' に交差がある
INFO:最終チェックのグリフ 'uni7B0A' に交差がある
INFO:最終チェックのグリフ 'uni7B11' に交差がある
INFO:最終チェックのグリフ 'uni7B19' に交差がある
INFO:最終チェックのグリフ 'uni7B28' に交差がある
INFO:最終チェックのグリフ 'uni7B2E' に交差がある
INFO:最終チェックのグリフ 'uni7B2F' に交差がある
INFO:最終チェックのグリフ 'uni7B39' に交差がある
INFO:最終チェックのグリフ 'uni7B4C' に交差がある
INFO:最終チェックのグリフ 'uni7B4F' に交差がある
INFO:最終チェックのグリフ 'uni7B55' に交差がある
INFO:最終チェックのグリフ 'uni7B5D' に交差がある
INFO:最終チェックのグリフ 'uni7B60' に交差がある
INFO:最終チェックのグリフ 'uni7B64' に交差がある
INFO:最終チェックのグリフ 'uni7B66' に交差がある
INFO:最終チェックのグリフ 'uni7B6F' の参照が不正
INFO:最終チェックのグリフ 'uni7B70' に交差がある
INFO:最終チェックのグリフ 'uni7B75' に交差がある
INFO:最終チェックのグリフ 'uni7B79' に交差がある
INFO:最終チェックのグリフ 'uni7B94' に交差がある
INFO:最終チェックのグリフ 'uni7B97' に交差がある
INFO:最終チェックのグリフ 'uni7B98' に交差がある
INFO:最終チェックのグリフ 'uni7B9B' に交差がある
INFO:最終チェックのグリフ 'uni7BAD' に交差がある
INFO:最終チェックのグリフ 'uni7BB1' に交差がある
INFO:最終チェックのグリフ 'uni7BB4' に交差がある
INFO:最終チェックのグリフ 'uni7BB8' に交差がある
INFO:最終チェックのグリフ 'uni7BCA' に交差がある
INFO:最終チェックのグリフ 'uni7BDD' に交差がある
INFO:最終チェックのグリフ 'uni7BE9' に交差がある
INFO:最終チェックのグリフ 'uni7BEA' に交差がある
INFO:最終チェックのグリフ 'uni7BED' に交差がある
INFO:最終チェックのグリフ 'uni7BF6' に交差がある
INFO:最終チェックのグリフ 'uni7C12' に交差がある
INFO:最終チェックのグリフ 'uni7C2A' に交差がある
INFO:最終チェックのグリフ 'uni7C2B' に交差がある
INFO:最終チェックのグリフ 'uni7C31' に交差がある
INFO:最終チェックのグリフ 'uni7C3E' に交差がある
INFO:最終チェックのグリフ 'uni7C43' に交差がある
INFO:最終チェックのグリフ 'uni7C4A' に交差がある
INFO:最終チェックのグリフ 'uni7C4F' に交差がある
INFO:最終チェックのグリフ 'uni7C50' に交差がある
INFO:最終チェックのグリフ 'uni7C51' に交差がある
INFO:最終チェックのグリフ 'uni7C54' に交差がある
INFO:最終チェックのグリフ 'uni7C5E' に交差がある
INFO:最終チェックのグリフ 'uni7C61' に交差がある
INFO:最終チェックのグリフ 'uni7C6C' の参照が不正
INFO:最終チェックのグリフ 'uni7C6E' に交差がある
INFO:最終チェックのグリフ 'uni7C97' に交差がある
INFO:最終チェックのグリフ 'uni7CA7' に交差がある
INFO:最終チェックのグリフ 'uni7CB6' に交差がある
INFO:最終チェックのグリフ 'uni7CB7' に交差がある
INFO:最終チェックのグリフ 'uni7CC2' に交差がある
INFO:最終チェックのグリフ 'uni7CC4' に交差がある
INFO:最終チェックのグリフ 'uni7CC5' に交差がある
INFO:最終チェックのグリフ 'uni7CCA' に交差がある
INFO:最終チェックのグリフ 'uni7CD5' に交差がある
INFO:最終チェックのグリフ 'uni7CD6' に交差がある
INFO:最終チェックのグリフ 'uni7CD7' に交差がある
INFO:最終チェックのグリフ 'uni7CD9' に交差がある
INFO:最終チェックのグリフ 'uni7CDC' に交差がある
INFO:最終チェックのグリフ 'uni7CDD' に交差がある
INFO:最終チェックのグリフ 'uni7CE2' に交差がある
INFO:最終チェックのグリフ 'uni7CE6' に交差がある
INFO:最終チェックのグリフ 'uni7CE7' に交差がある
INFO:最終チェックのグリフ 'uni7CEB' に交差がある
INFO:最終チェックのグリフ 'uni7CEF' に交差がある
INFO:最終チェックのグリフ 'uni7CF4' に交差がある
INFO:最終チェックのグリフ 'uni7CF6' に交差がある
INFO:最終チェックのグリフ 'uni7CFE' に交差がある
INFO:最終チェックのグリフ 'uni7D0D' に交差がある
INFO:最終チェックのグリフ 'uni7D1E' に交差がある
INFO:最終チェックのグリフ 'uni7D2B' に交差がある
INFO:最終チェックのグリフ 'uni7D33' に交差がある
INFO:最終チェックのグリフ 'uni7D3A' に交差がある
INFO:最終チェックのグリフ 'uni7D43' に交差がある
INFO:最終チェックのグリフ 'uni7D44' に交差がある
INFO:最終チェックのグリフ 'uni7D53' に交差がある
INFO:最終チェックのグリフ 'uni7D5A' に交差がある
INFO:最終チェックのグリフ 'uni7D62' に交差がある
INFO:最終チェックのグリフ 'uni7D6A' に交差がある
INFO:最終チェックのグリフ 'uni7D6E' に交差がある
INFO:最終チェックのグリフ 'uni7D73' に交差がある
INFO:最終チェックのグリフ 'uni7D79' に交差がある
INFO:最終チェックのグリフ 'uni7D7A' に交差がある
INFO:最終チェックのグリフ 'uni7D86' に交差がある
INFO:最終チェックのグリフ 'uni7D97' に交差がある
INFO:最終チェックのグリフ 'uni7D99' に交差がある
INFO:最終チェックのグリフ 'uni7D9D' に交差がある
INFO:最終チェックのグリフ 'uni7DA2' に交差がある
INFO:最終チェックのグリフ 'uni7DAA' に交差がある
INFO:最終チェックのグリフ 'uni7DAB' に交差がある
INFO:最終チェックのグリフ 'uni7DB1' に交差がある
INFO:最終チェックのグリフ 'uni7DB2' に交差がある
INFO:最終チェックのグリフ 'uni7DB5' に交差がある
INFO:最終チェックのグリフ 'uni7DCC' に交差がある
INFO:最終チェックのグリフ 'uni7DD2' に交差がある
INFO:最終チェックのグリフ 'uni7DDA' に交差がある
INFO:最終チェックのグリフ 'uni7DDC' に交差がある
INFO:最終チェックのグリフ 'uni7DE3' に交差がある
INFO:最終チェックのグリフ 'uni7DE6' に交差がある
INFO:最終チェックのグリフ 'uni7DE9' に交差がある
INFO:最終チェックのグリフ 'uni7DEC' に交差がある
INFO:最終チェックのグリフ 'uni7DF1' に交差がある
INFO:最終チェックのグリフ 'uni7DF4' に交差がある
INFO:最終チェックのグリフ 'uni7DFB' に交差がある
INFO:最終チェックのグリフ 'uni7E01' に交差がある
INFO:最終チェックのグリフ 'uni7E05' に交差がある
INFO:最終チェックのグリフ 'uni7E0B' に交差がある
INFO:最終チェックのグリフ 'uni7E15' に交差がある
INFO:最終チェックのグリフ 'uni7E1D' に交差がある
INFO:最終チェックのグリフ 'uni7E20' に交差がある
INFO:最終チェックのグリフ 'uni7E23' の参照が不正
INFO:最終チェックのグリフ 'uni7E3B' に交差がある
INFO:最終チェックのグリフ 'uni7E3D' に交差がある
INFO:最終チェックのグリフ 'uni7E41' に交差がある
INFO:最終チェックのグリフ 'uni7E43' に交差がある
INFO:最終チェックのグリフ 'uni7E45' に交差がある
INFO:最終チェックのグリフ 'uni7E47' に交差がある
INFO:最終チェックのグリフ 'uni7E52' に交差がある
INFO:最終チェックのグリフ 'uni7E5D' に交差がある
INFO:最終チェックのグリフ 'uni7E5E' に交差がある
INFO:最終チェックのグリフ 'uni7E69' の参照が不正
INFO:最終チェックのグリフ 'uni7E6D' に交差がある
INFO:最終チェックのグリフ 'uni7E70' に交差がある
INFO:最終チェックのグリフ 'uni7E7B' に交差がある
INFO:最終チェックのグリフ 'uni7E7C' に交差がある
INFO:最終チェックのグリフ 'uni7E7D' に交差がある
INFO:最終チェックのグリフ 'uni7E7F' に交差がある
INFO:最終チェックのグリフ 'uni7E86' に交差がある
INFO:最終チェックのグリフ 'uni7E88' に交差がある
INFO:最終チェックのグリフ 'uni7E92' に交差がある
INFO:最終チェックのグリフ 'uni7E94' に交差がある
INFO:最終チェックのグリフ 'uni7E96' に交差がある
INFO:最終チェックのグリフ 'uni7E9B' に交差がある
INFO:最終チェックのグリフ 'uni7F36' に交差がある
INFO:最終チェックのグリフ 'uni7F38' に交差がある
INFO:最終チェックのグリフ 'uni7F45' に交差がある
INFO:最終チェックのグリフ 'uni7F47' に交差がある
INFO:最終チェックのグリフ 'uni7F4F' に交差がある
INFO:最終チェックのグリフ 'uni7F50' に交差がある
INFO:最終チェックのグリフ 'uni7F60' に交差がある
INFO:最終チェックのグリフ 'uni7F67' に交差がある
INFO:最終チェックのグリフ 'uni7F77' に交差がある
INFO:最終チェックのグリフ 'uni7F82' に交差がある
INFO:最終チェックのグリフ 'uni7F85' に交差がある
INFO:最終チェックのグリフ 'uni7F86' に交差がある
INFO:最終チェックのグリフ 'uni7F8C' に交差がある
INFO:最終チェックのグリフ 'uni7FA9' に交差がある
INFO:最終チェックのグリフ 'uni7FB8' に交差がある
INFO:最終チェックのグリフ 'uni7FC1' に交差がある
INFO:最終チェックのグリフ 'uni7FC3' に交差がある
INFO:最終チェックのグリフ 'uni7FCE' に交差がある
INFO:最終チェックのグリフ 'uni7FE5' に交差がある
INFO:最終チェックのグリフ 'uni7FEB' に交差がある
INFO:最終チェックのグリフ 'uni7FEC' に交差がある
INFO:最終チェックのグリフ 'uni7FF3' に交差がある
INFO:最終チェックのグリフ 'uni7FF9' に交差がある
INFO:最終チェックのグリフ 'uni7FFB' に交差がある
INFO:最終チェックのグリフ 'uni7FFC' に交差がある
INFO:最終チェックのグリフ 'uni8000' に交差がある
INFO:最終チェックのグリフ 'uni8010' に交差がある
INFO:最終チェックのグリフ 'uni8018' に交差がある
INFO:最終チェックのグリフ 'uni8021' に交差がある
INFO:最終チェックのグリフ 'uni803B' に交差がある
INFO:最終チェックのグリフ 'uni803F' に交差がある
INFO:最終チェックのグリフ 'uni8068' に交差がある
INFO:最終チェックのグリフ 'uni806F' に交差がある
INFO:最終チェックのグリフ 'uni8073' に交差がある
INFO:最終チェックのグリフ 'uni8076' に交差がある
INFO:最終チェックのグリフ 'uni807E' に交差がある
INFO:最終チェックのグリフ 'uni809A' に交差がある
INFO:最終チェックのグリフ 'uni809B' に交差がある
INFO:最終チェックのグリフ 'uni80A7' に交差がある
INFO:最終チェックのグリフ 'uni80AC' に交差がある
INFO:最終チェックのグリフ 'uni80AD' に交差がある
INFO:最終チェックのグリフ 'uni80AF' に交差がある
INFO:最終チェックのグリフ 'uni80C4' に交差がある
INFO:最終チェックのグリフ 'uni80C5' に交差がある
INFO:最終チェックのグリフ 'uni80C6' に交差がある
INFO:最終チェックのグリフ 'uni80E0' の参照が不正
INFO:最終チェックのグリフ 'uni8105' に交差がある
INFO:最終チェックのグリフ 'uni8108' に交差がある
INFO:最終チェックのグリフ 'uni8116' に交差がある
INFO:最終チェックのグリフ 'uni8118' に交差がある
INFO:最終チェックのグリフ 'uni811B' の参照が不正
INFO:最終チェックのグリフ 'uni8127' に交差がある
INFO:最終チェックのグリフ 'uni8139' に交差がある
INFO:最終チェックのグリフ 'uni8150' に交差がある
INFO:最終チェックのグリフ 'uni8151' に交差がある
INFO:最終チェックのグリフ 'uni8168' に交差がある
INFO:最終チェックのグリフ 'uni8169' に交差がある
INFO:最終チェックのグリフ 'uni816D' に交差がある
INFO:最終チェックのグリフ 'uni816E' に交差がある
INFO:最終チェックのグリフ 'uni8180' に交差がある
INFO:最終チェックのグリフ 'uni8181' に交差がある
INFO:最終チェックのグリフ 'uni8182' に交差がある
INFO:最終チェックのグリフ 'uni8183' に交差がある
INFO:最終チェックのグリフ 'uni8184' に交差がある
INFO:最終チェックのグリフ 'uni8188' に交差がある
INFO:最終チェックのグリフ 'uni818A' に交差がある
INFO:最終チェックのグリフ 'uni819D' に交差がある
INFO:最終チェックのグリフ 'uni81A8' に交差がある
INFO:最終チェックのグリフ 'uni81BF' の参照が不正
INFO:最終チェックのグリフ 'uni81C0' に交差がある
INFO:最終チェックのグリフ 'uni81C3' に交差がある
INFO:最終チェックのグリフ 'uni81D6' に交差がある
INFO:最終チェックのグリフ 'uni81D7' に交差がある
INFO:最終チェックのグリフ 'uni81DA' に交差がある
INFO:最終チェックのグリフ 'uni81E0' に交差がある
INFO:最終チェックのグリフ 'uni81E4' に交差がある
INFO:最終チェックのグリフ 'uni81E5' に交差がある
INFO:最終チェックのグリフ 'uni81FF' に交差がある
INFO:最終チェックのグリフ 'uni8212' に交差がある
INFO:最終チェックのグリフ 'uni8216' に交差がある
INFO:最終チェックのグリフ 'uni8217' に交差がある
INFO:最終チェックのグリフ 'uni821C' に交差がある
INFO:最終チェックのグリフ 'uni821E' に交差がある
INFO:最終チェックのグリフ 'uni8222' に交差がある
INFO:最終チェックのグリフ 'uni822A' に交差がある
INFO:最終チェックのグリフ 'uni822B' に交差がある
INFO:最終チェックのグリフ 'uni822E' に交差がある
INFO:最終チェックのグリフ 'uni8232' に交差がある
INFO:最終チェックのグリフ 'uni8235' に交差がある
INFO:最終チェックのグリフ 'uni8236' の参照が不正
INFO:最終チェックのグリフ 'uni823C' に交差がある
INFO:最終チェックのグリフ 'uni8240' に交差がある
INFO:最終チェックのグリフ 'uni8245' に交差がある
INFO:最終チェックのグリフ 'uni8249' に交差がある
INFO:最終チェックのグリフ 'uni824B' に交差がある
INFO:最終チェックのグリフ 'uni8257' に交差がある
INFO:最終チェックのグリフ 'uni8258' に交差がある
INFO:最終チェックのグリフ 'uni825A' の参照が不正
INFO:最終チェックのグリフ 'uni825D' に交差がある
INFO:最終チェックのグリフ 'uni8260' に交差がある
INFO:最終チェックのグリフ 'uni8262' に交差がある
INFO:最終チェックのグリフ 'uni8264' に交差がある
INFO:最終チェックのグリフ 'uni8266' に交差がある
INFO:最終チェックのグリフ 'uni8274' に交差がある
INFO:最終チェックのグリフ 'uni8276' に交差がある
INFO:最終チェックのグリフ 'uni82A9' に交差がある
INFO:最終チェックのグリフ 'uni82B2' に交差がある
INFO:最終チェックのグリフ 'uni82B3' に交差がある
INFO:最終チェックのグリフ 'uni82B7' に交差がある
INFO:最終チェックのグリフ 'uni82D2' に交差がある
INFO:最終チェックのグリフ 'uni82D3' に交差がある
INFO:最終チェックのグリフ 'uni82D7' に交差がある
INFO:最終チェックのグリフ 'uni82D9' に交差がある
INFO:最終チェックのグリフ 'uni82E5' に交差がある
INFO:最終チェックのグリフ 'uni82F3' に交差がある
INFO:最終チェックのグリフ 'uni82F4' に交差がある
INFO:最終チェックのグリフ 'uni82FD' に交差がある
INFO:最終チェックのグリフ 'uni8309' に交差がある
INFO:最終チェックのグリフ 'uni830C' に交差がある
INFO:最終チェックのグリフ 'uni831D' に交差がある
INFO:最終チェックのグリフ 'uni8328' に交差がある
INFO:最終チェックのグリフ 'uni834F' に交差がある
INFO:最終チェックのグリフ 'uni8350' に交差がある
INFO:最終チェックのグリフ 'uni8354' に交差がある
INFO:最終チェックのグリフ 'uni8355' に交差がある
INFO:最終チェックのグリフ 'uni8358' に交差がある
INFO:最終チェックのグリフ 'uni8363' に交差がある
INFO:最終チェックのグリフ 'uni8373' に交差がある
INFO:最終チェックのグリフ 'uni8377' に交差がある
INFO:最終チェックのグリフ 'uni8387' に交差がある
INFO:最終チェックのグリフ 'uni838E' に交差がある
INFO:最終チェックのグリフ 'uni8393' に交差がある
INFO:最終チェックのグリフ 'uni839A' に交差がある
INFO:最終チェックのグリフ 'uni839E' に交差がある
INFO:最終チェックのグリフ 'uni83A7' に交差がある
INFO:最終チェックのグリフ 'uni83AA' に交差がある
INFO:最終チェックのグリフ 'uni83C7' に交差がある
INFO:最終チェックのグリフ 'uni83CA' に交差がある
INFO:最終チェックのグリフ 'uni83CC' に交差がある
INFO:最終チェックのグリフ 'uni83D4' に交差がある
INFO:最終チェックのグリフ 'uni83D8' に交差がある
INFO:最終チェックのグリフ 'uni83DF' に交差がある
INFO:最終チェックのグリフ 'uni83E0' に交差がある
INFO:最終チェックのグリフ 'uni83E9' の参照が不正
INFO:最終チェックのグリフ 'uni83F0' に交差がある
INFO:最終チェックのグリフ 'uni83F9' に交差がある
INFO:最終チェックのグリフ 'uni8407' に交差がある
INFO:最終チェックのグリフ 'uni840F' に交差がある
INFO:最終チェックのグリフ 'uni8413' に交差がある
INFO:最終チェックのグリフ 'uni8415' に交差がある
INFO:最終チェックのグリフ 'uni8417' に交差がある
INFO:最終チェックのグリフ 'uni8422' に交差がある
INFO:最終チェックのグリフ 'uni8429' に交差がある
INFO:最終チェックのグリフ 'uni842A' に交差がある
INFO:最終チェックのグリフ 'uni842C' に交差がある
INFO:最終チェックのグリフ 'uni8439' に交差がある
INFO:最終チェックのグリフ 'uni843D' に交差がある
INFO:最終チェックのグリフ 'uni8446' に交差がある
INFO:最終チェックのグリフ 'uni844E' に交差がある
INFO:最終チェックのグリフ 'uni844F' に交差がある
INFO:最終チェックのグリフ 'uni845B' に交差がある
INFO:最終チェックのグリフ 'uni845C' に交差がある
INFO:最終チェックのグリフ 'uni8462' に交差がある
INFO:最終チェックのグリフ 'uni846D' に交差がある
INFO:最終チェックのグリフ 'uni846E' に交差がある
INFO:最終チェックのグリフ 'uni8473' に交差がある
INFO:最終チェックのグリフ 'uni8479' に交差がある
INFO:最終チェックのグリフ 'uni847A' に交差がある
INFO:最終チェックのグリフ 'uni8499' に交差がある
INFO:最終チェックのグリフ 'uni84AF' に交差がある
INFO:最終チェックのグリフ 'uni84B9' に交差がある
INFO:最終チェックのグリフ 'uni84BC' の参照が不正
INFO:最終チェックのグリフ 'uni84BE' に交差がある
INFO:最終チェックのグリフ 'uni84BF' に交差がある
INFO:最終チェックのグリフ 'uni84CB' に交差がある
INFO:最終チェックのグリフ 'uni84CD' に交差がある
INFO:最終チェックのグリフ 'uni84CF' に交差がある
INFO:最終チェックのグリフ 'uni84D0' に交差がある
INFO:最終チェックのグリフ 'uni84D9' に交差がある
INFO:最終チェックのグリフ 'uni84DA' に交差がある
INFO:最終チェックのグリフ 'uni84E7' に交差がある
INFO:最終チェックのグリフ 'uni84EF' に交差がある
INFO:最終チェックのグリフ 'uni84FA' に交差がある
INFO:最終チェックのグリフ 'uni84FF' に交差がある
INFO:最終チェックのグリフ 'uni8500' に交差がある
INFO:最終チェックのグリフ 'uni8513' の参照が不正
INFO:最終チェックのグリフ 'uni8514' に交差がある
INFO:最終チェックのグリフ 'uni8517' に交差がある
INFO:最終チェックのグリフ 'uni8518' に交差がある
INFO:最終チェックのグリフ 'uni851A' に交差がある
INFO:最終チェックのグリフ 'uni8521' に交差がある
INFO:最終チェックのグリフ 'uni8524' に交差がある
INFO:最終チェックのグリフ 'uni852C' に交差がある
INFO:最終チェックのグリフ 'uni8534' に交差がある
INFO:最終チェックのグリフ 'uni853E' に交差がある
INFO:最終チェックのグリフ 'uni8549' に交差がある
INFO:最終チェックのグリフ 'uni854E' に交差がある
INFO:最終チェックのグリフ 'uni8558' に交差がある
INFO:最終チェックのグリフ 'uni855E' に交差がある
INFO:最終チェックのグリフ 'uni8562' に交差がある
INFO:最終チェックのグリフ 'uni8563' の参照が不正
INFO:最終チェックのグリフ 'uni8568' に交差がある
INFO:最終チェックのグリフ 'uni856F' に交差がある
INFO:最終チェックのグリフ 'uni8577' に交差がある
INFO:最終チェックのグリフ 'uni857A' に交差がある
INFO:最終チェックのグリフ 'uni857F' に交差がある
INFO:最終チェックのグリフ 'uni8580' に交差がある
INFO:最終チェックのグリフ 'uni8586' に交差がある
INFO:最終チェックのグリフ 'uni8587' に交差がある
INFO:最終チェックのグリフ 'uni8588' に交差がある
INFO:最終チェックのグリフ 'uni858F' に交差がある
INFO:最終チェックのグリフ 'uni8594' に交差がある
INFO:最終チェックのグリフ 'uni8597' に交差がある
INFO:最終チェックのグリフ 'uni8599' に交差がある
INFO:最終チェックのグリフ 'uni859D' に交差がある
INFO:最終チェックのグリフ 'uni859F' に交差がある
INFO:最終チェックのグリフ 'uni85A4' に交差がある
INFO:最終チェックのグリフ 'uni85AC' に交差がある
INFO:最終チェックのグリフ 'uni85AF' に交差がある
INFO:最終チェックのグリフ 'uni85BC' に交差がある
INFO:最終チェックのグリフ 'uni85C7' に交差がある
INFO:最終チェックのグリフ 'uni85CB' に交差がある
INFO:最終チェックのグリフ 'uni85CD' に交差がある
INFO:最終チェックのグリフ 'uni85D5' に交差がある
INFO:最終チェックのグリフ 'uni85DD' に交差がある
INFO:最終チェックのグリフ 'uni85DF' に交差がある
INFO:最終チェックのグリフ 'uni85F6' に交差がある
INFO:最終チェックのグリフ 'uni85F9' に交差がある
INFO:最終チェックのグリフ 'uni85FA' に交差がある
INFO:最終チェックのグリフ 'uni8600' に交差がある
INFO:最終チェックのグリフ 'uni8607' に交差がある
INFO:最終チェックのグリフ 'uni860A' に交差がある
INFO:最終チェックのグリフ 'uni8610' に交差がある
INFO:最終チェックのグリフ 'uni8612' に交差がある
INFO:最終チェックのグリフ 'uni8618' に交差がある
INFO:最終チェックのグリフ 'uni861A' に交差がある
INFO:最終チェックのグリフ 'uni861E' に交差がある
INFO:最終チェックのグリフ 'uni8624' に交差がある
INFO:最終チェックのグリフ 'uni8639' に交差がある
INFO:最終チェックのグリフ 'uni8641' に交差がある
INFO:最終チェックのグリフ 'uni864E' に交差がある
INFO:最終チェックのグリフ 'uni8650' に交差がある
INFO:最終チェックのグリフ 'uni8653' に交差がある
INFO:最終チェックのグリフ 'uni865A' に交差がある
INFO:最終チェックのグリフ 'uni865E' に交差がある
INFO:最終チェックのグリフ 'uni8687' に交差がある
INFO:最終チェックのグリフ 'uni868B' に交差がある
INFO:最終チェックのグリフ 'uni868D' に交差がある
INFO:最終チェックのグリフ 'uni869C' に交差がある
INFO:最終チェックのグリフ 'uni86A9' に交差がある
INFO:最終チェックのグリフ 'uni86AF' に交差がある
INFO:最終チェックのグリフ 'uni86C6' に交差がある
INFO:最終チェックのグリフ 'uni86D1' に交差がある
INFO:最終チェックのグリフ 'uni86D7' に交差がある
INFO:最終チェックのグリフ 'uni86DB' に交差がある
INFO:最終チェックのグリフ 'uni86DE' に交差がある
INFO:最終チェックのグリフ 'uni86FE' に交差がある
INFO:最終チェックのグリフ 'uni8706' に交差がある
INFO:最終チェックのグリフ 'uni8710' に交差がある
INFO:最終チェックのグリフ 'uni8718' に交差がある
INFO:最終チェックのグリフ 'uni871A' に交差がある
INFO:最終チェックのグリフ 'uni8725' に交差がある
INFO:最終チェックのグリフ 'uni873E' に交差がある
INFO:最終チェックのグリフ 'uni873F' に交差がある
INFO:最終チェックのグリフ 'uni874E' に交差がある
INFO:最終チェックのグリフ 'uni875F' に交差がある
INFO:最終チェックのグリフ 'uni8768' に交差がある
INFO:最終チェックのグリフ 'uni8789' に交差がある
INFO:最終チェックのグリフ 'uni878B' に交差がある
INFO:最終チェックのグリフ 'uni87A0' に交差がある
INFO:最終チェックのグリフ 'uni87AC' に交差がある
INFO:最終チェックのグリフ 'uni87BD' に交差がある
INFO:最終チェックのグリフ 'uni87C7' に交差がある
INFO:最終チェックのグリフ 'uni87CE' に交差がある
INFO:最終チェックのグリフ 'uni87DF' に交差がある
INFO:最終チェックのグリフ 'uni87F2' に交差がある
INFO:最終チェックのグリフ 'uni8801' に交差がある
INFO:最終チェックのグリフ 'uni880E' に交差がある
INFO:最終チェックのグリフ 'uni880F' の参照が不正
INFO:最終チェックのグリフ 'uni8811' に交差がある
INFO:最終チェックのグリフ 'uni881F' に交差がある
INFO:最終チェックのグリフ 'uni8822' に交差がある
INFO:最終チェックのグリフ 'uni8827' に交差がある
INFO:最終チェックのグリフ 'uni882E' に交差がある
INFO:最終チェックのグリフ 'uni8831' に交差がある
INFO:最終チェックのグリフ 'uni8836' に交差がある
INFO:最終チェックのグリフ 'uni8839' に交差がある
INFO:最終チェックのグリフ 'uni883B' に交差がある
INFO:最終チェックのグリフ 'uni8844' に交差がある
INFO:最終チェックのグリフ 'uni885E' に交差がある
INFO:最終チェックのグリフ 'uni8863' に交差がある
INFO:最終チェックのグリフ 'uni8864' に交差がある
INFO:最終チェックのグリフ 'uni8872' に交差がある
INFO:最終チェックのグリフ 'uni8882' に交差がある
INFO:最終チェックのグリフ 'uni8888' に交差がある
INFO:最終チェックのグリフ 'uni8892' に交差がある
INFO:最終チェックのグリフ 'uni88B0' に交差がある
INFO:最終チェックのグリフ 'uni88B1' に交差がある
INFO:最終チェックのグリフ 'uni88B5' に交差がある
INFO:最終チェックのグリフ 'uni88C0' に交差がある
INFO:最終チェックのグリフ 'uni88C3' に交差がある
INFO:最終チェックのグリフ 'uni88D4' に交差がある
INFO:最終チェックのグリフ 'uni88F0' に交差がある
INFO:最終チェックのグリフ 'uni88F2' に交差がある
INFO:最終チェックのグリフ 'uni88F9' に交差がある
INFO:最終チェックのグリフ 'uni8901' に交差がある
INFO:最終チェックのグリフ 'uni8902' に交差がある
INFO:最終チェックのグリフ 'uni8913' に交差がある
INFO:最終チェックのグリフ 'uni891C' に交差がある
INFO:最終チェックのグリフ 'uni891E' に交差がある
INFO:最終チェックのグリフ 'uni893B' に交差がある
INFO:最終チェックのグリフ 'uni8941' に交差がある
INFO:最終チェックのグリフ 'uni8949' に交差がある
INFO:最終チェックのグリフ 'uni8956' に交差がある
INFO:最終チェックのグリフ 'uni8964' に交差がある
INFO:最終チェックのグリフ 'uni8966' に交差がある
INFO:最終チェックのグリフ 'uni896F' に交差がある
INFO:最終チェックのグリフ 'uni8974' に交差がある
INFO:最終チェックのグリフ 'uni8981' に交差がある
INFO:最終チェックのグリフ 'uni8988' に交差がある
INFO:最終チェックのグリフ 'uni8990' に交差がある
INFO:最終チェックのグリフ 'uni8997' に交差がある
INFO:最終チェックのグリフ 'uni899A' に交差がある
INFO:最終チェックのグリフ 'uni899F' に交差がある
INFO:最終チェックのグリフ 'uni89AA' に交差がある
INFO:最終チェックのグリフ 'uni89B0' に交差がある
INFO:最終チェックのグリフ 'uni89C0' に交差がある
INFO:最終チェックのグリフ 'uni89DA' に交差がある
INFO:最終チェックのグリフ 'uni89E6' に交差がある
INFO:最終チェックのグリフ 'uni89F4' に交差がある
INFO:最終チェックのグリフ 'uni89FF' に交差がある
INFO:最終チェックのグリフ 'uni8A02' に交差がある
INFO:最終チェックのグリフ 'uni8A08' に交差がある
INFO:最終チェックのグリフ 'uni8A13' に交差がある
INFO:最終チェックのグリフ 'uni8A18' に交差がある
INFO:最終チェックのグリフ 'uni8A21' に交差がある
INFO:最終チェックのグリフ 'uni8A22' に交差がある
INFO:最終チェックのグリフ 'uni8A25' に交差がある
INFO:最終チェックのグリフ 'uni8A2A' に交差がある
INFO:最終チェックのグリフ 'uni8A35' に交差がある
INFO:最終チェックのグリフ 'uni8A3B' に交差がある
INFO:最終チェックのグリフ 'uni8A3C' に交差がある
INFO:最終チェックのグリフ 'uni8A41' に交差がある
INFO:最終チェックのグリフ 'uni8A47' に交差がある
INFO:最終チェックのグリフ 'uni8A4D' に交差がある
INFO:最終チェックのグリフ 'uni8A4E' に交差がある
INFO:最終チェックのグリフ 'uni8A50' に交差がある
INFO:最終チェックのグリフ 'uni8A58' に交差がある
INFO:最終チェックのグリフ 'uni8A5B' に交差がある
INFO:最終チェックのグリフ 'uni8A5D' に交差がある
INFO:最終チェックのグリフ 'uni8A63' に交差がある
INFO:最終チェックのグリフ 'uni8A73' に交差がある
INFO:最終チェックのグリフ 'uni8A75' に交差がある
INFO:最終チェックのグリフ 'uni8AA8' に交差がある
INFO:最終チェックのグリフ 'uni8AB9' に交差がある
INFO:最終チェックのグリフ 'uni8ABC' に交差がある
INFO:最終チェックのグリフ 'uni8ABF' の参照が不正
INFO:最終チェックのグリフ 'uni8AC7' の参照が不正
INFO:最終チェックのグリフ 'uni8ACF' に交差がある
INFO:最終チェックのグリフ 'uni8ADA' に交差がある
INFO:最終チェックのグリフ 'uni8ADE' の参照が不正
INFO:最終チェックのグリフ 'uni8AE1' に交差がある
INFO:最終チェックのグリフ 'uni8AED' に交差がある
INFO:最終チェックのグリフ 'uni8AF1' の参照が不正
INFO:最終チェックのグリフ 'uni8AF4' の参照が不正
INFO:最終チェックのグリフ 'uni8B02' の参照が不正
INFO:最終チェックのグリフ 'uni8B0A' に交差がある
INFO:最終チェックのグリフ 'uni8B1A' に交差がある
INFO:最終チェックのグリフ 'uni8B1C' に交差がある
INFO:最終チェックのグリフ 'uni8B2C' の参照が不正
INFO:最終チェックのグリフ 'uni8B2D' に交差がある
INFO:最終チェックのグリフ 'uni8B39' に交差がある
INFO:最終チェックのグリフ 'uni8B41' の参照が不正
INFO:最終チェックのグリフ 'uni8B43' に交差がある
INFO:最終チェックのグリフ 'uni8B4C' に交差がある
INFO:最終チェックのグリフ 'uni8B4F' に交差がある
INFO:最終チェックのグリフ 'uni8B53' に交差がある
INFO:最終チェックのグリフ 'uni8B59' に交差がある
INFO:最終チェックのグリフ 'uni8B69' に交差がある
INFO:最終チェックのグリフ 'uni8B7F' に交差がある
INFO:最終チェックのグリフ 'uni8B8A' に交差がある
INFO:最終チェックのグリフ 'uni8B8E' に交差がある
INFO:最終チェックのグリフ 'uni8B92' に交差がある
INFO:最終チェックのグリフ 'uni8B95' に交差がある
INFO:最終チェックのグリフ 'uni8B96' に交差がある
INFO:最終チェックのグリフ 'uni8B99' に交差がある
INFO:最終チェックのグリフ 'uni8B9A' に交差がある
INFO:最終チェックのグリフ 'uni8B9C' に交差がある
INFO:最終チェックのグリフ 'uni8B9D' の参照が不正
INFO:最終チェックのグリフ 'uni8C39' に交差がある
INFO:最終チェックのグリフ 'uni8C50' に交差がある
INFO:最終チェックのグリフ 'uni8C54' に交差がある
INFO:最終チェックのグリフ 'uni8C57' に交差がある
INFO:最終チェックのグリフ 'uni8C5A' に交差がある
INFO:最終チェックのグリフ 'uni8C62' に交差がある
INFO:最終チェックのグリフ 'uni8C68' に交差がある
INFO:最終チェックのグリフ 'uni8C69' に交差がある
INFO:最終チェックのグリフ 'uni8C73' に交差がある
INFO:最終チェックのグリフ 'uni8C85' に交差がある
INFO:最終チェックのグリフ 'uni8C94' に交差がある
INFO:最終チェックのグリフ 'uni8C9B' に交差がある
INFO:最終チェックのグリフ 'uni8C9D' に交差がある
INFO:最終チェックのグリフ 'uni8CC3' に交差がある
INFO:最終チェックのグリフ 'uni8CDA' に交差がある
INFO:最終チェックのグリフ 'uni8CDE' に交差がある
INFO:最終チェックのグリフ 'uni8CE4' に交差がある
INFO:最終チェックのグリフ 'uni8CE6' に交差がある
INFO:最終チェックのグリフ 'uni8CF0' に交差がある
INFO:最終チェックのグリフ 'uni8CF4' に交差がある
INFO:最終チェックのグリフ 'uni8CFB' に交差がある
INFO:最終チェックのグリフ 'uni8CFE' に交差がある
INFO:最終チェックのグリフ 'uni8D6B' に交差がある
INFO:最終チェックのグリフ 'uni8D6C' に交差がある
INFO:最終チェックのグリフ 'uni8D85' に交差がある
INFO:最終チェックのグリフ 'uni8D99' に交差がある
INFO:最終チェックのグリフ 'uni8DBE' に交差がある
INFO:最終チェックのグリフ 'uni8DCB' に交差がある
INFO:最終チェックのグリフ 'uni8DD9' に交差がある
INFO:最終チェックのグリフ 'uni8DDA' に交差がある
INFO:最終チェックのグリフ 'uni8DE1' に交差がある
INFO:最終チェックのグリフ 'uni8DEB' に交差がある
INFO:最終チェックのグリフ 'uni8DF5' に交差がある
INFO:最終チェックのグリフ 'uni8E1F' に交差がある
INFO:最終チェックのグリフ 'uni8E20' に交差がある
INFO:最終チェックのグリフ 'uni8E23' に交差がある
INFO:最終チェックのグリフ 'uni8E27' に交差がある
INFO:最終チェックのグリフ 'uni8E30' に交差がある
INFO:最終チェックのグリフ 'uni8E35' に交差がある
INFO:最終チェックのグリフ 'uni8E39' に交差がある
INFO:最終チェックのグリフ 'uni8E3D' に交差がある
INFO:最終チェックのグリフ 'uni8E55' に交差がある
INFO:最終チェックのグリフ 'uni8E62' に交差がある
INFO:最終チェックのグリフ 'uni8E6F' に交差がある
INFO:最終チェックのグリフ 'uni8E74' に交差がある
INFO:最終チェックのグリフ 'uni8E76' の参照が不正
INFO:最終チェックのグリフ 'uni8E8A' に交差がある
INFO:最終チェックのグリフ 'uni8E8D' に交差がある
INFO:最終チェックのグリフ 'uni8E99' に交差がある
INFO:最終チェックのグリフ 'uni8EB0' に交差がある
INFO:最終チェックのグリフ 'uni8EB1' に交差がある
INFO:最終チェックのグリフ 'uni8EBE' に交差がある
INFO:最終チェックのグリフ 'uni8EC6' に交差がある
INFO:最終チェックのグリフ 'uni8ECA' に交差がある
INFO:最終チェックのグリフ 'uni8ED1' に交差がある
INFO:最終チェックのグリフ 'uni8ED4' に交差がある
INFO:最終チェックのグリフ 'uni8F12' に交差がある
INFO:最終チェックのグリフ 'uni8F19' に交差がある
INFO:最終チェックのグリフ 'uni8F1B' に交差がある
INFO:最終チェックのグリフ 'uni8F1F' に交差がある
INFO:最終チェックのグリフ 'uni8F39' に交差がある
INFO:最終チェックのグリフ 'uni8F40' に交差がある
INFO:最終チェックのグリフ 'uni8F4A' に交差がある
INFO:最終チェックのグリフ 'uni8F4C' の参照が不正
INFO:最終チェックのグリフ 'uni8F4D' に交差がある
INFO:最終チェックのグリフ 'uni8F57' に交差がある
INFO:最終チェックのグリフ 'uni8F5F' に交差がある
INFO:最終チェックのグリフ 'uni8F9E' に交差がある
INFO:最終チェックのグリフ 'uni8FAD' に交差がある
INFO:最終チェックのグリフ 'uni8FB1' の参照が不正
INFO:最終チェックのグリフ 'uni8FB4' に交差がある
INFO:最終チェックのグリフ 'uni8FCD' に交差がある
INFO:最終チェックのグリフ 'uni8FE4' に交差がある
INFO:最終チェックのグリフ 'uni8FE9' に交差がある
INFO:最終チェックのグリフ 'uni900F' に交差がある
INFO:最終チェックのグリフ 'uni901D' に交差がある
INFO:最終チェックのグリフ 'uni9022' に交差がある
INFO:最終チェックのグリフ 'uni903E' に交差がある
INFO:最終チェックのグリフ 'uni9042' に交差がある
INFO:最終チェックのグリフ 'uni9049' に交差がある
INFO:最終チェックのグリフ 'uni9052' に交差がある
INFO:最終チェックのグリフ 'uni9053' に交差がある
INFO:最終チェックのグリフ 'uni905C' に交差がある
INFO:最終チェックのグリフ 'uni906F' に交差がある
INFO:最終チェックのグリフ 'uni9072' に交差がある
INFO:最終チェックのグリフ 'uni9087' に交差がある
INFO:最終チェックのグリフ 'uni908A' に交差がある
INFO:最終チェックのグリフ 'uni908F' の参照が不正
INFO:最終チェックのグリフ 'uni909B' に交差がある
INFO:最終チェックのグリフ 'uni90B3' に交差がある
INFO:最終チェックのグリフ 'uni90B6' に交差がある
INFO:最終チェックのグリフ 'uni90D7' に交差がある
INFO:最終チェックのグリフ 'uni90DC' に交差がある
INFO:最終チェックのグリフ 'uni90DD' に交差がある
INFO:最終チェックのグリフ 'uni90F2' に交差がある
INFO:最終チェックのグリフ 'uni9123' に交差がある
INFO:最終チェックのグリフ 'uni9127' に交差がある
INFO:最終チェックのグリフ 'uni9130' に交差がある
INFO:最終チェックのグリフ 'uni9134' に交差がある
INFO:最終チェックのグリフ 'uni913A' に交差がある
INFO:最終チェックのグリフ 'uni9146' に交差がある
INFO:最終チェックのグリフ 'uni9147' に交差がある
INFO:最終チェックのグリフ 'uni9148' に交差がある
INFO:最終チェックのグリフ 'uni9154' に交差がある
INFO:最終チェックのグリフ 'uni9165' の参照が不正
INFO:最終チェックのグリフ 'uni9172' に交差がある
INFO:最終チェックのグリフ 'uni9177' の参照が不正
INFO:最終チェックのグリフ 'uni9182' に交差がある
INFO:最終チェックのグリフ 'uni9187' に交差がある
INFO:最終チェックのグリフ 'uni918B' に交差がある
INFO:最終チェックのグリフ 'uni918D' に交差がある
INFO:最終チェックのグリフ 'uni918E' に交差がある
INFO:最終チェックのグリフ 'uni919C' に交差がある
INFO:最終チェックのグリフ 'uni919E' に交差がある
INFO:最終チェックのグリフ 'uni91A4' に交差がある
INFO:最終チェックのグリフ 'uni91AF' に交差がある
INFO:最終チェックのグリフ 'uni91B3' に交差がある
INFO:最終チェックのグリフ 'uni91B4' に交差がある
INFO:最終チェックのグリフ 'uni91B5' に交差がある
INFO:最終チェックのグリフ 'uni91B8' に交差がある
INFO:最終チェックのグリフ 'uni91BC' に交差がある
INFO:最終チェックのグリフ 'uni91C3' に交差がある
INFO:最終チェックのグリフ 'uni91C6' に交差がある
INFO:最終チェックのグリフ 'uni91C7' に交差がある
INFO:最終チェックのグリフ 'uni91D1' に交差がある
INFO:最終チェックのグリフ 'uni91DA' に交差がある
INFO:最終チェックのグリフ 'uni91DB' に交差がある
INFO:最終チェックのグリフ 'uni91DD' に交差がある
INFO:最終チェックのグリフ 'uni91DE' に交差がある
INFO:最終チェックのグリフ 'uni91DF' に交差がある
INFO:最終チェックのグリフ 'uni91E7' に交差がある
INFO:最終チェックのグリフ 'uni91F1' に交差がある
INFO:最終チェックのグリフ 'uni91FB' に交差がある
INFO:最終チェックのグリフ 'uni9206' に交差がある
INFO:最終チェックのグリフ 'uni9207' に交差がある
INFO:最終チェックのグリフ 'uni9215' に交差がある
INFO:最終チェックのグリフ 'uni9242' に交差がある
INFO:最終チェックのグリフ 'uni924A' に交差がある
INFO:最終チェックのグリフ 'uni924E' に交差がある
INFO:最終チェックのグリフ 'uni924F' に交差がある
INFO:最終チェックのグリフ 'uni9259' の参照が不正
INFO:最終チェックのグリフ 'uni9262' に交差がある
INFO:最終チェックのグリフ 'uni9266' に交差がある
INFO:最終チェックのグリフ 'uni9268' に交差がある
INFO:最終チェックのグリフ 'uni9278' に交差がある
INFO:最終チェックのグリフ 'uni9280' に交差がある
INFO:最終チェックのグリフ 'uni9283' に交差がある
INFO:最終チェックのグリフ 'uni9295' に交差がある
INFO:最終チェックのグリフ 'uni9297' に交差がある
INFO:最終チェックのグリフ 'uni929C' に交差がある
INFO:最終チェックのグリフ 'uni92BF' に交差がある
INFO:最終チェックのグリフ 'uni92CC' に交差がある
INFO:最終チェックのグリフ 'uni92D9' に交差がある
INFO:最終チェックのグリフ 'uni92F7' に交差がある
INFO:最終チェックのグリフ 'uni92FA' に交差がある
INFO:最終チェックのグリフ 'uni92FF' に交差がある
INFO:最終チェックのグリフ 'uni9302' に交差がある
INFO:最終チェックのグリフ 'uni9306' に交差がある
INFO:最終チェックのグリフ 'uni930F' に交差がある
INFO:最終チェックのグリフ 'uni9310' に交差がある
INFO:最終チェックのグリフ 'uni9311' に交差がある
INFO:最終チェックのグリフ 'uni9319' に交差がある
INFO:最終チェックのグリフ 'uni9321' に交差がある
INFO:最終チェックのグリフ 'uni9325' に交差がある
INFO:最終チェックのグリフ 'uni9326' に交差がある
INFO:最終チェックのグリフ 'uni9328' に交差がある
INFO:最終チェックのグリフ 'uni932E' に交差がある
INFO:最終チェックのグリフ 'uni934A' に交差がある
INFO:最終チェックのグリフ 'uni9354' の参照が不正
INFO:最終チェックのグリフ 'uni935C' に交差がある
INFO:最終チェックのグリフ 'uni9365' に交差がある
INFO:最終チェックのグリフ 'uni936C' に交差がある
INFO:最終チェックのグリフ 'uni938B' に交差がある
INFO:最終チェックのグリフ 'uni9394' に交差がある
INFO:最終チェックのグリフ 'uni939E' に交差がある
INFO:最終チェックのグリフ 'uni93A3' に交差がある
INFO:最終チェックのグリフ 'uni93A4' に交差がある
INFO:最終チェックのグリフ 'uni93AD' に交差がある
INFO:最終チェックのグリフ 'uni93B0' に交差がある
INFO:最終チェックのグリフ 'uni93BA' に交差がある
INFO:最終チェックのグリフ 'uni93C8' に交差がある
INFO:最終チェックのグリフ 'uni93D0' に交差がある
INFO:最終チェックのグリフ 'uni93D1' に交差がある
INFO:最終チェックのグリフ 'uni93D7' に交差がある
INFO:最終チェックのグリフ 'uni93DD' に交差がある
INFO:最終チェックのグリフ 'uni93DE' に交差がある
INFO:最終チェックのグリフ 'uni93E4' に交差がある
INFO:最終チェックのグリフ 'uni93E7' に交差がある
INFO:最終チェックのグリフ 'uni93E8' に交差がある
INFO:最終チェックのグリフ 'uni93F8' に交差がある
INFO:最終チェックのグリフ 'uni93FB' に交差がある
INFO:最終チェックのグリフ 'uni9409' に交差がある
INFO:最終チェックのグリフ 'uni9413' に交差がある
INFO:最終チェックのグリフ 'uni9417' に交差がある
INFO:最終チェックのグリフ 'uni9418' に交差がある
INFO:最終チェックのグリフ 'uni9419' に交差がある
INFO:最終チェックのグリフ 'uni9421' に交差がある
INFO:最終チェックのグリフ 'uni9432' に交差がある
INFO:最終チェックのグリフ 'uni9434' の参照が不正
INFO:最終チェックのグリフ 'uni943A' に交差がある
INFO:最終チェックのグリフ 'uni9441' に交差がある
INFO:最終チェックのグリフ 'uni9445' に交差がある
INFO:最終チェックのグリフ 'uni9448' に交差がある
INFO:最終チェックのグリフ 'uni9451' に交差がある
INFO:最終チェックのグリフ 'uni9452' に交差がある
INFO:最終チェックのグリフ 'uni945E' に交差がある
INFO:最終チェックのグリフ 'uni9463' に交差がある
INFO:最終チェックのグリフ 'uni946D' に交差がある
INFO:最終チェックのグリフ 'uni9477' に交差がある
INFO:最終チェックのグリフ 'uni947C' に交差がある
INFO:最終チェックのグリフ 'uni947D' に交差がある
INFO:最終チェックのグリフ 'uni947F' に交差がある
INFO:最終チェックのグリフ 'uni9481' の参照が不正
INFO:最終チェックのグリフ 'uni9579' に交差がある
INFO:最終チェックのグリフ 'uni9580' に交差がある
INFO:最終チェックのグリフ 'uni958F' に交差がある
INFO:最終チェックのグリフ 'uni9594' に交差がある
INFO:最終チェックのグリフ 'uni9596' に交差がある
INFO:最終チェックのグリフ 'uni9599' に交差がある
INFO:最終チェックのグリフ 'uni95A3' に交差がある
INFO:最終チェックのグリフ 'uni95A4' に交差がある
INFO:最終チェックのグリフ 'uni95A6' に交差がある
INFO:最終チェックのグリフ 'uni95AB' に交差がある
INFO:最終チェックのグリフ 'uni95B2' に交差がある
INFO:最終チェックのグリフ 'uni95BC' に交差がある
INFO:最終チェックのグリフ 'uni95D0' に交差がある
INFO:最終チェックのグリフ 'uni95D4' に交差がある
INFO:最終チェックのグリフ 'uni95D8' に交差がある
INFO:最終チェックのグリフ 'uni95E2' に交差がある
INFO:最終チェックのグリフ 'uni95E5' に交差がある
INFO:最終チェックのグリフ 'uni962F' に交差がある
INFO:最終チェックのグリフ 'uni963B' に交差がある
INFO:最終チェックのグリフ 'uni9641' に交差がある
INFO:最終チェックのグリフ 'uni964F' に交差がある
INFO:最終チェックのグリフ 'uni9650' に交差がある
INFO:最終チェックのグリフ 'uni965B' に交差がある
INFO:最終チェックのグリフ 'uni9675' に交差がある
INFO:最終チェックのグリフ 'uni9685' に交差がある
INFO:最終チェックのグリフ 'uni9688' に交差がある
INFO:最終チェックのグリフ 'uni968A' に交差がある
INFO:最終チェックのグリフ 'uni9697' に交差がある
INFO:最終チェックのグリフ 'uni9698' に交差がある
INFO:最終チェックのグリフ 'uni9699' に交差がある
INFO:最終チェックのグリフ 'uni969B' に交差がある
INFO:最終チェックのグリフ 'uni96A0' に交差がある
INFO:最終チェックのグリフ 'uni96A7' に交差がある
INFO:最終チェックのグリフ 'uni96A9' に交差がある
INFO:最終チェックのグリフ 'uni96AF' に交差がある
INFO:最終チェックのグリフ 'uni96B4' に交差がある
INFO:最終チェックのグリフ 'uni96B9' に交差がある
INFO:最終チェックのグリフ 'uni96CC' に交差がある
INFO:最終チェックのグリフ 'uni96DB' に交差がある
INFO:最終チェックのグリフ 'uni96DE' に交差がある
INFO:最終チェックのグリフ 'uni96E2' に交差がある
INFO:最終チェックのグリフ 'uni96EF' に交差がある
INFO:最終チェックのグリフ 'uni96F0' に交差がある
INFO:最終チェックのグリフ 'uni9708' に交差がある
INFO:最終チェックのグリフ 'uni9732' に交差がある
INFO:最終チェックのグリフ 'uni9738' に交差がある
INFO:最終チェックのグリフ 'uni9739' に交差がある
INFO:最終チェックのグリフ 'uni973E' に交差がある
INFO:最終チェックのグリフ 'uni9742' に交差がある
INFO:最終チェックのグリフ 'uni9744' に交差がある
INFO:最終チェックのグリフ 'uni9746' の参照が不正
INFO:最終チェックのグリフ 'uni9747' に交差がある
INFO:最終チェックのグリフ 'uni974F' に交差がある
INFO:最終チェックのグリフ 'uni9757' に交差がある
INFO:最終チェックのグリフ 'uni975A' に交差がある
INFO:最終チェックのグリフ 'uni975B' に交差がある
INFO:最終チェックのグリフ 'uni975C' に交差がある
INFO:最終チェックのグリフ 'uni9769' に交差がある
INFO:最終チェックのグリフ 'uni976B' に交差がある
INFO:最終チェックのグリフ 'uni976D' に交差がある
INFO:最終チェックのグリフ 'uni976E' に交差がある
INFO:最終チェックのグリフ 'uni9771' に交差がある
INFO:最終チェックのグリフ 'uni9779' に交差がある
INFO:最終チェックのグリフ 'uni977A' に交差がある
INFO:最終チェックのグリフ 'uni977C' に交差がある
INFO:最終チェックのグリフ 'uni9784' に交差がある
INFO:最終チェックのグリフ 'uni9785' に交差がある
INFO:最終チェックのグリフ 'uni9786' に交差がある
INFO:最終チェックのグリフ 'uni979E' に交差がある
INFO:最終チェックのグリフ 'uni97A0' に交差がある
INFO:最終チェックのグリフ 'uni97A6' に交差がある
INFO:最終チェックのグリフ 'uni97A8' に交差がある
INFO:最終チェックのグリフ 'uni97AB' に交差がある
INFO:最終チェックのグリフ 'uni97C8' に交差がある
INFO:最終チェックのグリフ 'uni97C9' に交差がある
INFO:最終チェックのグリフ 'uni97D4' に交差がある
INFO:最終チェックのグリフ 'uni97D8' に交差がある
INFO:最終チェックのグリフ 'uni97D9' に交差がある
INFO:最終チェックのグリフ 'uni97DB' に交差がある
INFO:最終チェックのグリフ 'uni97DE' に交差がある
INFO:最終チェックのグリフ 'uni97E1' に交差がある
INFO:最終チェックのグリフ 'uni97EE' に交差がある
INFO:最終チェックのグリフ 'uni97FB' に交差がある
INFO:最終チェックのグリフ 'uni97FF' に交差がある
INFO:最終チェックのグリフ 'uni9818' に交差がある
INFO:最終チェックのグリフ 'uni9832' に交差がある
INFO:最終チェックのグリフ 'uni9833' に交差がある
INFO:最終チェックのグリフ 'uni9834' に交差がある
INFO:最終チェックのグリフ 'uni983B' に交差がある
INFO:最終チェックのグリフ 'uni984C' に交差がある
INFO:最終チェックのグリフ 'uni984F' に交差がある
INFO:最終チェックのグリフ 'uni9852' に交差がある
INFO:最終チェックのグリフ 'uni9853' に交差がある
INFO:最終チェックのグリフ 'uni9866' に交差がある
INFO:最終チェックのグリフ 'uni986C' に交差がある
INFO:最終チェックのグリフ 'uni9871' に交差がある
INFO:最終チェックのグリフ 'uni98A8' に交差がある
INFO:最終チェックのグリフ 'uni98AA' に交差がある
INFO:最終チェックのグリフ 'uni98AB' に交差がある
INFO:最終チェックのグリフ 'uni98B1' に交差がある
INFO:最終チェックのグリフ 'uni98B6' に交差がある
INFO:最終チェックのグリフ 'uni98B8' に交差がある
INFO:最終チェックのグリフ 'uni98C3' に交差がある
INFO:最終チェックのグリフ 'uni98C4' に交差がある
INFO:最終チェックのグリフ 'uni98EA' に交差がある
INFO:最終チェックのグリフ 'uni98EE' に交差がある
INFO:最終チェックのグリフ 'uni98F0' に交差がある
INFO:最終チェックのグリフ 'uni98F3' に交差がある
INFO:最終チェックのグリフ 'uni98FD' に交差がある
INFO:最終チェックのグリフ 'uni9903' に交差がある
INFO:最終チェックのグリフ 'uni9913' に交差がある
INFO:最終チェックのグリフ 'uni991D' に交差がある
INFO:最終チェックのグリフ 'uni991E' に交差がある
INFO:最終チェックのグリフ 'uni9920' に交差がある
INFO:最終チェックのグリフ 'uni9927' の参照が不正
INFO:最終チェックのグリフ 'uni992E' に交差がある
INFO:最終チェックのグリフ 'uni9931' に交差がある
INFO:最終チェックのグリフ 'uni993E' に交差がある
INFO:最終チェックのグリフ 'uni9941' に交差がある
INFO:最終チェックのグリフ 'uni9942' に交差がある
INFO:最終チェックのグリフ 'uni9945' に交差がある
INFO:最終チェックのグリフ 'uni9949' に交差がある
INFO:最終チェックのグリフ 'uni994C' に交差がある
INFO:最終チェックのグリフ 'uni9950' に交差がある
INFO:最終チェックのグリフ 'uni9952' に交差がある
INFO:最終チェックのグリフ 'uni9955' に交差がある
INFO:最終チェックのグリフ 'uni9958' に交差がある
INFO:最終チェックのグリフ 'uni995C' に交差がある
INFO:最終チェックのグリフ 'uni995F' に交差がある
INFO:最終チェックのグリフ 'uni9960' に交差がある
INFO:最終チェックのグリフ 'uni99A5' に交差がある
INFO:最終チェックのグリフ 'uni99A6' に交差がある
INFO:最終チェックのグリフ 'uni99B4' に交差がある
INFO:最終チェックのグリフ 'uni99C4' に交差がある
INFO:最終チェックのグリフ 'uni99C8' に交差がある
INFO:最終チェックのグリフ 'uni99D1' に交差がある
INFO:最終チェックのグリフ 'uni99D4' に交差がある
INFO:最終チェックのグリフ 'uni99D8' に交差がある
INFO:最終チェックのグリフ 'uni99D9' に交差がある
INFO:最終チェックのグリフ 'uni99F0' に交差がある
INFO:最終チェックのグリフ 'uni99F8' に交差がある
INFO:最終チェックのグリフ 'uni99F9' に交差がある
INFO:最終チェックのグリフ 'uni9A02' に交差がある
INFO:最終チェックのグリフ 'uni9A0E' に交差がある
INFO:最終チェックのグリフ 'uni9A24' に交差がある
INFO:最終チェックのグリフ 'uni9A2B' に交差がある
INFO:最終チェックのグリフ 'uni9A2D' に交差がある
INFO:最終チェックのグリフ 'uni9A38' に交差がある
INFO:最終チェックのグリフ 'uni9A3E' に交差がある
INFO:最終チェックのグリフ 'uni9A40' に交差がある
INFO:最終チェックのグリフ 'uni9A4C' に交差がある
INFO:最終チェックのグリフ 'uni9A4E' に交差がある
INFO:最終チェックのグリフ 'uni9A57' に交差がある
INFO:最終チェックのグリフ 'uni9A5F' に交差がある
INFO:最終チェックのグリフ 'uni9A64' に交差がある
INFO:最終チェックのグリフ 'uni9A65' に交差がある
INFO:最終チェックのグリフ 'uni9A69' に交差がある
INFO:最終チェックのグリフ 'uni9A6A' に交差がある
INFO:最終チェックのグリフ 'uni9AC3' に交差がある
INFO:最終チェックのグリフ 'uni9ACE' に交差がある
INFO:最終チェックのグリフ 'uni9ACF' に交差がある
INFO:最終チェックのグリフ 'uni9AD1' に交差がある
INFO:最終チェックのグリフ 'uni9AD5' に交差がある
INFO:最終チェックのグリフ 'uni9ADE' に交差がある
INFO:最終チェックのグリフ 'uni9AE0' に交差がある
INFO:最終チェックのグリフ 'uni9AE2' に交差がある
INFO:最終チェックのグリフ 'uni9AF1' に交差がある
INFO:最終チェックのグリフ 'uni9AF4' に交差がある
INFO:最終チェックのグリフ 'uni9AF7' に交差がある
INFO:最終チェックのグリフ 'uni9B03' に交差がある
INFO:最終チェックのグリフ 'uni9B1A' に交差がある
INFO:最終チェックのグリフ 'uni9B1C' に交差がある
INFO:最終チェックのグリフ 'uni9B1D' に交差がある
INFO:最終チェックのグリフ 'uni9B1F' に交差がある
INFO:最終チェックのグリフ 'uni9B22' に交差がある
INFO:最終チェックのグリフ 'uni9B23' に交差がある
INFO:最終チェックのグリフ 'uni9B27' に交差がある
INFO:最終チェックのグリフ 'uni9B28' に交差がある
INFO:最終チェックのグリフ 'uni9B2A' に交差がある
INFO:最終チェックのグリフ 'uni9B2B' に交差がある
INFO:最終チェックのグリフ 'uni9B2E' に交差がある
INFO:最終チェックのグリフ 'uni9B31' に交差がある
INFO:最終チェックのグリフ 'uni9B33' に交差がある
INFO:最終チェックのグリフ 'uni9B3C' に交差がある
INFO:最終チェックのグリフ 'uni9B42' に交差がある
INFO:最終チェックのグリフ 'uni9B43' に交差がある
INFO:最終チェックのグリフ 'uni9B44' に交差がある
INFO:最終チェックのグリフ 'uni9B4B' に交差がある
INFO:最終チェックのグリフ 'uni9B51' に交差がある
INFO:最終チェックのグリフ 'uni9B58' に交差がある
INFO:最終チェックのグリフ 'uni9B5A' に交差がある
INFO:最終チェックのグリフ 'uni9B6F' に交差がある
INFO:最終チェックのグリフ 'uni9B72' に交差がある
INFO:最終チェックのグリフ 'uni9B79' に交差がある
INFO:最終チェックのグリフ 'uni9B96' に交差がある
INFO:最終チェックのグリフ 'uni9B97' の参照が不正
INFO:最終チェックのグリフ 'uni9B9F' に交差がある
INFO:最終チェックのグリフ 'uni9BA0' に交差がある
INFO:最終チェックのグリフ 'uni9BAB' に交差がある
INFO:最終チェックのグリフ 'uni9BAE' の参照が不正
INFO:最終チェックのグリフ 'uni9BB1' に交差がある
INFO:最終チェックのグリフ 'uni9BB2' に交差がある
INFO:最終チェックのグリフ 'uni9BB4' に交差がある
INFO:最終チェックのグリフ 'uni9BB9' に交差がある
INFO:最終チェックのグリフ 'uni9BC0' に交差がある
INFO:最終チェックのグリフ 'uni9BC6' に交差がある
INFO:最終チェックのグリフ 'uni9BCA' に交差がある
INFO:最終チェックのグリフ 'uni9BD1' に交差がある
INFO:最終チェックのグリフ 'uni9BD6' に交差がある
INFO:最終チェックのグリフ 'uni9BEB' に交差がある
INFO:最終チェックのグリフ 'uni9BEE' に交差がある
INFO:最終チェックのグリフ 'uni9BEF' に交差がある
INFO:最終チェックのグリフ 'uni9BF1' に交差がある
INFO:最終チェックのグリフ 'uni9BF3' に交差がある
INFO:最終チェックのグリフ 'uni9BF8' に交差がある
INFO:最終チェックのグリフ 'uni9BFD' に交差がある
INFO:最終チェックのグリフ 'uni9C00' に交差がある
INFO:最終チェックのグリフ 'uni9C06' に交差がある
INFO:最終チェックのグリフ 'uni9C0A' に交差がある
INFO:最終チェックのグリフ 'uni9C14' に交差がある
INFO:最終チェックのグリフ 'uni9C15' に交差がある
INFO:最終チェックのグリフ 'uni9C19' に交差がある
INFO:最終チェックのグリフ 'uni9C1B' に交差がある
INFO:最終チェックのグリフ 'uni9C25' に交差がある
INFO:最終チェックのグリフ 'uni9C29' に交差がある
INFO:最終チェックのグリフ 'uni9C2A' に交差がある
INFO:最終チェックのグリフ 'uni9C2E' に交差がある
INFO:最終チェックのグリフ 'uni9C30' に交差がある
INFO:最終チェックのグリフ 'uni9C31' に交差がある
INFO:最終チェックのグリフ 'uni9C36' に交差がある
INFO:最終チェックのグリフ 'uni9C37' に交差がある
INFO:最終チェックのグリフ 'uni9C3A' に交差がある
INFO:最終チェックのグリフ 'uni9C3B' に交差がある
INFO:最終チェックのグリフ 'uni9C41' に交差がある
INFO:最終チェックのグリフ 'uni9C45' に交差がある
INFO:最終チェックのグリフ 'uni9C49' に交差がある
INFO:最終チェックのグリフ 'uni9C4A' に交差がある
INFO:最終チェックのグリフ 'uni9C4F' に交差がある
INFO:最終チェックのグリフ 'uni9C60' に交差がある
INFO:最終チェックのグリフ 'uni9C63' に交差がある
INFO:最終チェックのグリフ 'uni9C69' に交差がある
INFO:最終チェックのグリフ 'uni9C6A' に交差がある
INFO:最終チェックのグリフ 'uni9C6B' に交差がある
INFO:最終チェックのグリフ 'uni9C6D' に交差がある
INFO:最終チェックのグリフ 'uni9C72' に交差がある
INFO:最終チェックのグリフ 'uni9C76' に交差がある
INFO:最終チェックのグリフ 'uni9C77' に交差がある
INFO:最終チェックのグリフ 'uni9CE6' に交差がある
INFO:最終チェックのグリフ 'uni9CF6' に交差がある
INFO:最終チェックのグリフ 'uni9D09' に交差がある
INFO:最終チェックのグリフ 'uni9D11' に交差がある
INFO:最終チェックのグリフ 'uni9D1B' に交差がある
INFO:最終チェックのグリフ 'uni9D1F' に交差がある
INFO:最終チェックのグリフ 'uni9D3B' に交差がある
INFO:最終チェックのグリフ 'uni9D3E' に交差がある
INFO:最終チェックのグリフ 'uni9D46' に交差がある
INFO:最終チェックのグリフ 'uni9D4A' に交差がある
INFO:最終チェックのグリフ 'uni9D50' に交差がある
INFO:最終チェックのグリフ 'uni9D5E' に交差がある
INFO:最終チェックのグリフ 'uni9D5F' に交差がある
INFO:最終チェックのグリフ 'uni9D61' に交差がある
INFO:最終チェックのグリフ 'uni9D63' に交差がある
INFO:最終チェックのグリフ 'uni9D6B' に交差がある
INFO:最終チェックのグリフ 'uni9D6C' に交差がある
INFO:最終チェックのグリフ 'uni9D76' に交差がある
INFO:最終チェックのグリフ 'uni9D87' に交差がある
INFO:最終チェックのグリフ 'uni9D89' に交差がある
INFO:最終チェックのグリフ 'uni9D8A' に交差がある
INFO:最終チェックのグリフ 'uni9D8F' に交差がある
INFO:最終チェックのグリフ 'uni9D96' に交差がある
INFO:最終チェックのグリフ 'uni9D99' に交差がある
INFO:最終チェックのグリフ 'uni9D9A' に交差がある
INFO:最終チェックのグリフ 'uni9DAC' に交差がある
INFO:最終チェックのグリフ 'uni9DAF' に交差がある
INFO:最終チェックのグリフ 'uni9DB4' に交差がある
INFO:最終チェックのグリフ 'uni9DB5' に交差がある
INFO:最終チェックのグリフ 'uni9DB8' に交差がある
INFO:最終チェックのグリフ 'uni9DBB' に交差がある
INFO:最終チェックのグリフ 'uni9DBC' に交差がある
INFO:最終チェックのグリフ 'uni9DBF' に交差がある
INFO:最終チェックのグリフ 'uni9DC1' に交差がある
INFO:最終チェックのグリフ 'uni9DC2' に交差がある
INFO:最終チェックのグリフ 'uni9DC3' に交差がある
INFO:最終チェックのグリフ 'uni9DC7' に交差がある
INFO:最終チェックのグリフ 'uni9DC9' に交差がある
INFO:最終チェックのグリフ 'uni9DCF' に交差がある
INFO:最終チェックのグリフ 'uni9DD3' に交差がある
INFO:最終チェックのグリフ 'uni9DDF' に交差がある
INFO:最終チェックのグリフ 'uni9DED' に交差がある
INFO:最終チェックのグリフ 'uni9DFA' に交差がある
INFO:最終チェックのグリフ 'uni9DFD' に交差がある
INFO:最終チェックのグリフ 'uni9E0A' に交差がある
INFO:最終チェックのグリフ 'uni9E0D' に交差がある
INFO:最終チェックのグリフ 'uni9E15' に交差がある
INFO:最終チェックのグリフ 'uni9E19' に交差がある
INFO:最終チェックのグリフ 'uni9E1A' に交差がある
INFO:最終チェックのグリフ 'uni9E1B' に交差がある
INFO:最終チェックのグリフ 'uni9E1D' に交差がある
INFO:最終チェックのグリフ 'uni9E1E' の参照が不正
INFO:最終チェックのグリフ 'uni9E78' に交差がある
INFO:最終チェックのグリフ 'uni9E79' に交差がある
INFO:最終チェックのグリフ 'uni9E7C' に交差がある
INFO:最終チェックのグリフ 'uni9E80' に交差がある
INFO:最終チェックのグリフ 'uni9E81' に交差がある
INFO:最終チェックのグリフ 'uni9E8C' に交差がある
INFO:最終チェックのグリフ 'uni9E92' に交差がある
INFO:最終チェックのグリフ 'uni9E93' に交差がある
INFO:最終チェックのグリフ 'uni9E97' に交差がある
INFO:最終チェックのグリフ 'uni9E9E' に交差がある
INFO:最終チェックのグリフ 'uni9E9F' に交差がある
INFO:最終チェックのグリフ 'uni9EA4' に交差がある
INFO:最終チェックのグリフ 'uni9EA9' に交差がある
INFO:最終チェックのグリフ 'uni9EAA' に交差がある
INFO:最終チェックのグリフ 'uni9EAD' に交差がある
INFO:最終チェックのグリフ 'uni9EB4' に交差がある
INFO:最終チェックのグリフ 'uni9EBB' に交差がある
INFO:最終チェックのグリフ 'uni9EBC' に交差がある
INFO:最終チェックのグリフ 'uni9EBE' に交差がある
INFO:最終チェックのグリフ 'uni9EC3' に交差がある
INFO:最終チェックのグリフ 'uni9ED0' に交差がある
INFO:最終チェックのグリフ 'uni9ED8' に交差がある
INFO:最終チェックのグリフ 'uni9EE5' に交差がある
INFO:最終チェックのグリフ 'uni9EE8' に交差がある
INFO:最終チェックのグリフ 'uni9EEE' に交差がある
INFO:最終チェックのグリフ 'uni9EEF' の参照が不正
INFO:最終チェックのグリフ 'uni9EF4' に交差がある
INFO:最終チェックのグリフ 'uni9EFB' に交差がある
INFO:最終チェックのグリフ 'uni9EFC' に交差がある
INFO:最終チェックのグリフ 'uni9F08' に交差がある
INFO:最終チェックのグリフ 'uni9F53' に交差がある
INFO:最終チェックのグリフ 'uni9F55' に交差がある
INFO:最終チェックのグリフ 'uni9F5F' に交差がある
INFO:最終チェックのグリフ 'uni9F62' に交差がある
INFO:最終チェックのグリフ 'uni9F63' に交差がある
INFO:最終チェックのグリフ 'uni9F6A' に交差がある
INFO:最終チェックのグリフ 'uni9F8D' に交差がある
INFO:最終チェックのグリフ 'uni9F9D' に交差がある
INFO:最終チェックのグリフ 'uni9FA0' に交差がある
INFO:最終チェックのグリフ 'uni9FA2' に交差がある
INFO:最終チェックのグリフ 'uniF91D' に交差がある
INFO:最終チェックのグリフ 'uniF928' に交差がある
INFO:最終チェックのグリフ 'uniF9D0' に交差がある
INFO:最終チェックのグリフ 'uniFA10' に交差がある
INFO:最終チェックのグリフ 'uniFA11' に交差がある
INFO:最終チェックのグリフ 'uniFA12' に交差がある
INFO:最終チェックのグリフ 'uniFA17' に交差がある
INFO:最終チェックのグリフ 'uniFA18' に交差がある
INFO:最終チェックのグリフ 'uniFA1C' に交差がある
INFO:最終チェックのグリフ 'uniFA1D' に交差がある
INFO:最終チェックのグリフ 'uniFA20' に交差がある
INFO:最終チェックのグリフ 'uniFA2D' に交差がある
INFO:最終チェックのグリフ 'uniFA33' に交差がある
INFO:最終チェックのグリフ 'uniFA36' に交差がある
INFO:最終チェックのグリフ 'uniFA3B' に交差がある
INFO:最終チェックのグリフ 'uniFA3E' に交差がある
INFO:最終チェックのグリフ 'uniFA4A' に交差がある
INFO:最終チェックのグリフ 'uniFA4B' に交差がある
INFO:最終チェックのグリフ 'uniFA4C' に交差がある
INFO:最終チェックのグリフ 'uniFA4D' に交差がある
INFO:最終チェックのグリフ 'uniFA50' に交差がある
INFO:最終チェックのグリフ 'uniFA58' に交差がある
INFO:最終チェックのグリフ 'uniFA5B' に交差がある
INFO:最終チェックのグリフ 'uniFA5F' に交差がある
INFO:最終チェックのグリフ 'uniFA61' に交差がある
INFO:最終チェックのグリフ 'uniFA64' に交差がある
INFO:最終チェックのグリフ 'uniFA69' に交差がある
INFO:最終チェックのグリフ 'uniFB01' に交差がある
INFO:最終チェックのグリフ 'uniFF05' に交差がある
INFO:最終チェックのグリフ 'uniFF14' に交差がある
INFO:最終チェックのグリフ 'uniFF1C' に交差がある
INFO:最終チェックのグリフ 'uniFF21' に交差がある
INFO:最終チェックのグリフ 'uniFF28' に交差がある
INFO:最終チェックのグリフ 'uniFF2B' に交差がある
INFO:最終チェックのグリフ 'uniFF2D' に交差がある
INFO:最終チェックのグリフ 'uniFF31' に交差がある
INFO:最終チェックのグリフ 'uniFF34' に交差がある
INFO:最終チェックのグリフ 'uniFF38' に交差がある
INFO:最終チェックのグリフ 'uniFF39' に交差がある
INFO:最終チェックのグリフ 'uniFF3C' に交差がある
INFO:最終チェックのグリフ 'uniFF44' に交差がある
INFO:最終チェックのグリフ 'uniFF48' に交差がある
INFO:最終チェックのグリフ 'uniFF4B' に交差がある
INFO:最終チェックのグリフ 'uniFF4D' に交差がある
INFO:最終チェックのグリフ 'uniFF4E' に交差がある
INFO:最終チェックのグリフ 'uniFF55' に交差がある
INFO:最終チェックのグリフ 'uniFF58' に交差がある
INFO:最終チェックのグリフ 'uniFF91' に交差がある
INFO:最終チェックのグリフ 'u205D6' に交差がある
INFO:最終チェックのグリフ 'u20D45' に交差がある
INFO:最終チェックのグリフ 'u20E64' に交差がある
INFO:最終チェックのグリフ 'u20F5F' に交差がある
INFO:最終チェックのグリフ 'u2123D' に交差がある
INFO:最終チェックのグリフ 'u21255' に交差がある
INFO:最終チェックのグリフ 'u212E4' に交差がある
INFO:最終チェックのグリフ 'u21336' に交差がある
INFO:最終チェックのグリフ 'u21742' に交差がある
INFO:最終チェックのグリフ 'u21D2D' に交差がある
INFO:最終チェックのグリフ 'u21D92' に交差がある
INFO:最終チェックのグリフ 'u21E33' に交差がある
INFO:最終チェックのグリフ 'u21F76' に交差がある
INFO:最終チェックのグリフ 'u2285B' に交差がある
INFO:最終チェックのグリフ 'u228AB' に交差がある
INFO:最終チェックのグリフ 'u22C1D' に交差がある
INFO:最終チェックのグリフ 'u231B6' に交差がある
INFO:最終チェックのグリフ 'u23372' に交差がある
INFO:最終チェックのグリフ 'u2344B' に交差がある
INFO:最終チェックのグリフ 'u235C4' に交差がある
INFO:最終チェックのグリフ 'u2370C' に交差がある
INFO:最終チェックのグリフ 'u2373F' に交差がある
INFO:最終チェックのグリフ 'u23D00' に交差がある
INFO:最終チェックのグリフ 'u23D40' に交差がある
INFO:最終チェックのグリフ 'u24096' に交差がある
INFO:最終チェックのグリフ 'u24B56' に交差がある
INFO:最終チェックのグリフ 'u24B6F' に交差がある
INFO:最終チェックのグリフ 'u24C16' に交差がある
INFO:最終チェックのグリフ 'u2504A' に交差がある
INFO:最終チェックのグリフ 'u25055' に交差がある
INFO:最終チェックのグリフ 'u25122' に交差がある
INFO:最終チェックのグリフ 'u2550E' の参照が不正
INFO:最終チェックのグリフ 'u25AE3' に交差がある
INFO:最終チェックのグリフ 'u25AE4' に交差がある
INFO:最終チェックのグリフ 'u25C64' に交差がある
INFO:最終チェックのグリフ 'u25E62' に交差がある
INFO:最終チェックのグリフ 'u25F23' に交差がある
INFO:最終チェックのグリフ 'u25F5C' に交差がある
INFO:最終チェックのグリフ 'u25FFB' に交差がある
INFO:最終チェックのグリフ 'u260ED' に交差がある
INFO:最終チェックのグリフ 'u26270' に交差がある
INFO:最終チェックのグリフ 'u26402' に交差がある
INFO:最終チェックのグリフ 'u268EA' に交差がある
INFO:最終チェックのグリフ 'u26A58' に交差がある
INFO:最終チェックのグリフ 'u26A8C' に交差がある
INFO:最終チェックのグリフ 'u26C73' に交差がある
INFO:最終チェックのグリフ 'u26E65' に交差がある
INFO:最終チェックのグリフ 'u26F94' に交差がある
INFO:最終チェックのグリフ 'u26FF7' に交差がある
INFO:最終チェックのグリフ 'u2710D' に交差がある
INFO:最終チェックのグリフ 'u27615' に交差がある
INFO:最終チェックのグリフ 'u27723' に交差がある
INFO:最終チェックのグリフ 'u27752' に交差がある
INFO:最終チェックのグリフ 'u27985' に交差がある
INFO:最終チェックのグリフ 'u27FB7' に交差がある
INFO:最終チェックのグリフ 'u28282' に交差がある
INFO:最終チェックのグリフ 'u282F3' に交差がある
INFO:最終チェックのグリフ 'u28946' に交差がある
INFO:最終チェックのグリフ 'u28BC1' に交差がある
INFO:最終チェックのグリフ 'u28BEF' に交差がある
INFO:最終チェックのグリフ 'u28D71' に交差がある
INFO:最終チェックのグリフ 'u28DFB' に交差がある
INFO:最終チェックのグリフ 'u28EF6' に交差がある
INFO:最終チェックのグリフ 'u292A0' に交差がある
INFO:最終チェックのグリフ 'u295CF' に交差がある
INFO:最終チェックのグリフ 'u296F0' に交差がある
INFO:最終チェックのグリフ 'u29719' に交差がある
INFO:最終チェックのグリフ 'u29A72' に交差がある
INFO:最終チェックのグリフ 'u29E8A' に交差がある
INFO:最終チェックのグリフ 'u29EE9' に交差がある
INFO:最終チェックのグリフ 'u29FCE' に交差がある
INFO:最終チェックのグリフ 'u2A01A' に交差がある
INFO:最終チェックのグリフ 'u2A5F1' に交差がある
INFO:最終チェックのグリフ 'u2A6B2' に交差がある
INFO:最終チェックのグリフ 'u2F920' に交差がある
INFO:最終チェックのグリフ 'multiply.vert' に交差がある
INFO:最終チェックのグリフ 'uni3336.aalt' に交差がある
INFO:最終チェックのグリフ 'uni3323.vert' に交差がある
INFO:最終チェックのグリフ 'uni337C.aalt' に交差がある
INFO:最終チェックのグリフ 'uni3048.aalt' に交差がある
INFO:最終チェックのグリフ 'uni308E.aalt' に交差がある
INFO:最終チェックのグリフ 'uni30DA.aalt' に交差がある
INFO:最終チェックのグリフ 'uni31F0.aalt' に交差がある
INFO:最終チェックのグリフ 'uni30AB_uni309A.ccmp' に交差がある
INFO:最終チェックのグリフ 'uni6EA2.aalt' に交差がある
INFO:最終チェックのグリフ 'uni8328.aalt' に交差がある
INFO:最終チェックのグリフ 'uni53A9.jp90' に交差がある
INFO:最終チェックのグリフ 'uni8956.aalt' に交差がある
INFO:最終チェックのグリフ 'uni845B.aalt' に交差がある
INFO:最終チェックのグリフ 'uni9784.aalt' に交差がある
INFO:最終チェックのグリフ 'uni7FEB.aalt' に交差がある
INFO:最終チェックのグリフ 'uni7947.aalt' に交差がある
INFO:最終チェックのグリフ 'uni9957.aalt' に交差がある
INFO:最終チェックのグリフ 'uni6372.aalt' に交差がある
INFO:最終チェックのグリフ 'uni9D60.aalt' に交差がある
INFO:最終チェックのグリフ 'uni9BD6.aalt' に交差がある
INFO:最終チェックのグリフ 'uni9306.aalt' に交差がある
INFO:最終チェックのグリフ 'uni9BAB.aalt' に交差がある
INFO:最終チェックのグリフ 'uni6753.jp83' に交差がある
INFO:最終チェックのグリフ 'uni914B.aalt' に交差がある
INFO:最終チェックのグリフ 'uni696F.aalt' に交差がある
INFO:最終チェックのグリフ 'uni8755.aalt' に交差がある
INFO:最終チェックのグリフ 'uni64B0.aalt' に交差がある
INFO:最終チェックのグリフ 'uni7A7F.aalt' に交差がある
INFO:最終チェックのグリフ 'uni8A6E.aalt' に交差がある
INFO:最終チェックのグリフ 'uni86F8.aalt' に交差がある
INFO:最終チェックのグリフ 'uni6B4E.aalt' に交差がある
INFO:最終チェックのグリフ 'uni8A3B.jp83' に交差がある
INFO:最終チェックのグリフ 'uni7026.jp83' に交差がある
INFO:最終チェックのグリフ 'uni69CC.aalt' に交差がある
INFO:最終チェックのグリフ 'uni5C60.aalt' に交差がある
INFO:最終チェックのグリフ 'uni8CED.aalt' に交差がある
INFO:最終チェックのグリフ 'uni701E.aalt' に交差がある
INFO:最終チェックのグリフ 'uni79B0.jp83' に交差がある
INFO:最終チェックのグリフ 'uni8AB9.aalt' に交差がある
INFO:最終チェックのグリフ 'uni5EDF.aalt' に交差がある
INFO:最終チェックのグリフ 'uni853D.aalt' に交差がある
INFO:最終チェックのグリフ 'uni77A5.aalt' に交差がある
INFO:最終チェックのグリフ 'uni5A29.aalt' に交差がある
INFO:最終チェックのグリフ 'uni9C52.aalt' に交差がある
INFO:最終チェックのグリフ 'uni7337.jp83' に交差がある
INFO:最終チェックのグリフ 'uni7149.aalt' に交差がある
INFO:最終チェックのグリフ 'uni51A4.jp83' に交差がある
INFO:最終チェックのグリフ 'uni53DF.aalt' に交差がある
INFO:最終チェックのグリフ 'uni75BC.aalt' に交差がある
INFO:最終チェックのグリフ 'uni7AC8.expt' に交差がある
INFO:最終チェックのグリフ 'uni7B75.aalt' に交差がある
INFO:最終チェックのグリフ 'uni8258.aalt' に交差がある
INFO:最終チェックのグリフ 'uni9771.expt' に交差がある
INFO:最終チェックのグリフ 'uni62D0.aalt' に交差がある
INFO:最終チェックのグリフ 'uni901D.aalt' に交差がある
INFO:最終チェックのグリフ 'uni717D.jp78' に交差がある
INFO:最終チェックのグリフ 'uni75E9.expt' に交差がある
INFO:最終チェックのグリフ 'uni5544.aalt' に交差がある
INFO:最終チェックのグリフ 'uni68DA.aalt' に交差がある
INFO:最終チェックのグリフ 'uni9C48.aalt' に交差がある
INFO:最終チェックのグリフ 'uni51CB.aalt' に交差がある
INFO:最終チェックのグリフ 'uni9D07.aalt' に交差がある
INFO:最終チェックのグリフ 'uni7337.expt' に交差がある
INFO:最終チェックのグリフ 'uni55E4.aalt' に交差がある
INFO:最終チェックのグリフ 'uni5E64.jp78' に交差がある
INFO:最終チェックのグリフ 'uni6369.aalt' に交差がある
INFO:最終チェックのグリフ 'uni6583.aalt' に交差がある
INFO:最終チェックのグリフ 'uni7515.jp78' に交差がある
INFO:最終チェックのグリフ 'uni787C.aalt' に交差がある
INFO:最終チェックのグリフ 'uni9F9D.expt' に交差がある
INFO:最終チェックのグリフ 'uni7B99.aalt' に交差がある
INFO:最終チェックのグリフ 'uni7FD4.aalt' に交差がある
INFO:最終チェックのグリフ 'uni8517.aalt' に交差がある
INFO:最終チェックのグリフ 'uni87D2.jp78' に交差がある
INFO:最終チェックのグリフ 'uni890A.aalt' に交差がある
INFO:最終チェックのグリフ 'uni8ADE.aalt' に交差がある
INFO:最終チェックのグリフ 'uni8E09.aalt' に交差がある
INFO:最終チェックのグリフ 'uni91C1.aalt' に交差がある
INFO:最終チェックのグリフ 'uni9B2E.expt' に交差がある
INFO:最終チェックのグリフ 'uni9BF2.aalt' に交差がある
INFO:最終チェックのグリフ 'uni9EAA.expt' に交差がある
INFO:最終チェックのグリフ 'uni7C3E.expt' に交差がある
INFO:最終チェックのグリフ 'uni6C08.expt' に交差がある
INFO:最終チェックのグリフ 'uni6E23.aalt' に交差がある
INFO:最終チェックのグリフ 'uni8422.aalt' に交差がある
INFO:最終チェックのグリフ 'glyph12020' に交差がある
INFO:最終チェックのグリフ 'glyph12027' に交差がある
INFO:最終チェックのグリフ 'uni9755.aalt' に交差がある
INFO:最終チェックのグリフ 'uni03BC.aalt' に交差がある
INFO:最終チェックのグリフ 'glyph12075' に交差がある
INFO:最終チェックのグリフ 'glyph12104' に交差がある
INFO:最終チェックのグリフ 'onehalf.fwid' に交差がある
INFO:最終チェックのグリフ 'onequarter.fwid' に交差がある
INFO:最終チェックのグリフ 'glyph12247' に交差がある
INFO:最終チェックのグリフ 'glyph12252' に交差がある
INFO:最終チェックのグリフ 'glyph12270' に交差がある
INFO:最終チェックのグリフ 'uni8CA1_uni56E3_uni6CD5_uni4EBA.dlig' に交差がある
INFO:最終チェックのグリフ 'uni337F.vert' に交差がある
INFO:最終チェックのグリフ 'glyph12282' に交差がある
INFO:最終チェックのグリフ 'uni3305.vert' に交差がある
INFO:最終チェックのグリフ 'uni0302.vert' に交差がある
INFO:最終チェックのグリフ 'Ecircumflex.aalt' に交差がある
INFO:最終チェックのグリフ 'ecircumflex.aalt' に交差がある
INFO:最終チェックのグリフ 'icircumflex.aalt' に交差がある
INFO:最終チェックのグリフ 'ocircumflex.aalt' に交差がある
INFO:最終チェックのグリフ 'ucircumflex.aalt' に交差がある
INFO:最終チェックのグリフ 'uniFF76.vert' に交差がある
INFO:最終チェックのグリフ 'G.vert' に交差がある
INFO:最終チェックのグリフ 'asciicircum.vert' に交差がある
INFO:最終チェックのグリフ 'uniFF31.vert' に交差がある
INFO:最終チェックのグリフ 'uniFF5A.vert' に交差がある
