INFO:最終チェックのグリフ 'six' に交差がある
INFO:最終チェックのグリフ 'J' に交差がある
INFO:最終チェックのグリフ 'backslash' に交差がある
INFO:最終チェックのグリフ 's' に交差がある
INFO:最終チェックのグリフ 'Ccedilla' に交差がある
INFO:最終チェックのグリフ 'ccedilla' に交差がある
INFO:最終チェックのグリフ 'itilde' に交差がある
INFO:最終チェックのグリフ 'uni013C' に交差がある
INFO:最終チェックのグリフ 'sacute' に交差がある
INFO:最終チェックのグリフ 'scircumflex' に交差がある
INFO:最終チェックのグリフ 'scaron' に交差がある
INFO:最終チェックのグリフ 'uni0163' に交差がある
INFO:最終チェックのグリフ 'uogonek' に交差がある
INFO:最終チェックのグリフ 'uni026D' に交差がある
INFO:最終チェックのグリフ 'uni0273' に交差がある
INFO:最終チェックのグリフ 'uni0290' に交差がある
INFO:最終チェックのグリフ 'uni0318' に交差がある
INFO:最終チェックのグリフ 'uni0319' に交差がある
INFO:最終チェックのグリフ 'xi' に交差がある
INFO:最終チェックのグリフ 'uni203B' に交差がある
INFO:最終チェックのグリフ 'uni2042' に交差がある
INFO:最終チェックのグリフ 'uni2051' に交差がある
INFO:最終チェックのグリフ 'uni216B' に交差がある
INFO:最終チェックのグリフ 'uni2196' に交差がある
INFO:最終チェックのグリフ 'uni2197' に交差がある
INFO:最終チェックのグリフ 'uni2198' に交差がある
INFO:最終チェックのグリフ 'uni23A9' に交差がある
INFO:最終チェックのグリフ 'uni248D' に交差がある
INFO:最終チェックのグリフ 'uni24F2' に交差がある
INFO:最終チェックのグリフ 'uni2602' に交差がある
INFO:最終チェックのグリフ 'uni261F' に交差がある
INFO:最終チェックのグリフ 'uni2662' に交差がある
INFO:最終チェックのグリフ 'diamond' に交差がある
INFO:最終チェックのグリフ 'uni27A1' に交差がある
INFO:最終チェックのグリフ 'uni2B05' に交差がある
INFO:最終チェックのグリフ 'uni3005' に交差がある
INFO:最終チェックのグリフ 'uni3020' に交差がある
INFO:最終チェックのグリフ 'uni3036' に交差がある
INFO:最終チェックのグリフ 'uni306F' に交差がある
INFO:最終チェックのグリフ 'uni3079' に交差がある
INFO:最終チェックのグリフ 'uni307E' に交差がある
INFO:最終チェックのグリフ 'uni3090' に交差がある
INFO:最終チェックのグリフ 'uni30D1' に交差がある
INFO:最終チェックのグリフ 'uni30DE' に交差がある
INFO:最終チェックのグリフ 'uni30E0' に交差がある
INFO:最終チェックのグリフ 'uni31F4' に交差がある
INFO:最終チェックのグリフ 'uni3231' に交差がある
INFO:最終チェックのグリフ 'uni3232' に交差がある
INFO:最終チェックのグリフ 'uni323F' に交差がある
INFO:最終チェックのグリフ 'uni3240' に交差がある
INFO:最終チェックのグリフ 'uni3256' に交差がある
INFO:最終チェックのグリフ 'uni3259' に交差がある
INFO:最終チェックのグリフ 'uni3299' に交差がある
INFO:最終チェックのグリフ 'uni329D' に交差がある
INFO:最終チェックのグリフ 'uni32B9' に交差がある
INFO:最終チェックのグリフ 'uni3318' に交差がある
INFO:最終チェックのグリフ 'uni332B' に交差がある
INFO:最終チェックのグリフ 'uni337D' に交差がある
INFO:最終チェックのグリフ 'uni338E' に交差がある
INFO:最終チェックのグリフ 'uni33CD' に交差がある
INFO:最終チェックのグリフ 'uni3492' の参照が不正
INFO:最終チェックのグリフ 'uni34B5' に交差がある
INFO:最終チェックのグリフ 'uni35A8' に交差がある
INFO:最終チェックのグリフ 'uni35C5' に交差がある
INFO:最終チェックのグリフ 'uni35F4' に交差がある
INFO:最終チェックのグリフ 'uni36CF' に交差がある
INFO:最終チェックのグリフ 'uni3762' に交差がある
INFO:最終チェックのグリフ 'uni376B' に交差がある
INFO:最終チェックのグリフ 'uni3775' に交差がある
INFO:最終チェックのグリフ 'uni37E8' に交差がある
INFO:最終チェックのグリフ 'uni37F4' に交差がある
INFO:最終チェックのグリフ 'uni3917' に交差がある
INFO:最終チェックのグリフ 'uni391A' に交差がある
INFO:最終チェックのグリフ 'uni3B1A' に交差がある
INFO:最終チェックのグリフ 'uni3B87' に交差がある
INFO:最終チェックのグリフ 'uni3BB6' に交差がある
INFO:最終チェックのグリフ 'uni3BC3' に交差がある
INFO:最終チェックのグリフ 'uni3BCD' に交差がある
INFO:最終チェックのグリフ 'uni3E94' に交差がある
INFO:最終チェックのグリフ 'uni3F77' に交差がある
INFO:最終チェックのグリフ 'uni4302' に交差がある
INFO:最終チェックのグリフ 'uni432B' に交差がある
INFO:最終チェックのグリフ 'uni43F0' に交差がある
INFO:最終チェックのグリフ 'uni445B' に交差がある
INFO:最終チェックのグリフ 'uni4525' に交差がある
INFO:最終チェックのグリフ 'uni45B8' に交差がある
INFO:最終チェックのグリフ 'uni45E5' に交差がある
INFO:最終チェックのグリフ 'uni460F' に交差がある
INFO:最終チェックのグリフ 'uni46A1' に交差がある
INFO:最終チェックのグリフ 'uni470C' に交差がある
INFO:最終チェックのグリフ 'uni4D07' に交差がある
INFO:最終チェックのグリフ 'uni4E39' に交差がある
INFO:最終チェックのグリフ 'uni4E82' に交差がある
INFO:最終チェックのグリフ 'uni4ECD' に交差がある
INFO:最終チェックのグリフ 'uni4EE3' に交差がある
INFO:最終チェックのグリフ 'uni4EFF' に交差がある
INFO:最終チェックのグリフ 'uni4F0B' に交差がある
INFO:最終チェックのグリフ 'uni4F0F' に交差がある
INFO:最終チェックのグリフ 'uni4F48' に交差がある
INFO:最終チェックのグリフ 'uni4F4E' に交差がある
INFO:最終チェックのグリフ 'uni4F5D' の参照が不正
INFO:最終チェックのグリフ 'uni4F69' に交差がある
INFO:最終チェックのグリフ 'uni4FB5' に交差がある
INFO:最終チェックのグリフ 'uni4FC4' に交差がある
INFO:最終チェックのグリフ 'uni4FC5' に交差がある
INFO:最終チェックのグリフ 'uni4FDD' に交差がある
INFO:最終チェックのグリフ 'uni4FF3' に交差がある
INFO:最終チェックのグリフ 'uni5001' に交差がある
INFO:最終チェックのグリフ 'uni5072' に交差がある
INFO:最終チェックのグリフ 'uni5080' の参照が不正
INFO:最終チェックのグリフ 'uni5092' に交差がある
INFO:最終チェックのグリフ 'uni5093' に交差がある
INFO:最終チェックのグリフ 'uni50AA' に交差がある
INFO:最終チェックのグリフ 'uni50B1' に交差がある
INFO:最終チェックのグリフ 'uni50BE' の参照が不正
INFO:最終チェックのグリフ 'uni50DE' に交差がある
INFO:最終チェックのグリフ 'uni50E6' に交差がある
INFO:最終チェックのグリフ 'uni50EE' に交差がある
INFO:最終チェックのグリフ 'uni50F4' に交差がある
INFO:最終チェックのグリフ 'uni5101' に交差がある
INFO:最終チェックのグリフ 'uni511B' に交差がある
INFO:最終チェックのグリフ 'uni512A' に交差がある
INFO:最終チェックのグリフ 'uni5137' に交差がある
INFO:最終チェックのグリフ 'uni513B' に交差がある
INFO:最終チェックのグリフ 'uni5143' に交差がある
INFO:最終チェックのグリフ 'uni5164' に交差がある
INFO:最終チェックのグリフ 'uni518C' に交差がある
INFO:最終チェックのグリフ 'uni51A3' に交差がある
INFO:最終チェックのグリフ 'uni51A9' に交差がある
INFO:最終チェックのグリフ 'uni51EE' に交差がある
INFO:最終チェックのグリフ 'uni51F4' の参照が不正
INFO:最終チェックのグリフ 'uni5236' に交差がある
INFO:最終チェックのグリフ 'uni5244' に交差がある
INFO:最終チェックのグリフ 'uni5249' に交差がある
INFO:最終チェックのグリフ 'uni524F' に交差がある
INFO:最終チェックのグリフ 'uni5265' に交差がある
INFO:最終チェックのグリフ 'uni5270' に交差がある
INFO:最終チェックのグリフ 'uni5271' に交差がある
INFO:最終チェックのグリフ 'uni5287' に交差がある
INFO:最終チェックのグリフ 'uni528D' に交差がある
INFO:最終チェックのグリフ 'uni5292' に交差がある
INFO:最終チェックのグリフ 'uni5293' に交差がある
INFO:最終チェックのグリフ 'uni5294' に交差がある
INFO:最終チェックのグリフ 'uni52A3' に交差がある
INFO:最終チェックのグリフ 'uni52B1' に交差がある
INFO:最終チェックのグリフ 'uni52C0' に交差がある
INFO:最終チェックのグリフ 'uni52C3' に交差がある
INFO:最終チェックのグリフ 'uni52CC' に交差がある
INFO:最終チェックのグリフ 'uni52D6' に交差がある
INFO:最終チェックのグリフ 'uni52E6' に交差がある
INFO:最終チェックのグリフ 'uni52E7' に交差がある
INFO:最終チェックのグリフ 'uni52F0' に交差がある
INFO:最終チェックのグリフ 'uni52F3' に交差がある
INFO:最終チェックのグリフ 'uni52F5' に交差がある
INFO:最終チェックのグリフ 'uni530D' に交差がある
INFO:最終チェックのグリフ 'uni533E' に交差がある
INFO:最終チェックのグリフ 'uni5373' に交差がある
INFO:最終チェックのグリフ 'uni5375' に交差がある
INFO:最終チェックのグリフ 'uni53A4' に交差がある
INFO:最終チェックのグリフ 'uni53B0' に交差がある
INFO:最終チェックのグリフ 'uni53B2' に交差がある
INFO:最終チェックのグリフ 'uni53B3' に交差がある
INFO:最終チェックのグリフ 'uni53C0' に交差がある
INFO:最終チェックのグリフ 'uni53C3' に交差がある
INFO:最終チェックのグリフ 'uni540A' に交差がある
INFO:最終チェックのグリフ 'uni5412' に交差がある
INFO:最終チェックのグリフ 'uni541D' の参照が不正
INFO:最終チェックのグリフ 'uni5429' に交差がある
INFO:最終チェックのグリフ 'uni5446' に交差がある
INFO:最終チェックのグリフ 'uni545F' に交差がある
INFO:最終チェックのグリフ 'uni5466' に交差がある
INFO:最終チェックのグリフ 'uni5473' に交差がある
INFO:最終チェックのグリフ 'uni547F' に交差がある
INFO:最終チェックのグリフ 'uni54C9' に交差がある
INFO:最終チェックのグリフ 'uni550F' に交差がある
INFO:最終チェックのグリフ 'uni5538' に交差がある
INFO:最終チェックのグリフ 'uni5539' に交差がある
INFO:最終チェックのグリフ 'uni5544' に交差がある
INFO:最終チェックのグリフ 'uni555D' に交差がある
INFO:最終チェックのグリフ 'uni557C' に交差がある
INFO:最終チェックのグリフ 'uni558A' に交差がある
INFO:最終チェックのグリフ 'uni558E' に交差がある
INFO:最終チェックのグリフ 'uni5598' に交差がある
INFO:最終チェックのグリフ 'uni5599' に交差がある
INFO:最終チェックのグリフ 'uni55CC' に交差がある
INFO:最終チェックのグリフ 'uni55CE' に交差がある
INFO:最終チェックのグリフ 'uni55D1' に交差がある
INFO:最終チェックのグリフ 'uni55FE' に交差がある
INFO:最終チェックのグリフ 'uni5610' に交差がある
INFO:最終チェックのグリフ 'uni561B' に交差がある
INFO:最終チェックのグリフ 'uni5631' に交差がある
INFO:最終チェックのグリフ 'uni5647' に交差がある
INFO:最終チェックのグリフ 'uni564E' に交差がある
INFO:最終チェックのグリフ 'uni5687' に交差がある
INFO:最終チェックのグリフ 'uni56A0' に交差がある
INFO:最終チェックのグリフ 'uni56A8' に交差がある
INFO:最終チェックのグリフ 'uni56AC' に交差がある
INFO:最終チェックのグリフ 'uni56BC' に交差がある
INFO:最終チェックのグリフ 'uni56C9' に交差がある
INFO:最終チェックのグリフ 'uni56CA' に交差がある
INFO:最終チェックのグリフ 'uni56D3' に交差がある
INFO:最終チェックのグリフ 'uni56E0' に交差がある
INFO:最終チェックのグリフ 'uni5775' に交差がある
INFO:最終チェックのグリフ 'uni5777' の参照が不正
INFO:最終チェックのグリフ 'uni577B' に交差がある
INFO:最終チェックのグリフ 'uni5793' に交差がある
INFO:最終チェックのグリフ 'uni57D2' に交差がある
INFO:最終チェックのグリフ 'uni57DE' に交差がある
INFO:最終チェックのグリフ 'uni57F5' に交差がある
INFO:最終チェックのグリフ 'uni57F6' に交差がある
INFO:最終チェックのグリフ 'uni581D' に交差がある
INFO:最終チェックのグリフ 'uni5832' に交差がある
INFO:最終チェックのグリフ 'uni584C' に交差がある
INFO:最終チェックのグリフ 'uni585A' に交差がある
INFO:最終チェックのグリフ 'uni589F' に交差がある
INFO:最終チェックのグリフ 'uni58B1' に交差がある
INFO:最終チェックのグリフ 'uni58B9' に交差がある
INFO:最終チェックのグリフ 'uni58CD' に交差がある
INFO:最終チェックのグリフ 'uni58D3' に交差がある
INFO:最終チェックのグリフ 'uni58D4' に交差がある
INFO:最終チェックのグリフ 'uni58FA' に交差がある
INFO:最終チェックのグリフ 'uni590B' に交差がある
INFO:最終チェックのグリフ 'uni590F' に交差がある
INFO:最終チェックのグリフ 'uni5910' に交差がある
INFO:最終チェックのグリフ 'uni5947' に交差がある
INFO:最終チェックのグリフ 'uni5963' に交差がある
INFO:最終チェックのグリフ 'uni596A' に交差がある
INFO:最終チェックのグリフ 'uni5974' に交差がある
INFO:最終チェックのグリフ 'uni5981' に交差がある
INFO:最終チェックのグリフ 'uni59B9' に交差がある
INFO:最終チェックのグリフ 'uni59C8' に交差がある
INFO:最終チェックのグリフ 'uni59D0' に交差がある
INFO:最終チェックのグリフ 'uni59D3' に交差がある
INFO:最終チェックのグリフ 'uni59D9' に交差がある
INFO:最終チェックのグリフ 'uni59DD' に交差がある
INFO:最終チェックのグリフ 'uni59DE' に交差がある
INFO:最終チェックのグリフ 'uni5A17' に交差がある
INFO:最終チェックのグリフ 'uni5A1C' に交差がある
INFO:最終チェックのグリフ 'uni5A27' に交差がある
INFO:最終チェックのグリフ 'uni5A49' に交差がある
INFO:最終チェックのグリフ 'uni5A5A' に交差がある
INFO:最終チェックのグリフ 'uni5A62' に交差がある
INFO:最終チェックのグリフ 'uni5A6D' に交差がある
INFO:最終チェックのグリフ 'uni5A92' に交差がある
INFO:最終チェックのグリフ 'uni5AA0' に交差がある
INFO:最終チェックのグリフ 'uni5ABA' に交差がある
INFO:最終チェックのグリフ 'uni5ABE' に交差がある
INFO:最終チェックのグリフ 'uni5AC1' に交差がある
INFO:最終チェックのグリフ 'uni5AD6' の参照が不正
INFO:最終チェックのグリフ 'uni5AE3' に交差がある
INFO:最終チェックのグリフ 'uni5AE6' に交差がある
INFO:最終チェックのグリフ 'uni5B00' に交差がある
INFO:最終チェックのグリフ 'uni5B08' に交差がある
INFO:最終チェックのグリフ 'uni5B0B' に交差がある
INFO:最終チェックのグリフ 'uni5B2D' に交差がある
INFO:最終チェックのグリフ 'uni5B45' に交差がある
INFO:最終チェックのグリフ 'uni5BC3' に交差がある
INFO:最終チェックのグリフ 'uni5BD0' に交差がある
INFO:最終チェックのグリフ 'uni5BD3' に交差がある
INFO:最終チェックのグリフ 'uni5BE5' に交差がある
INFO:最終チェックのグリフ 'uni5BEB' に交差がある
INFO:最終チェックのグリフ 'uni5C07' に交差がある
INFO:最終チェックのグリフ 'uni5C09' に交差がある
INFO:最終チェックのグリフ 'uni5C31' に交差がある
INFO:最終チェックのグリフ 'uni5C5E' に交差がある
INFO:最終チェックのグリフ 'uni5CB5' に交差がある
INFO:最終チェックのグリフ 'uni5CBB' に交差がある
INFO:最終チェックのグリフ 'uni5CFB' に交差がある
INFO:最終チェックのグリフ 'uni5D26' に交差がある
INFO:最終チェックのグリフ 'uni5D39' に交差がある
INFO:最終チェックのグリフ 'uni5D4C' に交差がある
INFO:最終チェックのグリフ 'uni5D6F' に交差がある
INFO:最終チェックのグリフ 'uni5D70' に交差がある
INFO:最終チェックのグリフ 'uni5D8B' に交差がある
INFO:最終チェックのグリフ 'uni5D8C' に交差がある
INFO:最終チェックのグリフ 'uni5D90' に交差がある
INFO:最終チェックのグリフ 'uni5D99' に交差がある
INFO:最終チェックのグリフ 'uni5DAC' の参照が不正
INFO:最終チェックのグリフ 'uni5DAE' に交差がある
INFO:最終チェックのグリフ 'uni5DB7' に交差がある
INFO:最終チェックのグリフ 'uni5DB9' に交差がある
INFO:最終チェックのグリフ 'uni5DC9' に交差がある
INFO:最終チェックのグリフ 'uni5DD8' に交差がある
INFO:最終チェックのグリフ 'uni5DDE' に交差がある
INFO:最終チェックのグリフ 'uni5DE4' に交差がある
INFO:最終チェックのグリフ 'uni5E0C' に交差がある
INFO:最終チェックのグリフ 'uni5E5F' に交差がある
INFO:最終チェックのグリフ 'uni5E6C' に交差がある
INFO:最終チェックのグリフ 'uni5E7B' に交差がある
INFO:最終チェックのグリフ 'uni5EA5' に交差がある
INFO:最終チェックのグリフ 'uni5ED0' に交差がある
INFO:最終チェックのグリフ 'uni5EDB' に交差がある
INFO:最終チェックのグリフ 'uni5EEC' に交差がある
INFO:最終チェックのグリフ 'uni5EF3' に交差がある
INFO:最終チェックのグリフ 'uni5F36' に交差がある
INFO:最終チェックのグリフ 'uni5F7D' に交差がある
INFO:最終チェックのグリフ 'uni5F7E' の参照が不正
INFO:最終チェックのグリフ 'uni5F80' に交差がある
INFO:最終チェックのグリフ 'uni5F99' に交差がある
INFO:最終チェックのグリフ 'uni5FA0' に交差がある
INFO:最終チェックのグリフ 'uni5FAF' に交差がある
INFO:最終チェックのグリフ 'uni5FB7' に交差がある
INFO:最終チェックのグリフ 'uni5FB8' に交差がある
INFO:最終チェックのグリフ 'uni5FBC' に交差がある
INFO:最終チェックのグリフ 'uni5FBD' に交差がある
INFO:最終チェックのグリフ 'uni5FC5' に交差がある
INFO:最終チェックのグリフ 'uni5FCD' に交差がある
INFO:最終チェックのグリフ 'uni5FD7' に交差がある
INFO:最終チェックのグリフ 'uni5FD8' に交差がある
INFO:最終チェックのグリフ 'uni5FDC' に交差がある
INFO:最終チェックのグリフ 'uni5FDD' に交差がある
INFO:最終チェックのグリフ 'uni5FE0' に交差がある
INFO:最終チェックのグリフ 'uni5FE2' に交差がある
INFO:最終チェックのグリフ 'uni5FE9' に交差がある
INFO:最終チェックのグリフ 'uni5FF5' に交差がある
INFO:最終チェックのグリフ 'uni600F' に交差がある
INFO:最終チェックのグリフ 'uni601B' に交差がある
INFO:最終チェックのグリフ 'uni601D' に交差がある
INFO:最終チェックのグリフ 'uni6021' に交差がある
INFO:最終チェックのグリフ 'uni6024' に交差がある
INFO:最終チェックのグリフ 'uni6026' に交差がある
INFO:最終チェックのグリフ 'uni604B' に交差がある
INFO:最終チェックのグリフ 'uni6055' に交差がある
INFO:最終チェックのグリフ 'uni6059' に交差がある
INFO:最終チェックのグリフ 'uni605D' に交差がある
INFO:最終チェックのグリフ 'uni6069' に交差がある
INFO:最終チェックのグリフ 'uni606D' に交差がある
INFO:最終チェックのグリフ 'uni6077' に交差がある
INFO:最終チェックのグリフ 'uni608A' に交差がある
INFO:最終チェックのグリフ 'uni609A' に交差がある
INFO:最終チェックのグリフ 'uni60A0' に交差がある
INFO:最終チェックのグリフ 'uni60B0' に交差がある
INFO:最終チェックのグリフ 'uni60B2' に交差がある
INFO:最終チェックのグリフ 'uni60B4' に交差がある
INFO:最終チェックのグリフ 'uni60C7' に交差がある
INFO:最終チェックのグリフ 'uni60DA' に交差がある
INFO:最終チェックのグリフ 'uni6106' に交差がある
INFO:最終チェックのグリフ 'uni610D' に交差がある
INFO:最終チェックのグリフ 'uni611C' の参照が不正
INFO:最終チェックのグリフ 'uni6121' に交差がある
INFO:最終チェックのグリフ 'uni613E' に交差がある
INFO:最終チェックのグリフ 'uni6141' に交差がある
INFO:最終チェックのグリフ 'uni6148' に交差がある
INFO:最終チェックのグリフ 'uni6160' に交差がある
INFO:最終チェックのグリフ 'uni616E' に交差がある
INFO:最終チェックのグリフ 'uni6173' に交差がある
INFO:最終チェックのグリフ 'uni618D' に交差がある
INFO:最終チェックのグリフ 'uni61A7' に交差がある
INFO:最終チェックのグリフ 'uni61A8' に交差がある
INFO:最終チェックのグリフ 'uni61DD' に交差がある
INFO:最終チェックのグリフ 'uni61F2' に交差がある
INFO:最終チェックのグリフ 'uni61F4' に交差がある
INFO:最終チェックのグリフ 'uni61FA' に交差がある
INFO:最終チェックのグリフ 'uni61FF' に交差がある
INFO:最終チェックのグリフ 'uni6200' に交差がある
INFO:最終チェックのグリフ 'uni621A' に交差がある
INFO:最終チェックのグリフ 'uni623E' に交差がある
INFO:最終チェックのグリフ 'uni624C' に交差がある
INFO:最終チェックのグリフ 'uni6255' に交差がある
INFO:最終チェックのグリフ 'uni625A' に交差がある
INFO:最終チェックのグリフ 'uni62B5' に交差がある
INFO:最終チェックのグリフ 'uni62D4' に交差がある
INFO:最終チェックのグリフ 'uni62D5' に交差がある
INFO:最終チェックのグリフ 'uni62D7' に交差がある
INFO:最終チェックのグリフ 'uni6327' に交差がある
INFO:最終チェックのグリフ 'uni633F' に交差がある
INFO:最終チェックのグリフ 'uni6355' に交差がある
INFO:最終チェックのグリフ 'uni6372' に交差がある
INFO:最終チェックのグリフ 'uni637B' に交差がある
INFO:最終チェックのグリフ 'uni6399' に交差がある
INFO:最終チェックのグリフ 'uni639F' に交差がある
INFO:最終チェックのグリフ 'uni63BB' に交差がある
INFO:最終チェックのグリフ 'uni63BD' に交差がある
INFO:最終チェックのグリフ 'uni63BE' に交差がある
INFO:最終チェックのグリフ 'uni63C4' に交差がある
INFO:最終チェックのグリフ 'uni63D0' に交差がある
INFO:最終チェックのグリフ 'uni63D4' に交差がある
INFO:最終チェックのグリフ 'uni63DA' に交差がある
INFO:最終チェックのグリフ 'uni63E5' に交差がある
INFO:最終チェックのグリフ 'uni644E' に交差がある
INFO:最終チェックのグリフ 'uni645A' に交差がある
INFO:最終チェックのグリフ 'uni645B' に交差がある
INFO:最終チェックのグリフ 'uni6460' に交差がある
INFO:最終チェックのグリフ 'uni6488' に交差がある
INFO:最終チェックのグリフ 'uni649E' に交差がある
INFO:最終チェックのグリフ 'uni64A5' に交差がある
INFO:最終チェックのグリフ 'uni64BF' に交差がある
INFO:最終チェックのグリフ 'uni64D5' に交差がある
INFO:最終チェックのグリフ 'uni64E3' に交差がある
INFO:最終チェックのグリフ 'uni64E5' に交差がある
INFO:最終チェックのグリフ 'uni64EC' に交差がある
INFO:最終チェックのグリフ 'uni64F1' に交差がある
INFO:最終チェックのグリフ 'uni64FD' に交差がある
INFO:最終チェックのグリフ 'uni6500' に交差がある
INFO:最終チェックのグリフ 'uni6504' に交差がある
INFO:最終チェックのグリフ 'uni651E' に交差がある
INFO:最終チェックのグリフ 'uni6523' に交差がある
INFO:最終チェックのグリフ 'uni6529' の参照が不正
INFO:最終チェックのグリフ 'uni652A' に交差がある
INFO:最終チェックのグリフ 'uni6535' に交差がある
INFO:最終チェックのグリフ 'uni655D' に交差がある
INFO:最終チェックのグリフ 'uni6570' に交差がある
INFO:最終チェックのグリフ 'uni6582' に交差がある
INFO:最終チェックのグリフ 'uni6583' に交差がある
INFO:最終チェックのグリフ 'uni6591' に交差がある
INFO:最終チェックのグリフ 'uni65B5' に交差がある
INFO:最終チェックのグリフ 'uni65C6' に交差がある
INFO:最終チェックのグリフ 'uni6604' に交差がある
INFO:最終チェックのグリフ 'uni6627' に交差がある
INFO:最終チェックのグリフ 'uni663A' に交差がある
INFO:最終チェックのグリフ 'uni665E' に交差がある
INFO:最終チェックのグリフ 'uni6668' に交差がある
INFO:最終チェックのグリフ 'uni667B' に交差がある
INFO:最終チェックのグリフ 'uni66A2' に交差がある
INFO:最終チェックのグリフ 'uni66BC' に交差がある
INFO:最終チェックのグリフ 'uni66DD' に交差がある
INFO:最終チェックのグリフ 'uni66E9' に交差がある
INFO:最終チェックのグリフ 'uni66EC' に交差がある
INFO:最終チェックのグリフ 'uni6703' に交差がある
INFO:最終チェックのグリフ 'uni6705' に交差がある
INFO:最終チェックのグリフ 'uni6747' に交差がある
INFO:最終チェックのグリフ 'uni674D' に交差がある
INFO:最終チェックのグリフ 'uni6753' に交差がある
INFO:最終チェックのグリフ 'uni6759' に交差がある
INFO:最終チェックのグリフ 'uni676F' に交差がある
INFO:最終チェックのグリフ 'uni67C1' に交差がある
INFO:最終チェックのグリフ 'uni67E2' に交差がある
INFO:最終チェックのグリフ 'uni67FB' に交差がある
INFO:最終チェックのグリフ 'uni6804' に交差がある
INFO:最終チェックのグリフ 'uni6810' に交差がある
INFO:最終チェックのグリフ 'uni683D' に交差がある
INFO:最終チェックのグリフ 'uni6840' に交差がある
INFO:最終チェックのグリフ 'uni6867' に交差がある
INFO:最終チェックのグリフ 'uni6874' に交差がある
INFO:最終チェックのグリフ 'uni6898' に交差がある
INFO:最終チェックのグリフ 'uni689B' に交差がある
INFO:最終チェックのグリフ 'uni68AF' に交差がある
INFO:最終チェックのグリフ 'uni68B4' に交差がある
INFO:最終チェックのグリフ 'uni68D5' に交差がある
INFO:最終チェックのグリフ 'uni68EE' に交差がある
INFO:最終チェックのグリフ 'uni68EF' に交差がある
INFO:最終チェックのグリフ 'uni68F0' に交差がある
INFO:最終チェックのグリフ 'uni6925' に交差がある
INFO:最終チェックのグリフ 'uni693D' に交差がある
INFO:最終チェックのグリフ 'uni6942' に交差がある
INFO:最終チェックのグリフ 'uni6961' に交差がある
INFO:最終チェックのグリフ 'uni6964' に交差がある
INFO:最終チェックのグリフ 'uni6969' の参照が不正
INFO:最終チェックのグリフ 'uni6973' に交差がある
INFO:最終チェックのグリフ 'uni6974' に交差がある
INFO:最終チェックのグリフ 'uni6979' に交差がある
INFO:最終チェックのグリフ 'uni697D' の参照が不正
INFO:最終チェックのグリフ 'uni6981' に交差がある
INFO:最終チェックのグリフ 'uni698A' に交差がある
INFO:最終チェックのグリフ 'uni6995' に交差がある
INFO:最終チェックのグリフ 'uni6996' に交差がある
INFO:最終チェックのグリフ 'uni69AD' に交差がある
INFO:最終チェックのグリフ 'uni69AE' に交差がある
INFO:最終チェックのグリフ 'uni69BB' に交差がある
INFO:最終チェックのグリフ 'uni69BC' に交差がある
INFO:最終チェックのグリフ 'uni69D1' に交差がある
INFO:最終チェックのグリフ 'uni69D8' に交差がある
INFO:最終チェックのグリフ 'uni69E3' に交差がある
INFO:最終チェックのグリフ 'uni69F4' に交差がある
INFO:最終チェックのグリフ 'uni6A22' に交差がある
INFO:最終チェックのグリフ 'uni6A2B' に交差がある
INFO:最終チェックのグリフ 'uni6A39' に交差がある
INFO:最終チェックのグリフ 'uni6A3E' に交差がある
INFO:最終チェックのグリフ 'uni6A59' に交差がある
INFO:最終チェックのグリフ 'uni6A61' に交差がある
INFO:最終チェックのグリフ 'uni6A66' に交差がある
INFO:最終チェックのグリフ 'uni6A73' に交差がある
INFO:最終チェックのグリフ 'uni6A7A' に交差がある
INFO:最終チェックのグリフ 'uni6A84' に交差がある
INFO:最終チェックのグリフ 'uni6A89' に交差がある
INFO:最終チェックのグリフ 'uni6A8E' に交差がある
INFO:最終チェックのグリフ 'uni6A9E' に交差がある
INFO:最終チェックのグリフ 'uni6AA2' に交差がある
INFO:最終チェックのグリフ 'uni6AA3' に交差がある
INFO:最終チェックのグリフ 'uni6AAE' に交差がある
INFO:最終チェックのグリフ 'uni6ADE' に交差がある
INFO:最終チェックのグリフ 'uni6AE4' に交差がある
INFO:最終チェックのグリフ 'uni6AEA' に交差がある
INFO:最終チェックのグリフ 'uni6AF3' に交差がある
INFO:最終チェックのグリフ 'uni6B0F' に交差がある
INFO:最終チェックのグリフ 'uni6B10' に交差がある
INFO:最終チェックのグリフ 'uni6B11' に交差がある
INFO:最終チェックのグリフ 'uni6B17' に交差がある
INFO:最終チェックのグリフ 'uni6B1D' に交差がある
INFO:最終チェックのグリフ 'uni6B1E' に交差がある
INFO:最終チェックのグリフ 'uni6B1F' に交差がある
INFO:最終チェックのグリフ 'uni6B20' に交差がある
INFO:最終チェックのグリフ 'uni6B58' の参照が不正
INFO:最終チェックのグリフ 'uni6B5B' に交差がある
INFO:最終チェックのグリフ 'uni6B64' に交差がある
INFO:最終チェックのグリフ 'uni6B74' に交差がある
INFO:最終チェックのグリフ 'uni6B77' に交差がある
INFO:最終チェックのグリフ 'uni6B98' に交差がある
INFO:最終チェックのグリフ 'uni6BAA' に交差がある
INFO:最終チェックのグリフ 'uni6BAE' に交差がある
INFO:最終チェックのグリフ 'uni6BB2' に交差がある
INFO:最終チェックのグリフ 'uni6BB7' に交差がある
INFO:最終チェックのグリフ 'uni6BBB' に交差がある
INFO:最終チェックのグリフ 'uni6BC8' に交差がある
INFO:最終チェックのグリフ 'uni6BD3' に交差がある
INFO:最終チェックのグリフ 'uni6BD6' に交差がある
INFO:最終チェックのグリフ 'uni6BDA' に交差がある
INFO:最終チェックのグリフ 'uni6C34' に交差がある
INFO:最終チェックのグリフ 'uni6C36' に交差がある
INFO:最終チェックのグリフ 'uni6C37' に交差がある
INFO:最終チェックのグリフ 'uni6C7E' に交差がある
INFO:最終チェックのグリフ 'uni6C96' の参照が不正
INFO:最終チェックのグリフ 'uni6CAB' に交差がある
INFO:最終チェックのグリフ 'uni6CD0' に交差がある
INFO:最終チェックのグリフ 'uni6CDC' に交差がある
INFO:最終チェックのグリフ 'uni6CF3' に交差がある
INFO:最終チェックのグリフ 'uni6CFB' に交差がある
INFO:最終チェックのグリフ 'uni6D19' に交差がある
INFO:最終チェックのグリフ 'uni6D33' に交差がある
INFO:最終チェックのグリフ 'uni6D60' に交差がある
INFO:最終チェックのグリフ 'uni6D63' に交差がある
INFO:最終チェックのグリフ 'uni6D8A' に交差がある
INFO:最終チェックのグリフ 'uni6D8C' に交差がある
INFO:最終チェックのグリフ 'uni6D91' に交差がある
INFO:最終チェックのグリフ 'uni6DBF' に交差がある
INFO:最終チェックのグリフ 'uni6DDB' に交差がある
INFO:最終チェックのグリフ 'uni6DDD' に交差がある
INFO:最終チェックのグリフ 'uni6DE4' に交差がある
INFO:最終チェックのグリフ 'uni6DE6' に交差がある
INFO:最終チェックのグリフ 'uni6DF1' に交差がある
INFO:最終チェックのグリフ 'uni6DF6' に交差がある
INFO:最終チェックのグリフ 'uni6DFA' に交差がある
INFO:最終チェックのグリフ 'uni6DFB' に交差がある
INFO:最終チェックのグリフ 'uni6E15' に交差がある
INFO:最終チェックのグリフ 'uni6E23' に交差がある
INFO:最終チェックのグリフ 'uni6E26' に交差がある
INFO:最終チェックのグリフ 'uni6E39' に交差がある
INFO:最終チェックのグリフ 'uni6E3A' の参照が不正
INFO:最終チェックのグリフ 'uni6E44' に交差がある
INFO:最終チェックのグリフ 'uni6E53' に交差がある
INFO:最終チェックのグリフ 'uni6E7F' の参照が不正
INFO:最終チェックのグリフ 'uni6E80' に交差がある
INFO:最終チェックのグリフ 'uni6E98' に交差がある
INFO:最終チェックのグリフ 'uni6E9F' に交差がある
INFO:最終チェックのグリフ 'uni6EA2' に交差がある
INFO:最終チェックのグリフ 'uni6ED5' に交差がある
INFO:最終チェックのグリフ 'uni6EEB' に交差がある
INFO:最終チェックのグリフ 'uni6EF2' に交差がある
INFO:最終チェックのグリフ 'uni6F0C' の参照が不正
INFO:最終チェックのグリフ 'uni6F0F' に交差がある
INFO:最終チェックのグリフ 'uni6F10' に交差がある
INFO:最終チェックのグリフ 'uni6F13' に交差がある
INFO:最終チェックのグリフ 'uni6F35' の参照が不正
INFO:最終チェックのグリフ 'uni6F52' に交差がある
INFO:最終チェックのグリフ 'uni6F54' に交差がある
INFO:最終チェックのグリフ 'uni6F57' に交差がある
INFO:最終チェックのグリフ 'uni6F5F' に交差がある
INFO:最終チェックのグリフ 'uni6F64' の参照が不正
INFO:最終チェックのグリフ 'uni6F7C' に交差がある
INFO:最終チェックのグリフ 'uni6F80' に交差がある
INFO:最終チェックのグリフ 'uni6F84' に交差がある
INFO:最終チェックのグリフ 'uni6F96' に交差がある
INFO:最終チェックのグリフ 'uni6FBE' に交差がある
INFO:最終チェックのグリフ 'uni6FC0' に交差がある
INFO:最終チェックのグリフ 'uni6FC1' に交差がある
INFO:最終チェックのグリフ 'uni6FD4' に交差がある
INFO:最終チェックのグリフ 'uni6FDA' に交差がある
INFO:最終チェックのグリフ 'uni6FE4' に交差がある
INFO:最終チェックのグリフ 'uni6FF0' の参照が不正
INFO:最終チェックのグリフ 'uni6FFA' の参照が不正
INFO:最終チェックのグリフ 'uni6FFE' に交差がある
INFO:最終チェックのグリフ 'uni7005' に交差がある
INFO:最終チェックのグリフ 'uni7009' に交差がある
INFO:最終チェックのグリフ 'uni700A' に交差がある
INFO:最終チェックのグリフ 'uni700F' に交差がある
INFO:最終チェックのグリフ 'uni701A' に交差がある
INFO:最終チェックのグリフ 'uni701B' に交差がある
INFO:最終チェックのグリフ 'uni701E' に交差がある
INFO:最終チェックのグリフ 'uni7030' に交差がある
INFO:最終チェックのグリフ 'uni7032' に交差がある
INFO:最終チェックのグリフ 'uni703A' の参照が不正
INFO:最終チェックのグリフ 'uni703E' の参照が不正
INFO:最終チェックのグリフ 'uni7043' に交差がある
INFO:最終チェックのグリフ 'uni704E' に交差がある
INFO:最終チェックのグリフ 'uni7051' に交差がある
INFO:最終チェックのグリフ 'uni705D' に交差がある
INFO:最終チェックのグリフ 'uni7063' に交差がある
INFO:最終チェックのグリフ 'uni7069' に交差がある
INFO:最終チェックのグリフ 'uni70BA' に交差がある
INFO:最終チェックのグリフ 'uni70BB' に交差がある
INFO:最終チェックのグリフ 'uni70D4' に交差がある
INFO:最終チェックのグリフ 'uni70E4' に交差がある
INFO:最終チェックのグリフ 'uni70EC' に交差がある
INFO:最終チェックのグリフ 'uni7107' に交差がある
INFO:最終チェックのグリフ 'uni7109' に交差がある
INFO:最終チェックのグリフ 'uni710C' に交差がある
INFO:最終チェックのグリフ 'uni7119' の参照が不正
INFO:最終チェックのグリフ 'uni7120' に交差がある
INFO:最終チェックのグリフ 'uni7153' に交差がある
INFO:最終チェックのグリフ 'uni7159' に交差がある
INFO:最終チェックのグリフ 'uni716C' に交差がある
INFO:最終チェックのグリフ 'uni717D' に交差がある
INFO:最終チェックのグリフ 'uni7187' に交差がある
INFO:最終チェックのグリフ 'uni7194' に交差がある
INFO:最終チェックのグリフ 'uni7196' に交差がある
INFO:最終チェックのグリフ 'uni71BE' に交差がある
INFO:最終チェックのグリフ 'uni71C8' に交差がある
INFO:最終チェックのグリフ 'uni71DC' に交差がある
INFO:最終チェックのグリフ 'uni71FB' に交差がある
INFO:最終チェックのグリフ 'uni7200' に交差がある
INFO:最終チェックのグリフ 'uni7206' に交差がある
INFO:最終チェックのグリフ 'uni720D' に交差がある
INFO:最終チェックのグリフ 'uni721B' に交差がある
INFO:最終チェックのグリフ 'uni7232' に交差がある
INFO:最終チェックのグリフ 'uni723E' に交差がある
INFO:最終チェックのグリフ 'uni7255' に交差がある
INFO:最終チェックのグリフ 'uni7274' に交差がある
INFO:最終チェックのグリフ 'uni727E' に交差がある
INFO:最終チェックのグリフ 'uni728E' に交差がある
INFO:最終チェックのグリフ 'uni72F3' に交差がある
INFO:最終チェックのグリフ 'uni7319' に交差がある
INFO:最終チェックのグリフ 'uni732E' に交差がある
INFO:最終チェックのグリフ 'uni732F' に交差がある
INFO:最終チェックのグリフ 'uni7345' に交差がある
INFO:最終チェックのグリフ 'uni734E' に交差がある
INFO:最終チェックのグリフ 'uni736F' に交差がある
INFO:最終チェックのグリフ 'uni737C' に交差がある
INFO:最終チェックのグリフ 'uni73CA' に交差がある
INFO:最終チェックのグリフ 'uni7403' に交差がある
INFO:最終チェックのグリフ 'uni7422' に交差がある
INFO:最終チェックのグリフ 'uni7424' に交差がある
INFO:最終チェックのグリフ 'uni742C' に交差がある
INFO:最終チェックのグリフ 'uni742E' に交差がある
INFO:最終チェックのグリフ 'uni743A' に交差がある
INFO:最終チェックのグリフ 'uni7453' に交差がある
INFO:最終チェックのグリフ 'uni745F' に交差がある
INFO:最終チェックのグリフ 'uni746A' に交差がある
INFO:最終チェックのグリフ 'uni7481' に交差がある
INFO:最終チェックのグリフ 'uni7483' に交差がある
INFO:最終チェックのグリフ 'uni7485' に交差がある
INFO:最終チェックのグリフ 'uni7487' に交差がある
INFO:最終チェックのグリフ 'uni7488' に交差がある
INFO:最終チェックのグリフ 'uni7492' に交差がある
INFO:最終チェックのグリフ 'uni74B9' の参照が不正
INFO:最終チェックのグリフ 'uni74E2' に交差がある
INFO:最終チェックのグリフ 'uni74E6' に交差がある
INFO:最終チェックのグリフ 'uni74FA' に交差がある
INFO:最終チェックのグリフ 'uni750D' に交差がある
INFO:最終チェックのグリフ 'uni7515' に交差がある
INFO:最終チェックのグリフ 'uni7517' に交差がある
INFO:最終チェックのグリフ 'uni753E' に交差がある
INFO:最終チェックのグリフ 'uni7549' に交差がある
INFO:最終チェックのグリフ 'uni7577' に交差がある
INFO:最終チェックのグリフ 'uni7587' に交差がある
INFO:最終チェックのグリフ 'uni758E' に交差がある
INFO:最終チェックのグリフ 'uni7603' に交差がある
INFO:最終チェックのグリフ 'uni7609' の参照が不正
INFO:最終チェックのグリフ 'uni761B' に交差がある
INFO:最終チェックのグリフ 'uni761F' に交差がある
INFO:最終チェックのグリフ 'uni7624' に交差がある
INFO:最終チェックのグリフ 'uni7634' に交差がある
INFO:最終チェックのグリフ 'uni7647' に交差がある
INFO:最終チェックのグリフ 'uni7668' に交差がある
INFO:最終チェックのグリフ 'uni7684' に交差がある
INFO:最終チェックのグリフ 'uni7688' に交差がある
INFO:最終チェックのグリフ 'uni76A7' に交差がある
INFO:最終チェックのグリフ 'uni76AA' に交差がある
INFO:最終チェックのグリフ 'uni76AF' に交差がある
INFO:最終チェックのグリフ 'uni76B9' に交差がある
INFO:最終チェックのグリフ 'uni76E6' に交差がある
INFO:最終チェックのグリフ 'uni76EA' に交差がある
INFO:最終チェックのグリフ 'uni76EC' に交差がある
INFO:最終チェックのグリフ 'uni76F8' の参照が不正
INFO:最終チェックのグリフ 'uni76FC' に交差がある
INFO:最終チェックのグリフ 'uni7737' に交差がある
INFO:最終チェックのグリフ 'uni7738' に交差がある
INFO:最終チェックのグリフ 'uni774E' に交差がある
INFO:最終チェックのグリフ 'uni777C' に交差がある
INFO:最終チェックのグリフ 'uni77A0' に交差がある
INFO:最終チェックのグリフ 'uni77A9' に交差がある
INFO:最終チェックのグリフ 'uni77AA' に交差がある
INFO:最終チェックのグリフ 'uni77B3' に交差がある
INFO:最終チェックのグリフ 'uni77B9' に交差がある
INFO:最終チェックのグリフ 'uni77E9' に交差がある
INFO:最終チェックのグリフ 'uni7805' に交差がある
INFO:最終チェックのグリフ 'uni7820' に交差がある
INFO:最終チェックのグリフ 'uni7825' に交差がある
INFO:最終チェックのグリフ 'uni783A' に交差がある
INFO:最終チェックのグリフ 'uni7843' に交差がある
INFO:最終チェックのグリフ 'uni7872' に交差がある
INFO:最終チェックのグリフ 'uni787C' に交差がある
INFO:最終チェックのグリフ 'uni788C' に交差がある
INFO:最終チェックのグリフ 'uni7893' に交差がある
INFO:最終チェックのグリフ 'uni78A3' に交差がある
INFO:最終チェックのグリフ 'uni78B0' に交差がある
INFO:最終チェックのグリフ 'uni78BC' に交差がある
INFO:最終チェックのグリフ 'uni78E4' に交差がある
INFO:最終チェックのグリフ 'uni78FA' の参照が不正
INFO:最終チェックのグリフ 'uni792E' に交差がある
INFO:最終チェックのグリフ 'uni7934' に交差がある
INFO:最終チェックのグリフ 'uni7946' に交差がある
INFO:最終チェックのグリフ 'uni7957' に交差がある
INFO:最終チェックのグリフ 'uni7958' に交差がある
INFO:最終チェックのグリフ 'uni795C' に交差がある
INFO:最終チェックのグリフ 'uni7972' に交差がある
INFO:最終チェックのグリフ 'uni797F' に交差がある
INFO:最終チェックのグリフ 'uni7984' に交差がある
INFO:最終チェックのグリフ 'uni798D' に交差がある
INFO:最終チェックのグリフ 'uni7995' に交差がある
INFO:最終チェックのグリフ 'uni7996' に交差がある
INFO:最終チェックのグリフ 'uni79A1' に交差がある
INFO:最終チェックのグリフ 'uni79A9' に交差がある
INFO:最終チェックのグリフ 'uni79B0' に交差がある
INFO:最終チェックのグリフ 'uni79B1' に交差がある
INFO:最終チェックのグリフ 'uni79B4' に交差がある
INFO:最終チェックのグリフ 'uni79BD' に交差がある
INFO:最終チェックのグリフ 'uni79BF' に交差がある
INFO:最終チェックのグリフ 'uni79E3' に交差がある
INFO:最終チェックのグリフ 'uni79ED' の参照が不正
INFO:最終チェックのグリフ 'uni7A03' に交差がある
INFO:最終チェックのグリフ 'uni7A37' に交差がある
INFO:最終チェックのグリフ 'uni7A42' に交差がある
INFO:最終チェックのグリフ 'uni7A47' に交差がある
INFO:最終チェックのグリフ 'uni7A5C' に交差がある
INFO:最終チェックのグリフ 'uni7A60' に交差がある
INFO:最終チェックのグリフ 'uni7A6A' に交差がある
INFO:最終チェックのグリフ 'uni7A70' の参照が不正
INFO:最終チェックのグリフ 'uni7A88' に交差がある
INFO:最終チェックのグリフ 'uni7AA9' に交差がある
INFO:最終チェックのグリフ 'uni7AAE' に交差がある
INFO:最終チェックのグリフ 'uni7AB9' に交差がある
INFO:最終チェックのグリフ 'uni7AC4' に交差がある
INFO:最終チェックのグリフ 'uni7AC7' に交差がある
INFO:最終チェックのグリフ 'uni7ACA' に交差がある
INFO:最終チェックのグリフ 'uni7AD5' に交差がある
INFO:最終チェックのグリフ 'uni7AE5' に交差がある
INFO:最終チェックのグリフ 'uni7AEF' に交差がある
INFO:最終チェックのグリフ 'uni7AF0' に交差がある
INFO:最終チェックのグリフ 'uni7B33' に交差がある
INFO:最終チェックのグリフ 'uni7B56' に交差がある
INFO:最終チェックのグリフ 'uni7B86' に交差がある
INFO:最終チェックのグリフ 'uni7B9B' の参照が不正
INFO:最終チェックのグリフ 'uni7B9E' に交差がある
INFO:最終チェックのグリフ 'uni7BCB' に交差がある
INFO:最終チェックのグリフ 'uni7BE0' に交差がある
INFO:最終チェックのグリフ 'uni7BE4' に交差がある
INFO:最終チェックのグリフ 'uni7BED' に交差がある
INFO:最終チェックのグリフ 'uni7C17' に交差がある
INFO:最終チェックのグリフ 'uni7C20' に交差がある
INFO:最終チェックのグリフ 'uni7C33' に交差がある
INFO:最終チェックのグリフ 'uni7C43' に交差がある
INFO:最終チェックのグリフ 'uni7C50' に交差がある
INFO:最終チェックのグリフ 'uni7C73' に交差がある
INFO:最終チェックのグリフ 'uni7C83' の参照が不正
INFO:最終チェックのグリフ 'uni7C94' に交差がある
INFO:最終チェックのグリフ 'uni7C9B' に交差がある
INFO:最終チェックのグリフ 'uni7CA1' に交差がある
INFO:最終チェックのグリフ 'uni7CAB' に交差がある
INFO:最終チェックのグリフ 'uni7CB6' に交差がある
INFO:最終チェックのグリフ 'uni7CC2' に交差がある
INFO:最終チェックのグリフ 'uni7CCE' に交差がある
INFO:最終チェックのグリフ 'uni7CD8' に交差がある
INFO:最終チェックのグリフ 'uni7CD9' に交差がある
INFO:最終チェックのグリフ 'uni7CDD' に交差がある
INFO:最終チェックのグリフ 'uni7CDF' に交差がある
INFO:最終チェックのグリフ 'uni7CE2' に交差がある
INFO:最終チェックのグリフ 'uni7CE7' に交差がある
INFO:最終チェックのグリフ 'uni7CEF' に交差がある
INFO:最終チェックのグリフ 'uni7CF2' に交差がある
INFO:最終チェックのグリフ 'uni7CF4' に交差がある
INFO:最終チェックのグリフ 'uni7D1B' に交差がある
INFO:最終チェックのグリフ 'uni7D43' に交差がある
INFO:最終チェックのグリフ 'uni7D44' に交差がある
INFO:最終チェックのグリフ 'uni7D4C' の参照が不正
INFO:最終チェックのグリフ 'uni7D63' に交差がある
INFO:最終チェックのグリフ 'uni7D97' に交差がある
INFO:最終チェックのグリフ 'uni7D99' に交差がある
INFO:最終チェックのグリフ 'uni7D9C' に交差がある
INFO:最終チェックのグリフ 'uni7DB4' に交差がある
INFO:最終チェックのグリフ 'uni7DB8' に交差がある
INFO:最終チェックのグリフ 'uni7DBB' に交差がある
INFO:最終チェックのグリフ 'uni7DCC' に交差がある
INFO:最終チェックのグリフ 'uni7DCF' に交差がある
INFO:最終チェックのグリフ 'uni7DD1' に交差がある
INFO:最終チェックのグリフ 'uni7DDC' に交差がある
INFO:最終チェックのグリフ 'uni7DDE' に交差がある
INFO:最終チェックのグリフ 'uni7DE0' に交差がある
INFO:最終チェックのグリフ 'uni7DE1' に交差がある
INFO:最終チェックのグリフ 'uni7DE3' に交差がある
INFO:最終チェックのグリフ 'uni7DF1' に交差がある
INFO:最終チェックのグリフ 'uni7DF2' に交差がある
INFO:最終チェックのグリフ 'uni7DF9' に交差がある
INFO:最終チェックのグリフ 'uni7E01' に交差がある
INFO:最終チェックのグリフ 'uni7E0A' に交差がある
INFO:最終チェックのグリフ 'uni7E11' に交差がある
INFO:最終チェックのグリフ 'uni7E15' に交差がある
INFO:最終チェックのグリフ 'uni7E17' に交差がある
INFO:最終チェックのグリフ 'uni7E1F' に交差がある
INFO:最終チェックのグリフ 'uni7E26' に交差がある
INFO:最終チェックのグリフ 'uni7E2B' に交差がある
INFO:最終チェックのグリフ 'uni7E2C' に交差がある
INFO:最終チェックのグリフ 'uni7E2E' に交差がある
INFO:最終チェックのグリフ 'uni7E3A' に交差がある
INFO:最終チェックのグリフ 'uni7E45' に交差がある
INFO:最終チェックのグリフ 'uni7E46' の参照が不正
INFO:最終チェックのグリフ 'uni7E4D' に交差がある
INFO:最終チェックのグリフ 'uni7E54' に交差がある
INFO:最終チェックのグリフ 'uni7E66' に交差がある
INFO:最終チェックのグリフ 'uni7E6D' に交差がある
INFO:最終チェックのグリフ 'uni7E79' に交差がある
INFO:最終チェックのグリフ 'uni7E7D' に交差がある
INFO:最終チェックのグリフ 'uni7E7F' に交差がある
INFO:最終チェックのグリフ 'uni7E83' に交差がある
INFO:最終チェックのグリフ 'uni7E87' に交差がある
INFO:最終チェックのグリフ 'uni7E88' に交差がある
INFO:最終チェックのグリフ 'uni7E8C' に交差がある
INFO:最終チェックのグリフ 'uni7E8E' に交差がある
INFO:最終チェックのグリフ 'uni7E92' に交差がある
INFO:最終チェックのグリフ 'uni7E94' に交差がある
INFO:最終チェックのグリフ 'uni7E96' に交差がある
INFO:最終チェックのグリフ 'uni7E98' に交差がある
INFO:最終チェックのグリフ 'uni7E9A' に交差がある
INFO:最終チェックのグリフ 'uni7F67' に交差がある
INFO:最終チェックのグリフ 'uni7F75' に交差がある
INFO:最終チェックのグリフ 'uni7F88' に交差がある
INFO:最終チェックのグリフ 'uni7F9C' に交差がある
INFO:最終チェックのグリフ 'uni7F9D' に交差がある
INFO:最終チェックのグリフ 'uni7F9E' に交差がある
INFO:最終チェックのグリフ 'uni7FAD' に交差がある
INFO:最終チェックのグリフ 'uni7FC1' に交差がある
INFO:最終チェックのグリフ 'uni7FC3' に交差がある
INFO:最終チェックのグリフ 'uni7FCE' に交差がある
INFO:最終チェックのグリフ 'uni7FDB' に交差がある
INFO:最終チェックのグリフ 'uni7FE9' に交差がある
INFO:最終チェックのグリフ 'uni7FEB' に交差がある
INFO:最終チェックのグリフ 'uni7FEC' に交差がある
INFO:最終チェックのグリフ 'uni7FF0' に交差がある
INFO:最終チェックのグリフ 'uni7FFB' に交差がある
INFO:最終チェックのグリフ 'uni800A' に交差がある
INFO:最終チェックのグリフ 'uni8028' に交差がある
INFO:最終チェックのグリフ 'uni8033' に交差がある
INFO:最終チェックのグリフ 'uni805F' に交差がある
INFO:最終チェックのグリフ 'uni8061' に交差がある
INFO:最終チェックのグリフ 'uni8062' に交差がある
INFO:最終チェックのグリフ 'uni8070' に交差がある
INFO:最終チェックのグリフ 'uni8074' に交差がある
INFO:最終チェックのグリフ 'uni80DD' に交差がある
INFO:最終チェックのグリフ 'uni811A' に交差がある
INFO:最終チェックのグリフ 'uni8150' に交差がある
INFO:最終チェックのグリフ 'uni8155' に交差がある
INFO:最終チェックのグリフ 'uni815F' に交差がある
INFO:最終チェックのグリフ 'uni8170' に交差がある
INFO:最終チェックのグリフ 'uni8178' に交差がある
INFO:最終チェックのグリフ 'uni8183' に交差がある
INFO:最終チェックのグリフ 'uni8195' に交差がある
INFO:最終チェックのグリフ 'uni81B8' に交差がある
INFO:最終チェックのグリフ 'uni81BE' に交差がある
INFO:最終チェックのグリフ 'uni81C3' に交差がある
INFO:最終チェックのグリフ 'uni81C6' に交差がある
INFO:最終チェックのグリフ 'uni81C8' に交差がある
INFO:最終チェックのグリフ 'uni81C9' に交差がある
INFO:最終チェックのグリフ 'uni81D8' に交差がある
INFO:最終チェックのグリフ 'uni81DA' に交差がある
INFO:最終チェックのグリフ 'uni81DB' に交差がある
INFO:最終チェックのグリフ 'uni81DF' に交差がある
INFO:最終チェックのグリフ 'uni81E7' に交差がある
INFO:最終チェックのグリフ 'uni821F' に交差がある
INFO:最終チェックのグリフ 'uni822C' に交差がある
INFO:最終チェックのグリフ 'uni822E' に交差がある
INFO:最終チェックのグリフ 'uni8239' に交差がある
INFO:最終チェックのグリフ 'uni8257' に交差がある
INFO:最終チェックのグリフ 'uni8258' に交差がある
INFO:最終チェックのグリフ 'uni825F' に交差がある
INFO:最終チェックのグリフ 'uni8266' に交差がある
INFO:最終チェックのグリフ 'uni8274' に交差がある
INFO:最終チェックのグリフ 'uni82A4' に交差がある
INFO:最終チェックのグリフ 'uni82C6' に交差がある
INFO:最終チェックのグリフ 'uni82F9' に交差がある
INFO:最終チェックのグリフ 'uni8302' に交差がある
INFO:最終チェックのグリフ 'uni833C' に交差がある
INFO:最終チェックのグリフ 'uni838D' に交差がある
INFO:最終チェックのグリフ 'uni83AA' に交差がある
INFO:最終チェックのグリフ 'uni83CA' に交差がある
INFO:最終チェックのグリフ 'uni83DF' に交差がある
INFO:最終チェックのグリフ 'uni83F0' の参照が不正
INFO:最終チェックのグリフ 'uni83F9' に交差がある
INFO:最終チェックのグリフ 'uni83FD' に交差がある
INFO:最終チェックのグリフ 'uni844F' の参照が不正
INFO:最終チェックのグリフ 'uni8473' に交差がある
INFO:最終チェックのグリフ 'uni84B2' に交差がある
INFO:最終チェックのグリフ 'uni84CB' に交差がある
INFO:最終チェックのグリフ 'uni84E7' に交差がある
INFO:最終チェックのグリフ 'uni852B' に交差がある
INFO:最終チェックのグリフ 'uni852C' に交差がある
INFO:最終チェックのグリフ 'uni8534' に交差がある
INFO:最終チェックのグリフ 'uni854A' に交差がある
INFO:最終チェックのグリフ 'uni8587' に交差がある
INFO:最終チェックのグリフ 'uni858F' に交差がある
INFO:最終チェックのグリフ 'uni85A6' に交差がある
INFO:最終チェックのグリフ 'uni85B7' に交差がある
INFO:最終チェックのグリフ 'uni85CE' に交差がある
INFO:最終チェックのグリフ 'uni85D5' に交差がある
INFO:最終チェックのグリフ 'uni85D8' に交差がある
INFO:最終チェックのグリフ 'uni85F7' に交差がある
INFO:最終チェックのグリフ 'uni860A' に交差がある
INFO:最終チェックのグリフ 'uni8618' に交差がある
INFO:最終チェックのグリフ 'uni862D' に交差がある
INFO:最終チェックのグリフ 'uni862F' に交差がある
INFO:最終チェックのグリフ 'uni8639' に交差がある
INFO:最終チェックのグリフ 'uni865A' に交差がある
INFO:最終チェックのグリフ 'uni866B' に交差がある
INFO:最終チェックのグリフ 'uni8693' に交差がある
INFO:最終チェックのグリフ 'uni869C' に交差がある
INFO:最終チェックのグリフ 'uni869D' に交差がある
INFO:最終チェックのグリフ 'uni86AB' に交差がある
INFO:最終チェックのグリフ 'uni86AF' に交差がある
INFO:最終チェックのグリフ 'uni86B3' に交差がある
INFO:最終チェックのグリフ 'uni86C3' に交差がある
INFO:最終チェックのグリフ 'uni86C6' に交差がある
INFO:最終チェックのグリフ 'uni86DB' に交差がある
INFO:最終チェックのグリフ 'uni86DF' に交差がある
INFO:最終チェックのグリフ 'uni86E6' に交差がある
INFO:最終チェックのグリフ 'uni86ED' の参照が不正
INFO:最終チェックのグリフ 'uni86FE' に交差がある
INFO:最終チェックのグリフ 'uni8700' に交差がある
INFO:最終チェックのグリフ 'uni8708' に交差がある
INFO:最終チェックのグリフ 'uni8709' に交差がある
INFO:最終チェックのグリフ 'uni870D' に交差がある
INFO:最終チェックのグリフ 'uni870E' に交差がある
INFO:最終チェックのグリフ 'uni8713' に交差がある
INFO:最終チェックのグリフ 'uni8719' に交差がある
INFO:最終チェックのグリフ 'uni871A' に交差がある
INFO:最終チェックのグリフ 'uni871C' に交差がある
INFO:最終チェックのグリフ 'uni8721' に交差がある
INFO:最終チェックのグリフ 'uni8743' に交差がある
INFO:最終チェックのグリフ 'uni874B' に交差がある
INFO:最終チェックのグリフ 'uni875F' の参照が不正
INFO:最終チェックのグリフ 'uni8763' に交差がある
INFO:最終チェックのグリフ 'uni8772' に交差がある
INFO:最終チェックのグリフ 'uni8778' に交差がある
INFO:最終チェックのグリフ 'uni8788' に交差がある
INFO:最終チェックのグリフ 'uni8789' に交差がある
INFO:最終チェックのグリフ 'uni87B3' に交差がある
INFO:最終チェックのグリフ 'uni87C0' に交差がある
INFO:最終チェックのグリフ 'uni87C1' に交差がある
INFO:最終チェックのグリフ 'uni87C4' に交差がある
INFO:最終チェックのグリフ 'uni87C6' に交差がある
INFO:最終チェックのグリフ 'uni87DF' に交差がある
INFO:最終チェックのグリフ 'uni87F5' に交差がある
INFO:最終チェックのグリフ 'uni87F6' に交差がある
INFO:最終チェックのグリフ 'uni87FE' に交差がある
INFO:最終チェックのグリフ 'uni880B' に交差がある
INFO:最終チェックのグリフ 'uni8811' に交差がある
INFO:最終チェックのグリフ 'uni8823' に交差がある
INFO:最終チェックのグリフ 'uni8828' に交差がある
INFO:最終チェックのグリフ 'uni8832' に交差がある
INFO:最終チェックのグリフ 'uni8839' に交差がある
INFO:最終チェックのグリフ 'uni883C' に交差がある
INFO:最終チェックのグリフ 'uni8842' に交差がある
INFO:最終チェックのグリフ 'uni8844' に交差がある
INFO:最終チェックのグリフ 'uni8852' に交差がある
INFO:最終チェックのグリフ 'uni88B0' に交差がある
INFO:最終チェックのグリフ 'uni88B1' の参照が不正
INFO:最終チェックのグリフ 'uni88C0' に交差がある
INFO:最終チェックのグリフ 'uni88C2' に交差がある
INFO:最終チェックのグリフ 'uni88E1' に交差がある
INFO:最終チェックのグリフ 'uni8913' に交差がある
INFO:最終チェックのグリフ 'uni8925' に交差がある
INFO:最終チェックのグリフ 'uni8927' に交差がある
INFO:最終チェックのグリフ 'uni8942' に交差がある
INFO:最終チェックのグリフ 'uni895E' に交差がある
INFO:最終チェックのグリフ 'uni8966' に交差がある
INFO:最終チェックのグリフ 'uni896D' に交差がある
INFO:最終チェックのグリフ 'uni896F' に交差がある
INFO:最終チェックのグリフ 'uni8974' に交差がある
INFO:最終チェックのグリフ 'uni898A' に交差がある
INFO:最終チェックのグリフ 'uni89A6' に交差がある
INFO:最終チェックのグリフ 'uni89BA' に交差がある
INFO:最終チェックのグリフ 'uni89DD' に交差がある
INFO:最終チェックのグリフ 'uni8A1D' に交差がある
INFO:最終チェックのグリフ 'uni8A46' に交差がある
INFO:最終チェックのグリフ 'uni8A4E' に交差がある
INFO:最終チェックのグリフ 'uni8A60' に交差がある
INFO:最終チェックのグリフ 'uni8A62' に交差がある
INFO:最終チェックのグリフ 'uni8A85' に交差がある
INFO:最終チェックのグリフ 'uni8A8C' に交差がある
INFO:最終チェックのグリフ 'uni8A8D' に交差がある
INFO:最終チェックのグリフ 'uni8A90' に交差がある
INFO:最終チェックのグリフ 'uni8ABC' に交差がある
INFO:最終チェックのグリフ 'uni8AC7' の参照が不正
INFO:最終チェックのグリフ 'uni8AD6' に交差がある
INFO:最終チェックのグリフ 'uni8ADA' に交差がある
INFO:最終チェックのグリフ 'uni8ADF' に交差がある
INFO:最終チェックのグリフ 'uni8AE1' に交差がある
INFO:最終チェックのグリフ 'uni8AE6' に交差がある
INFO:最終チェックのグリフ 'uni8B0A' に交差がある
INFO:最終チェックのグリフ 'uni8B0C' に交差がある
INFO:最終チェックのグリフ 'uni8B0E' に交差がある
INFO:最終チェックのグリフ 'uni8B10' に交差がある
INFO:最終チェックのグリフ 'uni8B1F' に交差がある
INFO:最終チェックのグリフ 'uni8B4C' に交差がある
INFO:最終チェックのグリフ 'uni8B4E' に交差がある
INFO:最終チェックのグリフ 'uni8B56' に交差がある
INFO:最終チェックのグリフ 'uni8B7F' に交差がある
INFO:最終チェックのグリフ 'uni8B80' に交差がある
INFO:最終チェックのグリフ 'uni8B92' に交差がある
INFO:最終チェックのグリフ 'uni8B95' に交差がある
INFO:最終チェックのグリフ 'uni8B96' に交差がある
INFO:最終チェックのグリフ 'uni8B9A' に交差がある
INFO:最終チェックのグリフ 'uni8C54' に交差がある
INFO:最終チェックのグリフ 'uni8C57' に交差がある
INFO:最終チェックのグリフ 'uni8C5A' に交差がある
INFO:最終チェックのグリフ 'uni8C68' に交差がある
INFO:最終チェックのグリフ 'uni8C69' に交差がある
INFO:最終チェックのグリフ 'uni8C6B' に交差がある
INFO:最終チェックのグリフ 'uni8C79' に交差がある
INFO:最終チェックのグリフ 'uni8CAF' に交差がある
INFO:最終チェックのグリフ 'uni8CD5' に交差がある
INFO:最終チェックのグリフ 'uni8CFC' に交差がある
INFO:最終チェックのグリフ 'uni8D07' に交差がある
INFO:最終チェックのグリフ 'uni8D0E' に交差がある
INFO:最終チェックのグリフ 'uni8D6B' に交差がある
INFO:最終チェックのグリフ 'uni8DCC' に交差がある
INFO:最終チェックのグリフ 'uni8DCE' に交差がある
INFO:最終チェックのグリフ 'uni8DD9' に交差がある
INFO:最終チェックのグリフ 'uni8DEB' に交差がある
INFO:最終チェックのグリフ 'uni8DFF' に交差がある
INFO:最終チェックのグリフ 'uni8E08' に交差がある
INFO:最終チェックのグリフ 'uni8E14' に交差がある
INFO:最終チェックのグリフ 'uni8E2A' に交差がある
INFO:最終チェックのグリフ 'uni8E30' に交差がある
INFO:最終チェックのグリフ 'uni8E4B' に交差がある
INFO:最終チェックのグリフ 'uni8E50' に交差がある
INFO:最終チェックのグリフ 'uni8E62' に交差がある
INFO:最終チェックのグリフ 'uni8E70' に交差がある
INFO:最終チェックのグリフ 'uni8E72' に交差がある
INFO:最終チェックのグリフ 'uni8E7B' に交差がある
INFO:最終チェックのグリフ 'uni8E85' に交差がある
INFO:最終チェックのグリフ 'uni8E8A' に交差がある
INFO:最終チェックのグリフ 'uni8EAA' に交差がある
INFO:最終チェックのグリフ 'uni8EB1' に交差がある
INFO:最終チェックのグリフ 'uni8EC6' に交差がある
INFO:最終チェックのグリフ 'uni8F1D' に交差がある
INFO:最終チェックのグリフ 'uni8F2A' に交差がある
INFO:最終チェックのグリフ 'uni8F38' に交差がある
INFO:最終チェックのグリフ 'uni8F40' に交差がある
INFO:最終チェックのグリフ 'uni8F61' に交差がある
INFO:最終チェックのグリフ 'uni8F62' に交差がある
INFO:最終チェックのグリフ 'uni8F64' に交差がある
INFO:最終チェックのグリフ 'uni8FA6' に交差がある
INFO:最終チェックのグリフ 'uni8FA7' に交差がある
INFO:最終チェックのグリフ 'uni8FAD' に交差がある
INFO:最終チェックのグリフ 'uni8FBB' に交差がある
INFO:最終チェックのグリフ 'uni8FC5' に交差がある
INFO:最終チェックのグリフ 'uni900B' に交差がある
INFO:最終チェックのグリフ 'uni902E' に交差がある
INFO:最終チェックのグリフ 'uni9036' に交差がある
INFO:最終チェックのグリフ 'uni9049' に交差がある
INFO:最終チェックのグリフ 'uni9053' に交差がある
INFO:最終チェックのグリフ 'uni905D' に交差がある
INFO:最終チェックのグリフ 'uni9078' に交差がある
INFO:最終チェックのグリフ 'uni907A' に交差がある
INFO:最終チェックのグリフ 'uni9087' に交差がある
INFO:最終チェックのグリフ 'uni9088' に交差がある
INFO:最終チェックのグリフ 'uni908C' に交差がある
INFO:最終チェックのグリフ 'uni908F' に交差がある
INFO:最終チェックのグリフ 'uni90A3' に交差がある
INFO:最終チェックのグリフ 'uni90A8' に交差がある
INFO:最終チェックのグリフ 'uni90B0' に交差がある
INFO:最終チェックのグリフ 'uni90C4' に交差がある
INFO:最終チェックのグリフ 'uni90FD' に交差がある
INFO:最終チェックのグリフ 'uni9100' に交差がある
INFO:最終チェックのグリフ 'uni9104' に交差がある
INFO:最終チェックのグリフ 'uni9115' に交差がある
INFO:最終チェックのグリフ 'uni911E' に交差がある
INFO:最終チェックのグリフ 'uni9127' に交差がある
INFO:最終チェックのグリフ 'uni9130' に交差がある
INFO:最終チェックのグリフ 'uni9134' に交差がある
INFO:最終チェックのグリフ 'uni913A' に交差がある
INFO:最終チェックのグリフ 'uni913D' に交差がある
INFO:最終チェックのグリフ 'uni9146' に交差がある
INFO:最終チェックのグリフ 'uni914B' に交差がある
INFO:最終チェックのグリフ 'uni9152' の参照が不正
INFO:最終チェックのグリフ 'uni9174' に交差がある
INFO:最終チェックのグリフ 'uni9178' に交差がある
INFO:最終チェックのグリフ 'uni918D' に交差がある
INFO:最終チェックのグリフ 'uni91A2' に交差がある
INFO:最終チェックのグリフ 'uni91AA' に交差がある
INFO:最終チェックのグリフ 'uni91AB' に交差がある
INFO:最終チェックのグリフ 'uni91AF' に交差がある
INFO:最終チェックのグリフ 'uni91B4' に交差がある
INFO:最終チェックのグリフ 'uni91B6' に交差がある
INFO:最終チェックのグリフ 'uni91C0' に交差がある
INFO:最終チェックのグリフ 'uni91C1' に交差がある
INFO:最終チェックのグリフ 'uni91C3' に交差がある
INFO:最終チェックのグリフ 'uni91C6' に交差がある
INFO:最終チェックのグリフ 'uni91C7' に交差がある
INFO:最終チェックのグリフ 'uni91D6' に交差がある
INFO:最終チェックのグリフ 'uni91DC' に交差がある
INFO:最終チェックのグリフ 'uni91E6' の参照が不正
INFO:最終チェックのグリフ 'uni9229' に交差がある
INFO:最終チェックのグリフ 'uni923A' の参照が不正
INFO:最終チェックのグリフ 'uni9245' に交差がある
INFO:最終チェックのグリフ 'uni925B' に交差がある
INFO:最終チェックのグリフ 'uni927D' に交差がある
INFO:最終チェックのグリフ 'uni9285' に交差がある
INFO:最終チェックのグリフ 'uni9297' に交差がある
INFO:最終チェックのグリフ 'uni92C6' に交差がある
INFO:最終チェックのグリフ 'uni92D5' に交差がある
INFO:最終チェックのグリフ 'uni92F2' の参照が不正
INFO:最終チェックのグリフ 'uni92F7' に交差がある
INFO:最終チェックのグリフ 'uni92F8' の参照が不正
INFO:最終チェックのグリフ 'uni9304' に交差がある
INFO:最終チェックのグリフ 'uni9318' に交差がある
INFO:最終チェックのグリフ 'uni931D' に交差がある
INFO:最終チェックのグリフ 'uni9344' に交差がある
INFO:最終チェックのグリフ 'uni9349' に交差がある
INFO:最終チェックのグリフ 'uni934B' に交差がある
INFO:最終チェックのグリフ 'uni934D' に交差がある
INFO:最終チェックのグリフ 'uni9357' の参照が不正
INFO:最終チェックのグリフ 'uni936B' に交差がある
INFO:最終チェックのグリフ 'uni936E' に交差がある
INFO:最終チェックのグリフ 'uni9394' に交差がある
INFO:最終チェックのグリフ 'uni939A' に交差がある
INFO:最終チェックのグリフ 'uni93A4' に交差がある
INFO:最終チェックのグリフ 'uni93AC' の参照が不正
INFO:最終チェックのグリフ 'uni93AD' に交差がある
INFO:最終チェックのグリフ 'uni93B0' に交差がある
INFO:最終チェックのグリフ 'uni93BA' に交差がある
INFO:最終チェックのグリフ 'uni93C3' に交差がある
INFO:最終チェックのグリフ 'uni93C7' に交差がある
INFO:最終チェックのグリフ 'uni93D1' の参照が不正
INFO:最終チェックのグリフ 'uni93D7' に交差がある
INFO:最終チェックのグリフ 'uni93DD' の参照が不正
INFO:最終チェックのグリフ 'uni93DF' に交差がある
INFO:最終チェックのグリフ 'uni93E1' に交差がある
INFO:最終チェックのグリフ 'uni93F8' の参照が不正
INFO:最終チェックのグリフ 'uni940F' に交差がある
INFO:最終チェックのグリフ 'uni9418' の参照が不正
INFO:最終チェックのグリフ 'uni941A' に交差がある
INFO:最終チェックのグリフ 'uni942B' に交差がある
INFO:最終チェックのグリフ 'uni9431' の参照が不正
INFO:最終チェックのグリフ 'uni9432' に交差がある
INFO:最終チェックのグリフ 'uni9434' に交差がある
INFO:最終チェックのグリフ 'uni943B' に交差がある
INFO:最終チェックのグリフ 'uni9448' に交差がある
INFO:最終チェックのグリフ 'uni9451' に交差がある
INFO:最終チェックのグリフ 'uni9452' に交差がある
INFO:最終チェックのグリフ 'uni946A' に交差がある
INFO:最終チェックのグリフ 'uni946B' に交差がある
INFO:最終チェックのグリフ 'uni946D' に交差がある
INFO:最終チェックのグリフ 'uni9471' に交差がある
INFO:最終チェックのグリフ 'uni9475' の参照が不正
INFO:最終チェックのグリフ 'uni947F' に交差がある
INFO:最終チェックのグリフ 'uni9579' に交差がある
INFO:最終チェックのグリフ 'uni9583' に交差がある
INFO:最終チェックのグリフ 'uni9594' に交差がある
INFO:最終チェックのグリフ 'uni95A5' に交差がある
INFO:最終チェックのグリフ 'uni95BE' に交差がある
INFO:最終チェックのグリフ 'uni95CC' に交差がある
INFO:最終チェックのグリフ 'uni95D6' に交差がある
INFO:最終チェックのグリフ 'uni95D8' に交差がある
INFO:最終チェックのグリフ 'uni95DA' に交差がある
INFO:最終チェックのグリフ 'uni95E5' に交差がある
INFO:最終チェックのグリフ 'uni9621' に交差がある
INFO:最終チェックのグリフ 'uni962A' に交差がある
INFO:最終チェックのグリフ 'uni963B' に交差がある
INFO:最終チェックのグリフ 'uni9644' に交差がある
INFO:最終チェックのグリフ 'uni964B' に交差がある
INFO:最終チェックのグリフ 'uni9650' に交差がある
INFO:最終チェックのグリフ 'uni9658' に交差がある
INFO:最終チェックのグリフ 'uni965B' に交差がある
INFO:最終チェックのグリフ 'uni965C' に交差がある
INFO:最終チェックのグリフ 'uni965D' に交差がある
INFO:最終チェックのグリフ 'uni965F' に交差がある
INFO:最終チェックのグリフ 'uni9664' に交差がある
INFO:最終チェックのグリフ 'uni9670' に交差がある
INFO:最終チェックのグリフ 'uni9676' に交差がある
INFO:最終チェックのグリフ 'uni967D' に交差がある
INFO:最終チェックのグリフ 'uni9684' に交差がある
INFO:最終チェックのグリフ 'uni9686' に交差がある
INFO:最終チェックのグリフ 'uni9694' に交差がある
INFO:最終チェックのグリフ 'uni9695' の参照が不正
INFO:最終チェックのグリフ 'uni9699' に交差がある
INFO:最終チェックのグリフ 'uni969A' に交差がある
INFO:最終チェックのグリフ 'uni969D' に交差がある
INFO:最終チェックのグリフ 'uni96A0' に交差がある
INFO:最終チェックのグリフ 'uni96A5' に交差がある
INFO:最終チェックのグリフ 'uni96A7' の参照が不正
INFO:最終チェックのグリフ 'uni96AF' に交差がある
INFO:最終チェックのグリフ 'uni96B2' に交差がある
INFO:最終チェックのグリフ 'uni96B4' に交差がある
INFO:最終チェックのグリフ 'uni96B7' の参照が不正
INFO:最終チェックのグリフ 'uni96B8' の参照が不正
INFO:最終チェックのグリフ 'uni96EB' に交差がある
INFO:最終チェックのグリフ 'uni9707' に交差がある
INFO:最終チェックのグリフ 'uni970A' に交差がある
INFO:最終チェックのグリフ 'uni9716' に交差がある
INFO:最終チェックのグリフ 'uni9743' に交差がある
INFO:最終チェックのグリフ 'uni9746' に交差がある
INFO:最終チェックのグリフ 'uni9748' に交差がある
INFO:最終チェックのグリフ 'uni9749' に交差がある
INFO:最終チェックのグリフ 'uni975B' に交差がある
INFO:最終チェックのグリフ 'uni975C' に交差がある
INFO:最終チェックのグリフ 'uni976D' に交差がある
INFO:最終チェックのグリフ 'uni97A0' に交差がある
INFO:最終チェックのグリフ 'uni97AE' に交差がある
INFO:最終チェックのグリフ 'uni97C6' に交差がある
INFO:最終チェックのグリフ 'uni97C9' に交差がある
INFO:最終チェックのグリフ 'uni97D1' に交差がある
INFO:最終チェックのグリフ 'uni97DE' に交差がある
INFO:最終チェックのグリフ 'uni980C' に交差がある
INFO:最終チェックのグリフ 'uni980D' に交差がある
INFO:最終チェックのグリフ 'uni9816' に交差がある
INFO:最終チェックのグリフ 'uni9818' の参照が不正
INFO:最終チェックのグリフ 'uni9830' に交差がある
INFO:最終チェックのグリフ 'uni983D' の参照が不正
INFO:最終チェックのグリフ 'uni984C' に交差がある
INFO:最終チェックのグリフ 'uni9856' に交差がある
INFO:最終チェックのグリフ 'uni9859' に交差がある
INFO:最終チェックのグリフ 'uni986F' に交差がある
INFO:最終チェックのグリフ 'uni9871' に交差がある
INFO:最終チェックのグリフ 'uni98B7' に交差がある
INFO:最終チェックのグリフ 'uni98C4' に交差がある
INFO:最終チェックのグリフ 'uni98C6' に交差がある
INFO:最終チェックのグリフ 'uni98C7' に交差がある
INFO:最終チェックのグリフ 'uni98CB' に交差がある
INFO:最終チェックのグリフ 'uni98E3' に交差がある
INFO:最終チェックのグリフ 'uni98ED' に交差がある
INFO:最終チェックのグリフ 'uni98FE' に交差がある
INFO:最終チェックのグリフ 'uni9917' に交差がある
INFO:最終チェックのグリフ 'uni9918' に交差がある
INFO:最終チェックのグリフ 'uni9950' に交差がある
INFO:最終チェックのグリフ 'uni995C' に交差がある
INFO:最終チェックのグリフ 'uni99C4' に交差がある
INFO:最終チェックのグリフ 'uni99D1' に交差がある
INFO:最終チェックのグリフ 'uni99D4' に交差がある
INFO:最終チェックのグリフ 'uni99FF' に交差がある
INFO:最終チェックのグリフ 'uni9A16' に交差がある
INFO:最終チェックのグリフ 'uni9A19' に交差がある
INFO:最終チェックのグリフ 'uni9A20' に交差がある
INFO:最終チェックのグリフ 'uni9A30' に交差がある
INFO:最終チェックのグリフ 'uni9A38' に交差がある
INFO:最終チェックのグリフ 'uni9A44' に交差がある
INFO:最終チェックのグリフ 'uni9A57' に交差がある
INFO:最終チェックのグリフ 'uni9A5A' に交差がある
INFO:最終チェックのグリフ 'uni9A5F' に交差がある
INFO:最終チェックのグリフ 'uni9A6A' に交差がある
INFO:最終チェックのグリフ 'uni9A6B' に交差がある
INFO:最終チェックのグリフ 'uni9AB6' に交差がある
INFO:最終チェックのグリフ 'uni9AB9' に交差がある
INFO:最終チェックのグリフ 'uni9ABC' に交差がある
INFO:最終チェックのグリフ 'uni9AC1' に交差がある
INFO:最終チェックのグリフ 'uni9AC6' に交差がある
INFO:最終チェックのグリフ 'uni9AD1' に交差がある
INFO:最終チェックのグリフ 'uni9AD3' に交差がある
INFO:最終チェックのグリフ 'uni9AD4' に交差がある
INFO:最終チェックのグリフ 'uni9AD6' に交差がある
INFO:最終チェックのグリフ 'uni9ADC' に交差がある
INFO:最終チェックのグリフ 'uni9B18' に交差がある
INFO:最終チェックのグリフ 'uni9B1D' に交差がある
INFO:最終チェックのグリフ 'uni9B27' に交差がある
INFO:最終チェックのグリフ 'uni9B28' に交差がある
INFO:最終チェックのグリフ 'uni9B2A' に交差がある
INFO:最終チェックのグリフ 'uni9B2F' に交差がある
INFO:最終チェックのグリフ 'uni9B31' に交差がある
INFO:最終チェックのグリフ 'uni9B42' に交差がある
INFO:最終チェックのグリフ 'uni9B4D' に交差がある
WARNING:最終チェックのグリフ 'uni9B4D' に自己交差がある
INFO:最終チェックのグリフ 'uni9B58' に交差がある
INFO:最終チェックのグリフ 'uni9B74' に交差がある
INFO:最終チェックのグリフ 'uni9B96' に交差がある
INFO:最終チェックのグリフ 'uni9B9F' に交差がある
INFO:最終チェックのグリフ 'uni9BB4' に交差がある
INFO:最終チェックのグリフ 'uni9BBB' に交差がある
INFO:最終チェックのグリフ 'uni9BE1' に交差がある
INFO:最終チェックのグリフ 'uni9BE5' に交差がある
INFO:最終チェックのグリフ 'uni9BEA' に交差がある
INFO:最終チェックのグリフ 'uni9BEF' に交差がある
INFO:最終チェックのグリフ 'uni9BF0' に交差がある
INFO:最終チェックのグリフ 'uni9BF2' に交差がある
INFO:最終チェックのグリフ 'uni9BF7' に交差がある
INFO:最終チェックのグリフ 'uni9C04' に交差がある
INFO:最終チェックのグリフ 'uni9C0A' に交差がある
INFO:最終チェックのグリフ 'uni9C13' に交差がある
INFO:最終チェックのグリフ 'uni9C18' に交差がある
INFO:最終チェックのグリフ 'uni9C1A' に交差がある
INFO:最終チェックのグリフ 'uni9C1D' に交差がある
INFO:最終チェックのグリフ 'uni9C22' に交差がある
INFO:最終チェックのグリフ 'uni9C25' に交差がある
INFO:最終チェックのグリフ 'uni9C2A' に交差がある
INFO:最終チェックのグリフ 'uni9C2E' に交差がある
INFO:最終チェックのグリフ 'uni9C31' に交差がある
INFO:最終チェックのグリフ 'uni9C39' に交差がある
INFO:最終チェックのグリフ 'uni9C3A' に交差がある
INFO:最終チェックのグリフ 'uni9C45' に交差がある
INFO:最終チェックのグリフ 'uni9C47' に交差がある
INFO:最終チェックのグリフ 'uni9C4A' に交差がある
INFO:最終チェックのグリフ 'uni9C4F' に交差がある
INFO:最終チェックのグリフ 'uni9C58' に交差がある
INFO:最終チェックのグリフ 'uni9C5B' に交差がある
INFO:最終チェックのグリフ 'uni9C5C' に交差がある
INFO:最終チェックのグリフ 'uni9C5D' に交差がある
INFO:最終チェックのグリフ 'uni9C67' に交差がある
INFO:最終チェックのグリフ 'uni9C6A' に交差がある
INFO:最終チェックのグリフ 'uni9C6D' の参照が不正
INFO:最終チェックのグリフ 'uni9C70' に交差がある
INFO:最終チェックのグリフ 'uni9C72' に交差がある
INFO:最終チェックのグリフ 'uni9C75' に交差がある
INFO:最終チェックのグリフ 'uni9C7A' に交差がある
INFO:最終チェックのグリフ 'uni9CE9' に交差がある
INFO:最終チェックのグリフ 'uni9CF0' に交差がある
INFO:最終チェックのグリフ 'uni9CF4' に交差がある
INFO:最終チェックのグリフ 'uni9D08' に交差がある
INFO:最終チェックのグリフ 'uni9D09' に交差がある
INFO:最終チェックのグリフ 'uni9D0E' に交差がある
INFO:最終チェックのグリフ 'uni9D11' に交差がある
INFO:最終チェックのグリフ 'uni9D12' に交差がある
INFO:最終チェックのグリフ 'uni9D17' に交差がある
INFO:最終チェックのグリフ 'uni9D1B' に交差がある
INFO:最終チェックのグリフ 'uni9D1E' に交差がある
INFO:最終チェックのグリフ 'uni9D1F' に交差がある
INFO:最終チェックのグリフ 'uni9D2A' に交差がある
INFO:最終チェックのグリフ 'uni9D2B' に交差がある
INFO:最終チェックのグリフ 'uni9D2C' に交差がある
INFO:最終チェックのグリフ 'uni9D32' に交差がある
INFO:最終チェックのグリフ 'uni9D3F' に交差がある
INFO:最終チェックのグリフ 'uni9D42' に交差がある
INFO:最終チェックのグリフ 'uni9D43' に交差がある
INFO:最終チェックのグリフ 'uni9D47' に交差がある
INFO:最終チェックのグリフ 'uni9D52' に交差がある
INFO:最終チェックのグリフ 'uni9D59' に交差がある
INFO:最終チェックのグリフ 'uni9D5C' に交差がある
INFO:最終チェックのグリフ 'uni9D61' に交差がある
INFO:最終チェックのグリフ 'uni9D62' に交差がある
INFO:最終チェックのグリフ 'uni9D63' に交差がある
INFO:最終チェックのグリフ 'uni9D64' に交差がある
INFO:最終チェックのグリフ 'uni9D69' に交差がある
INFO:最終チェックのグリフ 'uni9D6C' に交差がある
INFO:最終チェックのグリフ 'uni9D70' に交差がある
INFO:最終チェックのグリフ 'uni9D72' に交差がある
INFO:最終チェックのグリフ 'uni9D76' に交差がある
INFO:最終チェックのグリフ 'uni9D77' に交差がある
INFO:最終チェックのグリフ 'uni9D7A' に交差がある
INFO:最終チェックのグリフ 'uni9D7C' に交差がある
INFO:最終チェックのグリフ 'uni9D7E' に交差がある
INFO:最終チェックのグリフ 'uni9D87' に交差がある
INFO:最終チェックのグリフ 'uni9D89' に交差がある
INFO:最終チェックのグリフ 'uni9D8A' に交差がある
INFO:最終チェックのグリフ 'uni9D8D' に交差がある
INFO:最終チェックのグリフ 'uni9D8F' に交差がある
INFO:最終チェックのグリフ 'uni9D96' に交差がある
INFO:最終チェックのグリフ 'uni9D9A' に交差がある
INFO:最終チェックのグリフ 'uni9DA1' に交差がある
INFO:最終チェックのグリフ 'uni9DAC' に交差がある
INFO:最終チェックのグリフ 'uni9DAF' に交差がある
INFO:最終チェックのグリフ 'uni9DB2' に交差がある
INFO:最終チェックのグリフ 'uni9DB5' に交差がある
INFO:最終チェックのグリフ 'uni9DB8' に交差がある
INFO:最終チェックのグリフ 'uni9DB9' に交差がある
INFO:最終チェックのグリフ 'uni9DBB' に交差がある
INFO:最終チェックのグリフ 'uni9DBC' に交差がある
INFO:最終チェックのグリフ 'uni9DBD' に交差がある
INFO:最終チェックのグリフ 'uni9DC1' に交差がある
INFO:最終チェックのグリフ 'uni9DC4' に交差がある
INFO:最終チェックのグリフ 'uni9DC6' に交差がある
INFO:最終チェックのグリフ 'uni9DC9' に交差がある
INFO:最終チェックのグリフ 'uni9DCF' に交差がある
INFO:最終チェックのグリフ 'uni9DD3' の参照が不正
INFO:最終チェックのグリフ 'uni9DD9' に交差がある
INFO:最終チェックのグリフ 'uni9DE0' に交差がある
INFO:最終チェックのグリフ 'uni9DE6' の参照が不正
INFO:最終チェックのグリフ 'uni9DE7' に交差がある
INFO:最終チェックのグリフ 'uni9DED' の参照が不正
INFO:最終チェックのグリフ 'uni9DFD' に交差がある
INFO:最終チェックのグリフ 'uni9E02' に交差がある
INFO:最終チェックのグリフ 'uni9E07' に交差がある
INFO:最終チェックのグリフ 'uni9E15' に交差がある
INFO:最終チェックのグリフ 'uni9E19' に交差がある
INFO:最終チェックのグリフ 'uni9E1B' に交差がある
INFO:最終チェックのグリフ 'uni9E1C' の参照が不正
INFO:最終チェックのグリフ 'uni9E1D' に交差がある
INFO:最終チェックのグリフ 'uni9E78' に交差がある
INFO:最終チェックのグリフ 'uni9E7C' に交差がある
INFO:最終チェックのグリフ 'uni9E7D' に交差がある
INFO:最終チェックのグリフ 'uni9E91' に交差がある
INFO:最終チェックのグリフ 'uni9E93' に交差がある
INFO:最終チェックのグリフ 'uni9E97' に交差がある
INFO:最終チェックのグリフ 'uni9EB9' に交差がある
INFO:最終チェックのグリフ 'uni9EBB' に交差がある
INFO:最終チェックのグリフ 'uni9ED0' に交差がある
INFO:最終チェックのグリフ 'uni9ED8' に交差がある
INFO:最終チェックのグリフ 'uni9EDD' に交差がある
INFO:最終チェックのグリフ 'uni9EEE' に交差がある
INFO:最終チェックのグリフ 'uni9EF9' に交差がある
INFO:最終チェックのグリフ 'uni9EFB' に交差がある
INFO:最終チェックのグリフ 'uni9EFC' に交差がある
INFO:最終チェックのグリフ 'uni9F07' に交差がある
INFO:最終チェックのグリフ 'uni9F17' に交差がある
INFO:最終チェックのグリフ 'uni9F20' に交差がある
INFO:最終チェックのグリフ 'uni9F37' に交差がある
INFO:最終チェックのグリフ 'uni9F4F' に交差がある
INFO:最終チェックのグリフ 'uni9F5F' に交差がある
INFO:最終チェックのグリフ 'uni9F67' に交差がある
INFO:最終チェックのグリフ 'uni9F6D' に交差がある
INFO:最終チェックのグリフ 'uni9F72' に交差がある
INFO:最終チェックのグリフ 'uni9F77' に交差がある
INFO:最終チェックのグリフ 'uniF929' に交差がある
INFO:最終チェックのグリフ 'uniFA23' に交差がある
INFO:最終チェックのグリフ 'uniFA26' に交差がある
INFO:最終チェックのグリフ 'uniFA2D' の参照が不正
INFO:最終チェックのグリフ 'uniFA3A' に交差がある
INFO:最終チェックのグリフ 'uniFA3E' に交差がある
INFO:最終チェックのグリフ 'uniFA3F' に交差がある
INFO:最終チェックのグリフ 'uniFA44' に交差がある
INFO:最終チェックのグリフ 'uniFA4A' に交差がある
INFO:最終チェックのグリフ 'uniFA4C' に交差がある
INFO:最終チェックのグリフ 'uniFA4E' に交差がある
INFO:最終チェックのグリフ 'uniFA52' に交差がある
INFO:最終チェックのグリフ 'uniFA53' に交差がある
INFO:最終チェックのグリフ 'uniFA58' の参照が不正
INFO:最終チェックのグリフ 'uniFF16' に交差がある
INFO:最終チェックのグリフ 'uniFF2A' に交差がある
INFO:最終チェックのグリフ 'uniFF53' に交差がある
INFO:最終チェックのグリフ 'uniFF8A' に交差がある
INFO:最終チェックのグリフ 'uniFF8D' に交差がある
INFO:最終チェックのグリフ 'uniFF8F' に交差がある
INFO:最終チェックのグリフ 'u2074F' に交差がある
INFO:最終チェックのグリフ 'u20807' に交差がある
INFO:最終チェックのグリフ 'u20E64' に交差がある
INFO:最終チェックのグリフ 'u212E4' に交差がある
INFO:最終チェックのグリフ 'u212FD' に交差がある
INFO:最終チェックのグリフ 'u2146E' に交差がある
INFO:最終チェックのグリフ 'u233D0' に交差がある
INFO:最終チェックのグリフ 'u233DF' に交差がある
INFO:最終チェックのグリフ 'u23451' に交差がある
INFO:最終チェックのグリフ 'u2363A' に交差がある
INFO:最終チェックのグリフ 'u2371C' に交差がある
INFO:最終チェックのグリフ 'u23D00' に交差がある
INFO:最終チェックのグリフ 'u23DF9' に交差がある
INFO:最終チェックのグリフ 'u24096' に交差がある
INFO:最終チェックのグリフ 'u24103' の参照が不正
INFO:最終チェックのグリフ 'u241C6' に交差がある
INFO:最終チェックのグリフ 'u243BC' の参照が不正
INFO:最終チェックのグリフ 'u243D0' に交差がある
INFO:最終チェックのグリフ 'u255A7' に交差がある
INFO:最終チェックのグリフ 'u25C64' に交差がある
INFO:最終チェックのグリフ 'u25E62' に交差がある
INFO:最終チェックのグリフ 'u25FFB' の参照が不正
INFO:最終チェックのグリフ 'u266B0' に交差がある
INFO:最終チェックのグリフ 'u26A58' に交差がある
INFO:最終チェックのグリフ 'u26C73' に交差がある
INFO:最終チェックのグリフ 'u26CDD' に交差がある
INFO:最終チェックのグリフ 'u26E40' に交差がある
INFO:最終チェックのグリフ 'u26E65' に交差がある
INFO:最終チェックのグリフ 'u27139' に交差がある
INFO:最終チェックのグリフ 'u273DB' に交差がある
INFO:最終チェックのグリフ 'u27723' に交差がある
INFO:最終チェックのグリフ 'u27E10' の参照が不正
INFO:最終チェックのグリフ 'u28282' に交差がある
INFO:最終チェックのグリフ 'u283CD' に交差がある
INFO:最終チェックのグリフ 'u2856B' に交差がある
INFO:最終チェックのグリフ 'u286D7' に交差がある
INFO:最終チェックのグリフ 'u28A1E' に交差がある
INFO:最終チェックのグリフ 'u28A29' に交差がある
INFO:最終チェックのグリフ 'u28ACD' に交差がある
INFO:最終チェックのグリフ 'u28BC1' に交差がある
INFO:最終チェックのグリフ 'u28DFB' に交差がある
INFO:最終チェックのグリフ 'u28E1F' に交差がある
INFO:最終チェックのグリフ 'u28E36' に交差がある
INFO:最終チェックのグリフ 'u28E89' に交差がある
INFO:最終チェックのグリフ 'u292B1' に交差がある
INFO:最終チェックのグリフ 'u295CF' に交差がある
INFO:最終チェックのグリフ 'u296F0' に交差がある
INFO:最終チェックのグリフ 'u29719' に交差がある
INFO:最終チェックのグリフ 'u29750' に交差がある
INFO:最終チェックのグリフ 'u29E15' に交差がある
INFO:最終チェックのグリフ 'u29EC4' に交差がある
INFO:最終チェックのグリフ 'u29EE9' に交差がある
INFO:最終チェックのグリフ 'u2A02F' に交差がある
INFO:最終チェックのグリフ 'u2A190' に交差がある
INFO:最終チェックのグリフ 'u2A5F1' に交差がある
INFO:最終チェックのグリフ 'u2F920' に交差がある
INFO:最終チェックのグリフ 'uni301C.vert' に交差がある
INFO:最終チェックのグリフ 'uni306E.aalt' に交差がある
INFO:最終チェックのグリフ 'uni308F.aalt' に交差がある
INFO:最終チェックのグリフ 'uni30A4.vert' に交差がある
INFO:最終チェックのグリフ 'uni30BA.aalt' に交差がある
INFO:最終チェックのグリフ 'uni30BD.vert' に交差がある
INFO:最終チェックのグリフ 'uni30D1.aalt' に交差がある
INFO:最終チェックのグリフ 'uni30D5.vert' に交差がある
INFO:最終チェックのグリフ 'uni30E1.vert' に交差がある
INFO:最終チェックのグリフ 'uni30EC.vert' に交差がある
INFO:最終チェックのグリフ 'uni30EF.vert' に交差がある
INFO:最終チェックのグリフ 'uni91DC.expt' に交差がある
INFO:最終チェックのグリフ 'uni7FF0.aalt' に交差がある
INFO:最終チェックのグリフ 'uni537F.aalt' に交差がある
INFO:最終チェックのグリフ 'uni9699.expt' に交差がある
INFO:最終チェックのグリフ 'uni7511.jp83' に交差がある
INFO:最終チェックのグリフ 'uni85A9.aalt' に交差がある
INFO:最終チェックのグリフ 'uni8755.aalt' に交差がある
INFO:最終チェックのグリフ 'uni717D.jp83' に交差がある
INFO:最終チェックのグリフ 'uni817F.aalt' に交差がある
INFO:最終チェックのグリフ 'uni8B2C.aalt' に交差がある
INFO:最終チェックのグリフ 'uni56C0.aalt' に交差がある
INFO:最終チェックのグリフ 'uni7AC8.expt' に交差がある
INFO:最終チェックのグリフ 'uni8A1D.aalt' に交差がある
INFO:最終チェックのグリフ 'uni9A19.aalt' に交差がある
INFO:最終チェックのグリフ 'uni91C7.aalt' に交差がある
INFO:最終チェックのグリフ 'uni976D.jp78' に交差がある
INFO:最終チェックのグリフ 'uni7FE0.jp78' に交差がある
INFO:最終チェックのグリフ 'uni717D.jp78' に交差がある
INFO:最終チェックのグリフ 'uni68DA.aalt' に交差がある
INFO:最終チェックのグリフ 'uni9D07.aalt' に交差がある
INFO:最終チェックのグリフ 'uni7652.jp78' に交差がある
INFO:最終チェックのグリフ 'uni7337.expt' に交差がある
INFO:最終チェックのグリフ 'uni8000.expt' に交差がある
INFO:最終チェックのグリフ 'uni5539.aalt' に交差がある
INFO:最終チェックのグリフ 'uni7515.jp78' に交差がある
INFO:最終チェックのグリフ 'uni787C.aalt' に交差がある
INFO:最終チェックのグリフ 'uni7D9B.aalt' に交差がある
INFO:最終チェックのグリフ 'uni8DDA.aalt' に交差がある
INFO:最終チェックのグリフ 'uni6E23.aalt' に交差がある
INFO:最終チェックのグリフ 'uni7FE9.aalt' に交差がある
INFO:最終チェックのグリフ 'glyph12018' に交差がある
INFO:最終チェックのグリフ 'uni6717.trad' に交差がある
INFO:最終チェックのグリフ 'uni8B7F.aalt' に交差がある
INFO:最終チェックのグリフ 'glyph12035' に交差がある
INFO:最終チェックのグリフ 'glyph12063' に交差がある
INFO:最終チェックのグリフ 'glyph12223' に交差がある
INFO:最終チェックのグリフ 'glyph12242' に交差がある
INFO:最終チェックのグリフ 'glyph12248' に交差がある
INFO:最終チェックのグリフ 'uni6709_uni9650_uni4F1A_uni793E.dlig' に交差がある
INFO:最終チェックのグリフ 'uni8CA1_uni56E3_uni6CD5_uni4EBA.dlig' に交差がある
INFO:最終チェックのグリフ 'uni337F.vert' に交差がある
INFO:最終チェックのグリフ 'uni3333.vert' に交差がある
INFO:最終チェックのグリフ 'guillemotleft.vert' に交差がある
INFO:最終チェックのグリフ 'threequarters.aalt' に交差がある
INFO:最終チェックのグリフ 'uniFF16.vert' に交差がある
INFO:最終チェックのグリフ 'uniFF27.vert' に交差がある
INFO:最終チェックのグリフ 'uniFF2D.vert' に交差がある
INFO:最終チェックのグリフ 'uniFF2E.vert' に交差がある
INFO:最終チェックのグリフ 'uniFF34.vert' に交差がある
INFO:最終チェックのグリフ 'uniFF38.vert' に交差がある
INFO:最終チェックのグリフ 'uniFF39.vert' に交差がある
