INFO:最終チェックのグリフ 'two' に交差がある
INFO:最終チェックのグリフ 'backslash' に交差がある
INFO:最終チェックのグリフ 'x' に交差がある
INFO:最終チェックのグリフ 'cdotaccent' に交差がある
INFO:最終チェックのグリフ 'ohungarumlaut' に交差がある
INFO:最終チェックのグリフ 'uhungarumlaut' に交差がある
INFO:最終チェックのグリフ 'uni030F' に交差がある
INFO:最終チェックのグリフ 'uni0318' に交差がある
INFO:最終チェックのグリフ 'uni0319' に交差がある
INFO:最終チェックのグリフ 'uni0459' に交差がある
INFO:最終チェックのグリフ 'dagger' に交差がある
INFO:最終チェックのグリフ 'uni217B' に交差がある
INFO:最終チェックのグリフ 'uni222C' に交差がある
INFO:最終チェックのグリフ 'uni22DA' に交差がある
INFO:最終チェックのグリフ 'uni2473' に交差がある
INFO:最終チェックのグリフ 'uni24A6' に交差がある
INFO:最終チェックのグリフ 'uni24AA' に交差がある
INFO:最終チェックのグリフ 'uni24F3' に交差がある
INFO:最終チェックのグリフ 'uni260E' に交差がある
INFO:最終チェックのグリフ 'uni261C' に交差がある
INFO:最終チェックのグリフ 'uni261D' に交差がある
INFO:最終チェックのグリフ 'uni2713' に交差がある
INFO:最終チェックのグリフ 'uni3006' に交差がある
INFO:最終チェックのグリフ 'uni306F' に交差がある
INFO:最終チェックのグリフ 'uni3073' に交差がある
INFO:最終チェックのグリフ 'uni3074' に交差がある
INFO:最終チェックのグリフ 'uni30EB' に交差がある
INFO:最終チェックのグリフ 'uni322B' に交差がある
INFO:最終チェックのグリフ 'uni3231' に交差がある
INFO:最終チェックのグリフ 'uni3232' に交差がある
INFO:最終チェックのグリフ 'uni3233' に交差がある
INFO:最終チェックのグリフ 'uni3235' に交差がある
INFO:最終チェックのグリフ 'uni3239' に交差がある
INFO:最終チェックのグリフ 'uni323F' に交差がある
INFO:最終チェックのグリフ 'uni3240' に交差がある
INFO:最終チェックのグリフ 'uni3241' に交差がある
INFO:最終チェックのグリフ 'uni3254' に交差がある
INFO:最終チェックのグリフ 'uni3291' に交差がある
INFO:最終チェックのグリフ 'uni3298' に交差がある
INFO:最終チェックのグリフ 'uni329E' に交差がある
INFO:最終チェックのグリフ 'uni32AF' に交差がある
INFO:最終チェックのグリフ 'uni337D' に交差がある
INFO:最終チェックのグリフ 'uni3385' に交差がある
INFO:最終チェックのグリフ 'uni33B1' に交差がある
INFO:最終チェックのグリフ 'uni33CD' に交差がある
INFO:最終チェックのグリフ 'uni35F4' に交差がある
INFO:最終チェックのグリフ 'uni376B' に交差がある
INFO:最終チェックのグリフ 'uni3B6D' に交差がある
INFO:最終チェックのグリフ 'uni3BC3' に交差がある
INFO:最終チェックのグリフ 'uni3BCD' に交差がある
INFO:最終チェックのグリフ 'uni3C26' に交差がある
INFO:最終チェックのグリフ 'uni3CC3' に交差がある
INFO:最終チェックのグリフ 'uni3CD2' に交差がある
INFO:最終チェックのグリフ 'uni3D11' に交差がある
INFO:最終チェックのグリフ 'uni3F77' に交差がある
INFO:最終チェックのグリフ 'uni3FAE' に交差がある
INFO:最終チェックのグリフ 'uni4264' に交差がある
INFO:最終チェックのグリフ 'uni42DD' に交差がある
INFO:最終チェックのグリフ 'uni445B' に交差がある
INFO:最終チェックのグリフ 'uni45E5' に交差がある
INFO:最終チェックのグリフ 'uni46A1' に交差がある
INFO:最終チェックのグリフ 'uni4C17' に交差がある
INFO:最終チェックのグリフ 'uni4EA6' に交差がある
INFO:最終チェックのグリフ 'uni4EC3' に交差がある
INFO:最終チェックのグリフ 'uni4EEE' に交差がある
INFO:最終チェックのグリフ 'uni4F47' に交差がある
INFO:最終チェックのグリフ 'uni4F48' に交差がある
INFO:最終チェックのグリフ 'uni4F4E' に交差がある
INFO:最終チェックのグリフ 'uni4F55' に交差がある
INFO:最終チェックのグリフ 'uni4F5B' に交差がある
INFO:最終チェックのグリフ 'uni4F60' に交差がある
INFO:最終チェックのグリフ 'uni4FC2' に交差がある
INFO:最終チェックのグリフ 'uni5018' に交差がある
INFO:最終チェックのグリフ 'uni504F' に交差がある
INFO:最終チェックのグリフ 'uni5063' に交差がある
INFO:最終チェックのグリフ 'uni5072' に交差がある
INFO:最終チェックのグリフ 'uni5080' に交差がある
INFO:最終チェックのグリフ 'uni508D' に交差がある
INFO:最終チェックのグリフ 'uni5092' に交差がある
INFO:最終チェックのグリフ 'uni5096' に交差がある
INFO:最終チェックのグリフ 'uni50B2' に交差がある
INFO:最終チェックのグリフ 'uni50BB' に交差がある
INFO:最終チェックのグリフ 'uni50CD' に交差がある
INFO:最終チェックのグリフ 'uni50CE' に交差がある
INFO:最終チェックのグリフ 'uni50D5' に交差がある
INFO:最終チェックのグリフ 'uni50EE' に交差がある
INFO:最終チェックのグリフ 'uni50F3' に交差がある
INFO:最終チェックのグリフ 'uni50F4' に交差がある
INFO:最終チェックのグリフ 'uni50FB' に交差がある
INFO:最終チェックのグリフ 'uni5101' に交差がある
INFO:最終チェックのグリフ 'uni5108' に交差がある
INFO:最終チェックのグリフ 'uni5117' に交差がある
INFO:最終チェックのグリフ 'uni511E' に交差がある
INFO:最終チェックのグリフ 'uni5160' に交差がある
INFO:最終チェックのグリフ 'uni5165' に交差がある
INFO:最終チェックのグリフ 'uni518C' に交差がある
INFO:最終チェックのグリフ 'uni5198' に交差がある
INFO:最終チェックのグリフ 'uni51C9' に交差がある
INFO:最終チェックのグリフ 'uni51DD' に交差がある
INFO:最終チェックのグリフ 'uni51EE' に交差がある
INFO:最終チェックのグリフ 'uni51FD' に交差がある
INFO:最終チェックのグリフ 'uni520A' に交差がある
INFO:最終チェックのグリフ 'uni5215' に交差がある
INFO:最終チェックのグリフ 'uni5227' に交差がある
INFO:最終チェックのグリフ 'uni5229' に交差がある
INFO:最終チェックのグリフ 'uni522A' に交差がある
INFO:最終チェックのグリフ 'uni522E' に交差がある
INFO:最終チェックのグリフ 'uni5230' に交差がある
INFO:最終チェックのグリフ 'uni524D' に交差がある
INFO:最終チェックのグリフ 'uni524F' に交差がある
INFO:最終チェックのグリフ 'uni5254' に交差がある
INFO:最終チェックのグリフ 'uni5257' に交差がある
INFO:最終チェックのグリフ 'uni525D' に交差がある
INFO:最終チェックのグリフ 'uni5261' に交差がある
INFO:最終チェックのグリフ 'uni5265' に交差がある
INFO:最終チェックのグリフ 'uni5269' に交差がある
INFO:最終チェックのグリフ 'uni526A' に交差がある
INFO:最終チェックのグリフ 'uni5273' に交差がある
INFO:最終チェックのグリフ 'uni527D' に交差がある
INFO:最終チェックのグリフ 'uni5287' に交差がある
INFO:最終チェックのグリフ 'uni5288' に交差がある
INFO:最終チェックのグリフ 'uni5292' に交差がある
INFO:最終チェックのグリフ 'uni5294' に交差がある
INFO:最終チェックのグリフ 'uni52A4' に交差がある
INFO:最終チェックのグリフ 'uni52A9' に交差がある
INFO:最終チェックのグリフ 'uni52AA' に交差がある
INFO:最終チェックのグリフ 'uni52B4' に交差がある
INFO:最終チェックのグリフ 'uni52B5' に交差がある
INFO:最終チェックのグリフ 'uni52BB' に交差がある
INFO:最終チェックのグリフ 'uni52BE' に交差がある
INFO:最終チェックのグリフ 'uni52D6' に交差がある
INFO:最終チェックのグリフ 'uni52DE' に交差がある
INFO:最終チェックのグリフ 'uni52E3' に交差がある
INFO:最終チェックのグリフ 'uni52E7' に交差がある
INFO:最終チェックのグリフ 'uni52F5' に交差がある
INFO:最終チェックのグリフ 'uni52F8' に交差がある
INFO:最終チェックのグリフ 'uni5300' に交差がある
INFO:最終チェックのグリフ 'uni533A' に交差がある
INFO:最終チェックのグリフ 'uni5378' に交差がある
INFO:最終チェックのグリフ 'uni53A4' に交差がある
INFO:最終チェックのグリフ 'uni53A8' に交差がある
INFO:最終チェックのグリフ 'uni53C8' に交差がある
INFO:最終チェックのグリフ 'uni53CB' に交差がある
INFO:最終チェックのグリフ 'uni53E2' に交差がある
INFO:最終チェックのグリフ 'uni540D' に交差がある
INFO:最終チェックのグリフ 'uni545F' に交差がある
INFO:最終チェックのグリフ 'uni5496' に交差がある
INFO:最終チェックのグリフ 'uni54A6' に交差がある
INFO:最終チェックのグリフ 'uni54E8' に交差がある
INFO:最終チェックのグリフ 'uni54EC' に交差がある
INFO:最終チェックのグリフ 'uni550E' に交差がある
INFO:最終チェックのグリフ 'uni550F' に交差がある
INFO:最終チェックのグリフ 'uni5541' に交差がある
INFO:最終チェックのグリフ 'uni554F' に交差がある
INFO:最終チェックのグリフ 'uni557C' に交差がある
INFO:最終チェックのグリフ 'uni558E' に交差がある
INFO:最終チェックのグリフ 'uni55DC' に交差がある
INFO:最終チェックのグリフ 'uni55DF' に交差がある
INFO:最終チェックのグリフ 'uni5610' に交差がある
INFO:最終チェックのグリフ 'uni5637' に交差がある
INFO:最終チェックのグリフ 'uni5647' に交差がある
INFO:最終チェックのグリフ 'uni5666' に交差がある
INFO:最終チェックのグリフ 'uni5687' に交差がある
INFO:最終チェックのグリフ 'uni56C0' に交差がある
INFO:最終チェックのグリフ 'uni56F3' に交差がある
INFO:最終チェックのグリフ 'uni5700' に交差がある
INFO:最終チェックのグリフ 'uni574A' に交差がある
INFO:最終チェックのグリフ 'uni5761' に交差がある
INFO:最終チェックのグリフ 'uni5775' に交差がある
INFO:最終チェックのグリフ 'uni577B' に交差がある
INFO:最終チェックのグリフ 'uni579A' に交差がある
INFO:最終チェックのグリフ 'uni57A0' に交差がある
INFO:最終チェックのグリフ 'uni57A8' に交差がある
INFO:最終チェックのグリフ 'uni57E3' に交差がある
INFO:最終チェックのグリフ 'uni57F9' に交差がある
INFO:最終チェックのグリフ 'uni5827' に交差がある
INFO:最終チェックのグリフ 'uni5832' に交差がある
INFO:最終チェックのグリフ 'uni5867' に交差がある
INFO:最終チェックのグリフ 'uni5870' に交差がある
INFO:最終チェックのグリフ 'uni5872' に交差がある
INFO:最終チェックのグリフ 'uni5897' に交差がある
INFO:最終チェックのグリフ 'uni58B1' に交差がある
INFO:最終チェックのグリフ 'uni58B9' に交差がある
INFO:最終チェックのグリフ 'uni58C5' に交差がある
INFO:最終チェックのグリフ 'uni58CD' に交差がある
INFO:最終チェックのグリフ 'uni58D4' に交差がある
INFO:最終チェックのグリフ 'uni58D7' に交差がある
INFO:最終チェックのグリフ 'uni58E2' に交差がある
INFO:最終チェックのグリフ 'uni58FA' に交差がある
INFO:最終チェックのグリフ 'uni590B' に交差がある
INFO:最終チェックのグリフ 'uni5910' に交差がある
INFO:最終チェックのグリフ 'uni592D' に交差がある
INFO:最終チェックのグリフ 'uni592E' に交差がある
INFO:最終チェックのグリフ 'uni5947' に交差がある
INFO:最終チェックのグリフ 'uni595F' に交差がある
INFO:最終チェックのグリフ 'uni5965' に交差がある
INFO:最終チェックのグリフ 'uni596D' に交差がある
INFO:最終チェックのグリフ 'uni5981' に交差がある
INFO:最終チェックのグリフ 'uni59A8' に交差がある
INFO:最終チェックのグリフ 'uni59AC' に交差がある
INFO:最終チェックのグリフ 'uni59B9' に交差がある
INFO:最終チェックのグリフ 'uni59BA' に交差がある
INFO:最終チェックのグリフ 'uni59CD' に交差がある
INFO:最終チェックのグリフ 'uni59D0' に交差がある
INFO:最終チェックのグリフ 'uni59D9' に交差がある
INFO:最終チェックのグリフ 'uni59E8' に交差がある
INFO:最終チェックのグリフ 'uni5A0D' に交差がある
INFO:最終チェックのグリフ 'uni5A1A' に交差がある
INFO:最終チェックのグリフ 'uni5A1F' に交差がある
INFO:最終チェックのグリフ 'uni5A40' に交差がある
INFO:最終チェックのグリフ 'uni5A46' に交差がある
INFO:最終チェックのグリフ 'uni5A67' に交差がある
INFO:最終チェックのグリフ 'uni5A6C' に交差がある
INFO:最終チェックのグリフ 'uni5A7A' に交差がある
INFO:最終チェックのグリフ 'uni5A92' に交差がある
INFO:最終チェックのグリフ 'uni5A9E' に交差がある
INFO:最終チェックのグリフ 'uni5AA7' に交差がある
INFO:最終チェックのグリフ 'uni5AB1' に交差がある
INFO:最終チェックのグリフ 'uni5ABC' に交差がある
INFO:最終チェックのグリフ 'uni5ABE' に交差がある
INFO:最終チェックのグリフ 'uni5ACB' に交差がある
INFO:最終チェックのグリフ 'uni5AE1' に交差がある
INFO:最終チェックのグリフ 'uni5B36' に交差がある
INFO:最終チェックのグリフ 'uni5B3E' の参照が不正
INFO:最終チェックのグリフ 'uni5B45' に交差がある
INFO:最終チェックのグリフ 'uni5B57' に交差がある
INFO:最終チェックのグリフ 'uni5B6B' に交差がある
INFO:最終チェックのグリフ 'uni5B78' に交差がある
INFO:最終チェックのグリフ 'uni5B93' に交差がある
INFO:最終チェックのグリフ 'uni5B97' に交差がある
INFO:最終チェックのグリフ 'uni5BA2' に交差がある
INFO:最終チェックのグリフ 'uni5BC3' に交差がある
INFO:最終チェックのグリフ 'uni5BFE' に交差がある
INFO:最終チェックのグリフ 'uni5C07' に交差がある
INFO:最終チェックのグリフ 'uni5C2B' に交差がある
INFO:最終チェックのグリフ 'uni5C5E' に交差がある
INFO:最終チェックのグリフ 'uni5C60' に交差がある
INFO:最終チェックのグリフ 'uni5CA0' に交差がある
INFO:最終チェックのグリフ 'uni5CAA' に交差がある
INFO:最終チェックのグリフ 'uni5CBB' に交差がある
INFO:最終チェックのグリフ 'uni5CCB' に交差がある
INFO:最終チェックのグリフ 'uni5CF5' に交差がある
INFO:最終チェックのグリフ 'uni5D10' に交差がある
INFO:最終チェックのグリフ 'uni5D19' に交差がある
INFO:最終チェックのグリフ 'uni5D39' に交差がある
INFO:最終チェックのグリフ 'uni5D8B' に交差がある
INFO:最終チェックのグリフ 'uni5D97' に交差がある
INFO:最終チェックのグリフ 'uni5D9D' に交差がある
INFO:最終チェックのグリフ 'uni5DAC' に交差がある
INFO:最終チェックのグリフ 'uni5DD8' に交差がある
INFO:最終チェックのグリフ 'uni5DEE' に交差がある
INFO:最終チェックのグリフ 'uni5E0C' に交差がある
INFO:最終チェックのグリフ 'uni5E12' に交差がある
INFO:最終チェックのグリフ 'uni5E1D' に交差がある
INFO:最終チェックのグリフ 'uni5E5F' に交差がある
INFO:最終チェックのグリフ 'uni5E62' に交差がある
INFO:最終チェックのグリフ 'uni5E7C' に交差がある
INFO:最終チェックのグリフ 'uni5E95' に交差がある
INFO:最終チェックのグリフ 'uni5EC1' に交差がある
INFO:最終チェックのグリフ 'uni5EDB' に交差がある
INFO:最終チェックのグリフ 'uni5EDD' に交差がある
INFO:最終チェックのグリフ 'uni5EDF' に交差がある
INFO:最終チェックのグリフ 'uni5EEC' に交差がある
INFO:最終チェックのグリフ 'uni5F01' に交差がある
INFO:最終チェックのグリフ 'uni5F0A' に交差がある
INFO:最終チェックのグリフ 'uni5F0F' に交差がある
INFO:最終チェックのグリフ 'uni5F10' に交差がある
INFO:最終チェックのグリフ 'uni5F17' に交差がある
INFO:最終チェックのグリフ 'uni5F4C' に交差がある
INFO:最終チェックのグリフ 'uni5F64' に交差がある
INFO:最終チェックのグリフ 'uni5F6A' に交差がある
INFO:最終チェックのグリフ 'uni5F7D' に交差がある
INFO:最終チェックのグリフ 'uni5F8C' に交差がある
INFO:最終チェックのグリフ 'uni5F92' に交差がある
INFO:最終チェックのグリフ 'uni5F9C' に交差がある
INFO:最終チェックのグリフ 'uni5F9E' に交差がある
INFO:最終チェックのグリフ 'uni5FA7' に交差がある
INFO:最終チェックのグリフ 'uni5FAF' に交差がある
INFO:最終チェックのグリフ 'uni5FB8' に交差がある
INFO:最終チェックのグリフ 'uni5FBC' に交差がある
INFO:最終チェックのグリフ 'uni5FDE' に交差がある
INFO:最終チェックのグリフ 'uni5FE9' に交差がある
INFO:最終チェックのグリフ 'uni6024' に交差がある
INFO:最終チェックのグリフ 'uni6025' に交差がある
INFO:最終チェックのグリフ 'uni6035' に交差がある
INFO:最終チェックのグリフ 'uni6041' に交差がある
INFO:最終チェックのグリフ 'uni6042' に交差がある
INFO:最終チェックのグリフ 'uni604B' に交差がある
INFO:最終チェックのグリフ 'uni606F' に交差がある
INFO:最終チェックのグリフ 'uni608A' に交差がある
INFO:最終チェックのグリフ 'uni60A0' に交差がある
INFO:最終チェックのグリフ 'uni60B4' に交差がある
INFO:最終チェックのグリフ 'uni60C6' に交差がある
INFO:最終チェックのグリフ 'uni60DD' に交差がある
INFO:最終チェックのグリフ 'uni60E3' に交差がある
INFO:最終チェックのグリフ 'uni60FB' に交差がある
INFO:最終チェックのグリフ 'uni6101' に交差がある
INFO:最終チェックのグリフ 'uni6112' に交差がある
INFO:最終チェックのグリフ 'uni6120' に交差がある
INFO:最終チェックのグリフ 'uni6130' に交差がある
INFO:最終チェックのグリフ 'uni614D' に交差がある
INFO:最終チェックのグリフ 'uni6155' に交差がある
INFO:最終チェックのグリフ 'uni6160' に交差がある
INFO:最終チェックのグリフ 'uni6165' に交差がある
INFO:最終チェックのグリフ 'uni6173' に交差がある
INFO:最終チェックのグリフ 'uni6177' に交差がある
INFO:最終チェックのグリフ 'uni6187' に交差がある
INFO:最終チェックのグリフ 'uni6194' に交差がある
INFO:最終チェックのグリフ 'uni6199' に交差がある
INFO:最終チェックのグリフ 'uni61A7' に交差がある
INFO:最終チェックのグリフ 'uni61A8' に交差がある
INFO:最終チェックのグリフ 'uni61C6' に交差がある
INFO:最終チェックのグリフ 'uni61C9' に交差がある
INFO:最終チェックのグリフ 'uni61D5' に交差がある
INFO:最終チェックのグリフ 'uni61DD' に交差がある
INFO:最終チェックのグリフ 'uni61E6' に交差がある
INFO:最終チェックのグリフ 'uni620A' に交差がある
INFO:最終チェックのグリフ 'uni6211' に交差がある
INFO:最終チェックのグリフ 'uni6215' に交差がある
INFO:最終チェックのグリフ 'uni621D' に交差がある
INFO:最終チェックのグリフ 'uni6222' に交差がある
INFO:最終チェックのグリフ 'uni6223' に交差がある
INFO:最終チェックのグリフ 'uni622E' に交差がある
INFO:最終チェックのグリフ 'uni6232' に交差がある
INFO:最終チェックのグリフ 'uni6233' に交差がある
INFO:最終チェックのグリフ 'uni624D' に交差がある
INFO:最終チェックのグリフ 'uni6253' に交差がある
INFO:最終チェックのグリフ 'uni6255' に交差がある
INFO:最終チェックのグリフ 'uni625A' に交差がある
INFO:最終チェックのグリフ 'uni6291' に交差がある
INFO:最終チェックのグリフ 'uni6295' に交差がある
INFO:最終チェックのグリフ 'uni62B5' に交差がある
INFO:最終チェックのグリフ 'uni62CF' に交差がある
INFO:最終チェックのグリフ 'uni62D0' に交差がある
INFO:最終チェックのグリフ 'uni62D6' に交差がある
INFO:最終チェックのグリフ 'uni6303' に交差がある
INFO:最終チェックのグリフ 'uni6310' に交差がある
INFO:最終チェックのグリフ 'uni632B' に交差がある
INFO:最終チェックのグリフ 'uni6341' に交差がある
INFO:最終チェックのグリフ 'uni6343' に交差がある
INFO:最終チェックのグリフ 'uni637B' に交差がある
INFO:最終チェックのグリフ 'uni6384' に交差がある
INFO:最終チェックのグリフ 'uni63AC' に交差がある
INFO:最終チェックのグリフ 'uni63DB' に交差がある
INFO:最終チェックのグリフ 'uni63E5' に交差がある
INFO:最終チェックのグリフ 'uni6413' に交差がある
INFO:最終チェックのグリフ 'uni6426' に交差がある
INFO:最終チェックのグリフ 'uni6458' に交差がある
INFO:最終チェックのグリフ 'uni6460' に交差がある
INFO:最終チェックのグリフ 'uni6478' に交差がある
INFO:最終チェックのグリフ 'uni649E' に交差がある
INFO:最終チェックのグリフ 'uni64A9' に交差がある
INFO:最終チェックのグリフ 'uni64AE' に交差がある
INFO:最終チェックのグリフ 'uni64CE' に交差がある
INFO:最終チェックのグリフ 'uni64E6' に交差がある
INFO:最終チェックのグリフ 'uni64EC' に交差がある
INFO:最終チェックのグリフ 'uni64EF' に交差がある
INFO:最終チェックのグリフ 'uni64F7' に交差がある
INFO:最終チェックのグリフ 'uni64FB' に交差がある
INFO:最終チェックのグリフ 'uni6532' に交差がある
INFO:最終チェックのグリフ 'uni6544' に交差がある
INFO:最終チェックのグリフ 'uni6555' に交差がある
INFO:最終チェックのグリフ 'uni6567' に交差がある
INFO:最終チェックのグリフ 'uni656B' に交差がある
INFO:最終チェックのグリフ 'uni6574' に交差がある
INFO:最終チェックのグリフ 'uni659F' に交差がある
INFO:最終チェックのグリフ 'uni65A7' に交差がある
INFO:最終チェックのグリフ 'uni65B2' に交差がある
INFO:最終チェックのグリフ 'uni65B5' に交差がある
INFO:最終チェックのグリフ 'uni65CB' に交差がある
INFO:最終チェックのグリフ 'uni65DB' に交差がある
INFO:最終チェックのグリフ 'uni6600' に交差がある
INFO:最終チェックのグリフ 'uni661F' に交差がある
INFO:最終チェックのグリフ 'uni662B' に交差がある
INFO:最終チェックのグリフ 'uni6636' に交差がある
INFO:最終チェックのグリフ 'uni6649' に交差がある
INFO:最終チェックのグリフ 'uni6659' に交差がある
INFO:最終チェックのグリフ 'uni66E6' に交差がある
INFO:最終チェックのグリフ 'uni66F5' に交差がある
INFO:最終チェックのグリフ 'uni670B' に交差がある
INFO:最終チェックのグリフ 'uni6727' に交差がある
INFO:最終チェックのグリフ 'uni6733' に交差がある
INFO:最終チェックのグリフ 'uni6748' に交差がある
INFO:最終チェックのグリフ 'uni674C' に交差がある
INFO:最終チェックのグリフ 'uni6774' に交差がある
INFO:最終チェックのグリフ 'uni6792' に交差がある
INFO:最終チェックのグリフ 'uni6795' に交差がある
INFO:最終チェックのグリフ 'uni6798' に交差がある
INFO:最終チェックのグリフ 'uni67A9' に交差がある
INFO:最終チェックのグリフ 'uni67B4' に交差がある
INFO:最終チェックのグリフ 'uni67B7' に交差がある
INFO:最終チェックのグリフ 'uni67C0' に交差がある
INFO:最終チェックのグリフ 'uni67E2' に交差がある
INFO:最終チェックのグリフ 'uni67E4' に交差がある
INFO:最終チェックのグリフ 'uni67FB' に交差がある
INFO:最終チェックのグリフ 'uni6803' に交差がある
INFO:最終チェックのグリフ 'uni6810' に交差がある
INFO:最終チェックのグリフ 'uni6818' に交差がある
INFO:最終チェックのグリフ 'uni685D' に交差がある
INFO:最終チェックのグリフ 'uni6877' に交差がある
INFO:最終チェックのグリフ 'uni6890' に交差がある
INFO:最終チェックのグリフ 'uni6896' に交差がある
INFO:最終チェックのグリフ 'uni6898' に交差がある
INFO:最終チェックのグリフ 'uni68A0' に交差がある
INFO:最終チェックのグリフ 'uni68E4' に交差がある
INFO:最終チェックのグリフ 'uni6903' に交差がある
INFO:最終チェックのグリフ 'uni6908' に交差がある
INFO:最終チェックのグリフ 'uni6926' に交差がある
INFO:最終チェックのグリフ 'uni6942' に交差がある
INFO:最終チェックのグリフ 'uni694A' に交差がある
INFO:最終チェックのグリフ 'uni6960' に交差がある
INFO:最終チェックのグリフ 'uni6964' に交差がある
INFO:最終チェックのグリフ 'uni6973' に交差がある
INFO:最終チェックのグリフ 'uni6974' に交差がある
INFO:最終チェックのグリフ 'uni6979' に交差がある
INFO:最終チェックのグリフ 'uni6981' に交差がある
INFO:最終チェックのグリフ 'uni6992' に交差がある
INFO:最終チェックのグリフ 'uni69B2' に交差がある
INFO:最終チェックのグリフ 'uni69C3' に交差がある
INFO:最終チェックのグリフ 'uni69CE' に交差がある
INFO:最終チェックのグリフ 'uni69E8' に交差がある
INFO:最終チェックのグリフ 'uni69ED' に交差がある
INFO:最終チェックのグリフ 'uni6A05' に交差がある
INFO:最終チェックのグリフ 'uni6A0A' に交差がある
INFO:最終チェックのグリフ 'uni6A11' に交差がある
INFO:最終チェックのグリフ 'uni6A1B' に交差がある
INFO:最終チェックのグリフ 'uni6A2A' に交差がある
INFO:最終チェックのグリフ 'uni6A2B' に交差がある
INFO:最終チェックのグリフ 'uni6A34' に交差がある
INFO:最終チェックのグリフ 'uni6A36' に交差がある
INFO:最終チェックのグリフ 'uni6A59' に交差がある
INFO:最終チェックのグリフ 'uni6A64' に交差がある
INFO:最終チェックのグリフ 'uni6A66' に交差がある
INFO:最終チェックのグリフ 'uni6A7A' に交差がある
INFO:最終チェックのグリフ 'uni6A84' に交差がある
INFO:最終チェックのグリフ 'uni6A89' に交差がある
INFO:最終チェックのグリフ 'uni6A8B' に交差がある
INFO:最終チェックのグリフ 'uni6AAE' に交差がある
INFO:最終チェックのグリフ 'uni6ABB' に交差がある
INFO:最終チェックのグリフ 'uni6AC3' に交差がある
INFO:最終チェックのグリフ 'uni6ADE' に交差がある
INFO:最終チェックのグリフ 'uni6AEA' に交差がある
INFO:最終チェックのグリフ 'uni6AF3' に交差がある
INFO:最終チェックのグリフ 'uni6B1D' に交差がある
INFO:最終チェックのグリフ 'uni6B37' に交差がある
INFO:最終チェックのグリフ 'uni6B39' に交差がある
INFO:最終チェックのグリフ 'uni6B53' に交差がある
INFO:最終チェックのグリフ 'uni6B73' に交差がある
INFO:最終チェックのグリフ 'uni6B77' に交差がある
INFO:最終チェックのグリフ 'uni6B8B' に交差がある
INFO:最終チェックのグリフ 'uni6B8D' に交差がある
INFO:最終チェックのグリフ 'uni6B98' に交差がある
INFO:最終チェックのグリフ 'uni6BA9' に交差がある
INFO:最終チェックのグリフ 'uni6BAD' に交差がある
INFO:最終チェックのグリフ 'uni6BB1' に交差がある
INFO:最終チェックのグリフ 'uni6BB7' に交差がある
INFO:最終チェックのグリフ 'uni6BBE' に交差がある
INFO:最終チェックのグリフ 'uni6BC8' に交差がある
INFO:最終チェックのグリフ 'uni6BD4' に交差がある
INFO:最終チェックのグリフ 'uni6C10' に交差がある
INFO:最終チェックのグリフ 'uni6C23' に交差がある
INFO:最終チェックのグリフ 'uni6C24' に交差がある
INFO:最終チェックのグリフ 'uni6C34' に交差がある
INFO:最終チェックのグリフ 'uni6C4E' に交差がある
INFO:最終チェックのグリフ 'uni6C67' に交差がある
INFO:最終チェックのグリフ 'uni6C68' に交差がある
INFO:最終チェックのグリフ 'uni6C6D' に交差がある
INFO:最終チェックのグリフ 'uni6C6F' に交差がある
INFO:最終チェックのグリフ 'uni6C7D' に交差がある
INFO:最終チェックのグリフ 'uni6C7E' に交差がある
INFO:最終チェックのグリフ 'uni6C82' に交差がある
INFO:最終チェックのグリフ 'uni6C83' に交差がある
INFO:最終チェックのグリフ 'uni6C85' に交差がある
INFO:最終チェックのグリフ 'uni6C86' に交差がある
INFO:最終チェックのグリフ 'uni6C88' に交差がある
INFO:最終チェックのグリフ 'uni6C89' に交差がある
INFO:最終チェックのグリフ 'uni6C8D' に交差がある
INFO:最終チェックのグリフ 'uni6C98' に交差がある
INFO:最終チェックのグリフ 'uni6C9C' に交差がある
INFO:最終チェックのグリフ 'uni6CA2' に交差がある
INFO:最終チェックのグリフ 'uni6CAD' に交差がある
INFO:最終チェックのグリフ 'uni6CBC' に交差がある
INFO:最終チェックのグリフ 'uni6CBD' に交差がある
INFO:最終チェックのグリフ 'uni6CC2' に交差がある
INFO:最終チェックのグリフ 'uni6CD0' に交差がある
INFO:最終チェックのグリフ 'uni6CD7' に交差がある
INFO:最終チェックのグリフ 'uni6CDC' に交差がある
INFO:最終チェックのグリフ 'uni6CE1' に交差がある
INFO:最終チェックのグリフ 'uni6CE9' に交差がある
INFO:最終チェックのグリフ 'uni6CEA' に交差がある
INFO:最終チェックのグリフ 'uni6CEC' に交差がある
INFO:最終チェックのグリフ 'uni6CEE' に交差がある
INFO:最終チェックのグリフ 'uni6CF0' に交差がある
INFO:最終チェックのグリフ 'uni6D00' に交差がある
INFO:最終チェックのグリフ 'uni6D0E' に交差がある
INFO:最終チェックのグリフ 'uni6D1E' に交差がある
INFO:最終チェックのグリフ 'uni6D1F' に交差がある
INFO:最終チェックのグリフ 'uni6D25' に交差がある
INFO:最終チェックのグリフ 'uni6D31' に交差がある
INFO:最終チェックのグリフ 'uni6D34' に交差がある
INFO:最終チェックのグリフ 'uni6D36' に交差がある
INFO:最終チェックのグリフ 'uni6D39' に交差がある
INFO:最終チェックのグリフ 'uni6D3F' に交差がある
INFO:最終チェックのグリフ 'uni6D45' に交差がある
INFO:最終チェックのグリフ 'uni6D5B' に交差がある
INFO:最終チェックのグリフ 'uni6D5E' に交差がある
INFO:最終チェックのグリフ 'uni6D65' に交差がある
INFO:最終チェックのグリフ 'uni6D66' に交差がある
INFO:最終チェックのグリフ 'uni6D79' に交差がある
INFO:最終チェックのグリフ 'uni6D82' に交差がある
INFO:最終チェックのグリフ 'uni6D8D' に交差がある
INFO:最終チェックのグリフ 'uni6D93' に交差がある
INFO:最終チェックのグリフ 'uni6D94' に交差がある
INFO:最終チェックのグリフ 'uni6D98' に交差がある
INFO:最終チェックのグリフ 'uni6D9C' に交差がある
INFO:最終チェックのグリフ 'uni6DBC' に交差がある
INFO:最終チェックのグリフ 'uni6DC4' に交差がある
INFO:最終チェックのグリフ 'uni6DCE' に交差がある
INFO:最終チェックのグリフ 'uni6DD6' に交差がある
INFO:最終チェックのグリフ 'uni6DDB' に交差がある
INFO:最終チェックのグリフ 'uni6DE4' に交差がある
INFO:最終チェックのグリフ 'uni6DE9' に交差がある
INFO:最終チェックのグリフ 'uni6DF5' に交差がある
INFO:最終チェックのグリフ 'uni6DFB' に交差がある
INFO:最終チェックのグリフ 'uni6DFC' に交差がある
INFO:最終チェックのグリフ 'uni6E08' に交差がある
INFO:最終チェックのグリフ 'uni6E1A' に交差がある
INFO:最終チェックのグリフ 'uni6E1E' に交差がある
INFO:最終チェックのグリフ 'uni6E21' に交差がある
INFO:最終チェックのグリフ 'uni6E23' に交差がある
INFO:最終チェックのグリフ 'uni6E26' に交差がある
INFO:最終チェックのグリフ 'uni6E27' に交差がある
INFO:最終チェックのグリフ 'uni6E32' に交差がある
INFO:最終チェックのグリフ 'uni6E44' に交差がある
INFO:最終チェックのグリフ 'uni6E4A' に交差がある
INFO:最終チェックのグリフ 'uni6E4C' に交差がある
INFO:最終チェックのグリフ 'uni6E53' に交差がある
INFO:最終チェックのグリフ 'uni6E54' に交差がある
INFO:最終チェックのグリフ 'uni6E58' に交差がある
INFO:最終チェックのグリフ 'uni6E7E' に交差がある
INFO:最終チェックのグリフ 'uni6E7F' に交差がある
INFO:最終チェックのグリフ 'uni6E82' に交差がある
INFO:最終チェックのグリフ 'uni6E98' に交差がある
INFO:最終チェックのグリフ 'uni6EA2' に交差がある
INFO:最終チェックのグリフ 'uni6EAB' に交差がある
INFO:最終チェックのグリフ 'uni6EAF' に交差がある
INFO:最終チェックのグリフ 'uni6EB4' に交差がある
INFO:最終チェックのグリフ 'uni6EBA' に交差がある
INFO:最終チェックのグリフ 'uni6EC4' に交差がある
INFO:最終チェックのグリフ 'uni6EC7' に交差がある
INFO:最終チェックのグリフ 'uni6EC9' に交差がある
INFO:最終チェックのグリフ 'uni6ECA' に交差がある
INFO:最終チェックのグリフ 'uni6EF4' に交差がある
INFO:最終チェックのグリフ 'uni6EF9' に交差がある
INFO:最終チェックのグリフ 'uni6F01' に交差がある
INFO:最終チェックのグリフ 'uni6F0C' に交差がある
INFO:最終チェックのグリフ 'uni6F10' に交差がある
INFO:最終チェックのグリフ 'uni6F13' に交差がある
INFO:最終チェックのグリフ 'uni6F18' に交差がある
INFO:最終チェックのグリフ 'uni6F1A' に交差がある
INFO:最終チェックのグリフ 'uni6F2F' に交差がある
INFO:最終チェックのグリフ 'uni6F31' に交差がある
INFO:最終チェックのグリフ 'uni6F35' に交差がある
INFO:最終チェックのグリフ 'uni6F54' に交差がある
INFO:最終チェックのグリフ 'uni6F59' に交差がある
INFO:最終チェックのグリフ 'uni6F5C' に交差がある
INFO:最終チェックのグリフ 'uni6F62' に交差がある
INFO:最終チェックのグリフ 'uni6F68' に交差がある
INFO:最終チェックのグリフ 'uni6F6E' に交差がある
INFO:最終チェックのグリフ 'uni6F7C' に交差がある
INFO:最終チェックのグリフ 'uni6F80' に交差がある
INFO:最終チェックのグリフ 'uni6F84' に交差がある
INFO:最終チェックのグリフ 'uni6F88' に交差がある
INFO:最終チェックのグリフ 'uni6F97' に交差がある
INFO:最終チェックのグリフ 'uni6F9F' に交差がある
INFO:最終チェックのグリフ 'uni6FAF' に交差がある
INFO:最終チェックのグリフ 'uni6FB3' に交差がある
INFO:最終チェックのグリフ 'uni6FBC' に交差がある
INFO:最終チェックのグリフ 'uni6FC1' に交差がある
INFO:最終チェックのグリフ 'uni6FC7' に交差がある
INFO:最終チェックのグリフ 'uni6FD4' に交差がある
INFO:最終チェックのグリフ 'uni7001' に交差がある
INFO:最終チェックのグリフ 'uni7005' に交差がある
INFO:最終チェックのグリフ 'uni7009' に交差がある
INFO:最終チェックのグリフ 'uni700A' に交差がある
INFO:最終チェックのグリフ 'uni700B' に交差がある
INFO:最終チェックのグリフ 'uni700F' に交差がある
INFO:最終チェックのグリフ 'uni701F' に交差がある
INFO:最終チェックのグリフ 'uni7026' に交差がある
INFO:最終チェックのグリフ 'uni7030' に交差がある
INFO:最終チェックのグリフ 'uni7039' に交差がある
INFO:最終チェックのグリフ 'uni7047' に交差がある
INFO:最終チェックのグリフ 'uni7054' に交差がある
INFO:最終チェックのグリフ 'uni7064' に交差がある
INFO:最終チェックのグリフ 'uni706F' に交差がある
INFO:最終チェックのグリフ 'uni7076' に交差がある
INFO:最終チェックのグリフ 'uni707E' に交差がある
INFO:最終チェックのグリフ 'uni70DF' に交差がある
INFO:最終チェックのグリフ 'uni70F1' に交差がある
INFO:最終チェックのグリフ 'uni710F' に交差がある
INFO:最終チェックのグリフ 'uni7120' に交差がある
INFO:最終チェックのグリフ 'uni712E' に交差がある
INFO:最終チェックのグリフ 'uni7136' に交差がある
INFO:最終チェックのグリフ 'uni7146' に交差がある
INFO:最終チェックのグリフ 'uni714A' に交差がある
INFO:最終チェックのグリフ 'uni7151' に交差がある
INFO:最終チェックのグリフ 'uni7153' に交差がある
INFO:最終チェックのグリフ 'uni7156' に交差がある
INFO:最終チェックのグリフ 'uni7160' に交差がある
INFO:最終チェックのグリフ 'uni7166' に交差がある
INFO:最終チェックのグリフ 'uni716C' に交差がある
INFO:最終チェックのグリフ 'uni717D' に交差がある
INFO:最終チェックのグリフ 'uni7184' に交差がある
INFO:最終チェックのグリフ 'uni7185' に交差がある
INFO:最終チェックのグリフ 'uni7187' に交差がある
INFO:最終チェックのグリフ 'uni7195' に交差がある
INFO:最終チェックのグリフ 'uni71A0' に交差がある
INFO:最終チェックのグリフ 'uni71A2' に交差がある
INFO:最終チェックのグリフ 'uni71C3' に交差がある
INFO:最終チェックのグリフ 'uni71C8' に交差がある
INFO:最終チェックのグリフ 'uni71CB' に交差がある
INFO:最終チェックのグリフ 'uni71CE' に交差がある
INFO:最終チェックのグリフ 'uni71D0' に交差がある
INFO:最終チェックのグリフ 'uni71DC' に交差がある
INFO:最終チェックのグリフ 'uni71E5' に交差がある
INFO:最終チェックのグリフ 'uni71E6' に交差がある
INFO:最終チェックのグリフ 'uni71E7' に交差がある
INFO:最終チェックのグリフ 'uni71FB' に交差がある
INFO:最終チェックのグリフ 'uni71FC' に交差がある
INFO:最終チェックのグリフ 'uni7206' に交差がある
INFO:最終チェックのグリフ 'uni7228' に交差がある
INFO:最終チェックのグリフ 'uni722C' に交差がある
INFO:最終チェックのグリフ 'uni7234' に交差がある
INFO:最終チェックのグリフ 'uni723A' に交差がある
INFO:最終チェックのグリフ 'uni723C' に交差がある
INFO:最終チェックのグリフ 'uni723D' に交差がある
INFO:最終チェックのグリフ 'uni723E' に交差がある
INFO:最終チェックのグリフ 'uni7257' に交差がある
INFO:最終チェックのグリフ 'uni7269' に交差がある
INFO:最終チェックのグリフ 'uni7274' に交差がある
INFO:最終チェックのグリフ 'uni728E' に交差がある
INFO:最終チェックのグリフ 'uni72AE' に交差がある
INFO:最終チェックのグリフ 'uni72B2' に交差がある
INFO:最終チェックのグリフ 'uni72E0' に交差がある
INFO:最終チェックのグリフ 'uni72E2' に交差がある
INFO:最終チェックのグリフ 'uni7318' に交差がある
INFO:最終チェックのグリフ 'uni732A' に交差がある
INFO:最終チェックのグリフ 'uni732B' に交差がある
INFO:最終チェックのグリフ 'uni7345' に交差がある
INFO:最終チェックのグリフ 'uni734E' に交差がある
INFO:最終チェックのグリフ 'uni7357' に交差がある
INFO:最終チェックのグリフ 'uni7366' に交差がある
INFO:最終チェックのグリフ 'uni736A' に交差がある
INFO:最終チェックのグリフ 'uni7377' に交差がある
INFO:最終チェックのグリフ 'uni73B9' に交差がある
INFO:最終チェックのグリフ 'uni73BB' に交差がある
INFO:最終チェックのグリフ 'uni73DE' に交差がある
INFO:最終チェックのグリフ 'uni73E3' に交差がある
INFO:最終チェックのグリフ 'uni73F9' に交差がある
INFO:最終チェックのグリフ 'uni7426' に交差がある
INFO:最終チェックのグリフ 'uni7447' に交差がある
INFO:最終チェックのグリフ 'uni7469' に交差がある
INFO:最終チェックのグリフ 'uni746A' に交差がある
INFO:最終チェックのグリフ 'uni7473' に交差がある
INFO:最終チェックのグリフ 'uni7481' に交差がある
INFO:最終チェックのグリフ 'uni7485' に交差がある
INFO:最終チェックのグリフ 'uni7486' に交差がある
INFO:最終チェックのグリフ 'uni7487' に交差がある
INFO:最終チェックのグリフ 'uni7489' に交差がある
INFO:最終チェックのグリフ 'uni7492' に交差がある
INFO:最終チェックのグリフ 'uni74A6' に交差がある
INFO:最終チェックのグリフ 'uni74C8' に交差がある
INFO:最終チェックのグリフ 'uni74E9' に交差がある
INFO:最終チェックのグリフ 'uni74FF' に交差がある
INFO:最終チェックのグリフ 'uni7523' に交差がある
INFO:最終チェックのグリフ 'uni752B' に交差がある
INFO:最終チェックのグリフ 'uni7537' に交差がある
INFO:最終チェックのグリフ 'uni753D' に交差がある
INFO:最終チェックのグリフ 'uni7581' に交差がある
INFO:最終チェックのグリフ 'uni7591' に交差がある
INFO:最終チェックのグリフ 'uni75A5' に交差がある
INFO:最終チェックのグリフ 'uni75B7' に交差がある
INFO:最終チェックのグリフ 'uni75B9' に交差がある
INFO:最終チェックのグリフ 'uni75BD' に交差がある
INFO:最終チェックのグリフ 'uni75C6' に交差がある
INFO:最終チェックのグリフ 'uni75CE' に交差がある
INFO:最終チェックのグリフ 'uni75CF' に交差がある
INFO:最終チェックのグリフ 'uni75D8' に交差がある
INFO:最終チェックのグリフ 'uni75D9' に交差がある
INFO:最終チェックのグリフ 'uni75DF' に交差がある
INFO:最終チェックのグリフ 'uni75E0' に交差がある
INFO:最終チェックのグリフ 'uni75EC' に交差がある
INFO:最終チェックのグリフ 'uni75EE' に交差がある
INFO:最終チェックのグリフ 'uni75F0' に交差がある
INFO:最終チェックのグリフ 'uni75FA' に交差がある
INFO:最終チェックのグリフ 'uni75FC' に交差がある
INFO:最終チェックのグリフ 'uni7600' に交差がある
INFO:最終チェックのグリフ 'uni7601' に交差がある
INFO:最終チェックのグリフ 'uni7603' に交差がある
INFO:最終チェックのグリフ 'uni7615' に交差がある
INFO:最終チェックのグリフ 'uni761E' に交差がある
INFO:最終チェックのグリフ 'uni761F' に交差がある
INFO:最終チェックのグリフ 'uni7620' に交差がある
INFO:最終チェックのグリフ 'uni7621' に交差がある
INFO:最終チェックのグリフ 'uni7627' に交差がある
INFO:最終チェックのグリフ 'uni762D' に交差がある
INFO:最終チェックのグリフ 'uni7633' に交差がある
INFO:最終チェックのグリフ 'uni7646' に交差がある
INFO:最終チェックのグリフ 'uni7658' に交差がある
INFO:最終チェックのグリフ 'uni7667' に交差がある
INFO:最終チェックのグリフ 'uni7669' に交差がある
INFO:最終チェックのグリフ 'uni7670' に交差がある
INFO:最終チェックのグリフ 'uni769D' に交差がある
INFO:最終チェックのグリフ 'uni76BA' に交差がある
INFO:最終チェックのグリフ 'uni76DE' に交差がある
INFO:最終チェックのグリフ 'uni76EA' に交差がある
INFO:最終チェックのグリフ 'uni76EC' に交差がある
INFO:最終チェックのグリフ 'uni7747' に交差がある
INFO:最終チェックのグリフ 'uni777E' に交差がある
INFO:最終チェックのグリフ 'uni77A0' に交差がある
INFO:最終チェックのグリフ 'uni77AA' に交差がある
INFO:最終チェックのグリフ 'uni77AC' に交差がある
INFO:最終チェックのグリフ 'uni77B3' に交差がある
INFO:最終チェックのグリフ 'uni77DC' に交差がある
INFO:最終チェックのグリフ 'uni77E2' に交差がある
INFO:最終チェックのグリフ 'uni7812' に交差がある
INFO:最終チェックのグリフ 'uni7820' に交差がある
INFO:最終チェックのグリフ 'uni7825' に交差がある
INFO:最終チェックのグリフ 'uni7834' に交差がある
INFO:最終チェックのグリフ 'uni784E' に交差がある
INFO:最終チェックのグリフ 'uni787C' に交差がある
INFO:最終チェックのグリフ 'uni7887' に交差がある
INFO:最終チェックのグリフ 'uni7894' に交差がある
INFO:最終チェックのグリフ 'uni7895' に交差がある
INFO:最終チェックのグリフ 'uni78AF' に交差がある
INFO:最終チェックのグリフ 'uni78B0' に交差がある
INFO:最終チェックのグリフ 'uni78C5' に交差がある
INFO:最終チェックのグリフ 'uni78CB' に交差がある
INFO:最終チェックのグリフ 'uni78E0' に交差がある
INFO:最終チェックのグリフ 'uni78E4' に交差がある
INFO:最終チェックのグリフ 'uni78F4' に交差がある
INFO:最終チェックのグリフ 'uni7919' に交差がある
INFO:最終チェックのグリフ 'uni791B' に交差がある
INFO:最終チェックのグリフ 'uni7930' に交差がある
INFO:最終チェックのグリフ 'uni7934' に交差がある
INFO:最終チェックのグリフ 'uni7947' に交差がある
INFO:最終チェックのグリフ 'uni7957' に交差がある
INFO:最終チェックのグリフ 'uni7968' に交差がある
INFO:最終チェックのグリフ 'uni7980' に交差がある
INFO:最終チェックのグリフ 'uni7994' に交差がある
INFO:最終チェックのグリフ 'uni7998' に交差がある
INFO:最終チェックのグリフ 'uni79B4' に交差がある
INFO:最終チェックのグリフ 'uni79B8' に交差がある
INFO:最終チェックのグリフ 'uni79B9' に交差がある
INFO:最終チェックのグリフ 'uni79BA' に交差がある
INFO:最終チェックのグリフ 'uni79D5' に交差がある
INFO:最終チェックのグリフ 'uni79EC' に交差がある
INFO:最終チェックのグリフ 'uni7A03' に交差がある
INFO:最終チェックのグリフ 'uni7A1A' に交差がある
INFO:最終チェックのグリフ 'uni7A47' に交差がある
INFO:最終チェックのグリフ 'uni7A4F' に交差がある
INFO:最終チェックのグリフ 'uni7A5C' に交差がある
INFO:最終チェックのグリフ 'uni7A5F' に交差がある
INFO:最終チェックのグリフ 'uni7A61' に交差がある
INFO:最終チェックのグリフ 'uni7A67' に交差がある
INFO:最終チェックのグリフ 'uni7A6A' に交差がある
INFO:最終チェックのグリフ 'uni7A76' に交差がある
INFO:最終チェックのグリフ 'uni7A97' に交差がある
INFO:最終チェックのグリフ 'uni7ABF' に交差がある
INFO:最終チェックのグリフ 'uni7AC4' に交差がある
INFO:最終チェックのグリフ 'uni7ACF' に交差がある
INFO:最終チェックのグリフ 'uni7AEB' に交差がある
INFO:最終チェックのグリフ 'uni7AEF' に交差がある
INFO:最終チェックのグリフ 'uni7AF0' に交差がある
INFO:最終チェックのグリフ 'uni7B02' に交差がある
INFO:最終チェックのグリフ 'uni7B2F' に交差がある
INFO:最終チェックのグリフ 'uni7B36' に交差がある
INFO:最終チェックのグリフ 'uni7B4E' に交差がある
INFO:最終チェックのグリフ 'uni7B5D' に交差がある
INFO:最終チェックのグリフ 'uni7B67' に交差がある
INFO:最終チェックのグリフ 'uni7B8F' に交差がある
INFO:最終チェックのグリフ 'uni7B9C' に交差がある
INFO:最終チェックのグリフ 'uni7B9F' に交差がある
INFO:最終チェックのグリフ 'uni7BAD' に交差がある
INFO:最終チェックのグリフ 'uni7BB4' に交差がある
INFO:最終チェックのグリフ 'uni7BC1' に交差がある
INFO:最終チェックのグリフ 'uni7BE9' に交差がある
INFO:最終チェックのグリフ 'uni7C13' に交差がある
INFO:最終チェックのグリフ 'uni7C17' に交差がある
INFO:最終チェックのグリフ 'uni7C43' に交差がある
INFO:最終チェックのグリフ 'uni7C4D' に交差がある
INFO:最終チェックのグリフ 'uni7C4F' に交差がある
INFO:最終チェックのグリフ 'uni7C58' に交差がある
INFO:最終チェックのグリフ 'uni7C7E' に交差がある
INFO:最終チェックのグリフ 'uni7C8D' に交差がある
INFO:最終チェックのグリフ 'uni7C94' に交差がある
INFO:最終チェックのグリフ 'uni7C95' に交差がある
INFO:最終チェックのグリフ 'uni7C9B' に交差がある
INFO:最終チェックのグリフ 'uni7CAB' に交差がある
INFO:最終チェックのグリフ 'uni7CBF' に交差がある
INFO:最終チェックのグリフ 'uni7CEF' に交差がある
INFO:最終チェックのグリフ 'uni7CFA' に交差がある
INFO:最終チェックのグリフ 'uni7D0B' に交差がある
INFO:最終チェックのグリフ 'uni7D15' に交差がある
INFO:最終チェックのグリフ 'uni7D17' に交差がある
INFO:最終チェックのグリフ 'uni7D21' に交差がある
INFO:最終チェックのグリフ 'uni7D22' に交差がある
INFO:最終チェックのグリフ 'uni7D2C' に交差がある
INFO:最終チェックのグリフ 'uni7D31' に交差がある
INFO:最終チェックのグリフ 'uni7D32' に交差がある
INFO:最終チェックのグリフ 'uni7D33' に交差がある
INFO:最終チェックのグリフ 'uni7D44' に交差がある
INFO:最終チェックのグリフ 'uni7D48' に交差がある
INFO:最終チェックのグリフ 'uni7D4E' に交差がある
INFO:最終チェックのグリフ 'uni7D4F' に交差がある
INFO:最終チェックのグリフ 'uni7D50' に交差がある
INFO:最終チェックのグリフ 'uni7D63' に交差がある
INFO:最終チェックのグリフ 'uni7D66' に交差がある
INFO:最終チェックのグリフ 'uni7D73' に交差がある
INFO:最終チェックのグリフ 'uni7D88' に交差がある
INFO:最終チェックのグリフ 'uni7D8F' に交差がある
INFO:最終チェックのグリフ 'uni7D99' に交差がある
INFO:最終チェックのグリフ 'uni7D9F' に交差がある
INFO:最終チェックのグリフ 'uni7DA2' に交差がある
INFO:最終チェックのグリフ 'uni7DB4' に交差がある
INFO:最終チェックのグリフ 'uni7DB8' に交差がある
INFO:最終チェックのグリフ 'uni7DBA' に交差がある
INFO:最終チェックのグリフ 'uni7DBB' に交差がある
INFO:最終チェックのグリフ 'uni7DBD' に交差がある
INFO:最終チェックのグリフ 'uni7DCF' に交差がある
INFO:最終チェックのグリフ 'uni7DD1' に交差がある
INFO:最終チェックのグリフ 'uni7DD2' に交差がある
INFO:最終チェックのグリフ 'uni7DD7' に交差がある
INFO:最終チェックのグリフ 'uni7DDA' に交差がある
INFO:最終チェックのグリフ 'uni7DDD' に交差がある
INFO:最終チェックのグリフ 'uni7DE0' に交差がある
INFO:最終チェックのグリフ 'uni7DF2' に交差がある
INFO:最終チェックのグリフ 'uni7DF9' に交差がある
INFO:最終チェックのグリフ 'uni7E05' に交差がある
INFO:最終チェックのグリフ 'uni7E0A' に交差がある
INFO:最終チェックのグリフ 'uni7E12' に交差がある
INFO:最終チェックのグリフ 'uni7E1B' に交差がある
INFO:最終チェックのグリフ 'uni7E21' に交差がある
INFO:最終チェックのグリフ 'uni7E26' に交差がある
INFO:最終チェックのグリフ 'uni7E2B' に交差がある
INFO:最終チェックのグリフ 'uni7E2C' に交差がある
INFO:最終チェックのグリフ 'uni7E32' に交差がある
INFO:最終チェックのグリフ 'uni7E35' に交差がある
INFO:最終チェックのグリフ 'uni7E39' に交差がある
INFO:最終チェックのグリフ 'uni7E3D' に交差がある
INFO:最終チェックのグリフ 'uni7E41' に交差がある
INFO:最終チェックのグリフ 'uni7E55' に交差がある
INFO:最終チェックのグリフ 'uni7E67' に交差がある
INFO:最終チェックのグリフ 'uni7E6B' に交差がある
INFO:最終チェックのグリフ 'uni7E7F' に交差がある
INFO:最終チェックのグリフ 'uni7E83' に交差がある
INFO:最終チェックのグリフ 'uni7E88' に交差がある
INFO:最終チェックのグリフ 'uni7E89' に交差がある
INFO:最終チェックのグリフ 'uni7E92' に交差がある
INFO:最終チェックのグリフ 'uni7E93' に交差がある
INFO:最終チェックのグリフ 'uni7E94' に交差がある
INFO:最終チェックのグリフ 'uni7E96' に交差がある
INFO:最終チェックのグリフ 'uni7E98' に交差がある
INFO:最終チェックのグリフ 'uni7F3A' に交差がある
INFO:最終チェックのグリフ 'uni7F45' に交差がある
INFO:最終チェックのグリフ 'uni7F4F' に交差がある
INFO:最終チェックのグリフ 'uni7F82' に交差がある
INFO:最終チェックのグリフ 'uni7F8E' に交差がある
INFO:最終チェックのグリフ 'uni7F9D' に交差がある
INFO:最終チェックのグリフ 'uni7FAD' に交差がある
INFO:最終チェックのグリフ 'uni7FB6' に交差がある
INFO:最終チェックのグリフ 'uni7FC3' に交差がある
INFO:最終チェックのグリフ 'uni7FD4' に交差がある
INFO:最終チェックのグリフ 'uni7FDB' に交差がある
INFO:最終チェックのグリフ 'uni7FE3' に交差がある
INFO:最終チェックのグリフ 'uni7FE5' に交差がある
INFO:最終チェックのグリフ 'uni7FEC' に交差がある
INFO:最終チェックのグリフ 'uni7FF2' に交差がある
INFO:最終チェックのグリフ 'uni8011' に交差がある
INFO:最終チェックのグリフ 'uni8035' に交差がある
INFO:最終チェックのグリフ 'uni804A' に交差がある
INFO:最終チェックのグリフ 'uni805A' に交差がある
INFO:最終チェックのグリフ 'uni805E' に交差がある
INFO:最終チェックのグリフ 'uni8062' に交差がある
INFO:最終チェックのグリフ 'uni8068' に交差がある
INFO:最終チェックのグリフ 'uni8070' に交差がある
INFO:最終チェックのグリフ 'uni8072' に交差がある
INFO:最終チェックのグリフ 'uni807B' に交差がある
INFO:最終チェックのグリフ 'uni80A9' に交差がある
INFO:最終チェックのグリフ 'uni80CA' に交差がある
INFO:最終チェックのグリフ 'uni80D5' に交差がある
INFO:最終チェックのグリフ 'uni80D6' に交差がある
INFO:最終チェックのグリフ 'uni80DD' に交差がある
INFO:最終チェックのグリフ 'uni80F3' に交差がある
INFO:最終チェックのグリフ 'uni8151' に交差がある
INFO:最終チェックのグリフ 'uni8153' に交差がある
INFO:最終チェックのグリフ 'uni815F' に交差がある
INFO:最終チェックのグリフ 'uni8160' に交差がある
INFO:最終チェックのグリフ 'uni8169' に交差がある
INFO:最終チェックのグリフ 'uni816E' に交差がある
INFO:最終チェックのグリフ 'uni8193' に交差がある
INFO:最終チェックのグリフ 'uni81A4' に交差がある
INFO:最終チェックのグリフ 'uni81C8' に交差がある
INFO:最終チェックのグリフ 'uni81CF' に交差がある
INFO:最終チェックのグリフ 'uni81D3' に交差がある
INFO:最終チェックのグリフ 'uni81D7' に交差がある
INFO:最終チェックのグリフ 'uni81D9' に交差がある
INFO:最終チェックのグリフ 'uni81DB' に交差がある
INFO:最終チェックのグリフ 'uni81E7' に交差がある
INFO:最終チェックのグリフ 'uni8229' に交差がある
INFO:最終チェックのグリフ 'uni8237' に交差がある
INFO:最終チェックのグリフ 'uni824B' に交差がある
INFO:最終チェックのグリフ 'uni8259' に交差がある
INFO:最終チェックのグリフ 'uni825F' に交差がある
INFO:最終チェックのグリフ 'uni8260' に交差がある
INFO:最終チェックのグリフ 'uni8262' に交差がある
INFO:最終チェックのグリフ 'uni8266' に交差がある
INFO:最終チェックのグリフ 'uni828D' に交差がある
INFO:最終チェックのグリフ 'uni82A1' に交差がある
INFO:最終チェックのグリフ 'uni82BB' に交差がある
INFO:最終チェックのグリフ 'uni82BF' に交差がある
INFO:最終チェックのグリフ 'uni8316' に交差がある
INFO:最終チェックのグリフ 'uni8328' に交差がある
INFO:最終チェックのグリフ 'uni832D' に交差がある
INFO:最終チェックのグリフ 'uni832F' に交差がある
INFO:最終チェックのグリフ 'uni8355' に交差がある
INFO:最終チェックのグリフ 'uni8357' に交差がある
INFO:最終チェックのグリフ 'uni839A' に交差がある
INFO:最終チェックのグリフ 'uni839B' に交差がある
INFO:最終チェックのグリフ 'uni83B5' に交差がある
INFO:最終チェックのグリフ 'uni83F9' に交差がある
INFO:最終チェックのグリフ 'uni8404' に交差がある
INFO:最終チェックのグリフ 'uni840C' に交差がある
INFO:最終チェックのグリフ 'uni8429' に交差がある
INFO:最終チェックのグリフ 'uni842C' に交差がある
INFO:最終チェックのグリフ 'uni8439' に交差がある
INFO:最終チェックのグリフ 'uni8465' に交差がある
INFO:最終チェックのグリフ 'uni846F' に交差がある
INFO:最終チェックのグリフ 'uni8485' に交差がある
INFO:最終チェックのグリフ 'uni8497' に交差がある
INFO:最終チェックのグリフ 'uni84AD' に交差がある
INFO:最終チェックのグリフ 'uni84AF' に交差がある
INFO:最終チェックのグリフ 'uni84B9' に交差がある
INFO:最終チェックのグリフ 'uni84BA' に交差がある
INFO:最終チェックのグリフ 'uni84C9' に交差がある
INFO:最終チェックのグリフ 'uni8506' に交差がある
INFO:最終チェックのグリフ 'uni851B' に交差がある
INFO:最終チェックのグリフ 'uni8521' に交差がある
INFO:最終チェックのグリフ 'uni8553' に交差がある
INFO:最終チェックのグリフ 'uni8580' に交差がある
INFO:最終チェックのグリフ 'uni8581' に交差がある
INFO:最終チェックのグリフ 'uni8593' に交差がある
INFO:最終チェックのグリフ 'uni8594' に交差がある
INFO:最終チェックのグリフ 'uni8597' に交差がある
INFO:最終チェックのグリフ 'uni85A4' に交差がある
INFO:最終チェックのグリフ 'uni85AB' に交差がある
INFO:最終チェックのグリフ 'uni85C9' に交差がある
INFO:最終チェックのグリフ 'uni85CB' に交差がある
INFO:最終チェックのグリフ 'uni85CF' に交差がある
INFO:最終チェックのグリフ 'uni85D8' に交差がある
INFO:最終チェックのグリフ 'uni85DD' に交差がある
INFO:最終チェックのグリフ 'uni85E5' に交差がある
INFO:最終チェックのグリフ 'uni85EA' に交差がある
INFO:最終チェックのグリフ 'uni8605' に交差がある
INFO:最終チェックのグリフ 'uni8624' に交差がある
INFO:最終チェックのグリフ 'uni8629' に交差がある
INFO:最終チェックのグリフ 'uni862F' に交差がある
INFO:最終チェックのグリフ 'uni863C' に交差がある
INFO:最終チェックのグリフ 'uni8641' に交差がある
INFO:最終チェックのグリフ 'uni8655' に交差がある
INFO:最終チェックのグリフ 'uni865A' に交差がある
INFO:最終チェックのグリフ 'uni8667' に交差がある
INFO:最終チェックのグリフ 'uni867B' に交差がある
INFO:最終チェックのグリフ 'uni86A3' に交差がある
INFO:最終チェックのグリフ 'uni86AF' に交差がある
INFO:最終チェックのグリフ 'uni86C6' に交差がある
INFO:最終チェックのグリフ 'uni86E3' に交差がある
INFO:最終チェックのグリフ 'uni86E4' に交差がある
INFO:最終チェックのグリフ 'uni8709' に交差がある
INFO:最終チェックのグリフ 'uni8713' に交差がある
INFO:最終チェックのグリフ 'uni871A' に交差がある
INFO:最終チェックのグリフ 'uni8725' に交差がある
INFO:最終チェックのグリフ 'uni8757' に交差がある
INFO:最終チェックのグリフ 'uni8772' に交差がある
INFO:最終チェックのグリフ 'uni8788' に交差がある
INFO:最終チェックのグリフ 'uni87A0' に交差がある
INFO:最終チェックのグリフ 'uni87E3' に交差がある
INFO:最終チェックのグリフ 'uni880D' に交差がある
INFO:最終チェックのグリフ 'uni8811' に交差がある
INFO:最終チェックのグリフ 'uni8821' に交差がある
INFO:最終チェックのグリフ 'uni8822' に交差がある
INFO:最終チェックのグリフ 'uni8828' に交差がある
INFO:最終チェックのグリフ 'uni8831' に交差がある
INFO:最終チェックのグリフ 'uni8832' に交差がある
INFO:最終チェックのグリフ 'uni8836' に交差がある
INFO:最終チェックのグリフ 'uni883C' に交差がある
INFO:最終チェックのグリフ 'uni8844' に交差がある
INFO:最終チェックのグリフ 'uni8882' に交差がある
INFO:最終チェックのグリフ 'uni88A2' に交差がある
INFO:最終チェックのグリフ 'uni88AA' に交差がある
INFO:最終チェックのグリフ 'uni88BF' に交差がある
INFO:最終チェックのグリフ 'uni88D5' に交差がある
INFO:最終チェックのグリフ 'uni88F2' に交差がある
INFO:最終チェックのグリフ 'uni891E' に交差がある
INFO:最終チェックのグリフ 'uni8936' に交差がある
INFO:最終チェックのグリフ 'uni8937' に交差がある
INFO:最終チェックのグリフ 'uni8938' に交差がある
INFO:最終チェックのグリフ 'uni8964' に交差がある
INFO:最終チェックのグリフ 'uni8966' に交差がある
INFO:最終チェックのグリフ 'uni896D' に交差がある
INFO:最終チェックのグリフ 'uni89A9' に交差がある
INFO:最終チェックのグリフ 'uni89BA' に交差がある
INFO:最終チェックのグリフ 'uni89DD' に交差がある
INFO:最終チェックのグリフ 'uni89F1' に交差がある
INFO:最終チェックのグリフ 'uni89FD' に交差がある
INFO:最終チェックのグリフ 'uni8A12' に交差がある
INFO:最終チェックのグリフ 'uni8A46' に交差がある
INFO:最終チェックのグリフ 'uni8A55' に交差がある
INFO:最終チェックのグリフ 'uni8A5B' に交差がある
INFO:最終チェックのグリフ 'uni8A8D' に交差がある
INFO:最終チェックのグリフ 'uni8AA0' に交差がある
INFO:最終チェックのグリフ 'uni8AB7' に交差がある
INFO:最終チェックのグリフ 'uni8ABC' に交差がある
INFO:最終チェックのグリフ 'uni8ADA' に交差がある
INFO:最終チェックのグリフ 'uni8ADF' に交差がある
INFO:最終チェックのグリフ 'uni8AE1' に交差がある
INFO:最終チェックのグリフ 'uni8AE6' に交差がある
INFO:最終チェックのグリフ 'uni8B0A' に交差がある
INFO:最終チェックのグリフ 'uni8B0C' に交差がある
INFO:最終チェックのグリフ 'uni8B10' に交差がある
INFO:最終チェックのグリフ 'uni8B1A' に交差がある
INFO:最終チェックのグリフ 'uni8B2B' に交差がある
INFO:最終チェックのグリフ 'uni8B66' に交差がある
INFO:最終チェックのグリフ 'uni8B80' に交差がある
INFO:最終チェックのグリフ 'uni8B8E' に交差がある
INFO:最終チェックのグリフ 'uni8B92' に交差がある
INFO:最終チェックのグリフ 'uni8B96' に交差がある
INFO:最終チェックのグリフ 'uni8C3A' に交差がある
INFO:最終チェックのグリフ 'uni8C45' に交差がある
INFO:最終チェックのグリフ 'uni8C55' に交差がある
INFO:最終チェックのグリフ 'uni8C62' に交差がある
INFO:最終チェックのグリフ 'uni8C7C' に交差がある
INFO:最終チェックのグリフ 'uni8C89' に交差がある
INFO:最終チェックのグリフ 'uni8C8A' に交差がある
INFO:最終チェックのグリフ 'uni8C92' に交差がある
INFO:最終チェックのグリフ 'uni8CB3' に交差がある
INFO:最終チェックのグリフ 'uni8CB7' に交差がある
INFO:最終チェックのグリフ 'uni8CC1' に交差がある
INFO:最終チェックのグリフ 'uni8CC2' に交差がある
INFO:最終チェックのグリフ 'uni8CD5' に交差がある
INFO:最終チェックのグリフ 'uni8CD6' に交差がある
INFO:最終チェックのグリフ 'uni8D0A' に交差がある
INFO:最終チェックのグリフ 'uni8D0D' に交差がある
INFO:最終チェックのグリフ 'uni8D0E' に交差がある
INFO:最終チェックのグリフ 'uni8D10' に交差がある
INFO:最終チェックのグリフ 'uni8DCF' に交差がある
INFO:最終チェックのグリフ 'uni8DD9' に交差がある
INFO:最終チェックのグリフ 'uni8DDF' に交差がある
INFO:最終チェックのグリフ 'uni8DF5' に交差がある
INFO:最終チェックのグリフ 'uni8DFF' に交差がある
INFO:最終チェックのグリフ 'uni8E36' に交差がある
INFO:最終チェックのグリフ 'uni8E39' に交差がある
INFO:最終チェックのグリフ 'uni8E44' に交差がある
INFO:最終チェックのグリフ 'uni8E49' に交差がある
INFO:最終チェックのグリフ 'uni8E4A' に交差がある
INFO:最終チェックのグリフ 'uni8E62' に交差がある
INFO:最終チェックのグリフ 'uni8E6C' に交差がある
INFO:最終チェックのグリフ 'uni8E6F' に交差がある
INFO:最終チェックのグリフ 'uni8E81' に交差がある
INFO:最終チェックのグリフ 'uni8E8B' に交差がある
INFO:最終チェックのグリフ 'uni8EAE' に交差がある
INFO:最終チェックのグリフ 'uni8EB0' に交差がある
INFO:最終チェックのグリフ 'uni8EC5' に交差がある
INFO:最終チェックのグリフ 'uni8EE3' に交差がある
INFO:最終チェックのグリフ 'uni8EFB' に交差がある
INFO:最終チェックのグリフ 'uni8F1E' に交差がある
INFO:最終チェックのグリフ 'uni8F2A' に交差がある
INFO:最終チェックのグリフ 'uni8F38' に交差がある
INFO:最終チェックのグリフ 'uni8F40' に交差がある
INFO:最終チェックのグリフ 'uni8F42' に交差がある
INFO:最終チェックのグリフ 'uni8F4D' に交差がある
INFO:最終チェックのグリフ 'uni8F5F' に交差がある
INFO:最終チェックのグリフ 'uni8F63' に交差がある
INFO:最終チェックのグリフ 'uni8F64' に交差がある
INFO:最終チェックのグリフ 'uni8FA7' に交差がある
INFO:最終チェックのグリフ 'uni8FFA' に交差がある
INFO:最終チェックのグリフ 'uni901F' に交差がある
INFO:最終チェックのグリフ 'uni9022' に交差がある
INFO:最終チェックのグリフ 'uni904F' に交差がある
INFO:最終チェックのグリフ 'uni905C' に交差がある
INFO:最終チェックのグリフ 'uni9087' に交差がある
INFO:最終チェックのグリフ 'uni9090' に交差がある
INFO:最終チェックのグリフ 'uni90A6' に交差がある
INFO:最終チェックのグリフ 'uni90B5' に交差がある
INFO:最終チェックのグリフ 'uni90C8' に交差がある
INFO:最終チェックのグリフ 'uni90DE' に交差がある
INFO:最終チェックのグリフ 'uni90E2' に交差がある
INFO:最終チェックのグリフ 'uni90EF' に交差がある
INFO:最終チェックのグリフ 'uni9104' に交差がある
INFO:最終チェックのグリフ 'uni9114' に交差がある
INFO:最終チェックのグリフ 'uni9115' に交差がある
INFO:最終チェックのグリフ 'uni9137' に交差がある
INFO:最終チェックのグリフ 'uni914A' に交差がある
INFO:最終チェックのグリフ 'uni9159' に交差がある
INFO:最終チェックのグリフ 'uni918D' に交差がある
INFO:最終チェックのグリフ 'uni918E' に交差がある
INFO:最終チェックのグリフ 'uni91AA' に交差がある
INFO:最終チェックのグリフ 'uni91AF' に交差がある
INFO:最終チェックのグリフ 'uni91B1' に交差がある
INFO:最終チェックのグリフ 'uni91B4' に交差がある
INFO:最終チェックのグリフ 'uni91BC' に交差がある
INFO:最終チェックのグリフ 'uni91C3' に交差がある
INFO:最終チェックのグリフ 'uni91D7' に交差がある
INFO:最終チェックのグリフ 'uni91DA' に交差がある
INFO:最終チェックのグリフ 'uni91FC' に交差がある
INFO:最終チェックのグリフ 'uni9245' に交差がある
INFO:最終チェックのグリフ 'uni9247' に交差がある
INFO:最終チェックのグリフ 'uni9249' に交差がある
INFO:最終チェックのグリフ 'uni924F' に交差がある
INFO:最終チェックのグリフ 'uni9268' に交差がある
INFO:最終チェックのグリフ 'uni9285' に交差がある
INFO:最終チェックのグリフ 'uni92C0' に交差がある
INFO:最終チェックのグリフ 'uni92E9' に交差がある
INFO:最終チェックのグリフ 'uni92FC' に交差がある
INFO:最終チェックのグリフ 'uni9302' に交差がある
INFO:最終チェックのグリフ 'uni9306' に交差がある
INFO:最終チェックのグリフ 'uni9310' に交差がある
INFO:最終チェックのグリフ 'uni9315' に交差がある
INFO:最終チェックのグリフ 'uni9318' に交差がある
INFO:最終チェックのグリフ 'uni9320' に交差がある
INFO:最終チェックのグリフ 'uni9321' に交差がある
INFO:最終チェックのグリフ 'uni9322' に交差がある
INFO:最終チェックのグリフ 'uni9325' に交差がある
INFO:最終チェックのグリフ 'uni9349' に交差がある
INFO:最終チェックのグリフ 'uni934A' に交差がある
INFO:最終チェックのグリフ 'uni934B' に交差がある
INFO:最終チェックのグリフ 'uni9351' に交差がある
INFO:最終チェックのグリフ 'uni9357' に交差がある
INFO:最終チェックのグリフ 'uni9360' に交差がある
INFO:最終チェックのグリフ 'uni937E' に交差がある
INFO:最終チェックのグリフ 'uni9388' に交差がある
INFO:最終チェックのグリフ 'uni93AC' に交差がある
INFO:最終チェックのグリフ 'uni93B0' に交差がある
INFO:最終チェックのグリフ 'uni93C7' に交差がある
INFO:最終チェックのグリフ 'uni93C8' に交差がある
INFO:最終チェックのグリフ 'uni93D1' に交差がある
INFO:最終チェックのグリフ 'uni93D7' に交差がある
INFO:最終チェックのグリフ 'uni93DC' に交差がある
INFO:最終チェックのグリフ 'uni93DF' に交差がある
INFO:最終チェックのグリフ 'uni9418' に交差がある
INFO:最終チェックのグリフ 'uni9419' に交差がある
INFO:最終チェックのグリフ 'uni9434' に交差がある
INFO:最終チェックのグリフ 'uni9451' に交差がある
INFO:最終チェックのグリフ 'uni9460' に交差がある
INFO:最終チェックのグリフ 'uni9462' に交差がある
INFO:最終チェックのグリフ 'uni946F' に交差がある
INFO:最終チェックのグリフ 'uni9470' に交差がある
INFO:最終チェックのグリフ 'uni947E' に交差がある
INFO:最終チェックのグリフ 'uni947F' に交差がある
INFO:最終チェックのグリフ 'uni9591' に交差がある
INFO:最終チェックのグリフ 'uni95A2' に交差がある
INFO:最終チェックのグリフ 'uni95A6' に交差がある
INFO:最終チェックのグリフ 'uni95C3' に交差がある
INFO:最終チェックのグリフ 'uni95DE' に交差がある
INFO:最終チェックのグリフ 'uni95E5' に交差がある
INFO:最終チェックのグリフ 'uni963B' に交差がある
INFO:最終チェックのグリフ 'uni9644' に交差がある
INFO:最終チェックのグリフ 'uni964B' に交差がある
INFO:最終チェックのグリフ 'uni9650' に交差がある
INFO:最終チェックのグリフ 'uni965B' に交差がある
INFO:最終チェックのグリフ 'uni965E' に交差がある
INFO:最終チェックのグリフ 'uni9675' に交差がある
INFO:最終チェックのグリフ 'uni9684' に交差がある
INFO:最終チェックのグリフ 'uni9686' に交差がある
INFO:最終チェックのグリフ 'uni968E' に交差がある
INFO:最終チェックのグリフ 'uni9698' に交差がある
INFO:最終チェックのグリフ 'uni969A' に交差がある
INFO:最終チェックのグリフ 'uni96A0' に交差がある
INFO:最終チェックのグリフ 'uni96A5' に交差がある
INFO:最終チェックのグリフ 'uni96A9' に交差がある
INFO:最終チェックのグリフ 'uni96B1' に交差がある
INFO:最終チェックのグリフ 'uni96CB' に交差がある
INFO:最終チェックのグリフ 'uni96CD' に交差がある
INFO:最終チェックのグリフ 'uni96D8' に交差がある
INFO:最終チェックのグリフ 'uni9708' に交差がある
INFO:最終チェックのグリフ 'uni9713' に交差がある
INFO:最終チェックのグリフ 'uni9727' に交差がある
INFO:最終チェックのグリフ 'uni9743' に交差がある
INFO:最終チェックのグリフ 'uni974E' に交差がある
INFO:最終チェックのグリフ 'uni975B' に交差がある
INFO:最終チェックのグリフ 'uni9779' に交差がある
INFO:最終チェックのグリフ 'uni97AE' に交差がある
INFO:最終チェックのグリフ 'uni97BA' に交差がある
INFO:最終チェックのグリフ 'uni97C6' に交差がある
INFO:最終チェックのグリフ 'uni97D4' に交差がある
INFO:最終チェックのグリフ 'uni97D9' に交差がある
INFO:最終チェックのグリフ 'uni97DE' に交差がある
INFO:最終チェックのグリフ 'uni9801' に交差がある
INFO:最終チェックのグリフ 'uni9803' に交差がある
INFO:最終チェックのグリフ 'uni9816' に交差がある
INFO:最終チェックのグリフ 'uni9853' に交差がある
INFO:最終チェックのグリフ 'uni9859' に交差がある
INFO:最終チェックのグリフ 'uni985B' に交差がある
INFO:最終チェックのグリフ 'uni986C' に交差がある
INFO:最終チェックのグリフ 'uni986F' に交差がある
INFO:最終チェックのグリフ 'uni9870' に交差がある
INFO:最終チェックのグリフ 'uni98A8' に交差がある
INFO:最終チェックのグリフ 'uni98B7' に交差がある
INFO:最終チェックのグリフ 'uni98BC' に交差がある
INFO:最終チェックのグリフ 'uni98C2' に交差がある
INFO:最終チェックのグリフ 'uni98C3' に交差がある
INFO:最終チェックのグリフ 'uni98CB' に交差がある
INFO:最終チェックのグリフ 'uni98E5' に交差がある
INFO:最終チェックのグリフ 'uni98F0' に交差がある
INFO:最終チェックのグリフ 'uni98FE' に交差がある
INFO:最終チェックのグリフ 'uni991B' に交差がある
INFO:最終チェックのグリフ 'uni991E' に交差がある
INFO:最終チェックのグリフ 'uni9920' に交差がある
INFO:最終チェックのグリフ 'uni9933' に交差がある
INFO:最終チェックのグリフ 'uni993C' に交差がある
INFO:最終チェックのグリフ 'uni9942' に交差がある
INFO:最終チェックのグリフ 'uni9950' に交差がある
INFO:最終チェックのグリフ 'uni995C' に交差がある
INFO:最終チェックのグリフ 'uni99A8' に交差がある
INFO:最終チェックのグリフ 'uni99D4' に交差がある
INFO:最終チェックのグリフ 'uni99EE' に交差がある
INFO:最終チェックのグリフ 'uni9A12' に交差がある
INFO:最終チェックのグリフ 'uni9A1A' に交差がある
INFO:最終チェックのグリフ 'uni9A20' に交差がある
INFO:最終チェックのグリフ 'uni9A30' に交差がある
INFO:最終チェックのグリフ 'uni9A40' に交差がある
INFO:最終チェックのグリフ 'uni9A4E' に交差がある
INFO:最終チェックのグリフ 'uni9A55' に交差がある
INFO:最終チェックのグリフ 'uni9A5A' に交差がある
INFO:最終チェックのグリフ 'uni9A6A' に交差がある
INFO:最終チェックのグリフ 'uni9AB0' に交差がある
INFO:最終チェックのグリフ 'uni9AB6' に交差がある
INFO:最終チェックのグリフ 'uni9AB8' に交差がある
INFO:最終チェックのグリフ 'uni9AD2' に交差がある
INFO:最終チェックのグリフ 'uni9AD4' に交差がある
INFO:最終チェックのグリフ 'uni9AE0' に交差がある
INFO:最終チェックのグリフ 'uni9AE2' に交差がある
INFO:最終チェックのグリフ 'uni9AE3' に交差がある
INFO:最終チェックのグリフ 'uni9AE5' に交差がある
INFO:最終チェックのグリフ 'uni9AEA' に交差がある
INFO:最終チェックのグリフ 'uni9AEB' に交差がある
INFO:最終チェックのグリフ 'uni9AED' に交差がある
INFO:最終チェックのグリフ 'uni9AF9' に交差がある
INFO:最終チェックのグリフ 'uni9AFB' に交差がある
INFO:最終チェックのグリフ 'uni9B06' に交差がある
INFO:最終チェックのグリフ 'uni9B10' に交差がある
INFO:最終チェックのグリフ 'uni9B12' に交差がある
INFO:最終チェックのグリフ 'uni9B18' に交差がある
INFO:最終チェックのグリフ 'uni9B1A' に交差がある
INFO:最終チェックのグリフ 'uni9B1D' に交差がある
INFO:最終チェックのグリフ 'uni9B23' に交差がある
INFO:最終チェックのグリフ 'uni9B25' に交差がある
INFO:最終チェックのグリフ 'uni9B27' に交差がある
INFO:最終チェックのグリフ 'uni9B2B' に交差がある
INFO:最終チェックのグリフ 'uni9B2D' に交差がある
INFO:最終チェックのグリフ 'uni9B2E' の参照が不正
INFO:最終チェックのグリフ 'uni9B2F' に交差がある
INFO:最終チェックのグリフ 'uni9B31' に交差がある
INFO:最終チェックのグリフ 'uni9B4F' に交差がある
INFO:最終チェックのグリフ 'uni9B76' に交差がある
INFO:最終チェックのグリフ 'uni9B79' に交差がある
INFO:最終チェックのグリフ 'uni9BC6' に交差がある
INFO:最終チェックのグリフ 'uni9BE2' に交差がある
INFO:最終チェックのグリフ 'uni9BE8' に交差がある
INFO:最終チェックのグリフ 'uni9BF2' に交差がある
INFO:最終チェックのグリフ 'uni9BF7' に交差がある
INFO:最終チェックのグリフ 'uni9BF8' に交差がある
INFO:最終チェックのグリフ 'uni9BFD' に交差がある
INFO:最終チェックのグリフ 'uni9C00' に交差がある
INFO:最終チェックのグリフ 'uni9C09' に交差がある
INFO:最終チェックのグリフ 'uni9C27' に交差がある
INFO:最終チェックのグリフ 'uni9C29' に交差がある
INFO:最終チェックのグリフ 'uni9C2A' に交差がある
INFO:最終チェックのグリフ 'uni9C2E' に交差がある
INFO:最終チェックのグリフ 'uni9C2F' に交差がある
INFO:最終チェックのグリフ 'uni9C39' に交差がある
INFO:最終チェックのグリフ 'uni9C3A' に交差がある
INFO:最終チェックのグリフ 'uni9C52' に交差がある
INFO:最終チェックのグリフ 'uni9C78' に交差がある
INFO:最終チェックのグリフ 'uni9CEC' に交差がある
INFO:最終チェックのグリフ 'uni9CF2' に交差がある
INFO:最終チェックのグリフ 'uni9D0B' に交差がある
INFO:最終チェックのグリフ 'uni9D47' に交差がある
INFO:最終チェックのグリフ 'uni9D48' に交差がある
INFO:最終チェックのグリフ 'uni9D52' に交差がある
INFO:最終チェックのグリフ 'uni9D6B' に交差がある
INFO:最終チェックのグリフ 'uni9D70' に交差がある
INFO:最終チェックのグリフ 'uni9DAF' に交差がある
INFO:最終チェックのグリフ 'uni9DB2' に交差がある
INFO:最終チェックのグリフ 'uni9DB5' に交差がある
INFO:最終チェックのグリフ 'uni9DC0' に交差がある
INFO:最終チェックのグリフ 'uni9DC1' に交差がある
INFO:最終チェックのグリフ 'uni9DC7' に交差がある
INFO:最終チェックのグリフ 'uni9DDA' に交差がある
INFO:最終チェックのグリフ 'uni9DDF' に交差がある
INFO:最終チェックのグリフ 'uni9E1A' に交差がある
INFO:最終チェックのグリフ 'uni9E7D' に交差がある
INFO:最終チェックのグリフ 'uni9E9D' に交差がある
INFO:最終チェックのグリフ 'uni9E9F' に交差がある
INFO:最終チェックのグリフ 'uni9EA4' に交差がある
INFO:最終チェックのグリフ 'uni9EA8' に交差がある
INFO:最終チェックのグリフ 'uni9EAD' に交差がある
INFO:最終チェックのグリフ 'uni9ECC' に交差がある
INFO:最終チェックのグリフ 'uni9ED1' に交差がある
INFO:最終チェックのグリフ 'uni9EDC' に交差がある
INFO:最終チェックのグリフ 'uni9EDD' に交差がある
INFO:最終チェックのグリフ 'uni9EDF' に交差がある
INFO:最終チェックのグリフ 'uni9EEF' に交差がある
INFO:最終チェックのグリフ 'uni9F07' に交差がある
INFO:最終チェックのグリフ 'uni9F08' に交差がある
INFO:最終チェックのグリフ 'uni9F15' に交差がある
INFO:最終チェックのグリフ 'uni9F41' に交差がある
INFO:最終チェックのグリフ 'uni9F4E' に交差がある
INFO:最終チェックのグリフ 'uni9F5F' に交差がある
INFO:最終チェックのグリフ 'uni9F69' に交差がある
INFO:最終チェックのグリフ 'uni9F6A' に交差がある
INFO:最終チェックのグリフ 'uni9F76' に交差がある
INFO:最終チェックのグリフ 'uni9FA0' に交差がある
INFO:最終チェックのグリフ 'uniFA12' に交差がある
INFO:最終チェックのグリフ 'uniFA26' に交差がある
INFO:最終チェックのグリフ 'uniFA40' に交差がある
INFO:最終チェックのグリフ 'uniFA41' に交差がある
INFO:最終チェックのグリフ 'uniFA4A' に交差がある
INFO:最終チェックのグリフ 'uniFA50' に交差がある
INFO:最終チェックのグリフ 'uniFA52' に交差がある
INFO:最終チェックのグリフ 'uniFA58' に交差がある
INFO:最終チェックのグリフ 'uniFA67' に交差がある
INFO:最終チェックのグリフ 'uniFA69' に交差がある
INFO:最終チェックのグリフ 'uniFF06' に交差がある
INFO:最終チェックのグリフ 'uniFF0A' に交差がある
INFO:最終チェックのグリフ 'uniFF2F' に交差がある
INFO:最終チェックのグリフ 'uniFF41' に交差がある
INFO:最終チェックのグリフ 'uniFF43' に交差がある
INFO:最終チェックのグリフ 'uniFF58' に交差がある
INFO:最終チェックのグリフ 'u2146E' に交差がある
INFO:最終チェックのグリフ 'u21A1A' に交差がある
INFO:最終チェックのグリフ 'u21D45' に交差がある
INFO:最終チェックのグリフ 'u21DA1' に交差がある
INFO:最終チェックのグリフ 'u22C1D' に交差がある
INFO:最終チェックのグリフ 'u231F5' に交差がある
INFO:最終チェックのグリフ 'u233DA' に交差がある
INFO:最終チェックのグリフ 'u2344A' に交差がある
INFO:最終チェックのグリフ 'u23638' に交差がある
INFO:最終チェックのグリフ 'u2370C' に交差がある
INFO:最終チェックのグリフ 'u23763' に交差がある
INFO:最終チェックのグリフ 'u237FF' に交差がある
INFO:最終チェックのグリフ 'u23DF9' に交差がある
INFO:最終チェックのグリフ 'u23F7E' に交差がある
INFO:最終チェックのグリフ 'u243D0' に交差がある
INFO:最終チェックのグリフ 'u24A4D' に交差がある
INFO:最終チェックのグリフ 'u24E0E' に交差がある
INFO:最終チェックのグリフ 'u2521E' に交差がある
INFO:最終チェックのグリフ 'u25874' に交差がある
INFO:最終チェックのグリフ 'u25DA1' に交差がある
INFO:最終チェックのグリフ 'u25F23' に交差がある
INFO:最終チェックのグリフ 'u25F5C' に交差がある
INFO:最終チェックのグリフ 'u25FFB' に交差がある
INFO:最終チェックのグリフ 'u260ED' に交差がある
INFO:最終チェックのグリフ 'u268EA' に交差がある
INFO:最終チェックのグリフ 'u26A58' に交差がある
INFO:最終チェックのグリフ 'u26A8C' に交差がある
INFO:最終チェックのグリフ 'u26C73' に交差がある
INFO:最終チェックのグリフ 'u270F4' に交差がある
INFO:最終チェックのグリフ 'u273DB' に交差がある
INFO:最終チェックのグリフ 'u27631' に交差がある
INFO:最終チェックのグリフ 'u27693' に交差がある
INFO:最終チェックのグリフ 'u28277' に交差がある
INFO:最終チェックのグリフ 'u283CD' に交差がある
INFO:最終チェックのグリフ 'u28988' に交差がある
INFO:最終チェックのグリフ 'u289BA' に交差がある
INFO:最終チェックのグリフ 'u289BB' に交差がある
INFO:最終チェックのグリフ 'u28AE4' に交差がある
INFO:最終チェックのグリフ 'u28BC1' に交差がある
INFO:最終チェックのグリフ 'u28DFB' に交差がある
INFO:最終チェックのグリフ 'u292A0' に交差がある
INFO:最終チェックのグリフ 'u29DDB' に交差がある
INFO:最終チェックのグリフ 'u29EDB' に交差がある
INFO:最終チェックのグリフ 'u29EE9' に交差がある
INFO:最終チェックのグリフ 'u2A437' に交差がある
INFO:最終チェックのグリフ 'u2A5F1' に交差がある
INFO:最終チェックのグリフ 'uni301C.vert' に交差がある
INFO:最終チェックのグリフ 'uni337E.aalt' に交差がある
INFO:最終チェックのグリフ 'uni3048.aalt' に交差がある
INFO:最終チェックのグリフ 'uni306E.aalt' に交差がある
INFO:最終チェックのグリフ 'uni307A.aalt' に交差がある
INFO:最終チェックのグリフ 'uni30BF.vert' に交差がある
INFO:最終チェックのグリフ 'uni30D1.aalt' に交差がある
INFO:最終チェックのグリフ 'uni30D4.aalt' に交差がある
INFO:最終チェックのグリフ 'uni30DD.aalt' に交差がある
INFO:最終チェックのグリフ 'uni30E3.vert' に交差がある
INFO:最終チェックのグリフ 'uni30EB.vert' に交差がある
INFO:最終チェックのグリフ 'uni31F4.aalt' に交差がある
INFO:最終チェックのグリフ 'uni30AD_uni309A.ccmp' に交差がある
INFO:最終チェックのグリフ 'uni304F.aalt_uni309A.ccmp' に交差がある
INFO:最終チェックのグリフ 'uni30AD_uni309A.ccmp.vert' に交差がある
INFO:最終チェックのグリフ 'uni30B1_uni309A.ccmp.vert' に交差がある
INFO:最終チェックのグリフ 'uni30BB_uni309A.ccmp.vert' に交差がある
INFO:最終チェックのグリフ 'uni31F7.aalt_uni309A.ccmp' に交差がある
INFO:最終チェックのグリフ 'uni3002.vert' に交差がある
INFO:最終チェックのグリフ 'uni309C.vert' に交差がある
INFO:最終チェックのグリフ 'uniFF09.vert' に交差がある
INFO:最終チェックのグリフ 'uni3009.vert' に交差がある
INFO:最終チェックのグリフ 'uni300B.vert' に交差がある
INFO:最終チェックのグリフ 'uniFF5F.vert' に交差がある
INFO:最終チェックのグリフ 'uniFF60.vert' に交差がある
INFO:最終チェックのグリフ 'uni6EA2.aalt' に交差がある
INFO:最終チェックのグリフ 'uni8956.aalt' に交差がある
INFO:最終チェックのグリフ 'uni8FE6.aalt' に交差がある
INFO:最終チェックのグリフ 'uni5FBD.aalt' に交差がある
INFO:最終チェックのグリフ 'uni9D60.aalt' に交差がある
INFO:最終チェックのグリフ 'uni698A.aalt' に交差がある
INFO:最終チェックのグリフ 'uni85A9.aalt' に交差がある
INFO:最終チェックのグリフ 'uni6753.jp83' に交差がある
INFO:最終チェックのグリフ 'uni9798.aalt' に交差がある
INFO:最終チェックのグリフ 'uni8A0A.aalt' に交差がある
INFO:最終チェックのグリフ 'uni647A.aalt' に交差がある
INFO:最終チェックのグリフ 'uni7BAD.aalt' に交差がある
INFO:最終チェックのグリフ 'uni63C3.aalt' に交差がある
INFO:最終チェックのグリフ 'uni7026.jp83' に交差がある
INFO:最終チェックのグリフ 'uni514E.expt' に交差がある
INFO:最終チェックのグリフ 'uni6A0B.aalt' に交差がある
INFO:最終チェックのグリフ 'uni5EDF.aalt' に交差がある
INFO:最終チェックのグリフ 'uni65A7.aalt' に交差がある
INFO:最終チェックのグリフ 'uni77A5.aalt' に交差がある
INFO:最終チェックのグリフ 'uni9C52.aalt' に交差がある
INFO:最終チェックのグリフ 'uni723A.aalt' に交差がある
INFO:最終チェックのグリフ 'uni51A4.jp83' に交差がある
INFO:最終チェックのグリフ 'uni56C0.aalt' に交差がある
INFO:最終チェックのグリフ 'uni7AC8.expt' に交差がある
INFO:最終チェックのグリフ 'uni9A19.aalt' に交差がある
INFO:最終チェックのグリフ 'uni7511.expt' に交差がある
INFO:最終チェックのグリフ 'uni68A2.aalt' に交差がある
INFO:最終チェックのグリフ 'uni976D.jp78' に交差がある
INFO:最終チェックのグリフ 'uni717D.jp78' に交差がある
INFO:最終チェックのグリフ 'uni5275.aalt' に交差がある
INFO:最終チェックのグリフ 'uni51CB.aalt' に交差がある
INFO:最終チェックのグリフ 'uni7C7E.expt' に交差がある
INFO:最終チェックのグリフ 'uni7652.jp78' に交差がある
INFO:最終チェックのグリフ 'uni580B.aalt' に交差がある
INFO:最終チェックのグリフ 'uni6369.aalt' に交差がある
INFO:最終チェックのグリフ 'uni689B.aalt' に交差がある
INFO:最終チェックのグリフ 'uni7515.jp78' に交差がある
INFO:最終チェックのグリフ 'uni787C.aalt' に交差がある
INFO:最終チェックのグリフ 'uni9F9D.expt' に交差がある
INFO:最終チェックのグリフ 'uni82D2.aalt' に交差がある
INFO:最終チェックのグリフ 'uni8ADE.aalt' に交差がある
INFO:最終チェックのグリフ 'uni56AE.aalt' に交差がある
INFO:最終チェックのグリフ 'uni5819.aalt' に交差がある
INFO:最終チェックのグリフ 'uni6E23.aalt' に交差がある
INFO:最終チェックのグリフ 'uni6EEC.aalt' に交差がある
INFO:最終チェックのグリフ 'uni7FE9.aalt' に交差がある
INFO:最終チェックのグリフ 'uni8422.aalt' に交差がある
INFO:最終チェックのグリフ 'uni87D2.expt' に交差がある
INFO:最終チェックのグリフ 'glyph12043' に交差がある
INFO:最終チェックのグリフ 'glyph12063' に交差がある
INFO:最終チェックのグリフ 'uni30DE_uni30F3_uni30B7_uni30E7_uni30F3.dlig' に交差がある
INFO:最終チェックのグリフ 's_e_c.dlig' に交差がある
INFO:最終チェックのグリフ 'm_i_n.dlig' に交差がある
INFO:最終チェックのグリフ 'glyph12223' に交差がある
INFO:最終チェックのグリフ 'glyph12242' に交差がある
INFO:最終チェックのグリフ 'glyph12250' に交差がある
INFO:最終チェックのグリフ 'uni63A7.aalt' に交差がある
INFO:最終チェックのグリフ 'uni8CA1_uni56E3_uni6CD5_uni4EBA.dlig' に交差がある
INFO:最終チェックのグリフ 'uni3333.vert' に交差がある
INFO:最終チェックのグリフ 'AE.aalt' に交差がある
INFO:最終チェックのグリフ 'Oslash.aalt' に交差がある
INFO:最終チェックのグリフ 'agrave.aalt' に交差がある
INFO:最終チェックのグリフ 'aacute.aalt' に交差がある
INFO:最終チェックのグリフ 'acircumflex.aalt' に交差がある
INFO:最終チェックのグリフ 'atilde.aalt' に交差がある
INFO:最終チェックのグリフ 'adieresis.aalt' に交差がある
INFO:最終チェックのグリフ 'aring.aalt' に交差がある
INFO:最終チェックのグリフ 'yacute.aalt' に交差がある
INFO:最終チェックのグリフ 'ydieresis.aalt' に交差がある
INFO:最終チェックのグリフ 'parenright.vert' に交差がある
INFO:最終チェックのグリフ 'comma.vert' に交差がある
INFO:最終チェックのグリフ 'six.vert' に交差がある
INFO:最終チェックのグリフ 'semicolon.vert' に交差がある
INFO:最終チェックのグリフ 'Q.vert' に交差がある
INFO:最終チェックのグリフ 'a.vert' に交差がある
INFO:最終チェックのグリフ 'y.vert' に交差がある
INFO:最終チェックのグリフ 'uniFF17.vert' に交差がある
INFO:最終チェックのグリフ 'uniFF21.vert' に交差がある
INFO:最終チェックのグリフ 'uniFF28.vert' に交差がある
INFO:最終チェックのグリフ 'uniFF2B.vert' に交差がある
INFO:最終チェックのグリフ 'uniFF2D.vert' に交差がある
INFO:最終チェックのグリフ 'uniFF2E.vert' に交差がある
INFO:最終チェックのグリフ 'uniFF32.vert' に交差がある
INFO:最終チェックのグリフ 'uniFF34.vert' に交差がある
INFO:最終チェックのグリフ 'uniFF38.vert' に交差がある
INFO:最終チェックのグリフ 'uniFF39.vert' に交差がある
INFO:最終チェックのグリフ 'uniFF4F.vert' に交差がある
INFO:最終チェックのグリフ 'uniFF54.vert' に交差がある
