INFO:最終チェックのグリフ 'k' に交差がある
INFO:最終チェックのグリフ 'cent' に交差がある
INFO:最終チェックのグリフ 'guillemotleft' に交差がある
INFO:最終チェックのグリフ 'uni0137' に交差がある
INFO:最終チェックのグリフ 'kgreenlandic' に交差がある
INFO:最終チェックのグリフ 'Racute' に交差がある
INFO:最終チェックのグリフ 'uni0156' に交差がある
INFO:最終チェックのグリフ 'Rcaron' に交差がある
INFO:最終チェックのグリフ 'uni01CE' に交差がある
INFO:最終チェックのグリフ 'uni027B' に交差がある
INFO:最終チェックのグリフ 'uni0288' に交差がある
INFO:最終チェックのグリフ 'uni028C' に交差がある
INFO:最終チェックのグリフ 'uni028E' に交差がある
INFO:最終チェックのグリフ 'Kappa' に交差がある
INFO:最終チェックのグリフ 'Lambda' に交差がある
INFO:最終チェックのグリフ 'kappa' に交差がある
INFO:最終チェックのグリフ 'lambda' に交差がある
INFO:最終チェックのグリフ 'uni0430' に交差がある
INFO:最終チェックのグリフ 'uni043A' に交差がある
INFO:最終チェックのグリフ 'uni0445' に交差がある
INFO:最終チェックのグリフ 'uni045C' に交差がある
INFO:最終チェックのグリフ 'uni212B' に交差がある
INFO:最終チェックのグリフ 'uni213B' に交差がある
INFO:最終チェックのグリフ 'uni2168' に交差がある
INFO:最終チェックのグリフ 'uni216B' に交差がある
INFO:最終チェックのグリフ 'uni2179' に交差がある
INFO:最終チェックのグリフ 'uni21C4' に交差がある
INFO:最終チェックのグリフ 'uni2226' に交差がある
INFO:最終チェックのグリフ 'uni23AD' に交差がある
INFO:最終チェックのグリフ 'uni23C3' に交差がある
INFO:最終チェックのグリフ 'uni247A' に交差がある
INFO:最終チェックのグリフ 'uni247C' に交差がある
INFO:最終チェックのグリフ 'uni248D' に交差がある
INFO:最終チェックのグリフ 'uni248F' に交差がある
INFO:最終チェックのグリフ 'uni2605' に交差がある
INFO:最終チェックのグリフ 'uni2606' に交差がある
INFO:最終チェックのグリフ 'uni3010' に交差がある
INFO:最終チェックのグリフ 'uni3016' に交差がある
INFO:最終チェックのグリフ 'uni3059' に交差がある
INFO:最終チェックのグリフ 'uni3090' に交差がある
INFO:最終チェックのグリフ 'uni30A9' に交差がある
INFO:最終チェックのグリフ 'uni30D2' に交差がある
INFO:最終チェックのグリフ 'uni3232' に交差がある
INFO:最終チェックのグリフ 'uni3235' に交差がある
INFO:最終チェックのグリフ 'uni3236' に交差がある
INFO:最終チェックのグリフ 'uni3237' に交差がある
INFO:最終チェックのグリフ 'uni3238' に交差がある
INFO:最終チェックのグリフ 'uni323F' に交差がある
INFO:最終チェックのグリフ 'uni3252' に交差がある
INFO:最終チェックのグリフ 'uni3253' に交差がある
INFO:最終チェックのグリフ 'uni3299' に交差がある
INFO:最終チェックのグリフ 'uni329D' に交差がある
INFO:最終チェックのグリフ 'uni329E' に交差がある
INFO:最終チェックのグリフ 'uni32AC' に交差がある
INFO:最終チェックのグリフ 'uni32AE' に交差がある
INFO:最終チェックのグリフ 'uni32B2' に交差がある
INFO:最終チェックのグリフ 'uni32B3' に交差がある
INFO:最終チェックのグリフ 'uni32B4' に交差がある
INFO:最終チェックのグリフ 'uni32BC' に交差がある
INFO:最終チェックのグリフ 'uni32BE' に交差がある
INFO:最終チェックのグリフ 'uni32D0' に交差がある
INFO:最終チェックのグリフ 'uni32FF' に交差がある
INFO:最終チェックのグリフ 'uni3316' に交差がある
INFO:最終チェックのグリフ 'uni3326' に交差がある
INFO:最終チェックのグリフ 'uni3349' に交差がある
INFO:最終チェックのグリフ 'uni337F' に交差がある
INFO:最終チェックのグリフ 'uni3385' に交差がある
INFO:最終チェックのグリフ 'uni3389' に交差がある
INFO:最終チェックのグリフ 'uni3398' に交差がある
INFO:最終チェックのグリフ 'uni33A3' に交差がある
INFO:最終チェックのグリフ 'uni33A4' に交差がある
INFO:最終チェックのグリフ 'uni33A5' に交差がある
INFO:最終チェックのグリフ 'uni33A6' に交差がある
INFO:最終チェックのグリフ 'uni34DB' に交差がある
INFO:最終チェックのグリフ 'uni35A8' に交差がある
INFO:最終チェックのグリフ 'uni35C5' に交差がある
INFO:最終チェックのグリフ 'uni35F4' に交差がある
INFO:最終チェックのグリフ 'uni3762' に交差がある
INFO:最終チェックのグリフ 'uni3840' に交差がある
INFO:最終チェックのグリフ 'uni385C' に交差がある
INFO:最終チェックのグリフ 'uni3A6E' に交差がある
INFO:最終チェックのグリフ 'uni3B6D' に交差がある
INFO:最終チェックのグリフ 'uni3B87' に交差がある
INFO:最終チェックのグリフ 'uni3B88' に交差がある
INFO:最終チェックのグリフ 'uni3BB6' に交差がある
INFO:最終チェックのグリフ 'uni3BCD' に交差がある
INFO:最終チェックのグリフ 'uni3FC9' に交差がある
INFO:最終チェックのグリフ 'uni3FD7' に交差がある
INFO:最終チェックのグリフ 'uni4039' に交差がある
INFO:最終チェックのグリフ 'uni4058' に交差がある
INFO:最終チェックのグリフ 'uni41B4' に交差がある
INFO:最終チェックのグリフ 'uni41EE' に交差がある
INFO:最終チェックのグリフ 'uni41F3' に交差がある
INFO:最終チェックのグリフ 'uni43EE' に交差がある
INFO:最終チェックのグリフ 'uni4408' に交差がある
INFO:最終チェックのグリフ 'uni4417' に交差がある
INFO:最終チェックのグリフ 'uni4476' に交差がある
INFO:最終チェックのグリフ 'uni44D4' に交差がある
INFO:最終チェックのグリフ 'uni460F' に交差がある
INFO:最終チェックのグリフ 'uni4665' に交差がある
INFO:最終チェックのグリフ 'uni46A1' に交差がある
INFO:最終チェックのグリフ 'uni4764' に交差がある
INFO:最終チェックのグリフ 'uni47FD' に交差がある
INFO:最終チェックのグリフ 'uni4816' に交差がある
INFO:最終チェックのグリフ 'uni49FA' に交差がある
INFO:最終チェックのグリフ 'uni4B3B' に交差がある
INFO:最終チェックのグリフ 'uni4BCA' に交差がある
INFO:最終チェックのグリフ 'uni4BD2' に交差がある
INFO:最終チェックのグリフ 'uni4C20' に交差がある
INFO:最終チェックのグリフ 'uni4CC4' に交差がある
INFO:最終チェックのグリフ 'uni4CD1' に交差がある
INFO:最終チェックのグリフ 'uni4D07' に交差がある
INFO:最終チェックのグリフ 'uni4E19' に交差がある
INFO:最終チェックのグリフ 'uni4E43' に交差がある
INFO:最終チェックのグリフ 'uni4E4E' に交差がある
INFO:最終チェックのグリフ 'uni4E51' に交差がある
INFO:最終チェックのグリフ 'uni4E73' に交差がある
INFO:最終チェックのグリフ 'uni4E88' に交差がある
INFO:最終チェックのグリフ 'uni4E8A' に交差がある
INFO:最終チェックのグリフ 'uni4EA1' に交差がある
INFO:最終チェックのグリフ 'uni4EAC' に交差がある
INFO:最終チェックのグリフ 'uni4EAD' に交差がある
INFO:最終チェックのグリフ 'uni4EB0' に交差がある
INFO:最終チェックのグリフ 'uni4EC2' に交差がある
INFO:最終チェックのグリフ 'uni4EC3' に交差がある
INFO:最終チェックのグリフ 'uni4ECD' に交差がある
INFO:最終チェックのグリフ 'uni4ED4' に交差がある
INFO:最終チェックのグリフ 'uni4ED8' に交差がある
INFO:最終チェックのグリフ 'uni4EED' に交差がある
INFO:最終チェックのグリフ 'uni4F3A' に交差がある
INFO:最終チェックのグリフ 'uni4F3D' に交差がある
INFO:最終チェックのグリフ 'uni4F47' に交差がある
INFO:最終チェックのグリフ 'uni4F5D' に交差がある
INFO:最終チェックのグリフ 'uni4F69' に交差がある
INFO:最終チェックのグリフ 'uni4F7B' に交差がある
INFO:最終チェックのグリフ 'uni4F8D' に交差がある
INFO:最終チェックのグリフ 'uni4F97' に交差がある
INFO:最終チェックのグリフ 'uni4F9A' に交差がある
INFO:最終チェックのグリフ 'uni4FC4' に交差がある
INFO:最終チェックのグリフ 'uni4FCD' に交差がある
INFO:最終チェックのグリフ 'uni4FDD' に交差がある
INFO:最終チェックのグリフ 'uni4FE0' に交差がある
INFO:最終チェックのグリフ 'uni4FE4' に交差がある
INFO:最終チェックのグリフ 'uni4FE6' に交差がある
INFO:最終チェックのグリフ 'uni4FF2' に交差がある
INFO:最終チェックのグリフ 'uni4FF6' に交差がある
INFO:最終チェックのグリフ 'uni4FFF' に交差がある
INFO:最終チェックのグリフ 'uni5011' に交差がある
INFO:最終チェックのグリフ 'uni5012' に交差がある
INFO:最終チェックのグリフ 'uni5018' に交差がある
INFO:最終チェックのグリフ 'uni501A' に交差がある
INFO:最終チェックのグリフ 'uni501C' に交差がある
INFO:最終チェックのグリフ 'uni501E' に交差がある
INFO:最終チェックのグリフ 'uni5023' に交差がある
INFO:最終チェックのグリフ 'uni5027' に交差がある
INFO:最終チェックのグリフ 'uni5029' に交差がある
INFO:最終チェックのグリフ 'uni502B' に交差がある
INFO:最終チェックのグリフ 'uni5041' に交差がある
INFO:最終チェックのグリフ 'uni5042' に交差がある
INFO:最終チェックのグリフ 'uni5048' に交差がある
INFO:最終チェックのグリフ 'uni505C' に交差がある
INFO:最終チェックのグリフ 'uni5066' に交差がある
INFO:最終チェックのグリフ 'uni5078' に交差がある
INFO:最終チェックのグリフ 'uni5085' に交差がある
INFO:最終チェックのグリフ 'uni508D' に交差がある
INFO:最終チェックのグリフ 'uni5093' に交差がある
INFO:最終チェックのグリフ 'uni50A3' に交差がある
INFO:最終チェックのグリフ 'uni50B3' に交差がある
INFO:最終チェックのグリフ 'uni50B7' に交差がある
INFO:最終チェックのグリフ 'uni50BA' に交差がある
INFO:最終チェックのグリフ 'uni50C4' に交差がある
INFO:最終チェックのグリフ 'uni50CD' に交差がある
INFO:最終チェックのグリフ 'uni50CF' に交差がある
INFO:最終チェックのグリフ 'uni50D8' に交差がある
INFO:最終チェックのグリフ 'uni50E6' に交差がある
INFO:最終チェックのグリフ 'uni50E9' に交差がある
INFO:最終チェックのグリフ 'uni50F4' に交差がある
INFO:最終チェックのグリフ 'uni5112' に交差がある
INFO:最終チェックのグリフ 'uni516A' に交差がある
INFO:最終チェックのグリフ 'uni5183' に交差がある
INFO:最終チェックのグリフ 'uni5185' に交差がある
INFO:最終チェックのグリフ 'uni5189' に交差がある
INFO:最終チェックのグリフ 'uni518A' に交差がある
INFO:最終チェックのグリフ 'uni518B' に交差がある
INFO:最終チェックのグリフ 'uni518C' に交差がある
INFO:最終チェックのグリフ 'uni5193' に交差がある
INFO:最終チェックのグリフ 'uni5199' に交差がある
INFO:最終チェックのグリフ 'uni51A2' に交差がある
INFO:最終チェックのグリフ 'uni51A6' に交差がある
INFO:最終チェックのグリフ 'uni51AA' に交差がある
INFO:最終チェックのグリフ 'uni51B0' に交差がある
INFO:最終チェックのグリフ 'uni51B4' に交差がある
INFO:最終チェックのグリフ 'uni51C3' に交差がある
INFO:最終チェックのグリフ 'uni51C5' に交差がある
INFO:最終チェックのグリフ 'uni51CA' に交差がある
INFO:最終チェックのグリフ 'uni5202' に交差がある
INFO:最終チェックのグリフ 'uni5203' に交差がある
INFO:最終チェックのグリフ 'uni5204' に交差がある
INFO:最終チェックのグリフ 'uni5206' に交差がある
INFO:最終チェックのグリフ 'uni520A' に交差がある
INFO:最終チェックのグリフ 'uni520E' に交差がある
INFO:最終チェックのグリフ 'uni5211' に交差がある
INFO:最終チェックのグリフ 'uni5212' に交差がある
INFO:最終チェックのグリフ 'uni5214' に交差がある
INFO:最終チェックのグリフ 'uni5215' に交差がある
INFO:最終チェックのグリフ 'uni5217' に交差がある
INFO:最終チェックのグリフ 'uni5224' に交差がある
INFO:最終チェックのグリフ 'uni5225' に交差がある
INFO:最終チェックのグリフ 'uni5227' に交差がある
INFO:最終チェックのグリフ 'uni5229' に交差がある
INFO:最終チェックのグリフ 'uni522E' に交差がある
INFO:最終チェックのグリフ 'uni5233' に交差がある
INFO:最終チェックのグリフ 'uni5236' に交差がある
INFO:最終チェックのグリフ 'uni5239' に交差がある
INFO:最終チェックのグリフ 'uni523A' に交差がある
INFO:最終チェックのグリフ 'uni523B' に交差がある
INFO:最終チェックのグリフ 'uni5243' に交差がある
INFO:最終チェックのグリフ 'uni5247' に交差がある
INFO:最終チェックのグリフ 'uni5249' に交差がある
INFO:最終チェックのグリフ 'uni524C' に交差がある
INFO:最終チェックのグリフ 'uni524D' に交差がある
INFO:最終チェックのグリフ 'uni5256' に交差がある
INFO:最終チェックのグリフ 'uni5257' に交差がある
INFO:最終チェックのグリフ 'uni525B' に交差がある
INFO:最終チェックのグリフ 'uni525C' に交差がある
INFO:最終チェックのグリフ 'uni525E' に交差がある
INFO:最終チェックのグリフ 'uni5261' に交差がある
INFO:最終チェックのグリフ 'uni5263' に交差がある
INFO:最終チェックのグリフ 'uni5271' に交差がある
INFO:最終チェックのグリフ 'uni5273' に交差がある
INFO:最終チェックのグリフ 'uni5282' に交差がある
INFO:最終チェックのグリフ 'uni5284' に交差がある
INFO:最終チェックのグリフ 'uni5287' に交差がある
INFO:最終チェックのグリフ 'uni5288' に交差がある
INFO:最終チェックのグリフ 'uni5289' に交差がある
INFO:最終チェックのグリフ 'uni5292' に交差がある
INFO:最終チェックのグリフ 'uni5293' に交差がある
INFO:最終チェックのグリフ 'uni52A3' に交差がある
INFO:最終チェックのグリフ 'uni52A4' に交差がある
INFO:最終チェックのグリフ 'uni52A6' に交差がある
INFO:最終チェックのグリフ 'uni52AA' に交差がある
INFO:最終チェックのグリフ 'uni52AC' に交差がある
INFO:最終チェックのグリフ 'uni52AF' に交差がある
INFO:最終チェックのグリフ 'uni52B1' に交差がある
INFO:最終チェックのグリフ 'uni52B9' に交差がある
INFO:最終チェックのグリフ 'uni52BA' に交差がある
INFO:最終チェックのグリフ 'uni52BB' に交差がある
INFO:最終チェックのグリフ 'uni52C0' に交差がある
INFO:最終チェックのグリフ 'uni52C3' に交差がある
INFO:最終チェックのグリフ 'uni52C5' に交差がある
INFO:最終チェックのグリフ 'uni52C8' に交差がある
INFO:最終チェックのグリフ 'uni52CA' に交差がある
INFO:最終チェックのグリフ 'uni52D0' に交差がある
INFO:最終チェックのグリフ 'uni52D1' に交差がある
INFO:最終チェックのグリフ 'uni52D9' に交差がある
INFO:最終チェックのグリフ 'uni52E3' に交差がある
INFO:最終チェックのグリフ 'uni52E6' に交差がある
INFO:最終チェックのグリフ 'uni52F0' に交差がある
INFO:最終チェックのグリフ 'uni52F5' に交差がある
INFO:最終チェックのグリフ 'uni52F9' に交差がある
INFO:最終チェックのグリフ 'uni52FB' に交差がある
INFO:最終チェックのグリフ 'uni52FE' に交差がある
INFO:最終チェックのグリフ 'uni52FF' に交差がある
INFO:最終チェックのグリフ 'uni5302' に交差がある
INFO:最終チェックのグリフ 'uni5306' に交差がある
INFO:最終チェックのグリフ 'uni530B' に交差がある
INFO:最終チェックのグリフ 'uni530F' に交差がある
INFO:最終チェックのグリフ 'uni532F' に交差がある
INFO:最終チェックのグリフ 'uni5338' に交差がある
INFO:最終チェックのグリフ 'uni5354' に交差がある
INFO:最終チェックのグリフ 'uni535A' に交差がある
INFO:最終チェックのグリフ 'uni539A' に交差がある
INFO:最終チェックのグリフ 'uni539F' に交差がある
INFO:最終チェックのグリフ 'uni53AD' に交差がある
INFO:最終チェックのグリフ 'uni53D4' に交差がある
INFO:最終チェックのグリフ 'uni53EE' に交差がある
INFO:最終チェックのグリフ 'uni53F7' に交差がある
INFO:最終チェックのグリフ 'uni53F8' に交差がある
INFO:最終チェックのグリフ 'uni5401' に交差がある
INFO:最終チェックのグリフ 'uni540C' に交差がある
INFO:最終チェックのグリフ 'uni543B' に交差がある
INFO:最終チェックのグリフ 'uni543C' に交差がある
INFO:最終チェックのグリフ 'uni5466' に交差がある
INFO:最終チェックのグリフ 'uni5468' に交差がある
INFO:最終チェックのグリフ 'uni5475' に交差がある
INFO:最終チェックのグリフ 'uni5496' に交差がある
INFO:最終チェックのグリフ 'uni54A5' に交差がある
INFO:最終チェックのグリフ 'uni54AF' に交差がある
INFO:最終チェックのグリフ 'uni54BC' に交差がある
INFO:最終チェックのグリフ 'uni54D8' に交差がある
INFO:最終チェックのグリフ 'uni54E6' に交差がある
INFO:最終チェックのグリフ 'uni54E8' に交差がある
INFO:最終チェックのグリフ 'uni54F3' に交差がある
INFO:最終チェックのグリフ 'uni5500' に交差がある
INFO:最終チェックのグリフ 'uni550F' に交差がある
INFO:最終チェックのグリフ 'uni5539' に交差がある
INFO:最終チェックのグリフ 'uni5541' に交差がある
INFO:最終チェックのグリフ 'uni5547' に交差がある
INFO:最終チェックのグリフ 'uni554A' に交差がある
INFO:最終チェックのグリフ 'uni554F' に交差がある
INFO:最終チェックのグリフ 'uni555C' に交差がある
INFO:最終チェックのグリフ 'uni557C' に交差がある
INFO:最終チェックのグリフ 'uni5580' に交差がある
INFO:最終チェックのグリフ 'uni558E' に交差がある
INFO:最終チェックのグリフ 'uni55C5' に交差がある
INFO:最終チェックのグリフ 'uni55DD' に交差がある
INFO:最終チェックのグリフ 'uni55F7' に交差がある
INFO:最終チェックのグリフ 'uni55FE' に交差がある
INFO:最終チェックのグリフ 'uni5630' に交差がある
INFO:最終チェックのグリフ 'uni5631' に交差がある
INFO:最終チェックのグリフ 'uni5642' に交差がある
INFO:最終チェックのグリフ 'uni5666' に交差がある
INFO:最終チェックのグリフ 'uni566F' に交差がある
INFO:最終チェックのグリフ 'uni5671' に交差がある
INFO:最終チェックのグリフ 'uni5674' に交差がある
INFO:最終チェックのグリフ 'uni567A' に交差がある
INFO:最終チェックのグリフ 'uni5680' に交差がある
INFO:最終チェックのグリフ 'uni5686' に交差がある
INFO:最終チェックのグリフ 'uni5687' に交差がある
INFO:最終チェックのグリフ 'uni5695' に交差がある
INFO:最終チェックのグリフ 'uni56A8' に交差がある
INFO:最終チェックのグリフ 'uni56BC' に交差がある
INFO:最終チェックのグリフ 'uni56C1' に交差がある
INFO:最終チェックのグリフ 'uni56C2' に交差がある
INFO:最終チェックのグリフ 'uni56C5' に交差がある
INFO:最終チェックのグリフ 'uni56CE' に交差がある
INFO:最終チェックのグリフ 'uni5747' に交差がある
INFO:最終チェックのグリフ 'uni574D' に交差がある
INFO:最終チェックのグリフ 'uni5770' に交差がある
INFO:最終チェックのグリフ 'uni577F' に交差がある
INFO:最終チェックのグリフ 'uni57B3' に交差がある
INFO:最終チェックのグリフ 'uni57C7' に交差がある
INFO:最終チェックのグリフ 'uni57D3' に交差がある
INFO:最終チェックのグリフ 'uni57ED' に交差がある
INFO:最終チェックのグリフ 'uni57F8' に交差がある
INFO:最終チェックのグリフ 'uni57FB' に交差がある
INFO:最終チェックのグリフ 'uni57FC' に交差がある
INFO:最終チェックのグリフ 'uni5809' に交差がある
INFO:最終チェックのグリフ 'uni580B' に交差がある
INFO:最終チェックのグリフ 'uni581D' に交差がある
INFO:最終チェックのグリフ 'uni584C' に交差がある
INFO:最終チェックのグリフ 'uni5852' に交差がある
INFO:最終チェックのグリフ 'uni5859' に交差がある
INFO:最終チェックのグリフ 'uni5870' に交差がある
INFO:最終チェックのグリフ 'uni58B9' に交差がある
INFO:最終チェックのグリフ 'uni58BB' に交差がある
INFO:最終チェックのグリフ 'uni58CA' に交差がある
INFO:最終チェックのグリフ 'uni58CC' に交差がある
INFO:最終チェックのグリフ 'uni58D2' に交差がある
INFO:最終チェックのグリフ 'uni58D5' に交差がある
INFO:最終チェックのグリフ 'uni58DA' に交差がある
INFO:最終チェックのグリフ 'uni58FB' に交差がある
INFO:最終チェックのグリフ 'uni58FD' に交差がある
INFO:最終チェックのグリフ 'uni5948' に交差がある
INFO:最終チェックのグリフ 'uni595B' に交差がある
INFO:最終チェックのグリフ 'uni595F' に交差がある
INFO:最終チェックのグリフ 'uni5963' に交差がある
INFO:最終チェックのグリフ 'uni5968' に交差がある
INFO:最終チェックのグリフ 'uni5969' に交差がある
INFO:最終チェックのグリフ 'uni5975' に交差がある
INFO:最終チェックのグリフ 'uni597D' に交差がある
INFO:最終チェックのグリフ 'uni59A8' に交差がある
INFO:最終チェックのグリフ 'uni59CD' に交差がある
INFO:最終チェックのグリフ 'uni59D3' に交差がある
INFO:最終チェックのグリフ 'uni59D9' に交差がある
INFO:最終チェックのグリフ 'uni59F6' に交差がある
INFO:最終チェックのグリフ 'uni5A09' に交差がある
INFO:最終チェックのグリフ 'uni5A0D' に交差がある
INFO:最終チェックのグリフ 'uni5A18' に交差がある
INFO:最終チェックのグリフ 'uni5A1A' に交差がある
INFO:最終チェックのグリフ 'uni5A1C' に交差がある
INFO:最終チェックのグリフ 'uni5A25' に交差がある
INFO:最終チェックのグリフ 'uni5A35' に交差がある
INFO:最終チェックのグリフ 'uni5A67' に交差がある
INFO:最終チェックのグリフ 'uni5A77' に交差がある
INFO:最終チェックのグリフ 'uni5A92' に交差がある
INFO:最終チェックのグリフ 'uni5A9F' に交差がある
INFO:最終チェックのグリフ 'uni5AA7' に交差がある
INFO:最終チェックのグリフ 'uni5AB5' に交差がある
INFO:最終チェックのグリフ 'uni5AC1' に交差がある
INFO:最終チェックのグリフ 'uni5AC4' に交差がある
INFO:最終チェックのグリフ 'uni5ACB' に交差がある
INFO:最終チェックのグリフ 'uni5AD0' に交差がある
INFO:最終チェックのグリフ 'uni5AE1' に交差がある
INFO:最終チェックのグリフ 'uni5AE3' に交差がある
INFO:最終チェックのグリフ 'uni5AEE' に交差がある
INFO:最終チェックのグリフ 'uni5AFB' に交差がある
INFO:最終チェックのグリフ 'uni5B00' に交差がある
INFO:最終チェックのグリフ 'uni5B09' に交差がある
INFO:最終チェックのグリフ 'uni5B0C' に交差がある
INFO:最終チェックのグリフ 'uni5B2D' に交差がある
INFO:最終チェックのグリフ 'uni5B45' に交差がある
INFO:最終チェックのグリフ 'uni5B52' に交差がある
INFO:最終チェックのグリフ 'uni5B55' に交差がある
INFO:最終チェックのグリフ 'uni5B56' に交差がある
INFO:最終チェックのグリフ 'uni5B5B' に交差がある
INFO:最終チェックのグリフ 'uni5B5D' に交差がある
INFO:最終チェックのグリフ 'uni5B63' に交差がある
INFO:最終チェックのグリフ 'uni5B66' に交差がある
INFO:最終チェックのグリフ 'uni5B6F' に交差がある
INFO:最終チェックのグリフ 'uni5B70' に交差がある
INFO:最終チェックのグリフ 'uni5B71' に交差がある
INFO:最終チェックのグリフ 'uni5B73' に交差がある
INFO:最終チェックのグリフ 'uni5B78' に交差がある
INFO:最終チェックのグリフ 'uni5B7F' に交差がある
INFO:最終チェックのグリフ 'uni5B88' に交差がある
INFO:最終チェックのグリフ 'uni5B96' に交差がある
INFO:最終チェックのグリフ 'uni5BB6' に交差がある
INFO:最終チェックのグリフ 'uni5BD0' に交差がある
INFO:最終チェックのグリフ 'uni5BD3' に交差がある
INFO:最終チェックのグリフ 'uni5BE7' に交差がある
INFO:最終チェックのグリフ 'uni5BE9' に交差がある
INFO:最終チェックのグリフ 'uni5BF8' に交差がある
INFO:最終チェックのグリフ 'uni5BFA' に交差がある
INFO:最終チェックのグリフ 'uni5BFD' に交差がある
INFO:最終チェックのグリフ 'uni5C04' に交差がある
INFO:最終チェックのグリフ 'uni5C06' に交差がある
INFO:最終チェックのグリフ 'uni5C07' に交差がある
INFO:最終チェックのグリフ 'uni5C08' に交差がある
INFO:最終チェックのグリフ 'uni5C09' に交差がある
INFO:最終チェックのグリフ 'uni5C0D' に交差がある
INFO:最終チェックのグリフ 'uni5C0E' に交差がある
INFO:最終チェックのグリフ 'uni5C13' に交差がある
INFO:最終チェックのグリフ 'uni5C1E' に交差がある
INFO:最終チェックのグリフ 'uni5C3F' に交差がある
INFO:最終チェックのグリフ 'uni5C5F' に交差がある
INFO:最終チェックのグリフ 'uni5C63' に交差がある
INFO:最終チェックのグリフ 'uni5C69' に交差がある
INFO:最終チェックのグリフ 'uni5C88' に交差がある
INFO:最終チェックのグリフ 'uni5CA1' に交差がある
INFO:最終チェックのグリフ 'uni5CBA' に交差がある
INFO:最終チェックのグリフ 'uni5CD2' に交差がある
INFO:最終チェックのグリフ 'uni5CE8' に交差がある
INFO:最終チェックのグリフ 'uni5CE9' に交差がある
INFO:最終チェックのグリフ 'uni5CEF' に交差がある
INFO:最終チェックのグリフ 'uni5D17' に交差がある
INFO:最終チェックのグリフ 'uni5D18' に交差がある
INFO:最終チェックのグリフ 'uni5D1D' に交差がある
INFO:最終チェックのグリフ 'uni5D22' に交差がある
INFO:最終チェックのグリフ 'uni5D24' に交差がある
INFO:最終チェックのグリフ 'uni5D29' に交差がある
INFO:最終チェックのグリフ 'uni5D31' に交差がある
INFO:最終チェックのグリフ 'uni5D39' に交差がある
INFO:最終チェックのグリフ 'uni5D61' に交差がある
INFO:最終チェックのグリフ 'uni5D76' に交差がある
INFO:最終チェックのグリフ 'uni5D88' に交差がある
INFO:最終チェックのグリフ 'uni5D8B' に交差がある
INFO:最終チェックのグリフ 'uni5D90' に交差がある
INFO:最終チェックのグリフ 'uni5D97' に交差がある
INFO:最終チェックのグリフ 'uni5DA0' に交差がある
INFO:最終チェックのグリフ 'uni5DA4' に交差がある
INFO:最終チェックのグリフ 'uni5DB2' に交差がある
INFO:最終チェックのグリフ 'uni5DB7' に交差がある
INFO:最終チェックのグリフ 'uni5DBD' に交差がある
INFO:最終チェックのグリフ 'uni5DC9' に交差がある
INFO:最終チェックのグリフ 'uni5DD1' に交差がある
INFO:最終チェックのグリフ 'uni5DE4' に交差がある
INFO:最終チェックのグリフ 'uni5E0B' に交差がある
INFO:最終チェックのグリフ 'uni5E11' に交差がある
INFO:最終チェックのグリフ 'uni5E1A' に交差がある
INFO:最終チェックのグリフ 'uni5E2F' に交差がある
INFO:最終チェックのグリフ 'uni5E30' に交差がある
INFO:最終チェックのグリフ 'uni5E36' に交差がある
INFO:最終チェックのグリフ 'uni5E47' に交差がある
INFO:最終チェックのグリフ 'uni5E55' に交差がある
INFO:最終チェックのグリフ 'uni5E63' に交差がある
INFO:最終チェックのグリフ 'uni5E7C' に交差がある
INFO:最終チェックのグリフ 'uni5EAA' に交差がある
INFO:最終チェックのグリフ 'uni5EB7' に交差がある
INFO:最終チェックのグリフ 'uni5ED2' に交差がある
INFO:最終チェックのグリフ 'uni5ED3' に交差がある
INFO:最終チェックのグリフ 'uni5EDA' に交差がある
INFO:最終チェックのグリフ 'uni5EDD' に交差がある
INFO:最終チェックのグリフ 'uni5EE0' に交差がある
INFO:最終チェックのグリフ 'uni5EE2' に交差がある
INFO:最終チェックのグリフ 'uni5EE8' に交差がある
INFO:最終チェックのグリフ 'uni5EEC' に交差がある
INFO:最終チェックのグリフ 'uni5EF3' に交差がある
INFO:最終チェックのグリフ 'uni5F13' に交差がある
INFO:最終チェックのグリフ 'uni5F16' に交差がある
INFO:最終チェックのグリフ 'uni5F25' に交差がある
INFO:最終チェックのグリフ 'uni5F31' に交差がある
INFO:最終チェックのグリフ 'uni5F34' に交差がある
INFO:最終チェックのグリフ 'uni5F36' に交差がある
INFO:最終チェックのグリフ 'uni5F38' に交差がある
INFO:最終チェックのグリフ 'uni5F40' に交差がある
INFO:最終チェックのグリフ 'uni5F4C' に交差がある
INFO:最終チェックのグリフ 'uni5F4E' に交差がある
INFO:最終チェックのグリフ 'uni5F63' に交差がある
INFO:最終チェックのグリフ 'uni5F64' に交差がある
INFO:最終チェックのグリフ 'uni5F6B' に交差がある
INFO:最終チェックのグリフ 'uni5F72' に交差がある
INFO:最終チェックのグリフ 'uni5F87' に交差がある
INFO:最終チェックのグリフ 'uni5F90' に交差がある
INFO:最終チェックのグリフ 'uni5FB3' に交差がある
INFO:最終チェックのグリフ 'uni5FB9' に交差がある
INFO:最終チェックのグリフ 'uni5FDD' に交差がある
INFO:最終チェックのグリフ 'uni6010' に交差がある
INFO:最終チェックのグリフ 'uni6042' に交差がある
INFO:最終チェックのグリフ 'uni6043' に交差がある
INFO:最終チェックのグリフ 'uni604A' に交差がある
INFO:最終チェックのグリフ 'uni605F' に交差がある
INFO:最終チェックのグリフ 'uni606D' に交差がある
INFO:最終チェックのグリフ 'uni606F' に交差がある
INFO:最終チェックのグリフ 'uni6081' に交差がある
INFO:最終チェックのグリフ 'uni6084' に交差がある
INFO:最終チェックのグリフ 'uni608C' に交差がある
INFO:最終チェックのグリフ 'uni60B6' に交差がある
INFO:最終チェックのグリフ 'uni60B8' に交差がある
INFO:最終チェックのグリフ 'uni60D9' に交差がある
INFO:最終チェックのグリフ 'uni60DC' に交差がある
INFO:最終チェックのグリフ 'uni60F0' に交差がある
INFO:最終チェックのグリフ 'uni6109' に交差がある
INFO:最終チェックのグリフ 'uni6112' に交差がある
INFO:最終チェックのグリフ 'uni6113' に交差がある
INFO:最終チェックのグリフ 'uni611C' に交差がある
INFO:最終チェックのグリフ 'uni613D' に交差がある
INFO:最終チェックのグリフ 'uni6160' に交差がある
INFO:最終チェックのグリフ 'uni616F' に交差がある
INFO:最終チェックのグリフ 'uni6171' に交差がある
INFO:最終チェックのグリフ 'uni6177' に交差がある
INFO:最終チェックのグリフ 'uni617C' に交差がある
INFO:最終チェックのグリフ 'uni61A4' に交差がある
INFO:最終チェックのグリフ 'uni61AB' に交差がある
INFO:最終チェックのグリフ 'uni61B6' に交差がある
INFO:最終チェックのグリフ 'uni61BA' に交差がある
INFO:最終チェックのグリフ 'uni61C8' に交差がある
INFO:最終チェックのグリフ 'uni61F2' に交差がある
INFO:最終チェックのグリフ 'uni61FF' に交差がある
INFO:最終チェックのグリフ 'uni6241' に交差がある
INFO:最終チェックのグリフ 'uni6243' に交差がある
INFO:最終チェックのグリフ 'uni6247' に交差がある
INFO:最終チェックのグリフ 'uni6253' に交差がある
INFO:最終チェックのグリフ 'uni6255' に交差がある
INFO:最終チェックのグリフ 'uni625A' に交差がある
INFO:最終チェックのグリフ 'uni627F' に交差がある
INFO:最終チェックのグリフ 'uni6292' に交差がある
INFO:最終チェックのグリフ 'uni62A6' に交差がある
INFO:最終チェックのグリフ 'uni62F7' に交差がある
INFO:最終チェックのグリフ 'uni62FC' に交差がある
INFO:最終チェックのグリフ 'uni62FF' に交差がある
INFO:最終チェックのグリフ 'uni6327' に交差がある
INFO:最終チェックのグリフ 'uni634C' に交差がある
INFO:最終チェックのグリフ 'uni634E' に交差がある
INFO:最終チェックのグリフ 'uni636B' に交差がある
INFO:最終チェックのグリフ 'uni6394' に交差がある
INFO:最終チェックのグリフ 'uni6399' に交差がある
INFO:最終チェックのグリフ 'uni63A1' に交差がある
INFO:最終チェックのグリフ 'uni63AC' に交差がある
INFO:最終チェックのグリフ 'uni63C6' に交差がある
INFO:最終チェックのグリフ 'uni63DA' に交差がある
INFO:最終チェックのグリフ 'uni63E5' に交差がある
INFO:最終チェックのグリフ 'uni63ED' に交差がある
INFO:最終チェックのグリフ 'uni6417' に交差がある
INFO:最終チェックのグリフ 'uni6428' に交差がある
INFO:最終チェックのグリフ 'uni6429' に交差がある
INFO:最終チェックのグリフ 'uni6434' に交差がある
INFO:最終チェックのグリフ 'uni6451' に交差がある
INFO:最終チェックのグリフ 'uni6458' に交差がある
INFO:最終チェックのグリフ 'uni6469' に交差がある
INFO:最終チェックのグリフ 'uni6483' に交差がある
INFO:最終チェックのグリフ 'uni6491' に交差がある
INFO:最終チェックのグリフ 'uni649D' に交差がある
INFO:最終チェックのグリフ 'uni649F' に交差がある
INFO:最終チェックのグリフ 'uni64A4' に交差がある
INFO:最終チェックのグリフ 'uni64A5' に交差がある
INFO:最終チェックのグリフ 'uni64CA' に交差がある
INFO:最終チェックのグリフ 'uni64D5' に交差がある
INFO:最終チェックのグリフ 'uni64E1' に交差がある
INFO:最終チェックのグリフ 'uni64F1' に交差がある
INFO:最終チェックのグリフ 'uni64F6' に交差がある
INFO:最終チェックのグリフ 'uni64FA' に交差がある
INFO:最終チェックのグリフ 'uni6500' に交差がある
INFO:最終チェックのグリフ 'uni6514' に交差がある
INFO:最終チェックのグリフ 'uni651E' に交差がある
INFO:最終チェックのグリフ 'uni6523' に交差がある
INFO:最終チェックのグリフ 'uni6536' に交差がある
INFO:最終チェックのグリフ 'uni6544' に交差がある
INFO:最終チェックのグリフ 'uni6551' に交差がある
INFO:最終チェックのグリフ 'uni6556' に交差がある
INFO:最終チェックのグリフ 'uni6558' に交差がある
INFO:最終チェックのグリフ 'uni655D' に交差がある
INFO:最終チェックのグリフ 'uni6562' に交差がある
INFO:最終チェックのグリフ 'uni6563' に交差がある
INFO:最終チェックのグリフ 'uni6566' に交差がある
INFO:最終チェックのグリフ 'uni656C' に交差がある
INFO:最終チェックのグリフ 'uni6575' に交差がある
INFO:最終チェックのグリフ 'uni6583' に交差がある
INFO:最終チェックのグリフ 'uni6585' に交差がある
INFO:最終チェックのグリフ 'uni65B2' に交差がある
INFO:最終チェックのグリフ 'uni65C1' に交差がある
INFO:最終チェックのグリフ 'uni65C2' に交差がある
INFO:最終チェックのグリフ 'uni65C4' に交差がある
INFO:最終チェックのグリフ 'uni65C5' に交差がある
INFO:最終チェックのグリフ 'uni65C6' に交差がある
INFO:最終チェックのグリフ 'uni65C9' に交差がある
INFO:最終チェックのグリフ 'uni65CC' に交差がある
INFO:最終チェックのグリフ 'uni65CF' に交差がある
INFO:最終チェックのグリフ 'uni65D9' に交差がある
INFO:最終チェックのグリフ 'uni65DB' に交差がある
INFO:最終チェックのグリフ 'uni6600' に交差がある
INFO:最終チェックのグリフ 'uni6609' に交差がある
INFO:最終チェックのグリフ 'uni660E' に交差がある
INFO:最終チェックのグリフ 'uni661E' に交差がある
INFO:最終チェックのグリフ 'uni6628' に交差がある
INFO:最終チェックのグリフ 'uni662E' に交差がある
INFO:最終チェックのグリフ 'uni6636' に交差がある
INFO:最終チェックのグリフ 'uni6641' に交差がある
INFO:最終チェックのグリフ 'uni6642' に交差がある
INFO:最終チェックのグリフ 'uni6648' に交差がある
INFO:最終チェックのグリフ 'uni6661' に交差がある
INFO:最終チェックのグリフ 'uni6664' に交差がある
INFO:最終チェックのグリフ 'uni666A' に交差がある
INFO:最終チェックのグリフ 'uni666D' に交差がある
INFO:最終チェックのグリフ 'uni668D' に交差がある
INFO:最終チェックのグリフ 'uni66A2' に交差がある
INFO:最終チェックのグリフ 'uni66BB' に交差がある
INFO:最終チェックのグリフ 'uni66DD' に交差がある
INFO:最終チェックのグリフ 'uni66E6' に交差がある
INFO:最終チェックのグリフ 'uni66E8' に交差がある
INFO:最終チェックのグリフ 'uni66F7' に交差がある
INFO:最終チェックのグリフ 'uni670F' に交差がある
INFO:最終チェックのグリフ 'uni6712' に交差がある
INFO:最終チェックのグリフ 'uni6713' に交差がある
INFO:最終チェックのグリフ 'uni6714' に交差がある
INFO:最終チェックのグリフ 'uni6715' に交差がある
INFO:最終チェックのグリフ 'uni6716' に交差がある
INFO:最終チェックのグリフ 'uni6717' に交差がある
INFO:最終チェックのグリフ 'uni6719' に交差がある
INFO:最終チェックのグリフ 'uni671B' に交差がある
INFO:最終チェックのグリフ 'uni671F' に交差がある
INFO:最終チェックのグリフ 'uni6726' に交差がある
INFO:最終チェックのグリフ 'uni6727' に交差がある
INFO:最終チェックのグリフ 'uni6737' に交差がある
INFO:最終チェックのグリフ 'uni6738' に交差がある
INFO:最終チェックのグリフ 'uni673D' に交差がある
INFO:最終チェックのグリフ 'uni6747' に交差がある
INFO:最終チェックのグリフ 'uni674E' に交差がある
INFO:最終チェックのグリフ 'uni677C' に交差がある
INFO:最終チェックのグリフ 'uni677E' に交差がある
INFO:最終チェックのグリフ 'uni6789' に交差がある
INFO:最終チェックのグリフ 'uni678C' に交差がある
INFO:最終チェックのグリフ 'uni6792' に交差がある
INFO:最終チェックのグリフ 'uni6798' に交差がある
INFO:最終チェックのグリフ 'uni67B4' に交差がある
INFO:最終チェックのグリフ 'uni67B7' に交差がある
INFO:最終チェックのグリフ 'uni67B8' に交差がある
INFO:最終チェックのグリフ 'uni67CE' に交差がある
INFO:最終チェックのグリフ 'uni67F9' に交差がある
INFO:最終チェックのグリフ 'uni6803' に交差がある
INFO:最終チェックのグリフ 'uni6829' に交差がある
INFO:最終チェックのグリフ 'uni6832' に交差がある
INFO:最終チェックのグリフ 'uni683B' に交差がある
INFO:最終チェックのグリフ 'uni6841' に交差がある
INFO:最終チェックのグリフ 'uni686B' に交差がある
INFO:最終チェックのグリフ 'uni689B' に交差がある
INFO:最終チェックのグリフ 'uni689D' に交差がある
INFO:最終チェックのグリフ 'uni68BB' に交差がある
INFO:最終チェックのグリフ 'uni68C8' に交差がある
INFO:最終チェックのグリフ 'uni68C9' に交差がある
INFO:最終チェックのグリフ 'uni68CF' に交差がある
INFO:最終チェックのグリフ 'uni68DA' に交差がある
INFO:最終チェックのグリフ 'uni68E3' に交差がある
INFO:最終チェックのグリフ 'uni6905' に交差がある
INFO:最終チェックのグリフ 'uni6912' に交差がある
INFO:最終チェックのグリフ 'uni6926' に交差がある
INFO:最終チェックのグリフ 'uni6936' に交差がある
INFO:最終チェックのグリフ 'uni694A' に交差がある
INFO:最終チェックのグリフ 'uni6954' に交差がある
INFO:最終チェックのグリフ 'uni6959' に交差がある
INFO:最終チェックのグリフ 'uni695C' に交差がある
INFO:最終チェックのグリフ 'uni6961' に交差がある
INFO:最終チェックのグリフ 'uni6973' に交差がある
INFO:最終チェックのグリフ 'uni6974' に交差がある
INFO:最終チェックのグリフ 'uni6975' に交差がある
INFO:最終チェックのグリフ 'uni697E' に交差がある
INFO:最終チェックのグリフ 'uni6982' に交差がある
INFO:最終チェックのグリフ 'uni6991' に交差がある
INFO:最終チェックのグリフ 'uni6992' に交差がある
INFO:最終チェックのグリフ 'uni699C' に交差がある
INFO:最終チェックのグリフ 'uni69BA' に交差がある
INFO:最終チェックのグリフ 'uni69BB' に交差がある
INFO:最終チェックのグリフ 'uni69BE' に交差がある
INFO:最終チェックのグリフ 'uni69D8' に交差がある
INFO:最終チェックのグリフ 'uni69DD' に交差がある
INFO:最終チェックのグリフ 'uni69E8' に交差がある
INFO:最終チェックのグリフ 'uni69EB' に交差がある
INFO:最終チェックのグリフ 'uni69EE' に交差がある
INFO:最終チェックのグリフ 'uni69F2' に交差がある
INFO:最終チェックのグリフ 'uni69F6' に交差がある
INFO:最終チェックのグリフ 'uni6A13' に交差がある
INFO:最終チェックのグリフ 'uni6A19' に交差がある
INFO:最終チェックのグリフ 'uni6A1D' に交差がある
INFO:最終チェックのグリフ 'uni6A21' に交差がある
INFO:最終チェックのグリフ 'uni6A22' に交差がある
INFO:最終チェックのグリフ 'uni6A33' に交差がある
INFO:最終チェックのグリフ 'uni6A3D' に交差がある
INFO:最終チェックのグリフ 'uni6A47' に交差がある
INFO:最終チェックのグリフ 'uni6A5F' に交差がある
INFO:最終チェックのグリフ 'uni6A7A' に交差がある
INFO:最終チェックのグリフ 'uni6A84' に交差がある
INFO:最終チェックのグリフ 'uni6A8B' に交差がある
INFO:最終チェックのグリフ 'uni6A8E' に交差がある
INFO:最終チェックのグリフ 'uni6AA3' に交差がある
INFO:最終チェックのグリフ 'uni6AAE' に交差がある
INFO:最終チェックのグリフ 'uni6AB8' に交差がある
INFO:最終チェックのグリフ 'uni6ADE' に交差がある
INFO:最終チェックのグリフ 'uni6AE4' に交差がある
INFO:最終チェックのグリフ 'uni6AE8' に交差がある
INFO:最終チェックのグリフ 'uni6B04' に交差がある
INFO:最終チェックのグリフ 'uni6B0F' に交差がある
INFO:最終チェックのグリフ 'uni6B12' に交差がある
INFO:最終チェックのグリフ 'uni6B17' に交差がある
INFO:最終チェックのグリフ 'uni6B1E' に交差がある
INFO:最終チェックのグリフ 'uni6B35' に交差がある
INFO:最終チェックのグリフ 'uni6B37' に交差がある
INFO:最終チェックのグリフ 'uni6B39' に交差がある
INFO:最終チェックのグリフ 'uni6B47' に交差がある
INFO:最終チェックのグリフ 'uni6B4A' に交差がある
INFO:最終チェックのグリフ 'uni6B4E' に交差がある
INFO:最終チェックのグリフ 'uni6B59' に交差がある
INFO:最終チェックのグリフ 'uni6B60' に交差がある
INFO:最終チェックのグリフ 'uni6B73' に交差がある
INFO:最終チェックのグリフ 'uni6B78' に交差がある
INFO:最終チェックのグリフ 'uni6B89' に交差がある
INFO:最終チェックのグリフ 'uni6BB7' に交差がある
INFO:最終チェックのグリフ 'uni6BBD' に交差がある
INFO:最終チェックのグリフ 'uni6BC5' に交差がある
INFO:最終チェックのグリフ 'uni6BD2' に交差がある
INFO:最終チェックのグリフ 'uni6BD3' に交差がある
INFO:最終チェックのグリフ 'uni6C0A' に交差がある
INFO:最終チェックのグリフ 'uni6C33' に交差がある
INFO:最終チェックのグリフ 'uni6C36' に交差がある
INFO:最終チェックのグリフ 'uni6C37' に交差がある
INFO:最終チェックのグリフ 'uni6C3A' に交差がある
INFO:最終チェックのグリフ 'uni6C40' に交差がある
INFO:最終チェックのグリフ 'uni6C42' に交差がある
INFO:最終チェックのグリフ 'uni6C6D' に交差がある
INFO:最終チェックのグリフ 'uni6C94' に交差がある
INFO:最終チェックのグリフ 'uni6C95' に交差がある
INFO:最終チェックのグリフ 'uni6C97' に交差がある
INFO:最終チェックのグリフ 'uni6CD6' に交差がある
INFO:最終チェックのグリフ 'uni6CF0' に交差がある
INFO:最終チェックのグリフ 'uni6CF3' に交差がある
INFO:最終チェックのグリフ 'uni6CFB' に交差がある
INFO:最終チェックのグリフ 'uni6D0C' に交差がある
INFO:最終チェックのグリフ 'uni6D27' に交差がある
INFO:最終チェックのグリフ 'uni6D35' に交差がある
INFO:最終チェックのグリフ 'uni6D36' に交差がある
INFO:最終チェックのグリフ 'uni6D44' に交差がある
INFO:最終チェックのグリフ 'uni6D59' に交差がある
INFO:最終チェックのグリフ 'uni6D82' に交差がある
INFO:最終チェックのグリフ 'uni6D88' に交差がある
INFO:最終チェックのグリフ 'uni6D8D' に交差がある
INFO:最終チェックのグリフ 'uni6D91' に交差がある
INFO:最終チェックのグリフ 'uni6D9B' に交差がある
INFO:最終チェックのグリフ 'uni6DAE' に交差がある
INFO:最終チェックのグリフ 'uni6DC0' に交差がある
INFO:最終チェックのグリフ 'uni6DCC' に交差がある
INFO:最終チェックのグリフ 'uni6DD1' に交差がある
INFO:最終チェックのグリフ 'uni6DD8' に交差がある
INFO:最終チェックのグリフ 'uni6DD9' に交差がある
INFO:最終チェックのグリフ 'uni6DDB' に交差がある
INFO:最終チェックのグリフ 'uni6DEA' に交差がある
INFO:最終チェックのグリフ 'uni6DEC' に交差がある
INFO:最終チェックのグリフ 'uni6DF3' に交差がある
INFO:最終チェックのグリフ 'uni6DF6' に交差がある
INFO:最終チェックのグリフ 'uni6DFB' に交差がある
INFO:最終チェックのグリフ 'uni6DFC' に交差がある
INFO:最終チェックのグリフ 'uni6E0A' に交差がある
INFO:最終チェックのグリフ 'uni6E15' に交差がある
INFO:最終チェックのグリフ 'uni6E1D' に交差がある
INFO:最終チェックのグリフ 'uni6E24' に交差がある
INFO:最終チェックのグリフ 'uni6E26' に交差がある
INFO:最終チェックのグリフ 'uni6E2C' に交差がある
INFO:最終チェックのグリフ 'uni6E2D' に交差がある
INFO:最終チェックのグリフ 'uni6E34' に交差がある
INFO:最終チェックのグリフ 'uni6E39' に交差がある
INFO:最終チェックのグリフ 'uni6E3C' に交差がある
INFO:最終チェックのグリフ 'uni6E54' に交差がある
INFO:最終チェックのグリフ 'uni6E67' に交差がある
INFO:最終チェックのグリフ 'uni6E6F' に交差がある
INFO:最終チェックのグリフ 'uni6E76' に交差がある
INFO:最終チェックのグリフ 'uni6E80' に交差がある
INFO:最終チェックのグリフ 'uni6E9D' に交差がある
INFO:最終チェックのグリフ 'uni6EA2' に交差がある
INFO:最終チェックのグリフ 'uni6EBA' に交差がある
INFO:最終チェックのグリフ 'uni6EC1' に交差がある
INFO:最終チェックのグリフ 'uni6EC2' に交差がある
INFO:最終チェックのグリフ 'uni6ED1' に交差がある
INFO:最終チェックのグリフ 'uni6ED5' に交差がある
INFO:最終チェックのグリフ 'uni6EDE' に交差がある
INFO:最終チェックのグリフ 'uni6EEB' に交差がある
INFO:最終チェックのグリフ 'uni6EF2' に交差がある
INFO:最終チェックのグリフ 'uni6EF4' に交差がある
INFO:最終チェックのグリフ 'uni6EF9' に交差がある
INFO:最終チェックのグリフ 'uni6F06' に交差がある
INFO:最終チェックのグリフ 'uni6F0F' に交差がある
INFO:最終チェックのグリフ 'uni6F35' に交差がある
INFO:最終チェックのグリフ 'uni6F3E' に交差がある
INFO:最終チェックのグリフ 'uni6F41' に交差がある
INFO:最終チェックのグリフ 'uni6F51' に交差がある
INFO:最終チェックのグリフ 'uni6F59' に交差がある
INFO:最終チェックのグリフ 'uni6F61' に交差がある
INFO:最終チェックのグリフ 'uni6F74' に交差がある
INFO:最終チェックのグリフ 'uni6F88' に交差がある
INFO:最終チェックのグリフ 'uni6F8E' に交差がある
INFO:最終チェックのグリフ 'uni6F96' に交差がある
INFO:最終チェックのグリフ 'uni6FC7' に交差がある
INFO:最終チェックのグリフ 'uni6FC8' の参照が不正
INFO:最終チェックのグリフ 'uni6FD4' に交差がある
INFO:最終チェックのグリフ 'uni6FDB' に交差がある
INFO:最終チェックのグリフ 'uni7000' に交差がある
INFO:最終チェックのグリフ 'uni7007' に交差がある
INFO:最終チェックのグリフ 'uni700A' に交差がある
INFO:最終チェックのグリフ 'uni7018' に交差がある
INFO:最終チェックのグリフ 'uni701E' に交差がある
INFO:最終チェックのグリフ 'uni7026' に交差がある
INFO:最終チェックのグリフ 'uni7028' に交差がある
INFO:最終チェックのグリフ 'uni7039' に交差がある
INFO:最終チェックのグリフ 'uni703E' に交差がある
INFO:最終チェックのグリフ 'uni704E' に交差がある
INFO:最終チェックのグリフ 'uni705D' に交差がある
INFO:最終チェックのグリフ 'uni7064' に交差がある
INFO:最終チェックのグリフ 'uni7069' に交差がある
INFO:最終チェックのグリフ 'uni706F' に交差がある
INFO:最終チェックのグリフ 'uni707C' に交差がある
INFO:最終チェックのグリフ 'uni70B3' に交差がある
INFO:最終チェックのグリフ 'uni70D4' に交差がある
INFO:最終チェックのグリフ 'uni70E4' に交差がある
INFO:最終チェックのグリフ 'uni7103' に交差がある
INFO:最終チェックのグリフ 'uni7106' に交差がある
INFO:最終チェックのグリフ 'uni711E' に交差がある
INFO:最終チェックのグリフ 'uni7120' に交差がある
INFO:最終チェックのグリフ 'uni7149' に交差がある
INFO:最終チェックのグリフ 'uni7153' に交差がある
INFO:最終チェックのグリフ 'uni7164' に交差がある
INFO:最終チェックのグリフ 'uni717D' に交差がある
INFO:最終チェックのグリフ 'uni7187' に交差がある
INFO:最終チェックのグリフ 'uni71AC' に交差がある
INFO:最終チェックのグリフ 'uni71AF' に交差がある
INFO:最終チェックのグリフ 'uni71B3' に交差がある
INFO:最終チェックのグリフ 'uni7200' に交差がある
INFO:最終チェックのグリフ 'uni7206' に交差がある
INFO:最終チェックのグリフ 'uni7207' に交差がある
INFO:最終チェックのグリフ 'uni7210' に交差がある
INFO:最終チェックのグリフ 'uni721B' に交差がある
INFO:最終チェックのグリフ 'uni7228' に交差がある
INFO:最終チェックのグリフ 'uni722C' に交差がある
INFO:最終チェックのグリフ 'uni7232' に交差がある
INFO:最終チェックのグリフ 'uni7235' に交差がある
INFO:最終チェックのグリフ 'uni723A' に交差がある
INFO:最終チェックのグリフ 'uni723E' に交差がある
INFO:最終チェックのグリフ 'uni7253' に交差がある
INFO:最終チェックのグリフ 'uni7256' に交差がある
INFO:最終チェックのグリフ 'uni7292' に交差がある
INFO:最終チェックのグリフ 'uni72A0' に交差がある
INFO:最終チェックのグリフ 'uni72B1' に交差がある
INFO:最終チェックのグリフ 'uni72C1' に交差がある
INFO:最終チェックのグリフ 'uni7312' に交差がある
INFO:最終チェックのグリフ 'uni7318' に交差がある
INFO:最終チェックのグリフ 'uni7319' に交差がある
INFO:最終チェックのグリフ 'uni7327' に交差がある
INFO:最終チェックのグリフ 'uni732C' に交差がある
INFO:最終チェックのグリフ 'uni732E' に交差がある
INFO:最終チェックのグリフ 'uni732F' に交差がある
INFO:最終チェックのグリフ 'uni7339' に交差がある
INFO:最終チェックのグリフ 'uni7344' に交差がある
INFO:最終チェックのグリフ 'uni736E' に交差がある
INFO:最終チェックのグリフ 'uni736F' に交差がある
INFO:最終チェックのグリフ 'uni7375' に交差がある
INFO:最終チェックのグリフ 'uni7377' に交差がある
INFO:最終チェックのグリフ 'uni737B' に交差がある
INFO:最終チェックのグリフ 'uni737C' に交差がある
INFO:最終チェックのグリフ 'uni7387' に交差がある
INFO:最終チェックのグリフ 'uni7396' に交差がある
INFO:最終チェックのグリフ 'uni739C' に交差がある
INFO:最終チェックのグリフ 'uni73BB' に交差がある
INFO:最終チェックのグリフ 'uni73C8' に交差がある
INFO:最終チェックのグリフ 'uni73CA' に交差がある
INFO:最終チェックのグリフ 'uni73E3' に交差がある
INFO:最終チェックのグリフ 'uni73E9' に交差がある
INFO:最終チェックのグリフ 'uni73F9' に交差がある
INFO:最終チェックのグリフ 'uni7407' に交差がある
INFO:最終チェックのグリフ 'uni7409' に交差がある
INFO:最終チェックのグリフ 'uni7424' に交差がある
INFO:最終チェックのグリフ 'uni7428' に交差がある
INFO:最終チェックのグリフ 'uni7429' に交差がある
INFO:最終チェックのグリフ 'uni7431' に交差がある
INFO:最終チェックのグリフ 'uni7440' に交差がある
INFO:最終チェックのグリフ 'uni745A' に交差がある
INFO:最終チェックのグリフ 'uni745D' に交差がある
INFO:最終チェックのグリフ 'uni746A' に交差がある
INFO:最終チェックのグリフ 'uni7483' に交差がある
INFO:最終チェックのグリフ 'uni7488' に交差がある
INFO:最終チェックのグリフ 'uni7490' に交差がある
INFO:最終チェックのグリフ 'uni7492' に交差がある
INFO:最終チェックのグリフ 'uni7497' に交差がある
INFO:最終チェックのグリフ 'uni74A3' に交差がある
INFO:最終チェックのグリフ 'uni74A5' に交差がある
INFO:最終チェックのグリフ 'uni74BD' に交差がある
INFO:最終チェックのグリフ 'uni74C8' に交差がある
INFO:最終チェックのグリフ 'uni74DA' に交差がある
INFO:最終チェックのグリフ 'uni74E2' に交差がある
INFO:最終チェックのグリフ 'uni7501' に交差がある
INFO:最終チェックのグリフ 'uni750D' に交差がある
INFO:最終チェックのグリフ 'uni750E' に交差がある
INFO:最終チェックのグリフ 'uni7524' に交差がある
INFO:最終チェックのグリフ 'uni7525' に交差がある
INFO:最終チェックのグリフ 'uni7528' に交差がある
INFO:最終チェックのグリフ 'uni752C' に交差がある
INFO:最終チェックのグリフ 'uni752F' に交差がある
INFO:最終チェックのグリフ 'uni7538' に交差がある
INFO:最終チェックのグリフ 'uni756D' に交差がある
INFO:最終チェックのグリフ 'uni7586' に交差がある
INFO:最終チェックのグリフ 'uni758A' に交差がある
INFO:最終チェックのグリフ 'uni75BF' に交差がある
INFO:最終チェックのグリフ 'uni75DB' に交差がある
INFO:最終チェックのグリフ 'uni75DD' に交差がある
INFO:最終チェックのグリフ 'uni75E0' に交差がある
INFO:最終チェックのグリフ 'uni75E2' に交差がある
INFO:最終チェックのグリフ 'uni75E4' に交差がある
INFO:最終チェックのグリフ 'uni75E7' に交差がある
INFO:最終チェックのグリフ 'uni75EE' に交差がある
INFO:最終チェックのグリフ 'uni75F2' に交差がある
INFO:最終チェックのグリフ 'uni75FE' に交差がある
INFO:最終チェックのグリフ 'uni7607' に交差がある
INFO:最終チェックのグリフ 'uni760F' に交差がある
INFO:最終チェックのグリフ 'uni7613' に交差がある
INFO:最終チェックのグリフ 'uni761B' に交差がある
INFO:最終チェックのグリフ 'uni761C' に交差がある
INFO:最終チェックのグリフ 'uni7620' に交差がある
INFO:最終チェックのグリフ 'uni7622' に交差がある
INFO:最終チェックのグリフ 'uni7624' に交差がある
INFO:最終チェックのグリフ 'uni7625' に交差がある
INFO:最終チェックのグリフ 'uni7628' に交差がある
INFO:最終チェックのグリフ 'uni763C' に交差がある
INFO:最終チェックのグリフ 'uni7641' に交差がある
INFO:最終チェックのグリフ 'uni7642' に交差がある
INFO:最終チェックのグリフ 'uni7643' に交差がある
INFO:最終チェックのグリフ 'uni7647' に交差がある
INFO:最終チェックのグリフ 'uni7649' に交差がある
INFO:最終チェックのグリフ 'uni7655' に交差がある
INFO:最終チェックのグリフ 'uni7667' に交差がある
INFO:最終チェックのグリフ 'uni766A' に交差がある
INFO:最終チェックのグリフ 'uni766F' に交差がある
INFO:最終チェックのグリフ 'uni7672' に交差がある
INFO:最終チェックのグリフ 'uni769C' に交差がある
INFO:最終チェックのグリフ 'uni76BA' に交差がある
INFO:最終チェックのグリフ 'uni76E7' に交差がある
INFO:最終チェックのグリフ 'uni76F1' に交差がある
INFO:最終チェックのグリフ 'uni76FB' に交差がある
INFO:最終チェックのグリフ 'uni7704' に交差がある
INFO:最終チェックのグリフ 'uni7734' に交差がある
INFO:最終チェックのグリフ 'uni7735' に交差がある
INFO:最終チェックのグリフ 'uni7740' に交差がある
INFO:最終チェックのグリフ 'uni774E' に交差がある
INFO:最終チェックのグリフ 'uni775B' に交差がある
INFO:最終チェックのグリフ 'uni775C' に交差がある
INFO:最終チェックのグリフ 'uni7794' に交差がある
INFO:最終チェックのグリフ 'uni779E' に交差がある
INFO:最終チェックのグリフ 'uni77A9' に交差がある
INFO:最終チェックのグリフ 'uni77D7' に交差がある
INFO:最終チェックのグリフ 'uni77DF' に交差がある
INFO:最終チェックのグリフ 'uni77E6' に交差がある
INFO:最終チェックのグリフ 'uni77E7' に交差がある
INFO:最終チェックのグリフ 'uni77EF' に交差がある
INFO:最終チェックのグリフ 'uni77FB' に交差がある
INFO:最終チェックのグリフ 'uni7805' に交差がある
INFO:最終チェックのグリフ 'uni780C' に交差がある
INFO:最終チェックのグリフ 'uni783A' に交差がある
INFO:最終チェックのグリフ 'uni7847' に交差がある
INFO:最終チェックのグリフ 'uni786A' に交差がある
INFO:最終チェックのグリフ 'uni787A' に交差がある
INFO:最終チェックのグリフ 'uni787C' に交差がある
INFO:最終チェックのグリフ 'uni788A' に交差がある
INFO:最終チェックのグリフ 'uni78A3' に交差がある
INFO:最終チェックのグリフ 'uni78AD' に交差がある
INFO:最終チェックのグリフ 'uni78BB' に交差がある
INFO:最終チェックのグリフ 'uni78BC' に交差がある
INFO:最終チェックのグリフ 'uni78C5' に交差がある
INFO:最終チェックのグリフ 'uni78C6' に交差がある
INFO:最終チェックのグリフ 'uni78D0' に交差がある
INFO:最終チェックのグリフ 'uni78EF' に交差がある
INFO:最終チェックのグリフ 'uni7900' に交差がある
INFO:最終チェックのグリフ 'uni792A' に交差がある
INFO:最終チェックのグリフ 'uni792E' に交差がある
INFO:最終チェックのグリフ 'uni7934' に交差がある
INFO:最終チェックのグリフ 'uni794A' に交差がある
INFO:最終チェックのグリフ 'uni7950' に交差がある
INFO:最終チェックのグリフ 'uni7958' に交差がある
INFO:最終チェックのグリフ 'uni7979' に交差がある
INFO:最終チェックのグリフ 'uni797F' に交差がある
INFO:最終チェックのグリフ 'uni7981' に交差がある
INFO:最終チェックのグリフ 'uni798D' に交差がある
INFO:最終チェックのグリフ 'uni7998' に交差がある
INFO:最終チェックのグリフ 'uni79A1' に交差がある
INFO:最終チェックのグリフ 'uni79B4' に交差がある
INFO:最終チェックのグリフ 'uni79B9' に交差がある
INFO:最終チェックのグリフ 'uni79ED' に交差がある
INFO:最終チェックのグリフ 'uni79F0' に交差がある
INFO:最終チェックのグリフ 'uni7A20' に交差がある
INFO:最終チェックのグリフ 'uni7A2D' に交差がある
INFO:最終チェックのグリフ 'uni7A31' に交差がある
INFO:最終チェックのグリフ 'uni7A3F' に交差がある
INFO:最終チェックのグリフ 'uni7A47' に交差がある
INFO:最終チェックのグリフ 'uni7A4C' に交差がある
INFO:最終チェックのグリフ 'uni7A4F' に交差がある
INFO:最終チェックのグリフ 'uni7A5C' に交差がある
INFO:最終チェックのグリフ 'uni7A62' に交差がある
INFO:最終チェックのグリフ 'uni7A75' に交差がある
INFO:最終チェックのグリフ 'uni7A79' に交差がある
INFO:最終チェックのグリフ 'uni7A83' に交差がある
INFO:最終チェックのグリフ 'uni7AAE' に交差がある
INFO:最終チェックのグリフ 'uni7AC5' に交差がある
INFO:最終チェックのグリフ 'uni7AD1' に交差がある
INFO:最終チェックのグリフ 'uni7AD2' に交差がある
INFO:最終チェックのグリフ 'uni7ADA' に交差がある
INFO:最終チェックのグリフ 'uni7AE7' に交差がある
INFO:最終チェックのグリフ 'uni7AEB' に交差がある
INFO:最終チェックのグリフ 'uni7AED' に交差がある
INFO:最終チェックのグリフ 'uni7AEF' に交差がある
INFO:最終チェックのグリフ 'uni7AF4' に交差がある
INFO:最終チェックのグリフ 'uni7B07' に交差がある
INFO:最終チェックのグリフ 'uni7B2D' に交差がある
INFO:最終チェックのグリフ 'uni7B2F' に交差がある
INFO:最終チェックのグリフ 'uni7B31' に交差がある
INFO:最終チェックのグリフ 'uni7B33' に交差がある
INFO:最終チェックのグリフ 'uni7B47' に交差がある
INFO:最終チェックのグリフ 'uni7B4B' に交差がある
INFO:最終チェックのグリフ 'uni7B55' に交差がある
INFO:最終チェックのグリフ 'uni7B60' に交差がある
INFO:最終チェックのグリフ 'uni7B69' に交差がある
INFO:最終チェックのグリフ 'uni7B6F' に交差がある
INFO:最終チェックのグリフ 'uni7B72' に交差がある
INFO:最終チェックのグリフ 'uni7B90' に交差がある
INFO:最終チェックのグリフ 'uni7B92' に交差がある
INFO:最終チェックのグリフ 'uni7B9A' に交差がある
INFO:最終チェックのグリフ 'uni7B9D' に交差がある
INFO:最終チェックのグリフ 'uni7BC1' に交差がある
INFO:最終チェックのグリフ 'uni7BC6' に交差がある
INFO:最終チェックのグリフ 'uni7BC7' に交差がある
INFO:最終チェックのグリフ 'uni7BDD' に交差がある
INFO:最終チェックのグリフ 'uni7BE4' に交差がある
INFO:最終チェックのグリフ 'uni7BF0' に交差がある
INFO:最終チェックのグリフ 'uni7C01' に交差がある
INFO:最終チェックのグリフ 'uni7C0B' に交差がある
INFO:最終チェックのグリフ 'uni7C11' に交差がある
INFO:最終チェックのグリフ 'uni7C13' に交差がある
INFO:最終チェックのグリフ 'uni7C1F' に交差がある
INFO:最終チェックのグリフ 'uni7C31' に交差がある
INFO:最終チェックのグリフ 'uni7C3F' に交差がある
INFO:最終チェックのグリフ 'uni7C51' に交差がある
INFO:最終チェックのグリフ 'uni7C57' に交差がある
INFO:最終チェックのグリフ 'uni7C61' に交差がある
INFO:最終チェックのグリフ 'uni7C65' に交差がある
INFO:最終チェックのグリフ 'uni7C6F' に交差がある
INFO:最終チェックのグリフ 'uni7C89' に交差がある
INFO:最終チェックのグリフ 'uni7CA1' に交差がある
INFO:最終チェックのグリフ 'uni7CA5' に交差がある
INFO:最終チェックのグリフ 'uni7CA6' に交差がある
INFO:最終チェックのグリフ 'uni7CB7' に交差がある
INFO:最終チェックのグリフ 'uni7CBD' に交差がある
INFO:最終チェックのグリフ 'uni7CBE' に交差がある
INFO:最終チェックのグリフ 'uni7CC4' に交差がある
INFO:最終チェックのグリフ 'uni7CC8' に交差がある
INFO:最終チェックのグリフ 'uni7CD2' に交差がある
INFO:最終チェックのグリフ 'uni7CE0' に交差がある
INFO:最終チェックのグリフ 'uni7CE6' に交差がある
INFO:最終チェックのグリフ 'uni7CE7' に交差がある
INFO:最終チェックのグリフ 'uni7CEB' に交差がある
INFO:最終チェックのグリフ 'uni7CF6' に交差がある
INFO:最終チェックのグリフ 'uni7D04' に交差がある
INFO:最終チェックのグリフ 'uni7D09' に交差がある
INFO:最終チェックのグリフ 'uni7D12' に交差がある
INFO:最終チェックのグリフ 'uni7D13' に交差がある
INFO:最終チェックのグリフ 'uni7D18' に交差がある
INFO:最終チェックのグリフ 'uni7D1B' に交差がある
INFO:最終チェックのグリフ 'uni7D21' に交差がある
INFO:最終チェックのグリフ 'uni7D2C' に交差がある
INFO:最終チェックのグリフ 'uni7D48' に交差がある
INFO:最終チェックのグリフ 'uni7D5A' に交差がある
INFO:最終チェックのグリフ 'uni7D5B' に交差がある
INFO:最終チェックのグリフ 'uni7D79' に交差がある
INFO:最終チェックのグリフ 'uni7D7F' に交差がある
INFO:最終チェックのグリフ 'uni7D83' に交差がある
INFO:最終チェックのグリフ 'uni7D89' に交差がある
INFO:最終チェックのグリフ 'uni7D8C' に交差がある
INFO:最終チェックのグリフ 'uni7D97' に交差がある
INFO:最終チェックのグリフ 'uni7D9B' に交差がある
INFO:最終チェックのグリフ 'uni7D9C' に交差がある
INFO:最終チェックのグリフ 'uni7DA0' に交差がある
INFO:最終チェックのグリフ 'uni7DA7' に交差がある
INFO:最終チェックのグリフ 'uni7DAF' に交差がある
INFO:最終チェックのグリフ 'uni7DB1' に交差がある
INFO:最終チェックのグリフ 'uni7DB2' に交差がある
INFO:最終チェックのグリフ 'uni7DB4' に交差がある
INFO:最終チェックのグリフ 'uni7DB8' に交差がある
INFO:最終チェックのグリフ 'uni7DBF' に交差がある
INFO:最終チェックのグリフ 'uni7DD1' に交差がある
INFO:最終チェックのグリフ 'uni7DE0' に交差がある
INFO:最終チェックのグリフ 'uni7DE8' に交差がある
INFO:最終チェックのグリフ 'uni7DF2' に交差がある
INFO:最終チェックのグリフ 'uni7E0A' に交差がある
INFO:最終チェックのグリフ 'uni7E11' に交差がある
INFO:最終チェックのグリフ 'uni7E1B' に交差がある
INFO:最終チェックのグリフ 'uni7E1F' に交差がある
INFO:最終チェックのグリフ 'uni7E2C' に交差がある
INFO:最終チェックのグリフ 'uni7E43' に交差がある
INFO:最終チェックのグリフ 'uni7E4A' に交差がある
INFO:最終チェックのグリフ 'uni7E4B' に交差がある
INFO:最終チェックのグリフ 'uni7E54' に交差がある
INFO:最終チェックのグリフ 'uni7E66' に交差がある
INFO:最終チェックのグリフ 'uni7E73' に交差がある
INFO:最終チェックのグリフ 'uni7E88' に交差がある
INFO:最終チェックのグリフ 'uni7E8E' に交差がある
INFO:最終チェックのグリフ 'uni7E8F' に交差がある
INFO:最終チェックのグリフ 'uni7E91' に交差がある
INFO:最終チェックのグリフ 'uni7E92' に交差がある
INFO:最終チェックのグリフ 'uni7E94' に交差がある
INFO:最終チェックのグリフ 'uni7E96' に交差がある
INFO:最終チェックのグリフ 'uni7F3B' に交差がある
INFO:最終チェックのグリフ 'uni7F3C' に交差がある
INFO:最終チェックのグリフ 'uni7F3E' に交差がある
INFO:最終チェックのグリフ 'uni7F47' に交差がある
INFO:最終チェックのグリフ 'uni7F4C' に交差がある
INFO:最終チェックのグリフ 'uni7F4F' に交差がある
INFO:最終チェックのグリフ 'uni7F51' に交差がある
INFO:最終チェックのグリフ 'uni7F54' に交差がある
INFO:最終チェックのグリフ 'uni7F64' に交差がある
INFO:最終チェックのグリフ 'uni7F67' に交差がある
INFO:最終チェックのグリフ 'uni7F88' に交差がある
INFO:最終チェックのグリフ 'uni7F97' に交差がある
INFO:最終チェックのグリフ 'uni7FA9' に交差がある
INFO:最終チェックのグリフ 'uni7FB2' に交差がある
INFO:最終チェックのグリフ 'uni7FBD' に交差がある
INFO:最終チェックのグリフ 'uni7FC1' に交差がある
INFO:最終チェックのグリフ 'uni7FC3' に交差がある
INFO:最終チェックのグリフ 'uni7FCA' に交差がある
INFO:最終チェックのグリフ 'uni7FCE' に交差がある
INFO:最終チェックのグリフ 'uni7FCF' に交差がある
INFO:最終チェックのグリフ 'uni7FDB' に交差がある
INFO:最終チェックのグリフ 'uni7FE1' に交差がある
INFO:最終チェックのグリフ 'uni7FE5' に交差がある
INFO:最終チェックのグリフ 'uni7FE9' に交差がある
INFO:最終チェックのグリフ 'uni7FEC' に交差がある
INFO:最終チェックのグリフ 'uni7FEE' に交差がある
INFO:最終チェックのグリフ 'uni7FF2' に交差がある
INFO:最終チェックのグリフ 'uni7FFA' に交差がある
INFO:最終チェックのグリフ 'uni7FFB' に交差がある
INFO:最終チェックのグリフ 'uni8003' に交差がある
INFO:最終チェックのグリフ 'uni8010' に交差がある
INFO:最終チェックのグリフ 'uni8014' に交差がある
INFO:最終チェックのグリフ 'uni8016' に交差がある
INFO:最終チェックのグリフ 'uni8021' に交差がある
INFO:最終チェックのグリフ 'uni8024' に交差がある
INFO:最終チェックのグリフ 'uni8026' に交差がある
INFO:最終チェックのグリフ 'uni8028' に交差がある
INFO:最終チェックのグリフ 'uni802C' に交差がある
INFO:最終チェックのグリフ 'uni8033' に交差がある
INFO:最終チェックのグリフ 'uni8035' に交差がある
INFO:最終チェックのグリフ 'uni803C' に交差がある
INFO:最終チェックのグリフ 'uni8043' に交差がある
INFO:最終チェックのグリフ 'uni8058' に交差がある
INFO:最終チェックのグリフ 'uni807B' に交差がある
INFO:最終チェックのグリフ 'uni808B' に交差がある
INFO:最終チェックのグリフ 'uni808C' に交差がある
INFO:最終チェックのグリフ 'uni8093' に交差がある
INFO:最終チェックのグリフ 'uni809B' に交差がある
INFO:最終チェックのグリフ 'uni809C' に交差がある
INFO:最終チェックのグリフ 'uni809D' に交差がある
INFO:最終チェックのグリフ 'uni80A1' に交差がある
INFO:最終チェックのグリフ 'uni80A2' に交差がある
INFO:最終チェックのグリフ 'uni80A4' に交差がある
INFO:最終チェックのグリフ 'uni80A7' に交差がある
INFO:最終チェックのグリフ 'uni80AA' に交差がある
INFO:最終チェックのグリフ 'uni80AD' に交差がある
INFO:最終チェックのグリフ 'uni80B2' に交差がある
INFO:最終チェックのグリフ 'uni80B4' に交差がある
INFO:最終チェックのグリフ 'uni80B8' に交差がある
INFO:最終チェックのグリフ 'uni80C4' に交差がある
INFO:最終チェックのグリフ 'uni80C6' に交差がある
INFO:最終チェックのグリフ 'uni80CA' に交差がある
INFO:最終チェックのグリフ 'uni80CE' に交差がある
INFO:最終チェックのグリフ 'uni80D5' に交差がある
INFO:最終チェックのグリフ 'uni80DB' に交差がある
INFO:最終チェックのグリフ 'uni80DD' に交差がある
INFO:最終チェックのグリフ 'uni80DE' に交差がある
INFO:最終チェックのグリフ 'uni80EF' に交差がある
INFO:最終チェックのグリフ 'uni80F1' に交差がある
INFO:最終チェックのグリフ 'uni80FD' に交差がある
INFO:最終チェックのグリフ 'uni8105' に交差がある
INFO:最終チェックのグリフ 'uni8107' に交差がある
INFO:最終チェックのグリフ 'uni810A' に交差がある
INFO:最終チェックのグリフ 'uni8116' に交差がある
INFO:最終チェックのグリフ 'uni811B' に交差がある
INFO:最終チェックのグリフ 'uni8124' に交差がある
INFO:最終チェックのグリフ 'uni8127' に交差がある
INFO:最終チェックのグリフ 'uni8129' に交差がある
INFO:最終チェックのグリフ 'uni812F' に交差がある
INFO:最終チェックのグリフ 'uni8131' に交差がある
INFO:最終チェックのグリフ 'uni8139' に交差がある
INFO:最終チェックのグリフ 'uni813E' に交差がある
INFO:最終チェックのグリフ 'uni8146' に交差がある
INFO:最終チェックのグリフ 'uni814B' に交差がある
INFO:最終チェックのグリフ 'uni814E' に交差がある
INFO:最終チェックのグリフ 'uni8150' に交差がある
INFO:最終チェックのグリフ 'uni8155' に交差がある
INFO:最終チェックのグリフ 'uni8160' に交差がある
INFO:最終チェックのグリフ 'uni8168' に交差がある
INFO:最終チェックのグリフ 'uni8169' に交差がある
INFO:最終チェックのグリフ 'uni816D' に交差がある
INFO:最終チェックのグリフ 'uni816E' に交差がある
INFO:最終チェックのグリフ 'uni8171' に交差がある
INFO:最終チェックのグリフ 'uni8179' に交差がある
INFO:最終チェックのグリフ 'uni817A' に交差がある
INFO:最終チェックのグリフ 'uni8180' に交差がある
INFO:最終チェックのグリフ 'uni8181' に交差がある
INFO:最終チェックのグリフ 'uni8183' に交差がある
INFO:最終チェックのグリフ 'uni8184' に交差がある
INFO:最終チェックのグリフ 'uni8188' に交差がある
INFO:最終チェックのグリフ 'uni818A' に交差がある
INFO:最終チェックのグリフ 'uni8193' に交差がある
INFO:最終チェックのグリフ 'uni8195' に交差がある
INFO:最終チェックのグリフ 'uni819A' に交差がある
INFO:最終チェックのグリフ 'uni819D' に交差がある
INFO:最終チェックのグリフ 'uni81A8' に交差がある
INFO:最終チェックのグリフ 'uni81A9' に交差がある
INFO:最終チェックのグリフ 'uni81C3' に交差がある
INFO:最終チェックのグリフ 'uni81DA' に交差がある
INFO:最終チェックのグリフ 'uni81E0' に交差がある
INFO:最終チェックのグリフ 'uni81E7' に交差がある
INFO:最終チェックのグリフ 'uni8205' に交差がある
INFO:最終チェックのグリフ 'uni8212' に交差がある
INFO:最終チェックのグリフ 'uni821F' に交差がある
INFO:最終チェックのグリフ 'uni8221' に交差がある
INFO:最終チェックのグリフ 'uni8222' に交差がある
INFO:最終チェックのグリフ 'uni8229' に交差がある
INFO:最終チェックのグリフ 'uni822A' に交差がある
INFO:最終チェックのグリフ 'uni822B' に交差がある
INFO:最終チェックのグリフ 'uni822C' に交差がある
INFO:最終チェックのグリフ 'uni822E' に交差がある
INFO:最終チェックのグリフ 'uni8232' に交差がある
INFO:最終チェックのグリフ 'uni8234' に交差がある
INFO:最終チェックのグリフ 'uni8235' に交差がある
INFO:最終チェックのグリフ 'uni8236' に交差がある
INFO:最終チェックのグリフ 'uni8238' に交差がある
INFO:最終チェックのグリフ 'uni823C' に交差がある
INFO:最終チェックのグリフ 'uni8240' に交差がある
INFO:最終チェックのグリフ 'uni8245' に交差がある
INFO:最終チェックのグリフ 'uni8246' に交差がある
INFO:最終チェックのグリフ 'uni825F' に交差がある
INFO:最終チェックのグリフ 'uni8262' に交差がある
INFO:最終チェックのグリフ 'uni8266' に交差がある
INFO:最終チェックのグリフ 'uni8268' に交差がある
INFO:最終チェックのグリフ 'uni826A' に交差がある
INFO:最終チェックのグリフ 'uni826B' に交差がある
INFO:最終チェックのグリフ 'uni8274' に交差がある
INFO:最終チェックのグリフ 'uni8276' に交差がある
INFO:最終チェックのグリフ 'uni828E' に交差がある
INFO:最終チェックのグリフ 'uni82B3' に交差がある
INFO:最終チェックのグリフ 'uni82B4' に交差がある
INFO:最終チェックのグリフ 'uni82BD' に交差がある
INFO:最終チェックのグリフ 'uni82DB' に交差がある
INFO:最終チェックのグリフ 'uni82DF' に交差がある
INFO:最終チェックのグリフ 'uni82E7' に交差がある
INFO:最終チェックのグリフ 'uni82FA' に交差がある
INFO:最終チェックのグリフ 'uni8305' に交差がある
INFO:最終チェックのグリフ 'uni8308' に交差がある
INFO:最終チェックのグリフ 'uni8318' に交差がある
INFO:最終チェックのグリフ 'uni833C' に交差がある
INFO:最終チェックのグリフ 'uni8346' に交差がある
INFO:最終チェックのグリフ 'uni834A' に交差がある
INFO:最終チェックのグリフ 'uni8350' に交差がある
INFO:最終チェックのグリフ 'uni8354' に交差がある
INFO:最終チェックのグリフ 'uni8355' に交差がある
INFO:最終チェックのグリフ 'uni8358' に交差がある
INFO:最終チェックのグリフ 'uni8362' に交差がある
INFO:最終チェックのグリフ 'uni837C' に交差がある
INFO:最終チェックのグリフ 'uni8387' に交差がある
INFO:最終チェックのグリフ 'uni838D' に交差がある
INFO:最終チェックのグリフ 'uni8393' に交差がある
INFO:最終チェックのグリフ 'uni83A0' に交差がある
INFO:最終チェックのグリフ 'uni83A9' に交差がある
INFO:最終チェックのグリフ 'uni83BF' に交差がある
INFO:最終チェックのグリフ 'uni83CE' に交差がある
INFO:最終チェックのグリフ 'uni83CF' に交差がある
INFO:最終チェックのグリフ 'uni83D4' に交差がある
INFO:最終チェックのグリフ 'uni83F7' に交差がある
INFO:最終チェックのグリフ 'uni840C' に交差がある
INFO:最終チェックのグリフ 'uni8420' に交差がある
INFO:最終チェックのグリフ 'uni8429' に交差がある
INFO:最終チェックのグリフ 'uni842C' に交差がある
INFO:最終チェックのグリフ 'uni8439' に交差がある
INFO:最終チェックのグリフ 'uni8461' に交差がある
INFO:最終チェックのグリフ 'uni846B' に交差がある
INFO:最終チェックのグリフ 'uni8479' に交差がある
INFO:最終チェックのグリフ 'uni847A' に交差がある
INFO:最終チェックのグリフ 'uni8494' に交差がある
INFO:最終チェックのグリフ 'uni849C' に交差がある
INFO:最終チェックのグリフ 'uni849F' に交差がある
INFO:最終チェックのグリフ 'uni84A1' に交差がある
INFO:最終チェックのグリフ 'uni84AF' に交差がある
INFO:最終チェックのグリフ 'uni84B2' に交差がある
INFO:最終チェックのグリフ 'uni84B4' に交差がある
INFO:最終チェックのグリフ 'uni84C1' に交差がある
INFO:最終チェックのグリフ 'uni84C6' に交差がある
INFO:最終チェックのグリフ 'uni84CE' に交差がある
INFO:最終チェックのグリフ 'uni84D1' に交差がある
INFO:最終チェックのグリフ 'uni8515' に交差がある
INFO:最終チェックのグリフ 'uni851B' に交差がある
INFO:最終チェックのグリフ 'uni8526' に交差がある
INFO:最終チェックのグリフ 'uni852B' に交差がある
INFO:最終チェックのグリフ 'uni853D' に交差がある
INFO:最終チェックのグリフ 'uni8551' に交差がある
INFO:最終チェックのグリフ 'uni8555' に交差がある
INFO:最終チェックのグリフ 'uni8564' に交差がある
INFO:最終チェックのグリフ 'uni856F' に交差がある
INFO:最終チェックのグリフ 'uni85A2' に交差がある
INFO:最終チェックのグリフ 'uni85A9' に交差がある
INFO:最終チェックのグリフ 'uni85AF' に交差がある
INFO:最終チェックのグリフ 'uni85CA' に交差がある
INFO:最終チェックのグリフ 'uni85D5' に交差がある
INFO:最終チェックのグリフ 'uni85E6' に交差がある
INFO:最終チェックのグリフ 'uni85ED' に交差がある
INFO:最終チェックのグリフ 'uni85F9' に交差がある
INFO:最終チェックのグリフ 'uni8602' に交差がある
INFO:最終チェックのグリフ 'uni8605' に交差がある
INFO:最終チェックのグリフ 'uni860A' に交差がある
INFO:最終チェックのグリフ 'uni8611' に交差がある
INFO:最終チェックのグリフ 'uni8624' に交差がある
INFO:最終チェックのグリフ 'uni862D' に交差がある
INFO:最終チェックのグリフ 'uni863C' に交差がある
INFO:最終チェックのグリフ 'uni865E' に交差がある
INFO:最終チェックのグリフ 'uni8662' に交差がある
INFO:最終チェックのグリフ 'uni868B' に交差がある
INFO:最終チェックのグリフ 'uni8693' に交差がある
INFO:最終チェックのグリフ 'uni869C' に交差がある
INFO:最終チェックのグリフ 'uni86A4' に交差がある
INFO:最終チェックのグリフ 'uni86C3' に交差がある
INFO:最終チェックのグリフ 'uni86CE' に交差がある
INFO:最終チェックのグリフ 'uni86D5' に交差がある
INFO:最終チェックのグリフ 'uni86EF' に交差がある
INFO:最終チェックのグリフ 'uni86F8' に交差がある
INFO:最終チェックのグリフ 'uni86FB' に交差がある
INFO:最終チェックのグリフ 'uni86FE' に交差がある
INFO:最終チェックのグリフ 'uni8705' に交差がある
INFO:最終チェックのグリフ 'uni8710' に交差がある
INFO:最終チェックのグリフ 'uni873E' に交差がある
INFO:最終チェックのグリフ 'uni8743' に交差がある
INFO:最終チェックのグリフ 'uni874E' に交差がある
INFO:最終チェックのグリフ 'uni8753' に交差がある
INFO:最終チェックのグリフ 'uni8759' に交差がある
INFO:最終チェックのグリフ 'uni875F' に交差がある
INFO:最終チェックのグリフ 'uni8760' に交差がある
INFO:最終チェックのグリフ 'uni8763' に交差がある
INFO:最終チェックのグリフ 'uni8772' に交差がある
INFO:最終チェックのグリフ 'uni8778' に交差がある
INFO:最終チェックのグリフ 'uni8782' に交差がある
INFO:最終チェックのグリフ 'uni8788' に交差がある
INFO:最終チェックのグリフ 'uni87B5' に交差がある
INFO:最終チェックのグリフ 'uni87CE' に交差がある
INFO:最終チェックのグリフ 'uni87D0' に交差がある
INFO:最終チェックのグリフ 'uni87DF' に交差がある
INFO:最終チェックのグリフ 'uni87E3' に交差がある
INFO:最終チェックのグリフ 'uni87F5' に交差がある
INFO:最終チェックのグリフ 'uni87F9' に交差がある
INFO:最終チェックのグリフ 'uni8807' に交差がある
INFO:最終チェックのグリフ 'uni880B' に交差がある
INFO:最終チェックのグリフ 'uni880D' に交差がある
INFO:最終チェックのグリフ 'uni8821' に交差がある
INFO:最終チェックのグリフ 'uni882E' に交差がある
INFO:最終チェックのグリフ 'uni8832' に交差がある
INFO:最終チェックのグリフ 'uni8836' に交差がある
INFO:最終チェックのグリフ 'uni884C' に交差がある
INFO:最終チェックのグリフ 'uni8853' に交差がある
INFO:最終チェックのグリフ 'uni8858' に交差がある
INFO:最終チェックのグリフ 'uni8859' に交差がある
INFO:最終チェックのグリフ 'uni885B' に交差がある
INFO:最終チェックのグリフ 'uni885E' に交差がある
INFO:最終チェックのグリフ 'uni885F' に交差がある
INFO:最終チェックのグリフ 'uni8872' に交差がある
INFO:最終チェックのグリフ 'uni88A2' に交差がある
INFO:最終チェックのグリフ 'uni88AE' に交差がある
INFO:最終チェックのグリフ 'uni88B4' に交差がある
INFO:最終チェックのグリフ 'uni88C2' に交差がある
INFO:最終チェックのグリフ 'uni88C4' に交差がある
INFO:最終チェックのグリフ 'uni88D1' に交差がある
INFO:最終チェックのグリフ 'uni88F2' に交差がある
INFO:最終チェックのグリフ 'uni88F5' に交差がある
INFO:最終チェックのグリフ 'uni88FC' に交差がある
INFO:最終チェックのグリフ 'uni8902' に交差がある
INFO:最終チェックのグリフ 'uni8910' に交差がある
INFO:最終チェックのグリフ 'uni8919' に交差がある
INFO:最終チェックのグリフ 'uni891C' に交差がある
INFO:最終チェックのグリフ 'uni891E' に交差がある
INFO:最終チェックのグリフ 'uni8927' に交差がある
INFO:最終チェックのグリフ 'uni8937' に交差がある
INFO:最終チェックのグリフ 'uni8941' に交差がある
INFO:最終チェックのグリフ 'uni8949' に交差がある
INFO:最終チェックのグリフ 'uni8956' に交差がある
INFO:最終チェックのグリフ 'uni8960' に交差がある
INFO:最終チェックのグリフ 'uni8974' に交差がある
INFO:最終チェックのグリフ 'uni8989' に交差がある
INFO:最終チェックのグリフ 'uni89A6' に交差がある
INFO:最終チェックのグリフ 'uni89D4' に交差がある
INFO:最終チェックのグリフ 'uni89D6' に交差がある
INFO:最終チェックのグリフ 'uni89D8' に交差がある
INFO:最終チェックのグリフ 'uni89DA' に交差がある
INFO:最終チェックのグリフ 'uni89DD' に交差がある
INFO:最終チェックのグリフ 'uni89E5' に交差がある
INFO:最終チェックのグリフ 'uni89EB' に交差がある
INFO:最終チェックのグリフ 'uni89F3' に交差がある
INFO:最終チェックのグリフ 'uni89F4' に交差がある
INFO:最終チェックのグリフ 'uni89F8' に交差がある
INFO:最終チェックのグリフ 'uni89FD' に交差がある
INFO:最終チェックのグリフ 'uni8A02' に交差がある
INFO:最終チェックのグリフ 'uni8A0E' に交差がある
INFO:最終チェックのグリフ 'uni8A12' に交差がある
INFO:最終チェックのグリフ 'uni8A36' に交差がある
INFO:最終チェックのグリフ 'uni8A45' に交差がある
INFO:最終チェックのグリフ 'uni8A5D' に交差がある
INFO:最終チェックのグリフ 'uni8A5E' に交差がある
INFO:最終チェックのグリフ 'uni8A60' に交差がある
INFO:最終チェックのグリフ 'uni8A69' に交差がある
INFO:最終チェックのグリフ 'uni8A6B' に交差がある
INFO:最終チェックのグリフ 'uni8A84' に交差がある
INFO:最終チェックのグリフ 'uni8A8C' に交差がある
INFO:最終チェックのグリフ 'uni8AB7' に交差がある
INFO:最終チェックのグリフ 'uni8ABE' に交差がある
INFO:最終チェックのグリフ 'uni8ABF' に交差がある
INFO:最終チェックのグリフ 'uni8AC4' に交差がある
INFO:最終チェックのグリフ 'uni8ACB' に交差がある
INFO:最終チェックのグリフ 'uni8AD2' に交差がある
INFO:最終チェックのグリフ 'uni8AE1' に交差がある
INFO:最終チェックのグリフ 'uni8AE6' に交差がある
INFO:最終チェックのグリフ 'uni8AED' に交差がある
INFO:最終チェックのグリフ 'uni8AF6' に交差がある
INFO:最終チェックのグリフ 'uni8B01' に交差がある
INFO:最終チェックのグリフ 'uni8B02' に交差がある
INFO:最終チェックのグリフ 'uni8B05' に交差がある
INFO:最終チェックのグリフ 'uni8B0C' に交差がある
INFO:最終チェックのグリフ 'uni8B17' に交差がある
INFO:最終チェックのグリフ 'uni8B1A' に交差がある
INFO:最終チェックのグリフ 'uni8B1D' に交差がある
INFO:最終チェックのグリフ 'uni8B28' に交差がある
INFO:最終チェックのグリフ 'uni8B2B' に交差がある
INFO:最終チェックのグリフ 'uni8B4C' に交差がある
INFO:最終チェックのグリフ 'uni8B4E' に交差がある
INFO:最終チェックのグリフ 'uni8B4F' に交差がある
INFO:最終チェックのグリフ 'uni8B69' に交差がある
INFO:最終チェックのグリフ 'uni8B8A' に交差がある
INFO:最終チェックのグリフ 'uni8B92' に交差がある
INFO:最終チェックのグリフ 'uni8B95' に交差がある
INFO:最終チェックのグリフ 'uni8B96' に交差がある
INFO:最終チェックのグリフ 'uni8B9A' に交差がある
INFO:最終チェックのグリフ 'uni8B9C' に交差がある
INFO:最終チェックのグリフ 'uni8C3A' に交差がある
INFO:最終チェックのグリフ 'uni8C45' に交差がある
INFO:最終チェックのグリフ 'uni8C54' に交差がある
INFO:最終チェックのグリフ 'uni8C5A' に交差がある
INFO:最終チェックのグリフ 'uni8C61' に交差がある
INFO:最終チェックのグリフ 'uni8C69' に交差がある
INFO:最終チェックのグリフ 'uni8C73' に交差がある
INFO:最終チェックのグリフ 'uni8C78' に交差がある
INFO:最終チェックのグリフ 'uni8C79' に交差がある
INFO:最終チェックのグリフ 'uni8C7A' に交差がある
INFO:最終チェックのグリフ 'uni8C7C' に交差がある
INFO:最終チェックのグリフ 'uni8C85' に交差がある
INFO:最終チェックのグリフ 'uni8C8C' に交差がある
INFO:最終チェックのグリフ 'uni8C8E' に交差がある
INFO:最終チェックのグリフ 'uni8C92' に交差がある
INFO:最終チェックのグリフ 'uni8C93' に交差がある
INFO:最終チェックのグリフ 'uni8C94' に交差がある
INFO:最終チェックのグリフ 'uni8C98' に交差がある
INFO:最終チェックのグリフ 'uni8C99' に交差がある
INFO:最終チェックのグリフ 'uni8C9B' に交差がある
INFO:最終チェックのグリフ 'uni8CAF' に交差がある
INFO:最終チェックのグリフ 'uni8CB3' に交差がある
INFO:最終チェックのグリフ 'uni8CD5' に交差がある
INFO:最終チェックのグリフ 'uni8CD6' に交差がある
INFO:最終チェックのグリフ 'uni8CDC' に交差がある
INFO:最終チェックのグリフ 'uni8CE1' に交差がある
INFO:最終チェックのグリフ 'uni8CF8' に交差がある
INFO:最終チェックのグリフ 'uni8CFB' に交差がある
INFO:最終チェックのグリフ 'uni8D0E' に交差がある
INFO:最終チェックのグリフ 'uni8D12' に交差がある
INFO:最終チェックのグリフ 'uni8D64' に交差がある
INFO:最終チェックのグリフ 'uni8D66' に交差がある
INFO:最終チェックのグリフ 'uni8DA3' に交差がある
INFO:最終チェックのグリフ 'uni8DA6' に交差がある
INFO:最終チェックのグリフ 'uni8DBA' に交差がある
INFO:最終チェックのグリフ 'uni8DDA' に交差がある
INFO:最終チェックのグリフ 'uni8DE8' に交差がある
INFO:最終チェックのグリフ 'uni8E0C' に交差がある
INFO:最終チェックのグリフ 'uni8E0F' に交差がある
INFO:最終チェックのグリフ 'uni8E1F' に交差がある
INFO:最終チェックのグリフ 'uni8E2A' に交差がある
INFO:最終チェックのグリフ 'uni8E3D' に交差がある
INFO:最終チェックのグリフ 'uni8E42' に交差がある
INFO:最終チェックのグリフ 'uni8E44' に交差がある
INFO:最終チェックのグリフ 'uni8E4B' に交差がある
INFO:最終チェックのグリフ 'uni8E5F' に交差がある
INFO:最終チェックのグリフ 'uni8E62' に交差がある
INFO:最終チェックのグリフ 'uni8E63' に交差がある
INFO:最終チェックのグリフ 'uni8E6C' に交差がある
INFO:最終チェックのグリフ 'uni8E72' に交差がある
INFO:最終チェックのグリフ 'uni8E85' に交差がある
INFO:最終チェックのグリフ 'uni8E93' に交差がある
INFO:最終チェックのグリフ 'uni8E98' に交差がある
INFO:最終チェックのグリフ 'uni8E9E' に交差がある
INFO:最終チェックのグリフ 'uni8EAC' に交差がある
INFO:最終チェックのグリフ 'uni8EAF' に交差がある
INFO:最終チェックのグリフ 'uni8EB1' に交差がある
INFO:最終チェックのグリフ 'uni8EB3' に交差がある
INFO:最終チェックのグリフ 'uni8EB6' に交差がある
INFO:最終チェックのグリフ 'uni8EBB' に交差がある
INFO:最終チェックのグリフ 'uni8EBE' に交差がある
INFO:最終チェックのグリフ 'uni8EC0' に交差がある
INFO:最終チェックのグリフ 'uni8EC5' に交差がある
INFO:最終チェックのグリフ 'uni8EC6' に交差がある
INFO:最終チェックのグリフ 'uni8F0C' に交差がある
INFO:最終チェックのグリフ 'uni8F17' に交差がある
INFO:最終チェックのグリフ 'uni8F1E' に交差がある
INFO:最終チェックのグリフ 'uni8F1F' に交差がある
INFO:最終チェックのグリフ 'uni8F38' に交差がある
INFO:最終チェックのグリフ 'uni8F40' に交差がある
INFO:最終チェックのグリフ 'uni8F46' に交差がある
INFO:最終チェックのグリフ 'uni8F49' に交差がある
INFO:最終チェックのグリフ 'uni8F4D' に交差がある
INFO:最終チェックのグリフ 'uni8F5C' に交差がある
INFO:最終チェックのグリフ 'uni8F62' に交差がある
INFO:最終チェックのグリフ 'uni8F64' に交差がある
INFO:最終チェックのグリフ 'uni8FB1' に交差がある
INFO:最終チェックのグリフ 'uni8FB4' に交差がある
INFO:最終チェックのグリフ 'uni8FD4' に交差がある
INFO:最終チェックのグリフ 'uni9022' に交差がある
INFO:最終チェックのグリフ 'uni905E' に交差がある
INFO:最終チェックのグリフ 'uni906F' に交差がある
INFO:最終チェックのグリフ 'uni9087' に交差がある
INFO:最終チェックのグリフ 'uni90A1' に交差がある
INFO:最終チェックのグリフ 'uni90A3' に交差がある
INFO:最終チェックのグリフ 'uni90B8' に交差がある
INFO:最終チェックのグリフ 'uni90C4' に交差がある
INFO:最終チェックのグリフ 'uni90C7' に交差がある
INFO:最終チェックのグリフ 'uni90D7' に交差がある
INFO:最終チェックのグリフ 'uni90DB' に交差がある
INFO:最終チェックのグリフ 'uni90ED' に交差がある
INFO:最終チェックのグリフ 'uni9112' に交差がある
INFO:最終チェックのグリフ 'uni9114' に交差がある
INFO:最終チェックのグリフ 'uni9115' に交差がある
INFO:最終チェックのグリフ 'uni9130' に交差がある
INFO:最終チェックのグリフ 'uni9147' に交差がある
INFO:最終チェックのグリフ 'uni914A' に交差がある
INFO:最終チェックのグリフ 'uni914C' に交差がある
INFO:最終チェックのグリフ 'uni914E' に交差がある
INFO:最終チェックのグリフ 'uni9157' に交差がある
INFO:最終チェックのグリフ 'uni916A' に交差がある
INFO:最終チェックのグリフ 'uni9173' に交差がある
INFO:最終チェックのグリフ 'uni9174' に交差がある
INFO:最終チェックのグリフ 'uni9189' に交差がある
INFO:最終チェックのグリフ 'uni919E' に交差がある
INFO:最終チェックのグリフ 'uni91A2' に交差がある
INFO:最終チェックのグリフ 'uni91A8' に交差がある
INFO:最終チェックのグリフ 'uni91AF' に交差がある
INFO:最終チェックのグリフ 'uni91B1' に交差がある
INFO:最終チェックのグリフ 'uni91B8' に交差がある
INFO:最終チェックのグリフ 'uni91C3' に交差がある
INFO:最終チェックのグリフ 'uni91C4' に交差がある
INFO:最終チェックのグリフ 'uni91CF' に交差がある
INFO:最終チェックのグリフ 'uni91D6' に交差がある
INFO:最終チェックのグリフ 'uni91D8' に交差がある
INFO:最終チェックのグリフ 'uni91DA' に交差がある
INFO:最終チェックのグリフ 'uni91E3' に交差がある
INFO:最終チェックのグリフ 'uni91EC' に交差がある
INFO:最終チェックのグリフ 'uni91EE' に交差がある
INFO:最終チェックのグリフ 'uni91FC' に交差がある
INFO:最終チェックのグリフ 'uni9201' に交差がある
INFO:最終チェックのグリフ 'uni9206' に交差がある
INFO:最終チェックのグリフ 'uni921E' に交差がある
INFO:最終チェックのグリフ 'uni9234' に交差がある
INFO:最終チェックのグリフ 'uni9242' に交差がある
INFO:最終チェックのグリフ 'uni9247' に交差がある
INFO:最終チェックのグリフ 'uni924B' に交差がある
INFO:最終チェックのグリフ 'uni9264' に交差がある
INFO:最終チェックのグリフ 'uni9267' に交差がある
INFO:最終チェックのグリフ 'uni9268' に交差がある
INFO:最終チェックのグリフ 'uni9277' に交差がある
INFO:最終チェックのグリフ 'uni927C' に交差がある
INFO:最終チェックのグリフ 'uni927D' に交差がある
INFO:最終チェックのグリフ 'uni9283' に交差がある
INFO:最終チェックのグリフ 'uni9285' に交差がある
INFO:最終チェックのグリフ 'uni9289' に交差がある
INFO:最終チェックのグリフ 'uni9296' に交差がある
INFO:最終チェックのグリフ 'uni9297' に交差がある
INFO:最終チェックのグリフ 'uni9299' に交差がある
INFO:最終チェックのグリフ 'uni92B9' に交差がある
INFO:最終チェックのグリフ 'uni92BF' に交差がある
INFO:最終チェックのグリフ 'uni92CE' に交差がある
INFO:最終チェックのグリフ 'uni92D0' に交差がある
INFO:最終チェックのグリフ 'uni92D3' に交差がある
INFO:最終チェックのグリフ 'uni92D5' に交差がある
INFO:最終チェックのグリフ 'uni92D9' に交差がある
INFO:最終チェックのグリフ 'uni92E4' に交差がある
INFO:最終チェックのグリフ 'uni92F3' に交差がある
INFO:最終チェックのグリフ 'uni92F7' に交差がある
INFO:最終チェックのグリフ 'uni92F9' に交差がある
INFO:最終チェックのグリフ 'uni92FF' に交差がある
INFO:最終チェックのグリフ 'uni9304' に交差がある
INFO:最終チェックのグリフ 'uni930D' に交差がある
INFO:最終チェックのグリフ 'uni9311' に交差がある
INFO:最終チェックのグリフ 'uni9315' に交差がある
INFO:最終チェックのグリフ 'uni931A' に交差がある
INFO:最終チェックのグリフ 'uni931D' に交差がある
INFO:最終チェックのグリフ 'uni931E' に交差がある
INFO:最終チェックのグリフ 'uni9321' に交差がある
INFO:最終チェックのグリフ 'uni9332' に交差がある
INFO:最終チェックのグリフ 'uni9335' に交差がある
INFO:最終チェックのグリフ 'uni933A' に交差がある
INFO:最終チェックのグリフ 'uni9347' に交差がある
INFO:最終チェックのグリフ 'uni9348' に交差がある
INFO:最終チェックのグリフ 'uni934B' に交差がある
INFO:最終チェックのグリフ 'uni9351' に交差がある
INFO:最終チェックのグリフ 'uni9357' に交差がある
INFO:最終チェックのグリフ 'uni935B' に交差がある
INFO:最終チェックのグリフ 'uni936E' に交差がある
INFO:最終チェックのグリフ 'uni9371' に交差がある
INFO:最終チェックのグリフ 'uni938F' に交差がある
INFO:最終チェックのグリフ 'uni939B' に交差がある
INFO:最終チェックのグリフ 'uni93B9' に交差がある
INFO:最終チェックのグリフ 'uni93BA' に交差がある
INFO:最終チェックのグリフ 'uni93C3' に交差がある
INFO:最終チェックのグリフ 'uni93C7' に交差がある
INFO:最終チェックのグリフ 'uni93C8' に交差がある
INFO:最終チェックのグリフ 'uni93D1' に交差がある
INFO:最終チェックのグリフ 'uni93D6' に交差がある
INFO:最終チェックのグリフ 'uni93DE' に交差がある
INFO:最終チェックのグリフ 'uni93E2' に交差がある
INFO:最終チェックのグリフ 'uni93E4' に交差がある
INFO:最終チェックのグリフ 'uni940F' に交差がある
INFO:最終チェックのグリフ 'uni9410' に交差がある
INFO:最終チェックのグリフ 'uni942B' に交差がある
INFO:最終チェックのグリフ 'uni9431' に交差がある
INFO:最終チェックのグリフ 'uni9432' に交差がある
INFO:最終チェックのグリフ 'uni9438' に交差がある
INFO:最終チェックのグリフ 'uni9441' に交差がある
INFO:最終チェックのグリフ 'uni9444' に交差がある
INFO:最終チェックのグリフ 'uni9448' に交差がある
INFO:最終チェックのグリフ 'uni9453' に交差がある
INFO:最終チェックのグリフ 'uni945E' に交差がある
INFO:最終チェックのグリフ 'uni9460' に交差がある
INFO:最終チェックのグリフ 'uni9462' に交差がある
INFO:最終チェックのグリフ 'uni946A' に交差がある
INFO:最終チェックのグリフ 'uni946D' に交差がある
INFO:最終チェックのグリフ 'uni9470' に交差がある
INFO:最終チェックのグリフ 'uni9477' に交差がある
INFO:最終チェックのグリフ 'uni947C' に交差がある
INFO:最終チェックのグリフ 'uni947D' に交差がある
INFO:最終チェックのグリフ 'uni947E' に交差がある
INFO:最終チェックのグリフ 'uni947F' に交差がある
INFO:最終チェックのグリフ 'uni9583' に交差がある
INFO:最終チェックのグリフ 'uni9586' に交差がある
INFO:最終チェックのグリフ 'uni9587' に交差がある
INFO:最終チェックのグリフ 'uni958A' に交差がある
INFO:最終チェックのグリフ 'uni958B' に交差がある
INFO:最終チェックのグリフ 'uni958D' に交差がある
INFO:最終チェックのグリフ 'uni9592' に交差がある
INFO:最終チェックのグリフ 'uni9598' に交差がある
INFO:最終チェックのグリフ 'uni9599' に交差がある
INFO:最終チェックのグリフ 'uni959F' に交差がある
INFO:最終チェックのグリフ 'uni95A6' に交差がある
INFO:最終チェックのグリフ 'uni95AC' に交差がある
INFO:最終チェックのグリフ 'uni95CB' に交差がある
INFO:最終チェックのグリフ 'uni95D0' に交差がある
INFO:最終チェックのグリフ 'uni95D8' に交差がある
INFO:最終チェックのグリフ 'uni95DE' に交差がある
INFO:最終チェックのグリフ 'uni962A' に交差がある
INFO:最終チェックのグリフ 'uni963F' に交差がある
INFO:最終チェックのグリフ 'uni9640' に交差がある
INFO:最終チェックのグリフ 'uni9641' に交差がある
INFO:最終チェックのグリフ 'uni964F' に交差がある
INFO:最終チェックのグリフ 'uni9658' に交差がある
INFO:最終チェックのグリフ 'uni9664' に交差がある
INFO:最終チェックのグリフ 'uni9684' に交差がある
INFO:最終チェックのグリフ 'uni9685' に交差がある
INFO:最終チェックのグリフ 'uni9686' に交差がある
INFO:最終チェックのグリフ 'uni968A' に交差がある
INFO:最終チェックのグリフ 'uni9694' に交差がある
INFO:最終チェックのグリフ 'uni9697' に交差がある
INFO:最終チェックのグリフ 'uni969B' に交差がある
INFO:最終チェックのグリフ 'uni969C' に交差がある
INFO:最終チェックのグリフ 'uni969D' に交差がある
INFO:最終チェックのグリフ 'uni96A0' に交差がある
INFO:最終チェックのグリフ 'uni96A7' に交差がある
INFO:最終チェックのグリフ 'uni96A9' に交差がある
INFO:最終チェックのグリフ 'uni96B0' に交差がある
INFO:最終チェックのグリフ 'uni96B3' に交差がある
INFO:最終チェックのグリフ 'uni96B4' に交差がある
INFO:最終チェックのグリフ 'uni96B7' に交差がある
INFO:最終チェックのグリフ 'uni96B8' に交差がある
INFO:最終チェックのグリフ 'uni96BA' に交差がある
INFO:最終チェックのグリフ 'uni96BD' に交差がある
INFO:最終チェックのグリフ 'uni96CB' に交差がある
INFO:最終チェックのグリフ 'uni96E2' に交差がある
INFO:最終チェックのグリフ 'uni96E8' に交差がある
INFO:最終チェックのグリフ 'uni9708' に交差がある
INFO:最終チェックのグリフ 'uni9727' に交差がある
INFO:最終チェックのグリフ 'uni972A' に交差がある
INFO:最終チェックのグリフ 'uni9730' に交差がある
INFO:最終チェックのグリフ 'uni9738' に交差がある
INFO:最終チェックのグリフ 'uni973D' に交差がある
INFO:最終チェックのグリフ 'uni973E' に交差がある
INFO:最終チェックのグリフ 'uni9747' に交差がある
INFO:最終チェックのグリフ 'uni9748' に交差がある
INFO:最終チェックのグリフ 'uni974D' に交差がある
INFO:最終チェックのグリフ 'uni974E' に交差がある
INFO:最終チェックのグリフ 'uni975A' に交差がある
INFO:最終チェックのグリフ 'uni975C' に交差がある
INFO:最終チェックのグリフ 'uni9761' に交差がある
INFO:最終チェックのグリフ 'uni9768' に交差がある
INFO:最終チェックのグリフ 'uni976A' に交差がある
INFO:最終チェックのグリフ 'uni976D' に交差がある
INFO:最終チェックのグリフ 'uni9779' に交差がある
INFO:最終チェックのグリフ 'uni977A' に交差がある
INFO:最終チェックのグリフ 'uni9786' に交差がある
INFO:最終チェックのグリフ 'uni979C' に交差がある
INFO:最終チェックのグリフ 'uni97B4' に交差がある
INFO:最終チェックのグリフ 'uni97D8' に交差がある
INFO:最終チェックのグリフ 'uni97DB' に交差がある
INFO:最終チェックのグリフ 'uni97DE' に交差がある
INFO:最終チェックのグリフ 'uni97F5' に交差がある
INFO:最終チェックのグリフ 'uni97FF' に交差がある
INFO:最終チェックのグリフ 'uni9811' に交差がある
INFO:最終チェックのグリフ 'uni9825' に交差がある
INFO:最終チェックのグリフ 'uni9832' に交差がある
INFO:最終チェックのグリフ 'uni9834' に交差がある
INFO:最終チェックのグリフ 'uni9852' に交差がある
INFO:最終チェックのグリフ 'uni9856' に交差がある
INFO:最終チェックのグリフ 'uni986C' に交差がある
INFO:最終チェックのグリフ 'uni986F' に交差がある
INFO:最終チェックのグリフ 'uni98AB' に交差がある
INFO:最終チェックのグリフ 'uni98AD' に交差がある
INFO:最終チェックのグリフ 'uni98B0' に交差がある
INFO:最終チェックのグリフ 'uni98B1' に交差がある
INFO:最終チェックのグリフ 'uni98BF' に交差がある
INFO:最終チェックのグリフ 'uni98C4' に交差がある
INFO:最終チェックのグリフ 'uni98C6' に交差がある
INFO:最終チェックのグリフ 'uni98C7' に交差がある
INFO:最終チェックのグリフ 'uni98C8' に交差がある
INFO:最終チェックのグリフ 'uni98DF' に交差がある
INFO:最終チェックのグリフ 'uni98FC' に交差がある
INFO:最終チェックのグリフ 'uni98FD' に交差がある
INFO:最終チェックのグリフ 'uni98FE' に交差がある
INFO:最終チェックのグリフ 'uni9913' に交差がある
INFO:最終チェックのグリフ 'uni991C' に交差がある
INFO:最終チェックのグリフ 'uni991D' に交差がある
INFO:最終チェックのグリフ 'uni992C' に交差がある
INFO:最終チェックのグリフ 'uni9932' に交差がある
INFO:最終チェックのグリフ 'uni993A' に交差がある
INFO:最終チェックのグリフ 'uni993E' に交差がある
INFO:最終チェックのグリフ 'uni9946' に交差がある
INFO:最終チェックのグリフ 'uni994D' に交差がある
INFO:最終チェックのグリフ 'uni999E' に交差がある
INFO:最終チェックのグリフ 'uni99AC' に交差がある
INFO:最終チェックのグリフ 'uni99AD' に交差がある
INFO:最終チェックのグリフ 'uni99AE' に交差がある
INFO:最終チェックのグリフ 'uni99B3' に交差がある
INFO:最終チェックのグリフ 'uni99B4' に交差がある
INFO:最終チェックのグリフ 'uni99BC' に交差がある
INFO:最終チェックのグリフ 'uni99BD' に交差がある
INFO:最終チェックのグリフ 'uni99C1' に交差がある
INFO:最終チェックのグリフ 'uni99C4' に交差がある
INFO:最終チェックのグリフ 'uni99C6' に交差がある
INFO:最終チェックのグリフ 'uni99C8' に交差がある
INFO:最終チェックのグリフ 'uni99C9' に交差がある
INFO:最終チェックのグリフ 'uni99D0' に交差がある
INFO:最終チェックのグリフ 'uni99D1' に交差がある
INFO:最終チェックのグリフ 'uni99D2' に交差がある
INFO:最終チェックのグリフ 'uni99DE' に交差がある
INFO:最終チェックのグリフ 'uni99DF' に交差がある
INFO:最終チェックのグリフ 'uni99E2' に交差がある
INFO:最終チェックのグリフ 'uni99ED' に交差がある
INFO:最終チェックのグリフ 'uni99F8' に交差がある
INFO:最終チェックのグリフ 'uni99F9' に交差がある
INFO:最終チェックのグリフ 'uni99FB' に交差がある
INFO:最終チェックのグリフ 'uni9A01' に交差がある
INFO:最終チェックのグリフ 'uni9A05' に交差がある
INFO:最終チェックのグリフ 'uni9A0E' に交差がある
INFO:最終チェックのグリフ 'uni9A0F' に交差がある
INFO:最終チェックのグリフ 'uni9A11' に交差がある
INFO:最終チェックのグリフ 'uni9A12' に交差がある
INFO:最終チェックのグリフ 'uni9A13' に交差がある
INFO:最終チェックのグリフ 'uni9A16' に交差がある
INFO:最終チェックのグリフ 'uni9A1A' に交差がある
INFO:最終チェックのグリフ 'uni9A28' に交差がある
INFO:最終チェックのグリフ 'uni9A2E' に交差がある
INFO:最終チェックのグリフ 'uni9A37' に交差がある
INFO:最終チェックのグリフ 'uni9A4C' に交差がある
INFO:最終チェックのグリフ 'uni9A4E' に交差がある
INFO:最終チェックのグリフ 'uni9A5B' に交差がある
INFO:最終チェックのグリフ 'uni9A5F' に交差がある
INFO:最終チェックのグリフ 'uni9A62' に交差がある
INFO:最終チェックのグリフ 'uni9A65' に交差がある
INFO:最終チェックのグリフ 'uni9AAF' に交差がある
INFO:最終チェックのグリフ 'uni9AB6' に交差がある
INFO:最終チェックのグリフ 'uni9AB7' に交差がある
INFO:最終チェックのグリフ 'uni9AC3' に交差がある
INFO:最終チェックのグリフ 'uni9AC4' に交差がある
INFO:最終チェックのグリフ 'uni9AD0' に交差がある
INFO:最終チェックのグリフ 'uni9AD2' に交差がある
INFO:最終チェックのグリフ 'uni9AD5' に交差がある
INFO:最終チェックのグリフ 'uni9AD9' に交差がある
INFO:最終チェックのグリフ 'uni9AE3' に交差がある
INFO:最終チェックのグリフ 'uni9AF1' に交差がある
INFO:最終チェックのグリフ 'uni9B0C' に交差がある
INFO:最終チェックのグリフ 'uni9B18' に交差がある
INFO:最終チェックのグリフ 'uni9B1A' に交差がある
INFO:最終チェックのグリフ 'uni9B1C' に交差がある
INFO:最終チェックのグリフ 'uni9B22' に交差がある
INFO:最終チェックのグリフ 'uni9B25' に交差がある
INFO:最終チェックのグリフ 'uni9B27' に交差がある
INFO:最終チェックのグリフ 'uni9B2D' に交差がある
INFO:最終チェックのグリフ 'uni9B31' に交差がある
INFO:最終チェックのグリフ 'uni9B32' に交差がある
INFO:最終チェックのグリフ 'uni9B33' に交差がある
INFO:最終チェックのグリフ 'uni9B4B' に交差がある
INFO:最終チェックのグリフ 'uni9B5E' に交差がある
INFO:最終チェックのグリフ 'uni9B63' に交差がある
INFO:最終チェックのグリフ 'uni9B65' に交差がある
INFO:最終チェックのグリフ 'uni9B6B' に交差がある
INFO:最終チェックのグリフ 'uni9B6F' に交差がある
INFO:最終チェックのグリフ 'uni9B73' に交差がある
INFO:最終チェックのグリフ 'uni9B74' に交差がある
INFO:最終チェックのグリフ 'uni9B76' に交差がある
INFO:最終チェックのグリフ 'uni9B83' に交差がある
INFO:最終チェックのグリフ 'uni9B84' に交差がある
INFO:最終チェックのグリフ 'uni9B8F' に交差がある
INFO:最終チェックのグリフ 'uni9B92' に交差がある
INFO:最終チェックのグリフ 'uni9B96' に交差がある
INFO:最終チェックのグリフ 'uni9B97' に交差がある
INFO:最終チェックのグリフ 'uni9BA6' に交差がある
INFO:最終チェックのグリフ 'uni9BAA' に交差がある
INFO:最終チェックのグリフ 'uni9BAB' に交差がある
INFO:最終チェックのグリフ 'uni9BAD' に交差がある
INFO:最終チェックのグリフ 'uni9BB4' に交差がある
INFO:最終チェックのグリフ 'uni9BB9' に交差がある
INFO:最終チェックのグリフ 'uni9BD1' に交差がある
INFO:最終チェックのグリフ 'uni9BE2' に交差がある
INFO:最終チェックのグリフ 'uni9BE7' に交差がある
INFO:最終チェックのグリフ 'uni9BE8' に交差がある
INFO:最終チェックのグリフ 'uni9BEE' に交差がある
INFO:最終チェックのグリフ 'uni9BEF' に交差がある
INFO:最終チェックのグリフ 'uni9BF1' に交差がある
INFO:最終チェックのグリフ 'uni9BF2' に交差がある
INFO:最終チェックのグリフ 'uni9BFD' に交差がある
INFO:最終チェックのグリフ 'uni9C0C' に交差がある
INFO:最終チェックのグリフ 'uni9C10' に交差がある
INFO:最終チェックのグリフ 'uni9C21' に交差がある
INFO:最終チェックのグリフ 'uni9C22' に交差がある
INFO:最終チェックのグリフ 'uni9C2F' に交差がある
INFO:最終チェックのグリフ 'uni9C36' に交差がある
INFO:最終チェックのグリフ 'uni9C3A' に交差がある
INFO:最終チェックのグリフ 'uni9C47' に交差がある
INFO:最終チェックのグリフ 'uni9C49' に交差がある
INFO:最終チェックのグリフ 'uni9C58' に交差がある
INFO:最終チェックのグリフ 'uni9C5B' に交差がある
INFO:最終チェックのグリフ 'uni9C5C' に交差がある
INFO:最終チェックのグリフ 'uni9C60' に交差がある
INFO:最終チェックのグリフ 'uni9C63' に交差がある
INFO:最終チェックのグリフ 'uni9C6D' に交差がある
INFO:最終チェックのグリフ 'uni9C72' に交差がある
INFO:最終チェックのグリフ 'uni9C76' に交差がある
INFO:最終チェックのグリフ 'uni9C78' に交差がある
INFO:最終チェックのグリフ 'uni9CEB' に交差がある
INFO:最終チェックのグリフ 'uni9CF6' に交差がある
INFO:最終チェックのグリフ 'uni9D06' に交差がある
INFO:最終チェックのグリフ 'uni9D09' に交差がある
INFO:最終チェックのグリフ 'uni9D11' に交差がある
INFO:最終チェックのグリフ 'uni9D12' に交差がある
INFO:最終チェックのグリフ 'uni9D15' に交差がある
INFO:最終チェックのグリフ 'uni9D17' に交差がある
INFO:最終チェックのグリフ 'uni9D1B' に交差がある
INFO:最終チェックのグリフ 'uni9D1D' に交差がある
INFO:最終チェックのグリフ 'uni9D1F' に交差がある
INFO:最終チェックのグリフ 'uni9D28' に交差がある
INFO:最終チェックのグリフ 'uni9D2B' に交差がある
INFO:最終チェックのグリフ 'uni9D2C' に交差がある
INFO:最終チェックのグリフ 'uni9D3E' に交差がある
INFO:最終チェックのグリフ 'uni9D3F' に交差がある
INFO:最終チェックのグリフ 'uni9D41' に交差がある
INFO:最終チェックのグリフ 'uni9D43' に交差がある
INFO:最終チェックのグリフ 'uni9D44' に交差がある
INFO:最終チェックのグリフ 'uni9D48' に交差がある
INFO:最終チェックのグリフ 'uni9D4A' に交差がある
INFO:最終チェックのグリフ 'uni9D51' に交差がある
INFO:最終チェックのグリフ 'uni9D5C' に交差がある
INFO:最終チェックのグリフ 'uni9D62' に交差がある
INFO:最終チェックのグリフ 'uni9D64' に交差がある
INFO:最終チェックのグリフ 'uni9D69' に交差がある
INFO:最終チェックのグリフ 'uni9D6B' に交差がある
INFO:最終チェックのグリフ 'uni9D6F' に交差がある
INFO:最終チェックのグリフ 'uni9D70' に交差がある
INFO:最終チェックのグリフ 'uni9D73' に交差がある
INFO:最終チェックのグリフ 'uni9D76' に交差がある
INFO:最終チェックのグリフ 'uni9D7A' に交差がある
INFO:最終チェックのグリフ 'uni9D7E' に交差がある
INFO:最終チェックのグリフ 'uni9D84' に交差がある
INFO:最終チェックのグリフ 'uni9D8D' に交差がある
INFO:最終チェックのグリフ 'uni9D9A' に交差がある
INFO:最終チェックのグリフ 'uni9DA9' に交差がある
INFO:最終チェックのグリフ 'uni9DAB' に交差がある
INFO:最終チェックのグリフ 'uni9DB4' に交差がある
INFO:最終チェックのグリフ 'uni9DB8' に交差がある
INFO:最終チェックのグリフ 'uni9DB9' に交差がある
INFO:最終チェックのグリフ 'uni9DBA' に交差がある
INFO:最終チェックのグリフ 'uni9DBB' に交差がある
INFO:最終チェックのグリフ 'uni9DBC' に交差がある
INFO:最終チェックのグリフ 'uni9DBD' に交差がある
INFO:最終チェックのグリフ 'uni9DC1' に交差がある
INFO:最終チェックのグリフ 'uni9DC2' に交差がある
INFO:最終チェックのグリフ 'uni9DC4' に交差がある
INFO:最終チェックのグリフ 'uni9DC9' に交差がある
INFO:最終チェックのグリフ 'uni9DCF' に交差がある
INFO:最終チェックのグリフ 'uni9DD3' に交差がある
INFO:最終チェックのグリフ 'uni9DDA' に交差がある
INFO:最終チェックのグリフ 'uni9DE0' に交差がある
INFO:最終チェックのグリフ 'uni9DE7' に交差がある
INFO:最終チェックのグリフ 'uni9DED' に交差がある
INFO:最終チェックのグリフ 'uni9DF4' に交差がある
INFO:最終チェックのグリフ 'uni9E02' に交差がある
INFO:最終チェックのグリフ 'uni9E0A' に交差がある
INFO:最終チェックのグリフ 'uni9E7B' に交差がある
INFO:最終チェックのグリフ 'uni9E95' に交差がある
INFO:最終チェックのグリフ 'uni9E9B' に交差がある
INFO:最終チェックのグリフ 'uni9EA4' に交差がある
INFO:最終チェックのグリフ 'uni9EAD' に交差がある
INFO:最終チェックのグリフ 'uni9ECE' に交差がある
INFO:最終チェックのグリフ 'uni9ECF' に交差がある
INFO:最終チェックのグリフ 'uni9ED8' に交差がある
INFO:最終チェックのグリフ 'uni9EDD' に交差がある
INFO:最終チェックのグリフ 'uni9EEE' に交差がある
INFO:最終チェックのグリフ 'uni9EF9' に交差がある
INFO:最終チェックのグリフ 'uni9F08' に交差がある
INFO:最終チェックのグリフ 'uni9F17' に交差がある
INFO:最終チェックのグリフ 'uni9F19' に交差がある
INFO:最終チェックのグリフ 'uni9F3A' に交差がある
INFO:最終チェックのグリフ 'uni9F41' に交差がある
INFO:最終チェックのグリフ 'uni9F4B' に交差がある
INFO:最終チェックのグリフ 'uni9F52' に交差がある
INFO:最終チェックのグリフ 'uni9F5D' に交差がある
INFO:最終チェックのグリフ 'uni9F66' に交差がある
INFO:最終チェックのグリフ 'uni9F72' に交差がある
INFO:最終チェックのグリフ 'uni9F76' に交差がある
INFO:最終チェックのグリフ 'uni9F95' に交差がある
INFO:最終チェックのグリフ 'uni9F9C' に交差がある
INFO:最終チェックのグリフ 'uni9FA2' に交差がある
INFO:最終チェックのグリフ 'uniF936' に交差がある
INFO:最終チェックのグリフ 'uniF9DC' に交差がある
INFO:最終チェックのグリフ 'uniFA12' に交差がある
INFO:最終チェックのグリフ 'uniFA19' に交差がある
INFO:最終チェックのグリフ 'uniFA1C' に交差がある
INFO:最終チェックのグリフ 'uniFA1F' に交差がある
INFO:最終チェックのグリフ 'uniFA22' に交差がある
INFO:最終チェックのグリフ 'uniFA27' に交差がある
INFO:最終チェックのグリフ 'uniFA28' に交差がある
INFO:最終チェックのグリフ 'uniFA29' に交差がある
INFO:最終チェックのグリフ 'uniFA2D' に交差がある
INFO:最終チェックのグリフ 'uniFA33' に交差がある
INFO:最終チェックのグリフ 'uniFA3F' に交差がある
INFO:最終チェックのグリフ 'uniFA41' に交差がある
INFO:最終チェックのグリフ 'uniFA4C' に交差がある
INFO:最終チェックのグリフ 'uniFA52' に交差がある
INFO:最終チェックのグリフ 'uniFA53' に交差がある
INFO:最終チェックのグリフ 'uniFA57' に交差がある
INFO:最終チェックのグリフ 'uniFA58' に交差がある
INFO:最終チェックのグリフ 'uniFA59' に交差がある
INFO:最終チェックのグリフ 'uniFA5A' に交差がある
INFO:最終チェックのグリフ 'uniFA5B' に交差がある
INFO:最終チェックのグリフ 'uniFF08' に交差がある
INFO:最終チェックのグリフ 'uniFF2B' に交差がある
INFO:最終チェックのグリフ 'uniFF32' に交差がある
INFO:最終チェックのグリフ 'uniFF41' に交差がある
INFO:最終チェックのグリフ 'uniFF58' に交差がある
INFO:最終チェックのグリフ 'uniFF5F' に交差がある
INFO:最終チェックのグリフ 'uniFF8D' に交差がある
INFO:最終チェックのグリフ 'uniFF99' に交差がある
INFO:最終チェックのグリフ 'u20807' に交差がある
INFO:最終チェックのグリフ 'u21336' に交差がある
INFO:最終チェックのグリフ 'u21D92' に交差がある
INFO:最終チェックのグリフ 'u21DB7' に交差がある
INFO:最終チェックのグリフ 'u21DE0' に交差がある
INFO:最終チェックのグリフ 'u22B46' に交差がある
INFO:最終チェックのグリフ 'u22B50' に交差がある
INFO:最終チェックのグリフ 'u231F5' に交差がある
INFO:最終チェックのグリフ 'u233D3' に交差がある
INFO:最終チェックのグリフ 'u23451' に交差がある
INFO:最終チェックのグリフ 'u23465' に交差がある
INFO:最終チェックのグリフ 'u23594' に交差がある
INFO:最終チェックのグリフ 'u237E7' に交差がある
INFO:最終チェックのグリフ 'u23824' に交差がある
INFO:最終チェックのグリフ 'u23CFE' に交差がある
INFO:最終チェックのグリフ 'u23DF9' に交差がある
INFO:最終チェックのグリフ 'u24096' に交差がある
INFO:最終チェックのグリフ 'u24103' に交差がある
INFO:最終チェックのグリフ 'u243D0' に交差がある
INFO:最終チェックのグリフ 'u24B6F' に交差がある
INFO:最終チェックのグリフ 'u24D14' に交差がある
INFO:最終チェックのグリフ 'u24E37' に交差がある
INFO:最終チェックのグリフ 'u24E6A' に交差がある
INFO:最終チェックのグリフ 'u24E8B' に交差がある
INFO:最終チェックのグリフ 'u2521E' に交差がある
INFO:最終チェックのグリフ 'u255A7' に交差がある
INFO:最終チェックのグリフ 'u25AE4' に交差がある
INFO:最終チェックのグリフ 'u25C64' に交差がある
INFO:最終チェックのグリフ 'u25DA1' に交差がある
INFO:最終チェックのグリフ 'u25E56' に交差がある
INFO:最終チェックのグリフ 'u25EC2' に交差がある
INFO:最終チェックのグリフ 'u25EE8' に交差がある
INFO:最終チェックのグリフ 'u26060' に交差がある
INFO:最終チェックのグリフ 'u260ED' に交差がある
INFO:最終チェックのグリフ 'u26402' に交差がある
INFO:最終チェックのグリフ 'u266B0' に交差がある
INFO:最終チェックのグリフ 'u26A1E' に交差がある
INFO:最終チェックのグリフ 'u26A58' に交差がある
INFO:最終チェックのグリフ 'u26AB7' に交差がある
INFO:最終チェックのグリフ 'u26FF6' に交差がある
INFO:最終チェックのグリフ 'u26FF7' に交差がある
INFO:最終チェックのグリフ 'u270F4' に交差がある
INFO:最終チェックのグリフ 'u273FE' に交差がある
INFO:最終チェックのグリフ 'u27684' に交差がある
INFO:最終チェックのグリフ 'u27BBE' に交差がある
INFO:最終チェックのグリフ 'u27CB8' に交差がある
INFO:最終チェックのグリフ 'u27DA0' に交差がある
INFO:最終チェックのグリフ 'u2808A' に交差がある
INFO:最終チェックのグリフ 'u2856B' に交差がある
INFO:最終チェックのグリフ 'u289BA' に交差がある
INFO:最終チェックのグリフ 'u289BB' に交差がある
INFO:最終チェックのグリフ 'u28A1E' に交差がある
INFO:最終チェックのグリフ 'u28A43' に交差がある
INFO:最終チェックのグリフ 'u28A99' に交差がある
INFO:最終チェックのグリフ 'u28ACD' に交差がある
INFO:最終チェックのグリフ 'u28BEF' に交差がある
INFO:最終チェックのグリフ 'u28D10' に交差がある
INFO:最終チェックのグリフ 'u28DFB' に交差がある
INFO:最終チェックのグリフ 'u28E36' に交差がある
INFO:最終チェックのグリフ 'u28EEB' に交差がある
INFO:最終チェックのグリフ 'u28EF6' に交差がある
INFO:最終チェックのグリフ 'u292B1' に交差がある
INFO:最終チェックのグリフ 'u2967F' に交差がある
INFO:最終チェックのグリフ 'u296F0' に交差がある
INFO:最終チェックのグリフ 'u29750' に交差がある
INFO:最終チェックのグリフ 'u29DDB' に交差がある
INFO:最終チェックのグリフ 'u29E15' に交差がある
INFO:最終チェックのグリフ 'u29E49' に交差がある
INFO:最終チェックのグリフ 'u29EC4' に交差がある
INFO:最終チェックのグリフ 'u2A01A' に交差がある
INFO:最終チェックのグリフ 'u2A082' に交差がある
INFO:最終チェックのグリフ 'u2A190' に交差がある
INFO:最終チェックのグリフ 'u2A6B2' に交差がある
INFO:最終チェックのグリフ 'u2F920' に交差がある
INFO:最終チェックのグリフ 'uni301C.vert' に交差がある
INFO:最終チェックのグリフ 'uni30A1.vert' に交差がある
INFO:最終チェックのグリフ 'uni3096.aalt' に交差がある
INFO:最終チェックのグリフ 'uni31F5.aalt' に交差がある
INFO:最終チェックのグリフ 'uni31F6.aalt' に交差がある
INFO:最終チェックのグリフ 'uni304D_uni309A.ccmp' に交差がある
INFO:最終チェックのグリフ 'uni304F_uni309A.ccmp' に交差がある
INFO:最終チェックのグリフ 'uni30AD_uni309A.ccmp' に交差がある
INFO:最終チェックのグリフ 'uni028C_acutecomb.ccmp' に交差がある
INFO:最終チェックのグリフ 'uni028C_gravecomb.ccmp' に交差がある
INFO:最終チェックのグリフ 'uni98F4.aalt' に交差がある
INFO:最終チェックのグリフ 'uni9C2F.aalt' に交差がある
INFO:最終チェックのグリフ 'uni5FBD.aalt' に交差がある
INFO:最終チェックのグリフ 'uni7B08.jp78' に交差がある
INFO:最終チェックのグリフ 'uni6ADB.aalt' に交差がある
INFO:最終チェックのグリフ 'uni9699.expt' に交差がある
INFO:最終チェックのグリフ 'uni9375.aalt' に交差がある
INFO:最終チェックのグリフ 'uni717D.jp83' に交差がある
INFO:最終チェックのグリフ 'uni7A7F.aalt' に交差がある
INFO:最終チェックのグリフ 'uni7BAD.aalt' に交差がある
INFO:最終チェックのグリフ 'uni63C3.aalt' に交差がある
INFO:最終チェックのグリフ 'uni7026.jp83' に交差がある
INFO:最終チェックのグリフ 'uni99C1.aalt' に交差がある
INFO:最終チェックのグリフ 'uni8C79.aalt' に交差がある
INFO:最終チェックのグリフ 'uni853D.aalt' に交差がある
INFO:最終チェックのグリフ 'uni77A5.aalt' に交差がある
INFO:最終チェックのグリフ 'uni8511.aalt' に交差がある
INFO:最終チェックのグリフ 'uni9905.jp83' に交差がある
INFO:最終チェックのグリフ 'uni723A.aalt' に交差がある
INFO:最終チェックのグリフ 'uni9453.aalt' に交差がある
INFO:最終チェックのグリフ 'uni5F98.aalt' に交差がある
INFO:最終チェックのグリフ 'uni6241.aalt' に交差がある
INFO:最終チェックのグリフ 'uni7515.expt' に交差がある
INFO:最終チェックのグリフ 'uni7AC8.expt' に交差がある
INFO:最終チェックのグリフ 'uni8171.aalt' に交差がある
INFO:最終チェックのグリフ 'uni8A1D.aalt' に交差がある
INFO:最終チェックのグリフ 'uni62D0.aalt' に交差がある
INFO:最終チェックのグリフ 'uni5ACC.aalt' に交差がある
INFO:最終チェックのグリフ 'uni6E9D.aalt' に交差がある
INFO:最終チェックのグリフ 'uni7511.expt' に交差がある
INFO:最終チェックのグリフ 'uni73CA.aalt' に交差がある
INFO:最終チェックのグリフ 'uni53F1.jp78' に交差がある
INFO:最終チェックのグリフ 'uni5EE0.expt' に交差がある
INFO:最終チェックのグリフ 'uni68A2.aalt' に交差がある
INFO:最終チェックのグリフ 'uni717D.jp78' に交差がある
INFO:最終チェックのグリフ 'uni68DA.aalt' に交差がある
INFO:最終チェックのグリフ 'uni5858.aalt' に交差がある
INFO:最終チェックのグリフ 'uni90A3.aalt' に交差がある
INFO:最終チェックのグリフ 'uni7652.jp78' に交差がある
INFO:最終チェックのグリフ 'uni7194.aalt' に交差がある
INFO:最終チェックのグリフ 'uni5ABE.aalt' に交差がある
INFO:最終チェックのグリフ 'uni5E64.jp78' に交差がある
INFO:最終チェックのグリフ 'uni689B.aalt' に交差がある
INFO:最終チェックのグリフ 'uni6E6E.aalt' に交差がある
INFO:最終チェックのグリフ 'uni7504.aalt' に交差がある
INFO:最終チェックのグリフ 'uni750D.aalt' に交差がある
INFO:最終チェックのグリフ 'uni787C.aalt' に交差がある
INFO:最終チェックのグリフ 'uni9F9D.expt' に交差がある
INFO:最終チェックのグリフ 'uni7DAE.aalt' に交差がある
INFO:最終チェックのグリフ 'uni7FD4.aalt' に交差がある
INFO:最終チェックのグリフ 'uni822E.expt' に交差がある
INFO:最終チェックのグリフ 'uni890A.aalt' に交差がある
INFO:最終チェックのグリフ 'uni8DDA.aalt' に交差がある
INFO:最終チェックのグリフ 'uni91C1.aalt' に交差がある
INFO:最終チェックのグリフ 'uni9B97.aalt' に交差がある
INFO:最終チェックのグリフ 'uni9BF2.aalt' に交差がある
INFO:最終チェックのグリフ 'uni9EAA.expt' に交差がある
INFO:最終チェックのグリフ 'uni9F9C.expt' に交差がある
INFO:最終チェックのグリフ 'uni7B08.expt' に交差がある
INFO:最終チェックのグリフ 'uni976D.expt' に交差がある
INFO:最終チェックのグリフ 'uni7962.expt' に交差がある
INFO:最終チェックのグリフ 'uni50CA.expt' に交差がある
INFO:最終チェックのグリフ 'uni6C08.expt' に交差がある
INFO:最終チェックのグリフ 'uni7FE9.aalt' に交差がある
INFO:最終チェックのグリフ 'uni87D2.expt' に交差がある
INFO:最終チェックのグリフ 'uni9EAD.aalt' に交差がある
INFO:最終チェックのグリフ 'glyph11909' に交差がある
INFO:最終チェックのグリフ 'uni7462.aalt' に交差がある
INFO:最終チェックのグリフ 'glyph11921' に交差がある
INFO:最終チェックのグリフ 'uni30F6.hwid' に交差がある
INFO:最終チェックのグリフ 'uni30D9.aalt' に交差がある
INFO:最終チェックのグリフ 'uni30DA.aalt' に交差がある
INFO:最終チェックのグリフ 'uni3044.aalt' に交差がある
INFO:最終チェックのグリフ 'uni304A.aalt' に交差がある
INFO:最終チェックのグリフ 'uni306D.aalt' に交差がある
INFO:最終チェックのグリフ 'uni3078.aalt' に交差がある
INFO:最終チェックのグリフ 'uni3091.aalt' に交差がある
INFO:最終チェックのグリフ 'uni3079.aalt' に交差がある
INFO:最終チェックのグリフ 'uni307A.aalt' に交差がある
INFO:最終チェックのグリフ 'glyph12095' に交差がある
INFO:最終チェックのグリフ 'uni30DE_uni30F3_uni30B7_uni30E7_uni30F3.dlig' に交差がある
INFO:最終チェックのグリフ 'uni30CF_uni30A4_uni30C4.dlig' に交差がある
INFO:最終チェックのグリフ 'glyph12139' に交差がある
INFO:最終チェックのグリフ 'copyright.aalt' に交差がある
INFO:最終チェックのグリフ 'registered.aalt' に交差がある
INFO:最終チェックのグリフ 'uni8CA1_uni56E3_uni6CD5_uni4EBA.dlig' に交差がある
INFO:最終チェックのグリフ 'percent.vert' に交差がある
INFO:最終チェックのグリフ 'ampersand.vert' に交差がある
INFO:最終チェックのグリフ 'comma.vert' に交差がある
INFO:最終チェックのグリフ 'at.vert' に交差がある
INFO:最終チェックのグリフ 'B.vert' に交差がある
INFO:最終チェックのグリフ 'O.vert' に交差がある
INFO:最終チェックのグリフ 'q.vert' に交差がある
INFO:最終チェックのグリフ 'y.vert' に交差がある
INFO:最終チェックのグリフ 'uniFF6F.vert' に交差がある
INFO:最終チェックのグリフ 'uniFF92.vert' に交差がある
