INFO:最終チェックのグリフ 'backslash' に交差がある
INFO:最終チェックのグリフ 'Ohungarumlaut' に交差がある
INFO:最終チェックのグリフ 'Uhungarumlaut' に交差がある
INFO:最終チェックのグリフ 'Wcircumflex' に交差がある
INFO:最終チェックのグリフ 'uni01CE' に交差がある
INFO:最終チェックのグリフ 'uni0291' に交差がある
INFO:最終チェックのグリフ 'Epsilontonos' に交差がある
INFO:最終チェックのグリフ 'Upsilon' に交差がある
INFO:最終チェックのグリフ 'Upsilondieresis' に交差がある
INFO:最終チェックのグリフ 'kappa' に交差がある
INFO:最終チェックのグリフ 'perthousand' に交差がある
INFO:最終チェックのグリフ 'uni2051' に交差がある
INFO:最終チェックのグリフ 'uni216B' に交差がある
INFO:最終チェックのグリフ 'arrowleft' に交差がある
INFO:最終チェックのグリフ 'uni21C4' に交差がある
INFO:最終チェックのグリフ 'circlemultiply' に交差がある
INFO:最終チェックのグリフ 'uni22DA' に交差がある
INFO:最終チェックのグリフ 'uni22DB' に交差がある
INFO:最終チェックのグリフ 'uni246E' に交差がある
INFO:最終チェックのグリフ 'uni2473' に交差がある
INFO:最終チェックのグリフ 'uni2474' に交差がある
INFO:最終チェックのグリフ 'uni2475' に交差がある
INFO:最終チェックのグリフ 'uni2476' に交差がある
INFO:最終チェックのグリフ 'uni2477' に交差がある
INFO:最終チェックのグリフ 'uni2478' に交差がある
INFO:最終チェックのグリフ 'uni2479' に交差がある
INFO:最終チェックのグリフ 'uni247A' に交差がある
INFO:最終チェックのグリフ 'uni247B' に交差がある
INFO:最終チェックのグリフ 'uni247C' に交差がある
INFO:最終チェックのグリフ 'uni247D' に交差がある
INFO:最終チェックのグリフ 'uni247E' に交差がある
INFO:最終チェックのグリフ 'uni247F' に交差がある
INFO:最終チェックのグリフ 'uni2480' に交差がある
INFO:最終チェックのグリフ 'uni2481' に交差がある
INFO:最終チェックのグリフ 'uni2482' に交差がある
INFO:最終チェックのグリフ 'uni2483' に交差がある
INFO:最終チェックのグリフ 'uni2484' に交差がある
INFO:最終チェックのグリフ 'uni2485' に交差がある
INFO:最終チェックのグリフ 'uni2486' に交差がある
INFO:最終チェックのグリフ 'uni2487' に交差がある
INFO:最終チェックのグリフ 'uni249C' に交差がある
INFO:最終チェックのグリフ 'uni249D' に交差がある
INFO:最終チェックのグリフ 'uni249E' に交差がある
INFO:最終チェックのグリフ 'uni249F' に交差がある
INFO:最終チェックのグリフ 'uni24A0' に交差がある
INFO:最終チェックのグリフ 'uni24A1' に交差がある
INFO:最終チェックのグリフ 'uni24A2' に交差がある
INFO:最終チェックのグリフ 'uni24A3' に交差がある
INFO:最終チェックのグリフ 'uni24A4' に交差がある
INFO:最終チェックのグリフ 'uni24A5' に交差がある
INFO:最終チェックのグリフ 'uni24A6' に交差がある
INFO:最終チェックのグリフ 'uni24A7' に交差がある
INFO:最終チェックのグリフ 'uni24A8' に交差がある
INFO:最終チェックのグリフ 'uni24A9' に交差がある
INFO:最終チェックのグリフ 'uni24AA' に交差がある
INFO:最終チェックのグリフ 'uni24AB' に交差がある
INFO:最終チェックのグリフ 'uni24AC' に交差がある
INFO:最終チェックのグリフ 'uni24AD' に交差がある
INFO:最終チェックのグリフ 'uni24AE' に交差がある
INFO:最終チェックのグリフ 'uni24AF' に交差がある
INFO:最終チェックのグリフ 'uni24B0' に交差がある
INFO:最終チェックのグリフ 'uni24B1' に交差がある
INFO:最終チェックのグリフ 'uni24B2' に交差がある
INFO:最終チェックのグリフ 'uni24B3' に交差がある
INFO:最終チェックのグリフ 'uni24B4' に交差がある
INFO:最終チェックのグリフ 'uni24B5' に交差がある
INFO:最終チェックのグリフ 'uni24FE' に交差がある
INFO:最終チェックのグリフ 'uni260E' に交差がある
INFO:最終チェックのグリフ 'uni2713' に交差がある
INFO:最終チェックのグリフ 'uni277F' に交差がある
INFO:最終チェックのグリフ 'uni3043' に交差がある
INFO:最終チェックのグリフ 'uni322A' に交差がある
INFO:最終チェックのグリフ 'uni322B' に交差がある
INFO:最終チェックのグリフ 'uni322C' に交差がある
INFO:最終チェックのグリフ 'uni322D' に交差がある
INFO:最終チェックのグリフ 'uni322E' に交差がある
INFO:最終チェックのグリフ 'uni322F' に交差がある
INFO:最終チェックのグリフ 'uni3230' に交差がある
INFO:最終チェックのグリフ 'uni3233' に交差がある
INFO:最終チェックのグリフ 'uni3234' に交差がある
INFO:最終チェックのグリフ 'uni3235' に交差がある
INFO:最終チェックのグリフ 'uni3236' に交差がある
INFO:最終チェックのグリフ 'uni3237' に交差がある
INFO:最終チェックのグリフ 'uni3238' に交差がある
INFO:最終チェックのグリフ 'uni323A' に交差がある
INFO:最終チェックのグリフ 'uni323B' に交差がある
INFO:最終チェックのグリフ 'uni323C' に交差がある
INFO:最終チェックのグリフ 'uni323D' に交差がある
INFO:最終チェックのグリフ 'uni323E' に交差がある
INFO:最終チェックのグリフ 'uni323F' に交差がある
INFO:最終チェックのグリフ 'uni3240' に交差がある
INFO:最終チェックのグリフ 'uni3241' に交差がある
INFO:最終チェックのグリフ 'uni3242' に交差がある
INFO:最終チェックのグリフ 'uni3243' に交差がある
INFO:最終チェックのグリフ 'uni3254' に交差がある
INFO:最終チェックのグリフ 'uni3255' に交差がある
INFO:最終チェックのグリフ 'uni329E' に交差がある
INFO:最終チェックのグリフ 'uni32AB' に交差がある
INFO:最終チェックのグリフ 'uni32AF' に交差がある
INFO:最終チェックのグリフ 'uni32DB' に交差がある
INFO:最終チェックのグリフ 'uni332B' に交差がある
INFO:最終チェックのグリフ 'uni33A0' に交差がある
INFO:最終チェックのグリフ 'uni33A4' に交差がある
INFO:最終チェックのグリフ 'uni351F' に交差がある
INFO:最終チェックのグリフ 'uni35F4' に交差がある
INFO:最終チェックのグリフ 'uni3605' に交差がある
INFO:最終チェックのグリフ 'uni376B' に交差がある
INFO:最終チェックのグリフ 'uni37E8' に交差がある
INFO:最終チェックのグリフ 'uni3AD7' に交差がある
INFO:最終チェックのグリフ 'uni3C26' に交差がある
INFO:最終チェックのグリフ 'uni3D9A' に交差がある
INFO:最終チェックのグリフ 'uni3FC9' に交差がある
INFO:最終チェックのグリフ 'uni3FD7' に交差がある
INFO:最終チェックのグリフ 'uni4058' に交差がある
INFO:最終チェックのグリフ 'uni4105' に交差がある
INFO:最終チェックのグリフ 'uni414F' に交差がある
INFO:最終チェックのグリフ 'uni41F3' に交差がある
INFO:最終チェックのグリフ 'uni4422' に交差がある
INFO:最終チェックのグリフ 'uni4641' に交差がある
INFO:最終チェックのグリフ 'uni46A1' に交差がある
INFO:最終チェックのグリフ 'uni4764' に交差がある
INFO:最終チェックのグリフ 'uni4BD2' に交差がある
INFO:最終チェックのグリフ 'uni4EAB' に交差がある
INFO:最終チェックのグリフ 'uni4EAE' に交差がある
INFO:最終チェックのグリフ 'uni4EC4' に交差がある
INFO:最終チェックのグリフ 'uni4EC7' に交差がある
INFO:最終チェックのグリフ 'uni4F0E' に交差がある
INFO:最終チェックのグリフ 'uni4F30' に交差がある
INFO:最終チェックのグリフ 'uni4F5B' に交差がある
INFO:最終チェックのグリフ 'uni4F91' に交差がある
INFO:最終チェックのグリフ 'uni4FA0' に交差がある
INFO:最終チェックのグリフ 'uni4FBE' に交差がある
INFO:最終チェックのグリフ 'uni4FDF' に交差がある
INFO:最終チェックのグリフ 'uni4FF3' に交差がある
INFO:最終チェックのグリフ 'uni4FFE' に交差がある
INFO:最終チェックのグリフ 'uni5005' に交差がある
INFO:最終チェックのグリフ 'uni502A' に交差がある
INFO:最終チェックのグリフ 'uni5048' に交差がある
INFO:最終チェックのグリフ 'uni504F' に交差がある
INFO:最終チェックのグリフ 'uni5053' に交差がある
INFO:最終チェックのグリフ 'uni5065' に交差がある
INFO:最終チェックのグリフ 'uni506C' に交差がある
INFO:最終チェックのグリフ 'uni5070' に交差がある
INFO:最終チェックのグリフ 'uni5076' に交差がある
INFO:最終チェックのグリフ 'uni5088' に交差がある
INFO:最終チェックのグリフ 'uni5093' に交差がある
INFO:最終チェックのグリフ 'uni5098' に交差がある
INFO:最終チェックのグリフ 'uni5099' に交差がある
INFO:最終チェックのグリフ 'uni509C' に交差がある
INFO:最終チェックのグリフ 'uni50B1' に交差がある
INFO:最終チェックのグリフ 'uni50B7' に交差がある
INFO:最終チェックのグリフ 'uni50BB' に交差がある
INFO:最終チェックのグリフ 'uni50CC' に交差がある
INFO:最終チェックのグリフ 'uni50D4' に交差がある
INFO:最終チェックのグリフ 'uni50DE' に交差がある
INFO:最終チェックのグリフ 'uni50F4' に交差がある
INFO:最終チェックのグリフ 'uni5106' に交差がある
INFO:最終チェックのグリフ 'uni510B' に交差がある
INFO:最終チェックのグリフ 'uni512A' に交差がある
INFO:最終チェックのグリフ 'uni513A' に交差がある
INFO:最終チェックのグリフ 'uni5146' に交差がある
INFO:最終チェックのグリフ 'uni515C' に交差がある
INFO:最終チェックのグリフ 'uni5175' に交差がある
INFO:最終チェックのグリフ 'uni51A0' に交差がある
INFO:最終チェックのグリフ 'uni51A4' に交差がある
INFO:最終チェックのグリフ 'uni51C4' に交差がある
INFO:最終チェックのグリフ 'uni51C9' に交差がある
INFO:最終チェックのグリフ 'uni51CA' に交差がある
INFO:最終チェックのグリフ 'uni51DC' に交差がある
INFO:最終チェックのグリフ 'uni51EE' に交差がある
INFO:最終チェックのグリフ 'uni51F3' に交差がある
INFO:最終チェックのグリフ 'uni51FD' に交差がある
INFO:最終チェックのグリフ 'uni5237' に交差がある
INFO:最終チェックのグリフ 'uni5238' に交差がある
INFO:最終チェックのグリフ 'uni5254' に交差がある
INFO:最終チェックのグリフ 'uni525D' に交差がある
INFO:最終チェックのグリフ 'uni5261' に交差がある
INFO:最終チェックのグリフ 'uni5264' に交差がある
INFO:最終チェックのグリフ 'uni5265' に交差がある
INFO:最終チェックのグリフ 'uni526A' に交差がある
INFO:最終チェックのグリフ 'uni5287' に交差がある
INFO:最終チェックのグリフ 'uni5288' に交差がある
INFO:最終チェックのグリフ 'uni5289' に交差がある
INFO:最終チェックのグリフ 'uni528D' に交差がある
INFO:最終チェックのグリフ 'uni5294' に交差がある
INFO:最終チェックのグリフ 'uni52C1' に交差がある
INFO:最終チェックのグリフ 'uni52CC' に交差がある
INFO:最終チェックのグリフ 'uni52D6' に交差がある
INFO:最終チェックのグリフ 'uni52DB' に交差がある
INFO:最終チェックのグリフ 'uni52DF' に交差がある
INFO:最終チェックのグリフ 'uni52E2' に交差がある
INFO:最終チェックのグリフ 'uni5301' に交差がある
INFO:最終チェックのグリフ 'uni5308' に交差がある
INFO:最終チェックのグリフ 'uni530A' に交差がある
INFO:最終チェックのグリフ 'uni530B' に交差がある
INFO:最終チェックのグリフ 'uni53B3' に交差がある
INFO:最終チェックのグリフ 'uni53D9' に交差がある
INFO:最終チェックのグリフ 'uni53E2' に交差がある
INFO:最終チェックのグリフ 'uni5455' に交差がある
INFO:最終チェックのグリフ 'uni54AF' に交差がある
INFO:最終チェックのグリフ 'uni54BC' に交差がある
INFO:最終チェックのグリフ 'uni54C6' に交差がある
INFO:最終チェックのグリフ 'uni54E6' に交差がある
INFO:最終チェックのグリフ 'uni54F1' に交差がある
INFO:最終チェックのグリフ 'uni552B' に交差がある
INFO:最終チェックのグリフ 'uni557C' に交差がある
INFO:最終チェックのグリフ 'uni558E' に交差がある
INFO:最終チェックのグリフ 'uni5598' に交差がある
INFO:最終チェックのグリフ 'uni559D' に交差がある
INFO:最終チェックのグリフ 'uni559F' に交差がある
INFO:最終チェックのグリフ 'uni55AD' に交差がある
INFO:最終チェックのグリフ 'uni5653' に交差がある
INFO:最終チェックのグリフ 'uni5664' に交差がある
INFO:最終チェックのグリフ 'uni5680' に交差がある
INFO:最終チェックのグリフ 'uni5688' に交差がある
INFO:最終チェックのグリフ 'uni56A0' に交差がある
INFO:最終チェックのグリフ 'uni56C0' に交差がある
INFO:最終チェックのグリフ 'uni56C1' に交差がある
INFO:最終チェックのグリフ 'uni5730' に交差がある
INFO:最終チェックのグリフ 'uni573B' に交差がある
INFO:最終チェックのグリフ 'uni5740' に交差がある
INFO:最終チェックのグリフ 'uni5773' に交差がある
INFO:最終チェックのグリフ 'uni5775' に交差がある
INFO:最終チェックのグリフ 'uni57D7' に交差がある
INFO:最終チェックのグリフ 'uni57ED' に交差がある
INFO:最終チェックのグリフ 'uni581D' に交差がある
INFO:最終チェックのグリフ 'uni5835' に交差がある
INFO:最終チェックのグリフ 'uni5840' に交差がある
INFO:最終チェックのグリフ 'uni584B' に交差がある
INFO:最終チェックのグリフ 'uni584C' に交差がある
INFO:最終チェックのグリフ 'uni585A' に交差がある
INFO:最終チェックのグリフ 'uni587C' に交差がある
INFO:最終チェックのグリフ 'uni58A9' に交差がある
INFO:最終チェックのグリフ 'uni58B1' に交差がある
INFO:最終チェックのグリフ 'uni58B8' に交差がある
INFO:最終チェックのグリフ 'uni58B9' に交差がある
INFO:最終チェックのグリフ 'uni58C5' に交差がある
INFO:最終チェックのグリフ 'uni58D2' に交差がある
INFO:最終チェックのグリフ 'uni58DA' に交差がある
INFO:最終チェックのグリフ 'uni58E0' に交差がある
INFO:最終チェックのグリフ 'uni58E9' に交差がある
INFO:最終チェックのグリフ 'uni590A' に交差がある
INFO:最終チェックのグリフ 'uni591C' に交差がある
INFO:最終チェックのグリフ 'uni592B' に交差がある
INFO:最終チェックのグリフ 'uni592C' に交差がある
INFO:最終チェックのグリフ 'uni5937' に交差がある
INFO:最終チェックのグリフ 'uni595F' に交差がある
INFO:最終チェックのグリフ 'uni5960' に交差がある
INFO:最終チェックのグリフ 'uni5978' の参照が不正
INFO:最終チェックのグリフ 'uni598A' に交差がある
INFO:最終チェックのグリフ 'uni5993' に交差がある
INFO:最終チェックのグリフ 'uni59A5' に交差がある
INFO:最終チェックのグリフ 'uni59A8' に交差がある
INFO:最終チェックのグリフ 'uni59BC' に交差がある
INFO:最終チェックのグリフ 'uni59C6' の参照が不正
INFO:最終チェックのグリフ 'uni59CD' に交差がある
INFO:最終チェックのグリフ 'uni59D9' に交差がある
INFO:最終チェックのグリフ 'uni59DA' に交差がある
INFO:最終チェックのグリフ 'uni59E7' に交差がある
INFO:最終チェックのグリフ 'uni59E8' に交差がある
INFO:最終チェックのグリフ 'uni59EA' に交差がある
INFO:最終チェックのグリフ 'uni59EE' に交差がある
INFO:最終チェックのグリフ 'uni59F8' に交差がある
INFO:最終チェックのグリフ 'uni59FB' の参照が不正
INFO:最終チェックのグリフ 'uni5A01' に交差がある
INFO:最終チェックのグリフ 'uni5A09' に交差がある
INFO:最終チェックのグリフ 'uni5A0C' に交差がある
INFO:最終チェックのグリフ 'uni5A18' に交差がある
INFO:最終チェックのグリフ 'uni5A1A' に交差がある
INFO:最終チェックのグリフ 'uni5A20' に交差がある
INFO:最終チェックのグリフ 'uni5A25' に交差がある
INFO:最終チェックのグリフ 'uni5A29' に交差がある
INFO:最終チェックのグリフ 'uni5A3C' の参照が不正
INFO:最終チェックのグリフ 'uni5A5A' に交差がある
INFO:最終チェックのグリフ 'uni5A62' に交差がある
INFO:最終チェックのグリフ 'uni5A66' に交差がある
INFO:最終チェックのグリフ 'uni5A7F' に交差がある
INFO:最終チェックのグリフ 'uni5A92' に交差がある
INFO:最終チェックのグリフ 'uni5A9B' に交差がある
INFO:最終チェックのグリフ 'uni5A9C' に交差がある
INFO:最終チェックのグリフ 'uni5AA7' に交差がある
INFO:最終チェックのグリフ 'uni5AB1' に交差がある
INFO:最終チェックのグリフ 'uni5ABC' の参照が不正
INFO:最終チェックのグリフ 'uni5ABD' に交差がある
INFO:最終チェックのグリフ 'uni5ABF' に交差がある
INFO:最終チェックのグリフ 'uni5AC1' に交差がある
INFO:最終チェックのグリフ 'uni5ACB' に交差がある
INFO:最終チェックのグリフ 'uni5AD7' に交差がある
INFO:最終チェックのグリフ 'uni5AE1' に交差がある
INFO:最終チェックのグリフ 'uni5AE9' に交差がある
INFO:最終チェックのグリフ 'uni5AF0' に交差がある
INFO:最終チェックのグリフ 'uni5B08' に交差がある
INFO:最終チェックのグリフ 'uni5B22' に交差がある
INFO:最終チェックのグリフ 'uni5B2A' の参照が不正
INFO:最終チェックのグリフ 'uni5B32' に交差がある
INFO:最終チェックのグリフ 'uni5B36' に交差がある
INFO:最終チェックのグリフ 'uni5B43' に交差がある
INFO:最終チェックのグリフ 'uni5B45' に交差がある
INFO:最終チェックのグリフ 'uni5B58' に交差がある
INFO:最終チェックのグリフ 'uni5B64' に交差がある
INFO:最終チェックのグリフ 'uni5B95' に交差がある
INFO:最終チェックのグリフ 'uni5BB6' に交差がある
INFO:最終チェックのグリフ 'uni5BDF' に交差がある
INFO:最終チェックのグリフ 'uni5BE9' に交差がある
INFO:最終チェックのグリフ 'uni5C3C' に交差がある
INFO:最終チェックのグリフ 'uni5C69' に交差がある
INFO:最終チェックのグリフ 'uni5CAA' に交差がある
INFO:最終チェックのグリフ 'uni5CE8' に交差がある
INFO:最終チェックのグリフ 'uni5D19' に交差がある
INFO:最終チェックのグリフ 'uni5D39' に交差がある
INFO:最終チェックのグリフ 'uni5D47' に交差がある
INFO:最終チェックのグリフ 'uni5D50' に交差がある
INFO:最終チェックのグリフ 'uni5D6D' に交差がある
INFO:最終チェックのグリフ 'uni5D8B' に交差がある
INFO:最終チェックのグリフ 'uni5DD6' に交差がある
INFO:最終チェックのグリフ 'uni5DD8' に交差がある
INFO:最終チェックのグリフ 'uni5E06' に交差がある
INFO:最終チェックのグリフ 'uni5E57' に交差がある
INFO:最終チェックのグリフ 'uni5E58' に交差がある
INFO:最終チェックのグリフ 'uni5E7A' に交差がある
INFO:最終チェックのグリフ 'uni5E7C' に交差がある
INFO:最終チェックのグリフ 'uni5EAC' に交差がある
INFO:最終チェックのグリフ 'uni5EDF' に交差がある
INFO:最終チェックのグリフ 'uni5EE2' に交差がある
INFO:最終チェックのグリフ 'uni5EEC' に交差がある
INFO:最終チェックのグリフ 'uni5F10' に交差がある
INFO:最終チェックのグリフ 'uni5F3E' に交差がある
INFO:最終チェックのグリフ 'uni5F41' に交差がある
INFO:最終チェックのグリフ 'uni5F45' に交差がある
INFO:最終チェックのグリフ 'uni5F4C' に交差がある
INFO:最終チェックのグリフ 'uni5F4E' に交差がある
INFO:最終チェックのグリフ 'uni5F5C' に交差がある
INFO:最終チェックのグリフ 'uni5F5D' に交差がある
INFO:最終チェックのグリフ 'uni5F6A' に交差がある
INFO:最終チェックのグリフ 'uni5F8B' に交差がある
INFO:最終チェックのグリフ 'uni5F91' に交差がある
INFO:最終チェックのグリフ 'uni5F97' に交差がある
INFO:最終チェックのグリフ 'uni5F98' に交差がある
INFO:最終チェックのグリフ 'uni5F99' に交差がある
INFO:最終チェックのグリフ 'uni5FB9' に交差がある
INFO:最終チェックのグリフ 'uni5FBC' に交差がある
INFO:最終チェックのグリフ 'uni5FC7' に交差がある
INFO:最終チェックのグリフ 'uni5FCC' に交差がある
INFO:最終チェックのグリフ 'uni5FD2' に交差がある
INFO:最終チェックのグリフ 'uni5FDD' に交差がある
INFO:最終チェックのグリフ 'uni5FE1' に交差がある
INFO:最終チェックのグリフ 'uni5FE2' に交差がある
INFO:最終チェックのグリフ 'uni5FE9' に交差がある
INFO:最終チェックのグリフ 'uni5FEE' に交差がある
INFO:最終チェックのグリフ 'uni5FEF' に交差がある
INFO:最終チェックのグリフ 'uni5FF5' に交差がある
INFO:最終チェックのグリフ 'uni600D' に交差がある
INFO:最終チェックのグリフ 'uni600E' に交差がある
INFO:最終チェックのグリフ 'uni6012' に交差がある
INFO:最終チェックのグリフ 'uni6017' に交差がある
INFO:最終チェックのグリフ 'uni601D' に交差がある
INFO:最終チェックのグリフ 'uni6024' に交差がある
INFO:最終チェックのグリフ 'uni6033' に交差がある
INFO:最終チェックのグリフ 'uni604B' に交差がある
INFO:最終チェックのグリフ 'uni6055' に交差がある
INFO:最終チェックのグリフ 'uni605F' に交差がある
INFO:最終チェックのグリフ 'uni6062' に交差がある
INFO:最終チェックのグリフ 'uni6089' に交差がある
INFO:最終チェックのグリフ 'uni608A' に交差がある
INFO:最終チェックのグリフ 'uni60AA' に交差がある
INFO:最終チェックのグリフ 'uni60C7' に交差がある
INFO:最終チェックのグリフ 'uni60D9' に交差がある
INFO:最終チェックのグリフ 'uni60E0' に交差がある
INFO:最終チェックのグリフ 'uni6112' に交差がある
INFO:最終チェックのグリフ 'uni6115' に交差がある
INFO:最終チェックのグリフ 'uni6119' に交差がある
INFO:最終チェックのグリフ 'uni611B' に交差がある
INFO:最終チェックのグリフ 'uni611F' に交差がある
INFO:最終チェックのグリフ 'uni6128' に交差がある
INFO:最終チェックのグリフ 'uni612B' に交差がある
INFO:最終チェックのグリフ 'uni613E' に交差がある
INFO:最終チェックのグリフ 'uni6142' に交差がある
INFO:最終チェックのグリフ 'uni6144' に交差がある
INFO:最終チェックのグリフ 'uni614B' に交差がある
INFO:最終チェックのグリフ 'uni614C' に交差がある
INFO:最終チェックのグリフ 'uni6159' に交差がある
INFO:最終チェックのグリフ 'uni615F' に交差がある
INFO:最終チェックのグリフ 'uni6191' に交差がある
INFO:最終チェックのグリフ 'uni61A5' に交差がある
INFO:最終チェックのグリフ 'uni61A9' に交差がある
INFO:最終チェックのグリフ 'uni61AD' に交差がある
INFO:最終チェックのグリフ 'uni61F2' に交差がある
INFO:最終チェックのグリフ 'uni61FF' に交差がある
INFO:最終チェックのグリフ 'uni6210' に交差がある
INFO:最終チェックのグリフ 'uni6215' に交差がある
INFO:最終チェックのグリフ 'uni6264' に交差がある
INFO:最終チェックのグリフ 'uni6296' に交差がある
INFO:最終チェックのグリフ 'uni6299' に交差がある
INFO:最終チェックのグリフ 'uni62AB' に交差がある
INFO:最終チェックのグリフ 'uni62CF' に交差がある
INFO:最終チェックのグリフ 'uni62F3' に交差がある
INFO:最終チェックのグリフ 'uni62F5' に交差がある
INFO:最終チェックのグリフ 'uni6332' に交差がある
INFO:最終チェックのグリフ 'uni6384' に交差がある
INFO:最終チェックのグリフ 'uni6396' に交差がある
INFO:最終チェックのグリフ 'uni63A0' に交差がある
INFO:最終チェックのグリフ 'uni63B2' に交差がある
INFO:最終チェックのグリフ 'uni63DA' に交差がある
INFO:最終チェックのグリフ 'uni63E0' に交差がある
INFO:最終チェックのグリフ 'uni63E5' に交差がある
INFO:最終チェックのグリフ 'uni63E9' に交差がある
INFO:最終チェックのグリフ 'uni6406' に交差がある
INFO:最終チェックのグリフ 'uni640F' に交差がある
INFO:最終チェックのグリフ 'uni6425' に交差がある
INFO:最終チェックのグリフ 'uni6426' に交差がある
INFO:最終チェックのグリフ 'uni6428' に交差がある
INFO:最終チェックのグリフ 'uni6458' に交差がある
INFO:最終チェックのグリフ 'uni645B' に交差がある
INFO:最終チェックのグリフ 'uni6460' に交差がある
INFO:最終チェックのグリフ 'uni6467' に交差がある
INFO:最終チェックのグリフ 'uni6487' に交差がある
INFO:最終チェックのグリフ 'uni6492' に交差がある
INFO:最終チェックのグリフ 'uni649A' に交差がある
INFO:最終チェックのグリフ 'uni649D' に交差がある
INFO:最終チェックのグリフ 'uni64A4' に交差がある
INFO:最終チェックのグリフ 'uni64A5' に交差がある
INFO:最終チェックのグリフ 'uni64D2' に交差がある
INFO:最終チェックのグリフ 'uni64D8' に交差がある
INFO:最終チェックのグリフ 'uni64E1' に交差がある
INFO:最終チェックのグリフ 'uni64EF' に交差がある
INFO:最終チェックのグリフ 'uni64F1' に交差がある
INFO:最終チェックのグリフ 'uni64FD' に交差がある
INFO:最終チェックのグリフ 'uni650F' に交差がある
INFO:最終チェックのグリフ 'uni651C' に交差がある
INFO:最終チェックのグリフ 'uni6522' に交差がある
INFO:最終チェックのグリフ 'uni6523' に交差がある
INFO:最終チェックのグリフ 'uni6536' に交差がある
INFO:最終チェックのグリフ 'uni654D' に交差がある
INFO:最終チェックのグリフ 'uni654F' に交差がある
INFO:最終チェックのグリフ 'uni6570' に交差がある
INFO:最終チェックのグリフ 'uni6583' に交差がある
INFO:最終チェックのグリフ 'uni6585' に交差がある
INFO:最終チェックのグリフ 'uni6588' に交差がある
INFO:最終チェックのグリフ 'uni6589' に交差がある
INFO:最終チェックのグリフ 'uni658E' に交差がある
INFO:最終チェックのグリフ 'uni6591' に交差がある
INFO:最終チェックのグリフ 'uni6599' に交差がある
INFO:最終チェックのグリフ 'uni65A7' に交差がある
INFO:最終チェックのグリフ 'uni65B7' に交差がある
INFO:最終チェックのグリフ 'uni65BC' に交差がある
INFO:最終チェックのグリフ 'uni65CC' に交差がある
INFO:最終チェックのグリフ 'uni65D9' に交差がある
INFO:最終チェックのグリフ 'uni65ED' に交差がある
INFO:最終チェックのグリフ 'uni661C' に交差がある
INFO:最終チェックのグリフ 'uni6628' に交差がある
INFO:最終チェックのグリフ 'uni6661' に交差がある
INFO:最終チェックのグリフ 'uni66B4' に交差がある
INFO:最終チェックのグリフ 'uni66B8' に交差がある
INFO:最終チェックのグリフ 'uni66D6' に交差がある
INFO:最終チェックのグリフ 'uni66E0' に交差がある
INFO:最終チェックのグリフ 'uni66E6' に交差がある
INFO:最終チェックのグリフ 'uni66F3' に交差がある
INFO:最終チェックのグリフ 'uni66FB' に交差がある
INFO:最終チェックのグリフ 'uni671F' に交差がある
INFO:最終チェックのグリフ 'uni6726' に交差がある
INFO:最終チェックのグリフ 'uni6731' に交差がある
INFO:最終チェックのグリフ 'uni673D' に交差がある
INFO:最終チェックのグリフ 'uni6761' に交差がある
INFO:最終チェックのグリフ 'uni6764' に交差がある
INFO:最終チェックのグリフ 'uni6766' に交差がある
INFO:最終チェックのグリフ 'uni676F' に交差がある
INFO:最終チェックのグリフ 'uni678B' に交差がある
INFO:最終チェックのグリフ 'uni6793' に交差がある
INFO:最終チェックのグリフ 'uni67D2' に交差がある
INFO:最終チェックのグリフ 'uni67DD' に交差がある
INFO:最終チェックのグリフ 'uni67E9' に交差がある
INFO:最終チェックのグリフ 'uni67F3' に交差がある
INFO:最終チェックのグリフ 'uni6805' に交差がある
INFO:最終チェックのグリフ 'uni6810' に交差がある
INFO:最終チェックのグリフ 'uni6821' に交差がある
INFO:最終チェックのグリフ 'uni683B' に交差がある
INFO:最終チェックのグリフ 'uni6842' に交差がある
INFO:最終チェックのグリフ 'uni6853' に交差がある
INFO:最終チェックのグリフ 'uni6863' に交差がある
INFO:最終チェックのグリフ 'uni686E' に交差がある
INFO:最終チェックのグリフ 'uni6881' に交差がある
INFO:最終チェックのグリフ 'uni688E' に交差がある
INFO:最終チェックのグリフ 'uni6894' に交差がある
INFO:最終チェックのグリフ 'uni689B' に交差がある
INFO:最終チェックのグリフ 'uni68A0' に交差がある
INFO:最終チェックのグリフ 'uni68A2' に交差がある
INFO:最終チェックのグリフ 'uni68A6' に交差がある
INFO:最終チェックのグリフ 'uni68AF' に交差がある
INFO:最終チェックのグリフ 'uni68B1' に交差がある
INFO:最終チェックのグリフ 'uni68BB' に交差がある
INFO:最終チェックのグリフ 'uni68BC' に交差がある
INFO:最終チェックのグリフ 'uni68C9' に交差がある
INFO:最終チェックのグリフ 'uni68E1' に交差がある
INFO:最終チェックのグリフ 'uni6900' に交差がある
INFO:最終チェックのグリフ 'uni6901' に交差がある
INFO:最終チェックのグリフ 'uni6903' に交差がある
INFO:最終チェックのグリフ 'uni6905' に交差がある
INFO:最終チェックのグリフ 'uni690A' に交差がある
INFO:最終チェックのグリフ 'uni690D' に交差がある
INFO:最終チェックのグリフ 'uni690F' に交差がある
INFO:最終チェックのグリフ 'uni691A' に交差がある
INFO:最終チェックのグリフ 'uni6921' に交差がある
INFO:最終チェックのグリフ 'uni6923' に交差がある
INFO:最終チェックのグリフ 'uni6925' に交差がある
INFO:最終チェックのグリフ 'uni6926' に交差がある
INFO:最終チェックのグリフ 'uni6928' に交差がある
INFO:最終チェックのグリフ 'uni6936' に交差がある
INFO:最終チェックのグリフ 'uni6954' に交差がある
INFO:最終チェックのグリフ 'uni6955' に交差がある
INFO:最終チェックのグリフ 'uni6961' に交差がある
INFO:最終チェックのグリフ 'uni696C' に交差がある
INFO:最終チェックのグリフ 'uni6974' に交差がある
INFO:最終チェックのグリフ 'uni6978' に交差がある
INFO:最終チェックのグリフ 'uni697A' に交差がある
INFO:最終チェックのグリフ 'uni6994' に交差がある
INFO:最終チェックのグリフ 'uni6996' に交差がある
INFO:最終チェックのグリフ 'uni69AE' に交差がある
INFO:最終チェックのグリフ 'uni69BA' に交差がある
INFO:最終チェックのグリフ 'uni69BE' に交差がある
INFO:最終チェックのグリフ 'uni69BF' に交差がある
INFO:最終チェックのグリフ 'uni69C1' に交差がある
INFO:最終チェックのグリフ 'uni69CC' に交差がある
INFO:最終チェックのグリフ 'uni69CF' に交差がある
INFO:最終チェックのグリフ 'uni69D1' に交差がある
INFO:最終チェックのグリフ 'uni69D8' に交差がある
INFO:最終チェックのグリフ 'uni69E3' に交差がある
INFO:最終チェックのグリフ 'uni69FB' に交差がある
INFO:最終チェックのグリフ 'uni6A0A' に交差がある
INFO:最終チェックのグリフ 'uni6A0C' に交差がある
INFO:最終チェックのグリフ 'uni6A17' に交差がある
INFO:最終チェックのグリフ 'uni6A1A' に交差がある
INFO:最終チェックのグリフ 'uni6A1B' に交差がある
INFO:最終チェックのグリフ 'uni6A1D' に交差がある
INFO:最終チェックのグリフ 'uni6A22' に交差がある
INFO:最終チェックのグリフ 'uni6A32' に交差がある
INFO:最終チェックのグリフ 'uni6A3B' に交差がある
INFO:最終チェックのグリフ 'uni6A4B' に交差がある
INFO:最終チェックのグリフ 'uni6A5B' に交差がある
INFO:最終チェックのグリフ 'uni6A61' に交差がある
INFO:最終チェックのグリフ 'uni6A62' に交差がある
INFO:最終チェックのグリフ 'uni6A6B' に交差がある
INFO:最終チェックのグリフ 'uni6A72' に交差がある
INFO:最終チェックのグリフ 'uni6A78' に交差がある
INFO:最終チェックのグリフ 'uni6A7A' に交差がある
INFO:最終チェックのグリフ 'uni6A8B' に交差がある
INFO:最終チェックのグリフ 'uni6A9E' に交差がある
INFO:最終チェックのグリフ 'uni6AA0' に交差がある
INFO:最終チェックのグリフ 'uni6AAC' に交差がある
INFO:最終チェックのグリフ 'uni6AB3' に交差がある
INFO:最終チェックのグリフ 'uni6ABB' に交差がある
INFO:最終チェックのグリフ 'uni6AC3' に交差がある
INFO:最終チェックのグリフ 'uni6ADA' に交差がある
INFO:最終チェックのグリフ 'uni6ADB' に交差がある
INFO:最終チェックのグリフ 'uni6AE4' に交差がある
INFO:最終チェックのグリフ 'uni6AE8' に交差がある
INFO:最終チェックのグリフ 'uni6AEA' に交差がある
INFO:最終チェックのグリフ 'uni6AF1' に交差がある
INFO:最終チェックのグリフ 'uni6AF2' に交差がある
INFO:最終チェックのグリフ 'uni6AF3' に交差がある
INFO:最終チェックのグリフ 'uni6AFA' に交差がある
INFO:最終チェックのグリフ 'uni6AFD' に交差がある
INFO:最終チェックのグリフ 'uni6B05' に交差がある
INFO:最終チェックのグリフ 'uni6B10' に交差がある
INFO:最終チェックのグリフ 'uni6B12' に交差がある
INFO:最終チェックのグリフ 'uni6B1D' に交差がある
INFO:最終チェックのグリフ 'uni6B1E' に交差がある
INFO:最終チェックのグリフ 'uni6B37' に交差がある
INFO:最終チェックのグリフ 'uni6B38' に交差がある
INFO:最終チェックのグリフ 'uni6B58' に交差がある
INFO:最終チェックのグリフ 'uni6B5F' に交差がある
INFO:最終チェックのグリフ 'uni6B60' に交差がある
INFO:最終チェックのグリフ 'uni6B6C' に交差がある
INFO:最終チェックのグリフ 'uni6B6F' に交差がある
INFO:最終チェックのグリフ 'uni6B81' に交差がある
INFO:最終チェックのグリフ 'uni6B82' に交差がある
INFO:最終チェックのグリフ 'uni6B96' に交差がある
INFO:最終チェックのグリフ 'uni6B9B' に交差がある
INFO:最終チェックのグリフ 'uni6B9E' に交差がある
INFO:最終チェックのグリフ 'uni6BA4' に交差がある
INFO:最終チェックのグリフ 'uni6BA9' に交差がある
INFO:最終チェックのグリフ 'uni6BAD' に交差がある
INFO:最終チェックのグリフ 'uni6BAE' に交差がある
INFO:最終チェックのグリフ 'uni6BBD' に交差がある
INFO:最終チェックのグリフ 'uni6BC5' に交差がある
INFO:最終チェックのグリフ 'uni6BCD' に交差がある
INFO:最終チェックのグリフ 'uni6BD6' に交差がある
INFO:最終チェックのグリフ 'uni6BE7' に交差がある
INFO:最終チェックのグリフ 'uni6C14' に交差がある
INFO:最終チェックのグリフ 'uni6C33' に交差がある
INFO:最終チェックのグリフ 'uni6C59' に交差がある
INFO:最終チェックのグリフ 'uni6C5B' に交差がある
INFO:最終チェックのグリフ 'uni6C6F' に交差がある
INFO:最終チェックのグリフ 'uni6C70' に交差がある
INFO:最終チェックのグリフ 'uni6C73' に交差がある
INFO:最終チェックのグリフ 'uni6C7E' に交差がある
INFO:最終チェックのグリフ 'uni6C83' に交差がある
INFO:最終チェックのグリフ 'uni6C86' に交差がある
INFO:最終チェックのグリフ 'uni6C8D' に交差がある
INFO:最終チェックのグリフ 'uni6C94' に交差がある
INFO:最終チェックのグリフ 'uni6CAB' に交差がある
INFO:最終チェックのグリフ 'uni6CB9' に交差がある
INFO:最終チェックのグリフ 'uni6CBA' に交差がある
INFO:最終チェックのグリフ 'uni6CBD' に交差がある
INFO:最終チェックのグリフ 'uni6CCA' に交差がある
INFO:最終チェックのグリフ 'uni6CCC' に交差がある
INFO:最終チェックのグリフ 'uni6CD3' に交差がある
INFO:最終チェックのグリフ 'uni6CD5' に交差がある
INFO:最終チェックのグリフ 'uni6CDD' に交差がある
INFO:最終チェックのグリフ 'uni6CE0' に交差がある
INFO:最終チェックのグリフ 'uni6CE1' に交差がある
INFO:最終チェックのグリフ 'uni6CE8' に交差がある
INFO:最終チェックのグリフ 'uni6CEA' に交差がある
INFO:最終チェックのグリフ 'uni6D0A' に交差がある
INFO:最終チェックのグリフ 'uni6D66' に交差がある
INFO:最終チェックのグリフ 'uni6D93' に交差がある
INFO:最終チェックのグリフ 'uni6D95' に交差がある
INFO:最終チェックのグリフ 'uni6DB4' に交差がある
INFO:最終チェックのグリフ 'uni6DC2' に交差がある
INFO:最終チェックのグリフ 'uni6DC6' に交差がある
INFO:最終チェックのグリフ 'uni6DCB' に交差がある
INFO:最終チェックのグリフ 'uni6DCF' に交差がある
INFO:最終チェックのグリフ 'uni6DD1' に交差がある
INFO:最終チェックのグリフ 'uni6DDE' に交差がある
INFO:最終チェックのグリフ 'uni6DE1' に交差がある
INFO:最終チェックのグリフ 'uni6DE8' に交差がある
INFO:最終チェックのグリフ 'uni6DEA' に交差がある
INFO:最終チェックのグリフ 'uni6DEE' に交差がある
INFO:最終チェックのグリフ 'uni6DFC' に交差がある
INFO:最終チェックのグリフ 'uni6E07' に交差がある
INFO:最終チェックのグリフ 'uni6E20' に交差がある
INFO:最終チェックのグリフ 'uni6E22' に交差がある
INFO:最終チェックのグリフ 'uni6E26' に交差がある
INFO:最終チェックのグリフ 'uni6E34' に交差がある
INFO:最終チェックのグリフ 'uni6E4D' に交差がある
INFO:最終チェックのグリフ 'uni6E67' に交差がある
INFO:最終チェックのグリフ 'uni6E7E' に交差がある
INFO:最終チェックのグリフ 'uni6EA5' に交差がある
INFO:最終チェックのグリフ 'uni6EAB' に交差がある
INFO:最終チェックのグリフ 'uni6EB2' に交差がある
INFO:最終チェックのグリフ 'uni6EB7' に交差がある
INFO:最終チェックのグリフ 'uni6EBA' に交差がある
INFO:最終チェックのグリフ 'uni6EC3' に交差がある
INFO:最終チェックのグリフ 'uni6EC9' に交差がある
INFO:最終チェックのグリフ 'uni6ECA' に交差がある
INFO:最終チェックのグリフ 'uni6ED5' に交差がある
INFO:最終チェックのグリフ 'uni6EF4' に交差がある
INFO:最終チェックのグリフ 'uni6EFF' に交差がある
INFO:最終チェックのグリフ 'uni6F1A' に交差がある
INFO:最終チェックのグリフ 'uni6F2A' に交差がある
INFO:最終チェックのグリフ 'uni6F41' に交差がある
INFO:最終チェックのグリフ 'uni6F45' に交差がある
INFO:最終チェックのグリフ 'uni6F52' に交差がある
INFO:最終チェックのグリフ 'uni6F5B' に交差がある
INFO:最終チェックのグリフ 'uni6F62' に交差がある
INFO:最終チェックのグリフ 'uni6F68' に交差がある
INFO:最終チェックのグリフ 'uni6F78' に交差がある
INFO:最終チェックのグリフ 'uni6F80' に交差がある
INFO:最終チェックのグリフ 'uni6F86' に交差がある
INFO:最終チェックのグリフ 'uni6F91' に交差がある
INFO:最終チェックのグリフ 'uni6F96' に交差がある
INFO:最終チェックのグリフ 'uni6F97' に交差がある
INFO:最終チェックのグリフ 'uni6FA4' に交差がある
INFO:最終チェックのグリフ 'uni6FA5' に交差がある
INFO:最終チェックのグリフ 'uni6FAA' に交差がある
INFO:最終チェックのグリフ 'uni6FC6' に交差がある
INFO:最終チェックのグリフ 'uni6FE0' に交差がある
INFO:最終チェックのグリフ 'uni6FEC' に交差がある
INFO:最終チェックのグリフ 'uni6FEE' に交差がある
INFO:最終チェックのグリフ 'uni6FF9' に交差がある
INFO:最終チェックのグリフ 'uni7000' に交差がある
INFO:最終チェックのグリフ 'uni7006' に交差がある
INFO:最終チェックのグリフ 'uni7009' に交差がある
INFO:最終チェックのグリフ 'uni700A' に交差がある
INFO:最終チェックのグリフ 'uni700F' に交差がある
INFO:最終チェックのグリフ 'uni7018' に交差がある
INFO:最終チェックのグリフ 'uni701A' に交差がある
INFO:最終チェックのグリフ 'uni701D' に交差がある
INFO:最終チェックのグリフ 'uni701E' に交差がある
INFO:最終チェックのグリフ 'uni7026' に交差がある
INFO:最終チェックのグリフ 'uni7027' に交差がある
INFO:最終チェックのグリフ 'uni702C' に交差がある
INFO:最終チェックのグリフ 'uni703A' に交差がある
INFO:最終チェックのグリフ 'uni7047' に交差がある
INFO:最終チェックのグリフ 'uni704A' に交差がある
INFO:最終チェックのグリフ 'uni704B' に交差がある
INFO:最終チェックのグリフ 'uni705E' に交差がある
INFO:最終チェックのグリフ 'uni7063' に交差がある
INFO:最終チェックのグリフ 'uni7085' に交差がある
INFO:最終チェックのグリフ 'uni708A' に交差がある
INFO:最終チェックのグリフ 'uni7099' に交差がある
INFO:最終チェックのグリフ 'uni70AB' に交差がある
INFO:最終チェックのグリフ 'uni70CF' に交差がある
INFO:最終チェックのグリフ 'uni7103' に交差がある
INFO:最終チェックのグリフ 'uni7114' に交差がある
INFO:最終チェックのグリフ 'uni711C' に交差がある
INFO:最終チェックのグリフ 'uni712B' に交差がある
INFO:最終チェックのグリフ 'uni7136' に交差がある
INFO:最終チェックのグリフ 'uni7166' に交差がある
INFO:最終チェックのグリフ 'uni7169' に交差がある
INFO:最終チェックのグリフ 'uni717D' に交差がある
INFO:最終チェックのグリフ 'uni7184' に交差がある
INFO:最終チェックのグリフ 'uni71D3' に交差がある
INFO:最終チェックのグリフ 'uni71DF' に交差がある
INFO:最終チェックのグリフ 'uni71E7' に交差がある
INFO:最終チェックのグリフ 'uni71FF' に交差がある
INFO:最終チェックのグリフ 'uni7207' に交差がある
INFO:最終チェックのグリフ 'uni7210' に交差がある
INFO:最終チェックのグリフ 'uni7274' に交差がある
INFO:最終チェックのグリフ 'uni72A2' に交差がある
INFO:最終チェックのグリフ 'uni72A7' に交差がある
INFO:最終チェックのグリフ 'uni72AD' に交差がある
INFO:最終チェックのグリフ 'uni731B' に交差がある
INFO:最終チェックのグリフ 'uni7324' に交差がある
INFO:最終チェックのグリフ 'uni7327' に交差がある
INFO:最終チェックのグリフ 'uni734F' に交差がある
INFO:最終チェックのグリフ 'uni736C' に交差がある
INFO:最終チェックのグリフ 'uni7372' に交差がある
INFO:最終チェックのグリフ 'uni7377' に交差がある
INFO:最終チェックのグリフ 'uni7387' に交差がある
INFO:最終チェックのグリフ 'uni73B3' に交差がある
INFO:最終チェックのグリフ 'uni73BC' に交差がある
INFO:最終チェックのグリフ 'uni73CE' に交差がある
INFO:最終チェックのグリフ 'uni73D6' に交差がある
INFO:最終チェックのグリフ 'uni73D9' に交差がある
INFO:最終チェックのグリフ 'uni73DE' に交差がある
INFO:最終チェックのグリフ 'uni73ED' に交差がある
INFO:最終チェックのグリフ 'uni73FA' に交差がある
INFO:最終チェックのグリフ 'uni7425' に交差がある
INFO:最終チェックのグリフ 'uni7430' に交差がある
INFO:最終チェックのグリフ 'uni7443' に交差がある
INFO:最終チェックのグリフ 'uni744B' に交差がある
INFO:最終チェックのグリフ 'uni7452' に交差がある
INFO:最終チェックのグリフ 'uni745E' に交差がある
INFO:最終チェックのグリフ 'uni7497' に交差がある
INFO:最終チェックのグリフ 'uni749F' に交差がある
INFO:最終チェックのグリフ 'uni74A1' に交差がある
INFO:最終チェックのグリフ 'uni74A6' に交差がある
INFO:最終チェックのグリフ 'uni74A7' に交差がある
INFO:最終チェックのグリフ 'uni74BB' に交差がある
INFO:最終チェックのグリフ 'uni74BD' に交差がある
INFO:最終チェックのグリフ 'uni74CF' に交差がある
INFO:最終チェックのグリフ 'uni74E7' に交差がある
INFO:最終チェックのグリフ 'uni74E9' に交差がある
INFO:最終チェックのグリフ 'uni74F0' に交差がある
INFO:最終チェックのグリフ 'uni74F6' に交差がある
INFO:最終チェックのグリフ 'uni7511' に交差がある
INFO:最終チェックのグリフ 'uni7515' に交差がある
INFO:最終チェックのグリフ 'uni7517' に交差がある
INFO:最終チェックのグリフ 'uni7524' に交差がある
INFO:最終チェックのグリフ 'uni7526' に交差がある
INFO:最終チェックのグリフ 'uni752F' に交差がある
INFO:最終チェックのグリフ 'uni7559' に交差がある
INFO:最終チェックのグリフ 'uni7581' に交差がある
INFO:最終チェックのグリフ 'uni758A' に交差がある
INFO:最終チェックのグリフ 'uni75AB' に交差がある
INFO:最終チェックのグリフ 'uni75CD' に交差がある
INFO:最終チェックのグリフ 'uni75CE' に交差がある
INFO:最終チェックのグリフ 'uni75CF' に交差がある
INFO:最終チェックのグリフ 'uni75D3' に交差がある
INFO:最終チェックのグリフ 'uni75DE' に交差がある
INFO:最終チェックのグリフ 'uni75DF' に交差がある
INFO:最終チェックのグリフ 'uni75E0' に交差がある
INFO:最終チェックのグリフ 'uni75E3' に交差がある
INFO:最終チェックのグリフ 'uni75E4' に交差がある
INFO:最終チェックのグリフ 'uni75EC' に交差がある
INFO:最終チェックのグリフ 'uni75F0' に交差がある
INFO:最終チェックのグリフ 'uni7603' に交差がある
INFO:最終チェックのグリフ 'uni760B' に交差がある
INFO:最終チェックのグリフ 'uni760F' に交差がある
INFO:最終チェックのグリフ 'uni7616' に交差がある
INFO:最終チェックのグリフ 'uni761E' に交差がある
INFO:最終チェックのグリフ 'uni7621' に交差がある
INFO:最終チェックのグリフ 'uni7627' に交差がある
INFO:最終チェックのグリフ 'uni7630' に交差がある
INFO:最終チェックのグリフ 'uni7635' に交差がある
INFO:最終チェックのグリフ 'uni7643' に交差がある
INFO:最終チェックのグリフ 'uni7646' に交差がある
INFO:最終チェックのグリフ 'uni7647' に交差がある
INFO:最終チェックのグリフ 'uni764B' に交差がある
INFO:最終チェックのグリフ 'uni7665' に交差がある
INFO:最終チェックのグリフ 'uni7667' に交差がある
INFO:最終チェックのグリフ 'uni766F' に交差がある
INFO:最終チェックのグリフ 'uni7672' に交差がある
INFO:最終チェックのグリフ 'uni76B9' に交差がある
INFO:最終チェックのグリフ 'uni76BA' に交差がある
INFO:最終チェックのグリフ 'uni76DE' に交差がある
INFO:最終チェックのグリフ 'uni76E4' に交差がある
INFO:最終チェックのグリフ 'uni76E7' に交差がある
INFO:最終チェックのグリフ 'uni771A' に交差がある
INFO:最終チェックのグリフ 'uni7726' に交差がある
INFO:最終チェックのグリフ 'uni77AD' に交差がある
INFO:最終チェックのグリフ 'uni77B9' に交差がある
INFO:最終チェックのグリフ 'uni77E3' に交差がある
INFO:最終チェックのグリフ 'uni77EA' に交差がある
INFO:最終チェックのグリフ 'uni7874' に交差がある
INFO:最終チェックのグリフ 'uni788C' に交差がある
INFO:最終チェックのグリフ 'uni788D' に交差がある
INFO:最終チェックのグリフ 'uni7894' に交差がある
INFO:最終チェックのグリフ 'uni78A3' に交差がある
INFO:最終チェックのグリフ 'uni78AD' に交差がある
INFO:最終チェックのグリフ 'uni78C8' に交差がある
INFO:最終チェックのグリフ 'uni78EF' に交差がある
INFO:最終チェックのグリフ 'uni791B' に交差がある
INFO:最終チェックのグリフ 'uni792B' に交差がある
INFO:最終チェックのグリフ 'uni7948' に交差がある
INFO:最終チェックのグリフ 'uni7950' に交差がある
INFO:最終チェックのグリフ 'uni7955' に交差がある
INFO:最終チェックのグリフ 'uni7977' に交差がある
INFO:最終チェックのグリフ 'uni7979' に交差がある
INFO:最終チェックのグリフ 'uni798A' に交差がある
INFO:最終チェックのグリフ 'uni798D' に交差がある
INFO:最終チェックのグリフ 'uni7998' に交差がある
INFO:最終チェックのグリフ 'uni79B4' に交差がある
INFO:最終チェックのグリフ 'uni79D5' に交差がある
INFO:最終チェックのグリフ 'uni79E1' に交差がある
INFO:最終チェックのグリフ 'uni79E3' に交差がある
INFO:最終チェックのグリフ 'uni79E4' に交差がある
INFO:最終チェックのグリフ 'uni79EC' に交差がある
INFO:最終チェックのグリフ 'uni7A0A' に交差がある
INFO:最終チェックのグリフ 'uni7A0B' に交差がある
INFO:最終チェックのグリフ 'uni7A0E' に交差がある
INFO:最終チェックのグリフ 'uni7A11' に交差がある
INFO:最終チェックのグリフ 'uni7A15' に交差がある
INFO:最終チェックのグリフ 'uni7A1B' に交差がある
INFO:最終チェックのグリフ 'uni7A1E' に交差がある
INFO:最終チェックのグリフ 'uni7A2D' に交差がある
INFO:最終チェックのグリフ 'uni7A32' に交差がある
INFO:最終チェックのグリフ 'uni7A3B' に交差がある
INFO:最終チェックのグリフ 'uni7A4F' に交差がある
INFO:最終チェックのグリフ 'uni7A59' に交差がある
INFO:最終チェックのグリフ 'uni7A5D' に交差がある
INFO:最終チェックのグリフ 'uni7A5F' に交差がある
INFO:最終チェックのグリフ 'uni7A6B' に交差がある
INFO:最終チェックのグリフ 'uni7A6D' に交差がある
INFO:最終チェックのグリフ 'uni7A70' に交差がある
INFO:最終チェックのグリフ 'uni7A78' に交差がある
INFO:最終チェックのグリフ 'uni7A7D' に交差がある
INFO:最終チェックのグリフ 'uni7A93' に交差がある
INFO:最終チェックのグリフ 'uni7AAC' に交差がある
INFO:最終チェックのグリフ 'uni7AB3' に交差がある
INFO:最終チェックのグリフ 'uni7ABB' に交差がある
INFO:最終チェックのグリフ 'uni7AD3' に交差がある
INFO:最終チェックのグリフ 'uni7AE7' に交差がある
INFO:最終チェックのグリフ 'uni7B0B' に交差がある
INFO:最終チェックのグリフ 'uni7B2C' に交差がある
INFO:最終チェックのグリフ 'uni7B4F' に交差がある
INFO:最終チェックのグリフ 'uni7B75' に交差がある
INFO:最終チェックのグリフ 'uni7B79' に交差がある
INFO:最終チェックのグリフ 'uni7B95' に交差がある
INFO:最終チェックのグリフ 'uni7B9C' に交差がある
INFO:最終チェックのグリフ 'uni7BAD' に交差がある
INFO:最終チェックのグリフ 'uni7BAF' に交差がある
INFO:最終チェックのグリフ 'uni7BB8' に交差がある
INFO:最終チェックのグリフ 'uni7BC5' に交差がある
INFO:最終チェックのグリフ 'uni7BED' に交差がある
INFO:最終チェックのグリフ 'uni7BF7' に交差がある
INFO:最終チェックのグリフ 'uni7C01' に交差がある
INFO:最終チェックのグリフ 'uni7C0B' に交差がある
INFO:最終チェックのグリフ 'uni7C13' に交差がある
INFO:最終チェックのグリフ 'uni7C14' に交差がある
INFO:最終チェックのグリフ 'uni7C23' に交差がある
INFO:最終チェックのグリフ 'uni7C40' に交差がある
INFO:最終チェックのグリフ 'uni7C54' に交差がある
INFO:最終チェックのグリフ 'uni7C57' に交差がある
INFO:最終チェックのグリフ 'uni7C59' に交差がある
INFO:最終チェックのグリフ 'uni7C5F' に交差がある
INFO:最終チェックのグリフ 'uni7C64' に交差がある
INFO:最終チェックのグリフ 'uni7C6F' に交差がある
INFO:最終チェックのグリフ 'uni7C70' に交差がある
INFO:最終チェックのグリフ 'uni7CA5' に交差がある
INFO:最終チェックのグリフ 'uni7CA6' に交差がある
INFO:最終チェックのグリフ 'uni7CB6' に交差がある
INFO:最終チェックのグリフ 'uni7CC0' に交差がある
INFO:最終チェックのグリフ 'uni7CCD' に交差がある
INFO:最終チェックのグリフ 'uni7CD8' に交差がある
INFO:最終チェックのグリフ 'uni7CD9' に交差がある
INFO:最終チェックのグリフ 'uni7CE7' に交差がある
INFO:最終チェックのグリフ 'uni7CF4' に交差がある
INFO:最終チェックのグリフ 'uni7D02' に交差がある
INFO:最終チェックのグリフ 'uni7D04' に交差がある
INFO:最終チェックのグリフ 'uni7D08' に交差がある
INFO:最終チェックのグリフ 'uni7D0A' に交差がある
INFO:最終チェックのグリフ 'uni7D13' に交差がある
INFO:最終チェックのグリフ 'uni7D15' に交差がある
INFO:最終チェックのグリフ 'uni7D1D' に交差がある
INFO:最終チェックのグリフ 'uni7D20' に交差がある
INFO:最終チェックのグリフ 'uni7D2B' に交差がある
INFO:最終チェックのグリフ 'uni7D41' に交差がある
INFO:最終チェックのグリフ 'uni7D4E' に交差がある
INFO:最終チェックのグリフ 'uni7DAB' に交差がある
INFO:最終チェックのグリフ 'uni7DC2' に交差がある
INFO:最終チェックのグリフ 'uni7DD2' に交差がある
INFO:最終チェックのグリフ 'uni7DD5' に交差がある
INFO:最終チェックのグリフ 'uni7DE0' に交差がある
INFO:最終チェックのグリフ 'uni7DE1' に交差がある
INFO:最終チェックのグリフ 'uni7DE3' に交差がある
INFO:最終チェックのグリフ 'uni7DFB' に交差がある
INFO:最終チェックのグリフ 'uni7E0B' に交差がある
INFO:最終チェックのグリフ 'uni7E11' に交差がある
INFO:最終チェックのグリフ 'uni7E12' に交差がある
INFO:最終チェックのグリフ 'uni7E27' に交差がある
INFO:最終チェックのグリフ 'uni7E2B' に交差がある
INFO:最終チェックのグリフ 'uni7E37' に交差がある
INFO:最終チェックのグリフ 'uni7E3E' に交差がある
INFO:最終チェックのグリフ 'uni7E54' に交差がある
INFO:最終チェックのグリフ 'uni7E5E' に交差がある
INFO:最終チェックのグリフ 'uni7E6D' に交差がある
INFO:最終チェックのグリフ 'uni7E7C' に交差がある
INFO:最終チェックのグリフ 'uni7E7F' に交差がある
INFO:最終チェックのグリフ 'uni7E83' に交差がある
INFO:最終チェックのグリフ 'uni7E88' に交差がある
INFO:最終チェックのグリフ 'uni7E8E' に交差がある
INFO:最終チェックのグリフ 'uni7E91' に交差がある
INFO:最終チェックのグリフ 'uni7E92' に交差がある
INFO:最終チェックのグリフ 'uni7E93' に交差がある
INFO:最終チェックのグリフ 'uni7F38' に交差がある
INFO:最終チェックのグリフ 'uni7F7E' に交差がある
INFO:最終チェックのグリフ 'uni7FAD' に交差がある
INFO:最終チェックのグリフ 'uni7FCC' に交差がある
INFO:最終チェックのグリフ 'uni7FCF' に交差がある
INFO:最終チェックのグリフ 'uni7FDF' に交差がある
INFO:最終チェックのグリフ 'uni7FF2' に交差がある
INFO:最終チェックのグリフ 'uni7FFA' に交差がある
INFO:最終チェックのグリフ 'uni8011' に交差がある
INFO:最終チェックのグリフ 'uni8014' に交差がある
INFO:最終チェックのグリフ 'uni8018' に交差がある
INFO:最終チェックのグリフ 'uni801C' に交差がある
INFO:最終チェックのグリフ 'uni8024' に交差がある
INFO:最終チェックのグリフ 'uni8033' に交差がある
INFO:最終チェックのグリフ 'uni8062' に交差がある
INFO:最終チェックのグリフ 'uni8074' に交差がある
INFO:最終チェックのグリフ 'uni8079' に交差がある
INFO:最終チェックのグリフ 'uni80B2' に交差がある
INFO:最終チェックのグリフ 'uni80E5' に交差がある
INFO:最終チェックのグリフ 'uni8107' に交差がある
INFO:最終チェックのグリフ 'uni8167' に交差がある
INFO:最終チェックのグリフ 'uni8182' に交差がある
INFO:最終チェックのグリフ 'uni8198' に交差がある
INFO:最終チェックのグリフ 'uni81A9' に交差がある
INFO:最終チェックのグリフ 'uni81C0' に交差がある
INFO:最終チェックのグリフ 'uni81C6' に交差がある
INFO:最終チェックのグリフ 'uni81CD' に交差がある
INFO:最終チェックのグリフ 'uni81E7' に交差がある
INFO:最終チェックのグリフ 'uni81FD' に交差がある
INFO:最終チェックのグリフ 'uni8204' に交差がある
INFO:最終チェックのグリフ 'uni8216' に交差がある
INFO:最終チェックのグリフ 'uni8217' に交差がある
INFO:最終チェックのグリフ 'uni821E' に交差がある
INFO:最終チェックのグリフ 'uni823C' に交差がある
INFO:最終チェックのグリフ 'uni8240' に交差がある
INFO:最終チェックのグリフ 'uni8259' に交差がある
INFO:最終チェックのグリフ 'uni8266' に交差がある
INFO:最終チェックのグリフ 'uni82A1' に交差がある
INFO:最終チェックのグリフ 'uni82A4' に交差がある
INFO:最終チェックのグリフ 'uni82B4' に交差がある
INFO:最終チェックのグリフ 'uni82BF' に交差がある
INFO:最終チェックのグリフ 'uni8300' に交差がある
INFO:最終チェックのグリフ 'uni8332' に交差がある
INFO:最終チェックのグリフ 'uni833C' に交差がある
INFO:最終チェックのグリフ 'uni8340' に交差がある
INFO:最終チェックのグリフ 'uni834F' に交差がある
INFO:最終チェックのグリフ 'uni8355' に交差がある
INFO:最終チェックのグリフ 'uni8357' に交差がある
INFO:最終チェックのグリフ 'uni8377' に交差がある
INFO:最終チェックのグリフ 'uni83AA' に交差がある
INFO:最終チェックのグリフ 'uni83CA' に交差がある
INFO:最終チェックのグリフ 'uni83CC' に交差がある
INFO:最終チェックのグリフ 'uni83DF' に交差がある
INFO:最終チェックのグリフ 'uni83E1' に交差がある
INFO:最終チェックのグリフ 'uni83FD' に交差がある
INFO:最終チェックのグリフ 'uni8404' に交差がある
INFO:最終チェックのグリフ 'uni840E' に交差がある
INFO:最終チェックのグリフ 'uni843D' に交差がある
INFO:最終チェックのグリフ 'uni844E' に交差がある
INFO:最終チェックのグリフ 'uni8465' に交差がある
INFO:最終チェックのグリフ 'uni848B' に交差がある
INFO:最終チェックのグリフ 'uni8497' に交差がある
INFO:最終チェックのグリフ 'uni849C' に交差がある
INFO:最終チェックのグリフ 'uni849E' に交差がある
INFO:最終チェックのグリフ 'uni849F' に交差がある
INFO:最終チェックのグリフ 'uni84AD' に交差がある
INFO:最終チェックのグリフ 'uni84AF' に交差がある
INFO:最終チェックのグリフ 'uni84BB' に交差がある
INFO:最終チェックのグリフ 'uni84EF' に交差がある
INFO:最終チェックのグリフ 'uni84F0' に交差がある
INFO:最終チェックのグリフ 'uni84FA' に交差がある
INFO:最終チェックのグリフ 'uni851E' に交差がある
INFO:最終チェックのグリフ 'uni851F' に交差がある
INFO:最終チェックのグリフ 'uni8521' に交差がある
INFO:最終チェックのグリフ 'uni8525' に交差がある
INFO:最終チェックのグリフ 'uni852B' に交差がある
INFO:最終チェックのグリフ 'uni853E' に交差がある
INFO:最終チェックのグリフ 'uni854A' に交差がある
INFO:最終チェックのグリフ 'uni8557' に交差がある
INFO:最終チェックのグリフ 'uni8559' に交差がある
INFO:最終チェックのグリフ 'uni857B' に交差がある
INFO:最終チェックのグリフ 'uni8590' に交差がある
INFO:最終チェックのグリフ 'uni8593' に交差がある
INFO:最終チェックのグリフ 'uni859F' に交差がある
INFO:最終チェックのグリフ 'uni85A9' に交差がある
INFO:最終チェックのグリフ 'uni85AD' に交差がある
INFO:最終チェックのグリフ 'uni85B0' に交差がある
INFO:最終チェックのグリフ 'uni85B7' に交差がある
INFO:最終チェックのグリフ 'uni85C7' に交差がある
INFO:最終チェックのグリフ 'uni85DC' に交差がある
INFO:最終チェックのグリフ 'uni85DD' に交差がある
INFO:最終チェックのグリフ 'uni85F9' に交差がある
INFO:最終チェックのグリフ 'uni8613' に交差がある
INFO:最終チェックのグリフ 'uni8622' に交差がある
INFO:最終チェックのグリフ 'uni8624' に交差がある
INFO:最終チェックのグリフ 'uni863C' に交差がある
INFO:最終チェックのグリフ 'uni865F' に交差がある
INFO:最終チェックのグリフ 'uni8667' に交差がある
INFO:最終チェックのグリフ 'uni86A4' に交差がある
INFO:最終チェックのグリフ 'uni86AF' に交差がある
INFO:最終チェックのグリフ 'uni86DF' に交差がある
INFO:最終チェックのグリフ 'uni86EC' に交差がある
INFO:最終チェックのグリフ 'uni86EE' に交差がある
INFO:最終チェックのグリフ 'uni86F9' に交差がある
INFO:最終チェックのグリフ 'uni86FE' に交差がある
INFO:最終チェックのグリフ 'uni874E' に交差がある
INFO:最終チェックのグリフ 'uni8751' に交差がある
INFO:最終チェックのグリフ 'uni8766' に交差がある
INFO:最終チェックのグリフ 'uni8778' に交差がある
INFO:最終チェックのグリフ 'uni877F' に交差がある
INFO:最終チェックのグリフ 'uni8789' に交差がある
INFO:最終チェックのグリフ 'uni87AD' に交差がある
INFO:最終チェックのグリフ 'uni87B3' に交差がある
INFO:最終チェックのグリフ 'uni87BA' に交差がある
INFO:最終チェックのグリフ 'uni87E0' に交差がある
INFO:最終チェックのグリフ 'uni87E3' に交差がある
INFO:最終チェックのグリフ 'uni87F2' に交差がある
INFO:最終チェックのグリフ 'uni87FB' に交差がある
INFO:最終チェックのグリフ 'uni8806' に交差がある
INFO:最終チェックのグリフ 'uni880D' に交差がある
INFO:最終チェックのグリフ 'uni8814' に交差がある
INFO:最終チェックのグリフ 'uni8815' に交差がある
INFO:最終チェックのグリフ 'uni8816' に交差がある
INFO:最終チェックのグリフ 'uni883B' に交差がある
INFO:最終チェックのグリフ 'uni8857' に交差がある
INFO:最終チェックのグリフ 'uni8859' に交差がある
INFO:最終チェックのグリフ 'uni885D' に交差がある
INFO:最終チェックのグリフ 'uni885F' に交差がある
INFO:最終チェックのグリフ 'uni8869' に交差がある
INFO:最終チェックのグリフ 'uni886F' に交差がある
INFO:最終チェックのグリフ 'uni887E' に交差がある
INFO:最終チェックのグリフ 'uni88B5' に交差がある
INFO:最終チェックのグリフ 'uni88C4' に交差がある
INFO:最終チェックのグリフ 'uni88CE' に交差がある
INFO:最終チェックのグリフ 'uni88D3' に交差がある
INFO:最終チェックのグリフ 'uni88DC' に交差がある
INFO:最終チェックのグリフ 'uni88F0' に交差がある
INFO:最終チェックのグリフ 'uni88FE' に交差がある
INFO:最終チェックのグリフ 'uni890C' に交差がある
INFO:最終チェックのグリフ 'uni8925' に交差がある
INFO:最終チェックのグリフ 'uni8927' に交差がある
INFO:最終チェックのグリフ 'uni8942' に交差がある
INFO:最終チェックのグリフ 'uni8987' に交差がある
INFO:最終チェックのグリフ 'uni8990' に交差がある
INFO:最終チェックのグリフ 'uni8996' に交差がある
INFO:最終チェックのグリフ 'uni899F' に交差がある
INFO:最終チェックのグリフ 'uni89AA' に交差がある
INFO:最終チェックのグリフ 'uni89E3' に交差がある
INFO:最終チェックのグリフ 'uni89F4' に交差がある
INFO:最終チェックのグリフ 'uni89FD' に交差がある
INFO:最終チェックのグリフ 'uni8A1D' に交差がある
INFO:最終チェックのグリフ 'uni8A22' に交差がある
INFO:最終チェックのグリフ 'uni8A3A' に交差がある
INFO:最終チェックのグリフ 'uni8A61' に交差がある
INFO:最終チェックのグリフ 'uni8A66' に交差がある
INFO:最終チェックのグリフ 'uni8A93' に交差がある
INFO:最終チェックのグリフ 'uni8A98' に交差がある
INFO:最終チェックのグリフ 'uni8AC2' に交差がある
INFO:最終チェックのグリフ 'uni8AE4' に交差がある
INFO:最終チェックのグリフ 'uni8AE6' に交差がある
INFO:最終チェックのグリフ 'uni8B04' に交差がある
INFO:最終チェックのグリフ 'uni8B0C' に交差がある
INFO:最終チェックのグリフ 'uni8B0D' に交差がある
INFO:最終チェックのグリフ 'uni8B1D' に交差がある
INFO:最終チェックのグリフ 'uni8B20' に交差がある
INFO:最終チェックのグリフ 'uni8B56' に交差がある
INFO:最終チェックのグリフ 'uni8B69' に交差がある
INFO:最終チェックのグリフ 'uni8B70' に交差がある
INFO:最終チェックのグリフ 'uni8B9E' に交差がある
INFO:最終チェックのグリフ 'uni8C41' に交差がある
INFO:最終チェックのグリフ 'uni8C4C' に交差がある
INFO:最終チェックのグリフ 'uni8C57' に交差がある
INFO:最終チェックのグリフ 'uni8C69' に交差がある
INFO:最終チェックのグリフ 'uni8C6A' に交差がある
INFO:最終チェックのグリフ 'uni8C6B' に交差がある
INFO:最終チェックのグリフ 'uni8C85' に交差がある
INFO:最終チェックのグリフ 'uni8C89' に交差がある
INFO:最終チェックのグリフ 'uni8C99' に交差がある
INFO:最終チェックのグリフ 'uni8C9B' に交差がある
INFO:最終チェックのグリフ 'uni8C9E' に交差がある
INFO:最終チェックのグリフ 'uni8CA4' に交差がある
INFO:最終チェックのグリフ 'uni8CAE' に交差がある
INFO:最終チェックのグリフ 'uni8CCA' に交差がある
INFO:最終チェックのグリフ 'uni8CD5' に交差がある
INFO:最終チェックのグリフ 'uni8CDB' に交差がある
INFO:最終チェックのグリフ 'uni8CF1' に交差がある
INFO:最終チェックのグリフ 'uni8CF8' の参照が不正
INFO:最終チェックのグリフ 'uni8CFC' に交差がある
INFO:最終チェックのグリフ 'uni8CFD' に交差がある
INFO:最終チェックのグリフ 'uni8D09' に交差がある
INFO:最終チェックのグリフ 'uni8D0E' に交差がある
INFO:最終チェックのグリフ 'uni8D10' に交差がある
INFO:最終チェックのグリフ 'uni8D6B' に交差がある
INFO:最終チェックのグリフ 'uni8D81' に交差がある
INFO:最終チェックのグリフ 'uni8D95' に交差がある
INFO:最終チェックのグリフ 'uni8D99' に交差がある
INFO:最終チェックのグリフ 'uni8DCF' に交差がある
INFO:最終チェックのグリフ 'uni8DD7' に交差がある
INFO:最終チェックのグリフ 'uni8DE3' に交差がある
INFO:最終チェックのグリフ 'uni8DF3' に交差がある
INFO:最終チェックのグリフ 'uni8DFD' に交差がある
INFO:最終チェックのグリフ 'uni8E0F' に交差がある
INFO:最終チェックのグリフ 'uni8E10' に交差がある
INFO:最終チェックのグリフ 'uni8E22' に交差がある
INFO:最終チェックのグリフ 'uni8E23' に交差がある
INFO:最終チェックのグリフ 'uni8E30' に交差がある
INFO:最終チェックのグリフ 'uni8E34' に交差がある
INFO:最終チェックのグリフ 'uni8E44' に交差がある
INFO:最終チェックのグリフ 'uni8E47' に交差がある
INFO:最終チェックのグリフ 'uni8E50' に交差がある
INFO:最終チェックのグリフ 'uni8E5F' に交差がある
INFO:最終チェックのグリフ 'uni8E62' に交差がある
INFO:最終チェックのグリフ 'uni8E6C' に交差がある
INFO:最終チェックのグリフ 'uni8E7B' に交差がある
INFO:最終チェックのグリフ 'uni8E85' に交差がある
INFO:最終チェックのグリフ 'uni8EB1' に交差がある
INFO:最終チェックのグリフ 'uni8EFC' に交差がある
INFO:最終チェックのグリフ 'uni8EFE' に交差がある
INFO:最終チェックのグリフ 'uni8F62' に交差がある
INFO:最終チェックのグリフ 'uni8FA4' に交差がある
INFO:最終チェックのグリフ 'uni8FA6' に交差がある
INFO:最終チェックのグリフ 'uni8FBA' に交差がある
INFO:最終チェックのグリフ 'uni8FE4' に交差がある
INFO:最終チェックのグリフ 'uni8FE5' に交差がある
INFO:最終チェックのグリフ 'uni9002' に交差がある
INFO:最終チェックのグリフ 'uni9008' に交差がある
INFO:最終チェックのグリフ 'uni9015' に交差がある
INFO:最終チェックのグリフ 'uni9021' に交差がある
INFO:最終チェックのグリフ 'uni9043' に交差がある
INFO:最終チェックのグリフ 'uni9045' に交差がある
INFO:最終チェックのグリフ 'uni9056' に交差がある
INFO:最終チェックのグリフ 'uni905D' に交差がある
INFO:最終チェックのグリフ 'uni906D' に交差がある
INFO:最終チェックのグリフ 'uni906F' に交差がある
INFO:最終チェックのグリフ 'uni907D' に交差がある
INFO:最終チェックのグリフ 'uni9083' に交差がある
INFO:最終チェックのグリフ 'uni9087' に交差がある
INFO:最終チェックのグリフ 'uni908C' に交差がある
INFO:最終チェックのグリフ 'uni90A6' に交差がある
INFO:最終チェックのグリフ 'uni90BE' に交差がある
INFO:最終チェックのグリフ 'uni90CE' に交差がある
INFO:最終チェックのグリフ 'uni90D7' に交差がある
INFO:最終チェックのグリフ 'uni90DB' に交差がある
INFO:最終チェックのグリフ 'uni90DD' に交差がある
INFO:最終チェックのグリフ 'uni90DE' に交差がある
INFO:最終チェックのグリフ 'uni90E2' に交差がある
INFO:最終チェックのグリフ 'uni90F7' に交差がある
INFO:最終チェックのグリフ 'uni9147' に交差がある
INFO:最終チェックのグリフ 'uni9157' に交差がある
INFO:最終チェックのグリフ 'uni91A8' に交差がある
INFO:最終チェックのグリフ 'uni91AB' に交差がある
INFO:最終チェックのグリフ 'uni91B1' に交差がある
INFO:最終チェックのグリフ 'uni91C6' に交差がある
INFO:最終チェックのグリフ 'uni91D6' に交差がある
INFO:最終チェックのグリフ 'uni91D7' に交差がある
INFO:最終チェックのグリフ 'uni91E3' に交差がある
INFO:最終チェックのグリフ 'uni91EE' に交差がある
INFO:最終チェックのグリフ 'uni91F6' に交差がある
INFO:最終チェックのグリフ 'uni91FF' に交差がある
INFO:最終チェックのグリフ 'uni9261' に交差がある
INFO:最終チェックのグリフ 'uni9264' に交差がある
INFO:最終チェックのグリフ 'uni9277' に交差がある
INFO:最終チェックのグリフ 'uni927F' に交差がある
INFO:最終チェックのグリフ 'uni92AB' に交差がある
INFO:最終チェックのグリフ 'uni92B7' に交差がある
INFO:最終チェックのグリフ 'uni92CF' に交差がある
INFO:最終チェックのグリフ 'uni92D3' に交差がある
INFO:最終チェックのグリフ 'uni92E7' に交差がある
INFO:最終チェックのグリフ 'uni931D' に交差がある
INFO:最終チェックのグリフ 'uni9329' に交差がある
INFO:最終チェックのグリフ 'uni932B' に交差がある
INFO:最終チェックのグリフ 'uni932F' に交差がある
INFO:最終チェックのグリフ 'uni934B' に交差がある
INFO:最終チェックのグリフ 'uni9357' に交差がある
INFO:最終チェックのグリフ 'uni935A' に交差がある
INFO:最終チェックのグリフ 'uni9364' に交差がある
INFO:最終チェックのグリフ 'uni9370' に交差がある
INFO:最終チェックのグリフ 'uni9388' に交差がある
INFO:最終チェックのグリフ 'uni938F' に交差がある
INFO:最終チェックのグリフ 'uni93A3' に交差がある
INFO:最終チェックのグリフ 'uni93AC' に交差がある
INFO:最終チェックのグリフ 'uni93BA' に交差がある
INFO:最終チェックのグリフ 'uni93D0' に交差がある
INFO:最終チェックのグリフ 'uni93D1' に交差がある
INFO:最終チェックのグリフ 'uni9403' に交差がある
INFO:最終チェックのグリフ 'uni9407' に交差がある
INFO:最終チェックのグリフ 'uni940F' に交差がある
INFO:最終チェックのグリフ 'uni942B' に交差がある
INFO:最終チェックのグリフ 'uni9432' に交差がある
INFO:最終チェックのグリフ 'uni9433' に交差がある
INFO:最終チェックのグリフ 'uni9441' に交差がある
INFO:最終チェックのグリフ 'uni944A' に交差がある
INFO:最終チェックのグリフ 'uni945B' に交差がある
INFO:最終チェックのグリフ 'uni945E' に交差がある
INFO:最終チェックのグリフ 'uni946A' に交差がある
INFO:最終チェックのグリフ 'uni946F' に交差がある
INFO:最終チェックのグリフ 'uni947E' に交差がある
INFO:最終チェックのグリフ 'uni947F' に交差がある
INFO:最終チェックのグリフ 'uni9579' に交差がある
INFO:最終チェックのグリフ 'uni9583' に交差がある
INFO:最終チェックのグリフ 'uni958F' に交差がある
INFO:最終チェックのグリフ 'uni95A3' に交差がある
INFO:最終チェックのグリフ 'uni95CA' に交差がある
INFO:最終チェックのグリフ 'uni95CD' に交差がある
INFO:最終チェックのグリフ 'uni95D5' に交差がある
INFO:最終チェックのグリフ 'uni964C' に交差がある
INFO:最終チェックのグリフ 'uni964F' に交差がある
INFO:最終チェックのグリフ 'uni9658' に交差がある
INFO:最終チェックのグリフ 'uni9666' に交差がある
INFO:最終チェックのグリフ 'uni967D' に交差がある
INFO:最終チェックのグリフ 'uni9686' に交差がある
INFO:最終チェックのグリフ 'uni9699' に交差がある
INFO:最終チェックのグリフ 'uni96A3' に交差がある
INFO:最終チェックのグリフ 'uni96B2' に交差がある
INFO:最終チェックのグリフ 'uni96C9' に交差がある
INFO:最終チェックのグリフ 'uni96CB' に交差がある
INFO:最終チェックのグリフ 'uni96CD' に交差がある
INFO:最終チェックのグリフ 'uni96CE' に交差がある
INFO:最終チェックのグリフ 'uni96D5' に交差がある
INFO:最終チェックのグリフ 'uni96DB' に交差がある
INFO:最終チェックのグリフ 'uni96DE' に交差がある
INFO:最終チェックのグリフ 'uni9708' に交差がある
INFO:最終チェックのグリフ 'uni9714' に交差がある
INFO:最終チェックのグリフ 'uni9727' に交差がある
INFO:最終チェックのグリフ 'uni972A' に交差がある
INFO:最終チェックのグリフ 'uni9732' に交差がある
INFO:最終チェックのグリフ 'uni9746' に交差がある
INFO:最終チェックのグリフ 'uni975C' に交差がある
INFO:最終チェックのグリフ 'uni9761' に交差がある
INFO:最終チェックのグリフ 'uni97AB' に交差がある
INFO:最終チェックのグリフ 'uni97C9' に交差がある
INFO:最終チェックのグリフ 'uni97CC' に交差がある
INFO:最終チェックのグリフ 'uni97D1' に交差がある
INFO:最終チェックのグリフ 'uni9812' に交差がある
INFO:最終チェックのグリフ 'uni981E' に交差がある
INFO:最終チェックのグリフ 'uni986F' に交差がある
INFO:最終チェックのグリフ 'uni98BB' に交差がある
INFO:最終チェックのグリフ 'uni98BF' に交差がある
INFO:最終チェックのグリフ 'uni98C8' に交差がある
INFO:最終チェックのグリフ 'uni98CB' に交差がある
INFO:最終チェックのグリフ 'uni98DB' に交差がある
INFO:最終チェックのグリフ 'uni98DC' に交差がある
INFO:最終チェックのグリフ 'uni98EF' に交差がある
INFO:最終チェックのグリフ 'uni98F1' に交差がある
INFO:最終チェックのグリフ 'uni9905' に交差がある
INFO:最終チェックのグリフ 'uni990A' に交差がある
INFO:最終チェックのグリフ 'uni993B' に交差がある
INFO:最終チェックのグリフ 'uni9941' に交差がある
INFO:最終チェックのグリフ 'uni9949' に交差がある
INFO:最終チェックのグリフ 'uni9951' に交差がある
INFO:最終チェックのグリフ 'uni99C1' に交差がある
INFO:最終チェックのグリフ 'uni99D0' に交差がある
INFO:最終チェックのグリフ 'uni99D4' に交差がある
INFO:最終チェックのグリフ 'uni99D5' に交差がある
INFO:最終チェックのグリフ 'uni99D9' に交差がある
INFO:最終チェックのグリフ 'uni99DD' に交差がある
INFO:最終チェックのグリフ 'uni99E2' に交差がある
INFO:最終チェックのグリフ 'uni99EE' に交差がある
INFO:最終チェックのグリフ 'uni99F1' に交差がある
INFO:最終チェックのグリフ 'uni99F9' に交差がある
INFO:最終チェックのグリフ 'uni9A16' に交差がある
INFO:最終チェックのグリフ 'uni9A19' に交差がある
INFO:最終チェックのグリフ 'uni9A24' に交差がある
INFO:最終チェックのグリフ 'uni9A31' に交差がある
INFO:最終チェックのグリフ 'uni9A36' に交差がある
INFO:最終チェックのグリフ 'uni9A40' に交差がある
INFO:最終チェックのグリフ 'uni9A43' に交差がある
INFO:最終チェックのグリフ 'uni9A4E' に交差がある
INFO:最終チェックのグリフ 'uni9A55' に交差がある
INFO:最終チェックのグリフ 'uni9A57' に交差がある
INFO:最終チェックのグリフ 'uni9A58' に交差がある
INFO:最終チェックのグリフ 'uni9A62' に交差がある
INFO:最終チェックのグリフ 'uni9AB9' に交差がある
INFO:最終チェックのグリフ 'uni9AC1' に交差がある
INFO:最終チェックのグリフ 'uni9AC3' に交差がある
INFO:最終チェックのグリフ 'uni9AC6' に交差がある
INFO:最終チェックのグリフ 'uni9AD1' に交差がある
INFO:最終チェックのグリフ 'uni9AD2' に交差がある
INFO:最終チェックのグリフ 'uni9AE2' に交差がある
INFO:最終チェックのグリフ 'uni9AEF' に交差がある
INFO:最終チェックのグリフ 'uni9AF7' に交差がある
INFO:最終チェックのグリフ 'uni9B0C' に交差がある
INFO:最終チェックのグリフ 'uni9B16' に交差がある
INFO:最終チェックのグリフ 'uni9B18' に交差がある
INFO:最終チェックのグリフ 'uni9B1A' に交差がある
INFO:最終チェックのグリフ 'uni9B23' に交差がある
INFO:最終チェックのグリフ 'uni9B2F' に交差がある
INFO:最終チェックのグリフ 'uni9B31' に交差がある
INFO:最終チェックのグリフ 'uni9B33' に交差がある
INFO:最終チェックのグリフ 'uni9B43' に交差がある
INFO:最終チェックのグリフ 'uni9B4F' に交差がある
INFO:最終チェックのグリフ 'uni9B58' に交差がある
INFO:最終チェックのグリフ 'uni9B6F' に交差がある
INFO:最終チェックのグリフ 'uni9B84' に交差がある
INFO:最終チェックのグリフ 'uni9B92' に交差がある
INFO:最終チェックのグリフ 'uni9BBB' に交差がある
INFO:最終チェックのグリフ 'uni9C00' に交差がある
INFO:最終チェックのグリフ 'uni9C0C' に交差がある
INFO:最終チェックのグリフ 'uni9C16' に交差がある
INFO:最終チェックのグリフ 'uni9C22' に交差がある
INFO:最終チェックのグリフ 'uni9C27' に交差がある
INFO:最終チェックのグリフ 'uni9C29' に交差がある
INFO:最終チェックのグリフ 'uni9C3E' に交差がある
INFO:最終チェックのグリフ 'uni9C41' に交差がある
INFO:最終チェックのグリフ 'uni9C45' に交差がある
INFO:最終チェックのグリフ 'uni9C49' に交差がある
INFO:最終チェックのグリフ 'uni9C52' に交差がある
INFO:最終チェックのグリフ 'uni9C53' に交差がある
INFO:最終チェックのグリフ 'uni9C54' に交差がある
INFO:最終チェックのグリフ 'uni9C58' に交差がある
INFO:最終チェックのグリフ 'uni9C5F' に交差がある
INFO:最終チェックのグリフ 'uni9C63' に交差がある
INFO:最終チェックのグリフ 'uni9C67' に交差がある
INFO:最終チェックのグリフ 'uni9C6B' に交差がある
INFO:最終チェックのグリフ 'uni9C72' に交差がある
INFO:最終チェックのグリフ 'uni9C76' に交差がある
INFO:最終チェックのグリフ 'uni9C7A' に交差がある
INFO:最終チェックのグリフ 'uni9CE9' に交差がある
INFO:最終チェックのグリフ 'uni9CF2' に交差がある
INFO:最終チェックのグリフ 'uni9D07' に交差がある
INFO:最終チェックのグリフ 'uni9D18' に交差がある
INFO:最終チェックのグリフ 'uni9D32' に交差がある
INFO:最終チェックのグリフ 'uni9D41' に交差がある
INFO:最終チェックのグリフ 'uni9D43' に交差がある
INFO:最終チェックのグリフ 'uni9D46' に交差がある
INFO:最終チェックのグリフ 'uni9D48' に交差がある
INFO:最終チェックのグリフ 'uni9D51' に交差がある
INFO:最終チェックのグリフ 'uni9D52' に交差がある
INFO:最終チェックのグリフ 'uni9D5D' に交差がある
INFO:最終チェックのグリフ 'uni9D62' に交差がある
INFO:最終チェックのグリフ 'uni9D64' に交差がある
INFO:最終チェックのグリフ 'uni9D6C' に交差がある
INFO:最終チェックのグリフ 'uni9D6F' に交差がある
INFO:最終チェックのグリフ 'uni9D77' に交差がある
INFO:最終チェックのグリフ 'uni9D7E' に交差がある
INFO:最終チェックのグリフ 'uni9D87' に交差がある
INFO:最終チェックのグリフ 'uni9DA1' に交差がある
INFO:最終チェックのグリフ 'uni9DA9' に交差がある
INFO:最終チェックのグリフ 'uni9DB9' に交差がある
INFO:最終チェックのグリフ 'uni9DBD' に交差がある
INFO:最終チェックのグリフ 'uni9DC0' に交差がある
INFO:最終チェックのグリフ 'uni9DC2' に交差がある
INFO:最終チェックのグリフ 'uni9DC3' に交差がある
INFO:最終チェックのグリフ 'uni9DC4' に交差がある
INFO:最終チェックのグリフ 'uni9DE7' に交差がある
INFO:最終チェックのグリフ 'uni9DED' に交差がある
INFO:最終チェックのグリフ 'uni9DFA' に交差がある
INFO:最終チェックのグリフ 'uni9DFD' に交差がある
INFO:最終チェックのグリフ 'uni9E0D' に交差がある
INFO:最終チェックのグリフ 'uni9E15' に交差がある
INFO:最終チェックのグリフ 'uni9E1A' に交差がある
INFO:最終チェックのグリフ 'uni9E9F' に交差がある
INFO:最終チェックのグリフ 'uni9EAD' に交差がある
INFO:最終チェックのグリフ 'uni9EBE' に交差がある
INFO:最終チェックのグリフ 'uni9ECD' に交差がある
INFO:最終チェックのグリフ 'uni9ED0' に交差がある
INFO:最終チェックのグリフ 'uni9EE0' に交差がある
INFO:最終チェックのグリフ 'uni9EE5' に交差がある
INFO:最終チェックのグリフ 'uni9EF4' に交差がある
INFO:最終チェックのグリフ 'uni9F54' に交差がある
INFO:最終チェックのグリフ 'uni9F55' に交差がある
INFO:最終チェックのグリフ 'uni9F58' に交差がある
INFO:最終チェックのグリフ 'uni9F61' に交差がある
INFO:最終チェックのグリフ 'uni9F63' に交差がある
INFO:最終チェックのグリフ 'uni9F66' に交差がある
INFO:最終チェックのグリフ 'uni9F67' に交差がある
INFO:最終チェックのグリフ 'uni9F70' に交差がある
INFO:最終チェックのグリフ 'uni9F76' に交差がある
INFO:最終チェックのグリフ 'uni9F77' に交差がある
INFO:最終チェックのグリフ 'uni9F9D' に交差がある
INFO:最終チェックのグリフ 'uni9FA0' に交差がある
INFO:最終チェックのグリフ 'uniF936' に交差がある
INFO:最終チェックのグリフ 'uniF970' に交差がある
INFO:最終チェックのグリフ 'uniFA0E' に交差がある
INFO:最終チェックのグリフ 'uniFA14' に交差がある
INFO:最終チェックのグリフ 'uniFA1D' に交差がある
INFO:最終チェックのグリフ 'uniFA1E' に交差がある
INFO:最終チェックのグリフ 'uniFA30' に交差がある
INFO:最終チェックのグリフ 'uniFA33' に交差がある
INFO:最終チェックのグリフ 'uniFA49' に交差がある
INFO:最終チェックのグリフ 'uniFA50' に交差がある
INFO:最終チェックのグリフ 'uniFA52' に交差がある
INFO:最終チェックのグリフ 'uniFA59' に交差がある
INFO:最終チェックのグリフ 'uniFA5F' に交差がある
INFO:最終チェックのグリフ 'uniFA60' に交差がある
INFO:最終チェックのグリフ 'uniFA62' に交差がある
INFO:最終チェックのグリフ 'uniFF3A' に交差がある
INFO:最終チェックのグリフ 'uniFF41' に交差がある
INFO:最終チェックのグリフ 'uniFF9D' に交差がある
INFO:最終チェックのグリフ 'u2032B' に交差がある
INFO:最終チェックのグリフ 'u21706' に交差がある
INFO:最終チェックのグリフ 'u21742' に交差がある
INFO:最終チェックのグリフ 'u21D45' に交差がある
INFO:最終チェックのグリフ 'u2285B' に交差がある
INFO:最終チェックのグリフ 'u22B46' に交差がある
INFO:最終チェックのグリフ 'u2344A' に交差がある
INFO:最終チェックのグリフ 'u2363A' に交差がある
INFO:最終チェックのグリフ 'u2370C' に交差がある
INFO:最終チェックのグリフ 'u23CFE' に交差がある
INFO:最終チェックのグリフ 'u23F7E' に交差がある
INFO:最終チェックのグリフ 'u24103' に交差がある
INFO:最終チェックのグリフ 'u243BC' に交差がある
INFO:最終チェックのグリフ 'u243D0' に交差がある
INFO:最終チェックのグリフ 'u24B56' に交差がある
INFO:最終チェックのグリフ 'u24D14' に交差がある
INFO:最終チェックのグリフ 'u24E0E' に交差がある
INFO:最終チェックのグリフ 'u24E37' に交差がある
INFO:最終チェックのグリフ 'u24E8B' に交差がある
INFO:最終チェックのグリフ 'u2521E' に交差がある
INFO:最終チェックのグリフ 'u25771' に交差がある
INFO:最終チェックのグリフ 'u257B4' に交差がある
INFO:最終チェックのグリフ 'u259D4' に交差がある
INFO:最終チェックのグリフ 'u25EE8' に交差がある
INFO:最終チェックのグリフ 'u25F5C' に交差がある
INFO:最終チェックのグリフ 'u25FFB' に交差がある
INFO:最終チェックのグリフ 'u26017' に交差がある
INFO:最終チェックのグリフ 'u26402' に交差がある
INFO:最終チェックのグリフ 'u269DD' に交差がある
INFO:最終チェックのグリフ 'u273DB' に交差がある
INFO:最終チェックのグリフ 'u27723' に交差がある
INFO:最終チェックのグリフ 'u27E10' に交差がある
INFO:最終チェックのグリフ 'u283CD' に交差がある
INFO:最終チェックのグリフ 'u2856B' に交差がある
INFO:最終チェックのグリフ 'u285C9' に交差がある
INFO:最終チェックのグリフ 'u28AE4' に交差がある
INFO:最終チェックのグリフ 'u28BC1' に交差がある
INFO:最終チェックのグリフ 'u29750' に交差がある
INFO:最終チェックのグリフ 'u298C6' に交差がある
INFO:最終チェックのグリフ 'u29A72' に交差がある
INFO:最終チェックのグリフ 'u29DDB' に交差がある
INFO:最終チェックのグリフ 'u29EC4' に交差がある
INFO:最終チェックのグリフ 'u29FCE' に交差がある
INFO:最終チェックのグリフ 'u2A01A' に交差がある
INFO:最終チェックのグリフ 'u2A02F' に交差がある
INFO:最終チェックのグリフ 'u2A602' に交差がある
INFO:最終チェックのグリフ 'u2F80F' に交差がある
INFO:最終チェックのグリフ 'uni301C.vert' に交差がある
INFO:最終チェックのグリフ 'uni3326.vert' に交差がある
INFO:最終チェックのグリフ 'uni332B.vert' に交差がある
INFO:最終チェックのグリフ 'uni3049.aalt' に交差がある
INFO:最終チェックのグリフ 'uni306C.aalt' に交差がある
INFO:最終チェックのグリフ 'uni307A.aalt' に交差がある
INFO:最終チェックのグリフ 'uni3086.aalt' に交差がある
INFO:最終チェックのグリフ 'uni30C3.vert' に交差がある
INFO:最終チェックのグリフ 'uni30EB.vert' に交差がある
INFO:最終チェックのグリフ 'uni31FE.aalt' に交差がある
INFO:最終チェックのグリフ 'uni0254_gravecomb.ccmp' に交差がある
INFO:最終チェックのグリフ 'uni0254_acutecomb.ccmp' に交差がある
INFO:最終チェックのグリフ 'uni30BB_uni309A.ccmp.vert' に交差がある
INFO:最終チェックのグリフ 'uni31F7.aalt_uni309A.ccmp' に交差がある
INFO:最終チェックのグリフ 'uniFF09.vert' に交差がある
INFO:最終チェックのグリフ 'uni3009.vert' に交差がある
INFO:最終チェックのグリフ 'uni300B.vert' に交差がある
INFO:最終チェックのグリフ 'uniFF5F.vert' に交差がある
INFO:最終チェックのグリフ 'uniFF60.vert' に交差がある
INFO:最終チェックのグリフ 'uni9C2F.aalt' に交差がある
INFO:最終チェックのグリフ 'uni6DEB.jp83' に交差がある
INFO:最終チェックのグリフ 'uni990C.jp90' に交差がある
INFO:最終チェックのグリフ 'uni9957.aalt' に交差がある
INFO:最終チェックのグリフ 'uni6ADB.aalt' に交差がある
INFO:最終チェックのグリフ 'uni5C51.aalt' に交差がある
INFO:最終チェックのグリフ 'uni9699.expt' に交差がある
INFO:最終チェックのグリフ 'uni9375.aalt' に交差がある
INFO:最終チェックのグリフ 'uni9D60.aalt' に交差がある
INFO:最終チェックのグリフ 'uni707C.aalt' に交差がある
INFO:最終チェックのグリフ 'uni817F.aalt' に交差がある
INFO:最終チェックのグリフ 'uni6B4E.aalt' に交差がある
INFO:最終チェックのグリフ 'uni69CC.aalt' に交差がある
INFO:最終チェックのグリフ 'uni912D.aalt' に交差がある
INFO:最終チェックのグリフ 'uni701E.aalt' に交差がある
INFO:最終チェックのグリフ 'uni9041.jp83' に交差がある
INFO:最終チェックのグリフ 'uni724C.aalt' に交差がある
INFO:最終チェックのグリフ 'uni99C1.aalt' に交差がある
INFO:最終チェックのグリフ 'uni8B2C.aalt' に交差がある
INFO:最終チェックのグリフ 'uni5EDF.aalt' に交差がある
INFO:最終チェックのグリフ 'uni65A7.aalt' に交差がある
INFO:最終チェックのグリフ 'uni77A5.aalt' に交差がある
INFO:最終チェックのグリフ 'uni5A29.aalt' に交差がある
INFO:最終チェックのグリフ 'uni9C52.aalt' に交差がある
INFO:最終チェックのグリフ 'uni7C3E.jp78' に交差がある
INFO:最終チェックのグリフ 'uni6994.aalt' に交差がある
INFO:最終チェックのグリフ 'uni51A4.jp83' に交差がある
INFO:最終チェックのグリフ 'uni5F98.aalt' に交差がある
INFO:最終チェックのグリフ 'uni7526.aalt' に交差がある
INFO:最終チェックのグリフ 'uni7AC8.expt' に交差がある
INFO:最終チェックのグリフ 'uni9A19.aalt' に交差がある
INFO:最終チェックのグリフ 'uni6062.expt' に交差がある
INFO:最終チェックのグリフ 'uni6E9D.aalt' に交差がある
INFO:最終チェックのグリフ 'uni906E.aalt' に交差がある
INFO:最終チェックのグリフ 'uni7FE0.jp78' に交差がある
INFO:最終チェックのグリフ 'uni901D.aalt' に交差がある
INFO:最終チェックのグリフ 'uni717D.jp78' に交差がある
INFO:最終チェックのグリフ 'uni9EDB.aalt' に交差がある
INFO:最終チェックのグリフ 'uni5A9B.aalt' に交差がある
INFO:最終チェックのグリフ 'uni7652.jp78' に交差がある
INFO:最終チェックのグリフ 'uni8000.expt' に交差がある
INFO:最終チェックのグリフ 'uni6406.aalt' に交差がある
INFO:最終チェックのグリフ 'uni7DAE.aalt' に交差がある
INFO:最終チェックのグリフ 'uni8323.aalt' に交差がある
INFO:最終チェックのグリフ 'uni890A.aalt' に交差がある
INFO:最終チェックのグリフ 'uni89AF.aalt' に交差がある
INFO:最終チェックのグリフ 'uni9EAA.expt' に交差がある
INFO:最終チェックのグリフ 'uni62F3.aalt' に交差がある
INFO:最終チェックのグリフ 'uni7962.expt' に交差がある
INFO:最終チェックのグリフ 'uni7A97.expt' に交差がある
INFO:最終チェックのグリフ 'uni7FE9.aalt' に交差がある
INFO:最終チェックのグリフ 'uni9EAD.aalt' に交差がある
INFO:最終チェックのグリフ 'glyph12018' に交差がある
INFO:最終チェックのグリフ 'uni9755.aalt' に交差がある
INFO:最終チェックのグリフ 'perthousand.aalt' に交差がある
INFO:最終チェックのグリフ 'glyph12071' に交差がある
INFO:最終チェックのグリフ 'glyph12104' に交差がある
INFO:最終チェックのグリフ 'glyph12222' に交差がある
INFO:最終チェックのグリフ 'glyph12242' に交差がある
INFO:最終チェックのグリフ 'glyph12250' に交差がある
INFO:最終チェックのグリフ 'uni5C0F.aalt' に交差がある
INFO:最終チェックのグリフ 'glyph12282' に交差がある
INFO:最終チェックのグリフ 'uni3333.vert' に交差がある
INFO:最終チェックのグリフ 'cent.vert' に交差がある
INFO:最終チェックのグリフ 'AE.aalt' に交差がある
INFO:最終チェックのグリフ 'uni00B3.vert' に交差がある
INFO:最終チェックのグリフ 'eth.aalt' に交差がある
INFO:最終チェックのグリフ 'yacute.aalt' に交差がある
INFO:最終チェックのグリフ 'ydieresis.aalt' に交差がある
INFO:最終チェックのグリフ 'parenright.vert' に交差がある
INFO:最終チェックのグリフ 'comma.vert' に交差がある
INFO:最終チェックのグリフ 'slash.vert' に交差がある
INFO:最終チェックのグリフ 'semicolon.vert' に交差がある
INFO:最終チェックのグリフ 'y.vert' に交差がある
INFO:最終チェックのグリフ 'uniFF18.vert' に交差がある
INFO:最終チェックのグリフ 'uniFF21.vert' に交差がある
INFO:最終チェックのグリフ 'uniFF28.vert' に交差がある
INFO:最終チェックのグリフ 'uniFF2D.vert' に交差がある
INFO:最終チェックのグリフ 'uniFF2E.vert' に交差がある
INFO:最終チェックのグリフ 'uniFF30.vert' に交差がある
INFO:最終チェックのグリフ 'uniFF32.vert' に交差がある
INFO:最終チェックのグリフ 'uniFF34.vert' に交差がある
INFO:最終チェックのグリフ 'uniFF39.vert' に交差がある
INFO:最終チェックのグリフ 'uni32FF.vert' に交差がある
