INFO:仕上げ処理後のグリフ 'nine' に交差があるそうよ。
INFO:仕上げ処理後のグリフ 'P' に交差があるそうよ。
INFO:仕上げ処理後のグリフ 'R' に交差があるそうよ。
INFO:仕上げ処理後のグリフ 'multiply' に交差があるそうよ。
INFO:仕上げ処理後のグリフ 'reflexsuperset' に交差があるそうよ。
INFO:仕上げ処理後のグリフ 'notsubset' に交差があるそうよ。
INFO:仕上げ処理後のグリフ 'uni2285' に交差があるそうよ。
INFO:仕上げ処理後のグリフ 'notelement' に交差があるそうよ。
INFO:仕上げ処理後のグリフ 'emptyset' に交差があるそうよ。
INFO:仕上げ処理後のグリフ 'arrowdblboth' に交差があるそうよ。
INFO:仕上げ処理後のグリフ 'uni2225' に交差があるそうよ。
INFO:仕上げ処理後のグリフ 'uni2226' に交差があるそうよ。
INFO:仕上げ処理後のグリフ 'uni2262' に交差があるそうよ。
INFO:仕上げ処理後のグリフ 'arrowboth' に交差があるそうよ。
INFO:仕上げ処理後のグリフ 'uni2197' に交差があるそうよ。
INFO:仕上げ処理後のグリフ 'uni2198' に交差があるそうよ。
INFO:仕上げ処理後のグリフ 'uni2196' に交差があるそうよ。
INFO:仕上げ処理後のグリフ 'uni2199' に交差があるそうよ。
INFO:仕上げ処理後のグリフ 'uni2934' に交差があるそうよ。
INFO:仕上げ処理後のグリフ 'uni210F' に交差があるそうよ。
INFO:仕上げ処理後のグリフ 'uniFF41' に交差があるそうよ。
INFO:仕上げ処理後のグリフ 'uniFF44' に交差があるそうよ。
INFO:仕上げ処理後のグリフ 'uniFF54' に交差があるそうよ。
INFO:仕上げ処理後のグリフ 'uniFF57' に交差があるそうよ。
INFO:仕上げ処理後のグリフ 'uni306A' に交差があるそうよ。
INFO:仕上げ処理後のグリフ 'uni3080' に交差があるそうよ。
INFO:仕上げ処理後のグリフ 'uni3081' に交差があるそうよ。
INFO:仕上げ処理後のグリフ 'uni3083' に交差があるそうよ。
INFO:仕上げ処理後のグリフ 'uni308E' に交差があるそうよ。
INFO:仕上げ処理後のグリフ 'uni3091' に交差があるそうよ。
INFO:仕上げ処理後のグリフ 'uni30BF' に交差があるそうよ。
INFO:仕上げ処理後のグリフ 'uni30C0' に交差があるそうよ。
INFO:仕上げ処理後のグリフ 'uni30E6' に交差があるそうよ。
INFO:仕上げ処理後のグリフ 'kappa' に交差があるそうよ。
INFO:仕上げ処理後のグリフ 'psi' に交差があるそうよ。
INFO:仕上げ処理後のグリフ 'uni3020' に交差があるそうよ。
INFO:仕上げ処理後のグリフ 'uni2600' に交差があるそうよ。
INFO:仕上げ処理後のグリフ 'uni31FA' に交差があるそうよ。
INFO:仕上げ処理後のグリフ 'uni0417' に交差があるそうよ。
INFO:仕上げ処理後のグリフ 'uni042B' に交差があるそうよ。
INFO:仕上げ処理後のグリフ 'uni042D' に交差があるそうよ。
INFO:仕上げ処理後のグリフ 'uni0430' に交差があるそうよ。
INFO:仕上げ処理後のグリフ 'uni044D' に交差があるそうよ。
INFO:仕上げ処理後のグリフ 'twothirds' に交差があるそうよ。
INFO:仕上げ処理後のグリフ 'uni3252' に交差があるそうよ。
INFO:仕上げ処理後のグリフ 'uni3253' に交差があるそうよ。
INFO:仕上げ処理後のグリフ 'uni3255' に交差があるそうよ。
INFO:仕上げ処理後のグリフ 'uni3256' に交差があるそうよ。
INFO:仕上げ処理後のグリフ 'uni3258' に交差があるそうよ。
INFO:仕上げ処理後のグリフ 'uni3259' に交差があるそうよ。
INFO:仕上げ処理後のグリフ 'uni32B7' に交差があるそうよ。
INFO:仕上げ処理後のグリフ 'uni32B8' に交差があるそうよ。
INFO:仕上げ処理後のグリフ 'uni32BA' に交差があるそうよ。
INFO:仕上げ処理後のグリフ 'uni32BB' に交差があるそうよ。
INFO:仕上げ処理後のグリフ 'uni32BC' に交差があるそうよ。
INFO:仕上げ処理後のグリフ 'uni32BD' に交差があるそうよ。
INFO:仕上げ処理後のグリフ 'uni32BE' に交差があるそうよ。
INFO:仕上げ処理後のグリフ 'uni01CE' に交差があるそうよ。
INFO:仕上げ処理後のグリフ 'Euro' に交差があるそうよ。
INFO:仕上げ処理後のグリフ 'currency' に交差があるそうよ。
INFO:仕上げ処理後のグリフ 'uni00B3' に交差があるそうよ。
INFO:仕上げ処理後のグリフ 'eth' に交差があるそうよ。
INFO:仕上げ処理後のグリフ 'Sacute' に交差があるそうよ。
INFO:仕上げ処理後のグリフ 'Scaron' に交差があるそうよ。
INFO:仕上げ処理後のグリフ 'Scircumflex' に交差があるそうよ。
INFO:仕上げ処理後のグリフ 'uni0292' に交差があるそうよ。
INFO:仕上げ処理後のグリフ 'uni0282' に交差があるそうよ。
INFO:仕上げ処理後のグリフ 'uni0260' に交差があるそうよ。
INFO:仕上げ処理後のグリフ 'uni0255' に交差があるそうよ。
INFO:仕上げ処理後のグリフ 'uni0291' に交差があるそうよ。
INFO:仕上げ処理後のグリフ 'uni32D2' に交差があるそうよ。
INFO:仕上げ処理後のグリフ 'uni32D6' に交差があるそうよ。
INFO:仕上げ処理後のグリフ 'uni32DF' に交差があるそうよ。
INFO:仕上げ処理後のグリフ 'uni2460' に交差があるそうよ。
INFO:仕上げ処理後のグリフ 'uni2465' に交差があるそうよ。
INFO:仕上げ処理後のグリフ 'uni3327' に交差があるそうよ。
INFO:仕上げ処理後のグリフ 'uni332B' に交差があるそうよ。
INFO:仕上げ処理後のグリフ 'uni334A' に交差があるそうよ。
